# JRE version: Java(TM) SE Runtime Environment (8.0_20-b17) (build 1.8.0_20-ea-b17)
# Java VM: Java HotSpot(TM) 64-Bit Server VM (25.20-b17 mixed mode linux-amd64 compressed oops)
Heap:
 PSYoungGen      total 391168K, used 266521K [0x000000076ce00000, 0x0000000786a80000, 0x00000007c0000000)
  eden space 375808K, 70% used [0x000000076ce00000,0x000000077d246658,0x0000000783d00000)
  from space 15360K, 0% used [0x0000000785b80000,0x0000000785b80000,0x0000000786a80000)
  to   space 19456K, 0% used [0x0000000784480000,0x0000000784480000,0x0000000785780000)
 ParOldGen       total 252928K, used 41122K [0x00000006c6a00000, 0x00000006d6100000, 0x000000076ce00000)
  object space 252928K, 16% used [0x00000006c6a00000,0x00000006c9228868,0x00000006d6100000)
 Metaspace       used 58791K, capacity 60037K, committed 60288K, reserved 1101824K
  class space    used 8249K, capacity 8544K, committed 8576K, reserved 1048576K
GC Heap History (10 events):
Event: 4.815 GC heap before
{Heap before GC invocations=7 (full 1):
 PSYoungGen      total 267776K, used 95627K [0x000000076ce00000, 0x0000000780280000, 0x00000007c0000000)
  eden space 257536K, 34% used [0x000000076ce00000,0x0000000772537398,0x000000077c980000)
  from space 10240K, 61% used [0x000000077c980000,0x000000077cfaba80,0x000000077d380000)
  to   space 14848K, 0% used [0x000000077f400000,0x000000077f400000,0x0000000780280000)
 ParOldGen       total 109568K, used 12911K [0x00000006c6a00000, 0x00000006cd500000, 0x000000076ce00000)
  object space 109568K, 11% used [0x00000006c6a00000,0x00000006c769bd08,0x00000006cd500000)
 Metaspace       used 34758K, capacity 35096K, committed 35320K, reserved 1079296K
  class space    used 4541K, capacity 4669K, committed 4736K, reserved 1048576K
Event: 4.829 GC heap after
Heap after GC invocations=7 (full 1):
 PSYoungGen      total 300544K, used 12939K [0x000000076ce00000, 0x0000000786200000, 0x00000007c0000000)
  eden space 285696K, 0% used [0x000000076ce00000,0x000000076ce00000,0x000000077e500000)
  from space 14848K, 87% used [0x000000077f400000,0x00000007800a2fc0,0x0000000780280000)
  to   space 15360K, 0% used [0x000000077e500000,0x000000077e500000,0x000000077f400000)
 ParOldGen       total 109568K, used 12919K [0x00000006c6a00000, 0x00000006cd500000, 0x000000076ce00000)
  object space 109568K, 11% used [0x00000006c6a00000,0x00000006c769dd08,0x00000006cd500000)
 Metaspace       used 34758K, capacity 35096K, committed 35320K, reserved 1079296K
  class space    used 4541K, capacity 4669K, committed 4736K, reserved 1048576K
}
Event: 4.829 GC heap before
{Heap before GC invocations=8 (full 2):
 PSYoungGen      total 300544K, used 12939K [0x000000076ce00000, 0x0000000786200000, 0x00000007c0000000)
  eden space 285696K, 0% used [0x000000076ce00000,0x000000076ce00000,0x000000077e500000)
  from space 14848K, 87% used [0x000000077f400000,0x00000007800a2fc0,0x0000000780280000)
  to   space 15360K, 0% used [0x000000077e500000,0x000000077e500000,0x000000077f400000)
 ParOldGen       total 109568K, used 12919K [0x00000006c6a00000, 0x00000006cd500000, 0x000000076ce00000)
  object space 109568K, 11% used [0x00000006c6a00000,0x00000006c769dd08,0x00000006cd500000)
 Metaspace       used 34758K, capacity 35096K, committed 35320K, reserved 1079296K
  class space    used 4541K, capacity 4669K, committed 4736K, reserved 1048576K
Event: 4.918 GC heap after
Heap after GC invocations=8 (full 2):
 PSYoungGen      total 300544K, used 0K [0x000000076ce00000, 0x0000000786200000, 0x00000007c0000000)
  eden space 285696K, 0% used [0x000000076ce00000,0x000000076ce00000,0x000000077e500000)
  from space 14848K, 0% used [0x000000077f400000,0x000000077f400000,0x0000000780280000)
  to   space 15360K, 0% used [0x000000077e500000,0x000000077e500000,0x000000077f400000)
 ParOldGen       total 175104K, used 23492K [0x00000006c6a00000, 0x00000006d1500000, 0x000000076ce00000)
  object space 175104K, 13% used [0x00000006c6a00000,0x00000006c80f1318,0x00000006d1500000)
 Metaspace       used 34758K, capacity 35096K, committed 35320K, reserved 1079296K
  class space    used 4541K, capacity 4669K, committed 4736K, reserved 1048576K
}
Event: 6.696 GC heap before
{Heap before GC invocations=9 (full 2):
 PSYoungGen      total 300544K, used 285696K [0x000000076ce00000, 0x0000000786200000, 0x00000007c0000000)
  eden space 285696K, 100% used [0x000000076ce00000,0x000000077e500000,0x000000077e500000)
  from space 14848K, 0% used [0x000000077f400000,0x000000077f400000,0x0000000780280000)
  to   space 15360K, 0% used [0x000000077e500000,0x000000077e500000,0x000000077f400000)
 ParOldGen       total 175104K, used 23492K [0x00000006c6a00000, 0x00000006d1500000, 0x000000076ce00000)
  object space 175104K, 13% used [0x00000006c6a00000,0x00000006c80f1318,0x00000006d1500000)
 Metaspace       used 44583K, capacity 45074K, committed 45440K, reserved 1087488K
  class space    used 6593K, capacity 6712K, committed 6784K, reserved 1048576K
Event: 6.707 GC heap after
Heap after GC invocations=9 (full 2):
 PSYoungGen      total 301056K, used 11057K [0x000000076ce00000, 0x0000000786a80000, 0x00000007c0000000)
  eden space 285696K, 0% used [0x000000076ce00000,0x000000076ce00000,0x000000077e500000)
  from space 15360K, 71% used [0x000000077e500000,0x000000077efcc7b8,0x000000077f400000)
  to   space 15360K, 0% used [0x0000000785b80000,0x0000000785b80000,0x0000000786a80000)
 ParOldGen       total 175104K, used 23500K [0x00000006c6a00000, 0x00000006d1500000, 0x000000076ce00000)
  object space 175104K, 13% used [0x00000006c6a00000,0x00000006c80f3318,0x00000006d1500000)
 Metaspace       used 44583K, capacity 45074K, committed 45440K, reserved 1087488K
  class space    used 6593K, capacity 6712K, committed 6784K, reserved 1048576K
}
Event: 22.905 GC heap before
{Heap before GC invocations=10 (full 2):
 PSYoungGen      total 301056K, used 277471K [0x000000076ce00000, 0x0000000786a80000, 0x00000007c0000000)
  eden space 285696K, 93% used [0x000000076ce00000,0x000000077d22b7c0,0x000000077e500000)
  from space 15360K, 71% used [0x000000077e500000,0x000000077efcc7b8,0x000000077f400000)
  to   space 15360K, 0% used [0x0000000785b80000,0x0000000785b80000,0x0000000786a80000)
 ParOldGen       total 175104K, used 23500K [0x00000006c6a00000, 0x00000006d1500000, 0x000000076ce00000)
  object space 175104K, 13% used [0x00000006c6a00000,0x00000006c80f3318,0x00000006d1500000)
 Metaspace       used 57223K, capacity 58375K, committed 58496K, reserved 1099776K
  class space    used 8173K, capacity 8448K, committed 8448K, reserved 1048576K
Event: 22.933 GC heap after
Heap after GC invocations=10 (full 2):
 PSYoungGen      total 391168K, used 15328K [0x000000076ce00000, 0x0000000786a80000, 0x00000007c0000000)
  eden space 375808K, 0% used [0x000000076ce00000,0x000000076ce00000,0x0000000783d00000)
  from space 15360K, 99% used [0x0000000785b80000,0x0000000786a78248,0x0000000786a80000)
  to   space 19456K, 0% used [0x0000000784480000,0x0000000784480000,0x0000000785780000)
 ParOldGen       total 175104K, used 30100K [0x00000006c6a00000, 0x00000006d1500000, 0x000000076ce00000)
  object space 175104K, 17% used [0x00000006c6a00000,0x00000006c8765240,0x00000006d1500000)
 Metaspace       used 57223K, capacity 58375K, committed 58496K, reserved 1099776K
  class space    used 8173K, capacity 8448K, committed 8448K, reserved 1048576K
}
Event: 22.933 GC heap before
{Heap before GC invocations=11 (full 3):
 PSYoungGen      total 391168K, used 15328K [0x000000076ce00000, 0x0000000786a80000, 0x00000007c0000000)
  eden space 375808K, 0% used [0x000000076ce00000,0x000000076ce00000,0x0000000783d00000)
  from space 15360K, 99% used [0x0000000785b80000,0x0000000786a78248,0x0000000786a80000)
  to   space 19456K, 0% used [0x0000000784480000,0x0000000784480000,0x0000000785780000)
 ParOldGen       total 175104K, used 30100K [0x00000006c6a00000, 0x00000006d1500000, 0x000000076ce00000)
  object space 175104K, 17% used [0x00000006c6a00000,0x00000006c8765240,0x00000006d1500000)
 Metaspace       used 57223K, capacity 58375K, committed 58496K, reserved 1099776K
  class space    used 8173K, capacity 8448K, committed 8448K, reserved 1048576K
Event: 23.162 GC heap after
Heap after GC invocations=11 (full 3):
 PSYoungGen      total 391168K, used 0K [0x000000076ce00000, 0x0000000786a80000, 0x00000007c0000000)
  eden space 375808K, 0% used [0x000000076ce00000,0x000000076ce00000,0x0000000783d00000)
  from space 15360K, 0% used [0x0000000785b80000,0x0000000785b80000,0x0000000786a80000)
  to   space 19456K, 0% used [0x0000000784480000,0x0000000784480000,0x0000000785780000)
 ParOldGen       total 252928K, used 41122K [0x00000006c6a00000, 0x00000006d6100000, 0x000000076ce00000)
  object space 252928K, 16% used [0x00000006c6a00000,0x00000006c9228868,0x00000006d6100000)
 Metaspace       used 57163K, capacity 58291K, committed 58496K, reserved 1099776K
  class space    used 8172K, capacity 8444K, committed 8448K, reserved 1048576K
}

