# JRE version: Java(TM) SE Runtime Environment (8.0_20-b17) (build 1.8.0_20-ea-b17)
# Java VM: Java HotSpot(TM) 64-Bit Server VM (25.20-b17 mixed mode linux-amd64 compressed oops)
Heap:
 PSYoungGen      total 331264K, used 111613K [0x000000076ce00000, 0x0000000782f00000, 0x00000007c0000000)
  eden space 315904K, 30% used [0x000000076ce00000,0x0000000772bffd90,0x0000000780280000)
  from space 15360K, 99% used [0x0000000782000000,0x0000000782eff950,0x0000000782f00000)
  to   space 18944K, 0% used [0x0000000780a00000,0x0000000780a00000,0x0000000781c80000)
 ParOldGen       total 190976K, used 28123K [0x00000006c6a00000, 0x00000006d2480000, 0x000000076ce00000)
  object space 190976K, 14% used [0x00000006c6a00000,0x00000006c8576da0,0x00000006d2480000)
 Metaspace       used 54085K, capacity 55282K, committed 55424K, reserved 1097728K
  class space    used 7515K, capacity 7794K, committed 7808K, reserved 1048576K
GC Heap History (10 events):
Event: 4.375 GC heap before
{Heap before GC invocations=6 (full 1):
 PSYoungGen      total 189440K, used 189286K [0x000000076ce00000, 0x000000077dd00000, 0x00000007c0000000)
  eden space 180224K, 100% used [0x000000076ce00000,0x0000000777e00000,0x0000000777e00000)
  from space 9216K, 98% used [0x000000077d400000,0x000000077dcd9898,0x000000077dd00000)
  to   space 10240K, 0% used [0x000000077c900000,0x000000077c900000,0x000000077d300000)
 ParOldGen       total 117248K, used 13421K [0x00000006c6a00000, 0x00000006cdc80000, 0x000000076ce00000)
  object space 117248K, 11% used [0x00000006c6a00000,0x00000006c771b678,0x00000006cdc80000)
 Metaspace       used 29226K, capacity 29656K, committed 29824K, reserved 1075200K
  class space    used 3246K, capacity 3389K, committed 3456K, reserved 1048576K
Event: 4.382 GC heap after
Heap after GC invocations=6 (full 1):
 PSYoungGen      total 255488K, used 5877K [0x000000076ce00000, 0x000000077df80000, 0x00000007c0000000)
  eden space 249344K, 0% used [0x000000076ce00000,0x000000076ce00000,0x000000077c180000)
  from space 6144K, 95% used [0x000000077c900000,0x000000077cebd5f0,0x000000077cf00000)
  to   space 15360K, 0% used [0x000000077d080000,0x000000077d080000,0x000000077df80000)
 ParOldGen       total 117248K, used 13429K [0x00000006c6a00000, 0x00000006cdc80000, 0x000000076ce00000)
  object space 117248K, 11% used [0x00000006c6a00000,0x00000006c771d678,0x00000006cdc80000)
 Metaspace       used 29226K, capacity 29656K, committed 29824K, reserved 1075200K
  class space    used 3246K, capacity 3389K, committed 3456K, reserved 1048576K
}
Event: 4.973 GC heap before
{Heap before GC invocations=7 (full 1):
 PSYoungGen      total 255488K, used 103768K [0x000000076ce00000, 0x000000077df80000, 0x00000007c0000000)
  eden space 249344K, 39% used [0x000000076ce00000,0x0000000772d98a38,0x000000077c180000)
  from space 6144K, 95% used [0x000000077c900000,0x000000077cebd5f0,0x000000077cf00000)
  to   space 15360K, 0% used [0x000000077d080000,0x000000077d080000,0x000000077df80000)
 ParOldGen       total 117248K, used 13429K [0x00000006c6a00000, 0x00000006cdc80000, 0x000000076ce00000)
  object space 117248K, 11% used [0x00000006c6a00000,0x00000006c771d678,0x00000006cdc80000)
 Metaspace       used 34694K, capacity 35114K, committed 35320K, reserved 1079296K
  class space    used 4555K, capacity 4673K, committed 4736K, reserved 1048576K
Event: 4.981 GC heap after
Heap after GC invocations=7 (full 1):
 PSYoungGen      total 263680K, used 13050K [0x000000076ce00000, 0x0000000783e00000, 0x00000007c0000000)
  eden space 248320K, 0% used [0x000000076ce00000,0x000000076ce00000,0x000000077c080000)
  from space 15360K, 84% used [0x000000077d080000,0x000000077dd3eb20,0x000000077df80000)
  to   space 16384K, 0% used [0x000000077c080000,0x000000077c080000,0x000000077d080000)
 ParOldGen       total 117248K, used 13437K [0x00000006c6a00000, 0x00000006cdc80000, 0x000000076ce00000)
  object space 117248K, 11% used [0x00000006c6a00000,0x00000006c771f678,0x00000006cdc80000)
 Metaspace       used 34694K, capacity 35114K, committed 35320K, reserved 1079296K
  class space    used 4555K, capacity 4673K, committed 4736K, reserved 1048576K
}
Event: 4.981 GC heap before
{Heap before GC invocations=8 (full 2):
 PSYoungGen      total 263680K, used 13050K [0x000000076ce00000, 0x0000000783e00000, 0x00000007c0000000)
  eden space 248320K, 0% used [0x000000076ce00000,0x000000076ce00000,0x000000077c080000)
  from space 15360K, 84% used [0x000000077d080000,0x000000077dd3eb20,0x000000077df80000)
  to   space 16384K, 0% used [0x000000077c080000,0x000000077c080000,0x000000077d080000)
 ParOldGen       total 117248K, used 13437K [0x00000006c6a00000, 0x00000006cdc80000, 0x000000076ce00000)
  object space 117248K, 11% used [0x00000006c6a00000,0x00000006c771f678,0x00000006cdc80000)
 Metaspace       used 34694K, capacity 35114K, committed 35320K, reserved 1079296K
  class space    used 4555K, capacity 4673K, committed 4736K, reserved 1048576K
Event: 5.053 GC heap after
Heap after GC invocations=8 (full 2):
 PSYoungGen      total 263680K, used 0K [0x000000076ce00000, 0x0000000783e00000, 0x00000007c0000000)
  eden space 248320K, 0% used [0x000000076ce00000,0x000000076ce00000,0x000000077c080000)
  from space 15360K, 0% used [0x000000077d080000,0x000000077d080000,0x000000077df80000)
  to   space 16384K, 0% used [0x000000077c080000,0x000000077c080000,0x000000077d080000)
 ParOldGen       total 190976K, used 23628K [0x00000006c6a00000, 0x00000006d2480000, 0x000000076ce00000)
  object space 190976K, 12% used [0x00000006c6a00000,0x00000006c8113018,0x00000006d2480000)
 Metaspace       used 34694K, capacity 35114K, committed 35320K, reserved 1079296K
  class space    used 4555K, capacity 4673K, committed 4736K, reserved 1048576K
}
Event: 6.685 GC heap before
{Heap before GC invocations=9 (full 2):
 PSYoungGen      total 263680K, used 248320K [0x000000076ce00000, 0x0000000783e00000, 0x00000007c0000000)
  eden space 248320K, 100% used [0x000000076ce00000,0x000000077c080000,0x000000077c080000)
  from space 15360K, 0% used [0x000000077d080000,0x000000077d080000,0x000000077df80000)
  to   space 16384K, 0% used [0x000000077c080000,0x000000077c080000,0x000000077d080000)
 ParOldGen       total 190976K, used 23628K [0x00000006c6a00000, 0x00000006d2480000, 0x000000076ce00000)
  object space 190976K, 12% used [0x00000006c6a00000,0x00000006c8113018,0x00000006d2480000)
 Metaspace       used 40985K, capacity 41486K, committed 41728K, reserved 1085440K
  class space    used 5911K, capacity 6034K, committed 6144K, reserved 1048576K
Event: 6.695 GC heap after
Heap after GC invocations=9 (full 2):
 PSYoungGen      total 264704K, used 9838K [0x000000076ce00000, 0x0000000782f00000, 0x00000007c0000000)
  eden space 248320K, 0% used [0x000000076ce00000,0x000000076ce00000,0x000000077c080000)
  from space 16384K, 60% used [0x000000077c080000,0x000000077ca1ba20,0x000000077d080000)
  to   space 15360K, 0% used [0x0000000782000000,0x0000000782000000,0x0000000782f00000)
 ParOldGen       total 190976K, used 23636K [0x00000006c6a00000, 0x00000006d2480000, 0x000000076ce00000)
  object space 190976K, 12% used [0x00000006c6a00000,0x00000006c8115018,0x00000006d2480000)
 Metaspace       used 40985K, capacity 41486K, committed 41728K, reserved 1085440K
  class space    used 5911K, capacity 6034K, committed 6144K, reserved 1048576K
}
Event: 96.841 GC heap before
{Heap before GC invocations=10 (full 2):
 PSYoungGen      total 264704K, used 258158K [0x000000076ce00000, 0x0000000782f00000, 0x00000007c0000000)
  eden space 248320K, 100% used [0x000000076ce00000,0x000000077c080000,0x000000077c080000)
  from space 16384K, 60% used [0x000000077c080000,0x000000077ca1ba20,0x000000077d080000)
  to   space 15360K, 0% used [0x0000000782000000,0x0000000782000000,0x0000000782f00000)
 ParOldGen       total 190976K, used 23636K [0x00000006c6a00000, 0x00000006d2480000, 0x000000076ce00000)
  object space 190976K, 12% used [0x00000006c6a00000,0x00000006c8115018,0x00000006d2480000)
 Metaspace       used 53351K, capacity 54440K, committed 54528K, reserved 1095680K
  class space    used 7438K, capacity 7659K, committed 7680K, reserved 1048576K
Event: 96.860 GC heap after
Heap after GC invocations=10 (full 2):
 PSYoungGen      total 331264K, used 15358K [0x000000076ce00000, 0x0000000782f00000, 0x00000007c0000000)
  eden space 315904K, 0% used [0x000000076ce00000,0x000000076ce00000,0x0000000780280000)
  from space 15360K, 99% used [0x0000000782000000,0x0000000782eff950,0x0000000782f00000)
  to   space 18944K, 0% used [0x0000000780a00000,0x0000000780a00000,0x0000000781c80000)
 ParOldGen       total 190976K, used 28123K [0x00000006c6a00000, 0x00000006d2480000, 0x000000076ce00000)
  object space 190976K, 14% used [0x00000006c6a00000,0x00000006c8576da0,0x00000006d2480000)
 Metaspace       used 53351K, capacity 54440K, committed 54528K, reserved 1095680K
  class space    used 7438K, capacity 7659K, committed 7680K, reserved 1048576K
}

