# JRE version: Java(TM) SE Runtime Environment (8.0_20-b17) (build 1.8.0_20-ea-b17)
# Java VM: Java HotSpot(TM) 64-Bit Server VM (25.20-b17 mixed mode linux-amd64 compressed oops)
Heap:
 PSYoungGen      total 224256K, used 106755K [0x000000076ce00000, 0x000000077d980000, 0x00000007c0000000)
  eden space 208384K, 45% used [0x000000076ce00000,0x0000000772afd070,0x0000000779980000)
  from space 15872K, 72% used [0x0000000779980000,0x000000077a4c3ba0,0x000000077a900000)
  to   space 16384K, 0% used [0x000000077c980000,0x000000077c980000,0x000000077d980000)
 ParOldGen       total 175616K, used 23671K [0x00000006c6a00000, 0x00000006d1580000, 0x000000076ce00000)
  object space 175616K, 13% used [0x00000006c6a00000,0x00000006c811dd40,0x00000006d1580000)
 Metaspace       used 53314K, capacity 53956K, committed 54400K, reserved 1095680K
  class space    used 7638K, capacity 7792K, committed 7808K, reserved 1048576K
GC Heap History (10 events):
Event: 4.783 GC heap before
{Heap before GC invocations=7 (full 1):
 PSYoungGen      total 137216K, used 133416K [0x000000076ce00000, 0x0000000777880000, 0x00000007c0000000)
  eden space 126976K, 100% used [0x000000076ce00000,0x0000000774a00000,0x0000000774a00000)
  from space 10240K, 62% used [0x0000000774a00000,0x000000077504a370,0x0000000775400000)
  to   space 14848K, 0% used [0x0000000776a00000,0x0000000776a00000,0x0000000777880000)
 ParOldGen       total 110080K, used 12804K [0x00000006c6a00000, 0x00000006cd580000, 0x000000076ce00000)
  object space 110080K, 11% used [0x00000006c6a00000,0x00000006c7681350,0x00000006cd580000)
 Metaspace       used 28926K, capacity 29336K, committed 29568K, reserved 1075200K
  class space    used 3242K, capacity 3389K, committed 3456K, reserved 1048576K
Event: 4.788 GC heap after
Heap after GC invocations=7 (full 1):
 PSYoungGen      total 159744K, used 5710K [0x000000076ce00000, 0x000000077a380000, 0x00000007c0000000)
  eden space 144896K, 0% used [0x000000076ce00000,0x000000076ce00000,0x0000000775b80000)
  from space 14848K, 38% used [0x0000000776a00000,0x0000000776f93a90,0x0000000777880000)
  to   space 14848K, 0% used [0x0000000775b80000,0x0000000775b80000,0x0000000776a00000)
 ParOldGen       total 110080K, used 12812K [0x00000006c6a00000, 0x00000006cd580000, 0x000000076ce00000)
  object space 110080K, 11% used [0x00000006c6a00000,0x00000006c7683350,0x00000006cd580000)
 Metaspace       used 28926K, capacity 29336K, committed 29568K, reserved 1075200K
  class space    used 3242K, capacity 3389K, committed 3456K, reserved 1048576K
}
Event: 5.585 GC heap before
{Heap before GC invocations=8 (full 1):
 PSYoungGen      total 159744K, used 124434K [0x000000076ce00000, 0x000000077a380000, 0x00000007c0000000)
  eden space 144896K, 81% used [0x000000076ce00000,0x00000007741f0fd0,0x0000000775b80000)
  from space 14848K, 38% used [0x0000000776a00000,0x0000000776f93a90,0x0000000777880000)
  to   space 14848K, 0% used [0x0000000775b80000,0x0000000775b80000,0x0000000776a00000)
 ParOldGen       total 110080K, used 12812K [0x00000006c6a00000, 0x00000006cd580000, 0x000000076ce00000)
  object space 110080K, 11% used [0x00000006c6a00000,0x00000006c7683350,0x00000006cd580000)
 Metaspace       used 34620K, capacity 35082K, committed 35264K, reserved 1079296K
  class space    used 4591K, capacity 4705K, committed 4736K, reserved 1048576K
Event: 5.600 GC heap after
Heap after GC invocations=8 (full 1):
 PSYoungGen      total 159744K, used 13158K [0x000000076ce00000, 0x000000077c200000, 0x00000007c0000000)
  eden space 144896K, 0% used [0x000000076ce00000,0x000000076ce00000,0x0000000775b80000)
  from space 14848K, 88% used [0x0000000775b80000,0x0000000776859840,0x0000000776a00000)
  to   space 16384K, 0% used [0x000000077b200000,0x000000077b200000,0x000000077c200000)
 ParOldGen       total 110080K, used 12820K [0x00000006c6a00000, 0x00000006cd580000, 0x000000076ce00000)
  object space 110080K, 11% used [0x00000006c6a00000,0x00000006c7685350,0x00000006cd580000)
 Metaspace       used 34620K, capacity 35082K, committed 35264K, reserved 1079296K
  class space    used 4591K, capacity 4705K, committed 4736K, reserved 1048576K
}
Event: 5.600 GC heap before
{Heap before GC invocations=9 (full 2):
 PSYoungGen      total 159744K, used 13158K [0x000000076ce00000, 0x000000077c200000, 0x00000007c0000000)
  eden space 144896K, 0% used [0x000000076ce00000,0x000000076ce00000,0x0000000775b80000)
  from space 14848K, 88% used [0x0000000775b80000,0x0000000776859840,0x0000000776a00000)
  to   space 16384K, 0% used [0x000000077b200000,0x000000077b200000,0x000000077c200000)
 ParOldGen       total 110080K, used 12820K [0x00000006c6a00000, 0x00000006cd580000, 0x000000076ce00000)
  object space 110080K, 11% used [0x00000006c6a00000,0x00000006c7685350,0x00000006cd580000)
 Metaspace       used 34620K, capacity 35082K, committed 35264K, reserved 1079296K
  class space    used 4591K, capacity 4705K, committed 4736K, reserved 1048576K
Event: 5.679 GC heap after
Heap after GC invocations=9 (full 2):
 PSYoungGen      total 159744K, used 0K [0x000000076ce00000, 0x000000077c200000, 0x00000007c0000000)
  eden space 144896K, 0% used [0x000000076ce00000,0x000000076ce00000,0x0000000775b80000)
  from space 14848K, 0% used [0x0000000775b80000,0x0000000775b80000,0x0000000776a00000)
  to   space 16384K, 0% used [0x000000077b200000,0x000000077b200000,0x000000077c200000)
 ParOldGen       total 175616K, used 23655K [0x00000006c6a00000, 0x00000006d1580000, 0x000000076ce00000)
  object space 175616K, 13% used [0x00000006c6a00000,0x00000006c8119d40,0x00000006d1580000)
 Metaspace       used 34620K, capacity 35082K, committed 35264K, reserved 1079296K
  class space    used 4591K, capacity 4705K, committed 4736K, reserved 1048576K
}
Event: 6.762 GC heap before
{Heap before GC invocations=10 (full 2):
 PSYoungGen      total 159744K, used 144896K [0x000000076ce00000, 0x000000077c200000, 0x00000007c0000000)
  eden space 144896K, 100% used [0x000000076ce00000,0x0000000775b80000,0x0000000775b80000)
  from space 14848K, 0% used [0x0000000775b80000,0x0000000775b80000,0x0000000776a00000)
  to   space 16384K, 0% used [0x000000077b200000,0x000000077b200000,0x000000077c200000)
 ParOldGen       total 175616K, used 23655K [0x00000006c6a00000, 0x00000006d1580000, 0x000000076ce00000)
  object space 175616K, 13% used [0x00000006c6a00000,0x00000006c8119d40,0x00000006d1580000)
 Metaspace       used 39574K, capacity 40110K, committed 40448K, reserved 1083392K
  class space    used 5739K, capacity 5874K, committed 5888K, reserved 1048576K
Event: 6.769 GC heap after
Heap after GC invocations=10 (full 2):
 PSYoungGen      total 206336K, used 6314K [0x000000076ce00000, 0x000000077b880000, 0x00000007c0000000)
  eden space 199680K, 0% used [0x000000076ce00000,0x000000076ce00000,0x0000000779100000)
  from space 6656K, 94% used [0x000000077b200000,0x000000077b82aa40,0x000000077b880000)
  to   space 15872K, 0% used [0x0000000779980000,0x0000000779980000,0x000000077a900000)
 ParOldGen       total 175616K, used 23663K [0x00000006c6a00000, 0x00000006d1580000, 0x000000076ce00000)
  object space 175616K, 13% used [0x00000006c6a00000,0x00000006c811bd40,0x00000006d1580000)
 Metaspace       used 39574K, capacity 40110K, committed 40448K, reserved 1083392K
  class space    used 5739K, capacity 5874K, committed 5888K, reserved 1048576K
}
Event: 8.413 GC heap before
{Heap before GC invocations=11 (full 2):
 PSYoungGen      total 206336K, used 205994K [0x000000076ce00000, 0x000000077b880000, 0x00000007c0000000)
  eden space 199680K, 100% used [0x000000076ce00000,0x0000000779100000,0x0000000779100000)
  from space 6656K, 94% used [0x000000077b200000,0x000000077b82aa40,0x000000077b880000)
  to   space 15872K, 0% used [0x0000000779980000,0x0000000779980000,0x000000077a900000)
 ParOldGen       total 175616K, used 23663K [0x00000006c6a00000, 0x00000006d1580000, 0x000000076ce00000)
  object space 175616K, 13% used [0x00000006c6a00000,0x00000006c811bd40,0x00000006d1580000)
 Metaspace       used 45763K, capacity 46322K, committed 46592K, reserved 1089536K
  class space    used 6740K, capacity 6872K, committed 6912K, reserved 1048576K
Event: 8.423 GC heap after
Heap after GC invocations=11 (full 2):
 PSYoungGen      total 224256K, used 11534K [0x000000076ce00000, 0x000000077d980000, 0x00000007c0000000)
  eden space 208384K, 0% used [0x000000076ce00000,0x000000076ce00000,0x0000000779980000)
  from space 15872K, 72% used [0x0000000779980000,0x000000077a4c3ba0,0x000000077a900000)
  to   space 16384K, 0% used [0x000000077c980000,0x000000077c980000,0x000000077d980000)
 ParOldGen       total 175616K, used 23671K [0x00000006c6a00000, 0x00000006d1580000, 0x000000076ce00000)
  object space 175616K, 13% used [0x00000006c6a00000,0x00000006c811dd40,0x00000006d1580000)
 Metaspace       used 45763K, capacity 46322K, committed 46592K, reserved 1089536K
  class space    used 6740K, capacity 6872K, committed 6912K, reserved 1048576K
}

