# JRE version: Java(TM) SE Runtime Environment (8.0_20-b17) (build 1.8.0_20-ea-b17)
# Java VM: Java HotSpot(TM) 64-Bit Server VM (25.20-b17 mixed mode linux-amd64 compressed oops)
Heap:
 PSYoungGen      total 479232K, used 60625K [0x000000076ce00000, 0x000000078c800000, 0x00000007c0000000)
  eden space 462848K, 13% used [0x000000076ce00000,0x00000007709347c8,0x0000000789200000)
  from space 16384K, 0% used [0x000000078b800000,0x000000078b800000,0x000000078c800000)
  to   space 20480K, 0% used [0x000000078a000000,0x000000078a000000,0x000000078b400000)
 ParOldGen       total 214016K, used 40098K [0x00000006c6a00000, 0x00000006d3b00000, 0x000000076ce00000)
  object space 214016K, 18% used [0x00000006c6a00000,0x00000006c9128be0,0x00000006d3b00000)
 Metaspace       used 57425K, capacity 58554K, committed 58908K, reserved 1099776K
  class space    used 8193K, capacity 8472K, committed 8576K, reserved 1048576K
GC Heap History (10 events):
Event: 4.756 GC heap before
{Heap before GC invocations=7 (full 1):
 PSYoungGen      total 267264K, used 79491K [0x000000076ce00000, 0x0000000783180000, 0x00000007c0000000)
  eden space 257024K, 28% used [0x000000076ce00000,0x000000077152f180,0x000000077c900000)
  from space 10240K, 64% used [0x000000077c900000,0x000000077cf71a98,0x000000077d300000)
  to   space 14336K, 0% used [0x0000000782380000,0x0000000782380000,0x0000000783180000)
 ParOldGen       total 101376K, used 12760K [0x00000006c6a00000, 0x00000006ccd00000, 0x000000076ce00000)
  object space 101376K, 12% used [0x00000006c6a00000,0x00000006c7676228,0x00000006ccd00000)
 Metaspace       used 34687K, capacity 35114K, committed 35320K, reserved 1079296K
  class space    used 4560K, capacity 4673K, committed 4736K, reserved 1048576K
Event: 4.768 GC heap after
Heap after GC invocations=7 (full 1):
 PSYoungGen      total 348672K, used 12840K [0x000000076ce00000, 0x0000000787a80000, 0x00000007c0000000)
  eden space 334336K, 0% used [0x000000076ce00000,0x000000076ce00000,0x0000000781480000)
  from space 14336K, 89% used [0x0000000782380000,0x000000078300a2c0,0x0000000783180000)
  to   space 15360K, 0% used [0x0000000781480000,0x0000000781480000,0x0000000782380000)
 ParOldGen       total 101376K, used 12768K [0x00000006c6a00000, 0x00000006ccd00000, 0x000000076ce00000)
  object space 101376K, 12% used [0x00000006c6a00000,0x00000006c7678228,0x00000006ccd00000)
 Metaspace       used 34687K, capacity 35114K, committed 35320K, reserved 1079296K
  class space    used 4560K, capacity 4673K, committed 4736K, reserved 1048576K
}
Event: 4.768 GC heap before
{Heap before GC invocations=8 (full 2):
 PSYoungGen      total 348672K, used 12840K [0x000000076ce00000, 0x0000000787a80000, 0x00000007c0000000)
  eden space 334336K, 0% used [0x000000076ce00000,0x000000076ce00000,0x0000000781480000)
  from space 14336K, 89% used [0x0000000782380000,0x000000078300a2c0,0x0000000783180000)
  to   space 15360K, 0% used [0x0000000781480000,0x0000000781480000,0x0000000782380000)
 ParOldGen       total 101376K, used 12768K [0x00000006c6a00000, 0x00000006ccd00000, 0x000000076ce00000)
  object space 101376K, 12% used [0x00000006c6a00000,0x00000006c7678228,0x00000006ccd00000)
 Metaspace       used 34687K, capacity 35114K, committed 35320K, reserved 1079296K
  class space    used 4560K, capacity 4673K, committed 4736K, reserved 1048576K
Event: 4.839 GC heap after
Heap after GC invocations=8 (full 2):
 PSYoungGen      total 348672K, used 0K [0x000000076ce00000, 0x0000000787a80000, 0x00000007c0000000)
  eden space 334336K, 0% used [0x000000076ce00000,0x000000076ce00000,0x0000000781480000)
  from space 14336K, 0% used [0x0000000782380000,0x0000000782380000,0x0000000783180000)
  to   space 15360K, 0% used [0x0000000781480000,0x0000000781480000,0x0000000782380000)
 ParOldGen       total 154112K, used 23360K [0x00000006c6a00000, 0x00000006d0080000, 0x000000076ce00000)
  object space 154112K, 15% used [0x00000006c6a00000,0x00000006c80d0288,0x00000006d0080000)
 Metaspace       used 34687K, capacity 35114K, committed 35320K, reserved 1079296K
  class space    used 4560K, capacity 4673K, committed 4736K, reserved 1048576K
}
Event: 7.048 GC heap before
{Heap before GC invocations=9 (full 2):
 PSYoungGen      total 348672K, used 334336K [0x000000076ce00000, 0x0000000787a80000, 0x00000007c0000000)
  eden space 334336K, 100% used [0x000000076ce00000,0x0000000781480000,0x0000000781480000)
  from space 14336K, 0% used [0x0000000782380000,0x0000000782380000,0x0000000783180000)
  to   space 15360K, 0% used [0x0000000781480000,0x0000000781480000,0x0000000782380000)
 ParOldGen       total 154112K, used 23360K [0x00000006c6a00000, 0x00000006d0080000, 0x000000076ce00000)
  object space 154112K, 15% used [0x00000006c6a00000,0x00000006c80d0288,0x00000006d0080000)
 Metaspace       used 45587K, capacity 46162K, committed 46592K, reserved 1089536K
  class space    used 6716K, capacity 6840K, committed 6912K, reserved 1048576K
Event: 7.059 GC heap after
Heap after GC invocations=9 (full 2):
 PSYoungGen      total 349696K, used 14197K [0x000000076ce00000, 0x000000078c800000, 0x00000007c0000000)
  eden space 334336K, 0% used [0x000000076ce00000,0x000000076ce00000,0x0000000781480000)
  from space 15360K, 92% used [0x0000000781480000,0x000000078225d658,0x0000000782380000)
  to   space 16384K, 0% used [0x000000078b800000,0x000000078b800000,0x000000078c800000)
 ParOldGen       total 154112K, used 23368K [0x00000006c6a00000, 0x00000006d0080000, 0x000000076ce00000)
  object space 154112K, 15% used [0x00000006c6a00000,0x00000006c80d2288,0x00000006d0080000)
 Metaspace       used 45587K, capacity 46162K, committed 46592K, reserved 1089536K
  class space    used 6716K, capacity 6840K, committed 6912K, reserved 1048576K
}
Event: 71.644 GC heap before
{Heap before GC invocations=10 (full 2):
 PSYoungGen      total 349696K, used 283207K [0x000000076ce00000, 0x000000078c800000, 0x00000007c0000000)
  eden space 334336K, 80% used [0x000000076ce00000,0x000000077d4b47d8,0x0000000781480000)
  from space 15360K, 92% used [0x0000000781480000,0x000000078225d658,0x0000000782380000)
  to   space 16384K, 0% used [0x000000078b800000,0x000000078b800000,0x000000078c800000)
 ParOldGen       total 154112K, used 23368K [0x00000006c6a00000, 0x00000006d0080000, 0x000000076ce00000)
  object space 154112K, 15% used [0x00000006c6a00000,0x00000006c80d2288,0x00000006d0080000)
 Metaspace       used 57298K, capacity 58454K, committed 58524K, reserved 1099776K
  class space    used 8170K, capacity 8440K, committed 8448K, reserved 1048576K
Event: 71.667 GC heap after
Heap after GC invocations=10 (full 2):
 PSYoungGen      total 479232K, used 16377K [0x000000076ce00000, 0x000000078c800000, 0x00000007c0000000)
  eden space 462848K, 0% used [0x000000076ce00000,0x000000076ce00000,0x0000000789200000)
  from space 16384K, 99% used [0x000000078b800000,0x000000078c7fe690,0x000000078c800000)
  to   space 20480K, 0% used [0x000000078a000000,0x000000078a000000,0x000000078b400000)
 ParOldGen       total 154112K, used 27917K [0x00000006c6a00000, 0x00000006d0080000, 0x000000076ce00000)
  object space 154112K, 18% used [0x00000006c6a00000,0x00000006c8543578,0x00000006d0080000)
 Metaspace       used 57298K, capacity 58454K, committed 58524K, reserved 1099776K
  class space    used 8170K, capacity 8440K, committed 8448K, reserved 1048576K
}
Event: 71.667 GC heap before
{Heap before GC invocations=11 (full 3):
 PSYoungGen      total 479232K, used 16377K [0x000000076ce00000, 0x000000078c800000, 0x00000007c0000000)
  eden space 462848K, 0% used [0x000000076ce00000,0x000000076ce00000,0x0000000789200000)
  from space 16384K, 99% used [0x000000078b800000,0x000000078c7fe690,0x000000078c800000)
  to   space 20480K, 0% used [0x000000078a000000,0x000000078a000000,0x000000078b400000)
 ParOldGen       total 154112K, used 27917K [0x00000006c6a00000, 0x00000006d0080000, 0x000000076ce00000)
  object space 154112K, 18% used [0x00000006c6a00000,0x00000006c8543578,0x00000006d0080000)
 Metaspace       used 57298K, capacity 58454K, committed 58524K, reserved 1099776K
  class space    used 8170K, capacity 8440K, committed 8448K, reserved 1048576K
Event: 71.850 GC heap after
Heap after GC invocations=11 (full 3):
 PSYoungGen      total 479232K, used 0K [0x000000076ce00000, 0x000000078c800000, 0x00000007c0000000)
  eden space 462848K, 0% used [0x000000076ce00000,0x000000076ce00000,0x0000000789200000)
  from space 16384K, 0% used [0x000000078b800000,0x000000078b800000,0x000000078c800000)
  to   space 20480K, 0% used [0x000000078a000000,0x000000078a000000,0x000000078b400000)
 ParOldGen       total 214016K, used 40098K [0x00000006c6a00000, 0x00000006d3b00000, 0x000000076ce00000)
  object space 214016K, 18% used [0x00000006c6a00000,0x00000006c9128be0,0x00000006d3b00000)
 Metaspace       used 57238K, capacity 58370K, committed 58524K, reserved 1099776K
  class space    used 8169K, capacity 8436K, committed 8448K, reserved 1048576K
}

