# JRE version: Java(TM) SE Runtime Environment (8.0_20-b17) (build 1.8.0_20-ea-b17)
# Java VM: Java HotSpot(TM) 64-Bit Server VM (25.20-b17 mixed mode linux-amd64 compressed oops)
Heap:
 PSYoungGen      total 286720K, used 29724K [0x000000076ce00000, 0x0000000782e80000, 0x00000007c0000000)
  eden space 265728K, 10% used [0x000000076ce00000,0x000000076e8e7158,0x000000077d180000)
  from space 20992K, 10% used [0x000000077d180000,0x000000077d3a0050,0x000000077e600000)
  to   space 21504K, 0% used [0x0000000781980000,0x0000000781980000,0x0000000782e80000)
 ParOldGen       total 231936K, used 37164K [0x00000006c6a00000, 0x00000006d4c80000, 0x000000076ce00000)
  object space 231936K, 16% used [0x00000006c6a00000,0x00000006c8e4b290,0x00000006d4c80000)
 Metaspace       used 58241K, capacity 59594K, committed 59796K, reserved 1099776K
  class space    used 8290K, capacity 8592K, committed 8704K, reserved 1048576K
GC Heap History (10 events):
Event: 5.893 GC heap before
{Heap before GC invocations=10 (full 2):
 PSYoungGen      total 166912K, used 152064K [0x000000076ce00000, 0x000000077d080000, 0x00000007c0000000)
  eden space 152064K, 100% used [0x000000076ce00000,0x0000000776280000,0x0000000776280000)
  from space 14848K, 0% used [0x0000000776280000,0x0000000776280000,0x0000000777100000)
  to   space 16384K, 0% used [0x000000077c080000,0x000000077c080000,0x000000077d080000)
 ParOldGen       total 166912K, used 23623K [0x00000006c6a00000, 0x00000006d0d00000, 0x000000076ce00000)
  object space 166912K, 14% used [0x00000006c6a00000,0x00000006c8111ef8,0x00000006d0d00000)
 Metaspace       used 39413K, capacity 39976K, committed 40192K, reserved 1083392K
  class space    used 5688K, capacity 5809K, committed 5888K, reserved 1048576K
Event: 5.901 GC heap after
Heap after GC invocations=10 (full 2):
 PSYoungGen      total 224256K, used 5917K [0x000000076ce00000, 0x000000077c680000, 0x00000007c0000000)
  eden space 218112K, 0% used [0x000000076ce00000,0x000000076ce00000,0x000000077a300000)
  from space 6144K, 96% used [0x000000077c080000,0x000000077c647568,0x000000077c680000)
  to   space 16384K, 0% used [0x000000077a680000,0x000000077a680000,0x000000077b680000)
 ParOldGen       total 166912K, used 23631K [0x00000006c6a00000, 0x00000006d0d00000, 0x000000076ce00000)
  object space 166912K, 14% used [0x00000006c6a00000,0x00000006c8113ef8,0x00000006d0d00000)
 Metaspace       used 39413K, capacity 39976K, committed 40192K, reserved 1083392K
  class space    used 5688K, capacity 5809K, committed 5888K, reserved 1048576K
}
Event: 9.106 GC heap before
{Heap before GC invocations=11 (full 2):
 PSYoungGen      total 224256K, used 224029K [0x000000076ce00000, 0x000000077c680000, 0x00000007c0000000)
  eden space 218112K, 100% used [0x000000076ce00000,0x000000077a300000,0x000000077a300000)
  from space 6144K, 96% used [0x000000077c080000,0x000000077c647568,0x000000077c680000)
  to   space 16384K, 0% used [0x000000077a680000,0x000000077a680000,0x000000077b680000)
 ParOldGen       total 166912K, used 23631K [0x00000006c6a00000, 0x00000006d0d00000, 0x000000076ce00000)
  object space 166912K, 14% used [0x00000006c6a00000,0x00000006c8113ef8,0x00000006d0d00000)
 Metaspace       used 51882K, capacity 52492K, committed 52736K, reserved 1093632K
  class space    used 7428K, capacity 7591K, committed 7680K, reserved 1048576K
Event: 9.124 GC heap after
Heap after GC invocations=11 (full 2):
 PSYoungGen      total 238080K, used 16375K [0x000000076ce00000, 0x000000077fa00000, 0x00000007c0000000)
  eden space 221696K, 0% used [0x000000076ce00000,0x000000076ce00000,0x000000077a680000)
  from space 16384K, 99% used [0x000000077a680000,0x000000077b67dce8,0x000000077b680000)
  to   space 18944K, 0% used [0x000000077e780000,0x000000077e780000,0x000000077fa00000)
 ParOldGen       total 166912K, used 25015K [0x00000006c6a00000, 0x00000006d0d00000, 0x000000076ce00000)
  object space 166912K, 14% used [0x00000006c6a00000,0x00000006c826dc50,0x00000006d0d00000)
 Metaspace       used 51882K, capacity 52492K, committed 52736K, reserved 1093632K
  class space    used 7428K, capacity 7591K, committed 7680K, reserved 1048576K
}
Event: 41.148 GC heap before
{Heap before GC invocations=12 (full 2):
 PSYoungGen      total 238080K, used 224470K [0x000000076ce00000, 0x000000077fa00000, 0x00000007c0000000)
  eden space 221696K, 93% used [0x000000076ce00000,0x0000000779937f00,0x000000077a680000)
  from space 16384K, 99% used [0x000000077a680000,0x000000077b67dce8,0x000000077b680000)
  to   space 18944K, 0% used [0x000000077e780000,0x000000077e780000,0x000000077fa00000)
 ParOldGen       total 166912K, used 25015K [0x00000006c6a00000, 0x00000006d0d00000, 0x000000076ce00000)
  object space 166912K, 14% used [0x00000006c6a00000,0x00000006c826dc50,0x00000006d0d00000)
 Metaspace       used 57231K, capacity 58468K, committed 58516K, reserved 1099776K
  class space    used 8177K, capacity 8443K, committed 8448K, reserved 1048576K
Event: 41.169 GC heap after
Heap after GC invocations=12 (full 2):
 PSYoungGen      total 284672K, used 17881K [0x000000076ce00000, 0x000000077fa80000, 0x00000007c0000000)
  eden space 265728K, 0% used [0x000000076ce00000,0x000000076ce00000,0x000000077d180000)
  from space 18944K, 94% used [0x000000077e780000,0x000000077f8f67b8,0x000000077fa00000)
  to   space 20992K, 0% used [0x000000077d180000,0x000000077d180000,0x000000077e600000)
 ParOldGen       total 166912K, used 25023K [0x00000006c6a00000, 0x00000006d0d00000, 0x000000076ce00000)
  object space 166912K, 14% used [0x00000006c6a00000,0x00000006c826fc50,0x00000006d0d00000)
 Metaspace       used 57231K, capacity 58468K, committed 58516K, reserved 1099776K
  class space    used 8177K, capacity 8443K, committed 8448K, reserved 1048576K
}
Event: 41.169 GC heap before
{Heap before GC invocations=13 (full 3):
 PSYoungGen      total 284672K, used 17881K [0x000000076ce00000, 0x000000077fa80000, 0x00000007c0000000)
  eden space 265728K, 0% used [0x000000076ce00000,0x000000076ce00000,0x000000077d180000)
  from space 18944K, 94% used [0x000000077e780000,0x000000077f8f67b8,0x000000077fa00000)
  to   space 20992K, 0% used [0x000000077d180000,0x000000077d180000,0x000000077e600000)
 ParOldGen       total 166912K, used 25023K [0x00000006c6a00000, 0x00000006d0d00000, 0x000000076ce00000)
  object space 166912K, 14% used [0x00000006c6a00000,0x00000006c826fc50,0x00000006d0d00000)
 Metaspace       used 57231K, capacity 58468K, committed 58516K, reserved 1099776K
  class space    used 8177K, capacity 8443K, committed 8448K, reserved 1048576K
Event: 41.365 GC heap after
Heap after GC invocations=13 (full 3):
 PSYoungGen      total 284672K, used 0K [0x000000076ce00000, 0x000000077fa80000, 0x00000007c0000000)
  eden space 265728K, 0% used [0x000000076ce00000,0x000000076ce00000,0x000000077d180000)
  from space 18944K, 0% used [0x000000077e780000,0x000000077e780000,0x000000077fa00000)
  to   space 20992K, 0% used [0x000000077d180000,0x000000077d180000,0x000000077e600000)
 ParOldGen       total 231936K, used 37156K [0x00000006c6a00000, 0x00000006d4c80000, 0x000000076ce00000)
  object space 231936K, 16% used [0x00000006c6a00000,0x00000006c8e49290,0x00000006d4c80000)
 Metaspace       used 57171K, capacity 58384K, committed 58516K, reserved 1099776K
  class space    used 8176K, capacity 8439K, committed 8448K, reserved 1048576K
}
Event: 134.730 GC heap before
{Heap before GC invocations=14 (full 3):
 PSYoungGen      total 284672K, used 265728K [0x000000076ce00000, 0x000000077fa80000, 0x00000007c0000000)
  eden space 265728K, 100% used [0x000000076ce00000,0x000000077d180000,0x000000077d180000)
  from space 18944K, 0% used [0x000000077e780000,0x000000077e780000,0x000000077fa00000)
  to   space 20992K, 0% used [0x000000077d180000,0x000000077d180000,0x000000077e600000)
 ParOldGen       total 231936K, used 37156K [0x00000006c6a00000, 0x00000006d4c80000, 0x000000076ce00000)
  object space 231936K, 16% used [0x00000006c6a00000,0x00000006c8e49290,0x00000006d4c80000)
 Metaspace       used 58080K, capacity 59404K, committed 59668K, reserved 1099776K
  class space    used 8267K, capacity 8555K, committed 8576K, reserved 1048576K
Event: 134.736 GC heap after
Heap after GC invocations=14 (full 3):
 PSYoungGen      total 286720K, used 2176K [0x000000076ce00000, 0x0000000782e80000, 0x00000007c0000000)
  eden space 265728K, 0% used [0x000000076ce00000,0x000000076ce00000,0x000000077d180000)
  from space 20992K, 10% used [0x000000077d180000,0x000000077d3a0050,0x000000077e600000)
  to   space 21504K, 0% used [0x0000000781980000,0x0000000781980000,0x0000000782e80000)
 ParOldGen       total 231936K, used 37164K [0x00000006c6a00000, 0x00000006d4c80000, 0x000000076ce00000)
  object space 231936K, 16% used [0x00000006c6a00000,0x00000006c8e4b290,0x00000006d4c80000)
 Metaspace       used 58080K, capacity 59404K, committed 59668K, reserved 1099776K
  class space    used 8267K, capacity 8555K, committed 8576K, reserved 1048576K
}

