# JRE version: Java(TM) SE Runtime Environment (8.0_20-b17) (build 1.8.0_20-ea-b17)
# Java VM: Java HotSpot(TM) 64-Bit Server VM (25.20-b17 mixed mode linux-amd64 compressed oops)
Heap:
 PSYoungGen      total 401920K, used 346564K [0x000000076ce00000, 0x0000000787500000, 0x00000007c0000000)
  eden space 386560K, 89% used [0x000000076ce00000,0x00000007820711e8,0x0000000784780000)
  from space 15360K, 0% used [0x0000000786600000,0x0000000786600000,0x0000000787500000)
  to   space 20480K, 0% used [0x0000000784d00000,0x0000000784d00000,0x0000000786100000)
 ParOldGen       total 251904K, used 41792K [0x00000006c6a00000, 0x00000006d6000000, 0x000000076ce00000)
  object space 251904K, 16% used [0x00000006c6a00000,0x00000006c92d01a0,0x00000006d6000000)
 Metaspace       used 58847K, capacity 60000K, committed 60160K, reserved 1101824K
  class space    used 8351K, capacity 8633K, committed 8704K, reserved 1048576K
GC Heap History (10 events):
Event: 4.592 GC heap before
{Heap before GC invocations=7 (full 1):
 PSYoungGen      total 267264K, used 94948K [0x000000076ce00000, 0x0000000780780000, 0x00000007c0000000)
  eden space 257024K, 34% used [0x000000076ce00000,0x00000007724c1578,0x000000077c900000)
  from space 10240K, 59% used [0x000000077c900000,0x000000077cef7aa0,0x000000077d300000)
  to   space 15360K, 0% used [0x000000077f880000,0x000000077f880000,0x0000000780780000)
 ParOldGen       total 111104K, used 13492K [0x00000006c6a00000, 0x00000006cd680000, 0x000000076ce00000)
  object space 111104K, 12% used [0x00000006c6a00000,0x00000006c772d378,0x00000006cd680000)
 Metaspace       used 34773K, capacity 35146K, committed 35320K, reserved 1079296K
  class space    used 4592K, capacity 4705K, committed 4736K, reserved 1048576K
Event: 4.603 GC heap after
Heap after GC invocations=7 (full 1):
 PSYoungGen      total 304640K, used 13145K [0x000000076ce00000, 0x0000000786400000, 0x00000007c0000000)
  eden space 289280K, 0% used [0x000000076ce00000,0x000000076ce00000,0x000000077e880000)
  from space 15360K, 85% used [0x000000077f880000,0x0000000780556738,0x0000000780780000)
  to   space 16384K, 0% used [0x000000077e880000,0x000000077e880000,0x000000077f880000)
 ParOldGen       total 111104K, used 13500K [0x00000006c6a00000, 0x00000006cd680000, 0x000000076ce00000)
  object space 111104K, 12% used [0x00000006c6a00000,0x00000006c772f378,0x00000006cd680000)
 Metaspace       used 34773K, capacity 35146K, committed 35320K, reserved 1079296K
  class space    used 4592K, capacity 4705K, committed 4736K, reserved 1048576K
}
Event: 4.603 GC heap before
{Heap before GC invocations=8 (full 2):
 PSYoungGen      total 304640K, used 13145K [0x000000076ce00000, 0x0000000786400000, 0x00000007c0000000)
  eden space 289280K, 0% used [0x000000076ce00000,0x000000076ce00000,0x000000077e880000)
  from space 15360K, 85% used [0x000000077f880000,0x0000000780556738,0x0000000780780000)
  to   space 16384K, 0% used [0x000000077e880000,0x000000077e880000,0x000000077f880000)
 ParOldGen       total 111104K, used 13500K [0x00000006c6a00000, 0x00000006cd680000, 0x000000076ce00000)
  object space 111104K, 12% used [0x00000006c6a00000,0x00000006c772f378,0x00000006cd680000)
 Metaspace       used 34773K, capacity 35146K, committed 35320K, reserved 1079296K
  class space    used 4592K, capacity 4705K, committed 4736K, reserved 1048576K
Event: 4.666 GC heap after
Heap after GC invocations=8 (full 2):
 PSYoungGen      total 304640K, used 0K [0x000000076ce00000, 0x0000000786400000, 0x00000007c0000000)
  eden space 289280K, 0% used [0x000000076ce00000,0x000000076ce00000,0x000000077e880000)
  from space 15360K, 0% used [0x000000077f880000,0x000000077f880000,0x0000000780780000)
  to   space 16384K, 0% used [0x000000077e880000,0x000000077e880000,0x000000077f880000)
 ParOldGen       total 173568K, used 23654K [0x00000006c6a00000, 0x00000006d1380000, 0x000000076ce00000)
  object space 173568K, 13% used [0x00000006c6a00000,0x00000006c8119b80,0x00000006d1380000)
 Metaspace       used 34773K, capacity 35146K, committed 35320K, reserved 1079296K
  class space    used 4592K, capacity 4705K, committed 4736K, reserved 1048576K
}
Event: 6.367 GC heap before
{Heap before GC invocations=9 (full 2):
 PSYoungGen      total 304640K, used 289280K [0x000000076ce00000, 0x0000000786400000, 0x00000007c0000000)
  eden space 289280K, 100% used [0x000000076ce00000,0x000000077e880000,0x000000077e880000)
  from space 15360K, 0% used [0x000000077f880000,0x000000077f880000,0x0000000780780000)
  to   space 16384K, 0% used [0x000000077e880000,0x000000077e880000,0x000000077f880000)
 ParOldGen       total 173568K, used 23654K [0x00000006c6a00000, 0x00000006d1380000, 0x000000076ce00000)
  object space 173568K, 13% used [0x00000006c6a00000,0x00000006c8119b80,0x00000006d1380000)
 Metaspace       used 44274K, capacity 44722K, committed 45184K, reserved 1087488K
  class space    used 6569K, capacity 6680K, committed 6784K, reserved 1048576K
Event: 6.377 GC heap after
Heap after GC invocations=9 (full 2):
 PSYoungGen      total 305664K, used 10834K [0x000000076ce00000, 0x0000000787500000, 0x00000007c0000000)
  eden space 289280K, 0% used [0x000000076ce00000,0x000000076ce00000,0x000000077e880000)
  from space 16384K, 66% used [0x000000077e880000,0x000000077f3149c8,0x000000077f880000)
  to   space 15360K, 0% used [0x0000000786600000,0x0000000786600000,0x0000000787500000)
 ParOldGen       total 173568K, used 23662K [0x00000006c6a00000, 0x00000006d1380000, 0x000000076ce00000)
  object space 173568K, 13% used [0x00000006c6a00000,0x00000006c811bb80,0x00000006d1380000)
 Metaspace       used 44274K, capacity 44722K, committed 45184K, reserved 1087488K
  class space    used 6569K, capacity 6680K, committed 6784K, reserved 1048576K
}
Event: 14.931 GC heap before
{Heap before GC invocations=10 (full 2):
 PSYoungGen      total 305664K, used 270686K [0x000000076ce00000, 0x0000000787500000, 0x00000007c0000000)
  eden space 289280K, 89% used [0x000000076ce00000,0x000000077cbc3048,0x000000077e880000)
  from space 16384K, 66% used [0x000000077e880000,0x000000077f3149c8,0x000000077f880000)
  to   space 15360K, 0% used [0x0000000786600000,0x0000000786600000,0x0000000787500000)
 ParOldGen       total 173568K, used 23662K [0x00000006c6a00000, 0x00000006d1380000, 0x000000076ce00000)
  object space 173568K, 13% used [0x00000006c6a00000,0x00000006c811bb80,0x00000006d1380000)
 Metaspace       used 57455K, capacity 58490K, committed 58580K, reserved 1099776K
  class space    used 8265K, capacity 8505K, committed 8576K, reserved 1048576K
Event: 14.950 GC heap after
Heap after GC invocations=10 (full 2):
 PSYoungGen      total 401920K, used 15358K [0x000000076ce00000, 0x0000000787500000, 0x00000007c0000000)
  eden space 386560K, 0% used [0x000000076ce00000,0x000000076ce00000,0x0000000784780000)
  from space 15360K, 99% used [0x0000000786600000,0x00000007874ff8d0,0x0000000787500000)
  to   space 20480K, 0% used [0x0000000784d00000,0x0000000784d00000,0x0000000786100000)
 ParOldGen       total 173568K, used 30876K [0x00000006c6a00000, 0x00000006d1380000, 0x000000076ce00000)
  object space 173568K, 17% used [0x00000006c6a00000,0x00000006c88271d0,0x00000006d1380000)
 Metaspace       used 57455K, capacity 58490K, committed 58580K, reserved 1099776K
  class space    used 8265K, capacity 8505K, committed 8576K, reserved 1048576K
}
Event: 14.950 GC heap before
{Heap before GC invocations=11 (full 3):
 PSYoungGen      total 401920K, used 15358K [0x000000076ce00000, 0x0000000787500000, 0x00000007c0000000)
  eden space 386560K, 0% used [0x000000076ce00000,0x000000076ce00000,0x0000000784780000)
  from space 15360K, 99% used [0x0000000786600000,0x00000007874ff8d0,0x0000000787500000)
  to   space 20480K, 0% used [0x0000000784d00000,0x0000000784d00000,0x0000000786100000)
 ParOldGen       total 173568K, used 30876K [0x00000006c6a00000, 0x00000006d1380000, 0x000000076ce00000)
  object space 173568K, 17% used [0x00000006c6a00000,0x00000006c88271d0,0x00000006d1380000)
 Metaspace       used 57455K, capacity 58490K, committed 58580K, reserved 1099776K
  class space    used 8265K, capacity 8505K, committed 8576K, reserved 1048576K
Event: 15.148 GC heap after
Heap after GC invocations=11 (full 3):
 PSYoungGen      total 401920K, used 0K [0x000000076ce00000, 0x0000000787500000, 0x00000007c0000000)
  eden space 386560K, 0% used [0x000000076ce00000,0x000000076ce00000,0x0000000784780000)
  from space 15360K, 0% used [0x0000000786600000,0x0000000786600000,0x0000000787500000)
  to   space 20480K, 0% used [0x0000000784d00000,0x0000000784d00000,0x0000000786100000)
 ParOldGen       total 251904K, used 41792K [0x00000006c6a00000, 0x00000006d6000000, 0x000000076ce00000)
  object space 251904K, 16% used [0x00000006c6a00000,0x00000006c92d01a0,0x00000006d6000000)
 Metaspace       used 57384K, capacity 58392K, committed 58580K, reserved 1099776K
  class space    used 8264K, capacity 8499K, committed 8576K, reserved 1048576K
}

