# JRE version: Java(TM) SE Runtime Environment (8.0_20-b17) (build 1.8.0_20-ea-b17)
# Java VM: Java HotSpot(TM) 64-Bit Server VM (25.20-b17 mixed mode linux-amd64 compressed oops)
Heap:
 PSYoungGen      total 257536K, used 152464K [0x000000076ce00000, 0x000000077e280000, 0x00000007c0000000)
  eden space 241664K, 63% used [0x000000076ce00000,0x00000007762e4360,0x000000077ba00000)
  from space 15872K, 0% used [0x000000077d300000,0x000000077d300000,0x000000077e280000)
  to   space 20480K, 0% used [0x000000077ba80000,0x000000077ba80000,0x000000077ce80000)
 ParOldGen       total 261632K, used 34904K [0x00000006c6a00000, 0x00000006d6980000, 0x000000076ce00000)
  object space 261632K, 13% used [0x00000006c6a00000,0x00000006c8c16368,0x00000006d6980000)
 Metaspace       used 58680K, capacity 59902K, committed 60160K, reserved 1101824K
  class space    used 8361K, capacity 8661K, committed 8704K, reserved 1048576K
GC Heap History (10 events):
Event: 6.509 GC heap before
{Heap before GC invocations=11 (full 2):
 PSYoungGen      total 189440K, used 186900K [0x000000076ce00000, 0x0000000779d00000, 0x00000007c0000000)
  eden space 180224K, 100% used [0x000000076ce00000,0x0000000777e00000,0x0000000777e00000)
  from space 9216K, 72% used [0x0000000779400000,0x0000000779a85120,0x0000000779d00000)
  to   space 15872K, 0% used [0x0000000777e00000,0x0000000777e00000,0x0000000778d80000)
 ParOldGen       total 181760K, used 23653K [0x00000006c6a00000, 0x00000006d1b80000, 0x000000076ce00000)
  object space 181760K, 13% used [0x00000006c6a00000,0x00000006c8119558,0x00000006d1b80000)
 Metaspace       used 44960K, capacity 45452K, committed 45696K, reserved 1087488K
  class space    used 6647K, capacity 6775K, committed 6784K, reserved 1048576K
Event: 6.518 GC heap after
Heap after GC invocations=11 (full 2):
 PSYoungGen      total 196096K, used 9101K [0x000000076ce00000, 0x000000077c300000, 0x00000007c0000000)
  eden space 180224K, 0% used [0x000000076ce00000,0x000000076ce00000,0x0000000777e00000)
  from space 15872K, 57% used [0x0000000777e00000,0x00000007786e36b0,0x0000000778d80000)
  to   space 15360K, 0% used [0x000000077b400000,0x000000077b400000,0x000000077c300000)
 ParOldGen       total 181760K, used 23661K [0x00000006c6a00000, 0x00000006d1b80000, 0x000000076ce00000)
  object space 181760K, 13% used [0x00000006c6a00000,0x00000006c811b558,0x00000006d1b80000)
 Metaspace       used 44960K, capacity 45452K, committed 45696K, reserved 1087488K
  class space    used 6647K, capacity 6775K, committed 6784K, reserved 1048576K
}
Event: 17.746 GC heap before
{Heap before GC invocations=12 (full 2):
 PSYoungGen      total 196096K, used 189325K [0x000000076ce00000, 0x000000077c300000, 0x00000007c0000000)
  eden space 180224K, 100% used [0x000000076ce00000,0x0000000777e00000,0x0000000777e00000)
  from space 15872K, 57% used [0x0000000777e00000,0x00000007786e36b0,0x0000000778d80000)
  to   space 15360K, 0% used [0x000000077b400000,0x000000077b400000,0x000000077c300000)
 ParOldGen       total 181760K, used 23661K [0x00000006c6a00000, 0x00000006d1b80000, 0x000000076ce00000)
  object space 181760K, 13% used [0x00000006c6a00000,0x00000006c811b558,0x00000006d1b80000)
 Metaspace       used 56179K, capacity 57262K, committed 57344K, reserved 1097728K
  class space    used 8146K, capacity 8375K, committed 8448K, reserved 1048576K
Event: 17.765 GC heap after
Heap after GC invocations=12 (full 2):
 PSYoungGen      total 229376K, used 15344K [0x000000076ce00000, 0x000000077c300000, 0x00000007c0000000)
  eden space 214016K, 0% used [0x000000076ce00000,0x000000076ce00000,0x0000000779f00000)
  from space 15360K, 99% used [0x000000077b400000,0x000000077c2fc1e0,0x000000077c300000)
  to   space 18432K, 0% used [0x0000000779f00000,0x0000000779f00000,0x000000077b100000)
 ParOldGen       total 181760K, used 28024K [0x00000006c6a00000, 0x00000006d1b80000, 0x000000076ce00000)
  object space 181760K, 15% used [0x00000006c6a00000,0x00000006c855e310,0x00000006d1b80000)
 Metaspace       used 56179K, capacity 57262K, committed 57344K, reserved 1097728K
  class space    used 8146K, capacity 8375K, committed 8448K, reserved 1048576K
}
Event: 28.440 GC heap before
{Heap before GC invocations=13 (full 2):
 PSYoungGen      total 229376K, used 229360K [0x000000076ce00000, 0x000000077c300000, 0x00000007c0000000)
  eden space 214016K, 100% used [0x000000076ce00000,0x0000000779f00000,0x0000000779f00000)
  from space 15360K, 99% used [0x000000077b400000,0x000000077c2fc1e0,0x000000077c300000)
  to   space 18432K, 0% used [0x0000000779f00000,0x0000000779f00000,0x000000077b100000)
 ParOldGen       total 181760K, used 28024K [0x00000006c6a00000, 0x00000006d1b80000, 0x000000076ce00000)
  object space 181760K, 15% used [0x00000006c6a00000,0x00000006c855e310,0x00000006d1b80000)
 Metaspace       used 56932K, capacity 58032K, committed 58240K, reserved 1099776K
  class space    used 8203K, capacity 8450K, committed 8576K, reserved 1048576K
Event: 28.455 GC heap after
Heap after GC invocations=13 (full 2):
 PSYoungGen      total 232448K, used 14922K [0x000000076ce00000, 0x000000077e600000, 0x00000007c0000000)
  eden space 214016K, 0% used [0x000000076ce00000,0x000000076ce00000,0x0000000779f00000)
  from space 18432K, 80% used [0x0000000779f00000,0x000000077ad92ba8,0x000000077b100000)
  to   space 19456K, 0% used [0x000000077d300000,0x000000077d300000,0x000000077e600000)
 ParOldGen       total 181760K, used 28032K [0x00000006c6a00000, 0x00000006d1b80000, 0x000000076ce00000)
  object space 181760K, 15% used [0x00000006c6a00000,0x00000006c8560310,0x00000006d1b80000)
 Metaspace       used 56932K, capacity 58032K, committed 58240K, reserved 1099776K
  class space    used 8203K, capacity 8450K, committed 8576K, reserved 1048576K
}
Event: 49.922 GC heap before
{Heap before GC invocations=14 (full 2):
 PSYoungGen      total 232448K, used 77487K [0x000000076ce00000, 0x000000077e600000, 0x00000007c0000000)
  eden space 214016K, 29% used [0x000000076ce00000,0x0000000770b191d0,0x0000000779f00000)
  from space 18432K, 80% used [0x0000000779f00000,0x000000077ad92ba8,0x000000077b100000)
  to   space 19456K, 0% used [0x000000077d300000,0x000000077d300000,0x000000077e600000)
 ParOldGen       total 181760K, used 28032K [0x00000006c6a00000, 0x00000006d1b80000, 0x000000076ce00000)
  object space 181760K, 15% used [0x00000006c6a00000,0x00000006c8560310,0x00000006d1b80000)
 Metaspace       used 57257K, capacity 58400K, committed 58496K, reserved 1099776K
  class space    used 8236K, capacity 8490K, committed 8576K, reserved 1048576K
Event: 49.939 GC heap after
Heap after GC invocations=14 (full 2):
 PSYoungGen      total 257536K, used 15400K [0x000000076ce00000, 0x000000077e280000, 0x00000007c0000000)
  eden space 241664K, 0% used [0x000000076ce00000,0x000000076ce00000,0x000000077ba00000)
  from space 15872K, 97% used [0x000000077d300000,0x000000077e20a338,0x000000077e280000)
  to   space 20480K, 0% used [0x000000077ba80000,0x000000077ba80000,0x000000077ce80000)
 ParOldGen       total 181760K, used 28040K [0x00000006c6a00000, 0x00000006d1b80000, 0x000000076ce00000)
  object space 181760K, 15% used [0x00000006c6a00000,0x00000006c8562310,0x00000006d1b80000)
 Metaspace       used 57257K, capacity 58400K, committed 58496K, reserved 1099776K
  class space    used 8236K, capacity 8490K, committed 8576K, reserved 1048576K
}
Event: 49.939 GC heap before
{Heap before GC invocations=15 (full 3):
 PSYoungGen      total 257536K, used 15400K [0x000000076ce00000, 0x000000077e280000, 0x00000007c0000000)
  eden space 241664K, 0% used [0x000000076ce00000,0x000000076ce00000,0x000000077ba00000)
  from space 15872K, 97% used [0x000000077d300000,0x000000077e20a338,0x000000077e280000)
  to   space 20480K, 0% used [0x000000077ba80000,0x000000077ba80000,0x000000077ce80000)
 ParOldGen       total 181760K, used 28040K [0x00000006c6a00000, 0x00000006d1b80000, 0x000000076ce00000)
  object space 181760K, 15% used [0x00000006c6a00000,0x00000006c8562310,0x00000006d1b80000)
 Metaspace       used 57257K, capacity 58400K, committed 58496K, reserved 1099776K
  class space    used 8236K, capacity 8490K, committed 8576K, reserved 1048576K
Event: 50.145 GC heap after
Heap after GC invocations=15 (full 3):
 PSYoungGen      total 257536K, used 0K [0x000000076ce00000, 0x000000077e280000, 0x00000007c0000000)
  eden space 241664K, 0% used [0x000000076ce00000,0x000000076ce00000,0x000000077ba00000)
  from space 15872K, 0% used [0x000000077d300000,0x000000077d300000,0x000000077e280000)
  to   space 20480K, 0% used [0x000000077ba80000,0x000000077ba80000,0x000000077ce80000)
 ParOldGen       total 261632K, used 34904K [0x00000006c6a00000, 0x00000006d6980000, 0x000000076ce00000)
  object space 261632K, 13% used [0x00000006c6a00000,0x00000006c8c16368,0x00000006d6980000)
 Metaspace       used 57235K, capacity 58372K, committed 58496K, reserved 1099776K
  class space    used 8235K, capacity 8486K, committed 8576K, reserved 1048576K
}

