# JRE version: Java(TM) SE Runtime Environment (8.0_20-b17) (build 1.8.0_20-ea-b17)
# Java VM: Java HotSpot(TM) 64-Bit Server VM (25.20-b17 mixed mode linux-amd64 compressed oops)
Heap:
 PSYoungGen      total 408064K, used 104015K [0x000000076ce00000, 0x000000078b200000, 0x00000007c0000000)
  eden space 387072K, 26% used [0x000000076ce00000,0x0000000773393e68,0x0000000784800000)
  from space 20992K, 0% used [0x0000000784800000,0x0000000784800000,0x0000000785c80000)
  to   space 21504K, 0% used [0x0000000789d00000,0x0000000789d00000,0x000000078b200000)
 ParOldGen       total 243200K, used 34691K [0x00000006c6a00000, 0x00000006d5780000, 0x000000076ce00000)
  object space 243200K, 14% used [0x00000006c6a00000,0x00000006c8be0f50,0x00000006d5780000)
 Metaspace       used 57983K, capacity 59166K, committed 59488K, reserved 1099776K
  class space    used 8282K, capacity 8574K, committed 8704K, reserved 1048576K
GC Heap History (10 events):
Event: 5.018 GC heap before
{Heap before GC invocations=8 (full 2):
 PSYoungGen      total 298496K, used 11071K [0x000000076ce00000, 0x0000000785780000, 0x00000007c0000000)
  eden space 283648K, 0% used [0x000000076ce00000,0x000000076ce00000,0x000000077e300000)
  from space 14848K, 74% used [0x000000077f180000,0x000000077fc4fd38,0x0000000780000000)
  to   space 14848K, 0% used [0x000000077e300000,0x000000077e300000,0x000000077f180000)
 ParOldGen       total 109056K, used 12802K [0x00000006c6a00000, 0x00000006cd480000, 0x000000076ce00000)
  object space 109056K, 11% used [0x00000006c6a00000,0x00000006c7680b28,0x00000006cd480000)
 Metaspace       used 34629K, capacity 35154K, committed 35320K, reserved 1079296K
  class space    used 4450K, capacity 4588K, committed 4608K, reserved 1048576K
Event: 5.079 GC heap after
Heap after GC invocations=8 (full 2):
 PSYoungGen      total 298496K, used 0K [0x000000076ce00000, 0x0000000785780000, 0x00000007c0000000)
  eden space 283648K, 0% used [0x000000076ce00000,0x000000076ce00000,0x000000077e300000)
  from space 14848K, 0% used [0x000000077f180000,0x000000077f180000,0x0000000780000000)
  to   space 14848K, 0% used [0x000000077e300000,0x000000077e300000,0x000000077f180000)
 ParOldGen       total 169472K, used 21529K [0x00000006c6a00000, 0x00000006d0f80000, 0x000000076ce00000)
  object space 169472K, 12% used [0x00000006c6a00000,0x00000006c7f065f0,0x00000006d0f80000)
 Metaspace       used 34629K, capacity 35154K, committed 35320K, reserved 1079296K
  class space    used 4450K, capacity 4588K, committed 4608K, reserved 1048576K
}
Event: 7.167 GC heap before
{Heap before GC invocations=9 (full 2):
 PSYoungGen      total 298496K, used 283648K [0x000000076ce00000, 0x0000000785780000, 0x00000007c0000000)
  eden space 283648K, 100% used [0x000000076ce00000,0x000000077e300000,0x000000077e300000)
  from space 14848K, 0% used [0x000000077f180000,0x000000077f180000,0x0000000780000000)
  to   space 14848K, 0% used [0x000000077e300000,0x000000077e300000,0x000000077f180000)
 ParOldGen       total 169472K, used 21529K [0x00000006c6a00000, 0x00000006d0f80000, 0x000000076ce00000)
  object space 169472K, 12% used [0x00000006c6a00000,0x00000006c7f065f0,0x00000006d0f80000)
 Metaspace       used 43523K, capacity 44386K, committed 44672K, reserved 1087488K
  class space    used 6304K, capacity 6496K, committed 6528K, reserved 1048576K
Event: 7.180 GC heap after
Heap after GC invocations=9 (full 2):
 PSYoungGen      total 298496K, used 12786K [0x000000076ce00000, 0x0000000787100000, 0x00000007c0000000)
  eden space 283648K, 0% used [0x000000076ce00000,0x000000076ce00000,0x000000077e300000)
  from space 14848K, 86% used [0x000000077e300000,0x000000077ef7c800,0x000000077f180000)
  to   space 15360K, 0% used [0x0000000786200000,0x0000000786200000,0x0000000787100000)
 ParOldGen       total 169472K, used 21537K [0x00000006c6a00000, 0x00000006d0f80000, 0x000000076ce00000)
  object space 169472K, 12% used [0x00000006c6a00000,0x00000006c7f085f0,0x00000006d0f80000)
 Metaspace       used 43523K, capacity 44386K, committed 44672K, reserved 1087488K
  class space    used 6304K, capacity 6496K, committed 6528K, reserved 1048576K
}
Event: 17.436 GC heap before
{Heap before GC invocations=10 (full 2):
 PSYoungGen      total 298496K, used 296434K [0x000000076ce00000, 0x0000000787100000, 0x00000007c0000000)
  eden space 283648K, 100% used [0x000000076ce00000,0x000000077e300000,0x000000077e300000)
  from space 14848K, 86% used [0x000000077e300000,0x000000077ef7c800,0x000000077f180000)
  to   space 15360K, 0% used [0x0000000786200000,0x0000000786200000,0x0000000787100000)
 ParOldGen       total 169472K, used 21537K [0x00000006c6a00000, 0x00000006d0f80000, 0x000000076ce00000)
  object space 169472K, 12% used [0x00000006c6a00000,0x00000006c7f085f0,0x00000006d0f80000)
 Metaspace       used 56965K, capacity 58138K, committed 58496K, reserved 1099776K
  class space    used 8194K, capacity 8468K, committed 8576K, reserved 1048576K
Event: 17.459 GC heap after
Heap after GC invocations=10 (full 2):
 PSYoungGen      total 397824K, used 15339K [0x000000076ce00000, 0x0000000787100000, 0x00000007c0000000)
  eden space 382464K, 0% used [0x000000076ce00000,0x000000076ce00000,0x0000000784380000)
  from space 15360K, 99% used [0x0000000786200000,0x00000007870fac88,0x0000000787100000)
  to   space 20992K, 0% used [0x0000000784800000,0x0000000784800000,0x0000000785c80000)
 ParOldGen       total 169472K, used 30722K [0x00000006c6a00000, 0x00000006d0f80000, 0x000000076ce00000)
  object space 169472K, 18% used [0x00000006c6a00000,0x00000006c8800ae8,0x00000006d0f80000)
 Metaspace       used 56965K, capacity 58138K, committed 58496K, reserved 1099776K
  class space    used 8194K, capacity 8468K, committed 8576K, reserved 1048576K
}
Event: 22.465 GC heap before
{Heap before GC invocations=11 (full 2):
 PSYoungGen      total 397824K, used 54741K [0x000000076ce00000, 0x0000000787100000, 0x00000007c0000000)
  eden space 382464K, 10% used [0x000000076ce00000,0x000000076f47a918,0x0000000784380000)
  from space 15360K, 99% used [0x0000000786200000,0x00000007870fac88,0x0000000787100000)
  to   space 20992K, 0% used [0x0000000784800000,0x0000000784800000,0x0000000785c80000)
 ParOldGen       total 169472K, used 30722K [0x00000006c6a00000, 0x00000006d0f80000, 0x000000076ce00000)
  object space 169472K, 18% used [0x00000006c6a00000,0x00000006c8800ae8,0x00000006d0f80000)
 Metaspace       used 57342K, capacity 58518K, committed 58592K, reserved 1099776K
  class space    used 8239K, capacity 8526K, committed 8576K, reserved 1048576K
Event: 22.483 GC heap after
Heap after GC invocations=11 (full 2):
 PSYoungGen      total 408064K, used 15502K [0x000000076ce00000, 0x000000078b200000, 0x00000007c0000000)
  eden space 387072K, 0% used [0x000000076ce00000,0x000000076ce00000,0x0000000784800000)
  from space 20992K, 73% used [0x0000000784800000,0x0000000785723870,0x0000000785c80000)
  to   space 21504K, 0% used [0x0000000789d00000,0x0000000789d00000,0x000000078b200000)
 ParOldGen       total 169472K, used 30730K [0x00000006c6a00000, 0x00000006d0f80000, 0x000000076ce00000)
  object space 169472K, 18% used [0x00000006c6a00000,0x00000006c8802ae8,0x00000006d0f80000)
 Metaspace       used 57342K, capacity 58518K, committed 58592K, reserved 1099776K
  class space    used 8239K, capacity 8526K, committed 8576K, reserved 1048576K
}
Event: 22.483 GC heap before
{Heap before GC invocations=12 (full 3):
 PSYoungGen      total 408064K, used 15502K [0x000000076ce00000, 0x000000078b200000, 0x00000007c0000000)
  eden space 387072K, 0% used [0x000000076ce00000,0x000000076ce00000,0x0000000784800000)
  from space 20992K, 73% used [0x0000000784800000,0x0000000785723870,0x0000000785c80000)
  to   space 21504K, 0% used [0x0000000789d00000,0x0000000789d00000,0x000000078b200000)
 ParOldGen       total 169472K, used 30730K [0x00000006c6a00000, 0x00000006d0f80000, 0x000000076ce00000)
  object space 169472K, 18% used [0x00000006c6a00000,0x00000006c8802ae8,0x00000006d0f80000)
 Metaspace       used 57342K, capacity 58518K, committed 58592K, reserved 1099776K
  class space    used 8239K, capacity 8526K, committed 8576K, reserved 1048576K
Event: 22.670 GC heap after
Heap after GC invocations=12 (full 3):
 PSYoungGen      total 408064K, used 0K [0x000000076ce00000, 0x000000078b200000, 0x00000007c0000000)
  eden space 387072K, 0% used [0x000000076ce00000,0x000000076ce00000,0x0000000784800000)
  from space 20992K, 0% used [0x0000000784800000,0x0000000784800000,0x0000000785c80000)
  to   space 21504K, 0% used [0x0000000789d00000,0x0000000789d00000,0x000000078b200000)
 ParOldGen       total 243200K, used 34691K [0x00000006c6a00000, 0x00000006d5780000, 0x000000076ce00000)
  object space 243200K, 14% used [0x00000006c6a00000,0x00000006c8be0f50,0x00000006d5780000)
 Metaspace       used 57282K, capacity 58434K, committed 58592K, reserved 1099776K
  class space    used 8238K, capacity 8522K, committed 8576K, reserved 1048576K
}

