# JRE version: Java(TM) SE Runtime Environment (8.0_20-b17) (build 1.8.0_20-ea-b17)
# Java VM: Java HotSpot(TM) 64-Bit Server VM (25.20-b17 mixed mode linux-amd64 compressed oops)
Heap:
 PSYoungGen      total 409088K, used 86512K [0x000000076ce00000, 0x000000078a980000, 0x00000007c0000000)
  eden space 389632K, 21% used [0x000000076ce00000,0x000000077201a138,0x0000000784a80000)
  from space 19456K, 12% used [0x0000000784a80000,0x0000000784ce21e0,0x0000000785d80000)
  to   space 20480K, 0% used [0x0000000789580000,0x0000000789580000,0x000000078a980000)
 ParOldGen       total 256000K, used 41440K [0x00000006c6a00000, 0x00000006d6400000, 0x000000076ce00000)
  object space 256000K, 16% used [0x00000006c6a00000,0x00000006c9278328,0x00000006d6400000)
 Metaspace       used 59469K, capacity 60776K, committed 60928K, reserved 1101824K
  class space    used 8345K, capacity 8645K, committed 8704K, reserved 1048576K
GC Heap History (10 events):
Event: 5.059 GC heap before
{Heap before GC invocations=8 (full 2):
 PSYoungGen      total 299008K, used 13202K [0x000000076ce00000, 0x0000000786500000, 0x00000007c0000000)
  eden space 284160K, 0% used [0x000000076ce00000,0x000000076ce00000,0x000000077e380000)
  from space 14848K, 88% used [0x000000077f300000,0x000000077ffe4980,0x0000000780180000)
  to   space 15872K, 0% used [0x000000077e380000,0x000000077e380000,0x000000077f300000)
 ParOldGen       total 111104K, used 12925K [0x00000006c6a00000, 0x00000006cd680000, 0x000000076ce00000)
  object space 111104K, 11% used [0x00000006c6a00000,0x00000006c769f5d8,0x00000006cd680000)
 Metaspace       used 34774K, capacity 35120K, committed 35320K, reserved 1079296K
  class space    used 4559K, capacity 4674K, committed 4736K, reserved 1048576K
Event: 5.134 GC heap after
Heap after GC invocations=8 (full 2):
 PSYoungGen      total 299008K, used 0K [0x000000076ce00000, 0x0000000786500000, 0x00000007c0000000)
  eden space 284160K, 0% used [0x000000076ce00000,0x000000076ce00000,0x000000077e380000)
  from space 14848K, 0% used [0x000000077f300000,0x000000077f300000,0x0000000780180000)
  to   space 15872K, 0% used [0x000000077e380000,0x000000077e380000,0x000000077f300000)
 ParOldGen       total 176640K, used 23785K [0x00000006c6a00000, 0x00000006d1680000, 0x000000076ce00000)
  object space 176640K, 13% used [0x00000006c6a00000,0x00000006c813a538,0x00000006d1680000)
 Metaspace       used 34774K, capacity 35120K, committed 35320K, reserved 1079296K
  class space    used 4559K, capacity 4674K, committed 4736K, reserved 1048576K
}
Event: 7.030 GC heap before
{Heap before GC invocations=9 (full 2):
 PSYoungGen      total 299008K, used 284160K [0x000000076ce00000, 0x0000000786500000, 0x00000007c0000000)
  eden space 284160K, 100% used [0x000000076ce00000,0x000000077e380000,0x000000077e380000)
  from space 14848K, 0% used [0x000000077f300000,0x000000077f300000,0x0000000780180000)
  to   space 15872K, 0% used [0x000000077e380000,0x000000077e380000,0x000000077f300000)
 ParOldGen       total 176640K, used 23785K [0x00000006c6a00000, 0x00000006d1680000, 0x000000076ce00000)
  object space 176640K, 13% used [0x00000006c6a00000,0x00000006c813a538,0x00000006d1680000)
 Metaspace       used 44564K, capacity 45080K, committed 45440K, reserved 1087488K
  class space    used 6596K, capacity 6713K, committed 6784K, reserved 1048576K
Event: 7.050 GC heap after
Heap after GC invocations=9 (full 2):
 PSYoungGen      total 300032K, used 10779K [0x000000076ce00000, 0x0000000787080000, 0x00000007c0000000)
  eden space 284160K, 0% used [0x000000076ce00000,0x000000076ce00000,0x000000077e380000)
  from space 15872K, 67% used [0x000000077e380000,0x000000077ee06e10,0x000000077f300000)
  to   space 15360K, 0% used [0x0000000786180000,0x0000000786180000,0x0000000787080000)
 ParOldGen       total 176640K, used 23793K [0x00000006c6a00000, 0x00000006d1680000, 0x000000076ce00000)
  object space 176640K, 13% used [0x00000006c6a00000,0x00000006c813c538,0x00000006d1680000)
 Metaspace       used 44564K, capacity 45080K, committed 45440K, reserved 1087488K
  class space    used 6596K, capacity 6713K, committed 6784K, reserved 1048576K
}
Event: 14.155 GC heap before
{Heap before GC invocations=10 (full 2):
 PSYoungGen      total 300032K, used 271594K [0x000000076ce00000, 0x0000000787080000, 0x00000007c0000000)
  eden space 284160K, 91% used [0x000000076ce00000,0x000000077ccb3ac0,0x000000077e380000)
  from space 15872K, 67% used [0x000000077e380000,0x000000077ee06e10,0x000000077f300000)
  to   space 15360K, 0% used [0x0000000786180000,0x0000000786180000,0x0000000787080000)
 ParOldGen       total 176640K, used 23793K [0x00000006c6a00000, 0x00000006d1680000, 0x000000076ce00000)
  object space 176640K, 13% used [0x00000006c6a00000,0x00000006c813c538,0x00000006d1680000)
 Metaspace       used 57183K, capacity 58370K, committed 58496K, reserved 1099776K
  class space    used 8222K, capacity 8496K, committed 8576K, reserved 1048576K
Event: 14.176 GC heap after
Heap after GC invocations=10 (full 2):
 PSYoungGen      total 397824K, used 15348K [0x000000076ce00000, 0x0000000787080000, 0x00000007c0000000)
  eden space 382464K, 0% used [0x000000076ce00000,0x000000076ce00000,0x0000000784380000)
  from space 15360K, 99% used [0x0000000786180000,0x000000078707d200,0x0000000787080000)
  to   space 19456K, 0% used [0x0000000784a80000,0x0000000784a80000,0x0000000785d80000)
 ParOldGen       total 176640K, used 30451K [0x00000006c6a00000, 0x00000006d1680000, 0x000000076ce00000)
  object space 176640K, 17% used [0x00000006c6a00000,0x00000006c87bce58,0x00000006d1680000)
 Metaspace       used 57183K, capacity 58370K, committed 58496K, reserved 1099776K
  class space    used 8222K, capacity 8496K, committed 8576K, reserved 1048576K
}
Event: 14.176 GC heap before
{Heap before GC invocations=11 (full 3):
 PSYoungGen      total 397824K, used 15348K [0x000000076ce00000, 0x0000000787080000, 0x00000007c0000000)
  eden space 382464K, 0% used [0x000000076ce00000,0x000000076ce00000,0x0000000784380000)
  from space 15360K, 99% used [0x0000000786180000,0x000000078707d200,0x0000000787080000)
  to   space 19456K, 0% used [0x0000000784a80000,0x0000000784a80000,0x0000000785d80000)
 ParOldGen       total 176640K, used 30451K [0x00000006c6a00000, 0x00000006d1680000, 0x000000076ce00000)
  object space 176640K, 17% used [0x00000006c6a00000,0x00000006c87bce58,0x00000006d1680000)
 Metaspace       used 57183K, capacity 58370K, committed 58496K, reserved 1099776K
  class space    used 8222K, capacity 8496K, committed 8576K, reserved 1048576K
Event: 14.411 GC heap after
Heap after GC invocations=11 (full 3):
 PSYoungGen      total 397824K, used 0K [0x000000076ce00000, 0x0000000787080000, 0x00000007c0000000)
  eden space 382464K, 0% used [0x000000076ce00000,0x000000076ce00000,0x0000000784380000)
  from space 15360K, 0% used [0x0000000786180000,0x0000000786180000,0x0000000787080000)
  to   space 19456K, 0% used [0x0000000784a80000,0x0000000784a80000,0x0000000785d80000)
 ParOldGen       total 256000K, used 41432K [0x00000006c6a00000, 0x00000006d6400000, 0x000000076ce00000)
  object space 256000K, 16% used [0x00000006c6a00000,0x00000006c9276328,0x00000006d6400000)
 Metaspace       used 57123K, capacity 58286K, committed 58496K, reserved 1099776K
  class space    used 8221K, capacity 8492K, committed 8576K, reserved 1048576K
}
Event: 331.880 GC heap before
{Heap before GC invocations=12 (full 3):
 PSYoungGen      total 397824K, used 382464K [0x000000076ce00000, 0x0000000787080000, 0x00000007c0000000)
  eden space 382464K, 100% used [0x000000076ce00000,0x0000000784380000,0x0000000784380000)
  from space 15360K, 0% used [0x0000000786180000,0x0000000786180000,0x0000000787080000)
  to   space 19456K, 0% used [0x0000000784a80000,0x0000000784a80000,0x0000000785d80000)
 ParOldGen       total 256000K, used 41432K [0x00000006c6a00000, 0x00000006d6400000, 0x000000076ce00000)
  object space 256000K, 16% used [0x00000006c6a00000,0x00000006c9276328,0x00000006d6400000)
 Metaspace       used 59227K, capacity 60562K, committed 60928K, reserved 1101824K
  class space    used 8314K, capacity 8604K, committed 8704K, reserved 1048576K
Event: 331.887 GC heap after
Heap after GC invocations=12 (full 3):
 PSYoungGen      total 409088K, used 2440K [0x000000076ce00000, 0x000000078a980000, 0x00000007c0000000)
  eden space 389632K, 0% used [0x000000076ce00000,0x000000076ce00000,0x0000000784a80000)
  from space 19456K, 12% used [0x0000000784a80000,0x0000000784ce21e0,0x0000000785d80000)
  to   space 20480K, 0% used [0x0000000789580000,0x0000000789580000,0x000000078a980000)
 ParOldGen       total 256000K, used 41440K [0x00000006c6a00000, 0x00000006d6400000, 0x000000076ce00000)
  object space 256000K, 16% used [0x00000006c6a00000,0x00000006c9278328,0x00000006d6400000)
 Metaspace       used 59227K, capacity 60562K, committed 60928K, reserved 1101824K
  class space    used 8314K, capacity 8604K, committed 8704K, reserved 1048576K
}

