# JRE version: Java(TM) SE Runtime Environment (8.0_20-b17) (build 1.8.0_20-ea-b17)
# Java VM: Java HotSpot(TM) 64-Bit Server VM (25.20-b17 mixed mode linux-amd64 compressed oops)
Heap:
 PSYoungGen      total 254976K, used 217912K [0x000000076ce00000, 0x000000077dc80000, 0x00000007c0000000)
  eden space 235008K, 92% used [0x000000076ce00000,0x000000077a130688,0x000000077b380000)
  from space 19968K, 8% used [0x000000077c900000,0x000000077ca9dc28,0x000000077dc80000)
  to   space 20992K, 0% used [0x000000077b380000,0x000000077b380000,0x000000077c800000)
 ParOldGen       total 272384K, used 35045K [0x00000006c6a00000, 0x00000006d7400000, 0x000000076ce00000)
  object space 272384K, 12% used [0x00000006c6a00000,0x00000006c8c39710,0x00000006d7400000)
 Metaspace       used 58345K, capacity 59495K, committed 59648K, reserved 1099776K
  class space    used 8249K, capacity 8539K, committed 8576K, reserved 1048576K
GC Heap History (10 events):
Event: 6.372 GC heap before
{Heap before GC invocations=11 (full 2):
 PSYoungGen      total 182784K, used 182325K [0x000000076ce00000, 0x0000000779900000, 0x00000007c0000000)
  eden space 176128K, 100% used [0x000000076ce00000,0x0000000777a00000,0x0000000777a00000)
  from space 6656K, 93% used [0x0000000779280000,0x000000077988d630,0x0000000779900000)
  to   space 15872K, 0% used [0x0000000777a00000,0x0000000777a00000,0x0000000778980000)
 ParOldGen       total 189440K, used 23581K [0x00000006c6a00000, 0x00000006d2300000, 0x000000076ce00000)
  object space 189440K, 12% used [0x00000006c6a00000,0x00000006c8107528,0x00000006d2300000)
 Metaspace       used 44869K, capacity 45298K, committed 45696K, reserved 1087488K
  class space    used 6637K, capacity 6744K, committed 6784K, reserved 1048576K
Event: 6.383 GC heap after
Heap after GC invocations=11 (full 2):
 PSYoungGen      total 192000K, used 10167K [0x000000076ce00000, 0x000000077bb80000, 0x00000007c0000000)
  eden space 176128K, 0% used [0x000000076ce00000,0x000000076ce00000,0x0000000777a00000)
  from space 15872K, 64% used [0x0000000777a00000,0x00000007783ede58,0x0000000778980000)
  to   space 15872K, 0% used [0x000000077ac00000,0x000000077ac00000,0x000000077bb80000)
 ParOldGen       total 189440K, used 23589K [0x00000006c6a00000, 0x00000006d2300000, 0x000000076ce00000)
  object space 189440K, 12% used [0x00000006c6a00000,0x00000006c8109528,0x00000006d2300000)
 Metaspace       used 44869K, capacity 45298K, committed 45696K, reserved 1087488K
  class space    used 6637K, capacity 6744K, committed 6784K, reserved 1048576K
}
Event: 13.441 GC heap before
{Heap before GC invocations=12 (full 2):
 PSYoungGen      total 192000K, used 186295K [0x000000076ce00000, 0x000000077bb80000, 0x00000007c0000000)
  eden space 176128K, 100% used [0x000000076ce00000,0x0000000777a00000,0x0000000777a00000)
  from space 15872K, 64% used [0x0000000777a00000,0x00000007783ede58,0x0000000778980000)
  to   space 15872K, 0% used [0x000000077ac00000,0x000000077ac00000,0x000000077bb80000)
 ParOldGen       total 189440K, used 23589K [0x00000006c6a00000, 0x00000006d2300000, 0x000000076ce00000)
  object space 189440K, 12% used [0x00000006c6a00000,0x00000006c8109528,0x00000006d2300000)
 Metaspace       used 56210K, capacity 57250K, committed 57600K, reserved 1097728K
  class space    used 8087K, capacity 8336K, committed 8448K, reserved 1048576K
Event: 13.463 GC heap after
Heap after GC invocations=12 (full 2):
 PSYoungGen      total 222720K, used 15844K [0x000000076ce00000, 0x000000077bd00000, 0x00000007c0000000)
  eden space 206848K, 0% used [0x000000076ce00000,0x000000076ce00000,0x0000000779800000)
  from space 15872K, 99% used [0x000000077ac00000,0x000000077bb79128,0x000000077bb80000)
  to   space 18944K, 0% used [0x0000000779800000,0x0000000779800000,0x000000077aa80000)
 ParOldGen       total 189440K, used 28283K [0x00000006c6a00000, 0x00000006d2300000, 0x000000076ce00000)
  object space 189440K, 14% used [0x00000006c6a00000,0x00000006c859ecf8,0x00000006d2300000)
 Metaspace       used 56210K, capacity 57250K, committed 57600K, reserved 1097728K
  class space    used 8087K, capacity 8336K, committed 8448K, reserved 1048576K
}
Event: 20.759 GC heap before
{Heap before GC invocations=13 (full 2):
 PSYoungGen      total 222720K, used 106789K [0x000000076ce00000, 0x000000077bd00000, 0x00000007c0000000)
  eden space 206848K, 43% used [0x000000076ce00000,0x00000007726d03f8,0x0000000779800000)
  from space 15872K, 99% used [0x000000077ac00000,0x000000077bb79128,0x000000077bb80000)
  to   space 18944K, 0% used [0x0000000779800000,0x0000000779800000,0x000000077aa80000)
 ParOldGen       total 189440K, used 28283K [0x00000006c6a00000, 0x00000006d2300000, 0x000000076ce00000)
  object space 189440K, 14% used [0x00000006c6a00000,0x00000006c859ecf8,0x00000006d2300000)
 Metaspace       used 57144K, capacity 58375K, committed 58496K, reserved 1099776K
  class space    used 8179K, capacity 8448K, committed 8448K, reserved 1048576K
Event: 20.774 GC heap after
Heap after GC invocations=13 (full 2):
 PSYoungGen      total 225792K, used 15545K [0x000000076ce00000, 0x000000077dc80000, 0x00000007c0000000)
  eden space 206848K, 0% used [0x000000076ce00000,0x000000076ce00000,0x0000000779800000)
  from space 18944K, 82% used [0x0000000779800000,0x000000077a72e400,0x000000077aa80000)
  to   space 19968K, 0% used [0x000000077c900000,0x000000077c900000,0x000000077dc80000)
 ParOldGen       total 189440K, used 28291K [0x00000006c6a00000, 0x00000006d2300000, 0x000000076ce00000)
  object space 189440K, 14% used [0x00000006c6a00000,0x00000006c85a0cf8,0x00000006d2300000)
 Metaspace       used 57144K, capacity 58375K, committed 58496K, reserved 1099776K
  class space    used 8179K, capacity 8448K, committed 8448K, reserved 1048576K
}
Event: 20.774 GC heap before
{Heap before GC invocations=14 (full 3):
 PSYoungGen      total 225792K, used 15545K [0x000000076ce00000, 0x000000077dc80000, 0x00000007c0000000)
  eden space 206848K, 0% used [0x000000076ce00000,0x000000076ce00000,0x0000000779800000)
  from space 18944K, 82% used [0x0000000779800000,0x000000077a72e400,0x000000077aa80000)
  to   space 19968K, 0% used [0x000000077c900000,0x000000077c900000,0x000000077dc80000)
 ParOldGen       total 189440K, used 28291K [0x00000006c6a00000, 0x00000006d2300000, 0x000000076ce00000)
  object space 189440K, 14% used [0x00000006c6a00000,0x00000006c85a0cf8,0x00000006d2300000)
 Metaspace       used 57144K, capacity 58375K, committed 58496K, reserved 1099776K
  class space    used 8179K, capacity 8448K, committed 8448K, reserved 1048576K
Event: 20.968 GC heap after
Heap after GC invocations=14 (full 3):
 PSYoungGen      total 225792K, used 0K [0x000000076ce00000, 0x000000077dc80000, 0x00000007c0000000)
  eden space 206848K, 0% used [0x000000076ce00000,0x000000076ce00000,0x0000000779800000)
  from space 18944K, 0% used [0x0000000779800000,0x0000000779800000,0x000000077aa80000)
  to   space 19968K, 0% used [0x000000077c900000,0x000000077c900000,0x000000077dc80000)
 ParOldGen       total 272384K, used 35037K [0x00000006c6a00000, 0x00000006d7400000, 0x000000076ce00000)
  object space 272384K, 12% used [0x00000006c6a00000,0x00000006c8c37710,0x00000006d7400000)
 Metaspace       used 57084K, capacity 58291K, committed 58496K, reserved 1099776K
  class space    used 8178K, capacity 8444K, committed 8448K, reserved 1048576K
}
Event: 125.495 GC heap before
{Heap before GC invocations=15 (full 3):
 PSYoungGen      total 225792K, used 206848K [0x000000076ce00000, 0x000000077dc80000, 0x00000007c0000000)
  eden space 206848K, 100% used [0x000000076ce00000,0x0000000779800000,0x0000000779800000)
  from space 18944K, 0% used [0x0000000779800000,0x0000000779800000,0x000000077aa80000)
  to   space 19968K, 0% used [0x000000077c900000,0x000000077c900000,0x000000077dc80000)
 ParOldGen       total 272384K, used 35037K [0x00000006c6a00000, 0x00000006d7400000, 0x000000076ce00000)
  object space 272384K, 12% used [0x00000006c6a00000,0x00000006c8c37710,0x00000006d7400000)
 Metaspace       used 57801K, capacity 59001K, committed 59136K, reserved 1099776K
  class space    used 8216K, capacity 8494K, committed 8576K, reserved 1048576K
Event: 125.502 GC heap after
Heap after GC invocations=15 (full 3):
 PSYoungGen      total 254976K, used 1655K [0x000000076ce00000, 0x000000077dc80000, 0x00000007c0000000)
  eden space 235008K, 0% used [0x000000076ce00000,0x000000076ce00000,0x000000077b380000)
  from space 19968K, 8% used [0x000000077c900000,0x000000077ca9dc28,0x000000077dc80000)
  to   space 20992K, 0% used [0x000000077b380000,0x000000077b380000,0x000000077c800000)
 ParOldGen       total 272384K, used 35045K [0x00000006c6a00000, 0x00000006d7400000, 0x000000076ce00000)
  object space 272384K, 12% used [0x00000006c6a00000,0x00000006c8c39710,0x00000006d7400000)
 Metaspace       used 57801K, capacity 59001K, committed 59136K, reserved 1099776K
  class space    used 8216K, capacity 8494K, committed 8576K, reserved 1048576K
}

