# JRE version: Java(TM) SE Runtime Environment (8.0_20-b17) (build 1.8.0_20-ea-b17)
# Java VM: Java HotSpot(TM) 64-Bit Server VM (25.20-b17 mixed mode linux-amd64 compressed oops)
Heap:
 PSYoungGen      total 224256K, used 66267K [0x000000076ce00000, 0x000000077d880000, 0x00000007c0000000)
  eden space 219136K, 27% used [0x000000076ce00000,0x00000007709bcde8,0x000000077a400000)
  from space 5120K, 99% used [0x000000077d380000,0x000000077d879f88,0x000000077d880000)
  to   space 19456K, 0% used [0x000000077b280000,0x000000077b280000,0x000000077c580000)
 ParOldGen       total 281600K, used 35201K [0x00000006c6a00000, 0x00000006d7d00000, 0x000000076ce00000)
  object space 281600K, 12% used [0x00000006c6a00000,0x00000006c8c60650,0x00000006d7d00000)
 Metaspace       used 59039K, capacity 60309K, committed 60416K, reserved 1101824K
  class space    used 8346K, capacity 8642K, committed 8704K, reserved 1048576K
GC Heap History (10 events):
Event: 17.257 GC heap before
{Heap before GC invocations=13 (full 2):
 PSYoungGen      total 213504K, used 120676K [0x000000076ce00000, 0x000000077b980000, 0x00000007c0000000)
  eden space 198144K, 53% used [0x000000076ce00000,0x00000007734dc780,0x0000000778f80000)
  from space 15360K, 99% used [0x000000077a180000,0x000000077b07cb70,0x000000077b080000)
  to   space 18432K, 0% used [0x0000000778f80000,0x0000000778f80000,0x000000077a180000)
 ParOldGen       total 195584K, used 27513K [0x00000006c6a00000, 0x00000006d2900000, 0x000000076ce00000)
  object space 195584K, 14% used [0x00000006c6a00000,0x00000006c84de6f8,0x00000006d2900000)
 Metaspace       used 57182K, capacity 58391K, committed 58504K, reserved 1099776K
  class space    used 8212K, capacity 8463K, committed 8576K, reserved 1048576K
Event: 17.269 GC heap after
Heap after GC invocations=13 (full 2):
 PSYoungGen      total 216576K, used 15618K [0x000000076ce00000, 0x000000077d180000, 0x00000007c0000000)
  eden space 198144K, 0% used [0x000000076ce00000,0x000000076ce00000,0x0000000778f80000)
  from space 18432K, 84% used [0x0000000778f80000,0x0000000779ec0b98,0x000000077a180000)
  to   space 19456K, 0% used [0x000000077be80000,0x000000077be80000,0x000000077d180000)
 ParOldGen       total 195584K, used 27521K [0x00000006c6a00000, 0x00000006d2900000, 0x000000076ce00000)
  object space 195584K, 14% used [0x00000006c6a00000,0x00000006c84e06f8,0x00000006d2900000)
 Metaspace       used 57182K, capacity 58391K, committed 58504K, reserved 1099776K
  class space    used 8212K, capacity 8463K, committed 8576K, reserved 1048576K
}
Event: 17.269 GC heap before
{Heap before GC invocations=14 (full 3):
 PSYoungGen      total 216576K, used 15618K [0x000000076ce00000, 0x000000077d180000, 0x00000007c0000000)
  eden space 198144K, 0% used [0x000000076ce00000,0x000000076ce00000,0x0000000778f80000)
  from space 18432K, 84% used [0x0000000778f80000,0x0000000779ec0b98,0x000000077a180000)
  to   space 19456K, 0% used [0x000000077be80000,0x000000077be80000,0x000000077d180000)
 ParOldGen       total 195584K, used 27521K [0x00000006c6a00000, 0x00000006d2900000, 0x000000076ce00000)
  object space 195584K, 14% used [0x00000006c6a00000,0x00000006c84e06f8,0x00000006d2900000)
 Metaspace       used 57182K, capacity 58391K, committed 58504K, reserved 1099776K
  class space    used 8212K, capacity 8463K, committed 8576K, reserved 1048576K
Event: 17.458 GC heap after
Heap after GC invocations=14 (full 3):
 PSYoungGen      total 216576K, used 0K [0x000000076ce00000, 0x000000077d180000, 0x00000007c0000000)
  eden space 198144K, 0% used [0x000000076ce00000,0x000000076ce00000,0x0000000778f80000)
  from space 18432K, 0% used [0x0000000778f80000,0x0000000778f80000,0x000000077a180000)
  to   space 19456K, 0% used [0x000000077be80000,0x000000077be80000,0x000000077d180000)
 ParOldGen       total 281600K, used 35177K [0x00000006c6a00000, 0x00000006d7d00000, 0x000000076ce00000)
  object space 281600K, 12% used [0x00000006c6a00000,0x00000006c8c5a650,0x00000006d7d00000)
 Metaspace       used 57122K, capacity 58307K, committed 58504K, reserved 1099776K
  class space    used 8211K, capacity 8459K, committed 8576K, reserved 1048576K
}
Event: 77.476 GC heap before
{Heap before GC invocations=15 (full 3):
 PSYoungGen      total 216576K, used 198144K [0x000000076ce00000, 0x000000077d180000, 0x00000007c0000000)
  eden space 198144K, 100% used [0x000000076ce00000,0x0000000778f80000,0x0000000778f80000)
  from space 18432K, 0% used [0x0000000778f80000,0x0000000778f80000,0x000000077a180000)
  to   space 19456K, 0% used [0x000000077be80000,0x000000077be80000,0x000000077d180000)
 ParOldGen       total 281600K, used 35177K [0x00000006c6a00000, 0x00000006d7d00000, 0x000000076ce00000)
  object space 281600K, 12% used [0x00000006c6a00000,0x00000006c8c5a650,0x00000006d7d00000)
 Metaspace       used 57930K, capacity 59129K, committed 59400K, reserved 1099776K
  class space    used 8291K, capacity 8590K, committed 8704K, reserved 1048576K
Event: 77.484 GC heap after
Heap after GC invocations=15 (full 3):
 PSYoungGen      total 242176K, used 2923K [0x000000076ce00000, 0x000000077d000000, 0x00000007c0000000)
  eden space 224256K, 0% used [0x000000076ce00000,0x000000076ce00000,0x000000077a900000)
  from space 17920K, 16% used [0x000000077be80000,0x000000077c15afd8,0x000000077d000000)
  to   space 19968K, 0% used [0x000000077a900000,0x000000077a900000,0x000000077bc80000)
 ParOldGen       total 281600K, used 35185K [0x00000006c6a00000, 0x00000006d7d00000, 0x000000076ce00000)
  object space 281600K, 12% used [0x00000006c6a00000,0x00000006c8c5c650,0x00000006d7d00000)
 Metaspace       used 57930K, capacity 59129K, committed 59400K, reserved 1099776K
  class space    used 8291K, capacity 8590K, committed 8704K, reserved 1048576K
}
Event: 165.026 GC heap before
{Heap before GC invocations=16 (full 3):
 PSYoungGen      total 242176K, used 227179K [0x000000076ce00000, 0x000000077d000000, 0x00000007c0000000)
  eden space 224256K, 100% used [0x000000076ce00000,0x000000077a900000,0x000000077a900000)
  from space 17920K, 16% used [0x000000077be80000,0x000000077c15afd8,0x000000077d000000)
  to   space 19968K, 0% used [0x000000077a900000,0x000000077a900000,0x000000077bc80000)
 ParOldGen       total 281600K, used 35185K [0x00000006c6a00000, 0x00000006d7d00000, 0x000000076ce00000)
  object space 281600K, 12% used [0x00000006c6a00000,0x00000006c8c5c650,0x00000006d7d00000)
 Metaspace       used 58503K, capacity 59711K, committed 59904K, reserved 1099776K
  class space    used 8314K, capacity 8601K, committed 8704K, reserved 1048576K
Event: 165.032 GC heap after
Heap after GC invocations=16 (full 3):
 PSYoungGen      total 244224K, used 4541K [0x000000076ce00000, 0x000000077e700000, 0x00000007c0000000)
  eden space 224256K, 0% used [0x000000076ce00000,0x000000076ce00000,0x000000077a900000)
  from space 19968K, 22% used [0x000000077a900000,0x000000077ad6f520,0x000000077bc80000)
  to   space 19968K, 0% used [0x000000077d380000,0x000000077d380000,0x000000077e700000)
 ParOldGen       total 281600K, used 35193K [0x00000006c6a00000, 0x00000006d7d00000, 0x000000076ce00000)
  object space 281600K, 12% used [0x00000006c6a00000,0x00000006c8c5e650,0x00000006d7d00000)
 Metaspace       used 58503K, capacity 59711K, committed 59904K, reserved 1099776K
  class space    used 8314K, capacity 8601K, committed 8704K, reserved 1048576K
}
Event: 558.179 GC heap before
{Heap before GC invocations=17 (full 3):
 PSYoungGen      total 244224K, used 228797K [0x000000076ce00000, 0x000000077e700000, 0x00000007c0000000)
  eden space 224256K, 100% used [0x000000076ce00000,0x000000077a900000,0x000000077a900000)
  from space 19968K, 22% used [0x000000077a900000,0x000000077ad6f520,0x000000077bc80000)
  to   space 19968K, 0% used [0x000000077d380000,0x000000077d380000,0x000000077e700000)
 ParOldGen       total 281600K, used 35193K [0x00000006c6a00000, 0x00000006d7d00000, 0x000000076ce00000)
  object space 281600K, 12% used [0x00000006c6a00000,0x00000006c8c5e650,0x00000006d7d00000)
 Metaspace       used 58841K, capacity 60151K, committed 60416K, reserved 1101824K
  class space    used 8325K, capacity 8637K, committed 8704K, reserved 1048576K
Event: 558.186 GC heap after
Heap after GC invocations=17 (full 3):
 PSYoungGen      total 224256K, used 5095K [0x000000076ce00000, 0x000000077d880000, 0x00000007c0000000)
  eden space 219136K, 0% used [0x000000076ce00000,0x000000076ce00000,0x000000077a400000)
  from space 5120K, 99% used [0x000000077d380000,0x000000077d879f88,0x000000077d880000)
  to   space 19456K, 0% used [0x000000077b280000,0x000000077b280000,0x000000077c580000)
 ParOldGen       total 281600K, used 35201K [0x00000006c6a00000, 0x00000006d7d00000, 0x000000076ce00000)
  object space 281600K, 12% used [0x00000006c6a00000,0x00000006c8c60650,0x00000006d7d00000)
 Metaspace       used 58841K, capacity 60151K, committed 60416K, reserved 1101824K
  class space    used 8325K, capacity 8637K, committed 8704K, reserved 1048576K
}

