# JRE version: Java(TM) SE Runtime Environment (8.0_20-b17) (build 1.8.0_20-ea-b17)
# Java VM: Java HotSpot(TM) 64-Bit Server VM (25.20-b17 mixed mode linux-amd64 compressed oops)
Heap:
 PSYoungGen      total 168960K, used 37595K [0x000000076ce00000, 0x0000000778400000, 0x00000007c0000000)
  eden space 165888K, 20% used [0x000000076ce00000,0x000000076efdd0c0,0x0000000777000000)
  from space 3072K, 95% used [0x0000000777380000,0x0000000777659bb0,0x0000000777680000)
  to   space 10240K, 0% used [0x0000000777a00000,0x0000000777a00000,0x0000000778400000)
 ParOldGen       total 249856K, used 36944K [0x00000006c6a00000, 0x00000006d5e00000, 0x000000076ce00000)
  object space 249856K, 14% used [0x00000006c6a00000,0x00000006c8e14170,0x00000006d5e00000)
 Metaspace       used 61286K, capacity 62718K, committed 62976K, reserved 1103872K
  class space    used 8602K, capacity 8942K, committed 8960K, reserved 1048576K
GC Heap History (10 events):
Event: 4125.409 GC heap before
{Heap before GC invocations=32 (full 3):
 PSYoungGen      total 194048K, used 186532K [0x000000076ce00000, 0x0000000779d80000, 0x00000007c0000000)
  eden space 184832K, 100% used [0x000000076ce00000,0x0000000778280000,0x0000000778280000)
  from space 9216K, 18% used [0x0000000779480000,0x00000007796291a8,0x0000000779d80000)
  to   space 13824K, 0% used [0x0000000778280000,0x0000000778280000,0x0000000779000000)
 ParOldGen       total 249856K, used 36108K [0x00000006c6a00000, 0x00000006d5e00000, 0x000000076ce00000)
  object space 249856K, 14% used [0x00000006c6a00000,0x00000006c8d431b0,0x00000006d5e00000)
 Metaspace       used 60009K, capacity 61166K, committed 61440K, reserved 1101824K
  class space    used 8366K, capacity 8646K, committed 8704K, reserved 1048576K
Event: 4125.414 GC heap after
Heap after GC invocations=32 (full 3):
 PSYoungGen      total 182784K, used 1700K [0x000000076ce00000, 0x0000000779780000, 0x00000007c0000000)
  eden space 180736K, 0% used [0x000000076ce00000,0x000000076ce00000,0x0000000777e80000)
  from space 2048K, 83% used [0x0000000778280000,0x00000007784291a8,0x0000000778480000)
  to   space 12800K, 0% used [0x0000000778b00000,0x0000000778b00000,0x0000000779780000)
 ParOldGen       total 249856K, used 36252K [0x00000006c6a00000, 0x00000006d5e00000, 0x000000076ce00000)
  object space 249856K, 14% used [0x00000006c6a00000,0x00000006c8d671d0,0x00000006d5e00000)
 Metaspace       used 60009K, capacity 61166K, committed 61440K, reserved 1101824K
  class space    used 8366K, capacity 8646K, committed 8704K, reserved 1048576K
}
Event: 4374.098 GC heap before
{Heap before GC invocations=33 (full 3):
 PSYoungGen      total 182784K, used 182436K [0x000000076ce00000, 0x0000000779780000, 0x00000007c0000000)
  eden space 180736K, 100% used [0x000000076ce00000,0x0000000777e80000,0x0000000777e80000)
  from space 2048K, 83% used [0x0000000778280000,0x00000007784291a8,0x0000000778480000)
  to   space 12800K, 0% used [0x0000000778b00000,0x0000000778b00000,0x0000000779780000)
 ParOldGen       total 249856K, used 36252K [0x00000006c6a00000, 0x00000006d5e00000, 0x000000076ce00000)
  object space 249856K, 14% used [0x00000006c6a00000,0x00000006c8d671d0,0x00000006d5e00000)
 Metaspace       used 60014K, capacity 61166K, committed 61440K, reserved 1101824K
  class space    used 8366K, capacity 8646K, committed 8704K, reserved 1048576K
Event: 4374.104 GC heap after
Heap after GC invocations=33 (full 3):
 PSYoungGen      total 184320K, used 1536K [0x000000076ce00000, 0x0000000779280000, 0x00000007c0000000)
  eden space 176640K, 0% used [0x000000076ce00000,0x000000076ce00000,0x0000000777a80000)
  from space 7680K, 20% used [0x0000000778b00000,0x0000000778c80288,0x0000000779280000)
  to   space 12288K, 0% used [0x0000000777a80000,0x0000000777a80000,0x0000000778680000)
 ParOldGen       total 249856K, used 36528K [0x00000006c6a00000, 0x00000006d5e00000, 0x000000076ce00000)
  object space 249856K, 14% used [0x00000006c6a00000,0x00000006c8dac100,0x00000006d5e00000)
 Metaspace       used 60014K, capacity 61166K, committed 61440K, reserved 1101824K
  class space    used 8366K, capacity 8646K, committed 8704K, reserved 1048576K
}
Event: 4391.066 GC heap before
{Heap before GC invocations=34 (full 3):
 PSYoungGen      total 184320K, used 178176K [0x000000076ce00000, 0x0000000779280000, 0x00000007c0000000)
  eden space 176640K, 100% used [0x000000076ce00000,0x0000000777a80000,0x0000000777a80000)
  from space 7680K, 20% used [0x0000000778b00000,0x0000000778c80288,0x0000000779280000)
  to   space 12288K, 0% used [0x0000000777a80000,0x0000000777a80000,0x0000000778680000)
 ParOldGen       total 249856K, used 36528K [0x00000006c6a00000, 0x00000006d5e00000, 0x000000076ce00000)
  object space 249856K, 14% used [0x00000006c6a00000,0x00000006c8dac100,0x00000006d5e00000)
 Metaspace       used 60952K, capacity 62396K, committed 62720K, reserved 1103872K
  class space    used 8553K, capacity 8883K, committed 8960K, reserved 1048576K
Event: 4391.071 GC heap after
Heap after GC invocations=34 (full 3):
 PSYoungGen      total 176640K, used 3501K [0x000000076ce00000, 0x0000000778e00000, 0x00000007c0000000)
  eden space 173056K, 0% used [0x000000076ce00000,0x000000076ce00000,0x0000000777700000)
  from space 3584K, 97% used [0x0000000777a80000,0x0000000777deb5b0,0x0000000777e00000)
  to   space 11776K, 0% used [0x0000000778280000,0x0000000778280000,0x0000000778e00000)
 ParOldGen       total 249856K, used 36696K [0x00000006c6a00000, 0x00000006d5e00000, 0x000000076ce00000)
  object space 249856K, 14% used [0x00000006c6a00000,0x00000006c8dd6130,0x00000006d5e00000)
 Metaspace       used 60952K, capacity 62396K, committed 62720K, reserved 1103872K
  class space    used 8553K, capacity 8883K, committed 8960K, reserved 1048576K
}
Event: 4776.381 GC heap before
{Heap before GC invocations=35 (full 3):
 PSYoungGen      total 176640K, used 176557K [0x000000076ce00000, 0x0000000778e00000, 0x00000007c0000000)
  eden space 173056K, 100% used [0x000000076ce00000,0x0000000777700000,0x0000000777700000)
  from space 3584K, 97% used [0x0000000777a80000,0x0000000777deb5b0,0x0000000777e00000)
  to   space 11776K, 0% used [0x0000000778280000,0x0000000778280000,0x0000000778e00000)
 ParOldGen       total 249856K, used 36696K [0x00000006c6a00000, 0x00000006d5e00000, 0x000000076ce00000)
  object space 249856K, 14% used [0x00000006c6a00000,0x00000006c8dd6130,0x00000006d5e00000)
 Metaspace       used 61120K, capacity 62598K, committed 62720K, reserved 1103872K
  class space    used 8579K, capacity 8906K, committed 8960K, reserved 1048576K
Event: 4776.386 GC heap after
Heap after GC invocations=35 (full 3):
 PSYoungGen      total 175616K, used 3078K [0x000000076ce00000, 0x0000000778880000, 0x00000007c0000000)
  eden space 169472K, 0% used [0x000000076ce00000,0x000000076ce00000,0x0000000777380000)
  from space 6144K, 50% used [0x0000000778280000,0x0000000778581bd0,0x0000000778880000)
  to   space 10752K, 0% used [0x0000000777380000,0x0000000777380000,0x0000000777e00000)
 ParOldGen       total 249856K, used 36832K [0x00000006c6a00000, 0x00000006d5e00000, 0x000000076ce00000)
  object space 249856K, 14% used [0x00000006c6a00000,0x00000006c8df8170,0x00000006d5e00000)
 Metaspace       used 61120K, capacity 62598K, committed 62720K, reserved 1103872K
  class space    used 8579K, capacity 8906K, committed 8960K, reserved 1048576K
}
Event: 5239.174 GC heap before
{Heap before GC invocations=36 (full 3):
 PSYoungGen      total 175616K, used 172550K [0x000000076ce00000, 0x0000000778880000, 0x00000007c0000000)
  eden space 169472K, 100% used [0x000000076ce00000,0x0000000777380000,0x0000000777380000)
  from space 6144K, 50% used [0x0000000778280000,0x0000000778581bd0,0x0000000778880000)
  to   space 10752K, 0% used [0x0000000777380000,0x0000000777380000,0x0000000777e00000)
 ParOldGen       total 249856K, used 36832K [0x00000006c6a00000, 0x00000006d5e00000, 0x000000076ce00000)
  object space 249856K, 14% used [0x00000006c6a00000,0x00000006c8df8170,0x00000006d5e00000)
 Metaspace       used 61132K, capacity 62598K, committed 62720K, reserved 1103872K
  class space    used 8579K, capacity 8906K, committed 8960K, reserved 1048576K
Event: 5239.182 GC heap after
Heap after GC invocations=36 (full 3):
 PSYoungGen      total 168960K, used 2918K [0x000000076ce00000, 0x0000000778400000, 0x00000007c0000000)
  eden space 165888K, 0% used [0x000000076ce00000,0x000000076ce00000,0x0000000777000000)
  from space 3072K, 95% used [0x0000000777380000,0x0000000777659bb0,0x0000000777680000)
  to   space 10240K, 0% used [0x0000000777a00000,0x0000000777a00000,0x0000000778400000)
 ParOldGen       total 249856K, used 36944K [0x00000006c6a00000, 0x00000006d5e00000, 0x000000076ce00000)
  object space 249856K, 14% used [0x00000006c6a00000,0x00000006c8e14170,0x00000006d5e00000)
 Metaspace       used 61132K, capacity 62598K, committed 62720K, reserved 1103872K
  class space    used 8579K, capacity 8906K, committed 8960K, reserved 1048576K
}

