# JRE version: Java(TM) SE Runtime Environment (8.0_20-b17) (build 1.8.0_20-ea-b17)
# Java VM: Java HotSpot(TM) 64-Bit Server VM (25.20-b17 mixed mode linux-amd64 compressed oops)
Heap:
 PSYoungGen      total 500736K, used 376259K [0x000000076ce00000, 0x000000078d280000, 0x00000007c0000000)
  eden space 486912K, 76% used [0x000000076ce00000,0x00000007838f4d78,0x000000078a980000)
  from space 13824K, 33% used [0x000000078c500000,0x000000078c97c050,0x000000078d280000)
  to   space 20992K, 0% used [0x000000078a980000,0x000000078a980000,0x000000078be00000)
 ParOldGen       total 227840K, used 34790K [0x00000006c6a00000, 0x00000006d4880000, 0x000000076ce00000)
  object space 227840K, 15% used [0x00000006c6a00000,0x00000006c8bf9898,0x00000006d4880000)
 Metaspace       used 60860K, capacity 62354K, committed 62592K, reserved 1103872K
  class space    used 8666K, capacity 9004K, committed 9088K, reserved 1048576K
GC Heap History (10 events):
Event: 6.423 GC heap before
{Heap before GC invocations=9 (full 2):
 PSYoungGen      total 289792K, used 274944K [0x000000076ce00000, 0x0000000785980000, 0x00000007c0000000)
  eden space 274944K, 100% used [0x000000076ce00000,0x000000077da80000,0x000000077da80000)
  from space 14848K, 0% used [0x000000077ea00000,0x000000077ea00000,0x000000077f880000)
  to   space 15872K, 0% used [0x000000077da80000,0x000000077da80000,0x000000077ea00000)
 ParOldGen       total 179712K, used 23622K [0x00000006c6a00000, 0x00000006d1980000, 0x000000076ce00000)
  object space 179712K, 13% used [0x00000006c6a00000,0x00000006c81118d0,0x00000006d1980000)
 Metaspace       used 43559K, capacity 44386K, committed 44672K, reserved 1087488K
  class space    used 6311K, capacity 6496K, committed 6528K, reserved 1048576K
Event: 6.434 GC heap after
Heap after GC invocations=9 (full 2):
 PSYoungGen      total 290816K, used 10375K [0x000000076ce00000, 0x0000000785880000, 0x00000007c0000000)
  eden space 274944K, 0% used [0x000000076ce00000,0x000000076ce00000,0x000000077da80000)
  from space 15872K, 65% used [0x000000077da80000,0x000000077e4a1c60,0x000000077ea00000)
  to   space 14848K, 0% used [0x0000000784a00000,0x0000000784a00000,0x0000000785880000)
 ParOldGen       total 179712K, used 23630K [0x00000006c6a00000, 0x00000006d1980000, 0x000000076ce00000)
  object space 179712K, 13% used [0x00000006c6a00000,0x00000006c81138d0,0x00000006d1980000)
 Metaspace       used 43559K, capacity 44386K, committed 44672K, reserved 1087488K
  class space    used 6311K, capacity 6496K, committed 6528K, reserved 1048576K
}
Event: 13.974 GC heap before
{Heap before GC invocations=10 (full 2):
 PSYoungGen      total 290816K, used 285319K [0x000000076ce00000, 0x0000000785880000, 0x00000007c0000000)
  eden space 274944K, 100% used [0x000000076ce00000,0x000000077da80000,0x000000077da80000)
  from space 15872K, 65% used [0x000000077da80000,0x000000077e4a1c60,0x000000077ea00000)
  to   space 14848K, 0% used [0x0000000784a00000,0x0000000784a00000,0x0000000785880000)
 ParOldGen       total 179712K, used 23630K [0x00000006c6a00000, 0x00000006d1980000, 0x000000076ce00000)
  object space 179712K, 13% used [0x00000006c6a00000,0x00000006c81138d0,0x00000006d1980000)
 Metaspace       used 56957K, capacity 58070K, committed 58240K, reserved 1099776K
  class space    used 8195K, capacity 8451K, committed 8576K, reserved 1048576K
Event: 13.995 GC heap after
Heap after GC invocations=10 (full 2):
 PSYoungGen      total 375296K, used 14831K [0x000000076ce00000, 0x0000000785880000, 0x00000007c0000000)
  eden space 360448K, 0% used [0x000000076ce00000,0x000000076ce00000,0x0000000782e00000)
  from space 14848K, 99% used [0x0000000784a00000,0x000000078587bf00,0x0000000785880000)
  to   space 19968K, 0% used [0x0000000783180000,0x0000000783180000,0x0000000784500000)
 ParOldGen       total 179712K, used 31267K [0x00000006c6a00000, 0x00000006d1980000, 0x000000076ce00000)
  object space 179712K, 17% used [0x00000006c6a00000,0x00000006c8888d40,0x00000006d1980000)
 Metaspace       used 56957K, capacity 58070K, committed 58240K, reserved 1099776K
  class space    used 8195K, capacity 8451K, committed 8576K, reserved 1048576K
}
Event: 14.106 GC heap before
{Heap before GC invocations=11 (full 2):
 PSYoungGen      total 375296K, used 24497K [0x000000076ce00000, 0x0000000785880000, 0x00000007c0000000)
  eden space 360448K, 2% used [0x000000076ce00000,0x000000076d7706c0,0x0000000782e00000)
  from space 14848K, 99% used [0x0000000784a00000,0x000000078587bf00,0x0000000785880000)
  to   space 19968K, 0% used [0x0000000783180000,0x0000000783180000,0x0000000784500000)
 ParOldGen       total 179712K, used 31267K [0x00000006c6a00000, 0x00000006d1980000, 0x000000076ce00000)
  object space 179712K, 17% used [0x00000006c6a00000,0x00000006c8888d40,0x00000006d1980000)
 Metaspace       used 57362K, capacity 58482K, committed 58524K, reserved 1099776K
  class space    used 8284K, capacity 8541K, committed 8576K, reserved 1048576K
Event: 14.124 GC heap after
Heap after GC invocations=11 (full 2):
 PSYoungGen      total 384000K, used 15166K [0x000000076ce00000, 0x000000078d900000, 0x00000007c0000000)
  eden space 364032K, 0% used [0x000000076ce00000,0x000000076ce00000,0x0000000783180000)
  from space 19968K, 75% used [0x0000000783180000,0x000000078404fbd8,0x0000000784500000)
  to   space 20480K, 0% used [0x000000078c500000,0x000000078c500000,0x000000078d900000)
 ParOldGen       total 179712K, used 31275K [0x00000006c6a00000, 0x00000006d1980000, 0x000000076ce00000)
  object space 179712K, 17% used [0x00000006c6a00000,0x00000006c888ad40,0x00000006d1980000)
 Metaspace       used 57362K, capacity 58482K, committed 58524K, reserved 1099776K
  class space    used 8284K, capacity 8541K, committed 8576K, reserved 1048576K
}
Event: 14.125 GC heap before
{Heap before GC invocations=12 (full 3):
 PSYoungGen      total 384000K, used 15166K [0x000000076ce00000, 0x000000078d900000, 0x00000007c0000000)
  eden space 364032K, 0% used [0x000000076ce00000,0x000000076ce00000,0x0000000783180000)
  from space 19968K, 75% used [0x0000000783180000,0x000000078404fbd8,0x0000000784500000)
  to   space 20480K, 0% used [0x000000078c500000,0x000000078c500000,0x000000078d900000)
 ParOldGen       total 179712K, used 31275K [0x00000006c6a00000, 0x00000006d1980000, 0x000000076ce00000)
  object space 179712K, 17% used [0x00000006c6a00000,0x00000006c888ad40,0x00000006d1980000)
 Metaspace       used 57362K, capacity 58482K, committed 58524K, reserved 1099776K
  class space    used 8284K, capacity 8541K, committed 8576K, reserved 1048576K
Event: 14.332 GC heap after
Heap after GC invocations=12 (full 3):
 PSYoungGen      total 384000K, used 0K [0x000000076ce00000, 0x000000078d900000, 0x00000007c0000000)
  eden space 364032K, 0% used [0x000000076ce00000,0x000000076ce00000,0x0000000783180000)
  from space 19968K, 0% used [0x0000000783180000,0x0000000783180000,0x0000000784500000)
  to   space 20480K, 0% used [0x000000078c500000,0x000000078c500000,0x000000078d900000)
 ParOldGen       total 227840K, used 34782K [0x00000006c6a00000, 0x00000006d4880000, 0x000000076ce00000)
  object space 227840K, 15% used [0x00000006c6a00000,0x00000006c8bf7898,0x00000006d4880000)
 Metaspace       used 57291K, capacity 58384K, committed 58524K, reserved 1099776K
  class space    used 8282K, capacity 8535K, committed 8576K, reserved 1048576K
}
Event: 49.526 GC heap before
{Heap before GC invocations=13 (full 3):
 PSYoungGen      total 384000K, used 364032K [0x000000076ce00000, 0x000000078d900000, 0x00000007c0000000)
  eden space 364032K, 100% used [0x000000076ce00000,0x0000000783180000,0x0000000783180000)
  from space 19968K, 0% used [0x0000000783180000,0x0000000783180000,0x0000000784500000)
  to   space 20480K, 0% used [0x000000078c500000,0x000000078c500000,0x000000078d900000)
 ParOldGen       total 227840K, used 34782K [0x00000006c6a00000, 0x00000006d4880000, 0x000000076ce00000)
  object space 227840K, 15% used [0x00000006c6a00000,0x00000006c8bf7898,0x00000006d4880000)
 Metaspace       used 59761K, capacity 61238K, committed 61440K, reserved 1101824K
  class space    used 8626K, capacity 8952K, committed 8960K, reserved 1048576K
Event: 49.533 GC heap after
Heap after GC invocations=13 (full 3):
 PSYoungGen      total 500736K, used 4592K [0x000000076ce00000, 0x000000078d280000, 0x00000007c0000000)
  eden space 486912K, 0% used [0x000000076ce00000,0x000000076ce00000,0x000000078a980000)
  from space 13824K, 33% used [0x000000078c500000,0x000000078c97c050,0x000000078d280000)
  to   space 20992K, 0% used [0x000000078a980000,0x000000078a980000,0x000000078be00000)
 ParOldGen       total 227840K, used 34790K [0x00000006c6a00000, 0x00000006d4880000, 0x000000076ce00000)
  object space 227840K, 15% used [0x00000006c6a00000,0x00000006c8bf9898,0x00000006d4880000)
 Metaspace       used 59761K, capacity 61238K, committed 61440K, reserved 1101824K
  class space    used 8626K, capacity 8952K, committed 8960K, reserved 1048576K
}

