# JRE version: Java(TM) SE Runtime Environment (8.0_20-b17) (build 1.8.0_20-ea-b17)
# Java VM: Java HotSpot(TM) 64-Bit Server VM (25.20-b17 mixed mode linux-amd64 compressed oops)
Heap:
 PSYoungGen      total 245248K, used 172005K [0x000000076ce00000, 0x000000077f900000, 0x00000007c0000000)
  eden space 225280K, 76% used [0x000000076ce00000,0x00000007775f94b0,0x000000077aa00000)
  from space 19968K, 0% used [0x000000077aa00000,0x000000077aa00000,0x000000077bd80000)
  to   space 20480K, 0% used [0x000000077e500000,0x000000077e500000,0x000000077f900000)
 ParOldGen       total 254464K, used 34847K [0x00000006c6a00000, 0x00000006d6280000, 0x000000076ce00000)
  object space 254464K, 13% used [0x00000006c6a00000,0x00000006c8c07e78,0x00000006d6280000)
 Metaspace       used 58794K, capacity 60028K, committed 60288K, reserved 1101824K
  class space    used 8423K, capacity 8723K, committed 8832K, reserved 1048576K
GC Heap History (10 events):
Event: 5.823 GC heap before
{Heap before GC invocations=10 (full 2):
 PSYoungGen      total 150528K, used 135680K [0x000000076ce00000, 0x000000077ad80000, 0x00000007c0000000)
  eden space 135680K, 100% used [0x000000076ce00000,0x0000000775280000,0x0000000775280000)
  from space 14848K, 0% used [0x0000000775280000,0x0000000775280000,0x0000000776100000)
  to   space 15872K, 0% used [0x0000000779e00000,0x0000000779e00000,0x000000077ad80000)
 ParOldGen       total 178688K, used 23634K [0x00000006c6a00000, 0x00000006d1880000, 0x000000076ce00000)
  object space 178688K, 13% used [0x00000006c6a00000,0x00000006c8114b80,0x00000006d1880000)
 Metaspace       used 39537K, capacity 40110K, committed 40448K, reserved 1083392K
  class space    used 5739K, capacity 5874K, committed 5888K, reserved 1048576K
Event: 5.830 GC heap after
Heap after GC invocations=10 (full 2):
 PSYoungGen      total 195584K, used 5923K [0x000000076ce00000, 0x000000077a500000, 0x00000007c0000000)
  eden space 188416K, 0% used [0x000000076ce00000,0x000000076ce00000,0x0000000778600000)
  from space 7168K, 82% used [0x0000000779e00000,0x000000077a3c8ee0,0x000000077a500000)
  to   space 15872K, 0% used [0x0000000778600000,0x0000000778600000,0x0000000779580000)
 ParOldGen       total 178688K, used 23642K [0x00000006c6a00000, 0x00000006d1880000, 0x000000076ce00000)
  object space 178688K, 13% used [0x00000006c6a00000,0x00000006c8116b80,0x00000006d1880000)
 Metaspace       used 39537K, capacity 40110K, committed 40448K, reserved 1083392K
  class space    used 5739K, capacity 5874K, committed 5888K, reserved 1048576K
}
Event: 6.831 GC heap before
{Heap before GC invocations=11 (full 2):
 PSYoungGen      total 195584K, used 194339K [0x000000076ce00000, 0x000000077a500000, 0x00000007c0000000)
  eden space 188416K, 100% used [0x000000076ce00000,0x0000000778600000,0x0000000778600000)
  from space 7168K, 82% used [0x0000000779e00000,0x000000077a3c8ee0,0x000000077a500000)
  to   space 15872K, 0% used [0x0000000778600000,0x0000000778600000,0x0000000779580000)
 ParOldGen       total 178688K, used 23642K [0x00000006c6a00000, 0x00000006d1880000, 0x000000076ce00000)
  object space 178688K, 13% used [0x00000006c6a00000,0x00000006c8116b80,0x00000006d1880000)
 Metaspace       used 44689K, capacity 45170K, committed 45440K, reserved 1087488K
  class space    used 6621K, capacity 6744K, committed 6784K, reserved 1048576K
Event: 6.842 GC heap after
Heap after GC invocations=11 (full 2):
 PSYoungGen      total 204288K, used 10385K [0x000000076ce00000, 0x000000077ce00000, 0x00000007c0000000)
  eden space 188416K, 0% used [0x000000076ce00000,0x000000076ce00000,0x0000000778600000)
  from space 15872K, 65% used [0x0000000778600000,0x0000000779024598,0x0000000779580000)
  to   space 15872K, 0% used [0x000000077be80000,0x000000077be80000,0x000000077ce00000)
 ParOldGen       total 178688K, used 23650K [0x00000006c6a00000, 0x00000006d1880000, 0x000000076ce00000)
  object space 178688K, 13% used [0x00000006c6a00000,0x00000006c8118b80,0x00000006d1880000)
 Metaspace       used 44689K, capacity 45170K, committed 45440K, reserved 1087488K
  class space    used 6621K, capacity 6744K, committed 6784K, reserved 1048576K
}
Event: 13.465 GC heap before
{Heap before GC invocations=12 (full 2):
 PSYoungGen      total 204288K, used 198801K [0x000000076ce00000, 0x000000077ce00000, 0x00000007c0000000)
  eden space 188416K, 100% used [0x000000076ce00000,0x0000000778600000,0x0000000778600000)
  from space 15872K, 65% used [0x0000000778600000,0x0000000779024598,0x0000000779580000)
  to   space 15872K, 0% used [0x000000077be80000,0x000000077be80000,0x000000077ce00000)
 ParOldGen       total 178688K, used 23650K [0x00000006c6a00000, 0x00000006d1880000, 0x000000076ce00000)
  object space 178688K, 13% used [0x00000006c6a00000,0x00000006c8118b80,0x00000006d1880000)
 Metaspace       used 57236K, capacity 58230K, committed 58496K, reserved 1099776K
  class space    used 8262K, capacity 8531K, committed 8576K, reserved 1048576K
Event: 13.485 GC heap after
Heap after GC invocations=12 (full 2):
 PSYoungGen      total 241152K, used 15843K [0x000000076ce00000, 0x000000077d100000, 0x00000007c0000000)
  eden space 225280K, 0% used [0x000000076ce00000,0x000000076ce00000,0x000000077aa00000)
  from space 15872K, 99% used [0x000000077be80000,0x000000077cdf8eb8,0x000000077ce00000)
  to   space 19968K, 0% used [0x000000077aa00000,0x000000077aa00000,0x000000077bd80000)
 ParOldGen       total 178688K, used 29652K [0x00000006c6a00000, 0x00000006d1880000, 0x000000076ce00000)
  object space 178688K, 16% used [0x00000006c6a00000,0x00000006c86f50e8,0x00000006d1880000)
 Metaspace       used 57236K, capacity 58230K, committed 58496K, reserved 1099776K
  class space    used 8262K, capacity 8531K, committed 8576K, reserved 1048576K
}
Event: 16.586 GC heap before
{Heap before GC invocations=13 (full 2):
 PSYoungGen      total 241152K, used 43280K [0x000000076ce00000, 0x000000077d100000, 0x00000007c0000000)
  eden space 225280K, 12% used [0x000000076ce00000,0x000000076e8cb500,0x000000077aa00000)
  from space 15872K, 99% used [0x000000077be80000,0x000000077cdf8eb8,0x000000077ce00000)
  to   space 19968K, 0% used [0x000000077aa00000,0x000000077aa00000,0x000000077bd80000)
 ParOldGen       total 178688K, used 29652K [0x00000006c6a00000, 0x00000006d1880000, 0x000000076ce00000)
  object space 178688K, 16% used [0x00000006c6a00000,0x00000006c86f50e8,0x00000006d1880000)
 Metaspace       used 57430K, capacity 58428K, committed 58496K, reserved 1099776K
  class space    used 8278K, capacity 8532K, committed 8576K, reserved 1048576K
Event: 16.603 GC heap after
Heap after GC invocations=13 (full 2):
 PSYoungGen      total 245248K, used 15279K [0x000000076ce00000, 0x000000077f900000, 0x00000007c0000000)
  eden space 225280K, 0% used [0x000000076ce00000,0x000000076ce00000,0x000000077aa00000)
  from space 19968K, 76% used [0x000000077aa00000,0x000000077b8ebe48,0x000000077bd80000)
  to   space 20480K, 0% used [0x000000077e500000,0x000000077e500000,0x000000077f900000)
 ParOldGen       total 178688K, used 29660K [0x00000006c6a00000, 0x00000006d1880000, 0x000000076ce00000)
  object space 178688K, 16% used [0x00000006c6a00000,0x00000006c86f70e8,0x00000006d1880000)
 Metaspace       used 57430K, capacity 58428K, committed 58496K, reserved 1099776K
  class space    used 8278K, capacity 8532K, committed 8576K, reserved 1048576K
}
Event: 16.603 GC heap before
{Heap before GC invocations=14 (full 3):
 PSYoungGen      total 245248K, used 15279K [0x000000076ce00000, 0x000000077f900000, 0x00000007c0000000)
  eden space 225280K, 0% used [0x000000076ce00000,0x000000076ce00000,0x000000077aa00000)
  from space 19968K, 76% used [0x000000077aa00000,0x000000077b8ebe48,0x000000077bd80000)
  to   space 20480K, 0% used [0x000000077e500000,0x000000077e500000,0x000000077f900000)
 ParOldGen       total 178688K, used 29660K [0x00000006c6a00000, 0x00000006d1880000, 0x000000076ce00000)
  object space 178688K, 16% used [0x00000006c6a00000,0x00000006c86f70e8,0x00000006d1880000)
 Metaspace       used 57430K, capacity 58428K, committed 58496K, reserved 1099776K
  class space    used 8278K, capacity 8532K, committed 8576K, reserved 1048576K
Event: 16.796 GC heap after
Heap after GC invocations=14 (full 3):
 PSYoungGen      total 245248K, used 0K [0x000000076ce00000, 0x000000077f900000, 0x00000007c0000000)
  eden space 225280K, 0% used [0x000000076ce00000,0x000000076ce00000,0x000000077aa00000)
  from space 19968K, 0% used [0x000000077aa00000,0x000000077aa00000,0x000000077bd80000)
  to   space 20480K, 0% used [0x000000077e500000,0x000000077e500000,0x000000077f900000)
 ParOldGen       total 254464K, used 34847K [0x00000006c6a00000, 0x00000006d6280000, 0x000000076ce00000)
  object space 254464K, 13% used [0x00000006c6a00000,0x00000006c8c07e78,0x00000006d6280000)
 Metaspace       used 57359K, capacity 58330K, committed 58496K, reserved 1099776K
  class space    used 8277K, capacity 8526K, committed 8576K, reserved 1048576K
}

