# JRE version: Java(TM) SE Runtime Environment (8.0_20-b17) (build 1.8.0_20-ea-b17)
# Java VM: Java HotSpot(TM) 64-Bit Server VM (25.20-b17 mixed mode linux-amd64 compressed oops)
Heap:
 PSYoungGen      total 193024K, used 102761K [0x000000076ce00000, 0x000000077bd00000, 0x00000007c0000000)
  eden space 176640K, 49% used [0x000000076ce00000,0x000000077241abe0,0x0000000777a80000)
  from space 16384K, 89% used [0x0000000777a80000,0x00000007788bfbe8,0x0000000778a80000)
  to   space 17408K, 0% used [0x000000077ac00000,0x000000077ac00000,0x000000077bd00000)
 ParOldGen       total 186880K, used 23661K [0x00000006c6a00000, 0x00000006d2080000, 0x000000076ce00000)
  object space 186880K, 12% used [0x00000006c6a00000,0x00000006c811b6d8,0x00000006d2080000)
 Metaspace       used 51416K, capacity 52038K, committed 52440K, reserved 1093632K
  class space    used 7415K, capacity 7596K, committed 7680K, reserved 1048576K
GC Heap History (10 events):
Event: 3.908 GC heap before
{Heap before GC invocations=7 (full 1):
 PSYoungGen      total 137216K, used 133314K [0x000000076ce00000, 0x0000000776c80000, 0x00000007c0000000)
  eden space 126976K, 100% used [0x000000076ce00000,0x0000000774a00000,0x0000000774a00000)
  from space 10240K, 61% used [0x0000000774a00000,0x00000007750309a8,0x0000000775400000)
  to   space 14848K, 0% used [0x0000000775e00000,0x0000000775e00000,0x0000000776c80000)
 ParOldGen       total 114176K, used 12716K [0x00000006c6a00000, 0x00000006cd980000, 0x000000076ce00000)
  object space 114176K, 11% used [0x00000006c6a00000,0x00000006c766b2b0,0x00000006cd980000)
 Metaspace       used 28876K, capacity 29242K, committed 29568K, reserved 1075200K
  class space    used 3240K, capacity 3360K, committed 3456K, reserved 1048576K
Event: 3.913 GC heap after
Heap after GC invocations=7 (full 1):
 PSYoungGen      total 147456K, used 5710K [0x000000076ce00000, 0x0000000779900000, 0x00000007c0000000)
  eden space 132608K, 0% used [0x000000076ce00000,0x000000076ce00000,0x0000000774f80000)
  from space 14848K, 38% used [0x0000000775e00000,0x0000000776393a80,0x0000000776c80000)
  to   space 14848K, 0% used [0x0000000774f80000,0x0000000774f80000,0x0000000775e00000)
 ParOldGen       total 114176K, used 12724K [0x00000006c6a00000, 0x00000006cd980000, 0x000000076ce00000)
  object space 114176K, 11% used [0x00000006c6a00000,0x00000006c766d2b0,0x00000006cd980000)
 Metaspace       used 28876K, capacity 29242K, committed 29568K, reserved 1075200K
  class space    used 3240K, capacity 3360K, committed 3456K, reserved 1048576K
}
Event: 4.516 GC heap before
{Heap before GC invocations=8 (full 1):
 PSYoungGen      total 147456K, used 123959K [0x000000076ce00000, 0x0000000779900000, 0x00000007c0000000)
  eden space 132608K, 89% used [0x000000076ce00000,0x000000077417a550,0x0000000774f80000)
  from space 14848K, 38% used [0x0000000775e00000,0x0000000776393a80,0x0000000776c80000)
  to   space 14848K, 0% used [0x0000000774f80000,0x0000000774f80000,0x0000000775e00000)
 ParOldGen       total 114176K, used 12724K [0x00000006c6a00000, 0x00000006cd980000, 0x000000076ce00000)
  object space 114176K, 11% used [0x00000006c6a00000,0x00000006c766d2b0,0x00000006cd980000)
 Metaspace       used 34446K, capacity 34892K, committed 35160K, reserved 1079296K
  class space    used 4597K, capacity 4708K, committed 4736K, reserved 1048576K
Event: 4.525 GC heap after
Heap after GC invocations=8 (full 1):
 PSYoungGen      total 147456K, used 13144K [0x000000076ce00000, 0x000000077a100000, 0x00000007c0000000)
  eden space 132608K, 0% used [0x000000076ce00000,0x000000076ce00000,0x0000000774f80000)
  from space 14848K, 88% used [0x0000000774f80000,0x0000000775c56240,0x0000000775e00000)
  to   space 16384K, 0% used [0x0000000779100000,0x0000000779100000,0x000000077a100000)
 ParOldGen       total 114176K, used 12732K [0x00000006c6a00000, 0x00000006cd980000, 0x000000076ce00000)
  object space 114176K, 11% used [0x00000006c6a00000,0x00000006c766f2b0,0x00000006cd980000)
 Metaspace       used 34446K, capacity 34892K, committed 35160K, reserved 1079296K
  class space    used 4597K, capacity 4708K, committed 4736K, reserved 1048576K
}
Event: 4.525 GC heap before
{Heap before GC invocations=9 (full 2):
 PSYoungGen      total 147456K, used 13144K [0x000000076ce00000, 0x000000077a100000, 0x00000007c0000000)
  eden space 132608K, 0% used [0x000000076ce00000,0x000000076ce00000,0x0000000774f80000)
  from space 14848K, 88% used [0x0000000774f80000,0x0000000775c56240,0x0000000775e00000)
  to   space 16384K, 0% used [0x0000000779100000,0x0000000779100000,0x000000077a100000)
 ParOldGen       total 114176K, used 12732K [0x00000006c6a00000, 0x00000006cd980000, 0x000000076ce00000)
  object space 114176K, 11% used [0x00000006c6a00000,0x00000006c766f2b0,0x00000006cd980000)
 Metaspace       used 34446K, capacity 34892K, committed 35160K, reserved 1079296K
  class space    used 4597K, capacity 4708K, committed 4736K, reserved 1048576K
Event: 4.595 GC heap after
Heap after GC invocations=9 (full 2):
 PSYoungGen      total 147456K, used 0K [0x000000076ce00000, 0x000000077a100000, 0x00000007c0000000)
  eden space 132608K, 0% used [0x000000076ce00000,0x000000076ce00000,0x0000000774f80000)
  from space 14848K, 0% used [0x0000000774f80000,0x0000000774f80000,0x0000000775e00000)
  to   space 16384K, 0% used [0x0000000779100000,0x0000000779100000,0x000000077a100000)
 ParOldGen       total 186880K, used 23645K [0x00000006c6a00000, 0x00000006d2080000, 0x000000076ce00000)
  object space 186880K, 12% used [0x00000006c6a00000,0x00000006c81176d8,0x00000006d2080000)
 Metaspace       used 34446K, capacity 34892K, committed 35160K, reserved 1079296K
  class space    used 4597K, capacity 4708K, committed 4736K, reserved 1048576K
}
Event: 5.433 GC heap before
{Heap before GC invocations=10 (full 2):
 PSYoungGen      total 147456K, used 132608K [0x000000076ce00000, 0x000000077a100000, 0x00000007c0000000)
  eden space 132608K, 100% used [0x000000076ce00000,0x0000000774f80000,0x0000000774f80000)
  from space 14848K, 0% used [0x0000000774f80000,0x0000000774f80000,0x0000000775e00000)
  to   space 16384K, 0% used [0x0000000779100000,0x0000000779100000,0x000000077a100000)
 ParOldGen       total 186880K, used 23645K [0x00000006c6a00000, 0x00000006d2080000, 0x000000076ce00000)
  object space 186880K, 12% used [0x00000006c6a00000,0x00000006c81176d8,0x00000006d2080000)
 Metaspace       used 38689K, capacity 39220K, committed 39384K, reserved 1083392K
  class space    used 5656K, capacity 5817K, committed 5888K, reserved 1048576K
Event: 5.439 GC heap after
Heap after GC invocations=10 (full 2):
 PSYoungGen      total 186368K, used 5780K [0x000000076ce00000, 0x0000000779a80000, 0x00000007c0000000)
  eden space 176640K, 0% used [0x000000076ce00000,0x000000076ce00000,0x0000000777a80000)
  from space 9728K, 59% used [0x0000000779100000,0x00000007796a5178,0x0000000779a80000)
  to   space 16384K, 0% used [0x0000000777a80000,0x0000000777a80000,0x0000000778a80000)
 ParOldGen       total 186880K, used 23653K [0x00000006c6a00000, 0x00000006d2080000, 0x000000076ce00000)
  object space 186880K, 12% used [0x00000006c6a00000,0x00000006c81196d8,0x00000006d2080000)
 Metaspace       used 38689K, capacity 39220K, committed 39384K, reserved 1083392K
  class space    used 5656K, capacity 5817K, committed 5888K, reserved 1048576K
}
Event: 6.534 GC heap before
{Heap before GC invocations=11 (full 2):
 PSYoungGen      total 186368K, used 182420K [0x000000076ce00000, 0x0000000779a80000, 0x00000007c0000000)
  eden space 176640K, 100% used [0x000000076ce00000,0x0000000777a80000,0x0000000777a80000)
  from space 9728K, 59% used [0x0000000779100000,0x00000007796a5178,0x0000000779a80000)
  to   space 16384K, 0% used [0x0000000777a80000,0x0000000777a80000,0x0000000778a80000)
 ParOldGen       total 186880K, used 23653K [0x00000006c6a00000, 0x00000006d2080000, 0x000000076ce00000)
  object space 186880K, 12% used [0x00000006c6a00000,0x00000006c81196d8,0x00000006d2080000)
 Metaspace       used 44144K, capacity 44740K, committed 44888K, reserved 1087488K
  class space    used 6600K, capacity 6753K, committed 6784K, reserved 1048576K
Event: 6.546 GC heap after
Heap after GC invocations=11 (full 2):
 PSYoungGen      total 193024K, used 14590K [0x000000076ce00000, 0x000000077bd00000, 0x00000007c0000000)
  eden space 176640K, 0% used [0x000000076ce00000,0x000000076ce00000,0x0000000777a80000)
  from space 16384K, 89% used [0x0000000777a80000,0x00000007788bfbe8,0x0000000778a80000)
  to   space 17408K, 0% used [0x000000077ac00000,0x000000077ac00000,0x000000077bd00000)
 ParOldGen       total 186880K, used 23661K [0x00000006c6a00000, 0x00000006d2080000, 0x000000076ce00000)
  object space 186880K, 12% used [0x00000006c6a00000,0x00000006c811b6d8,0x00000006d2080000)
 Metaspace       used 44144K, capacity 44740K, committed 44888K, reserved 1087488K
  class space    used 6600K, capacity 6753K, committed 6784K, reserved 1048576K
}

