# JRE version: Java(TM) SE Runtime Environment (8.0_20-b17) (build 1.8.0_20-ea-b17)
# Java VM: Java HotSpot(TM) 64-Bit Server VM (25.20-b17 mixed mode linux-amd64 compressed oops)
Heap:
 PSYoungGen      total 51712K, used 43825K [0x000000076ce00000, 0x0000000770180000, 0x00000007c0000000)
  eden space 50688K, 85% used [0x000000076ce00000,0x000000076f8303d0,0x000000076ff80000)
  from space 1024K, 61% used [0x000000076ff80000,0x000000077001c348,0x0000000770080000)
  to   space 1024K, 0% used [0x0000000770080000,0x0000000770080000,0x0000000770180000)
 ParOldGen       total 279552K, used 120426K [0x00000006c6a00000, 0x00000006d7b00000, 0x000000076ce00000)
  object space 279552K, 43% used [0x00000006c6a00000,0x00000006cdf9a8b8,0x00000006d7b00000)
 Metaspace       used 62422K, capacity 64008K, committed 64204K, reserved 1103872K
  class space    used 8949K, capacity 9300K, committed 9420K, reserved 1048576K
GC Heap History (10 events):
Event: 9911.939 GC heap before
{Heap before GC invocations=2024 (full 3):
 PSYoungGen      total 51712K, used 51280K [0x000000076ce00000, 0x0000000770180000, 0x00000007c0000000)
  eden space 50688K, 100% used [0x000000076ce00000,0x000000076ff80000,0x000000076ff80000)
  from space 1024K, 57% used [0x0000000770080000,0x0000000770114348,0x0000000770180000)
  to   space 1024K, 0% used [0x000000076ff80000,0x000000076ff80000,0x0000000770080000)
 ParOldGen       total 279552K, used 120242K [0x00000006c6a00000, 0x00000006d7b00000, 0x000000076ce00000)
  object space 279552K, 43% used [0x00000006c6a00000,0x00000006cdf6c8b8,0x00000006d7b00000)
 Metaspace       used 62312K, capacity 63914K, committed 64204K, reserved 1103872K
  class space    used 8936K, capacity 9295K, committed 9420K, reserved 1048576K
Event: 9911.943 GC heap after
Heap after GC invocations=2024 (full 3):
 PSYoungGen      total 51712K, used 625K [0x000000076ce00000, 0x0000000770180000, 0x00000007c0000000)
  eden space 50688K, 0% used [0x000000076ce00000,0x000000076ce00000,0x000000076ff80000)
  from space 1024K, 61% used [0x000000076ff80000,0x000000077001c558,0x0000000770080000)
  to   space 1024K, 0% used [0x0000000770080000,0x0000000770080000,0x0000000770180000)
 ParOldGen       total 279552K, used 120274K [0x00000006c6a00000, 0x00000006d7b00000, 0x000000076ce00000)
  object space 279552K, 43% used [0x00000006c6a00000,0x00000006cdf748b8,0x00000006d7b00000)
 Metaspace       used 62312K, capacity 63914K, committed 64204K, reserved 1103872K
  class space    used 8936K, capacity 9295K, committed 9420K, reserved 1048576K
}
Event: 9916.959 GC heap before
{Heap before GC invocations=2025 (full 3):
 PSYoungGen      total 51712K, used 51313K [0x000000076ce00000, 0x0000000770180000, 0x00000007c0000000)
  eden space 50688K, 100% used [0x000000076ce00000,0x000000076ff80000,0x000000076ff80000)
  from space 1024K, 61% used [0x000000076ff80000,0x000000077001c558,0x0000000770080000)
  to   space 1024K, 0% used [0x0000000770080000,0x0000000770080000,0x0000000770180000)
 ParOldGen       total 279552K, used 120274K [0x00000006c6a00000, 0x00000006d7b00000, 0x000000076ce00000)
  object space 279552K, 43% used [0x00000006c6a00000,0x00000006cdf748b8,0x00000006d7b00000)
 Metaspace       used 62312K, capacity 63914K, committed 64204K, reserved 1103872K
  class space    used 8936K, capacity 9295K, committed 9420K, reserved 1048576K
Event: 9916.963 GC heap after
Heap after GC invocations=2025 (full 3):
 PSYoungGen      total 51712K, used 496K [0x000000076ce00000, 0x0000000770180000, 0x00000007c0000000)
  eden space 50688K, 0% used [0x000000076ce00000,0x000000076ce00000,0x000000076ff80000)
  from space 1024K, 48% used [0x0000000770080000,0x00000007700fc348,0x0000000770180000)
  to   space 1024K, 0% used [0x000000076ff80000,0x000000076ff80000,0x0000000770080000)
 ParOldGen       total 279552K, used 120306K [0x00000006c6a00000, 0x00000006d7b00000, 0x000000076ce00000)
  object space 279552K, 43% used [0x00000006c6a00000,0x00000006cdf7c8b8,0x00000006d7b00000)
 Metaspace       used 62312K, capacity 63914K, committed 64204K, reserved 1103872K
  class space    used 8936K, capacity 9295K, committed 9420K, reserved 1048576K
}
Event: 9922.939 GC heap before
{Heap before GC invocations=2026 (full 3):
 PSYoungGen      total 51712K, used 51184K [0x000000076ce00000, 0x0000000770180000, 0x00000007c0000000)
  eden space 50688K, 100% used [0x000000076ce00000,0x000000076ff80000,0x000000076ff80000)
  from space 1024K, 48% used [0x0000000770080000,0x00000007700fc348,0x0000000770180000)
  to   space 1024K, 0% used [0x000000076ff80000,0x000000076ff80000,0x0000000770080000)
 ParOldGen       total 279552K, used 120306K [0x00000006c6a00000, 0x00000006d7b00000, 0x000000076ce00000)
  object space 279552K, 43% used [0x00000006c6a00000,0x00000006cdf7c8b8,0x00000006d7b00000)
 Metaspace       used 62312K, capacity 63914K, committed 64204K, reserved 1103872K
  class space    used 8936K, capacity 9295K, committed 9420K, reserved 1048576K
Event: 9922.942 GC heap after
Heap after GC invocations=2026 (full 3):
 PSYoungGen      total 51712K, used 657K [0x000000076ce00000, 0x0000000770180000, 0x00000007c0000000)
  eden space 50688K, 0% used [0x000000076ce00000,0x000000076ce00000,0x000000076ff80000)
  from space 1024K, 64% used [0x000000076ff80000,0x0000000770024458,0x0000000770080000)
  to   space 1024K, 0% used [0x0000000770080000,0x0000000770080000,0x0000000770180000)
 ParOldGen       total 279552K, used 120354K [0x00000006c6a00000, 0x00000006d7b00000, 0x000000076ce00000)
  object space 279552K, 43% used [0x00000006c6a00000,0x00000006cdf888b8,0x00000006d7b00000)
 Metaspace       used 62312K, capacity 63914K, committed 64204K, reserved 1103872K
  class space    used 8936K, capacity 9295K, committed 9420K, reserved 1048576K
}
Event: 9927.948 GC heap before
{Heap before GC invocations=2027 (full 3):
 PSYoungGen      total 51712K, used 51345K [0x000000076ce00000, 0x0000000770180000, 0x00000007c0000000)
  eden space 50688K, 100% used [0x000000076ce00000,0x000000076ff80000,0x000000076ff80000)
  from space 1024K, 64% used [0x000000076ff80000,0x0000000770024458,0x0000000770080000)
  to   space 1024K, 0% used [0x0000000770080000,0x0000000770080000,0x0000000770180000)
 ParOldGen       total 279552K, used 120354K [0x00000006c6a00000, 0x00000006d7b00000, 0x000000076ce00000)
  object space 279552K, 43% used [0x00000006c6a00000,0x00000006cdf888b8,0x00000006d7b00000)
 Metaspace       used 62312K, capacity 63914K, committed 64204K, reserved 1103872K
  class space    used 8936K, capacity 9295K, committed 9420K, reserved 1048576K
Event: 9927.952 GC heap after
Heap after GC invocations=2027 (full 3):
 PSYoungGen      total 51712K, used 779K [0x000000076ce00000, 0x0000000770180000, 0x00000007c0000000)
  eden space 50688K, 0% used [0x000000076ce00000,0x000000076ce00000,0x000000076ff80000)
  from space 1024K, 76% used [0x0000000770080000,0x0000000770142eb0,0x0000000770180000)
  to   space 1024K, 0% used [0x000000076ff80000,0x000000076ff80000,0x0000000770080000)
 ParOldGen       total 279552K, used 120386K [0x00000006c6a00000, 0x00000006d7b00000, 0x000000076ce00000)
  object space 279552K, 43% used [0x00000006c6a00000,0x00000006cdf908b8,0x00000006d7b00000)
 Metaspace       used 62312K, capacity 63914K, committed 64204K, reserved 1103872K
  class space    used 8936K, capacity 9295K, committed 9420K, reserved 1048576K
}
Event: 9933.939 GC heap before
{Heap before GC invocations=2028 (full 3):
 PSYoungGen      total 51712K, used 51467K [0x000000076ce00000, 0x0000000770180000, 0x00000007c0000000)
  eden space 50688K, 100% used [0x000000076ce00000,0x000000076ff80000,0x000000076ff80000)
  from space 1024K, 76% used [0x0000000770080000,0x0000000770142eb0,0x0000000770180000)
  to   space 1024K, 0% used [0x000000076ff80000,0x000000076ff80000,0x0000000770080000)
 ParOldGen       total 279552K, used 120386K [0x00000006c6a00000, 0x00000006d7b00000, 0x000000076ce00000)
  object space 279552K, 43% used [0x00000006c6a00000,0x00000006cdf908b8,0x00000006d7b00000)
 Metaspace       used 62312K, capacity 63914K, committed 64204K, reserved 1103872K
  class space    used 8936K, capacity 9295K, committed 9420K, reserved 1048576K
Event: 9933.943 GC heap after
Heap after GC invocations=2028 (full 3):
 PSYoungGen      total 51712K, used 624K [0x000000076ce00000, 0x0000000770180000, 0x00000007c0000000)
  eden space 50688K, 0% used [0x000000076ce00000,0x000000076ce00000,0x000000076ff80000)
  from space 1024K, 61% used [0x000000076ff80000,0x000000077001c348,0x0000000770080000)
  to   space 1024K, 0% used [0x0000000770080000,0x0000000770080000,0x0000000770180000)
 ParOldGen       total 279552K, used 120426K [0x00000006c6a00000, 0x00000006d7b00000, 0x000000076ce00000)
  object space 279552K, 43% used [0x00000006c6a00000,0x00000006cdf9a8b8,0x00000006d7b00000)
 Metaspace       used 62312K, capacity 63914K, committed 64204K, reserved 1103872K
  class space    used 8936K, capacity 9295K, committed 9420K, reserved 1048576K
}

