# JRE version: Java(TM) SE Runtime Environment (8.0_20-b17) (build 1.8.0_20-ea-b17)
# Java VM: Java HotSpot(TM) 64-Bit Server VM (25.20-b17 mixed mode linux-amd64 compressed oops)
Heap:
 PSYoungGen      total 282624K, used 50036K [0x000000076ce00000, 0x000000077f700000, 0x00000007c0000000)
  eden space 266240K, 12% used [0x000000076ce00000,0x000000076efb0530,0x000000077d200000)
  from space 16384K, 94% used [0x000000077e700000,0x000000077f62cd30,0x000000077f700000)
  to   space 18944K, 0% used [0x000000077d200000,0x000000077d200000,0x000000077e480000)
 ParOldGen       total 164352K, used 24601K [0x00000006c6a00000, 0x00000006d0a80000, 0x000000076ce00000)
  object space 164352K, 14% used [0x00000006c6a00000,0x00000006c8206558,0x00000006d0a80000)
 Metaspace       used 54431K, capacity 55690K, committed 55808K, reserved 1097728K
  class space    used 7601K, capacity 7894K, committed 7936K, reserved 1048576K
GC Heap History (10 events):
Event: 5.257 GC heap before
{Heap before GC invocations=8 (full 1):
 PSYoungGen      total 163840K, used 120096K [0x000000076ce00000, 0x000000077a580000, 0x00000007c0000000)
  eden space 148992K, 76% used [0x000000076ce00000,0x0000000773d8ac60,0x0000000775f80000)
  from space 14848K, 39% used [0x0000000776e00000,0x00000007773bd5f0,0x0000000777c80000)
  to   space 14848K, 0% used [0x0000000775f80000,0x0000000775f80000,0x0000000776e00000)
 ParOldGen       total 107008K, used 12805K [0x00000006c6a00000, 0x00000006cd280000, 0x000000076ce00000)
  object space 107008K, 11% used [0x00000006c6a00000,0x00000006c7681670,0x00000006cd280000)
 Metaspace       used 34679K, capacity 35114K, committed 35320K, reserved 1079296K
  class space    used 4560K, capacity 4673K, committed 4736K, reserved 1048576K
Event: 5.271 GC heap after
Heap after GC invocations=8 (full 1):
 PSYoungGen      total 163840K, used 13062K [0x000000076ce00000, 0x000000077c980000, 0x00000007c0000000)
  eden space 148992K, 0% used [0x000000076ce00000,0x000000076ce00000,0x0000000775f80000)
  from space 14848K, 87% used [0x0000000775f80000,0x0000000776c41a08,0x0000000776e00000)
  to   space 15872K, 0% used [0x000000077ba00000,0x000000077ba00000,0x000000077c980000)
 ParOldGen       total 107008K, used 12813K [0x00000006c6a00000, 0x00000006cd280000, 0x000000076ce00000)
  object space 107008K, 11% used [0x00000006c6a00000,0x00000006c7683670,0x00000006cd280000)
 Metaspace       used 34679K, capacity 35114K, committed 35320K, reserved 1079296K
  class space    used 4560K, capacity 4673K, committed 4736K, reserved 1048576K
}
Event: 5.271 GC heap before
{Heap before GC invocations=9 (full 2):
 PSYoungGen      total 163840K, used 13062K [0x000000076ce00000, 0x000000077c980000, 0x00000007c0000000)
  eden space 148992K, 0% used [0x000000076ce00000,0x000000076ce00000,0x0000000775f80000)
  from space 14848K, 87% used [0x0000000775f80000,0x0000000776c41a08,0x0000000776e00000)
  to   space 15872K, 0% used [0x000000077ba00000,0x000000077ba00000,0x000000077c980000)
 ParOldGen       total 107008K, used 12813K [0x00000006c6a00000, 0x00000006cd280000, 0x000000076ce00000)
  object space 107008K, 11% used [0x00000006c6a00000,0x00000006c7683670,0x00000006cd280000)
 Metaspace       used 34679K, capacity 35114K, committed 35320K, reserved 1079296K
  class space    used 4560K, capacity 4673K, committed 4736K, reserved 1048576K
Event: 5.333 GC heap after
Heap after GC invocations=9 (full 2):
 PSYoungGen      total 163840K, used 0K [0x000000076ce00000, 0x000000077c980000, 0x00000007c0000000)
  eden space 148992K, 0% used [0x000000076ce00000,0x000000076ce00000,0x0000000775f80000)
  from space 14848K, 0% used [0x0000000775f80000,0x0000000775f80000,0x0000000776e00000)
  to   space 15872K, 0% used [0x000000077ba00000,0x000000077ba00000,0x000000077c980000)
 ParOldGen       total 164352K, used 23623K [0x00000006c6a00000, 0x00000006d0a80000, 0x000000076ce00000)
  object space 164352K, 14% used [0x00000006c6a00000,0x00000006c8111ce0,0x00000006d0a80000)
 Metaspace       used 34679K, capacity 35114K, committed 35320K, reserved 1079296K
  class space    used 4560K, capacity 4673K, committed 4736K, reserved 1048576K
}
Event: 6.399 GC heap before
{Heap before GC invocations=10 (full 2):
 PSYoungGen      total 163840K, used 148992K [0x000000076ce00000, 0x000000077c980000, 0x00000007c0000000)
  eden space 148992K, 100% used [0x000000076ce00000,0x0000000775f80000,0x0000000775f80000)
  from space 14848K, 0% used [0x0000000775f80000,0x0000000775f80000,0x0000000776e00000)
  to   space 15872K, 0% used [0x000000077ba00000,0x000000077ba00000,0x000000077c980000)
 ParOldGen       total 164352K, used 23623K [0x00000006c6a00000, 0x00000006d0a80000, 0x000000076ce00000)
  object space 164352K, 14% used [0x00000006c6a00000,0x00000006c8111ce0,0x00000006d0a80000)
 Metaspace       used 42033K, capacity 42844K, committed 43008K, reserved 1085440K
  class space    used 6124K, capacity 6303K, committed 6400K, reserved 1048576K
Event: 6.409 GC heap after
Heap after GC invocations=10 (full 2):
 PSYoungGen      total 225792K, used 9177K [0x000000076ce00000, 0x000000077c300000, 0x00000007c0000000)
  eden space 216576K, 0% used [0x000000076ce00000,0x000000076ce00000,0x000000077a180000)
  from space 9216K, 99% used [0x000000077ba00000,0x000000077c2f6558,0x000000077c300000)
  to   space 15360K, 0% used [0x000000077a500000,0x000000077a500000,0x000000077b400000)
 ParOldGen       total 164352K, used 23631K [0x00000006c6a00000, 0x00000006d0a80000, 0x000000076ce00000)
  object space 164352K, 14% used [0x00000006c6a00000,0x00000006c8113ce0,0x00000006d0a80000)
 Metaspace       used 42033K, capacity 42844K, committed 43008K, reserved 1085440K
  class space    used 6124K, capacity 6303K, committed 6400K, reserved 1048576K
}
Event: 8.815 GC heap before
{Heap before GC invocations=11 (full 2):
 PSYoungGen      total 225792K, used 225753K [0x000000076ce00000, 0x000000077c300000, 0x00000007c0000000)
  eden space 216576K, 100% used [0x000000076ce00000,0x000000077a180000,0x000000077a180000)
  from space 9216K, 99% used [0x000000077ba00000,0x000000077c2f6558,0x000000077c300000)
  to   space 15360K, 0% used [0x000000077a500000,0x000000077a500000,0x000000077b400000)
 ParOldGen       total 164352K, used 23631K [0x00000006c6a00000, 0x00000006d0a80000, 0x000000076ce00000)
  object space 164352K, 14% used [0x00000006c6a00000,0x00000006c8113ce0,0x00000006d0a80000)
 Metaspace       used 51477K, capacity 52342K, committed 52480K, reserved 1093632K
  class space    used 7226K, capacity 7406K, committed 7424K, reserved 1048576K
Event: 8.829 GC heap after
Heap after GC invocations=11 (full 2):
 PSYoungGen      total 235520K, used 15358K [0x000000076ce00000, 0x000000077f800000, 0x00000007c0000000)
  eden space 220160K, 0% used [0x000000076ce00000,0x000000076ce00000,0x000000077a500000)
  from space 15360K, 99% used [0x000000077a500000,0x000000077b3ffa50,0x000000077b400000)
  to   space 17408K, 0% used [0x000000077e700000,0x000000077e700000,0x000000077f800000)
 ParOldGen       total 164352K, used 24585K [0x00000006c6a00000, 0x00000006d0a80000, 0x000000076ce00000)
  object space 164352K, 14% used [0x00000006c6a00000,0x00000006c8202558,0x00000006d0a80000)
 Metaspace       used 51477K, capacity 52342K, committed 52480K, reserved 1093632K
  class space    used 7226K, capacity 7406K, committed 7424K, reserved 1048576K
}
Event: 78.556 GC heap before
{Heap before GC invocations=12 (full 2):
 PSYoungGen      total 235520K, used 235518K [0x000000076ce00000, 0x000000077f800000, 0x00000007c0000000)
  eden space 220160K, 100% used [0x000000076ce00000,0x000000077a500000,0x000000077a500000)
  from space 15360K, 99% used [0x000000077a500000,0x000000077b3ffa50,0x000000077b400000)
  to   space 17408K, 0% used [0x000000077e700000,0x000000077e700000,0x000000077f800000)
 ParOldGen       total 164352K, used 24585K [0x00000006c6a00000, 0x00000006d0a80000, 0x000000076ce00000)
  object space 164352K, 14% used [0x00000006c6a00000,0x00000006c8202558,0x00000006d0a80000)
 Metaspace       used 54265K, capacity 55570K, committed 55808K, reserved 1097728K
  class space    used 7578K, capacity 7858K, committed 7936K, reserved 1048576K
Event: 78.575 GC heap after
Heap after GC invocations=12 (full 2):
 PSYoungGen      total 282624K, used 15539K [0x000000076ce00000, 0x000000077f700000, 0x00000007c0000000)
  eden space 266240K, 0% used [0x000000076ce00000,0x000000076ce00000,0x000000077d200000)
  from space 16384K, 94% used [0x000000077e700000,0x000000077f62cd30,0x000000077f700000)
  to   space 18944K, 0% used [0x000000077d200000,0x000000077d200000,0x000000077e480000)
 ParOldGen       total 164352K, used 24601K [0x00000006c6a00000, 0x00000006d0a80000, 0x000000076ce00000)
  object space 164352K, 14% used [0x00000006c6a00000,0x00000006c8206558,0x00000006d0a80000)
 Metaspace       used 54265K, capacity 55570K, committed 55808K, reserved 1097728K
  class space    used 7578K, capacity 7858K, committed 7936K, reserved 1048576K
}

