# JRE version: Java(TM) SE Runtime Environment (8.0_20-b17) (build 1.8.0_20-ea-b17)
# Java VM: Java HotSpot(TM) 64-Bit Server VM (25.20-b17 mixed mode linux-amd64 compressed oops)
Heap:
 PSYoungGen      total 291328K, used 198815K [0x000000076ce00000, 0x000000077ff80000, 0x00000007c0000000)
  eden space 270848K, 72% used [0x000000076ce00000,0x0000000778cc1d40,0x000000077d680000)
  from space 20480K, 16% used [0x000000077eb80000,0x000000077eee60c0,0x000000077ff80000)
  to   space 20992K, 0% used [0x000000077d680000,0x000000077d680000,0x000000077eb00000)
 ParOldGen       total 250880K, used 34691K [0x00000006c6a00000, 0x00000006d5f00000, 0x000000076ce00000)
  object space 250880K, 13% used [0x00000006c6a00000,0x00000006c8be0e78,0x00000006d5f00000)
 Metaspace       used 58289K, capacity 59440K, committed 59624K, reserved 1099776K
  class space    used 8233K, capacity 8529K, committed 8576K, reserved 1048576K
GC Heap History (10 events):
Event: 7.420 GC heap before
{Heap before GC invocations=11 (full 2):
 PSYoungGen      total 202240K, used 202023K [0x000000076ce00000, 0x000000077af80000, 0x00000007c0000000)
  eden space 196096K, 100% used [0x000000076ce00000,0x0000000778d80000,0x0000000778d80000)
  from space 6144K, 96% used [0x000000077a980000,0x000000077af49d18,0x000000077af80000)
  to   space 16384K, 0% used [0x0000000778f80000,0x0000000778f80000,0x0000000779f80000)
 ParOldGen       total 177664K, used 23672K [0x00000006c6a00000, 0x00000006d1780000, 0x000000076ce00000)
  object space 177664K, 13% used [0x00000006c6a00000,0x00000006c811e110,0x00000006d1780000)
 Metaspace       used 47951K, capacity 48498K, committed 48896K, reserved 1091584K
  class space    used 6948K, capacity 7064K, committed 7168K, reserved 1048576K
Event: 7.433 GC heap after
Heap after GC invocations=11 (full 2):
 PSYoungGen      total 214528K, used 13110K [0x000000076ce00000, 0x000000077d780000, 0x00000007c0000000)
  eden space 198144K, 0% used [0x000000076ce00000,0x000000076ce00000,0x0000000778f80000)
  from space 16384K, 80% used [0x0000000778f80000,0x0000000779c4da58,0x0000000779f80000)
  to   space 16896K, 0% used [0x000000077c700000,0x000000077c700000,0x000000077d780000)
 ParOldGen       total 177664K, used 23680K [0x00000006c6a00000, 0x00000006d1780000, 0x000000076ce00000)
  object space 177664K, 13% used [0x00000006c6a00000,0x00000006c8120110,0x00000006d1780000)
 Metaspace       used 47951K, capacity 48498K, committed 48896K, reserved 1091584K
  class space    used 6948K, capacity 7064K, committed 7168K, reserved 1048576K
}
Event: 29.677 GC heap before
{Heap before GC invocations=12 (full 2):
 PSYoungGen      total 214528K, used 211254K [0x000000076ce00000, 0x000000077d780000, 0x00000007c0000000)
  eden space 198144K, 100% used [0x000000076ce00000,0x0000000778f80000,0x0000000778f80000)
  from space 16384K, 80% used [0x0000000778f80000,0x0000000779c4da58,0x0000000779f80000)
  to   space 16896K, 0% used [0x000000077c700000,0x000000077c700000,0x000000077d780000)
 ParOldGen       total 177664K, used 23680K [0x00000006c6a00000, 0x00000006d1780000, 0x000000076ce00000)
  object space 177664K, 13% used [0x00000006c6a00000,0x00000006c8120110,0x00000006d1780000)
 Metaspace       used 56887K, capacity 58064K, committed 58112K, reserved 1099776K
  class space    used 8158K, capacity 8429K, committed 8448K, reserved 1048576K
Event: 29.697 GC heap after
Heap after GC invocations=12 (full 2):
 PSYoungGen      total 250880K, used 16894K [0x000000076ce00000, 0x000000077d980000, 0x00000007c0000000)
  eden space 233984K, 0% used [0x000000076ce00000,0x000000076ce00000,0x000000077b280000)
  from space 16896K, 99% used [0x000000077c700000,0x000000077d77fa90,0x000000077d780000)
  to   space 19968K, 0% used [0x000000077b280000,0x000000077b280000,0x000000077c600000)
 ParOldGen       total 177664K, used 26436K [0x00000006c6a00000, 0x00000006d1780000, 0x000000076ce00000)
  object space 177664K, 14% used [0x00000006c6a00000,0x00000006c83d1308,0x00000006d1780000)
 Metaspace       used 56887K, capacity 58064K, committed 58112K, reserved 1099776K
  class space    used 8158K, capacity 8429K, committed 8448K, reserved 1048576K
}
Event: 34.903 GC heap before
{Heap before GC invocations=13 (full 2):
 PSYoungGen      total 250880K, used 70537K [0x000000076ce00000, 0x000000077d980000, 0x00000007c0000000)
  eden space 233984K, 22% used [0x000000076ce00000,0x00000007702629a8,0x000000077b280000)
  from space 16896K, 99% used [0x000000077c700000,0x000000077d77fa90,0x000000077d780000)
  to   space 19968K, 0% used [0x000000077b280000,0x000000077b280000,0x000000077c600000)
 ParOldGen       total 177664K, used 26436K [0x00000006c6a00000, 0x00000006d1780000, 0x000000076ce00000)
  object space 177664K, 14% used [0x00000006c6a00000,0x00000006c83d1308,0x00000006d1780000)
 Metaspace       used 57235K, capacity 58428K, committed 58472K, reserved 1099776K
  class space    used 8180K, capacity 8447K, committed 8448K, reserved 1048576K
Event: 34.925 GC heap after
Heap after GC invocations=13 (full 2):
 PSYoungGen      total 253952K, used 15136K [0x000000076ce00000, 0x000000077ff80000, 0x00000007c0000000)
  eden space 233984K, 0% used [0x000000076ce00000,0x000000076ce00000,0x000000077b280000)
  from space 19968K, 75% used [0x000000077b280000,0x000000077c1483b8,0x000000077c600000)
  to   space 20480K, 0% used [0x000000077eb80000,0x000000077eb80000,0x000000077ff80000)
 ParOldGen       total 177664K, used 26444K [0x00000006c6a00000, 0x00000006d1780000, 0x000000076ce00000)
  object space 177664K, 14% used [0x00000006c6a00000,0x00000006c83d3308,0x00000006d1780000)
 Metaspace       used 57235K, capacity 58428K, committed 58472K, reserved 1099776K
  class space    used 8180K, capacity 8447K, committed 8448K, reserved 1048576K
}
Event: 34.925 GC heap before
{Heap before GC invocations=14 (full 3):
 PSYoungGen      total 253952K, used 15136K [0x000000076ce00000, 0x000000077ff80000, 0x00000007c0000000)
  eden space 233984K, 0% used [0x000000076ce00000,0x000000076ce00000,0x000000077b280000)
  from space 19968K, 75% used [0x000000077b280000,0x000000077c1483b8,0x000000077c600000)
  to   space 20480K, 0% used [0x000000077eb80000,0x000000077eb80000,0x000000077ff80000)
 ParOldGen       total 177664K, used 26444K [0x00000006c6a00000, 0x00000006d1780000, 0x000000076ce00000)
  object space 177664K, 14% used [0x00000006c6a00000,0x00000006c83d3308,0x00000006d1780000)
 Metaspace       used 57235K, capacity 58428K, committed 58472K, reserved 1099776K
  class space    used 8180K, capacity 8447K, committed 8448K, reserved 1048576K
Event: 35.138 GC heap after
Heap after GC invocations=14 (full 3):
 PSYoungGen      total 253952K, used 0K [0x000000076ce00000, 0x000000077ff80000, 0x00000007c0000000)
  eden space 233984K, 0% used [0x000000076ce00000,0x000000076ce00000,0x000000077b280000)
  from space 19968K, 0% used [0x000000077b280000,0x000000077b280000,0x000000077c600000)
  to   space 20480K, 0% used [0x000000077eb80000,0x000000077eb80000,0x000000077ff80000)
 ParOldGen       total 250880K, used 34683K [0x00000006c6a00000, 0x00000006d5f00000, 0x000000076ce00000)
  object space 250880K, 13% used [0x00000006c6a00000,0x00000006c8bdee78,0x00000006d5f00000)
 Metaspace       used 57175K, capacity 58344K, committed 58472K, reserved 1099776K
  class space    used 8179K, capacity 8443K, committed 8448K, reserved 1048576K
}
Event: 291.062 GC heap before
{Heap before GC invocations=15 (full 3):
 PSYoungGen      total 253952K, used 233984K [0x000000076ce00000, 0x000000077ff80000, 0x00000007c0000000)
  eden space 233984K, 100% used [0x000000076ce00000,0x000000077b280000,0x000000077b280000)
  from space 19968K, 0% used [0x000000077b280000,0x000000077b280000,0x000000077c600000)
  to   space 20480K, 0% used [0x000000077eb80000,0x000000077eb80000,0x000000077ff80000)
 ParOldGen       total 250880K, used 34683K [0x00000006c6a00000, 0x00000006d5f00000, 0x000000076ce00000)
  object space 250880K, 13% used [0x00000006c6a00000,0x00000006c8bdee78,0x00000006d5f00000)
 Metaspace       used 57886K, capacity 59098K, committed 59368K, reserved 1099776K
  class space    used 8198K, capacity 8488K, committed 8576K, reserved 1048576K
Event: 291.069 GC heap after
Heap after GC invocations=15 (full 3):
 PSYoungGen      total 291328K, used 3480K [0x000000076ce00000, 0x000000077ff80000, 0x00000007c0000000)
  eden space 270848K, 0% used [0x000000076ce00000,0x000000076ce00000,0x000000077d680000)
  from space 20480K, 16% used [0x000000077eb80000,0x000000077eee60c0,0x000000077ff80000)
  to   space 20992K, 0% used [0x000000077d680000,0x000000077d680000,0x000000077eb00000)
 ParOldGen       total 250880K, used 34691K [0x00000006c6a00000, 0x00000006d5f00000, 0x000000076ce00000)
  object space 250880K, 13% used [0x00000006c6a00000,0x00000006c8be0e78,0x00000006d5f00000)
 Metaspace       used 57886K, capacity 59098K, committed 59368K, reserved 1099776K
  class space    used 8198K, capacity 8488K, committed 8576K, reserved 1048576K
}

