# JRE version: Java(TM) SE Runtime Environment (8.0_20-b17) (build 1.8.0_20-ea-b17)
# Java VM: Java HotSpot(TM) 64-Bit Server VM (25.20-b17 mixed mode linux-amd64 compressed oops)
Heap:
 PSYoungGen      total 439296K, used 280403K [0x000000076ce00000, 0x0000000789c00000, 0x00000007c0000000)
  eden space 423424K, 66% used [0x000000076ce00000,0x000000077dfd4d40,0x0000000786b80000)
  from space 15872K, 0% used [0x0000000788c80000,0x0000000788c80000,0x0000000789c00000)
  to   space 20480K, 0% used [0x0000000787400000,0x0000000787400000,0x0000000788800000)
 ParOldGen       total 232448K, used 40837K [0x00000006c6a00000, 0x00000006d4d00000, 0x000000076ce00000)
  object space 232448K, 17% used [0x00000006c6a00000,0x00000006c91e14f8,0x00000006d4d00000)
 Metaspace       used 58495K, capacity 59803K, committed 59836K, reserved 1099776K
  class space    used 8315K, capacity 8633K, committed 8644K, reserved 1048576K
GC Heap History (10 events):
Event: 5.156 GC heap before
{Heap before GC invocations=7 (full 1):
 PSYoungGen      total 267264K, used 87797K [0x000000076ce00000, 0x0000000781580000, 0x00000007c0000000)
  eden space 257024K, 31% used [0x000000076ce00000,0x0000000771daf3d8,0x000000077c900000)
  from space 10240K, 60% used [0x000000077c900000,0x000000077cf0e290,0x000000077d300000)
  to   space 14336K, 0% used [0x0000000780780000,0x0000000780780000,0x0000000781580000)
 ParOldGen       total 105984K, used 12792K [0x00000006c6a00000, 0x00000006cd180000, 0x000000076ce00000)
  object space 105984K, 12% used [0x00000006c6a00000,0x00000006c767e3d0,0x00000006cd180000)
 Metaspace       used 34640K, capacity 35055K, committed 35320K, reserved 1079296K
  class space    used 4481K, capacity 4608K, committed 4608K, reserved 1048576K
Event: 5.168 GC heap after
Heap after GC invocations=7 (full 1):
 PSYoungGen      total 320000K, used 12636K [0x000000076ce00000, 0x0000000786d00000, 0x00000007c0000000)
  eden space 305664K, 0% used [0x000000076ce00000,0x000000076ce00000,0x000000077f880000)
  from space 14336K, 88% used [0x0000000780780000,0x00000007813d73b8,0x0000000781580000)
  to   space 15360K, 0% used [0x000000077f880000,0x000000077f880000,0x0000000780780000)
 ParOldGen       total 105984K, used 12800K [0x00000006c6a00000, 0x00000006cd180000, 0x000000076ce00000)
  object space 105984K, 12% used [0x00000006c6a00000,0x00000006c76803d0,0x00000006cd180000)
 Metaspace       used 34640K, capacity 35055K, committed 35320K, reserved 1079296K
  class space    used 4481K, capacity 4608K, committed 4608K, reserved 1048576K
}
Event: 5.168 GC heap before
{Heap before GC invocations=8 (full 2):
 PSYoungGen      total 320000K, used 12636K [0x000000076ce00000, 0x0000000786d00000, 0x00000007c0000000)
  eden space 305664K, 0% used [0x000000076ce00000,0x000000076ce00000,0x000000077f880000)
  from space 14336K, 88% used [0x0000000780780000,0x00000007813d73b8,0x0000000781580000)
  to   space 15360K, 0% used [0x000000077f880000,0x000000077f880000,0x0000000780780000)
 ParOldGen       total 105984K, used 12800K [0x00000006c6a00000, 0x00000006cd180000, 0x000000076ce00000)
  object space 105984K, 12% used [0x00000006c6a00000,0x00000006c76803d0,0x00000006cd180000)
 Metaspace       used 34640K, capacity 35055K, committed 35320K, reserved 1079296K
  class space    used 4481K, capacity 4608K, committed 4608K, reserved 1048576K
Event: 5.233 GC heap after
Heap after GC invocations=8 (full 2):
 PSYoungGen      total 320000K, used 0K [0x000000076ce00000, 0x0000000786d00000, 0x00000007c0000000)
  eden space 305664K, 0% used [0x000000076ce00000,0x000000076ce00000,0x000000077f880000)
  from space 14336K, 0% used [0x0000000780780000,0x0000000780780000,0x0000000781580000)
  to   space 15360K, 0% used [0x000000077f880000,0x000000077f880000,0x0000000780780000)
 ParOldGen       total 162304K, used 23111K [0x00000006c6a00000, 0x00000006d0880000, 0x000000076ce00000)
  object space 162304K, 14% used [0x00000006c6a00000,0x00000006c8091e18,0x00000006d0880000)
 Metaspace       used 34640K, capacity 35055K, committed 35320K, reserved 1079296K
  class space    used 4481K, capacity 4608K, committed 4608K, reserved 1048576K
}
Event: 7.254 GC heap before
{Heap before GC invocations=9 (full 2):
 PSYoungGen      total 320000K, used 305664K [0x000000076ce00000, 0x0000000786d00000, 0x00000007c0000000)
  eden space 305664K, 100% used [0x000000076ce00000,0x000000077f880000,0x000000077f880000)
  from space 14336K, 0% used [0x0000000780780000,0x0000000780780000,0x0000000781580000)
  to   space 15360K, 0% used [0x000000077f880000,0x000000077f880000,0x0000000780780000)
 ParOldGen       total 162304K, used 23111K [0x00000006c6a00000, 0x00000006d0880000, 0x000000076ce00000)
  object space 162304K, 14% used [0x00000006c6a00000,0x00000006c8091e18,0x00000006d0880000)
 Metaspace       used 45268K, capacity 46051K, committed 46200K, reserved 1089536K
  class space    used 6562K, capacity 6753K, committed 6784K, reserved 1048576K
Event: 7.267 GC heap after
Heap after GC invocations=9 (full 2):
 PSYoungGen      total 321024K, used 12974K [0x000000076ce00000, 0x0000000789c00000, 0x00000007c0000000)
  eden space 305664K, 0% used [0x000000076ce00000,0x000000076ce00000,0x000000077f880000)
  from space 15360K, 84% used [0x000000077f880000,0x000000078052bb00,0x0000000780780000)
  to   space 15872K, 0% used [0x0000000788c80000,0x0000000788c80000,0x0000000789c00000)
 ParOldGen       total 162304K, used 23119K [0x00000006c6a00000, 0x00000006d0880000, 0x000000076ce00000)
  object space 162304K, 14% used [0x00000006c6a00000,0x00000006c8093e18,0x00000006d0880000)
 Metaspace       used 45268K, capacity 46051K, committed 46200K, reserved 1089536K
  class space    used 6562K, capacity 6753K, committed 6784K, reserved 1048576K
}
Event: 16.860 GC heap before
{Heap before GC invocations=10 (full 2):
 PSYoungGen      total 321024K, used 298389K [0x000000076ce00000, 0x0000000789c00000, 0x00000007c0000000)
  eden space 305664K, 93% used [0x000000076ce00000,0x000000077e4b9a08,0x000000077f880000)
  from space 15360K, 84% used [0x000000077f880000,0x000000078052bb00,0x0000000780780000)
  to   space 15872K, 0% used [0x0000000788c80000,0x0000000788c80000,0x0000000789c00000)
 ParOldGen       total 162304K, used 23119K [0x00000006c6a00000, 0x00000006d0880000, 0x000000076ce00000)
  object space 162304K, 14% used [0x00000006c6a00000,0x00000006c8093e18,0x00000006d0880000)
 Metaspace       used 57121K, capacity 58401K, committed 58428K, reserved 1099776K
  class space    used 8203K, capacity 8492K, committed 8516K, reserved 1048576K
Event: 16.880 GC heap after
Heap after GC invocations=10 (full 2):
 PSYoungGen      total 439296K, used 15869K [0x000000076ce00000, 0x0000000789c00000, 0x00000007c0000000)
  eden space 423424K, 0% used [0x000000076ce00000,0x000000076ce00000,0x0000000786b80000)
  from space 15872K, 99% used [0x0000000788c80000,0x0000000789bff788,0x0000000789c00000)
  to   space 20480K, 0% used [0x0000000787400000,0x0000000787400000,0x0000000788800000)
 ParOldGen       total 162304K, used 29185K [0x00000006c6a00000, 0x00000006d0880000, 0x000000076ce00000)
  object space 162304K, 17% used [0x00000006c6a00000,0x00000006c8680548,0x00000006d0880000)
 Metaspace       used 57121K, capacity 58401K, committed 58428K, reserved 1099776K
  class space    used 8203K, capacity 8492K, committed 8516K, reserved 1048576K
}
Event: 16.880 GC heap before
{Heap before GC invocations=11 (full 3):
 PSYoungGen      total 439296K, used 15869K [0x000000076ce00000, 0x0000000789c00000, 0x00000007c0000000)
  eden space 423424K, 0% used [0x000000076ce00000,0x000000076ce00000,0x0000000786b80000)
  from space 15872K, 99% used [0x0000000788c80000,0x0000000789bff788,0x0000000789c00000)
  to   space 20480K, 0% used [0x0000000787400000,0x0000000787400000,0x0000000788800000)
 ParOldGen       total 162304K, used 29185K [0x00000006c6a00000, 0x00000006d0880000, 0x000000076ce00000)
  object space 162304K, 17% used [0x00000006c6a00000,0x00000006c8680548,0x00000006d0880000)
 Metaspace       used 57121K, capacity 58401K, committed 58428K, reserved 1099776K
  class space    used 8203K, capacity 8492K, committed 8516K, reserved 1048576K
Event: 17.082 GC heap after
Heap after GC invocations=11 (full 3):
 PSYoungGen      total 439296K, used 0K [0x000000076ce00000, 0x0000000789c00000, 0x00000007c0000000)
  eden space 423424K, 0% used [0x000000076ce00000,0x000000076ce00000,0x0000000786b80000)
  from space 15872K, 0% used [0x0000000788c80000,0x0000000788c80000,0x0000000789c00000)
  to   space 20480K, 0% used [0x0000000787400000,0x0000000787400000,0x0000000788800000)
 ParOldGen       total 232448K, used 40837K [0x00000006c6a00000, 0x00000006d4d00000, 0x000000076ce00000)
  object space 232448K, 17% used [0x00000006c6a00000,0x00000006c91e14f8,0x00000006d4d00000)
 Metaspace       used 57061K, capacity 58317K, committed 58428K, reserved 1099776K
  class space    used 8202K, capacity 8488K, committed 8516K, reserved 1048576K
}

