# JRE version: Java(TM) SE Runtime Environment (8.0_20-b17) (build 1.8.0_20-ea-b17)
# Java VM: Java HotSpot(TM) 64-Bit Server VM (25.20-b17 mixed mode linux-amd64 compressed oops)
Heap:
 PSYoungGen      total 347648K, used 214720K [0x000000076ce00000, 0x0000000784000000, 0x00000007c0000000)
  eden space 333824K, 60% used [0x000000076ce00000,0x0000000779269d68,0x0000000781400000)
  from space 13824K, 98% used [0x0000000783280000,0x0000000783fc64b0,0x0000000784000000)
  to   space 16896K, 0% used [0x0000000781f00000,0x0000000781f00000,0x0000000782f80000)
 ParOldGen       total 183808K, used 23754K [0x00000006c6a00000, 0x00000006d1d80000, 0x000000076ce00000)
  object space 183808K, 12% used [0x00000006c6a00000,0x00000006c8132b48,0x00000006d1d80000)
 Metaspace       used 51228K, capacity 52460K, committed 52672K, reserved 1093632K
  class space    used 7309K, capacity 7591K, committed 7616K, reserved 1048576K
GC Heap History (10 events):
Event: 4.302 GC heap before
{Heap before GC invocations=6 (full 1):
 PSYoungGen      total 194560K, used 194330K [0x000000076ce00000, 0x000000077dd00000, 0x00000007c0000000)
  eden space 185344K, 100% used [0x000000076ce00000,0x0000000778300000,0x0000000778300000)
  from space 9216K, 97% used [0x000000077d400000,0x000000077dcc6960,0x000000077dd00000)
  to   space 10240K, 0% used [0x000000077c900000,0x000000077c900000,0x000000077d300000)
 ParOldGen       total 113664K, used 12757K [0x00000006c6a00000, 0x00000006cd900000, 0x000000076ce00000)
  object space 113664K, 11% used [0x00000006c6a00000,0x00000006c7675730,0x00000006cd900000)
 Metaspace       used 28962K, capacity 29394K, committed 29568K, reserved 1075200K
  class space    used 3246K, capacity 3388K, committed 3456K, reserved 1048576K
Event: 4.308 GC heap after
Heap after GC invocations=6 (full 1):
 PSYoungGen      total 267264K, used 6030K [0x000000076ce00000, 0x000000077e980000, 0x00000007c0000000)
  eden space 257024K, 0% used [0x000000076ce00000,0x000000076ce00000,0x000000077c900000)
  from space 10240K, 58% used [0x000000077c900000,0x000000077cee3a80,0x000000077d300000)
  to   space 14848K, 0% used [0x000000077db00000,0x000000077db00000,0x000000077e980000)
 ParOldGen       total 113664K, used 12765K [0x00000006c6a00000, 0x00000006cd900000, 0x000000076ce00000)
  object space 113664K, 11% used [0x00000006c6a00000,0x00000006c7677730,0x00000006cd900000)
 Metaspace       used 28962K, capacity 29394K, committed 29568K, reserved 1075200K
  class space    used 3246K, capacity 3388K, committed 3456K, reserved 1048576K
}
Event: 5.024 GC heap before
{Heap before GC invocations=7 (full 1):
 PSYoungGen      total 267264K, used 103226K [0x000000076ce00000, 0x000000077e980000, 0x00000007c0000000)
  eden space 257024K, 37% used [0x000000076ce00000,0x0000000772ceada0,0x000000077c900000)
  from space 10240K, 58% used [0x000000077c900000,0x000000077cee3a80,0x000000077d300000)
  to   space 14848K, 0% used [0x000000077db00000,0x000000077db00000,0x000000077e980000)
 ParOldGen       total 113664K, used 12765K [0x00000006c6a00000, 0x00000006cd900000, 0x000000076ce00000)
  object space 113664K, 11% used [0x00000006c6a00000,0x00000006c7677730,0x00000006cd900000)
 Metaspace       used 34705K, capacity 35140K, committed 35264K, reserved 1079296K
  class space    used 4631K, capacity 4768K, committed 4800K, reserved 1048576K
Event: 5.036 GC heap after
Heap after GC invocations=7 (full 1):
 PSYoungGen      total 274432K, used 13179K [0x000000076ce00000, 0x0000000784b80000, 0x00000007c0000000)
  eden space 259584K, 0% used [0x000000076ce00000,0x000000076ce00000,0x000000077cb80000)
  from space 14848K, 88% used [0x000000077db00000,0x000000077e7deda8,0x000000077e980000)
  to   space 15872K, 0% used [0x000000077cb80000,0x000000077cb80000,0x000000077db00000)
 ParOldGen       total 113664K, used 12773K [0x00000006c6a00000, 0x00000006cd900000, 0x000000076ce00000)
  object space 113664K, 11% used [0x00000006c6a00000,0x00000006c7679730,0x00000006cd900000)
 Metaspace       used 34705K, capacity 35140K, committed 35264K, reserved 1079296K
  class space    used 4631K, capacity 4768K, committed 4800K, reserved 1048576K
}
Event: 5.036 GC heap before
{Heap before GC invocations=8 (full 2):
 PSYoungGen      total 274432K, used 13179K [0x000000076ce00000, 0x0000000784b80000, 0x00000007c0000000)
  eden space 259584K, 0% used [0x000000076ce00000,0x000000076ce00000,0x000000077cb80000)
  from space 14848K, 88% used [0x000000077db00000,0x000000077e7deda8,0x000000077e980000)
  to   space 15872K, 0% used [0x000000077cb80000,0x000000077cb80000,0x000000077db00000)
 ParOldGen       total 113664K, used 12773K [0x00000006c6a00000, 0x00000006cd900000, 0x000000076ce00000)
  object space 113664K, 11% used [0x00000006c6a00000,0x00000006c7679730,0x00000006cd900000)
 Metaspace       used 34705K, capacity 35140K, committed 35264K, reserved 1079296K
  class space    used 4631K, capacity 4768K, committed 4800K, reserved 1048576K
Event: 5.110 GC heap after
Heap after GC invocations=8 (full 2):
 PSYoungGen      total 274432K, used 0K [0x000000076ce00000, 0x0000000784b80000, 0x00000007c0000000)
  eden space 259584K, 0% used [0x000000076ce00000,0x000000076ce00000,0x000000077cb80000)
  from space 14848K, 0% used [0x000000077db00000,0x000000077db00000,0x000000077e980000)
  to   space 15872K, 0% used [0x000000077cb80000,0x000000077cb80000,0x000000077db00000)
 ParOldGen       total 183808K, used 23738K [0x00000006c6a00000, 0x00000006d1d80000, 0x000000076ce00000)
  object space 183808K, 12% used [0x00000006c6a00000,0x00000006c812eb48,0x00000006d1d80000)
 Metaspace       used 34705K, capacity 35140K, committed 35264K, reserved 1079296K
  class space    used 4631K, capacity 4768K, committed 4800K, reserved 1048576K
}
Event: 6.999 GC heap before
{Heap before GC invocations=9 (full 2):
 PSYoungGen      total 274432K, used 259584K [0x000000076ce00000, 0x0000000784b80000, 0x00000007c0000000)
  eden space 259584K, 100% used [0x000000076ce00000,0x000000077cb80000,0x000000077cb80000)
  from space 14848K, 0% used [0x000000077db00000,0x000000077db00000,0x000000077e980000)
  to   space 15872K, 0% used [0x000000077cb80000,0x000000077cb80000,0x000000077db00000)
 ParOldGen       total 183808K, used 23738K [0x00000006c6a00000, 0x00000006d1d80000, 0x000000076ce00000)
  object space 183808K, 12% used [0x00000006c6a00000,0x00000006c812eb48,0x00000006d1d80000)
 Metaspace       used 42001K, capacity 42584K, committed 42816K, reserved 1085440K
  class space    used 6059K, capacity 6201K, committed 6208K, reserved 1048576K
Event: 7.006 GC heap after
Heap after GC invocations=9 (full 2):
 PSYoungGen      total 275456K, used 7290K [0x000000076ce00000, 0x0000000784200000, 0x00000007c0000000)
  eden space 259584K, 0% used [0x000000076ce00000,0x000000076ce00000,0x000000077cb80000)
  from space 15872K, 45% used [0x000000077cb80000,0x000000077d29e838,0x000000077db00000)
  to   space 15872K, 0% used [0x0000000783280000,0x0000000783280000,0x0000000784200000)
 ParOldGen       total 183808K, used 23746K [0x00000006c6a00000, 0x00000006d1d80000, 0x000000076ce00000)
  object space 183808K, 12% used [0x00000006c6a00000,0x00000006c8130b48,0x00000006d1d80000)
 Metaspace       used 42001K, capacity 42584K, committed 42816K, reserved 1085440K
  class space    used 6059K, capacity 6201K, committed 6208K, reserved 1048576K
}
Event: 48.697 GC heap before
{Heap before GC invocations=10 (full 2):
 PSYoungGen      total 275456K, used 266874K [0x000000076ce00000, 0x0000000784200000, 0x00000007c0000000)
  eden space 259584K, 100% used [0x000000076ce00000,0x000000077cb80000,0x000000077cb80000)
  from space 15872K, 45% used [0x000000077cb80000,0x000000077d29e838,0x000000077db00000)
  to   space 15872K, 0% used [0x0000000783280000,0x0000000783280000,0x0000000784200000)
 ParOldGen       total 183808K, used 23746K [0x00000006c6a00000, 0x00000006d1d80000, 0x000000076ce00000)
  object space 183808K, 12% used [0x00000006c6a00000,0x00000006c8130b48,0x00000006d1d80000)
 Metaspace       used 49558K, capacity 50738K, committed 51008K, reserved 1093632K
  class space    used 7120K, capacity 7400K, committed 7488K, reserved 1048576K
Event: 48.712 GC heap after
Heap after GC invocations=10 (full 2):
 PSYoungGen      total 347648K, used 13593K [0x000000076ce00000, 0x0000000784000000, 0x00000007c0000000)
  eden space 333824K, 0% used [0x000000076ce00000,0x000000076ce00000,0x0000000781400000)
  from space 13824K, 98% used [0x0000000783280000,0x0000000783fc64b0,0x0000000784000000)
  to   space 16896K, 0% used [0x0000000781f00000,0x0000000781f00000,0x0000000782f80000)
 ParOldGen       total 183808K, used 23754K [0x00000006c6a00000, 0x00000006d1d80000, 0x000000076ce00000)
  object space 183808K, 12% used [0x00000006c6a00000,0x00000006c8132b48,0x00000006d1d80000)
 Metaspace       used 49558K, capacity 50738K, committed 51008K, reserved 1093632K
  class space    used 7120K, capacity 7400K, committed 7488K, reserved 1048576K
}

