# JRE version: Java(TM) SE Runtime Environment (8.0_20-b17) (build 1.8.0_20-ea-b17)
# Java VM: Java HotSpot(TM) 64-Bit Server VM (25.20-b17 mixed mode linux-amd64 compressed oops)
Heap:
 PSYoungGen      total 299520K, used 244151K [0x000000076ce00000, 0x0000000780f00000, 0x00000007c0000000)
  eden space 281600K, 86% used [0x000000076ce00000,0x000000077bc6dcc8,0x000000077e100000)
  from space 17920K, 0% used [0x000000077f500000,0x000000077f500000,0x0000000780680000)
  to   space 20480K, 0% used [0x000000077e100000,0x000000077e100000,0x000000077f500000)
 ParOldGen       total 229888K, used 38303K [0x00000006c6a00000, 0x00000006d4a80000, 0x000000076ce00000)
  object space 229888K, 16% used [0x00000006c6a00000,0x00000006c8f67d60,0x00000006d4a80000)
 Metaspace       used 58134K, capacity 59460K, committed 59720K, reserved 1099776K
  class space    used 8379K, capacity 8677K, committed 8696K, reserved 1048576K
GC Heap History (10 events):
Event: 6.450 GC heap before
{Heap before GC invocations=9 (full 2):
 PSYoungGen      total 172032K, used 13286K [0x000000076ce00000, 0x000000077e080000, 0x00000007c0000000)
  eden space 157184K, 0% used [0x000000076ce00000,0x000000076ce00000,0x0000000776780000)
  from space 14848K, 89% used [0x0000000776780000,0x0000000777479aa8,0x0000000777600000)
  to   space 16384K, 0% used [0x000000077d080000,0x000000077d080000,0x000000077e080000)
 ParOldGen       total 109056K, used 12845K [0x00000006c6a00000, 0x00000006cd480000, 0x000000076ce00000)
  object space 109056K, 11% used [0x00000006c6a00000,0x00000006c768b5c8,0x00000006cd480000)
 Metaspace       used 34692K, capacity 35140K, committed 35320K, reserved 1079296K
  class space    used 4630K, capacity 4768K, committed 4856K, reserved 1048576K
Event: 6.522 GC heap after
Heap after GC invocations=9 (full 2):
 PSYoungGen      total 172032K, used 0K [0x000000076ce00000, 0x000000077e080000, 0x00000007c0000000)
  eden space 157184K, 0% used [0x000000076ce00000,0x000000076ce00000,0x0000000776780000)
  from space 14848K, 0% used [0x0000000776780000,0x0000000776780000,0x0000000777600000)
  to   space 16384K, 0% used [0x000000077d080000,0x000000077d080000,0x000000077e080000)
 ParOldGen       total 166912K, used 23771K [0x00000006c6a00000, 0x00000006d0d00000, 0x000000076ce00000)
  object space 166912K, 14% used [0x00000006c6a00000,0x00000006c8136e28,0x00000006d0d00000)
 Metaspace       used 34692K, capacity 35140K, committed 35320K, reserved 1079296K
  class space    used 4630K, capacity 4768K, committed 4856K, reserved 1048576K
}
Event: 7.678 GC heap before
{Heap before GC invocations=10 (full 2):
 PSYoungGen      total 172032K, used 157184K [0x000000076ce00000, 0x000000077e080000, 0x00000007c0000000)
  eden space 157184K, 100% used [0x000000076ce00000,0x0000000776780000,0x0000000776780000)
  from space 14848K, 0% used [0x0000000776780000,0x0000000776780000,0x0000000777600000)
  to   space 16384K, 0% used [0x000000077d080000,0x000000077d080000,0x000000077e080000)
 ParOldGen       total 166912K, used 23771K [0x00000006c6a00000, 0x00000006d0d00000, 0x000000076ce00000)
  object space 166912K, 14% used [0x00000006c6a00000,0x00000006c8136e28,0x00000006d0d00000)
 Metaspace       used 40026K, capacity 40520K, committed 40824K, reserved 1083392K
  class space    used 5795K, capacity 5905K, committed 6008K, reserved 1048576K
Event: 7.684 GC heap after
Heap after GC invocations=10 (full 2):
 PSYoungGen      total 234496K, used 6224K [0x000000076ce00000, 0x000000077d700000, 0x00000007c0000000)
  eden space 227840K, 0% used [0x000000076ce00000,0x000000076ce00000,0x000000077ac80000)
  from space 6656K, 93% used [0x000000077d080000,0x000000077d694148,0x000000077d700000)
  to   space 16384K, 0% used [0x000000077b700000,0x000000077b700000,0x000000077c700000)
 ParOldGen       total 166912K, used 23779K [0x00000006c6a00000, 0x00000006d0d00000, 0x000000076ce00000)
  object space 166912K, 14% used [0x00000006c6a00000,0x00000006c8138e28,0x00000006d0d00000)
 Metaspace       used 40026K, capacity 40520K, committed 40824K, reserved 1083392K
  class space    used 5795K, capacity 5905K, committed 6008K, reserved 1048576K
}
Event: 9.834 GC heap before
{Heap before GC invocations=11 (full 2):
 PSYoungGen      total 234496K, used 234064K [0x000000076ce00000, 0x000000077d700000, 0x00000007c0000000)
  eden space 227840K, 100% used [0x000000076ce00000,0x000000077ac80000,0x000000077ac80000)
  from space 6656K, 93% used [0x000000077d080000,0x000000077d694148,0x000000077d700000)
  to   space 16384K, 0% used [0x000000077b700000,0x000000077b700000,0x000000077c700000)
 ParOldGen       total 166912K, used 23779K [0x00000006c6a00000, 0x00000006d0d00000, 0x000000076ce00000)
  object space 166912K, 14% used [0x00000006c6a00000,0x00000006c8138e28,0x00000006d0d00000)
 Metaspace       used 50345K, capacity 50996K, committed 51320K, reserved 1093632K
  class space    used 7289K, capacity 7432K, committed 7544K, reserved 1048576K
Event: 9.848 GC heap after
Heap after GC invocations=11 (full 2):
 PSYoungGen      total 254976K, used 15421K [0x000000076ce00000, 0x0000000780680000, 0x00000007c0000000)
  eden space 238592K, 0% used [0x000000076ce00000,0x000000076ce00000,0x000000077b700000)
  from space 16384K, 94% used [0x000000077b700000,0x000000077c60f450,0x000000077c700000)
  to   space 17920K, 0% used [0x000000077f500000,0x000000077f500000,0x0000000780680000)
 ParOldGen       total 166912K, used 23787K [0x00000006c6a00000, 0x00000006d0d00000, 0x000000076ce00000)
  object space 166912K, 14% used [0x00000006c6a00000,0x00000006c813ae28,0x00000006d0d00000)
 Metaspace       used 50345K, capacity 50996K, committed 51320K, reserved 1093632K
  class space    used 7289K, capacity 7432K, committed 7544K, reserved 1048576K
}
Event: 131.225 GC heap before
{Heap before GC invocations=12 (full 2):
 PSYoungGen      total 254976K, used 251790K [0x000000076ce00000, 0x0000000780680000, 0x00000007c0000000)
  eden space 238592K, 99% used [0x000000076ce00000,0x000000077b4d4660,0x000000077b700000)
  from space 16384K, 94% used [0x000000077b700000,0x000000077c60f450,0x000000077c700000)
  to   space 17920K, 0% used [0x000000077f500000,0x000000077f500000,0x0000000780680000)
 ParOldGen       total 166912K, used 23787K [0x00000006c6a00000, 0x00000006d0d00000, 0x000000076ce00000)
  object space 166912K, 14% used [0x00000006c6a00000,0x00000006c813ae28,0x00000006d0d00000)
 Metaspace       used 57356K, capacity 58560K, committed 58568K, reserved 1099776K
  class space    used 8289K, capacity 8560K, committed 8568K, reserved 1048576K
Event: 131.243 GC heap after
Heap after GC invocations=12 (full 2):
 PSYoungGen      total 299520K, used 17905K [0x000000076ce00000, 0x0000000780f00000, 0x00000007c0000000)
  eden space 281600K, 0% used [0x000000076ce00000,0x000000076ce00000,0x000000077e100000)
  from space 17920K, 99% used [0x000000077f500000,0x000000078067c450,0x0000000780680000)
  to   space 20480K, 0% used [0x000000077e100000,0x000000077e100000,0x000000077f500000)
 ParOldGen       total 166912K, used 24811K [0x00000006c6a00000, 0x00000006d0d00000, 0x000000076ce00000)
  object space 166912K, 14% used [0x00000006c6a00000,0x00000006c823aca0,0x00000006d0d00000)
 Metaspace       used 57356K, capacity 58560K, committed 58568K, reserved 1099776K
  class space    used 8289K, capacity 8560K, committed 8568K, reserved 1048576K
}
Event: 131.243 GC heap before
{Heap before GC invocations=13 (full 3):
 PSYoungGen      total 299520K, used 17905K [0x000000076ce00000, 0x0000000780f00000, 0x00000007c0000000)
  eden space 281600K, 0% used [0x000000076ce00000,0x000000076ce00000,0x000000077e100000)
  from space 17920K, 99% used [0x000000077f500000,0x000000078067c450,0x0000000780680000)
  to   space 20480K, 0% used [0x000000077e100000,0x000000077e100000,0x000000077f500000)
 ParOldGen       total 166912K, used 24811K [0x00000006c6a00000, 0x00000006d0d00000, 0x000000076ce00000)
  object space 166912K, 14% used [0x00000006c6a00000,0x00000006c823aca0,0x00000006d0d00000)
 Metaspace       used 57356K, capacity 58560K, committed 58568K, reserved 1099776K
  class space    used 8289K, capacity 8560K, committed 8568K, reserved 1048576K
Event: 131.436 GC heap after
Heap after GC invocations=13 (full 3):
 PSYoungGen      total 299520K, used 0K [0x000000076ce00000, 0x0000000780f00000, 0x00000007c0000000)
  eden space 281600K, 0% used [0x000000076ce00000,0x000000076ce00000,0x000000077e100000)
  from space 17920K, 0% used [0x000000077f500000,0x000000077f500000,0x0000000780680000)
  to   space 20480K, 0% used [0x000000077e100000,0x000000077e100000,0x000000077f500000)
 ParOldGen       total 229888K, used 38303K [0x00000006c6a00000, 0x00000006d4a80000, 0x000000076ce00000)
  object space 229888K, 16% used [0x00000006c6a00000,0x00000006c8f67d60,0x00000006d4a80000)
 Metaspace       used 57285K, capacity 58462K, committed 58568K, reserved 1099776K
  class space    used 8288K, capacity 8554K, committed 8568K, reserved 1048576K
}

