# JRE version: Java(TM) SE Runtime Environment (8.0_20-b17) (build 1.8.0_20-ea-b17)
# Java VM: Java HotSpot(TM) 64-Bit Server VM (25.20-b17 mixed mode linux-amd64 compressed oops)
Heap:
 PSYoungGen      total 254976K, used 176742K [0x000000076ce00000, 0x0000000780400000, 0x00000007c0000000)
  eden space 241664K, 67% used [0x000000076ce00000,0x0000000776da0a88,0x000000077ba00000)
  from space 13312K, 99% used [0x000000077ba00000,0x000000077c6f8e10,0x000000077c700000)
  to   space 14336K, 0% used [0x000000077f600000,0x000000077f600000,0x0000000780400000)
 ParOldGen       total 157184K, used 20413K [0x00000006c6a00000, 0x00000006d0380000, 0x000000076ce00000)
  object space 157184K, 12% used [0x00000006c6a00000,0x00000006c7def738,0x00000006d0380000)
 Metaspace       used 51044K, capacity 52270K, committed 52472K, reserved 1093632K
  class space    used 7297K, capacity 7570K, committed 7672K, reserved 1048576K
GC Heap History (10 events):
Event: 4.300 GC heap before
{Heap before GC invocations=7 (full 1):
 PSYoungGen      total 137216K, used 134929K [0x000000076ce00000, 0x0000000778480000, 0x00000007c0000000)
  eden space 126976K, 100% used [0x000000076ce00000,0x0000000774a00000,0x0000000774a00000)
  from space 10240K, 77% used [0x0000000774a00000,0x00000007751c4708,0x0000000775400000)
  to   space 14336K, 0% used [0x0000000777680000,0x0000000777680000,0x0000000778480000)
 ParOldGen       total 104448K, used 12826K [0x00000006c6a00000, 0x00000006cd000000, 0x000000076ce00000)
  object space 104448K, 12% used [0x00000006c6a00000,0x00000006c7686b90,0x00000006cd000000)
 Metaspace       used 31843K, capacity 32512K, committed 32640K, reserved 1077248K
  class space    used 3697K, capacity 3881K, committed 3968K, reserved 1048576K
Event: 4.309 GC heap after
Heap after GC invocations=7 (full 1):
 PSYoungGen      total 172544K, used 8067K [0x000000076ce00000, 0x000000077aa00000, 0x00000007c0000000)
  eden space 158208K, 0% used [0x000000076ce00000,0x000000076ce00000,0x0000000776880000)
  from space 14336K, 56% used [0x0000000777680000,0x0000000777e60f78,0x0000000778480000)
  to   space 14336K, 0% used [0x0000000776880000,0x0000000776880000,0x0000000777680000)
 ParOldGen       total 104448K, used 12834K [0x00000006c6a00000, 0x00000006cd000000, 0x000000076ce00000)
  object space 104448K, 12% used [0x00000006c6a00000,0x00000006c7688b90,0x00000006cd000000)
 Metaspace       used 31843K, capacity 32512K, committed 32640K, reserved 1077248K
  class space    used 3697K, capacity 3881K, committed 3968K, reserved 1048576K
}
Event: 4.751 GC heap before
{Heap before GC invocations=8 (full 1):
 PSYoungGen      total 172544K, used 129959K [0x000000076ce00000, 0x000000077aa00000, 0x00000007c0000000)
  eden space 158208K, 77% used [0x000000076ce00000,0x0000000774508d38,0x0000000776880000)
  from space 14336K, 56% used [0x0000000777680000,0x0000000777e60f78,0x0000000778480000)
  to   space 14336K, 0% used [0x0000000776880000,0x0000000776880000,0x0000000777680000)
 ParOldGen       total 104448K, used 12834K [0x00000006c6a00000, 0x00000006cd000000, 0x000000076ce00000)
  object space 104448K, 12% used [0x00000006c6a00000,0x00000006c7688b90,0x00000006cd000000)
 Metaspace       used 34577K, capacity 35270K, committed 35320K, reserved 1081344K
  class space    used 4151K, capacity 4330K, committed 4344K, reserved 1048576K
Event: 4.760 GC heap after
Heap after GC invocations=8 (full 1):
 PSYoungGen      total 172544K, used 9469K [0x000000076ce00000, 0x000000077d800000, 0x00000007c0000000)
  eden space 158208K, 0% used [0x000000076ce00000,0x000000076ce00000,0x0000000776880000)
  from space 14336K, 66% used [0x0000000776880000,0x00000007771bf668,0x0000000777680000)
  to   space 13824K, 0% used [0x000000077ca80000,0x000000077ca80000,0x000000077d800000)
 ParOldGen       total 104448K, used 12842K [0x00000006c6a00000, 0x00000006cd000000, 0x000000076ce00000)
  object space 104448K, 12% used [0x00000006c6a00000,0x00000006c768ab90,0x00000006cd000000)
 Metaspace       used 34577K, capacity 35270K, committed 35320K, reserved 1081344K
  class space    used 4151K, capacity 4330K, committed 4344K, reserved 1048576K
}
Event: 4.760 GC heap before
{Heap before GC invocations=9 (full 2):
 PSYoungGen      total 172544K, used 9469K [0x000000076ce00000, 0x000000077d800000, 0x00000007c0000000)
  eden space 158208K, 0% used [0x000000076ce00000,0x000000076ce00000,0x0000000776880000)
  from space 14336K, 66% used [0x0000000776880000,0x00000007771bf668,0x0000000777680000)
  to   space 13824K, 0% used [0x000000077ca80000,0x000000077ca80000,0x000000077d800000)
 ParOldGen       total 104448K, used 12842K [0x00000006c6a00000, 0x00000006cd000000, 0x000000076ce00000)
  object space 104448K, 12% used [0x00000006c6a00000,0x00000006c768ab90,0x00000006cd000000)
 Metaspace       used 34577K, capacity 35270K, committed 35320K, reserved 1081344K
  class space    used 4151K, capacity 4330K, committed 4344K, reserved 1048576K
Event: 4.829 GC heap after
Heap after GC invocations=9 (full 2):
 PSYoungGen      total 172544K, used 0K [0x000000076ce00000, 0x000000077d800000, 0x00000007c0000000)
  eden space 158208K, 0% used [0x000000076ce00000,0x000000076ce00000,0x0000000776880000)
  from space 14336K, 0% used [0x0000000776880000,0x0000000776880000,0x0000000777680000)
  to   space 13824K, 0% used [0x000000077ca80000,0x000000077ca80000,0x000000077d800000)
 ParOldGen       total 157184K, used 19943K [0x00000006c6a00000, 0x00000006d0380000, 0x000000076ce00000)
  object space 157184K, 12% used [0x00000006c6a00000,0x00000006c7d79c50,0x00000006d0380000)
 Metaspace       used 34577K, capacity 35270K, committed 35320K, reserved 1081344K
  class space    used 4151K, capacity 4330K, committed 4344K, reserved 1048576K
}
Event: 5.832 GC heap before
{Heap before GC invocations=10 (full 2):
 PSYoungGen      total 172544K, used 158208K [0x000000076ce00000, 0x000000077d800000, 0x00000007c0000000)
  eden space 158208K, 100% used [0x000000076ce00000,0x0000000776880000,0x0000000776880000)
  from space 14336K, 0% used [0x0000000776880000,0x0000000776880000,0x0000000777680000)
  to   space 13824K, 0% used [0x000000077ca80000,0x000000077ca80000,0x000000077d800000)
 ParOldGen       total 157184K, used 19943K [0x00000006c6a00000, 0x00000006d0380000, 0x000000076ce00000)
  object space 157184K, 12% used [0x00000006c6a00000,0x00000006c7d79c50,0x00000006d0380000)
 Metaspace       used 41603K, capacity 42454K, committed 42616K, reserved 1085440K
  class space    used 6063K, capacity 6238K, committed 6264K, reserved 1048576K
Event: 5.848 GC heap after
Heap after GC invocations=10 (full 2):
 PSYoungGen      total 241664K, used 9636K [0x000000076ce00000, 0x000000077d400000, 0x00000007c0000000)
  eden space 231936K, 0% used [0x000000076ce00000,0x000000076ce00000,0x000000077b080000)
  from space 9728K, 99% used [0x000000077ca80000,0x000000077d3e9280,0x000000077d400000)
  to   space 13312K, 0% used [0x000000077ba00000,0x000000077ba00000,0x000000077c700000)
 ParOldGen       total 157184K, used 19951K [0x00000006c6a00000, 0x00000006d0380000, 0x000000076ce00000)
  object space 157184K, 12% used [0x00000006c6a00000,0x00000006c7d7bc50,0x00000006d0380000)
 Metaspace       used 41603K, capacity 42454K, committed 42616K, reserved 1085440K
  class space    used 6063K, capacity 6238K, committed 6264K, reserved 1048576K
}
Event: 10.804 GC heap before
{Heap before GC invocations=11 (full 2):
 PSYoungGen      total 241664K, used 241572K [0x000000076ce00000, 0x000000077d400000, 0x00000007c0000000)
  eden space 231936K, 100% used [0x000000076ce00000,0x000000077b080000,0x000000077b080000)
  from space 9728K, 99% used [0x000000077ca80000,0x000000077d3e9280,0x000000077d400000)
  to   space 13312K, 0% used [0x000000077ba00000,0x000000077ba00000,0x000000077c700000)
 ParOldGen       total 157184K, used 19951K [0x00000006c6a00000, 0x00000006d0380000, 0x000000076ce00000)
  object space 157184K, 12% used [0x00000006c6a00000,0x00000006c7d7bc50,0x00000006d0380000)
 Metaspace       used 49056K, capacity 50064K, committed 50296K, reserved 1091584K
  class space    used 7022K, capacity 7277K, committed 7288K, reserved 1048576K
Event: 10.819 GC heap after
Heap after GC invocations=11 (full 2):
 PSYoungGen      total 254976K, used 13283K [0x000000076ce00000, 0x0000000780400000, 0x00000007c0000000)
  eden space 241664K, 0% used [0x000000076ce00000,0x000000076ce00000,0x000000077ba00000)
  from space 13312K, 99% used [0x000000077ba00000,0x000000077c6f8e10,0x000000077c700000)
  to   space 14336K, 0% used [0x000000077f600000,0x000000077f600000,0x0000000780400000)
 ParOldGen       total 157184K, used 20413K [0x00000006c6a00000, 0x00000006d0380000, 0x000000076ce00000)
  object space 157184K, 12% used [0x00000006c6a00000,0x00000006c7def738,0x00000006d0380000)
 Metaspace       used 49056K, capacity 50064K, committed 50296K, reserved 1091584K
  class space    used 7022K, capacity 7277K, committed 7288K, reserved 1048576K
}

