# JRE version: Java(TM) SE Runtime Environment (8.0_20-b17) (build 1.8.0_20-ea-b17)
# Java VM: Java HotSpot(TM) 64-Bit Server VM (25.20-b17 mixed mode linux-amd64 compressed oops)
Heap:
 PSYoungGen      total 438272K, used 61336K [0x000000076ce00000, 0x000000078a780000, 0x00000007c0000000)
  eden space 428032K, 12% used [0x000000076ce00000,0x000000077005fbd8,0x0000000787000000)
  from space 10240K, 95% used [0x0000000788880000,0x0000000789206738,0x0000000789280000)
  to   space 19968K, 0% used [0x0000000789400000,0x0000000789400000,0x000000078a780000)
 ParOldGen       total 237568K, used 35732K [0x00000006c6a00000, 0x00000006d5200000, 0x000000076ce00000)
  object space 237568K, 15% used [0x00000006c6a00000,0x00000006c8ce5038,0x00000006d5200000)
 Metaspace       used 59472K, capacity 60838K, committed 60928K, reserved 1101824K
  class space    used 8306K, capacity 8619K, committed 8704K, reserved 1048576K
GC Heap History (10 events):
Event: 36.372 GC heap before
{Heap before GC invocations=12 (full 3):
 PSYoungGen      total 431616K, used 16219K [0x000000076ce00000, 0x000000078c800000, 0x00000007c0000000)
  eden space 411136K, 0% used [0x000000076ce00000,0x000000076ce00000,0x0000000785f80000)
  from space 20480K, 79% used [0x0000000785f80000,0x0000000786f56e58,0x0000000787380000)
  to   space 21504K, 0% used [0x000000078b300000,0x000000078b300000,0x000000078c800000)
 ParOldGen       total 168960K, used 29239K [0x00000006c6a00000, 0x00000006d0f00000, 0x000000076ce00000)
  object space 168960K, 17% used [0x00000006c6a00000,0x00000006c868dc68,0x00000006d0f00000)
 Metaspace       used 57247K, capacity 58426K, committed 58524K, reserved 1099776K
  class space    used 8187K, capacity 8484K, committed 8576K, reserved 1048576K
Event: 36.588 GC heap after
Heap after GC invocations=12 (full 3):
 PSYoungGen      total 431616K, used 0K [0x000000076ce00000, 0x000000078c800000, 0x00000007c0000000)
  eden space 411136K, 0% used [0x000000076ce00000,0x000000076ce00000,0x0000000785f80000)
  from space 20480K, 0% used [0x0000000785f80000,0x0000000785f80000,0x0000000787380000)
  to   space 21504K, 0% used [0x000000078b300000,0x000000078b300000,0x000000078c800000)
 ParOldGen       total 237568K, used 35700K [0x00000006c6a00000, 0x00000006d5200000, 0x000000076ce00000)
  object space 237568K, 15% used [0x00000006c6a00000,0x00000006c8cdd038,0x00000006d5200000)
 Metaspace       used 57237K, capacity 58412K, committed 58524K, reserved 1099776K
  class space    used 8186K, capacity 8482K, committed 8576K, reserved 1048576K
}
Event: 194.980 GC heap before
{Heap before GC invocations=13 (full 3):
 PSYoungGen      total 431616K, used 411136K [0x000000076ce00000, 0x000000078c800000, 0x00000007c0000000)
  eden space 411136K, 100% used [0x000000076ce00000,0x0000000785f80000,0x0000000785f80000)
  from space 20480K, 0% used [0x0000000785f80000,0x0000000785f80000,0x0000000787380000)
  to   space 21504K, 0% used [0x000000078b300000,0x000000078b300000,0x000000078c800000)
 ParOldGen       total 237568K, used 35700K [0x00000006c6a00000, 0x00000006d5200000, 0x000000076ce00000)
  object space 237568K, 15% used [0x00000006c6a00000,0x00000006c8cdd038,0x00000006d5200000)
 Metaspace       used 58123K, capacity 59352K, committed 59548K, reserved 1099776K
  class space    used 8233K, capacity 8526K, committed 8576K, reserved 1048576K
Event: 194.987 GC heap after
Heap after GC invocations=13 (full 3):
 PSYoungGen      total 496640K, used 7067K [0x000000076ce00000, 0x000000078d200000, 0x00000007c0000000)
  eden space 475136K, 0% used [0x000000076ce00000,0x000000076ce00000,0x0000000789e00000)
  from space 21504K, 32% used [0x000000078b300000,0x000000078b9e6ff8,0x000000078c800000)
  to   space 21504K, 0% used [0x0000000789e00000,0x0000000789e00000,0x000000078b300000)
 ParOldGen       total 237568K, used 35708K [0x00000006c6a00000, 0x00000006d5200000, 0x000000076ce00000)
  object space 237568K, 15% used [0x00000006c6a00000,0x00000006c8cdf038,0x00000006d5200000)
 Metaspace       used 58123K, capacity 59352K, committed 59548K, reserved 1099776K
  class space    used 8233K, capacity 8526K, committed 8576K, reserved 1048576K
}
Event: 710.940 GC heap before
{Heap before GC invocations=14 (full 3):
 PSYoungGen      total 496640K, used 482203K [0x000000076ce00000, 0x000000078d200000, 0x00000007c0000000)
  eden space 475136K, 100% used [0x000000076ce00000,0x0000000789e00000,0x0000000789e00000)
  from space 21504K, 32% used [0x000000078b300000,0x000000078b9e6ff8,0x000000078c800000)
  to   space 21504K, 0% used [0x0000000789e00000,0x0000000789e00000,0x000000078b300000)
 ParOldGen       total 237568K, used 35708K [0x00000006c6a00000, 0x00000006d5200000, 0x000000076ce00000)
  object space 237568K, 15% used [0x00000006c6a00000,0x00000006c8cdf038,0x00000006d5200000)
 Metaspace       used 58810K, capacity 60176K, committed 60416K, reserved 1101824K
  class space    used 8284K, capacity 8578K, committed 8704K, reserved 1048576K
Event: 710.952 GC heap after
Heap after GC invocations=14 (full 3):
 PSYoungGen      total 467968K, used 8826K [0x000000076ce00000, 0x000000078b700000, 0x00000007c0000000)
  eden space 458752K, 0% used [0x000000076ce00000,0x000000076ce00000,0x0000000788e00000)
  from space 9216K, 95% used [0x0000000789e00000,0x000000078a69eac8,0x000000078a700000)
  to   space 16384K, 0% used [0x000000078a700000,0x000000078a700000,0x000000078b700000)
 ParOldGen       total 237568K, used 35716K [0x00000006c6a00000, 0x00000006d5200000, 0x000000076ce00000)
  object space 237568K, 15% used [0x00000006c6a00000,0x00000006c8ce1038,0x00000006d5200000)
 Metaspace       used 58810K, capacity 60176K, committed 60416K, reserved 1101824K
  class space    used 8284K, capacity 8578K, committed 8704K, reserved 1048576K
}
Event: 1616.318 GC heap before
{Heap before GC invocations=15 (full 3):
 PSYoungGen      total 467968K, used 467578K [0x000000076ce00000, 0x000000078b700000, 0x00000007c0000000)
  eden space 458752K, 100% used [0x000000076ce00000,0x0000000788e00000,0x0000000788e00000)
  from space 9216K, 95% used [0x0000000789e00000,0x000000078a69eac8,0x000000078a700000)
  to   space 16384K, 0% used [0x000000078a700000,0x000000078a700000,0x000000078b700000)
 ParOldGen       total 237568K, used 35716K [0x00000006c6a00000, 0x00000006d5200000, 0x000000076ce00000)
  object space 237568K, 15% used [0x00000006c6a00000,0x00000006c8ce1038,0x00000006d5200000)
 Metaspace       used 59119K, capacity 60462K, committed 60672K, reserved 1101824K
  class space    used 8286K, capacity 8583K, committed 8704K, reserved 1048576K
Event: 1616.333 GC heap after
Heap after GC invocations=15 (full 3):
 PSYoungGen      total 452608K, used 9258K [0x000000076ce00000, 0x000000078b080000, 0x00000007c0000000)
  eden space 442880K, 0% used [0x000000076ce00000,0x000000076ce00000,0x0000000787e80000)
  from space 9728K, 95% used [0x000000078a700000,0x000000078b00a990,0x000000078b080000)
  to   space 20480K, 0% used [0x0000000788880000,0x0000000788880000,0x0000000789c80000)
 ParOldGen       total 237568K, used 35724K [0x00000006c6a00000, 0x00000006d5200000, 0x000000076ce00000)
  object space 237568K, 15% used [0x00000006c6a00000,0x00000006c8ce3038,0x00000006d5200000)
 Metaspace       used 59119K, capacity 60462K, committed 60672K, reserved 1101824K
  class space    used 8286K, capacity 8583K, committed 8704K, reserved 1048576K
}
Event: 2535.477 GC heap before
{Heap before GC invocations=16 (full 3):
 PSYoungGen      total 452608K, used 452138K [0x000000076ce00000, 0x000000078b080000, 0x00000007c0000000)
  eden space 442880K, 100% used [0x000000076ce00000,0x0000000787e80000,0x0000000787e80000)
  from space 9728K, 95% used [0x000000078a700000,0x000000078b00a990,0x000000078b080000)
  to   space 20480K, 0% used [0x0000000788880000,0x0000000788880000,0x0000000789c80000)
 ParOldGen       total 237568K, used 35724K [0x00000006c6a00000, 0x00000006d5200000, 0x000000076ce00000)
  object space 237568K, 15% used [0x00000006c6a00000,0x00000006c8ce3038,0x00000006d5200000)
 Metaspace       used 59341K, capacity 60654K, committed 60928K, reserved 1101824K
  class space    used 8286K, capacity 8583K, committed 8704K, reserved 1048576K
Event: 2535.486 GC heap after
Heap after GC invocations=16 (full 3):
 PSYoungGen      total 438272K, used 9753K [0x000000076ce00000, 0x000000078a780000, 0x00000007c0000000)
  eden space 428032K, 0% used [0x000000076ce00000,0x000000076ce00000,0x0000000787000000)
  from space 10240K, 95% used [0x0000000788880000,0x0000000789206738,0x0000000789280000)
  to   space 19968K, 0% used [0x0000000789400000,0x0000000789400000,0x000000078a780000)
 ParOldGen       total 237568K, used 35732K [0x00000006c6a00000, 0x00000006d5200000, 0x000000076ce00000)
  object space 237568K, 15% used [0x00000006c6a00000,0x00000006c8ce5038,0x00000006d5200000)
 Metaspace       used 59341K, capacity 60654K, committed 60928K, reserved 1101824K
  class space    used 8286K, capacity 8583K, committed 8704K, reserved 1048576K
}

