# JRE version: Java(TM) SE Runtime Environment (8.0_20-b17) (build 1.8.0_20-ea-b17)
# Java VM: Java HotSpot(TM) 64-Bit Server VM (25.20-b17 mixed mode linux-amd64 compressed oops)
Heap:
 PSYoungGen      total 392704K, used 134572K [0x000000076ce00000, 0x0000000786f00000, 0x00000007c0000000)
  eden space 379392K, 31% used [0x000000076ce00000,0x0000000774486f48,0x0000000784080000)
  from space 13312K, 99% used [0x0000000786200000,0x0000000786ee4168,0x0000000786f00000)
  to   space 16384K, 0% used [0x0000000784f00000,0x0000000784f00000,0x0000000785f00000)
 ParOldGen       total 171520K, used 23735K [0x00000006c6a00000, 0x00000006d1180000, 0x000000076ce00000)
  object space 171520K, 13% used [0x00000006c6a00000,0x00000006c812dee8,0x00000006d1180000)
 Metaspace       used 51275K, capacity 52500K, committed 52728K, reserved 1093632K
  class space    used 7313K, capacity 7587K, committed 7672K, reserved 1048576K
GC Heap History (10 events):
Event: 4.115 GC heap before
{Heap before GC invocations=6 (full 1):
 PSYoungGen      total 200704K, used 200540K [0x000000076ce00000, 0x000000077dd00000, 0x00000007c0000000)
  eden space 191488K, 100% used [0x000000076ce00000,0x0000000778900000,0x0000000778900000)
  from space 9216K, 98% used [0x000000077d400000,0x000000077dcd7328,0x000000077dd00000)
  to   space 10240K, 0% used [0x000000077c900000,0x000000077c900000,0x000000077d300000)
 ParOldGen       total 112640K, used 13454K [0x00000006c6a00000, 0x00000006cd800000, 0x000000076ce00000)
  object space 112640K, 11% used [0x00000006c6a00000,0x00000006c7723998,0x00000006cd800000)
 Metaspace       used 28979K, capacity 29394K, committed 29568K, reserved 1075200K
  class space    used 3244K, capacity 3388K, committed 3456K, reserved 1048576K
Event: 4.122 GC heap after
Heap after GC invocations=6 (full 1):
 PSYoungGen      total 267264K, used 5790K [0x000000076ce00000, 0x000000077fd00000, 0x00000007c0000000)
  eden space 257024K, 0% used [0x000000076ce00000,0x000000076ce00000,0x000000077c900000)
  from space 10240K, 56% used [0x000000077c900000,0x000000077cea7aa0,0x000000077d300000)
  to   space 15360K, 0% used [0x000000077ee00000,0x000000077ee00000,0x000000077fd00000)
 ParOldGen       total 112640K, used 13462K [0x00000006c6a00000, 0x00000006cd800000, 0x000000076ce00000)
  object space 112640K, 11% used [0x00000006c6a00000,0x00000006c7725998,0x00000006cd800000)
 Metaspace       used 28979K, capacity 29394K, committed 29568K, reserved 1075200K
  class space    used 3244K, capacity 3388K, committed 3456K, reserved 1048576K
}
Event: 4.812 GC heap before
{Heap before GC invocations=7 (full 1):
 PSYoungGen      total 267264K, used 95563K [0x000000076ce00000, 0x000000077fd00000, 0x00000007c0000000)
  eden space 257024K, 34% used [0x000000076ce00000,0x00000007725ab4a0,0x000000077c900000)
  from space 10240K, 56% used [0x000000077c900000,0x000000077cea7aa0,0x000000077d300000)
  to   space 15360K, 0% used [0x000000077ee00000,0x000000077ee00000,0x000000077fd00000)
 ParOldGen       total 112640K, used 13462K [0x00000006c6a00000, 0x00000006cd800000, 0x000000076ce00000)
  object space 112640K, 11% used [0x00000006c6a00000,0x00000006c7725998,0x00000006cd800000)
 Metaspace       used 34664K, capacity 35140K, committed 35320K, reserved 1079296K
  class space    used 4627K, capacity 4768K, committed 4856K, reserved 1048576K
Event: 4.838 GC heap after
Heap after GC invocations=7 (full 1):
 PSYoungGen      total 293888K, used 13176K [0x000000076ce00000, 0x0000000786b00000, 0x00000007c0000000)
  eden space 278528K, 0% used [0x000000076ce00000,0x000000076ce00000,0x000000077de00000)
  from space 15360K, 85% used [0x000000077ee00000,0x000000077fade2c8,0x000000077fd00000)
  to   space 16384K, 0% used [0x000000077de00000,0x000000077de00000,0x000000077ee00000)
 ParOldGen       total 112640K, used 13470K [0x00000006c6a00000, 0x00000006cd800000, 0x000000076ce00000)
  object space 112640K, 11% used [0x00000006c6a00000,0x00000006c7727998,0x00000006cd800000)
 Metaspace       used 34664K, capacity 35140K, committed 35320K, reserved 1079296K
  class space    used 4627K, capacity 4768K, committed 4856K, reserved 1048576K
}
Event: 4.838 GC heap before
{Heap before GC invocations=8 (full 2):
 PSYoungGen      total 293888K, used 13176K [0x000000076ce00000, 0x0000000786b00000, 0x00000007c0000000)
  eden space 278528K, 0% used [0x000000076ce00000,0x000000076ce00000,0x000000077de00000)
  from space 15360K, 85% used [0x000000077ee00000,0x000000077fade2c8,0x000000077fd00000)
  to   space 16384K, 0% used [0x000000077de00000,0x000000077de00000,0x000000077ee00000)
 ParOldGen       total 112640K, used 13470K [0x00000006c6a00000, 0x00000006cd800000, 0x000000076ce00000)
  object space 112640K, 11% used [0x00000006c6a00000,0x00000006c7727998,0x00000006cd800000)
 Metaspace       used 34664K, capacity 35140K, committed 35320K, reserved 1079296K
  class space    used 4627K, capacity 4768K, committed 4856K, reserved 1048576K
Event: 4.907 GC heap after
Heap after GC invocations=8 (full 2):
 PSYoungGen      total 293888K, used 0K [0x000000076ce00000, 0x0000000786b00000, 0x00000007c0000000)
  eden space 278528K, 0% used [0x000000076ce00000,0x000000076ce00000,0x000000077de00000)
  from space 15360K, 0% used [0x000000077ee00000,0x000000077ee00000,0x000000077fd00000)
  to   space 16384K, 0% used [0x000000077de00000,0x000000077de00000,0x000000077ee00000)
 ParOldGen       total 171520K, used 23719K [0x00000006c6a00000, 0x00000006d1180000, 0x000000076ce00000)
  object space 171520K, 13% used [0x00000006c6a00000,0x00000006c8129ee8,0x00000006d1180000)
 Metaspace       used 34664K, capacity 35140K, committed 35320K, reserved 1079296K
  class space    used 4627K, capacity 4768K, committed 4856K, reserved 1048576K
}
Event: 7.024 GC heap before
{Heap before GC invocations=9 (full 2):
 PSYoungGen      total 293888K, used 278528K [0x000000076ce00000, 0x0000000786b00000, 0x00000007c0000000)
  eden space 278528K, 100% used [0x000000076ce00000,0x000000077de00000,0x000000077de00000)
  from space 15360K, 0% used [0x000000077ee00000,0x000000077ee00000,0x000000077fd00000)
  to   space 16384K, 0% used [0x000000077de00000,0x000000077de00000,0x000000077ee00000)
 ParOldGen       total 171520K, used 23719K [0x00000006c6a00000, 0x00000006d1180000, 0x000000076ce00000)
  object space 171520K, 13% used [0x00000006c6a00000,0x00000006c8129ee8,0x00000006d1180000)
 Metaspace       used 44509K, capacity 45156K, committed 45560K, reserved 1087488K
  class space    used 6357K, capacity 6523K, committed 6648K, reserved 1048576K
Event: 7.034 GC heap after
Heap after GC invocations=9 (full 2):
 PSYoungGen      total 294912K, used 10127K [0x000000076ce00000, 0x0000000787100000, 0x00000007c0000000)
  eden space 278528K, 0% used [0x000000076ce00000,0x000000076ce00000,0x000000077de00000)
  from space 16384K, 61% used [0x000000077de00000,0x000000077e7e3c90,0x000000077ee00000)
  to   space 15360K, 0% used [0x0000000786200000,0x0000000786200000,0x0000000787100000)
 ParOldGen       total 171520K, used 23727K [0x00000006c6a00000, 0x00000006d1180000, 0x000000076ce00000)
  object space 171520K, 13% used [0x00000006c6a00000,0x00000006c812bee8,0x00000006d1180000)
 Metaspace       used 44509K, capacity 45156K, committed 45560K, reserved 1087488K
  class space    used 6357K, capacity 6523K, committed 6648K, reserved 1048576K
}
Event: 81.519 GC heap before
{Heap before GC invocations=10 (full 2):
 PSYoungGen      total 294912K, used 288655K [0x000000076ce00000, 0x0000000787100000, 0x00000007c0000000)
  eden space 278528K, 100% used [0x000000076ce00000,0x000000077de00000,0x000000077de00000)
  from space 16384K, 61% used [0x000000077de00000,0x000000077e7e3c90,0x000000077ee00000)
  to   space 15360K, 0% used [0x0000000786200000,0x0000000786200000,0x0000000787100000)
 ParOldGen       total 171520K, used 23727K [0x00000006c6a00000, 0x00000006d1180000, 0x000000076ce00000)
  object space 171520K, 13% used [0x00000006c6a00000,0x00000006c812bee8,0x00000006d1180000)
 Metaspace       used 50876K, capacity 52102K, committed 52216K, reserved 1093632K
  class space    used 7282K, capacity 7574K, committed 7672K, reserved 1048576K
Event: 81.533 GC heap after
Heap after GC invocations=10 (full 2):
 PSYoungGen      total 392704K, used 13200K [0x000000076ce00000, 0x0000000786f00000, 0x00000007c0000000)
  eden space 379392K, 0% used [0x000000076ce00000,0x000000076ce00000,0x0000000784080000)
  from space 13312K, 99% used [0x0000000786200000,0x0000000786ee4168,0x0000000786f00000)
  to   space 16384K, 0% used [0x0000000784f00000,0x0000000784f00000,0x0000000785f00000)
 ParOldGen       total 171520K, used 23735K [0x00000006c6a00000, 0x00000006d1180000, 0x000000076ce00000)
  object space 171520K, 13% used [0x00000006c6a00000,0x00000006c812dee8,0x00000006d1180000)
 Metaspace       used 50876K, capacity 52102K, committed 52216K, reserved 1093632K
  class space    used 7282K, capacity 7574K, committed 7672K, reserved 1048576K
}

