# JRE version: Java(TM) SE Runtime Environment (8.0_20-b17) (build 1.8.0_20-ea-b17)
# Java VM: Java HotSpot(TM) 64-Bit Server VM (25.20-b17 mixed mode linux-amd64 compressed oops)
Heap:
 PSYoungGen      total 429568K, used 47051K [0x000000076ce00000, 0x000000078bf80000, 0x00000007c0000000)
  eden space 410624K, 11% used [0x000000076ce00000,0x000000076fbf2e50,0x0000000785f00000)
  from space 18944K, 0% used [0x0000000785f00000,0x0000000785f00000,0x0000000787180000)
  to   space 19968K, 0% used [0x000000078ac00000,0x000000078ac00000,0x000000078bf80000)
 ParOldGen       total 238592K, used 35067K [0x00000006c6a00000, 0x00000006d5300000, 0x000000076ce00000)
  object space 238592K, 14% used [0x00000006c6a00000,0x00000006c8c3ed00,0x00000006d5300000)
 Metaspace       used 57376K, capacity 58534K, committed 58824K, reserved 1099776K
  class space    used 8251K, capacity 8528K, committed 8576K, reserved 1048576K
GC Heap History (10 events):
Event: 4.965 GC heap before
{Heap before GC invocations=8 (full 2):
 PSYoungGen      total 310784K, used 13110K [0x000000076ce00000, 0x0000000786880000, 0x00000007c0000000)
  eden space 295936K, 0% used [0x000000076ce00000,0x000000076ce00000,0x000000077ef00000)
  from space 14848K, 88% used [0x000000077fe80000,0x0000000780b4d900,0x0000000780d00000)
  to   space 15872K, 0% used [0x000000077ef00000,0x000000077ef00000,0x000000077fe80000)
 ParOldGen       total 108544K, used 13030K [0x00000006c6a00000, 0x00000006cd400000, 0x000000076ce00000)
  object space 108544K, 12% used [0x00000006c6a00000,0x00000006c76b98a8,0x00000006cd400000)
 Metaspace       used 34754K, capacity 35140K, committed 35320K, reserved 1079296K
  class space    used 4566K, capacity 4704K, committed 4736K, reserved 1048576K
Event: 5.032 GC heap after
Heap after GC invocations=8 (full 2):
 PSYoungGen      total 310784K, used 0K [0x000000076ce00000, 0x0000000786880000, 0x00000007c0000000)
  eden space 295936K, 0% used [0x000000076ce00000,0x000000076ce00000,0x000000077ef00000)
  from space 14848K, 0% used [0x000000077fe80000,0x000000077fe80000,0x0000000780d00000)
  to   space 15872K, 0% used [0x000000077ef00000,0x000000077ef00000,0x000000077fe80000)
 ParOldGen       total 169984K, used 23678K [0x00000006c6a00000, 0x00000006d1000000, 0x000000076ce00000)
  object space 169984K, 13% used [0x00000006c6a00000,0x00000006c811fb78,0x00000006d1000000)
 Metaspace       used 34754K, capacity 35140K, committed 35320K, reserved 1079296K
  class space    used 4566K, capacity 4704K, committed 4736K, reserved 1048576K
}
Event: 6.784 GC heap before
{Heap before GC invocations=9 (full 2):
 PSYoungGen      total 310784K, used 295936K [0x000000076ce00000, 0x0000000786880000, 0x00000007c0000000)
  eden space 295936K, 100% used [0x000000076ce00000,0x000000077ef00000,0x000000077ef00000)
  from space 14848K, 0% used [0x000000077fe80000,0x000000077fe80000,0x0000000780d00000)
  to   space 15872K, 0% used [0x000000077ef00000,0x000000077ef00000,0x000000077fe80000)
 ParOldGen       total 169984K, used 23678K [0x00000006c6a00000, 0x00000006d1000000, 0x000000076ce00000)
  object space 169984K, 13% used [0x00000006c6a00000,0x00000006c811fb78,0x00000006d1000000)
 Metaspace       used 44563K, capacity 45068K, committed 45440K, reserved 1087488K
  class space    used 6598K, capacity 6711K, committed 6784K, reserved 1048576K
Event: 6.797 GC heap after
Heap after GC invocations=9 (full 2):
 PSYoungGen      total 311808K, used 10980K [0x000000076ce00000, 0x0000000788400000, 0x00000007c0000000)
  eden space 295936K, 0% used [0x000000076ce00000,0x000000076ce00000,0x000000077ef00000)
  from space 15872K, 69% used [0x000000077ef00000,0x000000077f9b91c8,0x000000077fe80000)
  to   space 15360K, 0% used [0x0000000787500000,0x0000000787500000,0x0000000788400000)
 ParOldGen       total 169984K, used 23686K [0x00000006c6a00000, 0x00000006d1000000, 0x000000076ce00000)
  object space 169984K, 13% used [0x00000006c6a00000,0x00000006c8121b78,0x00000006d1000000)
 Metaspace       used 44563K, capacity 45068K, committed 45440K, reserved 1087488K
  class space    used 6598K, capacity 6711K, committed 6784K, reserved 1048576K
}
Event: 21.482 GC heap before
{Heap before GC invocations=10 (full 2):
 PSYoungGen      total 311808K, used 306916K [0x000000076ce00000, 0x0000000788400000, 0x00000007c0000000)
  eden space 295936K, 100% used [0x000000076ce00000,0x000000077ef00000,0x000000077ef00000)
  from space 15872K, 69% used [0x000000077ef00000,0x000000077f9b91c8,0x000000077fe80000)
  to   space 15360K, 0% used [0x0000000787500000,0x0000000787500000,0x0000000788400000)
 ParOldGen       total 169984K, used 23686K [0x00000006c6a00000, 0x00000006d1000000, 0x000000076ce00000)
  object space 169984K, 13% used [0x00000006c6a00000,0x00000006c8121b78,0x00000006d1000000)
 Metaspace       used 56793K, capacity 57898K, committed 58240K, reserved 1099776K
  class space    used 8199K, capacity 8449K, committed 8576K, reserved 1048576K
Event: 21.500 GC heap after
Heap after GC invocations=10 (full 2):
 PSYoungGen      total 415232K, used 15329K [0x000000076ce00000, 0x0000000788400000, 0x00000007c0000000)
  eden space 399872K, 0% used [0x000000076ce00000,0x000000076ce00000,0x0000000785480000)
  from space 15360K, 99% used [0x0000000787500000,0x00000007883f8418,0x0000000788400000)
  to   space 18944K, 0% used [0x0000000785f00000,0x0000000785f00000,0x0000000787180000)
 ParOldGen       total 169984K, used 29004K [0x00000006c6a00000, 0x00000006d1000000, 0x000000076ce00000)
  object space 169984K, 17% used [0x00000006c6a00000,0x00000006c8653188,0x00000006d1000000)
 Metaspace       used 56793K, capacity 57898K, committed 58240K, reserved 1099776K
  class space    used 8199K, capacity 8449K, committed 8576K, reserved 1048576K
}
Event: 73.819 GC heap before
{Heap before GC invocations=11 (full 2):
 PSYoungGen      total 415232K, used 231227K [0x000000076ce00000, 0x0000000788400000, 0x00000007c0000000)
  eden space 399872K, 53% used [0x000000076ce00000,0x000000077a0d6888,0x0000000785480000)
  from space 15360K, 99% used [0x0000000787500000,0x00000007883f8418,0x0000000788400000)
  to   space 18944K, 0% used [0x0000000785f00000,0x0000000785f00000,0x0000000787180000)
 ParOldGen       total 169984K, used 29004K [0x00000006c6a00000, 0x00000006d1000000, 0x000000076ce00000)
  object space 169984K, 17% used [0x00000006c6a00000,0x00000006c8653188,0x00000006d1000000)
 Metaspace       used 57308K, capacity 58442K, committed 58568K, reserved 1099776K
  class space    used 8234K, capacity 8497K, committed 8576K, reserved 1048576K
Event: 73.837 GC heap after
Heap after GC invocations=11 (full 2):
 PSYoungGen      total 429568K, used 15428K [0x000000076ce00000, 0x000000078bf80000, 0x00000007c0000000)
  eden space 410624K, 0% used [0x000000076ce00000,0x000000076ce00000,0x0000000785f00000)
  from space 18944K, 81% used [0x0000000785f00000,0x0000000786e11320,0x0000000787180000)
  to   space 19968K, 0% used [0x000000078ac00000,0x000000078ac00000,0x000000078bf80000)
 ParOldGen       total 169984K, used 29012K [0x00000006c6a00000, 0x00000006d1000000, 0x000000076ce00000)
  object space 169984K, 17% used [0x00000006c6a00000,0x00000006c8655188,0x00000006d1000000)
 Metaspace       used 57308K, capacity 58442K, committed 58568K, reserved 1099776K
  class space    used 8234K, capacity 8497K, committed 8576K, reserved 1048576K
}
Event: 73.837 GC heap before
{Heap before GC invocations=12 (full 3):
 PSYoungGen      total 429568K, used 15428K [0x000000076ce00000, 0x000000078bf80000, 0x00000007c0000000)
  eden space 410624K, 0% used [0x000000076ce00000,0x000000076ce00000,0x0000000785f00000)
  from space 18944K, 81% used [0x0000000785f00000,0x0000000786e11320,0x0000000787180000)
  to   space 19968K, 0% used [0x000000078ac00000,0x000000078ac00000,0x000000078bf80000)
 ParOldGen       total 169984K, used 29012K [0x00000006c6a00000, 0x00000006d1000000, 0x000000076ce00000)
  object space 169984K, 17% used [0x00000006c6a00000,0x00000006c8655188,0x00000006d1000000)
 Metaspace       used 57308K, capacity 58442K, committed 58568K, reserved 1099776K
  class space    used 8234K, capacity 8497K, committed 8576K, reserved 1048576K
Event: 74.090 GC heap after
Heap after GC invocations=12 (full 3):
 PSYoungGen      total 429568K, used 0K [0x000000076ce00000, 0x000000078bf80000, 0x00000007c0000000)
  eden space 410624K, 0% used [0x000000076ce00000,0x000000076ce00000,0x0000000785f00000)
  from space 18944K, 0% used [0x0000000785f00000,0x0000000785f00000,0x0000000787180000)
  to   space 19968K, 0% used [0x000000078ac00000,0x000000078ac00000,0x000000078bf80000)
 ParOldGen       total 238592K, used 35067K [0x00000006c6a00000, 0x00000006d5300000, 0x000000076ce00000)
  object space 238592K, 14% used [0x00000006c6a00000,0x00000006c8c3ed00,0x00000006d5300000)
 Metaspace       used 57237K, capacity 58344K, committed 58568K, reserved 1099776K
  class space    used 8232K, capacity 8491K, committed 8576K, reserved 1048576K
}

