# JRE version: Java(TM) SE Runtime Environment (8.0_20-b17) (build 1.8.0_20-ea-b17)
# Java VM: Java HotSpot(TM) 64-Bit Server VM (25.20-b17 mixed mode linux-amd64 compressed oops)
Heap:
 PSYoungGen      total 462336K, used 148574K [0x000000076ce00000, 0x000000078b700000, 0x00000007c0000000)
  eden space 443904K, 33% used [0x000000076ce00000,0x0000000775f179d0,0x0000000787f80000)
  from space 18432K, 0% used [0x000000078a500000,0x000000078a500000,0x000000078b700000)
  to   space 22016K, 0% used [0x0000000788c00000,0x0000000788c00000,0x000000078a180000)
 ParOldGen       total 223232K, used 40869K [0x00000006c6a00000, 0x00000006d4400000, 0x000000076ce00000)
  object space 223232K, 18% used [0x00000006c6a00000,0x00000006c91e94d8,0x00000006d4400000)
 Metaspace       used 58524K, capacity 59674K, committed 59776K, reserved 1099776K
  class space    used 8258K, capacity 8536K, committed 8576K, reserved 1048576K
GC Heap History (10 events):
Event: 5.338 GC heap before
{Heap before GC invocations=7 (full 1):
 PSYoungGen      total 267264K, used 88746K [0x000000076ce00000, 0x0000000782380000, 0x00000007c0000000)
  eden space 257024K, 32% used [0x000000076ce00000,0x0000000771edee28,0x000000077c900000)
  from space 10240K, 57% used [0x000000077c900000,0x000000077cecba80,0x000000077d300000)
  to   space 14848K, 0% used [0x0000000781500000,0x0000000781500000,0x0000000782380000)
 ParOldGen       total 103936K, used 12912K [0x00000006c6a00000, 0x00000006ccf80000, 0x000000076ce00000)
  object space 103936K, 12% used [0x00000006c6a00000,0x00000006c769c2d0,0x00000006ccf80000)
 Metaspace       used 34768K, capacity 35096K, committed 35264K, reserved 1079296K
  class space    used 4539K, capacity 4669K, committed 4736K, reserved 1048576K
Event: 5.351 GC heap after
Heap after GC invocations=7 (full 1):
 PSYoungGen      total 333824K, used 12883K [0x000000076ce00000, 0x0000000787380000, 0x00000007c0000000)
  eden space 318976K, 0% used [0x000000076ce00000,0x000000076ce00000,0x0000000780580000)
  from space 14848K, 86% used [0x0000000781500000,0x0000000782194ec0,0x0000000782380000)
  to   space 15872K, 0% used [0x0000000780580000,0x0000000780580000,0x0000000781500000)
 ParOldGen       total 103936K, used 12920K [0x00000006c6a00000, 0x00000006ccf80000, 0x000000076ce00000)
  object space 103936K, 12% used [0x00000006c6a00000,0x00000006c769e2d0,0x00000006ccf80000)
 Metaspace       used 34768K, capacity 35096K, committed 35264K, reserved 1079296K
  class space    used 4539K, capacity 4669K, committed 4736K, reserved 1048576K
}
Event: 5.351 GC heap before
{Heap before GC invocations=8 (full 2):
 PSYoungGen      total 333824K, used 12883K [0x000000076ce00000, 0x0000000787380000, 0x00000007c0000000)
  eden space 318976K, 0% used [0x000000076ce00000,0x000000076ce00000,0x0000000780580000)
  from space 14848K, 86% used [0x0000000781500000,0x0000000782194ec0,0x0000000782380000)
  to   space 15872K, 0% used [0x0000000780580000,0x0000000780580000,0x0000000781500000)
 ParOldGen       total 103936K, used 12920K [0x00000006c6a00000, 0x00000006ccf80000, 0x000000076ce00000)
  object space 103936K, 12% used [0x00000006c6a00000,0x00000006c769e2d0,0x00000006ccf80000)
 Metaspace       used 34768K, capacity 35096K, committed 35264K, reserved 1079296K
  class space    used 4539K, capacity 4669K, committed 4736K, reserved 1048576K
Event: 5.419 GC heap after
Heap after GC invocations=8 (full 2):
 PSYoungGen      total 333824K, used 0K [0x000000076ce00000, 0x0000000787380000, 0x00000007c0000000)
  eden space 318976K, 0% used [0x000000076ce00000,0x000000076ce00000,0x0000000780580000)
  from space 14848K, 0% used [0x0000000781500000,0x0000000781500000,0x0000000782380000)
  to   space 15872K, 0% used [0x0000000780580000,0x0000000780580000,0x0000000781500000)
 ParOldGen       total 158208K, used 23506K [0x00000006c6a00000, 0x00000006d0480000, 0x000000076ce00000)
  object space 158208K, 14% used [0x00000006c6a00000,0x00000006c80f48c8,0x00000006d0480000)
 Metaspace       used 34768K, capacity 35096K, committed 35264K, reserved 1079296K
  class space    used 4539K, capacity 4669K, committed 4736K, reserved 1048576K
}
Event: 7.647 GC heap before
{Heap before GC invocations=9 (full 2):
 PSYoungGen      total 333824K, used 318976K [0x000000076ce00000, 0x0000000787380000, 0x00000007c0000000)
  eden space 318976K, 100% used [0x000000076ce00000,0x0000000780580000,0x0000000780580000)
  from space 14848K, 0% used [0x0000000781500000,0x0000000781500000,0x0000000782380000)
  to   space 15872K, 0% used [0x0000000780580000,0x0000000780580000,0x0000000781500000)
 ParOldGen       total 158208K, used 23506K [0x00000006c6a00000, 0x00000006d0480000, 0x000000076ce00000)
  object space 158208K, 14% used [0x00000006c6a00000,0x00000006c80f48c8,0x00000006d0480000)
 Metaspace       used 44977K, capacity 45522K, committed 45696K, reserved 1087488K
  class space    used 6638K, capacity 6776K, committed 6784K, reserved 1048576K
Event: 7.663 GC heap after
Heap after GC invocations=9 (full 2):
 PSYoungGen      total 334848K, used 15859K [0x000000076ce00000, 0x000000078b700000, 0x00000007c0000000)
  eden space 318976K, 0% used [0x000000076ce00000,0x000000076ce00000,0x0000000780580000)
  from space 15872K, 99% used [0x0000000780580000,0x00000007814fce00,0x0000000781500000)
  to   space 18432K, 0% used [0x000000078a500000,0x000000078a500000,0x000000078b700000)
 ParOldGen       total 158208K, used 24724K [0x00000006c6a00000, 0x00000006d0480000, 0x000000076ce00000)
  object space 158208K, 15% used [0x00000006c6a00000,0x00000006c8225188,0x00000006d0480000)
 Metaspace       used 44977K, capacity 45522K, committed 45696K, reserved 1087488K
  class space    used 6638K, capacity 6776K, committed 6784K, reserved 1048576K
}
Event: 18.949 GC heap before
{Heap before GC invocations=10 (full 2):
 PSYoungGen      total 334848K, used 250599K [0x000000076ce00000, 0x000000078b700000, 0x00000007c0000000)
  eden space 318976K, 73% used [0x000000076ce00000,0x000000077b33d070,0x0000000780580000)
  from space 15872K, 99% used [0x0000000780580000,0x00000007814fce00,0x0000000781500000)
  to   space 18432K, 0% used [0x000000078a500000,0x000000078a500000,0x000000078b700000)
 ParOldGen       total 158208K, used 24724K [0x00000006c6a00000, 0x00000006d0480000, 0x000000076ce00000)
  object space 158208K, 15% used [0x00000006c6a00000,0x00000006c8225188,0x00000006d0480000)
 Metaspace       used 57171K, capacity 58336K, committed 58496K, reserved 1099776K
  class space    used 8175K, capacity 8453K, committed 8576K, reserved 1048576K
Event: 18.969 GC heap after
Heap after GC invocations=10 (full 2):
 PSYoungGen      total 462336K, used 18403K [0x000000076ce00000, 0x000000078b700000, 0x00000007c0000000)
  eden space 443904K, 0% used [0x000000076ce00000,0x000000076ce00000,0x0000000787f80000)
  from space 18432K, 99% used [0x000000078a500000,0x000000078b6f8f08,0x000000078b700000)
  to   space 22016K, 0% used [0x0000000788c00000,0x0000000788c00000,0x000000078a180000)
 ParOldGen       total 158208K, used 28035K [0x00000006c6a00000, 0x00000006d0480000, 0x000000076ce00000)
  object space 158208K, 17% used [0x00000006c6a00000,0x00000006c8560f60,0x00000006d0480000)
 Metaspace       used 57171K, capacity 58336K, committed 58496K, reserved 1099776K
  class space    used 8175K, capacity 8453K, committed 8576K, reserved 1048576K
}
Event: 18.969 GC heap before
{Heap before GC invocations=11 (full 3):
 PSYoungGen      total 462336K, used 18403K [0x000000076ce00000, 0x000000078b700000, 0x00000007c0000000)
  eden space 443904K, 0% used [0x000000076ce00000,0x000000076ce00000,0x0000000787f80000)
  from space 18432K, 99% used [0x000000078a500000,0x000000078b6f8f08,0x000000078b700000)
  to   space 22016K, 0% used [0x0000000788c00000,0x0000000788c00000,0x000000078a180000)
 ParOldGen       total 158208K, used 28035K [0x00000006c6a00000, 0x00000006d0480000, 0x000000076ce00000)
  object space 158208K, 17% used [0x00000006c6a00000,0x00000006c8560f60,0x00000006d0480000)
 Metaspace       used 57171K, capacity 58336K, committed 58496K, reserved 1099776K
  class space    used 8175K, capacity 8453K, committed 8576K, reserved 1048576K
Event: 19.173 GC heap after
Heap after GC invocations=11 (full 3):
 PSYoungGen      total 462336K, used 0K [0x000000076ce00000, 0x000000078b700000, 0x00000007c0000000)
  eden space 443904K, 0% used [0x000000076ce00000,0x000000076ce00000,0x0000000787f80000)
  from space 18432K, 0% used [0x000000078a500000,0x000000078a500000,0x000000078b700000)
  to   space 22016K, 0% used [0x0000000788c00000,0x0000000788c00000,0x000000078a180000)
 ParOldGen       total 223232K, used 40869K [0x00000006c6a00000, 0x00000006d4400000, 0x000000076ce00000)
  object space 223232K, 18% used [0x00000006c6a00000,0x00000006c91e94d8,0x00000006d4400000)
 Metaspace       used 57111K, capacity 58252K, committed 58496K, reserved 1099776K
  class space    used 8174K, capacity 8449K, committed 8576K, reserved 1048576K
}

