# JRE version: Java(TM) SE Runtime Environment (8.0_20-b17) (build 1.8.0_20-ea-b17)
# Java VM: Java HotSpot(TM) 64-Bit Server VM (25.20-b17 mixed mode linux-amd64 compressed oops)
Heap:
 PSYoungGen      total 386560K, used 114211K [0x000000076ce00000, 0x0000000786880000, 0x00000007c0000000)
  eden space 368640K, 26% used [0x000000076ce00000,0x0000000772c0db58,0x0000000783600000)
  from space 17920K, 99% used [0x0000000785700000,0x000000078687b138,0x0000000786880000)
  to   space 20992K, 0% used [0x0000000783f80000,0x0000000783f80000,0x0000000785400000)
 ParOldGen       total 177152K, used 26379K [0x00000006c6a00000, 0x00000006d1700000, 0x000000076ce00000)
  object space 177152K, 14% used [0x00000006c6a00000,0x00000006c83c2f40,0x00000006d1700000)
 Metaspace       used 54423K, capacity 55626K, committed 55808K, reserved 1097728K
  class space    used 7603K, capacity 7894K, committed 7936K, reserved 1048576K
GC Heap History (10 events):
Event: 4.194 GC heap before
{Heap before GC invocations=6 (full 1):
 PSYoungGen      total 200192K, used 199991K [0x000000076ce00000, 0x000000077dd00000, 0x00000007c0000000)
  eden space 190976K, 100% used [0x000000076ce00000,0x0000000778880000,0x0000000778880000)
  from space 9216K, 97% used [0x000000077d400000,0x000000077dccdce8,0x000000077dd00000)
  to   space 10240K, 0% used [0x000000077c900000,0x000000077c900000,0x000000077d300000)
 ParOldGen       total 111104K, used 12789K [0x00000006c6a00000, 0x00000006cd680000, 0x000000076ce00000)
  object space 111104K, 11% used [0x00000006c6a00000,0x00000006c767d5c8,0x00000006cd680000)
 Metaspace       used 29238K, capacity 29656K, committed 29824K, reserved 1075200K
  class space    used 3251K, capacity 3389K, committed 3456K, reserved 1048576K
Event: 4.200 GC heap after
Heap after GC invocations=6 (full 1):
 PSYoungGen      total 267264K, used 5998K [0x000000076ce00000, 0x000000077fb00000, 0x00000007c0000000)
  eden space 257024K, 0% used [0x000000076ce00000,0x000000076ce00000,0x000000077c900000)
  from space 10240K, 58% used [0x000000077c900000,0x000000077cedba90,0x000000077d300000)
  to   space 14848K, 0% used [0x000000077ec80000,0x000000077ec80000,0x000000077fb00000)
 ParOldGen       total 111104K, used 12797K [0x00000006c6a00000, 0x00000006cd680000, 0x000000076ce00000)
  object space 111104K, 11% used [0x00000006c6a00000,0x00000006c767f5c8,0x00000006cd680000)
 Metaspace       used 29238K, capacity 29656K, committed 29824K, reserved 1075200K
  class space    used 3251K, capacity 3389K, committed 3456K, reserved 1048576K
}
Event: 4.876 GC heap before
{Heap before GC invocations=7 (full 1):
 PSYoungGen      total 267264K, used 94466K [0x000000076ce00000, 0x000000077fb00000, 0x00000007c0000000)
  eden space 257024K, 34% used [0x000000076ce00000,0x0000000772464dc0,0x000000077c900000)
  from space 10240K, 58% used [0x000000077c900000,0x000000077cedba90,0x000000077d300000)
  to   space 14848K, 0% used [0x000000077ec80000,0x000000077ec80000,0x000000077fb00000)
 ParOldGen       total 111104K, used 12797K [0x00000006c6a00000, 0x00000006cd680000, 0x000000076ce00000)
  object space 111104K, 11% used [0x00000006c6a00000,0x00000006c767f5c8,0x00000006cd680000)
 Metaspace       used 34693K, capacity 35114K, committed 35320K, reserved 1079296K
  class space    used 4560K, capacity 4673K, committed 4736K, reserved 1048576K
Event: 4.888 GC heap after
Heap after GC invocations=7 (full 1):
 PSYoungGen      total 292352K, used 13070K [0x000000076ce00000, 0x0000000785a80000, 0x00000007c0000000)
  eden space 277504K, 0% used [0x000000076ce00000,0x000000076ce00000,0x000000077dd00000)
  from space 14848K, 88% used [0x000000077ec80000,0x000000077f9438e8,0x000000077fb00000)
  to   space 15872K, 0% used [0x000000077dd00000,0x000000077dd00000,0x000000077ec80000)
 ParOldGen       total 111104K, used 12805K [0x00000006c6a00000, 0x00000006cd680000, 0x000000076ce00000)
  object space 111104K, 11% used [0x00000006c6a00000,0x00000006c76815c8,0x00000006cd680000)
 Metaspace       used 34693K, capacity 35114K, committed 35320K, reserved 1079296K
  class space    used 4560K, capacity 4673K, committed 4736K, reserved 1048576K
}
Event: 4.888 GC heap before
{Heap before GC invocations=8 (full 2):
 PSYoungGen      total 292352K, used 13070K [0x000000076ce00000, 0x0000000785a80000, 0x00000007c0000000)
  eden space 277504K, 0% used [0x000000076ce00000,0x000000076ce00000,0x000000077dd00000)
  from space 14848K, 88% used [0x000000077ec80000,0x000000077f9438e8,0x000000077fb00000)
  to   space 15872K, 0% used [0x000000077dd00000,0x000000077dd00000,0x000000077ec80000)
 ParOldGen       total 111104K, used 12805K [0x00000006c6a00000, 0x00000006cd680000, 0x000000076ce00000)
  object space 111104K, 11% used [0x00000006c6a00000,0x00000006c76815c8,0x00000006cd680000)
 Metaspace       used 34693K, capacity 35114K, committed 35320K, reserved 1079296K
  class space    used 4560K, capacity 4673K, committed 4736K, reserved 1048576K
Event: 4.954 GC heap after
Heap after GC invocations=8 (full 2):
 PSYoungGen      total 292352K, used 0K [0x000000076ce00000, 0x0000000785a80000, 0x00000007c0000000)
  eden space 277504K, 0% used [0x000000076ce00000,0x000000076ce00000,0x000000077dd00000)
  from space 14848K, 0% used [0x000000077ec80000,0x000000077ec80000,0x000000077fb00000)
  to   space 15872K, 0% used [0x000000077dd00000,0x000000077dd00000,0x000000077ec80000)
 ParOldGen       total 177152K, used 23606K [0x00000006c6a00000, 0x00000006d1700000, 0x000000076ce00000)
  object space 177152K, 13% used [0x00000006c6a00000,0x00000006c810d9c0,0x00000006d1700000)
 Metaspace       used 34693K, capacity 35114K, committed 35320K, reserved 1079296K
  class space    used 4560K, capacity 4673K, committed 4736K, reserved 1048576K
}
Event: 6.934 GC heap before
{Heap before GC invocations=9 (full 2):
 PSYoungGen      total 292352K, used 277504K [0x000000076ce00000, 0x0000000785a80000, 0x00000007c0000000)
  eden space 277504K, 100% used [0x000000076ce00000,0x000000077dd00000,0x000000077dd00000)
  from space 14848K, 0% used [0x000000077ec80000,0x000000077ec80000,0x000000077fb00000)
  to   space 15872K, 0% used [0x000000077dd00000,0x000000077dd00000,0x000000077ec80000)
 ParOldGen       total 177152K, used 23606K [0x00000006c6a00000, 0x00000006d1700000, 0x000000076ce00000)
  object space 177152K, 13% used [0x00000006c6a00000,0x00000006c810d9c0,0x00000006d1700000)
 Metaspace       used 41051K, capacity 41582K, committed 41984K, reserved 1085440K
  class space    used 5928K, capacity 6066K, committed 6144K, reserved 1048576K
Event: 6.948 GC heap after
Heap after GC invocations=9 (full 2):
 PSYoungGen      total 293376K, used 15775K [0x000000076ce00000, 0x0000000786880000, 0x00000007c0000000)
  eden space 277504K, 0% used [0x000000076ce00000,0x000000076ce00000,0x000000077dd00000)
  from space 15872K, 99% used [0x000000077dd00000,0x000000077ec67e28,0x000000077ec80000)
  to   space 17920K, 0% used [0x0000000785700000,0x0000000785700000,0x0000000786880000)
 ParOldGen       total 177152K, used 23614K [0x00000006c6a00000, 0x00000006d1700000, 0x000000076ce00000)
  object space 177152K, 13% used [0x00000006c6a00000,0x00000006c810f9c0,0x00000006d1700000)
 Metaspace       used 41051K, capacity 41582K, committed 41984K, reserved 1085440K
  class space    used 5928K, capacity 6066K, committed 6144K, reserved 1048576K
}
Event: 17.494 GC heap before
{Heap before GC invocations=10 (full 2):
 PSYoungGen      total 293376K, used 293279K [0x000000076ce00000, 0x0000000786880000, 0x00000007c0000000)
  eden space 277504K, 100% used [0x000000076ce00000,0x000000077dd00000,0x000000077dd00000)
  from space 15872K, 99% used [0x000000077dd00000,0x000000077ec67e28,0x000000077ec80000)
  to   space 17920K, 0% used [0x0000000785700000,0x0000000785700000,0x0000000786880000)
 ParOldGen       total 177152K, used 23614K [0x00000006c6a00000, 0x00000006d1700000, 0x000000076ce00000)
  object space 177152K, 13% used [0x00000006c6a00000,0x00000006c810f9c0,0x00000006d1700000)
 Metaspace       used 53676K, capacity 54894K, committed 55040K, reserved 1095680K
  class space    used 7547K, capacity 7842K, committed 7936K, reserved 1048576K
Event: 17.513 GC heap after
Heap after GC invocations=10 (full 2):
 PSYoungGen      total 386560K, used 17900K [0x000000076ce00000, 0x0000000786880000, 0x00000007c0000000)
  eden space 368640K, 0% used [0x000000076ce00000,0x000000076ce00000,0x0000000783600000)
  from space 17920K, 99% used [0x0000000785700000,0x000000078687b138,0x0000000786880000)
  to   space 20992K, 0% used [0x0000000783f80000,0x0000000783f80000,0x0000000785400000)
 ParOldGen       total 177152K, used 26379K [0x00000006c6a00000, 0x00000006d1700000, 0x000000076ce00000)
  object space 177152K, 14% used [0x00000006c6a00000,0x00000006c83c2f40,0x00000006d1700000)
 Metaspace       used 53676K, capacity 54894K, committed 55040K, reserved 1095680K
  class space    used 7547K, capacity 7842K, committed 7936K, reserved 1048576K
}

