# JRE version: Java(TM) SE Runtime Environment (8.0_20-b17) (build 1.8.0_20-ea-b17)
# Java VM: Java HotSpot(TM) 64-Bit Server VM (25.20-b17 mixed mode linux-amd64 compressed oops)
Heap:
 PSYoungGen      total 221184K, used 81316K [0x000000076ce00000, 0x000000077ef00000, 0x00000007c0000000)
  eden space 198144K, 29% used [0x000000076ce00000,0x00000007706ea5f0,0x0000000778f80000)
  from space 23040K, 99% used [0x0000000778f80000,0x000000077a5fea70,0x000000077a600000)
  to   space 28672K, 0% used [0x000000077d300000,0x000000077d300000,0x000000077ef00000)
 ParOldGen       total 205824K, used 36515K [0x00000006c6a00000, 0x00000006d3300000, 0x000000076ce00000)
  object space 205824K, 17% used [0x00000006c6a00000,0x00000006c8da8d58,0x00000006d3300000)
 Metaspace       used 57089K, capacity 58122K, committed 58316K, reserved 1099776K
  class space    used 8312K, capacity 8549K, committed 8652K, reserved 1048576K
GC Heap History (10 events):
Event: 6.687 GC heap before
{Heap before GC invocations=9 (full 2):
 PSYoungGen      total 141824K, used 120320K [0x000000076ce00000, 0x0000000779f00000, 0x00000007c0000000)
  eden space 120320K, 100% used [0x000000076ce00000,0x0000000774380000,0x0000000774380000)
  from space 21504K, 0% used [0x0000000775a00000,0x0000000775a00000,0x0000000776f00000)
  to   space 23040K, 0% used [0x0000000774380000,0x0000000774380000,0x0000000775a00000)
 ParOldGen       total 205824K, used 30048K [0x00000006c6a00000, 0x00000006d3300000, 0x000000076ce00000)
  object space 205824K, 14% used [0x00000006c6a00000,0x00000006c87581f8,0x00000006d3300000)
 Metaspace       used 43313K, capacity 43988K, committed 44108K, reserved 1087488K
  class space    used 6839K, capacity 6939K, committed 6988K, reserved 1048576K
Event: 6.699 GC heap after
Heap after GC invocations=9 (full 2):
 PSYoungGen      total 143360K, used 7906K [0x000000076ce00000, 0x0000000779a80000, 0x00000007c0000000)
  eden space 120320K, 0% used [0x000000076ce00000,0x000000076ce00000,0x0000000774380000)
  from space 23040K, 34% used [0x0000000774380000,0x0000000774b38bc0,0x0000000775a00000)
  to   space 23040K, 0% used [0x0000000778400000,0x0000000778400000,0x0000000779a80000)
 ParOldGen       total 205824K, used 30056K [0x00000006c6a00000, 0x00000006d3300000, 0x000000076ce00000)
  object space 205824K, 14% used [0x00000006c6a00000,0x00000006c875a1f8,0x00000006d3300000)
 Metaspace       used 43313K, capacity 43988K, committed 44108K, reserved 1087488K
  class space    used 6839K, capacity 6939K, committed 6988K, reserved 1048576K
}
Event: 7.225 GC heap before
{Heap before GC invocations=10 (full 2):
 PSYoungGen      total 143360K, used 128226K [0x000000076ce00000, 0x0000000779a80000, 0x00000007c0000000)
  eden space 120320K, 100% used [0x000000076ce00000,0x0000000774380000,0x0000000774380000)
  from space 23040K, 34% used [0x0000000774380000,0x0000000774b38bc0,0x0000000775a00000)
  to   space 23040K, 0% used [0x0000000778400000,0x0000000778400000,0x0000000779a80000)
 ParOldGen       total 205824K, used 30056K [0x00000006c6a00000, 0x00000006d3300000, 0x000000076ce00000)
  object space 205824K, 14% used [0x00000006c6a00000,0x00000006c875a1f8,0x00000006d3300000)
 Metaspace       used 43827K, capacity 44500K, committed 44748K, reserved 1087488K
  class space    used 6878K, capacity 7003K, committed 7116K, reserved 1048576K
Event: 7.231 GC heap after
Heap after GC invocations=10 (full 2):
 PSYoungGen      total 182272K, used 3360K [0x000000076ce00000, 0x0000000779900000, 0x00000007c0000000)
  eden space 160768K, 0% used [0x000000076ce00000,0x000000076ce00000,0x0000000776b00000)
  from space 21504K, 15% used [0x0000000778400000,0x0000000778748020,0x0000000779900000)
  to   space 23552K, 0% used [0x0000000776b00000,0x0000000776b00000,0x0000000778200000)
 ParOldGen       total 205824K, used 30064K [0x00000006c6a00000, 0x00000006d3300000, 0x000000076ce00000)
  object space 205824K, 14% used [0x00000006c6a00000,0x00000006c875c1f8,0x00000006d3300000)
 Metaspace       used 43827K, capacity 44500K, committed 44748K, reserved 1087488K
  class space    used 6878K, capacity 7003K, committed 7116K, reserved 1048576K
}
Event: 7.943 GC heap before
{Heap before GC invocations=11 (full 2):
 PSYoungGen      total 182272K, used 164128K [0x000000076ce00000, 0x0000000779900000, 0x00000007c0000000)
  eden space 160768K, 100% used [0x000000076ce00000,0x0000000776b00000,0x0000000776b00000)
  from space 21504K, 15% used [0x0000000778400000,0x0000000778748020,0x0000000779900000)
  to   space 23552K, 0% used [0x0000000776b00000,0x0000000776b00000,0x0000000778200000)
 ParOldGen       total 205824K, used 30064K [0x00000006c6a00000, 0x00000006d3300000, 0x000000076ce00000)
  object space 205824K, 14% used [0x00000006c6a00000,0x00000006c875c1f8,0x00000006d3300000)
 Metaspace       used 45769K, capacity 46400K, committed 46668K, reserved 1089536K
  class space    used 7102K, capacity 7229K, committed 7244K, reserved 1048576K
Event: 7.963 GC heap after
Heap after GC invocations=11 (full 2):
 PSYoungGen      total 184320K, used 5294K [0x000000076ce00000, 0x000000077bd00000, 0x00000007c0000000)
  eden space 160768K, 0% used [0x000000076ce00000,0x000000076ce00000,0x0000000776b00000)
  from space 23552K, 22% used [0x0000000776b00000,0x000000077702bbd8,0x0000000778200000)
  to   space 23552K, 0% used [0x000000077a600000,0x000000077a600000,0x000000077bd00000)
 ParOldGen       total 205824K, used 30064K [0x00000006c6a00000, 0x00000006d3300000, 0x000000076ce00000)
  object space 205824K, 14% used [0x00000006c6a00000,0x00000006c875c1f8,0x00000006d3300000)
 Metaspace       used 45769K, capacity 46400K, committed 46668K, reserved 1089536K
  class space    used 7102K, capacity 7229K, committed 7244K, reserved 1048576K
}
Event: 9.630 GC heap before
{Heap before GC invocations=12 (full 2):
 PSYoungGen      total 184320K, used 166062K [0x000000076ce00000, 0x000000077bd00000, 0x00000007c0000000)
  eden space 160768K, 100% used [0x000000076ce00000,0x0000000776b00000,0x0000000776b00000)
  from space 23552K, 22% used [0x0000000776b00000,0x000000077702bbd8,0x0000000778200000)
  to   space 23552K, 0% used [0x000000077a600000,0x000000077a600000,0x000000077bd00000)
 ParOldGen       total 205824K, used 30064K [0x00000006c6a00000, 0x00000006d3300000, 0x000000076ce00000)
  object space 205824K, 14% used [0x00000006c6a00000,0x00000006c875c1f8,0x00000006d3300000)
 Metaspace       used 51324K, capacity 51934K, committed 52172K, reserved 1093632K
  class space    used 7689K, capacity 7810K, committed 7884K, reserved 1048576K
Event: 9.672 GC heap after
Heap after GC invocations=12 (full 2):
 PSYoungGen      total 221696K, used 13204K [0x000000076ce00000, 0x000000077be00000, 0x00000007c0000000)
  eden space 198144K, 0% used [0x000000076ce00000,0x000000076ce00000,0x0000000778f80000)
  from space 23552K, 56% used [0x000000077a600000,0x000000077b2e5248,0x000000077bd00000)
  to   space 23040K, 0% used [0x0000000778f80000,0x0000000778f80000,0x000000077a600000)
 ParOldGen       total 205824K, used 30072K [0x00000006c6a00000, 0x00000006d3300000, 0x000000076ce00000)
  object space 205824K, 14% used [0x00000006c6a00000,0x00000006c875e1f8,0x00000006d3300000)
 Metaspace       used 51324K, capacity 51934K, committed 52172K, reserved 1093632K
  class space    used 7689K, capacity 7810K, committed 7884K, reserved 1048576K
}
Event: 60.844 GC heap before
{Heap before GC invocations=13 (full 2):
 PSYoungGen      total 221696K, used 211348K [0x000000076ce00000, 0x000000077be00000, 0x00000007c0000000)
  eden space 198144K, 100% used [0x000000076ce00000,0x0000000778f80000,0x0000000778f80000)
  from space 23552K, 56% used [0x000000077a600000,0x000000077b2e5248,0x000000077bd00000)
  to   space 23040K, 0% used [0x0000000778f80000,0x0000000778f80000,0x000000077a600000)
 ParOldGen       total 205824K, used 30072K [0x00000006c6a00000, 0x00000006d3300000, 0x000000076ce00000)
  object space 205824K, 14% used [0x00000006c6a00000,0x00000006c875e1f8,0x00000006d3300000)
 Metaspace       used 56487K, capacity 57380K, committed 57420K, reserved 1097728K
  class space    used 8269K, capacity 8484K, committed 8524K, reserved 1048576K
Event: 60.869 GC heap after
Heap after GC invocations=13 (full 2):
 PSYoungGen      total 221184K, used 23034K [0x000000076ce00000, 0x000000077ef00000, 0x00000007c0000000)
  eden space 198144K, 0% used [0x000000076ce00000,0x000000076ce00000,0x0000000778f80000)
  from space 23040K, 99% used [0x0000000778f80000,0x000000077a5fea70,0x000000077a600000)
  to   space 28672K, 0% used [0x000000077d300000,0x000000077d300000,0x000000077ef00000)
 ParOldGen       total 205824K, used 36515K [0x00000006c6a00000, 0x00000006d3300000, 0x000000076ce00000)
  object space 205824K, 17% used [0x00000006c6a00000,0x00000006c8da8d58,0x00000006d3300000)
 Metaspace       used 56487K, capacity 57380K, committed 57420K, reserved 1097728K
  class space    used 8269K, capacity 8484K, committed 8524K, reserved 1048576K
}

