# JRE version: Java(TM) SE Runtime Environment (8.0_20-b17) (build 1.8.0_20-ea-b17)
# Java VM: Java HotSpot(TM) 64-Bit Server VM (25.20-b17 mixed mode linux-amd64 compressed oops)
Heap:
 PSYoungGen      total 434688K, used 108149K [0x000000076ce00000, 0x0000000789a00000, 0x00000007c0000000)
  eden space 421376K, 22% used [0x000000076ce00000,0x0000000772ae9930,0x0000000786980000)
  from space 13312K, 97% used [0x0000000788d00000,0x00000007899b3eb0,0x0000000789a00000)
  to   space 15872K, 0% used [0x0000000787b00000,0x0000000787b00000,0x0000000788a80000)
 ParOldGen       total 165376K, used 23572K [0x00000006c6a00000, 0x00000006d0b80000, 0x000000076ce00000)
  object space 165376K, 14% used [0x00000006c6a00000,0x00000006c81051a8,0x00000006d0b80000)
 Metaspace       used 51350K, capacity 52578K, committed 52736K, reserved 1093632K
  class space    used 7293K, capacity 7568K, committed 7680K, reserved 1048576K
GC Heap History (10 events):
Event: 4.281 GC heap before
{Heap before GC invocations=6 (full 1):
 PSYoungGen      total 211968K, used 211523K [0x000000076ce00000, 0x000000077dd00000, 0x00000007c0000000)
  eden space 202752K, 100% used [0x000000076ce00000,0x0000000779400000,0x0000000779400000)
  from space 9216K, 95% used [0x000000077d400000,0x000000077dc90d68,0x000000077dd00000)
  to   space 10240K, 0% used [0x000000077c900000,0x000000077c900000,0x000000077d300000)
 ParOldGen       total 105984K, used 12798K [0x00000006c6a00000, 0x00000006cd180000, 0x000000076ce00000)
  object space 105984K, 12% used [0x00000006c6a00000,0x00000006c767f8c0,0x00000006cd180000)
 Metaspace       used 29240K, capacity 29656K, committed 29824K, reserved 1075200K
  class space    used 3248K, capacity 3389K, committed 3456K, reserved 1048576K
Event: 4.288 GC heap after
Heap after GC invocations=6 (full 1):
 PSYoungGen      total 267264K, used 6190K [0x000000076ce00000, 0x0000000781c80000, 0x00000007c0000000)
  eden space 257024K, 0% used [0x000000076ce00000,0x000000076ce00000,0x000000077c900000)
  from space 10240K, 60% used [0x000000077c900000,0x000000077cf0ba90,0x000000077d300000)
  to   space 14848K, 0% used [0x0000000780e00000,0x0000000780e00000,0x0000000781c80000)
 ParOldGen       total 105984K, used 12806K [0x00000006c6a00000, 0x00000006cd180000, 0x000000076ce00000)
  object space 105984K, 12% used [0x00000006c6a00000,0x00000006c76818c0,0x00000006cd180000)
 Metaspace       used 29240K, capacity 29656K, committed 29824K, reserved 1075200K
  class space    used 3248K, capacity 3389K, committed 3456K, reserved 1048576K
}
Event: 4.856 GC heap before
{Heap before GC invocations=7 (full 1):
 PSYoungGen      total 267264K, used 84269K [0x000000076ce00000, 0x0000000781c80000, 0x00000007c0000000)
  eden space 257024K, 30% used [0x000000076ce00000,0x0000000771a3fb20,0x000000077c900000)
  from space 10240K, 60% used [0x000000077c900000,0x000000077cf0ba90,0x000000077d300000)
  to   space 14848K, 0% used [0x0000000780e00000,0x0000000780e00000,0x0000000781c80000)
 ParOldGen       total 105984K, used 12806K [0x00000006c6a00000, 0x00000006cd180000, 0x000000076ce00000)
  object space 105984K, 12% used [0x00000006c6a00000,0x00000006c76818c0,0x00000006cd180000)
 Metaspace       used 34627K, capacity 35050K, committed 35264K, reserved 1079296K
  class space    used 4547K, capacity 4673K, committed 4736K, reserved 1048576K
Event: 4.867 GC heap after
Heap after GC invocations=7 (full 1):
 PSYoungGen      total 326656K, used 13010K [0x000000076ce00000, 0x0000000787080000, 0x00000007c0000000)
  eden space 311808K, 0% used [0x000000076ce00000,0x000000076ce00000,0x000000077fe80000)
  from space 14848K, 87% used [0x0000000780e00000,0x0000000781ab4aa8,0x0000000781c80000)
  to   space 15872K, 0% used [0x000000077fe80000,0x000000077fe80000,0x0000000780e00000)
 ParOldGen       total 105984K, used 12814K [0x00000006c6a00000, 0x00000006cd180000, 0x000000076ce00000)
  object space 105984K, 12% used [0x00000006c6a00000,0x00000006c76838c0,0x00000006cd180000)
 Metaspace       used 34627K, capacity 35050K, committed 35264K, reserved 1079296K
  class space    used 4547K, capacity 4673K, committed 4736K, reserved 1048576K
}
Event: 4.867 GC heap before
{Heap before GC invocations=8 (full 2):
 PSYoungGen      total 326656K, used 13010K [0x000000076ce00000, 0x0000000787080000, 0x00000007c0000000)
  eden space 311808K, 0% used [0x000000076ce00000,0x000000076ce00000,0x000000077fe80000)
  from space 14848K, 87% used [0x0000000780e00000,0x0000000781ab4aa8,0x0000000781c80000)
  to   space 15872K, 0% used [0x000000077fe80000,0x000000077fe80000,0x0000000780e00000)
 ParOldGen       total 105984K, used 12814K [0x00000006c6a00000, 0x00000006cd180000, 0x000000076ce00000)
  object space 105984K, 12% used [0x00000006c6a00000,0x00000006c76838c0,0x00000006cd180000)
 Metaspace       used 34627K, capacity 35050K, committed 35264K, reserved 1079296K
  class space    used 4547K, capacity 4673K, committed 4736K, reserved 1048576K
Event: 4.935 GC heap after
Heap after GC invocations=8 (full 2):
 PSYoungGen      total 326656K, used 0K [0x000000076ce00000, 0x0000000787080000, 0x00000007c0000000)
  eden space 311808K, 0% used [0x000000076ce00000,0x000000076ce00000,0x000000077fe80000)
  from space 14848K, 0% used [0x0000000780e00000,0x0000000780e00000,0x0000000781c80000)
  to   space 15872K, 0% used [0x000000077fe80000,0x000000077fe80000,0x0000000780e00000)
 ParOldGen       total 165376K, used 23556K [0x00000006c6a00000, 0x00000006d0b80000, 0x000000076ce00000)
  object space 165376K, 14% used [0x00000006c6a00000,0x00000006c81011a8,0x00000006d0b80000)
 Metaspace       used 34627K, capacity 35050K, committed 35264K, reserved 1079296K
  class space    used 4547K, capacity 4673K, committed 4736K, reserved 1048576K
}
Event: 6.830 GC heap before
{Heap before GC invocations=9 (full 2):
 PSYoungGen      total 326656K, used 311808K [0x000000076ce00000, 0x0000000787080000, 0x00000007c0000000)
  eden space 311808K, 100% used [0x000000076ce00000,0x000000077fe80000,0x000000077fe80000)
  from space 14848K, 0% used [0x0000000780e00000,0x0000000780e00000,0x0000000781c80000)
  to   space 15872K, 0% used [0x000000077fe80000,0x000000077fe80000,0x0000000780e00000)
 ParOldGen       total 165376K, used 23556K [0x00000006c6a00000, 0x00000006d0b80000, 0x000000076ce00000)
  object space 165376K, 14% used [0x00000006c6a00000,0x00000006c81011a8,0x00000006d0b80000)
 Metaspace       used 44263K, capacity 45110K, committed 45312K, reserved 1087488K
  class space    used 6408K, capacity 6590K, committed 6656K, reserved 1048576K
Event: 6.841 GC heap after
Heap after GC invocations=9 (full 2):
 PSYoungGen      total 327680K, used 10830K [0x000000076ce00000, 0x0000000789c00000, 0x00000007c0000000)
  eden space 311808K, 0% used [0x000000076ce00000,0x000000076ce00000,0x000000077fe80000)
  from space 15872K, 68% used [0x000000077fe80000,0x0000000780913b28,0x0000000780e00000)
  to   space 15360K, 0% used [0x0000000788d00000,0x0000000788d00000,0x0000000789c00000)
 ParOldGen       total 165376K, used 23564K [0x00000006c6a00000, 0x00000006d0b80000, 0x000000076ce00000)
  object space 165376K, 14% used [0x00000006c6a00000,0x00000006c81031a8,0x00000006d0b80000)
 Metaspace       used 44263K, capacity 45110K, committed 45312K, reserved 1087488K
  class space    used 6408K, capacity 6590K, committed 6656K, reserved 1048576K
}
Event: 265.061 GC heap before
{Heap before GC invocations=10 (full 2):
 PSYoungGen      total 327680K, used 322638K [0x000000076ce00000, 0x0000000789c00000, 0x00000007c0000000)
  eden space 311808K, 100% used [0x000000076ce00000,0x000000077fe80000,0x000000077fe80000)
  from space 15872K, 68% used [0x000000077fe80000,0x0000000780913b28,0x0000000780e00000)
  to   space 15360K, 0% used [0x0000000788d00000,0x0000000788d00000,0x0000000789c00000)
 ParOldGen       total 165376K, used 23564K [0x00000006c6a00000, 0x00000006d0b80000, 0x000000076ce00000)
  object space 165376K, 14% used [0x00000006c6a00000,0x00000006c81031a8,0x00000006d0b80000)
 Metaspace       used 51054K, capacity 52260K, committed 52352K, reserved 1093632K
  class space    used 7266K, capacity 7531K, committed 7552K, reserved 1048576K
Event: 265.076 GC heap after
Heap after GC invocations=10 (full 2):
 PSYoungGen      total 434688K, used 13007K [0x000000076ce00000, 0x0000000789a00000, 0x00000007c0000000)
  eden space 421376K, 0% used [0x000000076ce00000,0x000000076ce00000,0x0000000786980000)
  from space 13312K, 97% used [0x0000000788d00000,0x00000007899b3eb0,0x0000000789a00000)
  to   space 15872K, 0% used [0x0000000787b00000,0x0000000787b00000,0x0000000788a80000)
 ParOldGen       total 165376K, used 23572K [0x00000006c6a00000, 0x00000006d0b80000, 0x000000076ce00000)
  object space 165376K, 14% used [0x00000006c6a00000,0x00000006c81051a8,0x00000006d0b80000)
 Metaspace       used 51054K, capacity 52260K, committed 52352K, reserved 1093632K
  class space    used 7266K, capacity 7531K, committed 7552K, reserved 1048576K
}

