# JRE version: Java(TM) SE Runtime Environment (8.0_20-b17) (build 1.8.0_20-ea-b17)
# Java VM: Java HotSpot(TM) 64-Bit Server VM (25.20-b17 mixed mode linux-amd64 compressed oops)
Heap:
 PSYoungGen      total 340480K, used 174455K [0x000000076ce00000, 0x0000000786080000, 0x00000007c0000000)
  eden space 320512K, 54% used [0x000000076ce00000,0x000000077785dfa8,0x0000000780700000)
  from space 19968K, 0% used [0x0000000780700000,0x0000000780700000,0x0000000781a80000)
  to   space 20480K, 0% used [0x0000000784c80000,0x0000000784c80000,0x0000000786080000)
 ParOldGen       total 283136K, used 35046K [0x00000006c6a00000, 0x00000006d7e80000, 0x000000076ce00000)
  object space 283136K, 12% used [0x00000006c6a00000,0x00000006c8c399e0,0x00000006d7e80000)
 Metaspace       used 58537K, capacity 59668K, committed 59904K, reserved 1099776K
  class space    used 8354K, capacity 8631K, committed 8704K, reserved 1048576K
GC Heap History (10 events):
Event: 5.229 GC heap before
{Heap before GC invocations=8 (full 2):
 PSYoungGen      total 253440K, used 5109K [0x000000076ce00000, 0x0000000781f80000, 0x00000007c0000000)
  eden space 248320K, 0% used [0x000000076ce00000,0x000000076ce00000,0x000000077c080000)
  from space 5120K, 99% used [0x000000077cf80000,0x000000077d47d6e8,0x000000077d480000)
  to   space 15360K, 0% used [0x000000077c080000,0x000000077c080000,0x000000077cf80000)
 ParOldGen       total 118784K, used 20662K [0x00000006c6a00000, 0x00000006cde00000, 0x000000076ce00000)
  object space 118784K, 17% used [0x00000006c6a00000,0x00000006c7e2db18,0x00000006cde00000)
 Metaspace       used 34655K, capacity 35114K, committed 35320K, reserved 1079296K
  class space    used 4543K, capacity 4673K, committed 4736K, reserved 1048576K
Event: 5.312 GC heap after
Heap after GC invocations=8 (full 2):
 PSYoungGen      total 253440K, used 0K [0x000000076ce00000, 0x0000000781f80000, 0x00000007c0000000)
  eden space 248320K, 0% used [0x000000076ce00000,0x000000076ce00000,0x000000077c080000)
  from space 5120K, 0% used [0x000000077cf80000,0x000000077cf80000,0x000000077d480000)
  to   space 15360K, 0% used [0x000000077c080000,0x000000077c080000,0x000000077cf80000)
 ParOldGen       total 198656K, used 23523K [0x00000006c6a00000, 0x00000006d2c00000, 0x000000076ce00000)
  object space 198656K, 11% used [0x00000006c6a00000,0x00000006c80f8ed0,0x00000006d2c00000)
 Metaspace       used 34655K, capacity 35114K, committed 35320K, reserved 1079296K
  class space    used 4543K, capacity 4673K, committed 4736K, reserved 1048576K
}
Event: 6.809 GC heap before
{Heap before GC invocations=9 (full 2):
 PSYoungGen      total 253440K, used 248320K [0x000000076ce00000, 0x0000000781f80000, 0x00000007c0000000)
  eden space 248320K, 100% used [0x000000076ce00000,0x000000077c080000,0x000000077c080000)
  from space 5120K, 0% used [0x000000077cf80000,0x000000077cf80000,0x000000077d480000)
  to   space 15360K, 0% used [0x000000077c080000,0x000000077c080000,0x000000077cf80000)
 ParOldGen       total 198656K, used 23523K [0x00000006c6a00000, 0x00000006d2c00000, 0x000000076ce00000)
  object space 198656K, 11% used [0x00000006c6a00000,0x00000006c80f8ed0,0x00000006d2c00000)
 Metaspace       used 42053K, capacity 42548K, committed 42880K, reserved 1085440K
  class space    used 6064K, capacity 6195K, committed 6272K, reserved 1048576K
Event: 6.820 GC heap after
Heap after GC invocations=9 (full 2):
 PSYoungGen      total 263680K, used 9256K [0x000000076ce00000, 0x0000000782e00000, 0x00000007c0000000)
  eden space 248320K, 0% used [0x000000076ce00000,0x000000076ce00000,0x000000077c080000)
  from space 15360K, 60% used [0x000000077c080000,0x000000077c98a3b8,0x000000077cf80000)
  to   space 15360K, 0% used [0x0000000781f00000,0x0000000781f00000,0x0000000782e00000)
 ParOldGen       total 198656K, used 23531K [0x00000006c6a00000, 0x00000006d2c00000, 0x000000076ce00000)
  object space 198656K, 11% used [0x00000006c6a00000,0x00000006c80faed0,0x00000006d2c00000)
 Metaspace       used 42053K, capacity 42548K, committed 42880K, reserved 1085440K
  class space    used 6064K, capacity 6195K, committed 6272K, reserved 1048576K
}
Event: 12.899 GC heap before
{Heap before GC invocations=10 (full 2):
 PSYoungGen      total 263680K, used 257576K [0x000000076ce00000, 0x0000000782e00000, 0x00000007c0000000)
  eden space 248320K, 100% used [0x000000076ce00000,0x000000077c080000,0x000000077c080000)
  from space 15360K, 60% used [0x000000077c080000,0x000000077c98a3b8,0x000000077cf80000)
  to   space 15360K, 0% used [0x0000000781f00000,0x0000000781f00000,0x0000000782e00000)
 ParOldGen       total 198656K, used 23531K [0x00000006c6a00000, 0x00000006d2c00000, 0x000000076ce00000)
  object space 198656K, 11% used [0x00000006c6a00000,0x00000006c80faed0,0x00000006d2c00000)
 Metaspace       used 56902K, capacity 57928K, committed 58240K, reserved 1099776K
  class space    used 8227K, capacity 8486K, committed 8576K, reserved 1048576K
Event: 12.926 GC heap after
Heap after GC invocations=10 (full 2):
 PSYoungGen      total 334848K, used 15352K [0x000000076ce00000, 0x0000000782e00000, 0x00000007c0000000)
  eden space 319488K, 0% used [0x000000076ce00000,0x000000076ce00000,0x0000000780600000)
  from space 15360K, 99% used [0x0000000781f00000,0x0000000782dfe2a0,0x0000000782e00000)
  to   space 19968K, 0% used [0x0000000780700000,0x0000000780700000,0x0000000781a80000)
 ParOldGen       total 198656K, used 31127K [0x00000006c6a00000, 0x00000006d2c00000, 0x000000076ce00000)
  object space 198656K, 15% used [0x00000006c6a00000,0x00000006c8865de0,0x00000006d2c00000)
 Metaspace       used 56902K, capacity 57928K, committed 58240K, reserved 1099776K
  class space    used 8227K, capacity 8486K, committed 8576K, reserved 1048576K
}
Event: 14.810 GC heap before
{Heap before GC invocations=11 (full 2):
 PSYoungGen      total 334848K, used 61345K [0x000000076ce00000, 0x0000000782e00000, 0x00000007c0000000)
  eden space 319488K, 14% used [0x000000076ce00000,0x000000076faea2e0,0x0000000780600000)
  from space 15360K, 99% used [0x0000000781f00000,0x0000000782dfe2a0,0x0000000782e00000)
  to   space 19968K, 0% used [0x0000000780700000,0x0000000780700000,0x0000000781a80000)
 ParOldGen       total 198656K, used 31127K [0x00000006c6a00000, 0x00000006d2c00000, 0x000000076ce00000)
  object space 198656K, 15% used [0x00000006c6a00000,0x00000006c8865de0,0x00000006d2c00000)
 Metaspace       used 57344K, capacity 58422K, committed 58496K, reserved 1099776K
  class space    used 8263K, capacity 8531K, committed 8576K, reserved 1048576K
Event: 14.827 GC heap after
Heap after GC invocations=11 (full 2):
 PSYoungGen      total 340480K, used 15507K [0x000000076ce00000, 0x0000000786080000, 0x00000007c0000000)
  eden space 320512K, 0% used [0x000000076ce00000,0x000000076ce00000,0x0000000780700000)
  from space 19968K, 77% used [0x0000000780700000,0x0000000781624f88,0x0000000781a80000)
  to   space 20480K, 0% used [0x0000000784c80000,0x0000000784c80000,0x0000000786080000)
 ParOldGen       total 198656K, used 31135K [0x00000006c6a00000, 0x00000006d2c00000, 0x000000076ce00000)
  object space 198656K, 15% used [0x00000006c6a00000,0x00000006c8867de0,0x00000006d2c00000)
 Metaspace       used 57344K, capacity 58422K, committed 58496K, reserved 1099776K
  class space    used 8263K, capacity 8531K, committed 8576K, reserved 1048576K
}
Event: 14.827 GC heap before
{Heap before GC invocations=12 (full 3):
 PSYoungGen      total 340480K, used 15507K [0x000000076ce00000, 0x0000000786080000, 0x00000007c0000000)
  eden space 320512K, 0% used [0x000000076ce00000,0x000000076ce00000,0x0000000780700000)
  from space 19968K, 77% used [0x0000000780700000,0x0000000781624f88,0x0000000781a80000)
  to   space 20480K, 0% used [0x0000000784c80000,0x0000000784c80000,0x0000000786080000)
 ParOldGen       total 198656K, used 31135K [0x00000006c6a00000, 0x00000006d2c00000, 0x000000076ce00000)
  object space 198656K, 15% used [0x00000006c6a00000,0x00000006c8867de0,0x00000006d2c00000)
 Metaspace       used 57344K, capacity 58422K, committed 58496K, reserved 1099776K
  class space    used 8263K, capacity 8531K, committed 8576K, reserved 1048576K
Event: 14.999 GC heap after
Heap after GC invocations=12 (full 3):
 PSYoungGen      total 340480K, used 0K [0x000000076ce00000, 0x0000000786080000, 0x00000007c0000000)
  eden space 320512K, 0% used [0x000000076ce00000,0x000000076ce00000,0x0000000780700000)
  from space 19968K, 0% used [0x0000000780700000,0x0000000780700000,0x0000000781a80000)
  to   space 20480K, 0% used [0x0000000784c80000,0x0000000784c80000,0x0000000786080000)
 ParOldGen       total 283136K, used 35046K [0x00000006c6a00000, 0x00000006d7e80000, 0x000000076ce00000)
  object space 283136K, 12% used [0x00000006c6a00000,0x00000006c8c399e0,0x00000006d7e80000)
 Metaspace       used 57273K, capacity 58324K, committed 58496K, reserved 1099776K
  class space    used 8262K, capacity 8525K, committed 8576K, reserved 1048576K
}

