# JRE version: Java(TM) SE Runtime Environment (8.0_20-b17) (build 1.8.0_20-ea-b17)
# Java VM: Java HotSpot(TM) 64-Bit Server VM (25.20-b17 mixed mode linux-amd64 compressed oops)
Heap:
 PSYoungGen      total 411648K, used 31964K [0x000000076ce00000, 0x000000078ab80000, 0x00000007c0000000)
  eden space 392192K, 8% used [0x000000076ce00000,0x000000076ed37340,0x0000000784d00000)
  from space 19456K, 0% used [0x0000000784d00000,0x0000000784d00000,0x0000000786000000)
  to   space 19968K, 0% used [0x0000000789800000,0x0000000789800000,0x000000078ab80000)
 ParOldGen       total 243200K, used 34435K [0x00000006c6a00000, 0x00000006d5780000, 0x000000076ce00000)
  object space 243200K, 14% used [0x00000006c6a00000,0x00000006c8ba0ef0,0x00000006d5780000)
 Metaspace       used 57380K, capacity 58554K, committed 58908K, reserved 1099776K
  class space    used 8188K, capacity 8472K, committed 8576K, reserved 1048576K
GC Heap History (10 events):
Event: 4.647 GC heap before
{Heap before GC invocations=8 (full 2):
 PSYoungGen      total 300032K, used 13095K [0x000000076ce00000, 0x0000000785e00000, 0x00000007c0000000)
  eden space 285184K, 0% used [0x000000076ce00000,0x000000076ce00000,0x000000077e480000)
  from space 14848K, 88% used [0x000000077f400000,0x00000007800c9eb0,0x0000000780280000)
  to   space 15872K, 0% used [0x000000077e480000,0x000000077e480000,0x000000077f400000)
 ParOldGen       total 109568K, used 12851K [0x00000006c6a00000, 0x00000006cd500000, 0x000000076ce00000)
  object space 109568K, 11% used [0x00000006c6a00000,0x00000006c768cc88,0x00000006cd500000)
 Metaspace       used 34785K, capacity 35114K, committed 35320K, reserved 1079296K
  class space    used 4558K, capacity 4673K, committed 4736K, reserved 1048576K
Event: 4.710 GC heap after
Heap after GC invocations=8 (full 2):
 PSYoungGen      total 300032K, used 0K [0x000000076ce00000, 0x0000000785e00000, 0x00000007c0000000)
  eden space 285184K, 0% used [0x000000076ce00000,0x000000076ce00000,0x000000077e480000)
  from space 14848K, 0% used [0x000000077f400000,0x000000077f400000,0x0000000780280000)
  to   space 15872K, 0% used [0x000000077e480000,0x000000077e480000,0x000000077f400000)
 ParOldGen       total 173568K, used 23659K [0x00000006c6a00000, 0x00000006d1380000, 0x000000076ce00000)
  object space 173568K, 13% used [0x00000006c6a00000,0x00000006c811af70,0x00000006d1380000)
 Metaspace       used 34785K, capacity 35114K, committed 35320K, reserved 1079296K
  class space    used 4558K, capacity 4673K, committed 4736K, reserved 1048576K
}
Event: 6.635 GC heap before
{Heap before GC invocations=9 (full 2):
 PSYoungGen      total 300032K, used 285184K [0x000000076ce00000, 0x0000000785e00000, 0x00000007c0000000)
  eden space 285184K, 100% used [0x000000076ce00000,0x000000077e480000,0x000000077e480000)
  from space 14848K, 0% used [0x000000077f400000,0x000000077f400000,0x0000000780280000)
  to   space 15872K, 0% used [0x000000077e480000,0x000000077e480000,0x000000077f400000)
 ParOldGen       total 173568K, used 23659K [0x00000006c6a00000, 0x00000006d1380000, 0x000000076ce00000)
  object space 173568K, 13% used [0x00000006c6a00000,0x00000006c811af70,0x00000006d1380000)
 Metaspace       used 44487K, capacity 44946K, committed 45184K, reserved 1087488K
  class space    used 6588K, capacity 6712K, committed 6784K, reserved 1048576K
Event: 6.653 GC heap after
Heap after GC invocations=9 (full 2):
 PSYoungGen      total 301056K, used 10783K [0x000000076ce00000, 0x0000000787300000, 0x00000007c0000000)
  eden space 285184K, 0% used [0x000000076ce00000,0x000000076ce00000,0x000000077e480000)
  from space 15872K, 67% used [0x000000077e480000,0x000000077ef07d28,0x000000077f400000)
  to   space 15360K, 0% used [0x0000000786400000,0x0000000786400000,0x0000000787300000)
 ParOldGen       total 173568K, used 23667K [0x00000006c6a00000, 0x00000006d1380000, 0x000000076ce00000)
  object space 173568K, 13% used [0x00000006c6a00000,0x00000006c811cf70,0x00000006d1380000)
 Metaspace       used 44487K, capacity 44946K, committed 45184K, reserved 1087488K
  class space    used 6588K, capacity 6712K, committed 6784K, reserved 1048576K
}
Event: 20.294 GC heap before
{Heap before GC invocations=10 (full 2):
 PSYoungGen      total 301056K, used 295967K [0x000000076ce00000, 0x0000000787300000, 0x00000007c0000000)
  eden space 285184K, 100% used [0x000000076ce00000,0x000000077e480000,0x000000077e480000)
  from space 15872K, 67% used [0x000000077e480000,0x000000077ef07d28,0x000000077f400000)
  to   space 15360K, 0% used [0x0000000786400000,0x0000000786400000,0x0000000787300000)
 ParOldGen       total 173568K, used 23667K [0x00000006c6a00000, 0x00000006d1380000, 0x000000076ce00000)
  object space 173568K, 13% used [0x00000006c6a00000,0x00000006c811cf70,0x00000006d1380000)
 Metaspace       used 56976K, capacity 58130K, committed 58368K, reserved 1099776K
  class space    used 8166K, capacity 8440K, committed 8448K, reserved 1048576K
Event: 20.318 GC heap after
Heap after GC invocations=10 (full 2):
 PSYoungGen      total 398848K, used 15329K [0x000000076ce00000, 0x0000000787300000, 0x00000007c0000000)
  eden space 383488K, 0% used [0x000000076ce00000,0x000000076ce00000,0x0000000784480000)
  from space 15360K, 99% used [0x0000000786400000,0x00000007872f86c8,0x0000000787300000)
  to   space 19456K, 0% used [0x0000000784d00000,0x0000000784d00000,0x0000000786000000)
 ParOldGen       total 173568K, used 29807K [0x00000006c6a00000, 0x00000006d1380000, 0x000000076ce00000)
  object space 173568K, 17% used [0x00000006c6a00000,0x00000006c871bf78,0x00000006d1380000)
 Metaspace       used 56976K, capacity 58130K, committed 58368K, reserved 1099776K
  class space    used 8166K, capacity 8440K, committed 8448K, reserved 1048576K
}
Event: 72.412 GC heap before
{Heap before GC invocations=11 (full 2):
 PSYoungGen      total 398848K, used 86948K [0x000000076ce00000, 0x0000000787300000, 0x00000007c0000000)
  eden space 383488K, 18% used [0x000000076ce00000,0x00000007713f0d28,0x0000000784480000)
  from space 15360K, 99% used [0x0000000786400000,0x00000007872f86c8,0x0000000787300000)
  to   space 19456K, 0% used [0x0000000784d00000,0x0000000784d00000,0x0000000786000000)
 ParOldGen       total 173568K, used 29807K [0x00000006c6a00000, 0x00000006d1380000, 0x000000076ce00000)
  object space 173568K, 17% used [0x00000006c6a00000,0x00000006c871bf78,0x00000006d1380000)
 Metaspace       used 57304K, capacity 58454K, committed 58524K, reserved 1099776K
  class space    used 8169K, capacity 8440K, committed 8448K, reserved 1048576K
Event: 72.428 GC heap after
Heap after GC invocations=11 (full 2):
 PSYoungGen      total 411648K, used 14909K [0x000000076ce00000, 0x000000078ab80000, 0x00000007c0000000)
  eden space 392192K, 0% used [0x000000076ce00000,0x000000076ce00000,0x0000000784d00000)
  from space 19456K, 76% used [0x0000000784d00000,0x0000000785b8f468,0x0000000786000000)
  to   space 19968K, 0% used [0x0000000789800000,0x0000000789800000,0x000000078ab80000)
 ParOldGen       total 173568K, used 29815K [0x00000006c6a00000, 0x00000006d1380000, 0x000000076ce00000)
  object space 173568K, 17% used [0x00000006c6a00000,0x00000006c871df78,0x00000006d1380000)
 Metaspace       used 57304K, capacity 58454K, committed 58524K, reserved 1099776K
  class space    used 8169K, capacity 8440K, committed 8448K, reserved 1048576K
}
Event: 72.428 GC heap before
{Heap before GC invocations=12 (full 3):
 PSYoungGen      total 411648K, used 14909K [0x000000076ce00000, 0x000000078ab80000, 0x00000007c0000000)
  eden space 392192K, 0% used [0x000000076ce00000,0x000000076ce00000,0x0000000784d00000)
  from space 19456K, 76% used [0x0000000784d00000,0x0000000785b8f468,0x0000000786000000)
  to   space 19968K, 0% used [0x0000000789800000,0x0000000789800000,0x000000078ab80000)
 ParOldGen       total 173568K, used 29815K [0x00000006c6a00000, 0x00000006d1380000, 0x000000076ce00000)
  object space 173568K, 17% used [0x00000006c6a00000,0x00000006c871df78,0x00000006d1380000)
 Metaspace       used 57304K, capacity 58454K, committed 58524K, reserved 1099776K
  class space    used 8169K, capacity 8440K, committed 8448K, reserved 1048576K
Event: 72.606 GC heap after
Heap after GC invocations=12 (full 3):
 PSYoungGen      total 411648K, used 0K [0x000000076ce00000, 0x000000078ab80000, 0x00000007c0000000)
  eden space 392192K, 0% used [0x000000076ce00000,0x000000076ce00000,0x0000000784d00000)
  from space 19456K, 0% used [0x0000000784d00000,0x0000000784d00000,0x0000000786000000)
  to   space 19968K, 0% used [0x0000000789800000,0x0000000789800000,0x000000078ab80000)
 ParOldGen       total 243200K, used 34435K [0x00000006c6a00000, 0x00000006d5780000, 0x000000076ce00000)
  object space 243200K, 14% used [0x00000006c6a00000,0x00000006c8ba0ef0,0x00000006d5780000)
 Metaspace       used 57244K, capacity 58370K, committed 58524K, reserved 1099776K
  class space    used 8168K, capacity 8436K, committed 8448K, reserved 1048576K
}

