# JRE version: Java(TM) SE Runtime Environment (8.0_20-b17) (build 1.8.0_20-ea-b17)
# Java VM: Java HotSpot(TM) 64-Bit Server VM (25.20-b17 mixed mode linux-amd64 compressed oops)
Heap:
 PSYoungGen      total 265728K, used 55840K [0x000000076ce00000, 0x0000000780b80000, 0x00000007c0000000)
  eden space 245248K, 22% used [0x000000076ce00000,0x0000000770488248,0x000000077bd80000)
  from space 20480K, 0% used [0x000000077bd80000,0x000000077bd80000,0x000000077d180000)
  to   space 20992K, 0% used [0x000000077f700000,0x000000077f700000,0x0000000780b80000)
 ParOldGen       total 244224K, used 34452K [0x00000006c6a00000, 0x00000006d5880000, 0x000000076ce00000)
  object space 244224K, 14% used [0x00000006c6a00000,0x00000006c8ba51c0,0x00000006d5880000)
 Metaspace       used 57557K, capacity 58714K, committed 58728K, reserved 1099776K
  class space    used 8172K, capacity 8440K, committed 8448K, reserved 1048576K
GC Heap History (10 events):
Event: 5.527 GC heap before
{Heap before GC invocations=10 (full 2):
 PSYoungGen      total 159744K, used 144896K [0x000000076ce00000, 0x000000077c180000, 0x00000007c0000000)
  eden space 144896K, 100% used [0x000000076ce00000,0x0000000775b80000,0x0000000775b80000)
  from space 14848K, 0% used [0x0000000775b80000,0x0000000775b80000,0x0000000776a00000)
  to   space 16384K, 0% used [0x000000077b180000,0x000000077b180000,0x000000077c180000)
 ParOldGen       total 174080K, used 23647K [0x00000006c6a00000, 0x00000006d1400000, 0x000000076ce00000)
  object space 174080K, 13% used [0x00000006c6a00000,0x00000006c8117d70,0x00000006d1400000)
 Metaspace       used 39214K, capacity 39726K, committed 39936K, reserved 1083392K
  class space    used 5676K, capacity 5810K, committed 5888K, reserved 1048576K
Event: 5.535 GC heap after
Heap after GC invocations=10 (full 2):
 PSYoungGen      total 209920K, used 5940K [0x000000076ce00000, 0x000000077b780000, 0x00000007c0000000)
  eden space 203776K, 0% used [0x000000076ce00000,0x000000076ce00000,0x0000000779500000)
  from space 6144K, 96% used [0x000000077b180000,0x000000077b74d0b0,0x000000077b780000)
  to   space 16384K, 0% used [0x0000000779780000,0x0000000779780000,0x000000077a780000)
 ParOldGen       total 174080K, used 23655K [0x00000006c6a00000, 0x00000006d1400000, 0x000000076ce00000)
  object space 174080K, 13% used [0x00000006c6a00000,0x00000006c8119d70,0x00000006d1400000)
 Metaspace       used 39214K, capacity 39726K, committed 39936K, reserved 1083392K
  class space    used 5676K, capacity 5810K, committed 5888K, reserved 1048576K
}
Event: 7.495 GC heap before
{Heap before GC invocations=11 (full 2):
 PSYoungGen      total 209920K, used 209716K [0x000000076ce00000, 0x000000077b780000, 0x00000007c0000000)
  eden space 203776K, 100% used [0x000000076ce00000,0x0000000779500000,0x0000000779500000)
  from space 6144K, 96% used [0x000000077b180000,0x000000077b74d0b0,0x000000077b780000)
  to   space 16384K, 0% used [0x0000000779780000,0x0000000779780000,0x000000077a780000)
 ParOldGen       total 174080K, used 23655K [0x00000006c6a00000, 0x00000006d1400000, 0x000000076ce00000)
  object space 174080K, 13% used [0x00000006c6a00000,0x00000006c8119d70,0x00000006d1400000)
 Metaspace       used 49891K, capacity 50560K, committed 50944K, reserved 1093632K
  class space    used 7185K, capacity 7333K, committed 7424K, reserved 1048576K
Event: 7.508 GC heap after
Heap after GC invocations=11 (full 2):
 PSYoungGen      total 222720K, used 15431K [0x000000076ce00000, 0x000000077e480000, 0x00000007c0000000)
  eden space 206336K, 0% used [0x000000076ce00000,0x000000076ce00000,0x0000000779780000)
  from space 16384K, 94% used [0x0000000779780000,0x000000077a691fb0,0x000000077a780000)
  to   space 17920K, 0% used [0x000000077d300000,0x000000077d300000,0x000000077e480000)
 ParOldGen       total 174080K, used 23663K [0x00000006c6a00000, 0x00000006d1400000, 0x000000076ce00000)
  object space 174080K, 13% used [0x00000006c6a00000,0x00000006c811bd70,0x00000006d1400000)
 Metaspace       used 49891K, capacity 50560K, committed 50944K, reserved 1093632K
  class space    used 7185K, capacity 7333K, committed 7424K, reserved 1048576K
}
Event: 29.346 GC heap before
{Heap before GC invocations=12 (full 2):
 PSYoungGen      total 222720K, used 221767K [0x000000076ce00000, 0x000000077e480000, 0x00000007c0000000)
  eden space 206336K, 100% used [0x000000076ce00000,0x0000000779780000,0x0000000779780000)
  from space 16384K, 94% used [0x0000000779780000,0x000000077a691fb0,0x000000077a780000)
  to   space 17920K, 0% used [0x000000077d300000,0x000000077d300000,0x000000077e480000)
 ParOldGen       total 174080K, used 23663K [0x00000006c6a00000, 0x00000006d1400000, 0x000000076ce00000)
  object space 174080K, 13% used [0x00000006c6a00000,0x00000006c811bd70,0x00000006d1400000)
 Metaspace       used 56955K, capacity 58152K, committed 58368K, reserved 1099776K
  class space    used 8145K, capacity 8433K, committed 8448K, reserved 1048576K
Event: 29.365 GC heap after
Heap after GC invocations=12 (full 2):
 PSYoungGen      total 263168K, used 17917K [0x000000076ce00000, 0x000000077e580000, 0x00000007c0000000)
  eden space 245248K, 0% used [0x000000076ce00000,0x000000076ce00000,0x000000077bd80000)
  from space 17920K, 99% used [0x000000077d300000,0x000000077e47f630,0x000000077e480000)
  to   space 20480K, 0% used [0x000000077bd80000,0x000000077bd80000,0x000000077d180000)
 ParOldGen       total 174080K, used 24852K [0x00000006c6a00000, 0x00000006d1400000, 0x000000076ce00000)
  object space 174080K, 14% used [0x00000006c6a00000,0x00000006c82452a0,0x00000006d1400000)
 Metaspace       used 56955K, capacity 58152K, committed 58368K, reserved 1099776K
  class space    used 8145K, capacity 8433K, committed 8448K, reserved 1048576K
}
Event: 66.102 GC heap before
{Heap before GC invocations=13 (full 2):
 PSYoungGen      total 263168K, used 72114K [0x000000076ce00000, 0x000000077e580000, 0x00000007c0000000)
  eden space 245248K, 22% used [0x000000076ce00000,0x00000007702ed2a8,0x000000077bd80000)
  from space 17920K, 99% used [0x000000077d300000,0x000000077e47f630,0x000000077e480000)
  to   space 20480K, 0% used [0x000000077bd80000,0x000000077bd80000,0x000000077d180000)
 ParOldGen       total 174080K, used 24852K [0x00000006c6a00000, 0x00000006d1400000, 0x000000076ce00000)
  object space 174080K, 14% used [0x00000006c6a00000,0x00000006c82452a0,0x00000006d1400000)
 Metaspace       used 57315K, capacity 58454K, committed 58472K, reserved 1099776K
  class space    used 8150K, capacity 8440K, committed 8448K, reserved 1048576K
Event: 66.120 GC heap after
Heap after GC invocations=13 (full 2):
 PSYoungGen      total 265728K, used 14914K [0x000000076ce00000, 0x0000000780b80000, 0x00000007c0000000)
  eden space 245248K, 0% used [0x000000076ce00000,0x000000076ce00000,0x000000077bd80000)
  from space 20480K, 72% used [0x000000077bd80000,0x000000077cc10850,0x000000077d180000)
  to   space 20992K, 0% used [0x000000077f700000,0x000000077f700000,0x0000000780b80000)
 ParOldGen       total 174080K, used 24860K [0x00000006c6a00000, 0x00000006d1400000, 0x000000076ce00000)
  object space 174080K, 14% used [0x00000006c6a00000,0x00000006c82472a0,0x00000006d1400000)
 Metaspace       used 57315K, capacity 58454K, committed 58472K, reserved 1099776K
  class space    used 8150K, capacity 8440K, committed 8448K, reserved 1048576K
}
Event: 66.120 GC heap before
{Heap before GC invocations=14 (full 3):
 PSYoungGen      total 265728K, used 14914K [0x000000076ce00000, 0x0000000780b80000, 0x00000007c0000000)
  eden space 245248K, 0% used [0x000000076ce00000,0x000000076ce00000,0x000000077bd80000)
  from space 20480K, 72% used [0x000000077bd80000,0x000000077cc10850,0x000000077d180000)
  to   space 20992K, 0% used [0x000000077f700000,0x000000077f700000,0x0000000780b80000)
 ParOldGen       total 174080K, used 24860K [0x00000006c6a00000, 0x00000006d1400000, 0x000000076ce00000)
  object space 174080K, 14% used [0x00000006c6a00000,0x00000006c82472a0,0x00000006d1400000)
 Metaspace       used 57315K, capacity 58454K, committed 58472K, reserved 1099776K
  class space    used 8150K, capacity 8440K, committed 8448K, reserved 1048576K
Event: 66.304 GC heap after
Heap after GC invocations=14 (full 3):
 PSYoungGen      total 265728K, used 0K [0x000000076ce00000, 0x0000000780b80000, 0x00000007c0000000)
  eden space 245248K, 0% used [0x000000076ce00000,0x000000076ce00000,0x000000077bd80000)
  from space 20480K, 0% used [0x000000077bd80000,0x000000077bd80000,0x000000077d180000)
  to   space 20992K, 0% used [0x000000077f700000,0x000000077f700000,0x0000000780b80000)
 ParOldGen       total 244224K, used 34452K [0x00000006c6a00000, 0x00000006d5880000, 0x000000076ce00000)
  object space 244224K, 14% used [0x00000006c6a00000,0x00000006c8ba51c0,0x00000006d5880000)
 Metaspace       used 57255K, capacity 58370K, committed 58472K, reserved 1099776K
  class space    used 8149K, capacity 8436K, committed 8448K, reserved 1048576K
}

