# JRE version: Java(TM) SE Runtime Environment (8.0_20-b17) (build 1.8.0_20-ea-b17)
# Java VM: Java HotSpot(TM) 64-Bit Server VM (25.20-b17 mixed mode linux-amd64 compressed oops)
Heap:
 PSYoungGen      total 279552K, used 11908K [0x000000076ce00000, 0x0000000780480000, 0x00000007c0000000)
  eden space 275968K, 3% used [0x000000076ce00000,0x000000076d6288c0,0x000000077db80000)
  from space 3584K, 99% used [0x000000077e300000,0x000000077e6788e8,0x000000077e680000)
  to   space 20992K, 0% used [0x000000077f000000,0x000000077f000000,0x0000000780480000)
 ParOldGen       total 245760K, used 34975K [0x00000006c6a00000, 0x00000006d5a00000, 0x000000076ce00000)
  object space 245760K, 14% used [0x00000006c6a00000,0x00000006c8c27f48,0x00000006d5a00000)
 Metaspace       used 59782K, capacity 60988K, committed 61184K, reserved 1101824K
  class space    used 8376K, capacity 8660K, committed 8704K, reserved 1048576K
GC Heap History (10 events):
Event: 20.652 GC heap before
{Heap before GC invocations=12 (full 2):
 PSYoungGen      total 222720K, used 219336K [0x000000076ce00000, 0x000000077e180000, 0x00000007c0000000)
  eden space 206336K, 100% used [0x000000076ce00000,0x0000000779780000,0x0000000779780000)
  from space 16384K, 79% used [0x0000000779780000,0x000000077a432388,0x000000077a780000)
  to   space 16896K, 0% used [0x000000077d100000,0x000000077d100000,0x000000077e180000)
 ParOldGen       total 173568K, used 23705K [0x00000006c6a00000, 0x00000006d1380000, 0x000000076ce00000)
  object space 173568K, 13% used [0x00000006c6a00000,0x00000006c8126628,0x00000006d1380000)
 Metaspace       used 56449K, capacity 57556K, committed 57600K, reserved 1097728K
  class space    used 8158K, capacity 8424K, committed 8448K, reserved 1048576K
Event: 20.671 GC heap after
Heap after GC invocations=12 (full 2):
 PSYoungGen      total 262144K, used 16880K [0x000000076ce00000, 0x000000077e500000, 0x00000007c0000000)
  eden space 245248K, 0% used [0x000000076ce00000,0x000000076ce00000,0x000000077bd80000)
  from space 16896K, 99% used [0x000000077d100000,0x000000077e17c058,0x000000077e180000)
  to   space 19968K, 0% used [0x000000077bd80000,0x000000077bd80000,0x000000077d100000)
 ParOldGen       total 173568K, used 25959K [0x00000006c6a00000, 0x00000006d1380000, 0x000000076ce00000)
  object space 173568K, 14% used [0x00000006c6a00000,0x00000006c8359ea8,0x00000006d1380000)
 Metaspace       used 56449K, capacity 57556K, committed 57600K, reserved 1097728K
  class space    used 8158K, capacity 8424K, committed 8448K, reserved 1048576K
}
Event: 36.605 GC heap before
{Heap before GC invocations=13 (full 2):
 PSYoungGen      total 262144K, used 152692K [0x000000076ce00000, 0x000000077e500000, 0x00000007c0000000)
  eden space 245248K, 55% used [0x000000076ce00000,0x00000007752a12a8,0x000000077bd80000)
  from space 16896K, 99% used [0x000000077d100000,0x000000077e17c058,0x000000077e180000)
  to   space 19968K, 0% used [0x000000077bd80000,0x000000077bd80000,0x000000077d100000)
 ParOldGen       total 173568K, used 25959K [0x00000006c6a00000, 0x00000006d1380000, 0x000000076ce00000)
  object space 173568K, 14% used [0x00000006c6a00000,0x00000006c8359ea8,0x00000006d1380000)
 Metaspace       used 57471K, capacity 58596K, committed 58620K, reserved 1099776K
  class space    used 8273K, capacity 8560K, committed 8576K, reserved 1048576K
Event: 36.627 GC heap after
Heap after GC invocations=13 (full 2):
 PSYoungGen      total 265216K, used 15536K [0x000000076ce00000, 0x0000000780c00000, 0x00000007c0000000)
  eden space 245248K, 0% used [0x000000076ce00000,0x000000076ce00000,0x000000077bd80000)
  from space 19968K, 77% used [0x000000077bd80000,0x000000077ccac2e8,0x000000077d100000)
  to   space 20480K, 0% used [0x000000077f800000,0x000000077f800000,0x0000000780c00000)
 ParOldGen       total 173568K, used 25967K [0x00000006c6a00000, 0x00000006d1380000, 0x000000076ce00000)
  object space 173568K, 14% used [0x00000006c6a00000,0x00000006c835bea8,0x00000006d1380000)
 Metaspace       used 57471K, capacity 58596K, committed 58620K, reserved 1099776K
  class space    used 8273K, capacity 8560K, committed 8576K, reserved 1048576K
}
Event: 36.627 GC heap before
{Heap before GC invocations=14 (full 3):
 PSYoungGen      total 265216K, used 15536K [0x000000076ce00000, 0x0000000780c00000, 0x00000007c0000000)
  eden space 245248K, 0% used [0x000000076ce00000,0x000000076ce00000,0x000000077bd80000)
  from space 19968K, 77% used [0x000000077bd80000,0x000000077ccac2e8,0x000000077d100000)
  to   space 20480K, 0% used [0x000000077f800000,0x000000077f800000,0x0000000780c00000)
 ParOldGen       total 173568K, used 25967K [0x00000006c6a00000, 0x00000006d1380000, 0x000000076ce00000)
  object space 173568K, 14% used [0x00000006c6a00000,0x00000006c835bea8,0x00000006d1380000)
 Metaspace       used 57471K, capacity 58596K, committed 58620K, reserved 1099776K
  class space    used 8273K, capacity 8560K, committed 8576K, reserved 1048576K
Event: 36.839 GC heap after
Heap after GC invocations=14 (full 3):
 PSYoungGen      total 265216K, used 0K [0x000000076ce00000, 0x0000000780c00000, 0x00000007c0000000)
  eden space 245248K, 0% used [0x000000076ce00000,0x000000076ce00000,0x000000077bd80000)
  from space 19968K, 0% used [0x000000077bd80000,0x000000077bd80000,0x000000077d100000)
  to   space 20480K, 0% used [0x000000077f800000,0x000000077f800000,0x0000000780c00000)
 ParOldGen       total 245760K, used 34959K [0x00000006c6a00000, 0x00000006d5a00000, 0x000000076ce00000)
  object space 245760K, 14% used [0x00000006c6a00000,0x00000006c8c23f48,0x00000006d5a00000)
 Metaspace       used 57449K, capacity 58568K, committed 58620K, reserved 1099776K
  class space    used 8271K, capacity 8556K, committed 8576K, reserved 1048576K
}
Event: 195.775 GC heap before
{Heap before GC invocations=15 (full 3):
 PSYoungGen      total 265216K, used 245248K [0x000000076ce00000, 0x0000000780c00000, 0x00000007c0000000)
  eden space 245248K, 100% used [0x000000076ce00000,0x000000077bd80000,0x000000077bd80000)
  from space 19968K, 0% used [0x000000077bd80000,0x000000077bd80000,0x000000077d100000)
  to   space 20480K, 0% used [0x000000077f800000,0x000000077f800000,0x0000000780c00000)
 ParOldGen       total 245760K, used 34959K [0x00000006c6a00000, 0x00000006d5a00000, 0x000000076ce00000)
  object space 245760K, 14% used [0x00000006c6a00000,0x00000006c8c23f48,0x00000006d5a00000)
 Metaspace       used 58967K, capacity 60222K, committed 60416K, reserved 1101824K
  class space    used 8342K, capacity 8623K, committed 8704K, reserved 1048576K
Event: 195.785 GC heap after
Heap after GC invocations=15 (full 3):
 PSYoungGen      total 304128K, used 2975K [0x000000076ce00000, 0x0000000780c00000, 0x00000007c0000000)
  eden space 283648K, 0% used [0x000000076ce00000,0x000000076ce00000,0x000000077e300000)
  from space 20480K, 14% used [0x000000077f800000,0x000000077fae7f78,0x0000000780c00000)
  to   space 20992K, 0% used [0x000000077e300000,0x000000077e300000,0x000000077f780000)
 ParOldGen       total 245760K, used 34967K [0x00000006c6a00000, 0x00000006d5a00000, 0x000000076ce00000)
  object space 245760K, 14% used [0x00000006c6a00000,0x00000006c8c25f48,0x00000006d5a00000)
 Metaspace       used 58967K, capacity 60222K, committed 60416K, reserved 1101824K
  class space    used 8342K, capacity 8623K, committed 8704K, reserved 1048576K
}
Event: 465.204 GC heap before
{Heap before GC invocations=16 (full 3):
 PSYoungGen      total 304128K, used 286623K [0x000000076ce00000, 0x0000000780c00000, 0x00000007c0000000)
  eden space 283648K, 100% used [0x000000076ce00000,0x000000077e300000,0x000000077e300000)
  from space 20480K, 14% used [0x000000077f800000,0x000000077fae7f78,0x0000000780c00000)
  to   space 20992K, 0% used [0x000000077e300000,0x000000077e300000,0x000000077f780000)
 ParOldGen       total 245760K, used 34967K [0x00000006c6a00000, 0x00000006d5a00000, 0x000000076ce00000)
  object space 245760K, 14% used [0x00000006c6a00000,0x00000006c8c25f48,0x00000006d5a00000)
 Metaspace       used 59639K, capacity 60804K, committed 60928K, reserved 1101824K
  class space    used 8356K, capacity 8624K, committed 8704K, reserved 1048576K
Event: 465.210 GC heap after
Heap after GC invocations=16 (full 3):
 PSYoungGen      total 279552K, used 3554K [0x000000076ce00000, 0x0000000780480000, 0x00000007c0000000)
  eden space 275968K, 0% used [0x000000076ce00000,0x000000076ce00000,0x000000077db80000)
  from space 3584K, 99% used [0x000000077e300000,0x000000077e6788e8,0x000000077e680000)
  to   space 20992K, 0% used [0x000000077f000000,0x000000077f000000,0x0000000780480000)
 ParOldGen       total 245760K, used 34975K [0x00000006c6a00000, 0x00000006d5a00000, 0x000000076ce00000)
  object space 245760K, 14% used [0x00000006c6a00000,0x00000006c8c27f48,0x00000006d5a00000)
 Metaspace       used 59639K, capacity 60804K, committed 60928K, reserved 1101824K
  class space    used 8356K, capacity 8624K, committed 8704K, reserved 1048576K
}

