# JRE version: Java(TM) SE Runtime Environment (8.0_20-b17) (build 1.8.0_20-ea-b17)
# Java VM: Java HotSpot(TM) 64-Bit Server VM (25.20-b17 mixed mode linux-amd64 compressed oops)
Heap:
 PSYoungGen      total 293888K, used 179512K [0x000000076ce00000, 0x0000000784400000, 0x00000007c0000000)
  eden space 291328K, 60% used [0x000000076ce00000,0x0000000777b42438,0x000000077ea80000)
  from space 2560K, 81% used [0x0000000782c00000,0x0000000782e0bd98,0x0000000782e80000)
  to   space 12800K, 0% used [0x0000000783780000,0x0000000783780000,0x0000000784400000)
 ParOldGen       total 233984K, used 39005K [0x00000006c6a00000, 0x00000006d4e80000, 0x000000076ce00000)
  object space 233984K, 16% used [0x00000006c6a00000,0x00000006c9017520,0x00000006d4e80000)
 Metaspace       used 60940K, capacity 62334K, committed 62464K, reserved 1103872K
  class space    used 8566K, capacity 8895K, committed 8960K, reserved 1048576K
GC Heap History (10 events):
Event: 636.222 GC heap before
{Heap before GC invocations=32 (full 3):
 PSYoungGen      total 343040K, used 342858K [0x000000076ce00000, 0x0000000786000000, 0x00000007c0000000)
  eden space 339968K, 100% used [0x000000076ce00000,0x0000000781a00000,0x0000000781a00000)
  from space 3072K, 94% used [0x0000000785d00000,0x0000000785fd29e0,0x0000000786000000)
  to   space 13824K, 0% used [0x0000000784500000,0x0000000784500000,0x0000000785280000)
 ParOldGen       total 233984K, used 38034K [0x00000006c6a00000, 0x00000006d4e80000, 0x000000076ce00000)
  object space 233984K, 16% used [0x00000006c6a00000,0x00000006c8f248a8,0x00000006d4e80000)
 Metaspace       used 60677K, capacity 62080K, committed 62208K, reserved 1101824K
  class space    used 8545K, capacity 8858K, committed 8960K, reserved 1048576K
Event: 636.227 GC heap after
Heap after GC invocations=32 (full 3):
 PSYoungGen      total 331776K, used 2283K [0x000000076ce00000, 0x0000000785d80000, 0x00000007c0000000)
  eden space 329216K, 0% used [0x000000076ce00000,0x000000076ce00000,0x0000000780f80000)
  from space 2560K, 89% used [0x0000000784500000,0x000000078473af78,0x0000000784780000)
  to   space 13824K, 0% used [0x0000000785000000,0x0000000785000000,0x0000000785d80000)
 ParOldGen       total 233984K, used 38512K [0x00000006c6a00000, 0x00000006d4e80000, 0x000000076ce00000)
  object space 233984K, 16% used [0x00000006c6a00000,0x00000006c8f9c330,0x00000006d4e80000)
 Metaspace       used 60677K, capacity 62080K, committed 62208K, reserved 1101824K
  class space    used 8545K, capacity 8858K, committed 8960K, reserved 1048576K
}
Event: 649.181 GC heap before
{Heap before GC invocations=33 (full 3):
 PSYoungGen      total 331776K, used 331499K [0x000000076ce00000, 0x0000000785d80000, 0x00000007c0000000)
  eden space 329216K, 100% used [0x000000076ce00000,0x0000000780f80000,0x0000000780f80000)
  from space 2560K, 89% used [0x0000000784500000,0x000000078473af78,0x0000000784780000)
  to   space 13824K, 0% used [0x0000000785000000,0x0000000785000000,0x0000000785d80000)
 ParOldGen       total 233984K, used 38512K [0x00000006c6a00000, 0x00000006d4e80000, 0x000000076ce00000)
  object space 233984K, 16% used [0x00000006c6a00000,0x00000006c8f9c330,0x00000006d4e80000)
 Metaspace       used 60691K, capacity 62080K, committed 62208K, reserved 1101824K
  class space    used 8545K, capacity 8858K, committed 8960K, reserved 1048576K
Event: 649.186 GC heap after
Heap after GC invocations=33 (full 3):
 PSYoungGen      total 321536K, used 2447K [0x000000076ce00000, 0x0000000785280000, 0x00000007c0000000)
  eden space 318976K, 0% used [0x000000076ce00000,0x000000076ce00000,0x0000000780580000)
  from space 2560K, 95% used [0x0000000785000000,0x0000000785263ea8,0x0000000785280000)
  to   space 13824K, 0% used [0x0000000783780000,0x0000000783780000,0x0000000784500000)
 ParOldGen       total 233984K, used 38773K [0x00000006c6a00000, 0x00000006d4e80000, 0x000000076ce00000)
  object space 233984K, 16% used [0x00000006c6a00000,0x00000006c8fdd510,0x00000006d4e80000)
 Metaspace       used 60691K, capacity 62080K, committed 62208K, reserved 1101824K
  class space    used 8545K, capacity 8858K, committed 8960K, reserved 1048576K
}
Event: 660.205 GC heap before
{Heap before GC invocations=34 (full 3):
 PSYoungGen      total 321536K, used 321423K [0x000000076ce00000, 0x0000000785280000, 0x00000007c0000000)
  eden space 318976K, 100% used [0x000000076ce00000,0x0000000780580000,0x0000000780580000)
  from space 2560K, 95% used [0x0000000785000000,0x0000000785263ea8,0x0000000785280000)
  to   space 13824K, 0% used [0x0000000783780000,0x0000000783780000,0x0000000784500000)
 ParOldGen       total 233984K, used 38773K [0x00000006c6a00000, 0x00000006d4e80000, 0x000000076ce00000)
  object space 233984K, 16% used [0x00000006c6a00000,0x00000006c8fdd510,0x00000006d4e80000)
 Metaspace       used 60699K, capacity 62080K, committed 62208K, reserved 1101824K
  class space    used 8545K, capacity 8858K, committed 8960K, reserved 1048576K
Event: 660.210 GC heap after
Heap after GC invocations=34 (full 3):
 PSYoungGen      total 311808K, used 2339K [0x000000076ce00000, 0x0000000785080000, 0x00000007c0000000)
  eden space 309248K, 0% used [0x000000076ce00000,0x000000076ce00000,0x000000077fc00000)
  from space 2560K, 91% used [0x0000000783780000,0x00000007839c8c10,0x0000000783a00000)
  to   space 13312K, 0% used [0x0000000784380000,0x0000000784380000,0x0000000785080000)
 ParOldGen       total 233984K, used 38853K [0x00000006c6a00000, 0x00000006d4e80000, 0x000000076ce00000)
  object space 233984K, 16% used [0x00000006c6a00000,0x00000006c8ff1520,0x00000006d4e80000)
 Metaspace       used 60699K, capacity 62080K, committed 62208K, reserved 1101824K
  class space    used 8545K, capacity 8858K, committed 8960K, reserved 1048576K
}
Event: 671.241 GC heap before
{Heap before GC invocations=35 (full 3):
 PSYoungGen      total 311808K, used 311587K [0x000000076ce00000, 0x0000000785080000, 0x00000007c0000000)
  eden space 309248K, 100% used [0x000000076ce00000,0x000000077fc00000,0x000000077fc00000)
  from space 2560K, 91% used [0x0000000783780000,0x00000007839c8c10,0x0000000783a00000)
  to   space 13312K, 0% used [0x0000000784380000,0x0000000784380000,0x0000000785080000)
 ParOldGen       total 233984K, used 38853K [0x00000006c6a00000, 0x00000006d4e80000, 0x000000076ce00000)
  object space 233984K, 16% used [0x00000006c6a00000,0x00000006c8ff1520,0x00000006d4e80000)
 Metaspace       used 60705K, capacity 62080K, committed 62208K, reserved 1101824K
  class space    used 8545K, capacity 8858K, committed 8960K, reserved 1048576K
Event: 671.246 GC heap after
Heap after GC invocations=35 (full 3):
 PSYoungGen      total 302592K, used 2127K [0x000000076ce00000, 0x0000000784600000, 0x00000007c0000000)
  eden space 300032K, 0% used [0x000000076ce00000,0x000000076ce00000,0x000000077f300000)
  from space 2560K, 83% used [0x0000000784380000,0x0000000784593d98,0x0000000784600000)
  to   space 13312K, 0% used [0x0000000782c00000,0x0000000782c00000,0x0000000783900000)
 ParOldGen       total 233984K, used 38933K [0x00000006c6a00000, 0x00000006d4e80000, 0x000000076ce00000)
  object space 233984K, 16% used [0x00000006c6a00000,0x00000006c9005520,0x00000006d4e80000)
 Metaspace       used 60705K, capacity 62080K, committed 62208K, reserved 1101824K
  class space    used 8545K, capacity 8858K, committed 8960K, reserved 1048576K
}
Event: 677.612 GC heap before
{Heap before GC invocations=36 (full 3):
 PSYoungGen      total 302592K, used 302159K [0x000000076ce00000, 0x0000000784600000, 0x00000007c0000000)
  eden space 300032K, 100% used [0x000000076ce00000,0x000000077f300000,0x000000077f300000)
  from space 2560K, 83% used [0x0000000784380000,0x0000000784593d98,0x0000000784600000)
  to   space 13312K, 0% used [0x0000000782c00000,0x0000000782c00000,0x0000000783900000)
 ParOldGen       total 233984K, used 38933K [0x00000006c6a00000, 0x00000006d4e80000, 0x000000076ce00000)
  object space 233984K, 16% used [0x00000006c6a00000,0x00000006c9005520,0x00000006d4e80000)
 Metaspace       used 60715K, capacity 62080K, committed 62208K, reserved 1101824K
  class space    used 8545K, capacity 8858K, committed 8960K, reserved 1048576K
Event: 677.618 GC heap after
Heap after GC invocations=36 (full 3):
 PSYoungGen      total 293888K, used 2095K [0x000000076ce00000, 0x0000000784400000, 0x00000007c0000000)
  eden space 291328K, 0% used [0x000000076ce00000,0x000000076ce00000,0x000000077ea80000)
  from space 2560K, 81% used [0x0000000782c00000,0x0000000782e0bd98,0x0000000782e80000)
  to   space 12800K, 0% used [0x0000000783780000,0x0000000783780000,0x0000000784400000)
 ParOldGen       total 233984K, used 39005K [0x00000006c6a00000, 0x00000006d4e80000, 0x000000076ce00000)
  object space 233984K, 16% used [0x00000006c6a00000,0x00000006c9017520,0x00000006d4e80000)
 Metaspace       used 60715K, capacity 62080K, committed 62208K, reserved 1101824K
  class space    used 8545K, capacity 8858K, committed 8960K, reserved 1048576K
}

