# JRE version: Java(TM) SE Runtime Environment (8.0_20-b17) (build 1.8.0_20-ea-b17)
# Java VM: Java HotSpot(TM) 64-Bit Server VM (25.20-b17 mixed mode linux-amd64 compressed oops)
Heap:
 PSYoungGen      total 384000K, used 315875K [0x000000076ce00000, 0x0000000786e00000, 0x00000007c0000000)
  eden space 365568K, 85% used [0x000000076ce00000,0x000000077ffd0ed0,0x0000000783300000)
  from space 18432K, 14% used [0x0000000785c00000,0x0000000785ea7da8,0x0000000786e00000)
  to   space 30208K, 0% used [0x0000000783300000,0x0000000783300000,0x0000000785080000)
 ParOldGen       total 282624K, used 52881K [0x00000006c6a00000, 0x00000006d7e00000, 0x000000076ce00000)
  object space 282624K, 18% used [0x00000006c6a00000,0x00000006c9da46f0,0x00000006d7e00000)
 Metaspace       used 60308K, capacity 61536K, committed 61772K, reserved 1101824K
  class space    used 8678K, capacity 8978K, committed 9036K, reserved 1048576K
GC Heap History (10 events):
Event: 30.732 GC heap before
{Heap before GC invocations=11 (full 2):
 PSYoungGen      total 359936K, used 92689K [0x000000076ce00000, 0x0000000785200000, 0x00000007c0000000)
  eden space 339968K, 21% used [0x000000076ce00000,0x0000000771511588,0x0000000781a00000)
  from space 19968K, 99% used [0x0000000783e80000,0x00000007851f2f50,0x0000000785200000)
  to   space 24576K, 0% used [0x0000000782200000,0x0000000782200000,0x0000000783a00000)
 ParOldGen       total 203264K, used 36073K [0x00000006c6a00000, 0x00000006d3080000, 0x000000076ce00000)
  object space 203264K, 17% used [0x00000006c6a00000,0x00000006c8d3a730,0x00000006d3080000)
 Metaspace       used 57328K, capacity 58448K, committed 58540K, reserved 1099776K
  class space    used 8500K, capacity 8769K, committed 8780K, reserved 1048576K
Event: 30.751 GC heap after
Heap after GC invocations=11 (full 2):
 PSYoungGen      total 372736K, used 24559K [0x000000076ce00000, 0x0000000788380000, 0x00000007c0000000)
  eden space 348160K, 0% used [0x000000076ce00000,0x000000076ce00000,0x0000000782200000)
  from space 24576K, 99% used [0x0000000782200000,0x00000007839fbee0,0x0000000783a00000)
  to   space 28672K, 0% used [0x0000000786780000,0x0000000786780000,0x0000000788380000)
 ParOldGen       total 203264K, used 39264K [0x00000006c6a00000, 0x00000006d3080000, 0x000000076ce00000)
  object space 203264K, 19% used [0x00000006c6a00000,0x00000006c9058320,0x00000006d3080000)
 Metaspace       used 57328K, capacity 58448K, committed 58540K, reserved 1099776K
  class space    used 8500K, capacity 8769K, committed 8780K, reserved 1048576K
}
Event: 30.751 GC heap before
{Heap before GC invocations=12 (full 3):
 PSYoungGen      total 372736K, used 24559K [0x000000076ce00000, 0x0000000788380000, 0x00000007c0000000)
  eden space 348160K, 0% used [0x000000076ce00000,0x000000076ce00000,0x0000000782200000)
  from space 24576K, 99% used [0x0000000782200000,0x00000007839fbee0,0x0000000783a00000)
  to   space 28672K, 0% used [0x0000000786780000,0x0000000786780000,0x0000000788380000)
 ParOldGen       total 203264K, used 39264K [0x00000006c6a00000, 0x00000006d3080000, 0x000000076ce00000)
  object space 203264K, 19% used [0x00000006c6a00000,0x00000006c9058320,0x00000006d3080000)
 Metaspace       used 57328K, capacity 58448K, committed 58540K, reserved 1099776K
  class space    used 8500K, capacity 8769K, committed 8780K, reserved 1048576K
Event: 30.908 GC heap after
Heap after GC invocations=12 (full 3):
 PSYoungGen      total 372736K, used 0K [0x000000076ce00000, 0x0000000788380000, 0x00000007c0000000)
  eden space 348160K, 0% used [0x000000076ce00000,0x000000076ce00000,0x0000000782200000)
  from space 24576K, 0% used [0x0000000782200000,0x0000000782200000,0x0000000783a00000)
  to   space 28672K, 0% used [0x0000000786780000,0x0000000786780000,0x0000000788380000)
 ParOldGen       total 282624K, used 52857K [0x00000006c6a00000, 0x00000006d7e00000, 0x000000076ce00000)
  object space 282624K, 18% used [0x00000006c6a00000,0x00000006c9d9e6f0,0x00000006d7e00000)
 Metaspace       used 57268K, capacity 58364K, committed 58540K, reserved 1099776K
  class space    used 8499K, capacity 8765K, committed 8780K, reserved 1048576K
}
Event: 438.081 GC heap before
{Heap before GC invocations=13 (full 3):
 PSYoungGen      total 372736K, used 348160K [0x000000076ce00000, 0x0000000788380000, 0x00000007c0000000)
  eden space 348160K, 100% used [0x000000076ce00000,0x0000000782200000,0x0000000782200000)
  from space 24576K, 0% used [0x0000000782200000,0x0000000782200000,0x0000000783a00000)
  to   space 28672K, 0% used [0x0000000786780000,0x0000000786780000,0x0000000788380000)
 ParOldGen       total 282624K, used 52857K [0x00000006c6a00000, 0x00000006d7e00000, 0x000000076ce00000)
  object space 282624K, 18% used [0x00000006c6a00000,0x00000006c9d9e6f0,0x00000006d7e00000)
 Metaspace       used 59538K, capacity 60822K, committed 61004K, reserved 1101824K
  class space    used 8644K, capacity 8939K, committed 9036K, reserved 1048576K
Event: 438.091 GC heap after
Heap after GC invocations=13 (full 3):
 PSYoungGen      total 418304K, used 2396K [0x000000076ce00000, 0x0000000788f80000, 0x00000007c0000000)
  eden space 389632K, 0% used [0x000000076ce00000,0x000000076ce00000,0x0000000784a80000)
  from space 28672K, 8% used [0x0000000786780000,0x00000007869d72f0,0x0000000788380000)
  to   space 29696K, 0% used [0x0000000784a80000,0x0000000784a80000,0x0000000786780000)
 ParOldGen       total 282624K, used 52865K [0x00000006c6a00000, 0x00000006d7e00000, 0x000000076ce00000)
  object space 282624K, 18% used [0x00000006c6a00000,0x00000006c9da06f0,0x00000006d7e00000)
 Metaspace       used 59538K, capacity 60822K, committed 61004K, reserved 1101824K
  class space    used 8644K, capacity 8939K, committed 9036K, reserved 1048576K
}
Event: 969.791 GC heap before
{Heap before GC invocations=14 (full 3):
 PSYoungGen      total 418304K, used 392028K [0x000000076ce00000, 0x0000000788f80000, 0x00000007c0000000)
  eden space 389632K, 100% used [0x000000076ce00000,0x0000000784a80000,0x0000000784a80000)
  from space 28672K, 8% used [0x0000000786780000,0x00000007869d72f0,0x0000000788380000)
  to   space 29696K, 0% used [0x0000000784a80000,0x0000000784a80000,0x0000000786780000)
 ParOldGen       total 282624K, used 52865K [0x00000006c6a00000, 0x00000006d7e00000, 0x000000076ce00000)
  object space 282624K, 18% used [0x00000006c6a00000,0x00000006c9da06f0,0x00000006d7e00000)
 Metaspace       used 59703K, capacity 60956K, committed 61260K, reserved 1101824K
  class space    used 8645K, capacity 8940K, committed 9036K, reserved 1048576K
Event: 969.800 GC heap after
Heap after GC invocations=14 (full 3):
 PSYoungGen      total 379392K, used 2002K [0x000000076ce00000, 0x0000000787980000, 0x00000007c0000000)
  eden space 377344K, 0% used [0x000000076ce00000,0x000000076ce00000,0x0000000783e80000)
  from space 2048K, 97% used [0x0000000784a80000,0x0000000784c74b58,0x0000000784c80000)
  to   space 30208K, 0% used [0x0000000785c00000,0x0000000785c00000,0x0000000787980000)
 ParOldGen       total 282624K, used 52873K [0x00000006c6a00000, 0x00000006d7e00000, 0x000000076ce00000)
  object space 282624K, 18% used [0x00000006c6a00000,0x00000006c9da26f0,0x00000006d7e00000)
 Metaspace       used 59703K, capacity 60956K, committed 61260K, reserved 1101824K
  class space    used 8645K, capacity 8940K, committed 9036K, reserved 1048576K
}
Event: 1481.126 GC heap before
{Heap before GC invocations=15 (full 3):
 PSYoungGen      total 379392K, used 379346K [0x000000076ce00000, 0x0000000787980000, 0x00000007c0000000)
  eden space 377344K, 100% used [0x000000076ce00000,0x0000000783e80000,0x0000000783e80000)
  from space 2048K, 97% used [0x0000000784a80000,0x0000000784c74b58,0x0000000784c80000)
  to   space 30208K, 0% used [0x0000000785c00000,0x0000000785c00000,0x0000000787980000)
 ParOldGen       total 282624K, used 52873K [0x00000006c6a00000, 0x00000006d7e00000, 0x000000076ce00000)
  object space 282624K, 18% used [0x00000006c6a00000,0x00000006c9da26f0,0x00000006d7e00000)
 Metaspace       used 60094K, capacity 61346K, committed 61516K, reserved 1101824K
  class space    used 8664K, capacity 8941K, committed 9036K, reserved 1048576K
Event: 1481.139 GC heap after
Heap after GC invocations=15 (full 3):
 PSYoungGen      total 384000K, used 2719K [0x000000076ce00000, 0x0000000786e00000, 0x00000007c0000000)
  eden space 365568K, 0% used [0x000000076ce00000,0x000000076ce00000,0x0000000783300000)
  from space 18432K, 14% used [0x0000000785c00000,0x0000000785ea7da8,0x0000000786e00000)
  to   space 30208K, 0% used [0x0000000783300000,0x0000000783300000,0x0000000785080000)
 ParOldGen       total 282624K, used 52881K [0x00000006c6a00000, 0x00000006d7e00000, 0x000000076ce00000)
  object space 282624K, 18% used [0x00000006c6a00000,0x00000006c9da46f0,0x00000006d7e00000)
 Metaspace       used 60094K, capacity 61346K, committed 61516K, reserved 1101824K
  class space    used 8664K, capacity 8941K, committed 9036K, reserved 1048576K
}

