# JRE version: Java(TM) SE Runtime Environment (8.0_20-b17) (build 1.8.0_20-ea-b17)
# Java VM: Java HotSpot(TM) 64-Bit Server VM (25.20-b17 mixed mode linux-amd64 compressed oops)
Heap:
 PSYoungGen      total 243200K, used 104763K [0x000000076ce00000, 0x0000000781b00000, 0x00000007c0000000)
  eden space 227840K, 45% used [0x000000076ce00000,0x000000077344ee48,0x000000077ac80000)
  from space 15360K, 0% used [0x000000077ac80000,0x000000077ac80000,0x000000077bb80000)
  to   space 19456K, 0% used [0x0000000780800000,0x0000000780800000,0x0000000781b00000)
 ParOldGen       total 219136K, used 40050K [0x00000006c6a00000, 0x00000006d4000000, 0x000000076ce00000)
  object space 219136K, 18% used [0x00000006c6a00000,0x00000006c911c888,0x00000006d4000000)
 Metaspace       used 58545K, capacity 59825K, committed 60024K, reserved 1099776K
  class space    used 8421K, capacity 8722K, committed 8832K, reserved 1048576K
GC Heap History (10 events):
Event: 4.714 GC heap before
{Heap before GC invocations=10 (full 2):
 PSYoungGen      total 182784K, used 7828K [0x000000076ce00000, 0x000000077b280000, 0x00000007c0000000)
  eden space 167936K, 0% used [0x000000076ce00000,0x000000076ce00000,0x0000000777200000)
  from space 14848K, 52% used [0x0000000778000000,0x00000007787a5148,0x0000000778e80000)
  to   space 14336K, 0% used [0x0000000777200000,0x0000000777200000,0x0000000778000000)
 ParOldGen       total 117248K, used 12824K [0x00000006c6a00000, 0x00000006cdc80000, 0x000000076ce00000)
  object space 117248K, 10% used [0x00000006c6a00000,0x00000006c76863c8,0x00000006cdc80000)
 Metaspace       used 34585K, capacity 35218K, committed 35320K, reserved 1079296K
  class space    used 4358K, capacity 4540K, committed 4608K, reserved 1048576K
Event: 4.776 GC heap after
Heap after GC invocations=10 (full 2):
 PSYoungGen      total 182784K, used 0K [0x000000076ce00000, 0x000000077b280000, 0x00000007c0000000)
  eden space 167936K, 0% used [0x000000076ce00000,0x000000076ce00000,0x0000000777200000)
  from space 14848K, 0% used [0x0000000778000000,0x0000000778000000,0x0000000778e80000)
  to   space 14336K, 0% used [0x0000000777200000,0x0000000777200000,0x0000000778000000)
 ParOldGen       total 156160K, used 18573K [0x00000006c6a00000, 0x00000006d0280000, 0x000000076ce00000)
  object space 156160K, 11% used [0x00000006c6a00000,0x00000006c7c234c0,0x00000006d0280000)
 Metaspace       used 34585K, capacity 35218K, committed 35320K, reserved 1079296K
  class space    used 4358K, capacity 4540K, committed 4608K, reserved 1048576K
}
Event: 6.037 GC heap before
{Heap before GC invocations=11 (full 2):
 PSYoungGen      total 182784K, used 167936K [0x000000076ce00000, 0x000000077b280000, 0x00000007c0000000)
  eden space 167936K, 100% used [0x000000076ce00000,0x0000000777200000,0x0000000777200000)
  from space 14848K, 0% used [0x0000000778000000,0x0000000778000000,0x0000000778e80000)
  to   space 14336K, 0% used [0x0000000777200000,0x0000000777200000,0x0000000778000000)
 ParOldGen       total 156160K, used 18573K [0x00000006c6a00000, 0x00000006d0280000, 0x000000076ce00000)
  object space 156160K, 11% used [0x00000006c6a00000,0x00000006c7c234c0,0x00000006d0280000)
 Metaspace       used 42553K, capacity 43356K, committed 43512K, reserved 1087488K
  class space    used 6197K, capacity 6367K, committed 6400K, reserved 1048576K
Event: 6.055 GC heap after
Heap after GC invocations=11 (full 2):
 PSYoungGen      total 182272K, used 11611K [0x000000076ce00000, 0x000000077cd00000, 0x00000007c0000000)
  eden space 167936K, 0% used [0x000000076ce00000,0x000000076ce00000,0x0000000777200000)
  from space 14336K, 80% used [0x0000000777200000,0x0000000777d56d40,0x0000000778000000)
  to   space 14848K, 0% used [0x000000077be80000,0x000000077be80000,0x000000077cd00000)
 ParOldGen       total 156160K, used 18581K [0x00000006c6a00000, 0x00000006d0280000, 0x000000076ce00000)
  object space 156160K, 11% used [0x00000006c6a00000,0x00000006c7c254c0,0x00000006d0280000)
 Metaspace       used 42553K, capacity 43356K, committed 43512K, reserved 1087488K
  class space    used 6197K, capacity 6367K, committed 6400K, reserved 1048576K
}
Event: 6.861 GC heap before
{Heap before GC invocations=12 (full 2):
 PSYoungGen      total 182272K, used 179547K [0x000000076ce00000, 0x000000077cd00000, 0x00000007c0000000)
  eden space 167936K, 100% used [0x000000076ce00000,0x0000000777200000,0x0000000777200000)
  from space 14336K, 80% used [0x0000000777200000,0x0000000777d56d40,0x0000000778000000)
  to   space 14848K, 0% used [0x000000077be80000,0x000000077be80000,0x000000077cd00000)
 ParOldGen       total 156160K, used 18581K [0x00000006c6a00000, 0x00000006d0280000, 0x000000076ce00000)
  object space 156160K, 11% used [0x00000006c6a00000,0x00000006c7c254c0,0x00000006d0280000)
 Metaspace       used 47437K, capacity 48224K, committed 48504K, reserved 1091584K
  class space    used 7050K, capacity 7237K, committed 7296K, reserved 1048576K
Event: 6.877 GC heap after
Heap after GC invocations=12 (full 2):
 PSYoungGen      total 240128K, used 11566K [0x000000076ce00000, 0x000000077ca80000, 0x00000007c0000000)
  eden space 227840K, 0% used [0x000000076ce00000,0x000000076ce00000,0x000000077ac80000)
  from space 12288K, 94% used [0x000000077be80000,0x000000077c9cb9d8,0x000000077ca80000)
  to   space 15360K, 0% used [0x000000077ac80000,0x000000077ac80000,0x000000077bb80000)
 ParOldGen       total 156160K, used 18589K [0x00000006c6a00000, 0x00000006d0280000, 0x000000076ce00000)
  object space 156160K, 11% used [0x00000006c6a00000,0x00000006c7c274c0,0x00000006d0280000)
 Metaspace       used 47437K, capacity 48224K, committed 48504K, reserved 1091584K
  class space    used 7050K, capacity 7237K, committed 7296K, reserved 1048576K
}
Event: 12.110 GC heap before
{Heap before GC invocations=13 (full 2):
 PSYoungGen      total 240128K, used 227866K [0x000000076ce00000, 0x000000077ca80000, 0x00000007c0000000)
  eden space 227840K, 94% used [0x000000076ce00000,0x000000077a13af30,0x000000077ac80000)
  from space 12288K, 94% used [0x000000077be80000,0x000000077c9cb9d8,0x000000077ca80000)
  to   space 15360K, 0% used [0x000000077ac80000,0x000000077ac80000,0x000000077bb80000)
 ParOldGen       total 156160K, used 18589K [0x00000006c6a00000, 0x00000006d0280000, 0x000000076ce00000)
  object space 156160K, 11% used [0x00000006c6a00000,0x00000006c7c274c0,0x00000006d0280000)
 Metaspace       used 57521K, capacity 58581K, committed 58700K, reserved 1099776K
  class space    used 8316K, capacity 8585K, committed 8704K, reserved 1048576K
Event: 12.162 GC heap after
Heap after GC invocations=13 (full 2):
 PSYoungGen      total 243200K, used 15331K [0x000000076ce00000, 0x0000000781b00000, 0x00000007c0000000)
  eden space 227840K, 0% used [0x000000076ce00000,0x000000076ce00000,0x000000077ac80000)
  from space 15360K, 99% used [0x000000077ac80000,0x000000077bb78f40,0x000000077bb80000)
  to   space 19456K, 0% used [0x0000000780800000,0x0000000780800000,0x0000000781b00000)
 ParOldGen       total 156160K, used 25892K [0x00000006c6a00000, 0x00000006d0280000, 0x000000076ce00000)
  object space 156160K, 16% used [0x00000006c6a00000,0x00000006c8349238,0x00000006d0280000)
 Metaspace       used 57521K, capacity 58581K, committed 58700K, reserved 1099776K
  class space    used 8316K, capacity 8585K, committed 8704K, reserved 1048576K
}
Event: 12.162 GC heap before
{Heap before GC invocations=14 (full 3):
 PSYoungGen      total 243200K, used 15331K [0x000000076ce00000, 0x0000000781b00000, 0x00000007c0000000)
  eden space 227840K, 0% used [0x000000076ce00000,0x000000076ce00000,0x000000077ac80000)
  from space 15360K, 99% used [0x000000077ac80000,0x000000077bb78f40,0x000000077bb80000)
  to   space 19456K, 0% used [0x0000000780800000,0x0000000780800000,0x0000000781b00000)
 ParOldGen       total 156160K, used 25892K [0x00000006c6a00000, 0x00000006d0280000, 0x000000076ce00000)
  object space 156160K, 16% used [0x00000006c6a00000,0x00000006c8349238,0x00000006d0280000)
 Metaspace       used 57521K, capacity 58581K, committed 58700K, reserved 1099776K
  class space    used 8316K, capacity 8585K, committed 8704K, reserved 1048576K
Event: 12.426 GC heap after
Heap after GC invocations=14 (full 3):
 PSYoungGen      total 243200K, used 0K [0x000000076ce00000, 0x0000000781b00000, 0x00000007c0000000)
  eden space 227840K, 0% used [0x000000076ce00000,0x000000076ce00000,0x000000077ac80000)
  from space 15360K, 0% used [0x000000077ac80000,0x000000077ac80000,0x000000077bb80000)
  to   space 19456K, 0% used [0x0000000780800000,0x0000000780800000,0x0000000781b00000)
 ParOldGen       total 219136K, used 40050K [0x00000006c6a00000, 0x00000006d4000000, 0x000000076ce00000)
  object space 219136K, 18% used [0x00000006c6a00000,0x00000006c911c888,0x00000006d4000000)
 Metaspace       used 57450K, capacity 58483K, committed 58700K, reserved 1099776K
  class space    used 8314K, capacity 8579K, committed 8704K, reserved 1048576K
}

