# JRE version: Java(TM) SE Runtime Environment (8.0_20-b17) (build 1.8.0_20-ea-b17)
# Java VM: Java HotSpot(TM) 64-Bit Server VM (25.20-b17 mixed mode linux-amd64 compressed oops)
Heap:
 PSYoungGen      total 241152K, used 162785K [0x000000076ce00000, 0x0000000781e80000, 0x00000007c0000000)
  eden space 231936K, 66% used [0x000000076ce00000,0x0000000776452088,0x000000077b080000)
  from space 9216K, 96% used [0x0000000780980000,0x0000000781226548,0x0000000781280000)
  to   space 12288K, 0% used [0x0000000781280000,0x0000000781280000,0x0000000781e80000)
 ParOldGen       total 183296K, used 26887K [0x00000006c6a00000, 0x00000006d1d00000, 0x000000076ce00000)
  object space 183296K, 14% used [0x00000006c6a00000,0x00000006c8441c10,0x00000006d1d00000)
 Metaspace       used 52243K, capacity 53422K, committed 53752K, reserved 1095680K
  class space    used 7280K, capacity 7554K, committed 7672K, reserved 1048576K
GC Heap History (10 events):
Event: 36.617 GC heap before
{Heap before GC invocations=9 (full 2):
 PSYoungGen      total 275968K, used 275966K [0x000000076ce00000, 0x0000000784080000, 0x00000007c0000000)
  eden space 262144K, 100% used [0x000000076ce00000,0x000000077ce00000,0x000000077ce00000)
  from space 13824K, 99% used [0x000000077dd80000,0x000000077eaff998,0x000000077eb00000)
  to   space 15872K, 0% used [0x000000077ce00000,0x000000077ce00000,0x000000077dd80000)
 ParOldGen       total 183296K, used 24592K [0x00000006c6a00000, 0x00000006d1d00000, 0x000000076ce00000)
  object space 183296K, 13% used [0x00000006c6a00000,0x00000006c8204258,0x00000006d1d00000)
 Metaspace       used 50419K, capacity 51612K, committed 51832K, reserved 1093632K
  class space    used 7229K, capacity 7503K, committed 7544K, reserved 1048576K
Event: 36.627 GC heap after
Heap after GC invocations=9 (full 2):
 PSYoungGen      total 278016K, used 10850K [0x000000076ce00000, 0x0000000783500000, 0x00000007c0000000)
  eden space 262144K, 0% used [0x000000076ce00000,0x000000076ce00000,0x000000077ce00000)
  from space 15872K, 68% used [0x000000077ce00000,0x000000077d898ac8,0x000000077dd80000)
  to   space 15360K, 0% used [0x0000000782600000,0x0000000782600000,0x0000000783500000)
 ParOldGen       total 183296K, used 24600K [0x00000006c6a00000, 0x00000006d1d00000, 0x000000076ce00000)
  object space 183296K, 13% used [0x00000006c6a00000,0x00000006c8206258,0x00000006d1d00000)
 Metaspace       used 50419K, capacity 51612K, committed 51832K, reserved 1093632K
  class space    used 7229K, capacity 7503K, committed 7544K, reserved 1048576K
}
Event: 609.200 GC heap before
{Heap before GC invocations=10 (full 2):
 PSYoungGen      total 278016K, used 272994K [0x000000076ce00000, 0x0000000783500000, 0x00000007c0000000)
  eden space 262144K, 100% used [0x000000076ce00000,0x000000077ce00000,0x000000077ce00000)
  from space 15872K, 68% used [0x000000077ce00000,0x000000077d898ac8,0x000000077dd80000)
  to   space 15360K, 0% used [0x0000000782600000,0x0000000782600000,0x0000000783500000)
 ParOldGen       total 183296K, used 24600K [0x00000006c6a00000, 0x00000006d1d00000, 0x000000076ce00000)
  object space 183296K, 13% used [0x00000006c6a00000,0x00000006c8206258,0x00000006d1d00000)
 Metaspace       used 51266K, capacity 52446K, committed 52600K, reserved 1093632K
  class space    used 7255K, capacity 7514K, committed 7544K, reserved 1048576K
Event: 609.212 GC heap after
Heap after GC invocations=10 (full 2):
 PSYoungGen      total 265216K, used 10771K [0x000000076ce00000, 0x0000000783100000, 0x00000007c0000000)
  eden space 253952K, 0% used [0x000000076ce00000,0x000000076ce00000,0x000000077c600000)
  from space 11264K, 95% used [0x0000000782600000,0x0000000783084f48,0x0000000783100000)
  to   space 15360K, 0% used [0x0000000781300000,0x0000000781300000,0x0000000782200000)
 ParOldGen       total 183296K, used 24608K [0x00000006c6a00000, 0x00000006d1d00000, 0x000000076ce00000)
  object space 183296K, 13% used [0x00000006c6a00000,0x00000006c8208258,0x00000006d1d00000)
 Metaspace       used 51266K, capacity 52446K, committed 52600K, reserved 1093632K
  class space    used 7255K, capacity 7514K, committed 7544K, reserved 1048576K
}
Event: 1474.897 GC heap before
{Heap before GC invocations=11 (full 2):
 PSYoungGen      total 265216K, used 264723K [0x000000076ce00000, 0x0000000783100000, 0x00000007c0000000)
  eden space 253952K, 100% used [0x000000076ce00000,0x000000077c600000,0x000000077c600000)
  from space 11264K, 95% used [0x0000000782600000,0x0000000783084f48,0x0000000783100000)
  to   space 15360K, 0% used [0x0000000781300000,0x0000000781300000,0x0000000782200000)
 ParOldGen       total 183296K, used 24608K [0x00000006c6a00000, 0x00000006d1d00000, 0x000000076ce00000)
  object space 183296K, 13% used [0x00000006c6a00000,0x00000006c8208258,0x00000006d1d00000)
 Metaspace       used 51547K, capacity 52726K, committed 52856K, reserved 1095680K
  class space    used 7257K, capacity 7518K, committed 7544K, reserved 1048576K
Event: 1474.909 GC heap after
Heap after GC invocations=11 (full 2):
 PSYoungGen      total 257536K, used 10867K [0x000000076ce00000, 0x0000000782680000, 0x00000007c0000000)
  eden space 246272K, 0% used [0x000000076ce00000,0x000000076ce00000,0x000000077be80000)
  from space 11264K, 96% used [0x0000000781300000,0x0000000781d9cf98,0x0000000781e00000)
  to   space 8704K, 0% used [0x0000000781e00000,0x0000000781e00000,0x0000000782680000)
 ParOldGen       total 183296K, used 24616K [0x00000006c6a00000, 0x00000006d1d00000, 0x000000076ce00000)
  object space 183296K, 13% used [0x00000006c6a00000,0x00000006c820a258,0x00000006d1d00000)
 Metaspace       used 51547K, capacity 52726K, committed 52856K, reserved 1095680K
  class space    used 7257K, capacity 7518K, committed 7544K, reserved 1048576K
}
Event: 2322.914 GC heap before
{Heap before GC invocations=12 (full 2):
 PSYoungGen      total 257536K, used 257139K [0x000000076ce00000, 0x0000000782680000, 0x00000007c0000000)
  eden space 246272K, 100% used [0x000000076ce00000,0x000000077be80000,0x000000077be80000)
  from space 11264K, 96% used [0x0000000781300000,0x0000000781d9cf98,0x0000000781e00000)
  to   space 8704K, 0% used [0x0000000781e00000,0x0000000781e00000,0x0000000782680000)
 ParOldGen       total 183296K, used 24616K [0x00000006c6a00000, 0x00000006d1d00000, 0x000000076ce00000)
  object space 183296K, 13% used [0x00000006c6a00000,0x00000006c820a258,0x00000006d1d00000)
 Metaspace       used 51824K, capacity 53046K, committed 53368K, reserved 1095680K
  class space    used 7258K, capacity 7518K, committed 7544K, reserved 1048576K
Event: 2322.925 GC heap after
Heap after GC invocations=12 (full 2):
 PSYoungGen      total 247808K, used 8680K [0x000000076ce00000, 0x0000000782680000, 0x00000007c0000000)
  eden space 239104K, 0% used [0x000000076ce00000,0x000000076ce00000,0x000000077b780000)
  from space 8704K, 99% used [0x0000000781e00000,0x000000078267a1a8,0x0000000782680000)
  to   space 14848K, 0% used [0x0000000780980000,0x0000000780980000,0x0000000781800000)
 ParOldGen       total 183296K, used 26879K [0x00000006c6a00000, 0x00000006d1d00000, 0x000000076ce00000)
  object space 183296K, 14% used [0x00000006c6a00000,0x00000006c843fc10,0x00000006d1d00000)
 Metaspace       used 51824K, capacity 53046K, committed 53368K, reserved 1095680K
  class space    used 7258K, capacity 7518K, committed 7544K, reserved 1048576K
}
Event: 3169.905 GC heap before
{Heap before GC invocations=13 (full 2):
 PSYoungGen      total 247808K, used 247784K [0x000000076ce00000, 0x0000000782680000, 0x00000007c0000000)
  eden space 239104K, 100% used [0x000000076ce00000,0x000000077b780000,0x000000077b780000)
  from space 8704K, 99% used [0x0000000781e00000,0x000000078267a1a8,0x0000000782680000)
  to   space 14848K, 0% used [0x0000000780980000,0x0000000780980000,0x0000000781800000)
 ParOldGen       total 183296K, used 26879K [0x00000006c6a00000, 0x00000006d1d00000, 0x000000076ce00000)
  object space 183296K, 14% used [0x00000006c6a00000,0x00000006c843fc10,0x00000006d1d00000)
 Metaspace       used 51938K, capacity 53174K, committed 53368K, reserved 1095680K
  class space    used 7258K, capacity 7518K, committed 7544K, reserved 1048576K
Event: 3169.919 GC heap after
Heap after GC invocations=13 (full 2):
 PSYoungGen      total 241152K, used 8857K [0x000000076ce00000, 0x0000000781e80000, 0x00000007c0000000)
  eden space 231936K, 0% used [0x000000076ce00000,0x000000076ce00000,0x000000077b080000)
  from space 9216K, 96% used [0x0000000780980000,0x0000000781226548,0x0000000781280000)
  to   space 12288K, 0% used [0x0000000781280000,0x0000000781280000,0x0000000781e80000)
 ParOldGen       total 183296K, used 26887K [0x00000006c6a00000, 0x00000006d1d00000, 0x000000076ce00000)
  object space 183296K, 14% used [0x00000006c6a00000,0x00000006c8441c10,0x00000006d1d00000)
 Metaspace       used 51938K, capacity 53174K, committed 53368K, reserved 1095680K
  class space    used 7258K, capacity 7518K, committed 7544K, reserved 1048576K
}

