# JRE version: Java(TM) SE Runtime Environment (8.0_20-b17) (build 1.8.0_20-ea-b17)
# Java VM: Java HotSpot(TM) 64-Bit Server VM (25.20-b17 mixed mode linux-amd64 compressed oops)
Heap:
 PSYoungGen      total 393728K, used 73911K [0x000000076ce00000, 0x0000000787000000, 0x00000007c0000000)
  eden space 378368K, 15% used [0x000000076ce00000,0x0000000770731ec8,0x0000000783f80000)
  from space 15360K, 99% used [0x0000000786100000,0x0000000786ffbe98,0x0000000787000000)
  to   space 18432K, 0% used [0x0000000784c00000,0x0000000784c00000,0x0000000785e00000)
 ParOldGen       total 173056K, used 27406K [0x00000006c6a00000, 0x00000006d1300000, 0x000000076ce00000)
  object space 173056K, 15% used [0x00000006c6a00000,0x00000006c84c3818,0x00000006d1300000)
 Metaspace       used 53898K, capacity 55014K, committed 55168K, reserved 1097728K
  class space    used 7460K, capacity 7744K, committed 7808K, reserved 1048576K
GC Heap History (10 events):
Event: 4.454 GC heap before
{Heap before GC invocations=6 (full 1):
 PSYoungGen      total 202240K, used 201971K [0x000000076ce00000, 0x000000077dd00000, 0x00000007c0000000)
  eden space 193024K, 100% used [0x000000076ce00000,0x0000000778a80000,0x0000000778a80000)
  from space 9216K, 97% used [0x000000077d400000,0x000000077dcbccc0,0x000000077dd00000)
  to   space 10240K, 0% used [0x000000077c900000,0x000000077c900000,0x000000077d300000)
 ParOldGen       total 110080K, used 12781K [0x00000006c6a00000, 0x00000006cd580000, 0x000000076ce00000)
  object space 110080K, 11% used [0x00000006c6a00000,0x00000006c767b6a0,0x00000006cd580000)
 Metaspace       used 29109K, capacity 29534K, committed 29824K, reserved 1075200K
  class space    used 3253K, capacity 3390K, committed 3456K, reserved 1048576K
Event: 4.461 GC heap after
Heap after GC invocations=6 (full 1):
 PSYoungGen      total 267264K, used 6101K [0x000000076ce00000, 0x000000077ff80000, 0x00000007c0000000)
  eden space 257024K, 0% used [0x000000076ce00000,0x000000076ce00000,0x000000077c900000)
  from space 10240K, 59% used [0x000000077c900000,0x000000077cef5610,0x000000077d300000)
  to   space 14848K, 0% used [0x000000077f100000,0x000000077f100000,0x000000077ff80000)
 ParOldGen       total 110080K, used 12789K [0x00000006c6a00000, 0x00000006cd580000, 0x000000076ce00000)
  object space 110080K, 11% used [0x00000006c6a00000,0x00000006c767d6a0,0x00000006cd580000)
 Metaspace       used 29109K, capacity 29534K, committed 29824K, reserved 1075200K
  class space    used 3253K, capacity 3390K, committed 3456K, reserved 1048576K
}
Event: 5.097 GC heap before
{Heap before GC invocations=7 (full 1):
 PSYoungGen      total 267264K, used 94565K [0x000000076ce00000, 0x000000077ff80000, 0x00000007c0000000)
  eden space 257024K, 34% used [0x000000076ce00000,0x0000000772463eb8,0x000000077c900000)
  from space 10240K, 59% used [0x000000077c900000,0x000000077cef5610,0x000000077d300000)
  to   space 14848K, 0% used [0x000000077f100000,0x000000077f100000,0x000000077ff80000)
 ParOldGen       total 110080K, used 12789K [0x00000006c6a00000, 0x00000006cd580000, 0x000000076ce00000)
  object space 110080K, 11% used [0x00000006c6a00000,0x00000006c767d6a0,0x00000006cd580000)
 Metaspace       used 34684K, capacity 35088K, committed 35320K, reserved 1079296K
  class space    used 4597K, capacity 4706K, committed 4736K, reserved 1048576K
Event: 5.109 GC heap after
Heap after GC invocations=7 (full 1):
 PSYoungGen      total 296960K, used 13122K [0x000000076ce00000, 0x0000000785d80000, 0x00000007c0000000)
  eden space 282112K, 0% used [0x000000076ce00000,0x000000076ce00000,0x000000077e180000)
  from space 14848K, 88% used [0x000000077f100000,0x000000077fdd0ab0,0x000000077ff80000)
  to   space 15872K, 0% used [0x000000077e180000,0x000000077e180000,0x000000077f100000)
 ParOldGen       total 110080K, used 12797K [0x00000006c6a00000, 0x00000006cd580000, 0x000000076ce00000)
  object space 110080K, 11% used [0x00000006c6a00000,0x00000006c767f6a0,0x00000006cd580000)
 Metaspace       used 34684K, capacity 35088K, committed 35320K, reserved 1079296K
  class space    used 4597K, capacity 4706K, committed 4736K, reserved 1048576K
}
Event: 5.109 GC heap before
{Heap before GC invocations=8 (full 2):
 PSYoungGen      total 296960K, used 13122K [0x000000076ce00000, 0x0000000785d80000, 0x00000007c0000000)
  eden space 282112K, 0% used [0x000000076ce00000,0x000000076ce00000,0x000000077e180000)
  from space 14848K, 88% used [0x000000077f100000,0x000000077fdd0ab0,0x000000077ff80000)
  to   space 15872K, 0% used [0x000000077e180000,0x000000077e180000,0x000000077f100000)
 ParOldGen       total 110080K, used 12797K [0x00000006c6a00000, 0x00000006cd580000, 0x000000076ce00000)
  object space 110080K, 11% used [0x00000006c6a00000,0x00000006c767f6a0,0x00000006cd580000)
 Metaspace       used 34684K, capacity 35088K, committed 35320K, reserved 1079296K
  class space    used 4597K, capacity 4706K, committed 4736K, reserved 1048576K
Event: 5.176 GC heap after
Heap after GC invocations=8 (full 2):
 PSYoungGen      total 296960K, used 0K [0x000000076ce00000, 0x0000000785d80000, 0x00000007c0000000)
  eden space 282112K, 0% used [0x000000076ce00000,0x000000076ce00000,0x000000077e180000)
  from space 14848K, 0% used [0x000000077f100000,0x000000077f100000,0x000000077ff80000)
  to   space 15872K, 0% used [0x000000077e180000,0x000000077e180000,0x000000077f100000)
 ParOldGen       total 173056K, used 23627K [0x00000006c6a00000, 0x00000006d1300000, 0x000000076ce00000)
  object space 173056K, 13% used [0x00000006c6a00000,0x00000006c8112f28,0x00000006d1300000)
 Metaspace       used 34684K, capacity 35088K, committed 35320K, reserved 1079296K
  class space    used 4597K, capacity 4706K, committed 4736K, reserved 1048576K
}
Event: 7.090 GC heap before
{Heap before GC invocations=9 (full 2):
 PSYoungGen      total 296960K, used 282112K [0x000000076ce00000, 0x0000000785d80000, 0x00000007c0000000)
  eden space 282112K, 100% used [0x000000076ce00000,0x000000077e180000,0x000000077e180000)
  from space 14848K, 0% used [0x000000077f100000,0x000000077f100000,0x000000077ff80000)
  to   space 15872K, 0% used [0x000000077e180000,0x000000077e180000,0x000000077f100000)
 ParOldGen       total 173056K, used 23627K [0x00000006c6a00000, 0x00000006d1300000, 0x000000076ce00000)
  object space 173056K, 13% used [0x00000006c6a00000,0x00000006c8112f28,0x00000006d1300000)
 Metaspace       used 42347K, capacity 42868K, committed 43136K, reserved 1085440K
  class space    used 6067K, capacity 6195K, committed 6272K, reserved 1048576K
Event: 7.103 GC heap after
Heap after GC invocations=9 (full 2):
 PSYoungGen      total 297984K, used 10890K [0x000000076ce00000, 0x0000000787000000, 0x00000007c0000000)
  eden space 282112K, 0% used [0x000000076ce00000,0x000000076ce00000,0x000000077e180000)
  from space 15872K, 68% used [0x000000077e180000,0x000000077ec22868,0x000000077f100000)
  to   space 15360K, 0% used [0x0000000786100000,0x0000000786100000,0x0000000787000000)
 ParOldGen       total 173056K, used 23635K [0x00000006c6a00000, 0x00000006d1300000, 0x000000076ce00000)
  object space 173056K, 13% used [0x00000006c6a00000,0x00000006c8114f28,0x00000006d1300000)
 Metaspace       used 42347K, capacity 42868K, committed 43136K, reserved 1085440K
  class space    used 6067K, capacity 6195K, committed 6272K, reserved 1048576K
}
Event: 129.991 GC heap before
{Heap before GC invocations=10 (full 2):
 PSYoungGen      total 297984K, used 293002K [0x000000076ce00000, 0x0000000787000000, 0x00000007c0000000)
  eden space 282112K, 100% used [0x000000076ce00000,0x000000077e180000,0x000000077e180000)
  from space 15872K, 68% used [0x000000077e180000,0x000000077ec22868,0x000000077f100000)
  to   space 15360K, 0% used [0x0000000786100000,0x0000000786100000,0x0000000787000000)
 ParOldGen       total 173056K, used 23635K [0x00000006c6a00000, 0x00000006d1300000, 0x000000076ce00000)
  object space 173056K, 13% used [0x00000006c6a00000,0x00000006c8114f28,0x00000006d1300000)
 Metaspace       used 53713K, capacity 54798K, committed 55040K, reserved 1097728K
  class space    used 7437K, capacity 7676K, committed 7680K, reserved 1048576K
Event: 130.009 GC heap after
Heap after GC invocations=10 (full 2):
 PSYoungGen      total 393728K, used 15343K [0x000000076ce00000, 0x0000000787000000, 0x00000007c0000000)
  eden space 378368K, 0% used [0x000000076ce00000,0x000000076ce00000,0x0000000783f80000)
  from space 15360K, 99% used [0x0000000786100000,0x0000000786ffbe98,0x0000000787000000)
  to   space 18432K, 0% used [0x0000000784c00000,0x0000000784c00000,0x0000000785e00000)
 ParOldGen       total 173056K, used 27406K [0x00000006c6a00000, 0x00000006d1300000, 0x000000076ce00000)
  object space 173056K, 15% used [0x00000006c6a00000,0x00000006c84c3818,0x00000006d1300000)
 Metaspace       used 53713K, capacity 54798K, committed 55040K, reserved 1097728K
  class space    used 7437K, capacity 7676K, committed 7680K, reserved 1048576K
}

