# JRE version: Java(TM) SE Runtime Environment (8.0_20-b17) (build 1.8.0_20-ea-b17)
# Java VM: Java HotSpot(TM) 64-Bit Server VM (25.20-b17 mixed mode linux-amd64 compressed oops)
Heap:
 PSYoungGen      total 44032K, used 11402K [0x000000076ce00000, 0x000000076fa00000, 0x00000007c0000000)
  eden space 43008K, 25% used [0x000000076ce00000,0x000000076d89cd18,0x000000076f800000)
  from space 1024K, 52% used [0x000000076f800000,0x000000076f885ca0,0x000000076f900000)
  to   space 1024K, 0% used [0x000000076f900000,0x000000076f900000,0x000000076fa00000)
 ParOldGen       total 261120K, used 103805K [0x00000006c6a00000, 0x00000006d6900000, 0x000000076ce00000)
  object space 261120K, 39% used [0x00000006c6a00000,0x00000006ccf5f758,0x00000006d6900000)
 Metaspace       used 65029K, capacity 67094K, committed 67428K, reserved 1107968K
  class space    used 9071K, capacity 9520K, committed 9572K, reserved 1048576K
GC Heap History (10 events):
Event: 20957.999 GC heap before
{Heap before GC invocations=2064 (full 3):
 PSYoungGen      total 44032K, used 43510K [0x000000076ce00000, 0x000000076fa00000, 0x00000007c0000000)
  eden space 43008K, 100% used [0x000000076ce00000,0x000000076f800000,0x000000076f800000)
  from space 1024K, 49% used [0x000000076f900000,0x000000076f97db90,0x000000076fa00000)
  to   space 1024K, 0% used [0x000000076f800000,0x000000076f800000,0x000000076f900000)
 ParOldGen       total 261120K, used 103685K [0x00000006c6a00000, 0x00000006d6900000, 0x000000076ce00000)
  object space 261120K, 39% used [0x00000006c6a00000,0x00000006ccf41758,0x00000006d6900000)
 Metaspace       used 64905K, capacity 67006K, committed 67172K, reserved 1107968K
  class space    used 9055K, capacity 9516K, committed 9572K, reserved 1048576K
Event: 20958.003 GC heap after
Heap after GC invocations=2064 (full 3):
 PSYoungGen      total 44032K, used 719K [0x000000076ce00000, 0x000000076fa00000, 0x00000007c0000000)
  eden space 43008K, 0% used [0x000000076ce00000,0x000000076ce00000,0x000000076f800000)
  from space 1024K, 70% used [0x000000076f800000,0x000000076f8b3c30,0x000000076f900000)
  to   space 1024K, 0% used [0x000000076f900000,0x000000076f900000,0x000000076fa00000)
 ParOldGen       total 261120K, used 103709K [0x00000006c6a00000, 0x00000006d6900000, 0x000000076ce00000)
  object space 261120K, 39% used [0x00000006c6a00000,0x00000006ccf47758,0x00000006d6900000)
 Metaspace       used 64905K, capacity 67006K, committed 67172K, reserved 1107968K
  class space    used 9055K, capacity 9516K, committed 9572K, reserved 1048576K
}
Event: 20967.006 GC heap before
{Heap before GC invocations=2065 (full 3):
 PSYoungGen      total 44032K, used 43727K [0x000000076ce00000, 0x000000076fa00000, 0x00000007c0000000)
  eden space 43008K, 100% used [0x000000076ce00000,0x000000076f800000,0x000000076f800000)
  from space 1024K, 70% used [0x000000076f800000,0x000000076f8b3c30,0x000000076f900000)
  to   space 1024K, 0% used [0x000000076f900000,0x000000076f900000,0x000000076fa00000)
 ParOldGen       total 261120K, used 103709K [0x00000006c6a00000, 0x00000006d6900000, 0x000000076ce00000)
  object space 261120K, 39% used [0x00000006c6a00000,0x00000006ccf47758,0x00000006d6900000)
 Metaspace       used 64905K, capacity 67006K, committed 67172K, reserved 1107968K
  class space    used 9055K, capacity 9516K, committed 9572K, reserved 1048576K
Event: 20967.008 GC heap after
Heap after GC invocations=2065 (full 3):
 PSYoungGen      total 44032K, used 438K [0x000000076ce00000, 0x000000076fa00000, 0x00000007c0000000)
  eden space 43008K, 0% used [0x000000076ce00000,0x000000076ce00000,0x000000076f800000)
  from space 1024K, 42% used [0x000000076f900000,0x000000076f96db90,0x000000076fa00000)
  to   space 1024K, 0% used [0x000000076f800000,0x000000076f800000,0x000000076f900000)
 ParOldGen       total 261120K, used 103733K [0x00000006c6a00000, 0x00000006d6900000, 0x000000076ce00000)
  object space 261120K, 39% used [0x00000006c6a00000,0x00000006ccf4d758,0x00000006d6900000)
 Metaspace       used 64905K, capacity 67006K, committed 67172K, reserved 1107968K
  class space    used 9055K, capacity 9516K, committed 9572K, reserved 1048576K
}
Event: 20977.988 GC heap before
{Heap before GC invocations=2066 (full 3):
 PSYoungGen      total 44032K, used 43446K [0x000000076ce00000, 0x000000076fa00000, 0x00000007c0000000)
  eden space 43008K, 100% used [0x000000076ce00000,0x000000076f800000,0x000000076f800000)
  from space 1024K, 42% used [0x000000076f900000,0x000000076f96db90,0x000000076fa00000)
  to   space 1024K, 0% used [0x000000076f800000,0x000000076f800000,0x000000076f900000)
 ParOldGen       total 261120K, used 103733K [0x00000006c6a00000, 0x00000006d6900000, 0x000000076ce00000)
  object space 261120K, 39% used [0x00000006c6a00000,0x00000006ccf4d758,0x00000006d6900000)
 Metaspace       used 64905K, capacity 67006K, committed 67172K, reserved 1107968K
  class space    used 9055K, capacity 9516K, committed 9572K, reserved 1048576K
Event: 20977.991 GC heap after
Heap after GC invocations=2066 (full 3):
 PSYoungGen      total 44032K, used 599K [0x000000076ce00000, 0x000000076fa00000, 0x00000007c0000000)
  eden space 43008K, 0% used [0x000000076ce00000,0x000000076ce00000,0x000000076f800000)
  from space 1024K, 58% used [0x000000076f800000,0x000000076f895ca0,0x000000076f900000)
  to   space 1024K, 0% used [0x000000076f900000,0x000000076f900000,0x000000076fa00000)
 ParOldGen       total 261120K, used 103757K [0x00000006c6a00000, 0x00000006d6900000, 0x000000076ce00000)
  object space 261120K, 39% used [0x00000006c6a00000,0x00000006ccf53758,0x00000006d6900000)
 Metaspace       used 64905K, capacity 67006K, committed 67172K, reserved 1107968K
  class space    used 9055K, capacity 9516K, committed 9572K, reserved 1048576K
}
Event: 20987.977 GC heap before
{Heap before GC invocations=2067 (full 3):
 PSYoungGen      total 44032K, used 43607K [0x000000076ce00000, 0x000000076fa00000, 0x00000007c0000000)
  eden space 43008K, 100% used [0x000000076ce00000,0x000000076f800000,0x000000076f800000)
  from space 1024K, 58% used [0x000000076f800000,0x000000076f895ca0,0x000000076f900000)
  to   space 1024K, 0% used [0x000000076f900000,0x000000076f900000,0x000000076fa00000)
 ParOldGen       total 261120K, used 103757K [0x00000006c6a00000, 0x00000006d6900000, 0x000000076ce00000)
  object space 261120K, 39% used [0x00000006c6a00000,0x00000006ccf53758,0x00000006d6900000)
 Metaspace       used 64905K, capacity 67006K, committed 67172K, reserved 1107968K
  class space    used 9055K, capacity 9516K, committed 9572K, reserved 1048576K
Event: 20987.983 GC heap after
Heap after GC invocations=2067 (full 3):
 PSYoungGen      total 44032K, used 534K [0x000000076ce00000, 0x000000076fa00000, 0x00000007c0000000)
  eden space 43008K, 0% used [0x000000076ce00000,0x000000076ce00000,0x000000076f800000)
  from space 1024K, 52% used [0x000000076f900000,0x000000076f985b90,0x000000076fa00000)
  to   space 1024K, 0% used [0x000000076f800000,0x000000076f800000,0x000000076f900000)
 ParOldGen       total 261120K, used 103797K [0x00000006c6a00000, 0x00000006d6900000, 0x000000076ce00000)
  object space 261120K, 39% used [0x00000006c6a00000,0x00000006ccf5d758,0x00000006d6900000)
 Metaspace       used 64905K, capacity 67006K, committed 67172K, reserved 1107968K
  class space    used 9055K, capacity 9516K, committed 9572K, reserved 1048576K
}
Event: 20996.990 GC heap before
{Heap before GC invocations=2068 (full 3):
 PSYoungGen      total 44032K, used 43542K [0x000000076ce00000, 0x000000076fa00000, 0x00000007c0000000)
  eden space 43008K, 100% used [0x000000076ce00000,0x000000076f800000,0x000000076f800000)
  from space 1024K, 52% used [0x000000076f900000,0x000000076f985b90,0x000000076fa00000)
  to   space 1024K, 0% used [0x000000076f800000,0x000000076f800000,0x000000076f900000)
 ParOldGen       total 261120K, used 103797K [0x00000006c6a00000, 0x00000006d6900000, 0x000000076ce00000)
  object space 261120K, 39% used [0x00000006c6a00000,0x00000006ccf5d758,0x00000006d6900000)
 Metaspace       used 64908K, capacity 67006K, committed 67172K, reserved 1107968K
  class space    used 9056K, capacity 9516K, committed 9572K, reserved 1048576K
Event: 20996.994 GC heap after
Heap after GC invocations=2068 (full 3):
 PSYoungGen      total 44032K, used 535K [0x000000076ce00000, 0x000000076fa00000, 0x00000007c0000000)
  eden space 43008K, 0% used [0x000000076ce00000,0x000000076ce00000,0x000000076f800000)
  from space 1024K, 52% used [0x000000076f800000,0x000000076f885ca0,0x000000076f900000)
  to   space 1024K, 0% used [0x000000076f900000,0x000000076f900000,0x000000076fa00000)
 ParOldGen       total 261120K, used 103805K [0x00000006c6a00000, 0x00000006d6900000, 0x000000076ce00000)
  object space 261120K, 39% used [0x00000006c6a00000,0x00000006ccf5f758,0x00000006d6900000)
 Metaspace       used 64908K, capacity 67006K, committed 67172K, reserved 1107968K
  class space    used 9056K, capacity 9516K, committed 9572K, reserved 1048576K
}

