# JRE version: Java(TM) SE Runtime Environment (8.0_20-b17) (build 1.8.0_20-ea-b17)
# Java VM: Java HotSpot(TM) 64-Bit Server VM (25.20-b17 mixed mode linux-amd64 compressed oops)
Heap:
 PSYoungGen      total 451584K, used 144665K [0x000000076ce00000, 0x000000078e200000, 0x00000007c0000000)
  eden space 431616K, 33% used [0x000000076ce00000,0x0000000775b464f8,0x0000000787380000)
  from space 19968K, 0% used [0x0000000787380000,0x0000000787380000,0x0000000788700000)
  to   space 20480K, 0% used [0x000000078ce00000,0x000000078ce00000,0x000000078e200000)
 ParOldGen       total 227840K, used 34064K [0x00000006c6a00000, 0x00000006d4880000, 0x000000076ce00000)
  object space 227840K, 14% used [0x00000006c6a00000,0x00000006c8b44168,0x00000006d4880000)
 Metaspace       used 57812K, capacity 59054K, committed 59392K, reserved 1099776K
  class space    used 8319K, capacity 8605K, committed 8704K, reserved 1048576K
GC Heap History (10 events):
Event: 4.793 GC heap before
{Heap before GC invocations=8 (full 2):
 PSYoungGen      total 320512K, used 13247K [0x000000076ce00000, 0x0000000787380000, 0x00000007c0000000)
  eden space 305664K, 0% used [0x000000076ce00000,0x000000076ce00000,0x000000077f880000)
  from space 14848K, 89% used [0x0000000780800000,0x00000007814eff20,0x0000000781680000)
  to   space 15872K, 0% used [0x000000077f880000,0x000000077f880000,0x0000000780800000)
 ParOldGen       total 106496K, used 12814K [0x00000006c6a00000, 0x00000006cd200000, 0x000000076ce00000)
  object space 106496K, 12% used [0x00000006c6a00000,0x00000006c7683898,0x00000006cd200000)
 Metaspace       used 34747K, capacity 35096K, committed 35264K, reserved 1079296K
  class space    used 4533K, capacity 4669K, committed 4736K, reserved 1048576K
Event: 4.863 GC heap after
Heap after GC invocations=8 (full 2):
 PSYoungGen      total 320512K, used 0K [0x000000076ce00000, 0x0000000787380000, 0x00000007c0000000)
  eden space 305664K, 0% used [0x000000076ce00000,0x000000076ce00000,0x000000077f880000)
  from space 14848K, 0% used [0x0000000780800000,0x0000000780800000,0x0000000781680000)
  to   space 15872K, 0% used [0x000000077f880000,0x000000077f880000,0x0000000780800000)
 ParOldGen       total 164864K, used 23723K [0x00000006c6a00000, 0x00000006d0b00000, 0x000000076ce00000)
  object space 164864K, 14% used [0x00000006c6a00000,0x00000006c812af68,0x00000006d0b00000)
 Metaspace       used 34747K, capacity 35096K, committed 35264K, reserved 1079296K
  class space    used 4533K, capacity 4669K, committed 4736K, reserved 1048576K
}
Event: 6.702 GC heap before
{Heap before GC invocations=9 (full 2):
 PSYoungGen      total 320512K, used 305664K [0x000000076ce00000, 0x0000000787380000, 0x00000007c0000000)
  eden space 305664K, 100% used [0x000000076ce00000,0x000000077f880000,0x000000077f880000)
  from space 14848K, 0% used [0x0000000780800000,0x0000000780800000,0x0000000781680000)
  to   space 15872K, 0% used [0x000000077f880000,0x000000077f880000,0x0000000780800000)
 ParOldGen       total 164864K, used 23723K [0x00000006c6a00000, 0x00000006d0b00000, 0x000000076ce00000)
  object space 164864K, 14% used [0x00000006c6a00000,0x00000006c812af68,0x00000006d0b00000)
 Metaspace       used 45154K, capacity 45954K, committed 46208K, reserved 1089536K
  class space    used 6522K, capacity 6720K, committed 6784K, reserved 1048576K
Event: 6.715 GC heap after
Heap after GC invocations=9 (full 2):
 PSYoungGen      total 321536K, used 12639K [0x000000076ce00000, 0x0000000789a80000, 0x00000007c0000000)
  eden space 305664K, 0% used [0x000000076ce00000,0x000000076ce00000,0x000000077f880000)
  from space 15872K, 79% used [0x000000077f880000,0x00000007804d7d08,0x0000000780800000)
  to   space 16384K, 0% used [0x0000000788a80000,0x0000000788a80000,0x0000000789a80000)
 ParOldGen       total 164864K, used 23731K [0x00000006c6a00000, 0x00000006d0b00000, 0x000000076ce00000)
  object space 164864K, 14% used [0x00000006c6a00000,0x00000006c812cf68,0x00000006d0b00000)
 Metaspace       used 45154K, capacity 45954K, committed 46208K, reserved 1089536K
  class space    used 6522K, capacity 6720K, committed 6784K, reserved 1048576K
}
Event: 26.098 GC heap before
{Heap before GC invocations=10 (full 2):
 PSYoungGen      total 321536K, used 318303K [0x000000076ce00000, 0x0000000789a80000, 0x00000007c0000000)
  eden space 305664K, 100% used [0x000000076ce00000,0x000000077f880000,0x000000077f880000)
  from space 15872K, 79% used [0x000000077f880000,0x00000007804d7d08,0x0000000780800000)
  to   space 16384K, 0% used [0x0000000788a80000,0x0000000788a80000,0x0000000789a80000)
 ParOldGen       total 164864K, used 23731K [0x00000006c6a00000, 0x00000006d0b00000, 0x000000076ce00000)
  object space 164864K, 14% used [0x00000006c6a00000,0x00000006c812cf68,0x00000006d0b00000)
 Metaspace       used 56933K, capacity 58088K, committed 58240K, reserved 1099776K
  class space    used 8254K, capacity 8534K, committed 8576K, reserved 1048576K
Event: 26.120 GC heap after
Heap after GC invocations=10 (full 2):
 PSYoungGen      total 435712K, used 16356K [0x000000076ce00000, 0x0000000789a80000, 0x00000007c0000000)
  eden space 419328K, 0% used [0x000000076ce00000,0x000000076ce00000,0x0000000786780000)
  from space 16384K, 99% used [0x0000000788a80000,0x0000000789a790e8,0x0000000789a80000)
  to   space 19968K, 0% used [0x0000000787380000,0x0000000787380000,0x0000000788700000)
 ParOldGen       total 164864K, used 28376K [0x00000006c6a00000, 0x00000006d0b00000, 0x000000076ce00000)
  object space 164864K, 17% used [0x00000006c6a00000,0x00000006c85b6270,0x00000006d0b00000)
 Metaspace       used 56933K, capacity 58088K, committed 58240K, reserved 1099776K
  class space    used 8254K, capacity 8534K, committed 8576K, reserved 1048576K
}
Event: 29.268 GC heap before
{Heap before GC invocations=11 (full 2):
 PSYoungGen      total 435712K, used 49296K [0x000000076ce00000, 0x0000000789a80000, 0x00000007c0000000)
  eden space 419328K, 7% used [0x000000076ce00000,0x000000076ee2b0c8,0x0000000786780000)
  from space 16384K, 99% used [0x0000000788a80000,0x0000000789a790e8,0x0000000789a80000)
  to   space 19968K, 0% used [0x0000000787380000,0x0000000787380000,0x0000000788700000)
 ParOldGen       total 164864K, used 28376K [0x00000006c6a00000, 0x00000006d0b00000, 0x000000076ce00000)
  object space 164864K, 17% used [0x00000006c6a00000,0x00000006c85b6270,0x00000006d0b00000)
 Metaspace       used 57213K, capacity 58436K, committed 58496K, reserved 1099776K
  class space    used 8284K, capacity 8560K, committed 8576K, reserved 1048576K
Event: 29.284 GC heap after
Heap after GC invocations=11 (full 2):
 PSYoungGen      total 451584K, used 14564K [0x000000076ce00000, 0x000000078e200000, 0x00000007c0000000)
  eden space 431616K, 0% used [0x000000076ce00000,0x000000076ce00000,0x0000000787380000)
  from space 19968K, 72% used [0x0000000787380000,0x00000007881b92c8,0x0000000788700000)
  to   space 20480K, 0% used [0x000000078ce00000,0x000000078ce00000,0x000000078e200000)
 ParOldGen       total 164864K, used 28384K [0x00000006c6a00000, 0x00000006d0b00000, 0x000000076ce00000)
  object space 164864K, 17% used [0x00000006c6a00000,0x00000006c85b8270,0x00000006d0b00000)
 Metaspace       used 57213K, capacity 58436K, committed 58496K, reserved 1099776K
  class space    used 8284K, capacity 8560K, committed 8576K, reserved 1048576K
}
Event: 29.284 GC heap before
{Heap before GC invocations=12 (full 3):
 PSYoungGen      total 451584K, used 14564K [0x000000076ce00000, 0x000000078e200000, 0x00000007c0000000)
  eden space 431616K, 0% used [0x000000076ce00000,0x000000076ce00000,0x0000000787380000)
  from space 19968K, 72% used [0x0000000787380000,0x00000007881b92c8,0x0000000788700000)
  to   space 20480K, 0% used [0x000000078ce00000,0x000000078ce00000,0x000000078e200000)
 ParOldGen       total 164864K, used 28384K [0x00000006c6a00000, 0x00000006d0b00000, 0x000000076ce00000)
  object space 164864K, 17% used [0x00000006c6a00000,0x00000006c85b8270,0x00000006d0b00000)
 Metaspace       used 57213K, capacity 58436K, committed 58496K, reserved 1099776K
  class space    used 8284K, capacity 8560K, committed 8576K, reserved 1048576K
Event: 29.482 GC heap after
Heap after GC invocations=12 (full 3):
 PSYoungGen      total 451584K, used 0K [0x000000076ce00000, 0x000000078e200000, 0x00000007c0000000)
  eden space 431616K, 0% used [0x000000076ce00000,0x000000076ce00000,0x0000000787380000)
  from space 19968K, 0% used [0x0000000787380000,0x0000000787380000,0x0000000788700000)
  to   space 20480K, 0% used [0x000000078ce00000,0x000000078ce00000,0x000000078e200000)
 ParOldGen       total 227840K, used 34064K [0x00000006c6a00000, 0x00000006d4880000, 0x000000076ce00000)
  object space 227840K, 14% used [0x00000006c6a00000,0x00000006c8b44168,0x00000006d4880000)
 Metaspace       used 57191K, capacity 58408K, committed 58496K, reserved 1099776K
  class space    used 8282K, capacity 8556K, committed 8576K, reserved 1048576K
}

