# JRE version: Java(TM) SE Runtime Environment (8.0_20-b17) (build 1.8.0_20-ea-b17)
# Java VM: Java HotSpot(TM) 64-Bit Server VM (25.20-b17 mixed mode linux-amd64 compressed oops)
Heap:
 PSYoungGen      total 365056K, used 100180K [0x000000076ce00000, 0x000000078b900000, 0x00000007c0000000)
  eden space 344576K, 28% used [0x000000076ce00000,0x0000000772c50e90,0x0000000781e80000)
  from space 20480K, 17% used [0x0000000781e80000,0x00000007822044f0,0x0000000783280000)
  to   space 20480K, 0% used [0x000000078a500000,0x000000078a500000,0x000000078b900000)
 ParOldGen       total 184320K, used 39352K [0x00000006c6a00000, 0x00000006d1e00000, 0x000000076ce00000)
  object space 184320K, 21% used [0x00000006c6a00000,0x00000006c906e198,0x00000006d1e00000)
 Metaspace       used 59087K, capacity 60400K, committed 60648K, reserved 1101824K
  class space    used 8359K, capacity 8657K, committed 8704K, reserved 1048576K
GC Heap History (10 events):
Event: 7.696 GC heap before
{Heap before GC invocations=12 (full 2):
 PSYoungGen      total 188416K, used 179143K [0x000000076ce00000, 0x000000077e300000, 0x00000007c0000000)
  eden space 173056K, 100% used [0x000000076ce00000,0x0000000777700000,0x0000000777700000)
  from space 15360K, 39% used [0x0000000777700000,0x0000000777cf1e10,0x0000000778600000)
  to   space 15360K, 0% used [0x000000077d400000,0x000000077d400000,0x000000077e300000)
 ParOldGen       total 142848K, used 20326K [0x00000006c6a00000, 0x00000006cf580000, 0x000000076ce00000)
  object space 142848K, 14% used [0x00000006c6a00000,0x00000006c7dd9a90,0x00000006cf580000)
 Metaspace       used 49557K, capacity 50170K, committed 50560K, reserved 1093632K
  class space    used 7134K, capacity 7268K, committed 7296K, reserved 1048576K
Event: 7.710 GC heap after
Heap after GC invocations=12 (full 2):
 PSYoungGen      total 262656K, used 14823K [0x000000076ce00000, 0x000000077e280000, 0x00000007c0000000)
  eden space 247808K, 0% used [0x000000076ce00000,0x000000076ce00000,0x000000077c000000)
  from space 14848K, 99% used [0x000000077d400000,0x000000077e279c18,0x000000077e280000)
  to   space 16896K, 0% used [0x000000077c180000,0x000000077c180000,0x000000077d200000)
 ParOldGen       total 142848K, used 20334K [0x00000006c6a00000, 0x00000006cf580000, 0x000000076ce00000)
  object space 142848K, 14% used [0x00000006c6a00000,0x00000006c7ddba90,0x00000006cf580000)
 Metaspace       used 49557K, capacity 50170K, committed 50560K, reserved 1093632K
  class space    used 7134K, capacity 7268K, committed 7296K, reserved 1048576K
}
Event: 21.313 GC heap before
{Heap before GC invocations=13 (full 2):
 PSYoungGen      total 262656K, used 243436K [0x000000076ce00000, 0x000000077e280000, 0x00000007c0000000)
  eden space 247808K, 92% used [0x000000076ce00000,0x000000077ad416d0,0x000000077c000000)
  from space 14848K, 99% used [0x000000077d400000,0x000000077e279c18,0x000000077e280000)
  to   space 16896K, 0% used [0x000000077c180000,0x000000077c180000,0x000000077d200000)
 ParOldGen       total 142848K, used 20334K [0x00000006c6a00000, 0x00000006cf580000, 0x000000076ce00000)
  object space 142848K, 14% used [0x00000006c6a00000,0x00000006c7ddba90,0x00000006cf580000)
 Metaspace       used 57153K, capacity 58334K, committed 58472K, reserved 1099776K
  class space    used 8206K, capacity 8490K, committed 8576K, reserved 1048576K
Event: 21.334 GC heap after
Heap after GC invocations=13 (full 2):
 PSYoungGen      total 266240K, used 16867K [0x000000076ce00000, 0x0000000784700000, 0x00000007c0000000)
  eden space 249344K, 0% used [0x000000076ce00000,0x000000076ce00000,0x000000077c180000)
  from space 16896K, 99% used [0x000000077c180000,0x000000077d1f8f80,0x000000077d200000)
  to   space 19968K, 0% used [0x0000000783380000,0x0000000783380000,0x0000000784700000)
 ParOldGen       total 142848K, used 23475K [0x00000006c6a00000, 0x00000006cf580000, 0x000000076ce00000)
  object space 142848K, 16% used [0x00000006c6a00000,0x00000006c80ece50,0x00000006cf580000)
 Metaspace       used 57153K, capacity 58334K, committed 58472K, reserved 1099776K
  class space    used 8206K, capacity 8490K, committed 8576K, reserved 1048576K
}
Event: 21.334 GC heap before
{Heap before GC invocations=14 (full 3):
 PSYoungGen      total 266240K, used 16867K [0x000000076ce00000, 0x0000000784700000, 0x00000007c0000000)
  eden space 249344K, 0% used [0x000000076ce00000,0x000000076ce00000,0x000000077c180000)
  from space 16896K, 99% used [0x000000077c180000,0x000000077d1f8f80,0x000000077d200000)
  to   space 19968K, 0% used [0x0000000783380000,0x0000000783380000,0x0000000784700000)
 ParOldGen       total 142848K, used 23475K [0x00000006c6a00000, 0x00000006cf580000, 0x000000076ce00000)
  object space 142848K, 16% used [0x00000006c6a00000,0x00000006c80ece50,0x00000006cf580000)
 Metaspace       used 57153K, capacity 58334K, committed 58472K, reserved 1099776K
  class space    used 8206K, capacity 8490K, committed 8576K, reserved 1048576K
Event: 21.515 GC heap after
Heap after GC invocations=14 (full 3):
 PSYoungGen      total 266240K, used 0K [0x000000076ce00000, 0x0000000784700000, 0x00000007c0000000)
  eden space 249344K, 0% used [0x000000076ce00000,0x000000076ce00000,0x000000077c180000)
  from space 16896K, 0% used [0x000000077c180000,0x000000077c180000,0x000000077d200000)
  to   space 19968K, 0% used [0x0000000783380000,0x0000000783380000,0x0000000784700000)
 ParOldGen       total 184320K, used 39336K [0x00000006c6a00000, 0x00000006d1e00000, 0x000000076ce00000)
  object space 184320K, 21% used [0x00000006c6a00000,0x00000006c906a198,0x00000006d1e00000)
 Metaspace       used 57093K, capacity 58250K, committed 58472K, reserved 1099776K
  class space    used 8205K, capacity 8486K, committed 8576K, reserved 1048576K
}
Event: 146.467 GC heap before
{Heap before GC invocations=15 (full 3):
 PSYoungGen      total 266240K, used 249344K [0x000000076ce00000, 0x0000000784700000, 0x00000007c0000000)
  eden space 249344K, 100% used [0x000000076ce00000,0x000000077c180000,0x000000077c180000)
  from space 16896K, 0% used [0x000000077c180000,0x000000077c180000,0x000000077d200000)
  to   space 19968K, 0% used [0x0000000783380000,0x0000000783380000,0x0000000784700000)
 ParOldGen       total 184320K, used 39336K [0x00000006c6a00000, 0x00000006d1e00000, 0x000000076ce00000)
  object space 184320K, 21% used [0x00000006c6a00000,0x00000006c906a198,0x00000006d1e00000)
 Metaspace       used 58318K, capacity 59572K, committed 59880K, reserved 1099776K
  class space    used 8306K, capacity 8599K, committed 8704K, reserved 1048576K
Event: 146.473 GC heap after
Heap after GC invocations=15 (full 3):
 PSYoungGen      total 364032K, used 1979K [0x000000076ce00000, 0x0000000784680000, 0x00000007c0000000)
  eden space 344576K, 0% used [0x000000076ce00000,0x000000076ce00000,0x0000000781e80000)
  from space 19456K, 10% used [0x0000000783380000,0x000000078356ef10,0x0000000784680000)
  to   space 20480K, 0% used [0x0000000781e80000,0x0000000781e80000,0x0000000783280000)
 ParOldGen       total 184320K, used 39344K [0x00000006c6a00000, 0x00000006d1e00000, 0x000000076ce00000)
  object space 184320K, 21% used [0x00000006c6a00000,0x00000006c906c198,0x00000006d1e00000)
 Metaspace       used 58318K, capacity 59572K, committed 59880K, reserved 1099776K
  class space    used 8306K, capacity 8599K, committed 8704K, reserved 1048576K
}
Event: 530.008 GC heap before
{Heap before GC invocations=16 (full 3):
 PSYoungGen      total 364032K, used 346555K [0x000000076ce00000, 0x0000000784680000, 0x00000007c0000000)
  eden space 344576K, 100% used [0x000000076ce00000,0x0000000781e80000,0x0000000781e80000)
  from space 19456K, 10% used [0x0000000783380000,0x000000078356ef10,0x0000000784680000)
  to   space 20480K, 0% used [0x0000000781e80000,0x0000000781e80000,0x0000000783280000)
 ParOldGen       total 184320K, used 39344K [0x00000006c6a00000, 0x00000006d1e00000, 0x000000076ce00000)
  object space 184320K, 21% used [0x00000006c6a00000,0x00000006c906c198,0x00000006d1e00000)
 Metaspace       used 58908K, capacity 60242K, committed 60392K, reserved 1101824K
  class space    used 8337K, capacity 8652K, committed 8704K, reserved 1048576K
Event: 530.013 GC heap after
Heap after GC invocations=16 (full 3):
 PSYoungGen      total 365056K, used 3601K [0x000000076ce00000, 0x000000078b900000, 0x00000007c0000000)
  eden space 344576K, 0% used [0x000000076ce00000,0x000000076ce00000,0x0000000781e80000)
  from space 20480K, 17% used [0x0000000781e80000,0x00000007822044f0,0x0000000783280000)
  to   space 20480K, 0% used [0x000000078a500000,0x000000078a500000,0x000000078b900000)
 ParOldGen       total 184320K, used 39352K [0x00000006c6a00000, 0x00000006d1e00000, 0x000000076ce00000)
  object space 184320K, 21% used [0x00000006c6a00000,0x00000006c906e198,0x00000006d1e00000)
 Metaspace       used 58908K, capacity 60242K, committed 60392K, reserved 1101824K
  class space    used 8337K, capacity 8652K, committed 8704K, reserved 1048576K
}

