# JRE version: Java(TM) SE Runtime Environment (8.0_20-b17) (build 1.8.0_20-ea-b17)
# Java VM: Java HotSpot(TM) 64-Bit Server VM (25.20-b17 mixed mode linux-amd64 compressed oops)
Heap:
 PSYoungGen      total 390656K, used 59009K [0x000000076ce00000, 0x0000000789380000, 0x00000007c0000000)
  eden space 371200K, 15% used [0x000000076ce00000,0x00000007707a0748,0x0000000783880000)
  from space 19456K, 0% used [0x0000000783880000,0x0000000783880000,0x0000000784b80000)
  to   space 19968K, 0% used [0x0000000788000000,0x0000000788000000,0x0000000789380000)
 ParOldGen       total 250368K, used 34635K [0x00000006c6a00000, 0x00000006d5e80000, 0x000000076ce00000)
  object space 250368K, 13% used [0x00000006c6a00000,0x00000006c8bd2fa8,0x00000006d5e80000)
 Metaspace       used 57443K, capacity 58598K, committed 58780K, reserved 1099776K
  class space    used 8206K, capacity 8480K, committed 8576K, reserved 1048576K
GC Heap History (10 events):
Event: 4.713 GC heap before
{Heap before GC invocations=8 (full 2):
 PSYoungGen      total 288768K, used 13004K [0x000000076ce00000, 0x0000000785800000, 0x00000007c0000000)
  eden space 273920K, 0% used [0x000000076ce00000,0x000000076ce00000,0x000000077d980000)
  from space 14848K, 87% used [0x000000077e900000,0x000000077f5b3350,0x000000077f780000)
  to   space 15872K, 0% used [0x000000077d980000,0x000000077d980000,0x000000077e900000)
 ParOldGen       total 111616K, used 12908K [0x00000006c6a00000, 0x00000006cd700000, 0x000000076ce00000)
  object space 111616K, 11% used [0x00000006c6a00000,0x00000006c769b1f8,0x00000006cd700000)
 Metaspace       used 34774K, capacity 35114K, committed 35320K, reserved 1079296K
  class space    used 4554K, capacity 4673K, committed 4736K, reserved 1048576K
Event: 4.780 GC heap after
Heap after GC invocations=8 (full 2):
 PSYoungGen      total 288768K, used 0K [0x000000076ce00000, 0x0000000785800000, 0x00000007c0000000)
  eden space 273920K, 0% used [0x000000076ce00000,0x000000076ce00000,0x000000077d980000)
  from space 14848K, 0% used [0x000000077e900000,0x000000077e900000,0x000000077f780000)
  to   space 15872K, 0% used [0x000000077d980000,0x000000077d980000,0x000000077e900000)
 ParOldGen       total 176640K, used 23604K [0x00000006c6a00000, 0x00000006d1680000, 0x000000076ce00000)
  object space 176640K, 13% used [0x00000006c6a00000,0x00000006c810d350,0x00000006d1680000)
 Metaspace       used 34774K, capacity 35114K, committed 35320K, reserved 1079296K
  class space    used 4554K, capacity 4673K, committed 4736K, reserved 1048576K
}
Event: 6.507 GC heap before
{Heap before GC invocations=9 (full 2):
 PSYoungGen      total 288768K, used 273920K [0x000000076ce00000, 0x0000000785800000, 0x00000007c0000000)
  eden space 273920K, 100% used [0x000000076ce00000,0x000000077d980000,0x000000077d980000)
  from space 14848K, 0% used [0x000000077e900000,0x000000077e900000,0x000000077f780000)
  to   space 15872K, 0% used [0x000000077d980000,0x000000077d980000,0x000000077e900000)
 ParOldGen       total 176640K, used 23604K [0x00000006c6a00000, 0x00000006d1680000, 0x000000076ce00000)
  object space 176640K, 13% used [0x00000006c6a00000,0x00000006c810d350,0x00000006d1680000)
 Metaspace       used 44491K, capacity 44946K, committed 45184K, reserved 1087488K
  class space    used 6588K, capacity 6712K, committed 6784K, reserved 1048576K
Event: 6.520 GC heap after
Heap after GC invocations=9 (full 2):
 PSYoungGen      total 289792K, used 10538K [0x000000076ce00000, 0x0000000785e80000, 0x00000007c0000000)
  eden space 273920K, 0% used [0x000000076ce00000,0x000000076ce00000,0x000000077d980000)
  from space 15872K, 66% used [0x000000077d980000,0x000000077e3ca868,0x000000077e900000)
  to   space 14848K, 0% used [0x0000000785000000,0x0000000785000000,0x0000000785e80000)
 ParOldGen       total 176640K, used 23612K [0x00000006c6a00000, 0x00000006d1680000, 0x000000076ce00000)
  object space 176640K, 13% used [0x00000006c6a00000,0x00000006c810f350,0x00000006d1680000)
 Metaspace       used 44491K, capacity 44946K, committed 45184K, reserved 1087488K
  class space    used 6588K, capacity 6712K, committed 6784K, reserved 1048576K
}
Event: 20.935 GC heap before
{Heap before GC invocations=10 (full 2):
 PSYoungGen      total 289792K, used 284458K [0x000000076ce00000, 0x0000000785e80000, 0x00000007c0000000)
  eden space 273920K, 100% used [0x000000076ce00000,0x000000077d980000,0x000000077d980000)
  from space 15872K, 66% used [0x000000077d980000,0x000000077e3ca868,0x000000077e900000)
  to   space 14848K, 0% used [0x0000000785000000,0x0000000785000000,0x0000000785e80000)
 ParOldGen       total 176640K, used 23612K [0x00000006c6a00000, 0x00000006d1680000, 0x000000076ce00000)
  object space 176640K, 13% used [0x00000006c6a00000,0x00000006c810f350,0x00000006d1680000)
 Metaspace       used 56905K, capacity 58064K, committed 58112K, reserved 1099776K
  class space    used 8165K, capacity 8429K, committed 8448K, reserved 1048576K
Event: 20.958 GC heap after
Heap after GC invocations=10 (full 2):
 PSYoungGen      total 378880K, used 14816K [0x000000076ce00000, 0x0000000785e80000, 0x00000007c0000000)
  eden space 364032K, 0% used [0x000000076ce00000,0x000000076ce00000,0x0000000783180000)
  from space 14848K, 99% used [0x0000000785000000,0x0000000785e78158,0x0000000785e80000)
  to   space 19456K, 0% used [0x0000000783880000,0x0000000783880000,0x0000000784b80000)
 ParOldGen       total 176640K, used 30123K [0x00000006c6a00000, 0x00000006d1680000, 0x000000076ce00000)
  object space 176640K, 17% used [0x00000006c6a00000,0x00000006c876acd8,0x00000006d1680000)
 Metaspace       used 56905K, capacity 58064K, committed 58112K, reserved 1099776K
  class space    used 8165K, capacity 8429K, committed 8448K, reserved 1048576K
}
Event: 34.744 GC heap before
{Heap before GC invocations=11 (full 2):
 PSYoungGen      total 378880K, used 66670K [0x000000076ce00000, 0x0000000785e80000, 0x00000007c0000000)
  eden space 364032K, 14% used [0x000000076ce00000,0x00000007700a3780,0x0000000783180000)
  from space 14848K, 99% used [0x0000000785000000,0x0000000785e78158,0x0000000785e80000)
  to   space 19456K, 0% used [0x0000000783880000,0x0000000783880000,0x0000000784b80000)
 ParOldGen       total 176640K, used 30123K [0x00000006c6a00000, 0x00000006d1680000, 0x000000076ce00000)
  object space 176640K, 17% used [0x00000006c6a00000,0x00000006c876acd8,0x00000006d1680000)
 Metaspace       used 57267K, capacity 58402K, committed 58524K, reserved 1099776K
  class space    used 8185K, capacity 8480K, committed 8576K, reserved 1048576K
Event: 34.760 GC heap after
Heap after GC invocations=11 (full 2):
 PSYoungGen      total 390656K, used 14959K [0x000000076ce00000, 0x0000000789380000, 0x00000007c0000000)
  eden space 371200K, 0% used [0x000000076ce00000,0x000000076ce00000,0x0000000783880000)
  from space 19456K, 76% used [0x0000000783880000,0x000000078471bca8,0x0000000784b80000)
  to   space 19968K, 0% used [0x0000000788000000,0x0000000788000000,0x0000000789380000)
 ParOldGen       total 176640K, used 30131K [0x00000006c6a00000, 0x00000006d1680000, 0x000000076ce00000)
  object space 176640K, 17% used [0x00000006c6a00000,0x00000006c876ccd8,0x00000006d1680000)
 Metaspace       used 57267K, capacity 58402K, committed 58524K, reserved 1099776K
  class space    used 8185K, capacity 8480K, committed 8576K, reserved 1048576K
}
Event: 34.760 GC heap before
{Heap before GC invocations=12 (full 3):
 PSYoungGen      total 390656K, used 14959K [0x000000076ce00000, 0x0000000789380000, 0x00000007c0000000)
  eden space 371200K, 0% used [0x000000076ce00000,0x000000076ce00000,0x0000000783880000)
  from space 19456K, 76% used [0x0000000783880000,0x000000078471bca8,0x0000000784b80000)
  to   space 19968K, 0% used [0x0000000788000000,0x0000000788000000,0x0000000789380000)
 ParOldGen       total 176640K, used 30131K [0x00000006c6a00000, 0x00000006d1680000, 0x000000076ce00000)
  object space 176640K, 17% used [0x00000006c6a00000,0x00000006c876ccd8,0x00000006d1680000)
 Metaspace       used 57267K, capacity 58402K, committed 58524K, reserved 1099776K
  class space    used 8185K, capacity 8480K, committed 8576K, reserved 1048576K
Event: 34.941 GC heap after
Heap after GC invocations=12 (full 3):
 PSYoungGen      total 390656K, used 0K [0x000000076ce00000, 0x0000000789380000, 0x00000007c0000000)
  eden space 371200K, 0% used [0x000000076ce00000,0x000000076ce00000,0x0000000783880000)
  from space 19456K, 0% used [0x0000000783880000,0x0000000783880000,0x0000000784b80000)
  to   space 19968K, 0% used [0x0000000788000000,0x0000000788000000,0x0000000789380000)
 ParOldGen       total 250368K, used 34635K [0x00000006c6a00000, 0x00000006d5e80000, 0x000000076ce00000)
  object space 250368K, 13% used [0x00000006c6a00000,0x00000006c8bd2fa8,0x00000006d5e80000)
 Metaspace       used 57207K, capacity 58318K, committed 58524K, reserved 1099776K
  class space    used 8184K, capacity 8476K, committed 8576K, reserved 1048576K
}

