# JRE version: Java(TM) SE Runtime Environment (8.0_20-b17) (build 1.8.0_20-ea-b17)
# Java VM: Java HotSpot(TM) 64-Bit Server VM (25.20-b17 mixed mode linux-amd64 compressed oops)
Heap:
 PSYoungGen      total 55808K, used 26661K [0x000000076ce00000, 0x0000000772500000, 0x00000007c0000000)
  eden space 54272K, 48% used [0x000000076ce00000,0x000000076e7856f8,0x0000000770300000)
  from space 1536K, 34% used [0x0000000772200000,0x0000000772284070,0x0000000772380000)
  to   space 1536K, 0% used [0x0000000772380000,0x0000000772380000,0x0000000772500000)
 ParOldGen       total 276480K, used 65894K [0x00000006c6a00000, 0x00000006d7800000, 0x000000076ce00000)
  object space 276480K, 23% used [0x00000006c6a00000,0x00000006caa59808,0x00000006d7800000)
 Metaspace       used 63199K, capacity 64714K, committed 64896K, reserved 1105920K
  class space    used 8736K, capacity 9080K, committed 9088K, reserved 1048576K
GC Heap History (10 events):
Event: 107556.049 GC heap before
{Heap before GC invocations=870 (full 3):
 PSYoungGen      total 55296K, used 55034K [0x000000076ce00000, 0x0000000772780000, 0x00000007c0000000)
  eden space 54272K, 100% used [0x000000076ce00000,0x0000000770300000,0x0000000770300000)
  from space 1024K, 74% used [0x0000000772680000,0x000000077273e9f8,0x0000000772780000)
  to   space 1536K, 0% used [0x0000000772480000,0x0000000772480000,0x0000000772600000)
 ParOldGen       total 276480K, used 65364K [0x00000006c6a00000, 0x00000006d7800000, 0x000000076ce00000)
  object space 276480K, 23% used [0x00000006c6a00000,0x00000006ca9d5170,0x00000006d7800000)
 Metaspace       used 63021K, capacity 64528K, committed 64640K, reserved 1105920K
  class space    used 8710K, capacity 9033K, committed 9088K, reserved 1048576K
Event: 107556.052 GC heap after
Heap after GC invocations=870 (full 3):
 PSYoungGen      total 55296K, used 776K [0x000000076ce00000, 0x0000000772700000, 0x00000007c0000000)
  eden space 54272K, 0% used [0x000000076ce00000,0x000000076ce00000,0x0000000770300000)
  from space 1024K, 75% used [0x0000000772480000,0x00000007725421e8,0x0000000772580000)
  to   space 1536K, 0% used [0x0000000772580000,0x0000000772580000,0x0000000772700000)
 ParOldGen       total 276480K, used 65380K [0x00000006c6a00000, 0x00000006d7800000, 0x000000076ce00000)
  object space 276480K, 23% used [0x00000006c6a00000,0x00000006ca9d9170,0x00000006d7800000)
 Metaspace       used 63021K, capacity 64528K, committed 64640K, reserved 1105920K
  class space    used 8710K, capacity 9033K, committed 9088K, reserved 1048576K
}
Event: 107613.057 GC heap before
{Heap before GC invocations=871 (full 3):
 PSYoungGen      total 55296K, used 55048K [0x000000076ce00000, 0x0000000772700000, 0x00000007c0000000)
  eden space 54272K, 100% used [0x000000076ce00000,0x0000000770300000,0x0000000770300000)
  from space 1024K, 75% used [0x0000000772480000,0x00000007725421e8,0x0000000772580000)
  to   space 1536K, 0% used [0x0000000772580000,0x0000000772580000,0x0000000772700000)
 ParOldGen       total 276480K, used 65380K [0x00000006c6a00000, 0x00000006d7800000, 0x000000076ce00000)
  object space 276480K, 23% used [0x00000006c6a00000,0x00000006ca9d9170,0x00000006d7800000)
 Metaspace       used 63021K, capacity 64528K, committed 64640K, reserved 1105920K
  class space    used 8710K, capacity 9033K, committed 9088K, reserved 1048576K
Event: 107613.060 GC heap after
Heap after GC invocations=871 (full 3):
 PSYoungGen      total 55296K, used 794K [0x000000076ce00000, 0x0000000772680000, 0x00000007c0000000)
  eden space 54272K, 0% used [0x000000076ce00000,0x000000076ce00000,0x0000000770300000)
  from space 1024K, 77% used [0x0000000772580000,0x00000007726469f8,0x0000000772680000)
  to   space 1536K, 0% used [0x0000000772380000,0x0000000772380000,0x0000000772500000)
 ParOldGen       total 276480K, used 65396K [0x00000006c6a00000, 0x00000006d7800000, 0x000000076ce00000)
  object space 276480K, 23% used [0x00000006c6a00000,0x00000006ca9dd170,0x00000006d7800000)
 Metaspace       used 63021K, capacity 64528K, committed 64640K, reserved 1105920K
  class space    used 8710K, capacity 9033K, committed 9088K, reserved 1048576K
}
Event: 107670.559 GC heap before
{Heap before GC invocations=872 (full 3):
 PSYoungGen      total 55296K, used 55066K [0x000000076ce00000, 0x0000000772680000, 0x00000007c0000000)
  eden space 54272K, 100% used [0x000000076ce00000,0x0000000770300000,0x0000000770300000)
  from space 1024K, 77% used [0x0000000772580000,0x00000007726469f8,0x0000000772680000)
  to   space 1536K, 0% used [0x0000000772380000,0x0000000772380000,0x0000000772500000)
 ParOldGen       total 276480K, used 65396K [0x00000006c6a00000, 0x00000006d7800000, 0x000000076ce00000)
  object space 276480K, 23% used [0x00000006c6a00000,0x00000006ca9dd170,0x00000006d7800000)
 Metaspace       used 63021K, capacity 64528K, committed 64640K, reserved 1105920K
  class space    used 8710K, capacity 9033K, committed 9088K, reserved 1048576K
Event: 107670.562 GC heap after
Heap after GC invocations=872 (full 3):
 PSYoungGen      total 55296K, used 691K [0x000000076ce00000, 0x0000000772600000, 0x00000007c0000000)
  eden space 54272K, 0% used [0x000000076ce00000,0x000000076ce00000,0x0000000770300000)
  from space 1024K, 67% used [0x0000000772380000,0x000000077242ce40,0x0000000772480000)
  to   space 1536K, 0% used [0x0000000772480000,0x0000000772480000,0x0000000772600000)
 ParOldGen       total 276480K, used 65555K [0x00000006c6a00000, 0x00000006d7800000, 0x000000076ce00000)
  object space 276480K, 23% used [0x00000006c6a00000,0x00000006caa04d48,0x00000006d7800000)
 Metaspace       used 63021K, capacity 64528K, committed 64640K, reserved 1105920K
  class space    used 8710K, capacity 9033K, committed 9088K, reserved 1048576K
}
Event: 107728.773 GC heap before
{Heap before GC invocations=873 (full 3):
 PSYoungGen      total 55296K, used 54963K [0x000000076ce00000, 0x0000000772600000, 0x00000007c0000000)
  eden space 54272K, 100% used [0x000000076ce00000,0x0000000770300000,0x0000000770300000)
  from space 1024K, 67% used [0x0000000772380000,0x000000077242ce40,0x0000000772480000)
  to   space 1536K, 0% used [0x0000000772480000,0x0000000772480000,0x0000000772600000)
 ParOldGen       total 276480K, used 65555K [0x00000006c6a00000, 0x00000006d7800000, 0x000000076ce00000)
  object space 276480K, 23% used [0x00000006c6a00000,0x00000006caa04d48,0x00000006d7800000)
 Metaspace       used 63021K, capacity 64528K, committed 64640K, reserved 1105920K
  class space    used 8710K, capacity 9033K, committed 9088K, reserved 1048576K
Event: 107728.776 GC heap after
Heap after GC invocations=873 (full 3):
 PSYoungGen      total 54784K, used 434K [0x000000076ce00000, 0x0000000772500000, 0x00000007c0000000)
  eden space 54272K, 0% used [0x000000076ce00000,0x000000076ce00000,0x0000000770300000)
  from space 512K, 84% used [0x0000000772480000,0x00000007724ec860,0x0000000772500000)
  to   space 1536K, 0% used [0x0000000772200000,0x0000000772200000,0x0000000772380000)
 ParOldGen       total 276480K, used 65821K [0x00000006c6a00000, 0x00000006d7800000, 0x000000076ce00000)
  object space 276480K, 23% used [0x00000006c6a00000,0x00000006caa477d8,0x00000006d7800000)
 Metaspace       used 63021K, capacity 64528K, committed 64640K, reserved 1105920K
  class space    used 8710K, capacity 9033K, committed 9088K, reserved 1048576K
}
Event: 107786.058 GC heap before
{Heap before GC invocations=874 (full 3):
 PSYoungGen      total 54784K, used 54632K [0x000000076ce00000, 0x0000000772500000, 0x00000007c0000000)
  eden space 54272K, 99% used [0x000000076ce00000,0x00000007702ed7e8,0x0000000770300000)
  from space 512K, 84% used [0x0000000772480000,0x00000007724ec860,0x0000000772500000)
  to   space 1536K, 0% used [0x0000000772200000,0x0000000772200000,0x0000000772380000)
 ParOldGen       total 276480K, used 65821K [0x00000006c6a00000, 0x00000006d7800000, 0x000000076ce00000)
  object space 276480K, 23% used [0x00000006c6a00000,0x00000006caa477d8,0x00000006d7800000)
 Metaspace       used 63021K, capacity 64528K, committed 64640K, reserved 1105920K
  class space    used 8710K, capacity 9033K, committed 9088K, reserved 1048576K
Event: 107786.061 GC heap after
Heap after GC invocations=874 (full 3):
 PSYoungGen      total 55808K, used 528K [0x000000076ce00000, 0x0000000772500000, 0x00000007c0000000)
  eden space 54272K, 0% used [0x000000076ce00000,0x000000076ce00000,0x0000000770300000)
  from space 1536K, 34% used [0x0000000772200000,0x0000000772284070,0x0000000772380000)
  to   space 1536K, 0% used [0x0000000772380000,0x0000000772380000,0x0000000772500000)
 ParOldGen       total 276480K, used 65894K [0x00000006c6a00000, 0x00000006d7800000, 0x000000076ce00000)
  object space 276480K, 23% used [0x00000006c6a00000,0x00000006caa59808,0x00000006d7800000)
 Metaspace       used 63021K, capacity 64528K, committed 64640K, reserved 1105920K
  class space    used 8710K, capacity 9033K, committed 9088K, reserved 1048576K
}

