# JRE version: OpenJDK Runtime Environment (7.0_55-b14) (build 1.7.0_55-b14)
# Java VM: OpenJDK 64-Bit Server VM (24.51-b03 mixed mode linux-amd64 compressed oops)
Heap
 PSYoungGen      total 549376K, used 31300K [0x00000007ace00000, 0x00000007e3300000, 0x0000000800000000)
  eden space 520192K, 3% used [0x00000007ace00000,0x00000007ae165320,0x00000007cca00000)
  from space 29184K, 39% used [0x00000007cca00000,0x00000007cd52bf30,0x00000007ce680000)
  to   space 28672K, 0% used [0x00000007e1700000,0x00000007e1700000,0x00000007e3300000)
 ParOldGen       total 169984K, used 49445K [0x0000000706a00000, 0x0000000711000000, 0x00000007ace00000)
  object space 169984K, 29% used [0x0000000706a00000,0x0000000709a49460,0x0000000711000000)
 PSPermGen       total 55296K, used 55075K [0x00000006fc400000, 0x00000006ffa00000, 0x0000000706a00000)
  object space 55296K, 99% used [0x00000006fc400000,0x00000006ff9c8c30,0x00000006ffa00000)
GC Heap History (10 events):
Event: 4.224 GC heap before
{Heap before GC invocations=5 (full 0):
 PSYoungGen      total 140288K, used 140265K [0x00000007ace00000, 0x00000007b6100000, 0x0000000800000000)
  eden space 130048K, 100% used [0x00000007ace00000,0x00000007b4d00000,0x00000007b4d00000)
  from space 10240K, 99% used [0x00000007b5700000,0x00000007b60fa5e8,0x00000007b6100000)
  to   space 10240K, 0% used [0x00000007b4d00000,0x00000007b4d00000,0x00000007b5700000)
 ParOldGen       total 169984K, used 12917K [0x0000000706a00000, 0x0000000711000000, 0x00000007ace00000)
  object space 169984K, 7% used [0x0000000706a00000,0x000000070769d6e0,0x0000000711000000)
 PSPermGen       total 41472K, used 41274K [0x00000006fc400000, 0x00000006fec80000, 0x0000000706a00000)
  object space 41472K, 99% used [0x00000006fc400000,0x00000006fec4eb90,0x00000006fec80000)
Event: 4.248 GC heap after
Heap after GC invocations=5 (full 0):
 PSYoungGen      total 140288K, used 10223K [0x00000007ace00000, 0x00000007c0c00000, 0x0000000800000000)
  eden space 130048K, 0% used [0x00000007ace00000,0x00000007ace00000,0x00000007b4d00000)
  from space 10240K, 99% used [0x00000007b4d00000,0x00000007b56fbd48,0x00000007b5700000)
  to   space 32768K, 0% used [0x00000007bec00000,0x00000007bec00000,0x00000007c0c00000)
 ParOldGen       total 169984K, used 38119K [0x0000000706a00000, 0x0000000711000000, 0x00000007ace00000)
  object space 169984K, 22% used [0x0000000706a00000,0x0000000708f39d98,0x0000000711000000)
 PSPermGen       total 41472K, used 41274K [0x00000006fc400000, 0x00000006fec80000, 0x0000000706a00000)
  object space 41472K, 99% used [0x00000006fc400000,0x00000006fec4eb90,0x00000006fec80000)
}
Event: 5.215 GC heap before
{Heap before GC invocations=6 (full 0):
 PSYoungGen      total 140288K, used 140271K [0x00000007ace00000, 0x00000007c0c00000, 0x0000000800000000)
  eden space 130048K, 100% used [0x00000007ace00000,0x00000007b4d00000,0x00000007b4d00000)
  from space 10240K, 99% used [0x00000007b4d00000,0x00000007b56fbd48,0x00000007b5700000)
  to   space 32768K, 0% used [0x00000007bec00000,0x00000007bec00000,0x00000007c0c00000)
 ParOldGen       total 169984K, used 38119K [0x0000000706a00000, 0x0000000711000000, 0x00000007ace00000)
  object space 169984K, 22% used [0x0000000706a00000,0x0000000708f39d98,0x0000000711000000)
 PSPermGen       total 44544K, used 44334K [0x00000006fc400000, 0x00000006fef80000, 0x0000000706a00000)
  object space 44544K, 99% used [0x00000006fc400000,0x00000006fef4ba20,0x00000006fef80000)
Event: 5.233 GC heap after
Heap after GC invocations=6 (full 0):
 PSYoungGen      total 289792K, used 13641K [0x00000007ace00000, 0x00000007c0900000, 0x0000000800000000)
  eden space 260096K, 0% used [0x00000007ace00000,0x00000007ace00000,0x00000007bcc00000)
  from space 29696K, 45% used [0x00000007bec00000,0x00000007bf9526c8,0x00000007c0900000)
  to   space 31232K, 0% used [0x00000007bcc00000,0x00000007bcc00000,0x00000007bea80000)
 ParOldGen       total 169984K, used 38127K [0x0000000706a00000, 0x0000000711000000, 0x00000007ace00000)
  object space 169984K, 22% used [0x0000000706a00000,0x0000000708f3bd98,0x0000000711000000)
 PSPermGen       total 44544K, used 44334K [0x00000006fc400000, 0x00000006fef80000, 0x0000000706a00000)
  object space 44544K, 99% used [0x00000006fc400000,0x00000006fef4ba20,0x00000006fef80000)
}
Event: 6.123 GC heap before
{Heap before GC invocations=7 (full 0):
 PSYoungGen      total 289792K, used 273737K [0x00000007ace00000, 0x00000007c0900000, 0x0000000800000000)
  eden space 260096K, 100% used [0x00000007ace00000,0x00000007bcc00000,0x00000007bcc00000)
  from space 29696K, 45% used [0x00000007bec00000,0x00000007bf9526c8,0x00000007c0900000)
  to   space 31232K, 0% used [0x00000007bcc00000,0x00000007bcc00000,0x00000007bea80000)
 ParOldGen       total 169984K, used 38127K [0x0000000706a00000, 0x0000000711000000, 0x00000007ace00000)
  object space 169984K, 22% used [0x0000000706a00000,0x0000000708f3bd98,0x0000000711000000)
 PSPermGen       total 47616K, used 47105K [0x00000006fc400000, 0x00000006ff280000, 0x0000000706a00000)
  object space 47616K, 98% used [0x00000006fc400000,0x00000006ff2004f8,0x00000006ff280000)
Event: 6.148 GC heap after
Heap after GC invocations=7 (full 0):
 PSYoungGen      total 291328K, used 12101K [0x00000007ace00000, 0x00000007d0600000, 0x0000000800000000)
  eden space 260096K, 0% used [0x00000007ace00000,0x00000007ace00000,0x00000007bcc00000)
  from space 31232K, 38% used [0x00000007bcc00000,0x00000007bd7d1460,0x00000007bea80000)
  to   space 30720K, 0% used [0x00000007ce800000,0x00000007ce800000,0x00000007d0600000)
 ParOldGen       total 169984K, used 41910K [0x0000000706a00000, 0x0000000711000000, 0x00000007ace00000)
  object space 169984K, 24% used [0x0000000706a00000,0x00000007092ed8c8,0x0000000711000000)
 PSPermGen       total 47616K, used 47105K [0x00000006fc400000, 0x00000006ff280000, 0x0000000706a00000)
  object space 47616K, 98% used [0x00000006fc400000,0x00000006ff2004f8,0x00000006ff280000)
}
Event: 148.242 GC heap before
{Heap before GC invocations=8 (full 0):
 PSYoungGen      total 291328K, used 272197K [0x00000007ace00000, 0x00000007d0600000, 0x0000000800000000)
  eden space 260096K, 100% used [0x00000007ace00000,0x00000007bcc00000,0x00000007bcc00000)
  from space 31232K, 38% used [0x00000007bcc00000,0x00000007bd7d1460,0x00000007bea80000)
  to   space 30720K, 0% used [0x00000007ce800000,0x00000007ce800000,0x00000007d0600000)
 ParOldGen       total 169984K, used 41910K [0x0000000706a00000, 0x0000000711000000, 0x00000007ace00000)
  object space 169984K, 24% used [0x0000000706a00000,0x00000007092ed8c8,0x0000000711000000)
 PSPermGen       total 53760K, used 53599K [0x00000006fc400000, 0x00000006ff880000, 0x0000000706a00000)
  object space 53760K, 99% used [0x00000006fc400000,0x00000006ff857f20,0x00000006ff880000)
Event: 148.261 GC heap after
Heap after GC invocations=8 (full 0):
 PSYoungGen      total 547840K, used 17188K [0x00000007ace00000, 0x00000007d0300000, 0x0000000800000000)
  eden space 520192K, 0% used [0x00000007ace00000,0x00000007ace00000,0x00000007cca00000)
  from space 27648K, 62% used [0x00000007ce800000,0x00000007cf8c9220,0x00000007d0300000)
  to   space 29184K, 0% used [0x00000007cca00000,0x00000007cca00000,0x00000007ce680000)
 ParOldGen       total 169984K, used 46113K [0x0000000706a00000, 0x0000000711000000, 0x00000007ace00000)
  object space 169984K, 27% used [0x0000000706a00000,0x0000000709708690,0x0000000711000000)
 PSPermGen       total 53760K, used 53599K [0x00000006fc400000, 0x00000006ff880000, 0x0000000706a00000)
  object space 53760K, 99% used [0x00000006fc400000,0x00000006ff857f20,0x00000006ff880000)
}
Event: 3621.954 GC heap before
{Heap before GC invocations=9 (full 0):
 PSYoungGen      total 547840K, used 537380K [0x00000007ace00000, 0x00000007d0300000, 0x0000000800000000)
  eden space 520192K, 100% used [0x00000007ace00000,0x00000007cca00000,0x00000007cca00000)
  from space 27648K, 62% used [0x00000007ce800000,0x00000007cf8c9220,0x00000007d0300000)
  to   space 29184K, 0% used [0x00000007cca00000,0x00000007cca00000,0x00000007ce680000)
 ParOldGen       total 169984K, used 46113K [0x0000000706a00000, 0x0000000711000000, 0x00000007ace00000)
  object space 169984K, 27% used [0x0000000706a00000,0x0000000709708690,0x0000000711000000)
 PSPermGen       total 55296K, used 55024K [0x00000006fc400000, 0x00000006ffa00000, 0x0000000706a00000)
  object space 55296K, 99% used [0x00000006fc400000,0x00000006ff9bc260,0x00000006ffa00000)
Event: 3621.971 GC heap after
Heap after GC invocations=9 (full 0):
 PSYoungGen      total 549376K, used 11439K [0x00000007ace00000, 0x00000007e3300000, 0x0000000800000000)
  eden space 520192K, 0% used [0x00000007ace00000,0x00000007ace00000,0x00000007cca00000)
  from space 29184K, 39% used [0x00000007cca00000,0x00000007cd52bf30,0x00000007ce680000)
  to   space 28672K, 0% used [0x00000007e1700000,0x00000007e1700000,0x00000007e3300000)
 ParOldGen       total 169984K, used 49445K [0x0000000706a00000, 0x0000000711000000, 0x00000007ace00000)
  object space 169984K, 29% used [0x0000000706a00000,0x0000000709a49460,0x0000000711000000)
 PSPermGen       total 55296K, used 55024K [0x00000006fc400000, 0x00000006ffa00000, 0x0000000706a00000)
  object space 55296K, 99% used [0x00000006fc400000,0x00000006ff9bc260,0x00000006ffa00000)
}

