# JRE version: Java(TM) SE Runtime Environment (8.0_20-b17) (build 1.8.0_20-ea-b17)
# Java VM: Java HotSpot(TM) 64-Bit Server VM (25.20-b17 mixed mode linux-amd64 compressed oops)
Heap:
 PSYoungGen      total 196096K, used 182811K [0x000000076ce00000, 0x000000077c600000, 0x00000007c0000000)
  eden space 184320K, 93% used [0x000000076ce00000,0x000000077757e458,0x0000000778200000)
  from space 11776K, 95% used [0x000000077ba80000,0x000000077c588b30,0x000000077c600000)
  to   space 16384K, 0% used [0x000000077a600000,0x000000077a600000,0x000000077b600000)
 ParOldGen       total 182272K, used 23665K [0x00000006c6a00000, 0x00000006d1c00000, 0x000000076ce00000)
  object space 182272K, 12% used [0x00000006c6a00000,0x00000006c811c6a8,0x00000006d1c00000)
 Metaspace       used 51188K, capacity 52404K, committed 52608K, reserved 1093632K
  class space    used 7241K, capacity 7523K, committed 7552K, reserved 1048576K
GC Heap History (10 events):
Event: 5.316 GC heap before
{Heap before GC invocations=8 (full 1):
 PSYoungGen      total 151552K, used 125739K [0x000000076ce00000, 0x0000000779c00000, 0x00000007c0000000)
  eden space 136704K, 87% used [0x000000076ce00000,0x00000007742f7500,0x0000000775380000)
  from space 14848K, 40% used [0x0000000776200000,0x00000007767d3a80,0x0000000777080000)
  to   space 14848K, 0% used [0x0000000775380000,0x0000000775380000,0x0000000776200000)
 ParOldGen       total 114176K, used 12863K [0x00000006c6a00000, 0x00000006cd980000, 0x000000076ce00000)
  object space 114176K, 11% used [0x00000006c6a00000,0x00000006c768fea8,0x00000006cd980000)
 Metaspace       used 34683K, capacity 35114K, committed 35320K, reserved 1079296K
  class space    used 4557K, capacity 4673K, committed 4736K, reserved 1048576K
Event: 5.327 GC heap after
Heap after GC invocations=8 (full 1):
 PSYoungGen      total 151552K, used 13034K [0x000000076ce00000, 0x000000077ac00000, 0x00000007c0000000)
  eden space 136704K, 0% used [0x000000076ce00000,0x000000076ce00000,0x0000000775380000)
  from space 14848K, 87% used [0x0000000775380000,0x000000077603aa80,0x0000000776200000)
  to   space 16384K, 0% used [0x0000000779c00000,0x0000000779c00000,0x000000077ac00000)
 ParOldGen       total 114176K, used 12871K [0x00000006c6a00000, 0x00000006cd980000, 0x000000076ce00000)
  object space 114176K, 11% used [0x00000006c6a00000,0x00000006c7691ea8,0x00000006cd980000)
 Metaspace       used 34683K, capacity 35114K, committed 35320K, reserved 1079296K
  class space    used 4557K, capacity 4673K, committed 4736K, reserved 1048576K
}
Event: 5.327 GC heap before
{Heap before GC invocations=9 (full 2):
 PSYoungGen      total 151552K, used 13034K [0x000000076ce00000, 0x000000077ac00000, 0x00000007c0000000)
  eden space 136704K, 0% used [0x000000076ce00000,0x000000076ce00000,0x0000000775380000)
  from space 14848K, 87% used [0x0000000775380000,0x000000077603aa80,0x0000000776200000)
  to   space 16384K, 0% used [0x0000000779c00000,0x0000000779c00000,0x000000077ac00000)
 ParOldGen       total 114176K, used 12871K [0x00000006c6a00000, 0x00000006cd980000, 0x000000076ce00000)
  object space 114176K, 11% used [0x00000006c6a00000,0x00000006c7691ea8,0x00000006cd980000)
 Metaspace       used 34683K, capacity 35114K, committed 35320K, reserved 1079296K
  class space    used 4557K, capacity 4673K, committed 4736K, reserved 1048576K
Event: 5.390 GC heap after
Heap after GC invocations=9 (full 2):
 PSYoungGen      total 151552K, used 0K [0x000000076ce00000, 0x000000077ac00000, 0x00000007c0000000)
  eden space 136704K, 0% used [0x000000076ce00000,0x000000076ce00000,0x0000000775380000)
  from space 14848K, 0% used [0x0000000775380000,0x0000000775380000,0x0000000776200000)
  to   space 16384K, 0% used [0x0000000779c00000,0x0000000779c00000,0x000000077ac00000)
 ParOldGen       total 182272K, used 23641K [0x00000006c6a00000, 0x00000006d1c00000, 0x000000076ce00000)
  object space 182272K, 12% used [0x00000006c6a00000,0x00000006c81166a8,0x00000006d1c00000)
 Metaspace       used 34683K, capacity 35114K, committed 35320K, reserved 1079296K
  class space    used 4557K, capacity 4673K, committed 4736K, reserved 1048576K
}
Event: 6.215 GC heap before
{Heap before GC invocations=10 (full 2):
 PSYoungGen      total 151552K, used 136704K [0x000000076ce00000, 0x000000077ac00000, 0x00000007c0000000)
  eden space 136704K, 100% used [0x000000076ce00000,0x0000000775380000,0x0000000775380000)
  from space 14848K, 0% used [0x0000000775380000,0x0000000775380000,0x0000000776200000)
  to   space 16384K, 0% used [0x0000000779c00000,0x0000000779c00000,0x000000077ac00000)
 ParOldGen       total 182272K, used 23641K [0x00000006c6a00000, 0x00000006d1c00000, 0x000000076ce00000)
  object space 182272K, 12% used [0x00000006c6a00000,0x00000006c81166a8,0x00000006d1c00000)
 Metaspace       used 38580K, capacity 39144K, committed 39296K, reserved 1083392K
  class space    used 5600K, capacity 5745K, committed 5760K, reserved 1048576K
Event: 6.222 GC heap after
Heap after GC invocations=10 (full 2):
 PSYoungGen      total 200704K, used 4783K [0x000000076ce00000, 0x000000077a700000, 0x00000007c0000000)
  eden space 189440K, 0% used [0x000000076ce00000,0x000000076ce00000,0x0000000778700000)
  from space 11264K, 42% used [0x0000000779c00000,0x000000077a0abf50,0x000000077a700000)
  to   space 16384K, 0% used [0x0000000778700000,0x0000000778700000,0x0000000779700000)
 ParOldGen       total 182272K, used 23649K [0x00000006c6a00000, 0x00000006d1c00000, 0x000000076ce00000)
  object space 182272K, 12% used [0x00000006c6a00000,0x00000006c81186a8,0x00000006d1c00000)
 Metaspace       used 38580K, capacity 39144K, committed 39296K, reserved 1083392K
  class space    used 5600K, capacity 5745K, committed 5760K, reserved 1048576K
}
Event: 541.816 GC heap before
{Heap before GC invocations=11 (full 2):
 PSYoungGen      total 200704K, used 194223K [0x000000076ce00000, 0x000000077a700000, 0x00000007c0000000)
  eden space 189440K, 100% used [0x000000076ce00000,0x0000000778700000,0x0000000778700000)
  from space 11264K, 42% used [0x0000000779c00000,0x000000077a0abf50,0x000000077a700000)
  to   space 16384K, 0% used [0x0000000778700000,0x0000000778700000,0x0000000779700000)
 ParOldGen       total 182272K, used 23649K [0x00000006c6a00000, 0x00000006d1c00000, 0x000000076ce00000)
  object space 182272K, 12% used [0x00000006c6a00000,0x00000006c81186a8,0x00000006d1c00000)
 Metaspace       used 46966K, capacity 47572K, committed 47872K, reserved 1089536K
  class space    used 6680K, capacity 6851K, committed 6912K, reserved 1048576K
Event: 541.829 GC heap after
Heap after GC invocations=11 (full 2):
 PSYoungGen      total 205824K, used 10970K [0x000000076ce00000, 0x000000077ca80000, 0x00000007c0000000)
  eden space 189440K, 0% used [0x000000076ce00000,0x000000076ce00000,0x0000000778700000)
  from space 16384K, 66% used [0x0000000778700000,0x00000007791b6a70,0x0000000779700000)
  to   space 16384K, 0% used [0x000000077ba80000,0x000000077ba80000,0x000000077ca80000)
 ParOldGen       total 182272K, used 23657K [0x00000006c6a00000, 0x00000006d1c00000, 0x000000076ce00000)
  object space 182272K, 12% used [0x00000006c6a00000,0x00000006c811a6a8,0x00000006d1c00000)
 Metaspace       used 46966K, capacity 47572K, committed 47872K, reserved 1089536K
  class space    used 6680K, capacity 6851K, committed 6912K, reserved 1048576K
}
Event: 619.345 GC heap before
{Heap before GC invocations=12 (full 2):
 PSYoungGen      total 205824K, used 200410K [0x000000076ce00000, 0x000000077ca80000, 0x00000007c0000000)
  eden space 189440K, 100% used [0x000000076ce00000,0x0000000778700000,0x0000000778700000)
  from space 16384K, 66% used [0x0000000778700000,0x00000007791b6a70,0x0000000779700000)
  to   space 16384K, 0% used [0x000000077ba80000,0x000000077ba80000,0x000000077ca80000)
 ParOldGen       total 182272K, used 23657K [0x00000006c6a00000, 0x00000006d1c00000, 0x000000076ce00000)
  object space 182272K, 12% used [0x00000006c6a00000,0x00000006c811a6a8,0x00000006d1c00000)
 Metaspace       used 50712K, capacity 51876K, committed 52096K, reserved 1093632K
  class space    used 7214K, capacity 7483K, committed 7552K, reserved 1048576K
Event: 619.356 GC heap after
Heap after GC invocations=12 (full 2):
 PSYoungGen      total 196096K, used 11298K [0x000000076ce00000, 0x000000077c600000, 0x00000007c0000000)
  eden space 184320K, 0% used [0x000000076ce00000,0x000000076ce00000,0x0000000778200000)
  from space 11776K, 95% used [0x000000077ba80000,0x000000077c588b30,0x000000077c600000)
  to   space 16384K, 0% used [0x000000077a600000,0x000000077a600000,0x000000077b600000)
 ParOldGen       total 182272K, used 23665K [0x00000006c6a00000, 0x00000006d1c00000, 0x000000076ce00000)
  object space 182272K, 12% used [0x00000006c6a00000,0x00000006c811c6a8,0x00000006d1c00000)
 Metaspace       used 50712K, capacity 51876K, committed 52096K, reserved 1093632K
  class space    used 7214K, capacity 7483K, committed 7552K, reserved 1048576K
}

