# JRE version: Java(TM) SE Runtime Environment (8.0_20-b17) (build 1.8.0_20-ea-b17)
# Java VM: Java HotSpot(TM) 64-Bit Server VM (25.20-b17 mixed mode linux-amd64 compressed oops)
Heap:
 PSYoungGen      total 408576K, used 202678K [0x000000076ce00000, 0x0000000787f00000, 0x00000007c0000000)
  eden space 392192K, 51% used [0x000000076ce00000,0x00000007793eda30,0x0000000784d00000)
  from space 16384K, 0% used [0x0000000786f00000,0x0000000786f00000,0x0000000787f00000)
  to   space 20480K, 0% used [0x0000000785700000,0x0000000785700000,0x0000000786b00000)
 ParOldGen       total 243200K, used 41020K [0x00000006c6a00000, 0x00000006d5780000, 0x000000076ce00000)
  object space 243200K, 16% used [0x00000006c6a00000,0x00000006c920f218,0x00000006d5780000)
 Metaspace       used 57976K, capacity 59134K, committed 59240K, reserved 1099776K
  class space    used 8230K, capacity 8494K, committed 8552K, reserved 1048576K
GC Heap History (10 events):
Event: 4.730 GC heap before
{Heap before GC invocations=7 (full 1):
 PSYoungGen      total 267264K, used 97322K [0x000000076ce00000, 0x0000000780a00000, 0x00000007c0000000)
  eden space 257024K, 35% used [0x000000076ce00000,0x0000000772757028,0x000000077c900000)
  from space 10240K, 57% used [0x000000077c900000,0x000000077ceb3aa0,0x000000077d300000)
  to   space 14848K, 0% used [0x000000077fb80000,0x000000077fb80000,0x0000000780a00000)
 ParOldGen       total 109056K, used 12777K [0x00000006c6a00000, 0x00000006cd480000, 0x000000076ce00000)
  object space 109056K, 11% used [0x00000006c6a00000,0x00000006c767a5d8,0x00000006cd480000)
 Metaspace       used 34635K, capacity 35082K, committed 35320K, reserved 1079296K
  class space    used 4596K, capacity 4705K, committed 4736K, reserved 1048576K
Event: 4.741 GC heap after
Heap after GC invocations=7 (full 1):
 PSYoungGen      total 307712K, used 13137K [0x000000076ce00000, 0x0000000786600000, 0x00000007c0000000)
  eden space 292864K, 0% used [0x000000076ce00000,0x000000076ce00000,0x000000077ec00000)
  from space 14848K, 88% used [0x000000077fb80000,0x00000007808544d8,0x0000000780a00000)
  to   space 15872K, 0% used [0x000000077ec00000,0x000000077ec00000,0x000000077fb80000)
 ParOldGen       total 109056K, used 12785K [0x00000006c6a00000, 0x00000006cd480000, 0x000000076ce00000)
  object space 109056K, 11% used [0x00000006c6a00000,0x00000006c767c5d8,0x00000006cd480000)
 Metaspace       used 34635K, capacity 35082K, committed 35320K, reserved 1079296K
  class space    used 4596K, capacity 4705K, committed 4736K, reserved 1048576K
}
Event: 4.741 GC heap before
{Heap before GC invocations=8 (full 2):
 PSYoungGen      total 307712K, used 13137K [0x000000076ce00000, 0x0000000786600000, 0x00000007c0000000)
  eden space 292864K, 0% used [0x000000076ce00000,0x000000076ce00000,0x000000077ec00000)
  from space 14848K, 88% used [0x000000077fb80000,0x00000007808544d8,0x0000000780a00000)
  to   space 15872K, 0% used [0x000000077ec00000,0x000000077ec00000,0x000000077fb80000)
 ParOldGen       total 109056K, used 12785K [0x00000006c6a00000, 0x00000006cd480000, 0x000000076ce00000)
  object space 109056K, 11% used [0x00000006c6a00000,0x00000006c767c5d8,0x00000006cd480000)
 Metaspace       used 34635K, capacity 35082K, committed 35320K, reserved 1079296K
  class space    used 4596K, capacity 4705K, committed 4736K, reserved 1048576K
Event: 4.805 GC heap after
Heap after GC invocations=8 (full 2):
 PSYoungGen      total 307712K, used 0K [0x000000076ce00000, 0x0000000786600000, 0x00000007c0000000)
  eden space 292864K, 0% used [0x000000076ce00000,0x000000076ce00000,0x000000077ec00000)
  from space 14848K, 0% used [0x000000077fb80000,0x000000077fb80000,0x0000000780a00000)
  to   space 15872K, 0% used [0x000000077ec00000,0x000000077ec00000,0x000000077fb80000)
 ParOldGen       total 171520K, used 23666K [0x00000006c6a00000, 0x00000006d1180000, 0x000000076ce00000)
  object space 171520K, 13% used [0x00000006c6a00000,0x00000006c811cb40,0x00000006d1180000)
 Metaspace       used 34635K, capacity 35082K, committed 35320K, reserved 1079296K
  class space    used 4596K, capacity 4705K, committed 4736K, reserved 1048576K
}
Event: 6.678 GC heap before
{Heap before GC invocations=9 (full 2):
 PSYoungGen      total 307712K, used 292864K [0x000000076ce00000, 0x0000000786600000, 0x00000007c0000000)
  eden space 292864K, 100% used [0x000000076ce00000,0x000000077ec00000,0x000000077ec00000)
  from space 14848K, 0% used [0x000000077fb80000,0x000000077fb80000,0x0000000780a00000)
  to   space 15872K, 0% used [0x000000077ec00000,0x000000077ec00000,0x000000077fb80000)
 ParOldGen       total 171520K, used 23666K [0x00000006c6a00000, 0x00000006d1180000, 0x000000076ce00000)
  object space 171520K, 13% used [0x00000006c6a00000,0x00000006c811cb40,0x00000006d1180000)
 Metaspace       used 44410K, capacity 44946K, committed 45184K, reserved 1087488K
  class space    used 6590K, capacity 6712K, committed 6784K, reserved 1048576K
Event: 6.688 GC heap after
Heap after GC invocations=9 (full 2):
 PSYoungGen      total 308736K, used 12981K [0x000000076ce00000, 0x0000000787f00000, 0x00000007c0000000)
  eden space 292864K, 0% used [0x000000076ce00000,0x000000076ce00000,0x000000077ec00000)
  from space 15872K, 81% used [0x000000077ec00000,0x000000077f8ad708,0x000000077fb80000)
  to   space 16384K, 0% used [0x0000000786f00000,0x0000000786f00000,0x0000000787f00000)
 ParOldGen       total 171520K, used 23674K [0x00000006c6a00000, 0x00000006d1180000, 0x000000076ce00000)
  object space 171520K, 13% used [0x00000006c6a00000,0x00000006c811eb40,0x00000006d1180000)
 Metaspace       used 44410K, capacity 44946K, committed 45184K, reserved 1087488K
  class space    used 6590K, capacity 6712K, committed 6784K, reserved 1048576K
}
Event: 35.003 GC heap before
{Heap before GC invocations=10 (full 2):
 PSYoungGen      total 308736K, used 303266K [0x000000076ce00000, 0x0000000787f00000, 0x00000007c0000000)
  eden space 292864K, 99% used [0x000000076ce00000,0x000000077e97b308,0x000000077ec00000)
  from space 15872K, 81% used [0x000000077ec00000,0x000000077f8ad708,0x000000077fb80000)
  to   space 16384K, 0% used [0x0000000786f00000,0x0000000786f00000,0x0000000787f00000)
 ParOldGen       total 171520K, used 23674K [0x00000006c6a00000, 0x00000006d1180000, 0x000000076ce00000)
  object space 171520K, 13% used [0x00000006c6a00000,0x00000006c811eb40,0x00000006d1180000)
 Metaspace       used 57201K, capacity 58396K, committed 58472K, reserved 1099776K
  class space    used 8186K, capacity 8479K, committed 8552K, reserved 1048576K
Event: 35.025 GC heap after
Heap after GC invocations=10 (full 2):
 PSYoungGen      total 408576K, used 16355K [0x000000076ce00000, 0x0000000787f00000, 0x00000007c0000000)
  eden space 392192K, 0% used [0x000000076ce00000,0x000000076ce00000,0x0000000784d00000)
  from space 16384K, 99% used [0x0000000786f00000,0x0000000787ef8ca0,0x0000000787f00000)
  to   space 20480K, 0% used [0x0000000785700000,0x0000000785700000,0x0000000786b00000)
 ParOldGen       total 171520K, used 29079K [0x00000006c6a00000, 0x00000006d1180000, 0x000000076ce00000)
  object space 171520K, 16% used [0x00000006c6a00000,0x00000006c8665c28,0x00000006d1180000)
 Metaspace       used 57201K, capacity 58396K, committed 58472K, reserved 1099776K
  class space    used 8186K, capacity 8479K, committed 8552K, reserved 1048576K
}
Event: 35.025 GC heap before
{Heap before GC invocations=11 (full 3):
 PSYoungGen      total 408576K, used 16355K [0x000000076ce00000, 0x0000000787f00000, 0x00000007c0000000)
  eden space 392192K, 0% used [0x000000076ce00000,0x000000076ce00000,0x0000000784d00000)
  from space 16384K, 99% used [0x0000000786f00000,0x0000000787ef8ca0,0x0000000787f00000)
  to   space 20480K, 0% used [0x0000000785700000,0x0000000785700000,0x0000000786b00000)
 ParOldGen       total 171520K, used 29079K [0x00000006c6a00000, 0x00000006d1180000, 0x000000076ce00000)
  object space 171520K, 16% used [0x00000006c6a00000,0x00000006c8665c28,0x00000006d1180000)
 Metaspace       used 57201K, capacity 58396K, committed 58472K, reserved 1099776K
  class space    used 8186K, capacity 8479K, committed 8552K, reserved 1048576K
Event: 35.216 GC heap after
Heap after GC invocations=11 (full 3):
 PSYoungGen      total 408576K, used 0K [0x000000076ce00000, 0x0000000787f00000, 0x00000007c0000000)
  eden space 392192K, 0% used [0x000000076ce00000,0x000000076ce00000,0x0000000784d00000)
  from space 16384K, 0% used [0x0000000786f00000,0x0000000786f00000,0x0000000787f00000)
  to   space 20480K, 0% used [0x0000000785700000,0x0000000785700000,0x0000000786b00000)
 ParOldGen       total 243200K, used 41020K [0x00000006c6a00000, 0x00000006d5780000, 0x000000076ce00000)
  object space 243200K, 16% used [0x00000006c6a00000,0x00000006c920f218,0x00000006d5780000)
 Metaspace       used 57141K, capacity 58312K, committed 58472K, reserved 1099776K
  class space    used 8185K, capacity 8475K, committed 8552K, reserved 1048576K
}

