# JRE version: Java(TM) SE Runtime Environment (8.0_20-b17) (build 1.8.0_20-ea-b17)
# Java VM: Java HotSpot(TM) 64-Bit Server VM (25.20-b17 mixed mode linux-amd64 compressed oops)
Heap:
 PSYoungGen      total 424448K, used 171612K [0x000000076ce00000, 0x0000000788380000, 0x00000007c0000000)
  eden space 403456K, 42% used [0x000000076ce00000,0x0000000777387fb8,0x0000000785800000)
  from space 20992K, 10% used [0x0000000786d80000,0x0000000786f8f3f0,0x0000000788200000)
  to   space 22016K, 0% used [0x0000000785800000,0x0000000785800000,0x0000000786d80000)
 ParOldGen       total 263168K, used 35063K [0x00000006c6a00000, 0x00000006d6b00000, 0x000000076ce00000)
  object space 263168K, 13% used [0x00000006c6a00000,0x00000006c8c3de48,0x00000006d6b00000)
 Metaspace       used 58874K, capacity 60148K, committed 60384K, reserved 1101824K
  class space    used 8315K, capacity 8599K, committed 8704K, reserved 1048576K
GC Heap History (10 events):
Event: 6.209 GC heap before
{Heap before GC invocations=9 (full 2):
 PSYoungGen      total 275968K, used 261120K [0x000000076ce00000, 0x0000000784b00000, 0x00000007c0000000)
  eden space 261120K, 100% used [0x000000076ce00000,0x000000077cd00000,0x000000077cd00000)
  from space 14848K, 0% used [0x000000077db00000,0x000000077db00000,0x000000077e980000)
  to   space 14336K, 0% used [0x000000077cd00000,0x000000077cd00000,0x000000077db00000)
 ParOldGen       total 182784K, used 21436K [0x00000006c6a00000, 0x00000006d1c80000, 0x000000076ce00000)
  object space 182784K, 11% used [0x00000006c6a00000,0x00000006c7eef3a8,0x00000006d1c80000)
 Metaspace       used 42943K, capacity 43772K, committed 44024K, reserved 1087488K
  class space    used 6217K, capacity 6399K, committed 6400K, reserved 1048576K
Event: 6.221 GC heap after
Heap after GC invocations=9 (full 2):
 PSYoungGen      total 275456K, used 12198K [0x000000076ce00000, 0x0000000784880000, 0x00000007c0000000)
  eden space 261120K, 0% used [0x000000076ce00000,0x000000076ce00000,0x000000077cd00000)
  from space 14336K, 85% used [0x000000077cd00000,0x000000077d8e9828,0x000000077db00000)
  to   space 14848K, 0% used [0x0000000783a00000,0x0000000783a00000,0x0000000784880000)
 ParOldGen       total 182784K, used 21444K [0x00000006c6a00000, 0x00000006d1c80000, 0x000000076ce00000)
  object space 182784K, 11% used [0x00000006c6a00000,0x00000006c7ef13a8,0x00000006d1c80000)
 Metaspace       used 42943K, capacity 43772K, committed 44024K, reserved 1087488K
  class space    used 6217K, capacity 6399K, committed 6400K, reserved 1048576K
}
Event: 19.189 GC heap before
{Heap before GC invocations=10 (full 2):
 PSYoungGen      total 275456K, used 273318K [0x000000076ce00000, 0x0000000784880000, 0x00000007c0000000)
  eden space 261120K, 100% used [0x000000076ce00000,0x000000077cd00000,0x000000077cd00000)
  from space 14336K, 85% used [0x000000077cd00000,0x000000077d8e9828,0x000000077db00000)
  to   space 14848K, 0% used [0x0000000783a00000,0x0000000783a00000,0x0000000784880000)
 ParOldGen       total 182784K, used 21444K [0x00000006c6a00000, 0x00000006d1c80000, 0x000000076ce00000)
  object space 182784K, 11% used [0x00000006c6a00000,0x00000006c7ef13a8,0x00000006d1c80000)
 Metaspace       used 56541K, capacity 57650K, committed 57848K, reserved 1099776K
  class space    used 8158K, capacity 8424K, committed 8448K, reserved 1048576K
Event: 19.212 GC heap after
Heap after GC invocations=10 (full 2):
 PSYoungGen      total 358400K, used 14832K [0x000000076ce00000, 0x0000000784880000, 0x00000007c0000000)
  eden space 343552K, 0% used [0x000000076ce00000,0x000000076ce00000,0x0000000781d80000)
  from space 14848K, 99% used [0x0000000783a00000,0x000000078487c138,0x0000000784880000)
  to   space 20480K, 0% used [0x0000000782080000,0x0000000782080000,0x0000000783480000)
 ParOldGen       total 182784K, used 30780K [0x00000006c6a00000, 0x00000006d1c80000, 0x000000076ce00000)
  object space 182784K, 16% used [0x00000006c6a00000,0x00000006c880f018,0x00000006d1c80000)
 Metaspace       used 56541K, capacity 57650K, committed 57848K, reserved 1099776K
  class space    used 8158K, capacity 8424K, committed 8448K, reserved 1048576K
}
Event: 23.445 GC heap before
{Heap before GC invocations=11 (full 2):
 PSYoungGen      total 358400K, used 116374K [0x000000076ce00000, 0x0000000784880000, 0x00000007c0000000)
  eden space 343552K, 29% used [0x000000076ce00000,0x0000000773129850,0x0000000781d80000)
  from space 14848K, 99% used [0x0000000783a00000,0x000000078487c138,0x0000000784880000)
  to   space 20480K, 0% used [0x0000000782080000,0x0000000782080000,0x0000000783480000)
 ParOldGen       total 182784K, used 30780K [0x00000006c6a00000, 0x00000006d1c80000, 0x000000076ce00000)
  object space 182784K, 16% used [0x00000006c6a00000,0x00000006c880f018,0x00000006d1c80000)
 Metaspace       used 57454K, capacity 58648K, committed 58720K, reserved 1099776K
  class space    used 8251K, capacity 8537K, committed 8576K, reserved 1048576K
Event: 23.474 GC heap after
Heap after GC invocations=11 (full 2):
 PSYoungGen      total 367104K, used 15835K [0x000000076ce00000, 0x0000000788200000, 0x00000007c0000000)
  eden space 346624K, 0% used [0x000000076ce00000,0x000000076ce00000,0x0000000782080000)
  from space 20480K, 77% used [0x0000000782080000,0x0000000782ff6d88,0x0000000783480000)
  to   space 20992K, 0% used [0x0000000786d80000,0x0000000786d80000,0x0000000788200000)
 ParOldGen       total 182784K, used 30788K [0x00000006c6a00000, 0x00000006d1c80000, 0x000000076ce00000)
  object space 182784K, 16% used [0x00000006c6a00000,0x00000006c8811018,0x00000006d1c80000)
 Metaspace       used 57454K, capacity 58648K, committed 58720K, reserved 1099776K
  class space    used 8251K, capacity 8537K, committed 8576K, reserved 1048576K
}
Event: 23.474 GC heap before
{Heap before GC invocations=12 (full 3):
 PSYoungGen      total 367104K, used 15835K [0x000000076ce00000, 0x0000000788200000, 0x00000007c0000000)
  eden space 346624K, 0% used [0x000000076ce00000,0x000000076ce00000,0x0000000782080000)
  from space 20480K, 77% used [0x0000000782080000,0x0000000782ff6d88,0x0000000783480000)
  to   space 20992K, 0% used [0x0000000786d80000,0x0000000786d80000,0x0000000788200000)
 ParOldGen       total 182784K, used 30788K [0x00000006c6a00000, 0x00000006d1c80000, 0x000000076ce00000)
  object space 182784K, 16% used [0x00000006c6a00000,0x00000006c8811018,0x00000006d1c80000)
 Metaspace       used 57454K, capacity 58648K, committed 58720K, reserved 1099776K
  class space    used 8251K, capacity 8537K, committed 8576K, reserved 1048576K
Event: 23.679 GC heap after
Heap after GC invocations=12 (full 3):
 PSYoungGen      total 367104K, used 0K [0x000000076ce00000, 0x0000000788200000, 0x00000007c0000000)
  eden space 346624K, 0% used [0x000000076ce00000,0x000000076ce00000,0x0000000782080000)
  from space 20480K, 0% used [0x0000000782080000,0x0000000782080000,0x0000000783480000)
  to   space 20992K, 0% used [0x0000000786d80000,0x0000000786d80000,0x0000000788200000)
 ParOldGen       total 263168K, used 35055K [0x00000006c6a00000, 0x00000006d6b00000, 0x000000076ce00000)
  object space 263168K, 13% used [0x00000006c6a00000,0x00000006c8c3be48,0x00000006d6b00000)
 Metaspace       used 57394K, capacity 58564K, committed 58720K, reserved 1099776K
  class space    used 8250K, capacity 8533K, committed 8576K, reserved 1048576K
}
Event: 310.023 GC heap before
{Heap before GC invocations=13 (full 3):
 PSYoungGen      total 367104K, used 346560K [0x000000076ce00000, 0x0000000788200000, 0x00000007c0000000)
  eden space 346624K, 99% used [0x000000076ce00000,0x0000000782070090,0x0000000782080000)
  from space 20480K, 0% used [0x0000000782080000,0x0000000782080000,0x0000000783480000)
  to   space 20992K, 0% used [0x0000000786d80000,0x0000000786d80000,0x0000000788200000)
 ParOldGen       total 263168K, used 35055K [0x00000006c6a00000, 0x00000006d6b00000, 0x000000076ce00000)
  object space 263168K, 13% used [0x00000006c6a00000,0x00000006c8c3be48,0x00000006d6b00000)
 Metaspace       used 58510K, capacity 59798K, committed 60128K, reserved 1101824K
  class space    used 8294K, capacity 8594K, committed 8704K, reserved 1048576K
Event: 310.028 GC heap after
Heap after GC invocations=13 (full 3):
 PSYoungGen      total 424448K, used 2108K [0x000000076ce00000, 0x0000000788380000, 0x00000007c0000000)
  eden space 403456K, 0% used [0x000000076ce00000,0x000000076ce00000,0x0000000785800000)
  from space 20992K, 10% used [0x0000000786d80000,0x0000000786f8f3f0,0x0000000788200000)
  to   space 22016K, 0% used [0x0000000785800000,0x0000000785800000,0x0000000786d80000)
 ParOldGen       total 263168K, used 35063K [0x00000006c6a00000, 0x00000006d6b00000, 0x000000076ce00000)
  object space 263168K, 13% used [0x00000006c6a00000,0x00000006c8c3de48,0x00000006d6b00000)
 Metaspace       used 58510K, capacity 59798K, committed 60128K, reserved 1101824K
  class space    used 8294K, capacity 8594K, committed 8704K, reserved 1048576K
}

