# JRE version: Java(TM) SE Runtime Environment (8.0_20-b17) (build 1.8.0_20-ea-b17)
# Java VM: Java HotSpot(TM) 64-Bit Server VM (25.20-b17 mixed mode linux-amd64 compressed oops)
Heap:
 PSYoungGen      total 468992K, used 311374K [0x000000076ce00000, 0x000000078bd00000, 0x00000007c0000000)
  eden space 456192K, 65% used [0x000000076ce00000,0x000000077f1b9a30,0x0000000788b80000)
  from space 12800K, 98% used [0x000000078b080000,0x000000078bcda0c8,0x000000078bd00000)
  to   space 15872K, 0% used [0x0000000789e00000,0x0000000789e00000,0x000000078ad80000)
 ParOldGen       total 154112K, used 23413K [0x00000006c6a00000, 0x00000006d0080000, 0x000000076ce00000)
  object space 154112K, 15% used [0x00000006c6a00000,0x00000006c80dd578,0x00000006d0080000)
 Metaspace       used 51350K, capacity 52766K, committed 52984K, reserved 1095680K
  class space    used 7321K, capacity 7626K, committed 7672K, reserved 1048576K
GC Heap History (10 events):
Event: 4.443 GC heap before
{Heap before GC invocations=6 (full 1):
 PSYoungGen      total 218624K, used 218381K [0x000000076ce00000, 0x000000077dd00000, 0x00000007c0000000)
  eden space 209408K, 100% used [0x000000076ce00000,0x0000000779a80000,0x0000000779a80000)
  from space 9216K, 97% used [0x000000077d400000,0x000000077dcc34c0,0x000000077dd00000)
  to   space 10240K, 0% used [0x000000077c900000,0x000000077c900000,0x000000077d300000)
 ParOldGen       total 101376K, used 12769K [0x00000006c6a00000, 0x00000006ccd00000, 0x000000076ce00000)
  object space 101376K, 12% used [0x00000006c6a00000,0x00000006c7678730,0x00000006ccd00000)
 Metaspace       used 29702K, capacity 30136K, committed 30464K, reserved 1077248K
  class space    used 3349K, capacity 3485K, committed 3584K, reserved 1048576K
Event: 4.450 GC heap after
Heap after GC invocations=6 (full 1):
 PSYoungGen      total 267264K, used 6696K [0x000000076ce00000, 0x0000000782e80000, 0x00000007c0000000)
  eden space 257024K, 0% used [0x000000076ce00000,0x000000076ce00000,0x000000077c900000)
  from space 10240K, 65% used [0x000000077c900000,0x000000077cf8a2c0,0x000000077d300000)
  to   space 14336K, 0% used [0x0000000782080000,0x0000000782080000,0x0000000782e80000)
 ParOldGen       total 101376K, used 12777K [0x00000006c6a00000, 0x00000006ccd00000, 0x000000076ce00000)
  object space 101376K, 12% used [0x00000006c6a00000,0x00000006c767a730,0x00000006ccd00000)
 Metaspace       used 29702K, capacity 30136K, committed 30464K, reserved 1077248K
  class space    used 3349K, capacity 3485K, committed 3584K, reserved 1048576K
}
Event: 4.953 GC heap before
{Heap before GC invocations=7 (full 1):
 PSYoungGen      total 267264K, used 77919K [0x000000076ce00000, 0x0000000782e80000, 0x00000007c0000000)
  eden space 257024K, 27% used [0x000000076ce00000,0x000000077138dac0,0x000000077c900000)
  from space 10240K, 65% used [0x000000077c900000,0x000000077cf8a2c0,0x000000077d300000)
  to   space 14336K, 0% used [0x0000000782080000,0x0000000782080000,0x0000000782e80000)
 ParOldGen       total 101376K, used 12777K [0x00000006c6a00000, 0x00000006ccd00000, 0x000000076ce00000)
  object space 101376K, 12% used [0x00000006c6a00000,0x00000006c767a730,0x00000006ccd00000)
 Metaspace       used 34646K, capacity 35050K, committed 35320K, reserved 1079296K
  class space    used 4618K, capacity 4737K, committed 4856K, reserved 1048576K
Event: 4.964 GC heap after
Heap after GC invocations=7 (full 1):
 PSYoungGen      total 345600K, used 12801K [0x000000076ce00000, 0x0000000787900000, 0x00000007c0000000)
  eden space 331264K, 0% used [0x000000076ce00000,0x000000076ce00000,0x0000000781180000)
  from space 14336K, 89% used [0x0000000782080000,0x0000000782d004a0,0x0000000782e80000)
  to   space 15360K, 0% used [0x0000000781180000,0x0000000781180000,0x0000000782080000)
 ParOldGen       total 101376K, used 12785K [0x00000006c6a00000, 0x00000006ccd00000, 0x000000076ce00000)
  object space 101376K, 12% used [0x00000006c6a00000,0x00000006c767c730,0x00000006ccd00000)
 Metaspace       used 34646K, capacity 35050K, committed 35320K, reserved 1079296K
  class space    used 4618K, capacity 4737K, committed 4856K, reserved 1048576K
}
Event: 4.964 GC heap before
{Heap before GC invocations=8 (full 2):
 PSYoungGen      total 345600K, used 12801K [0x000000076ce00000, 0x0000000787900000, 0x00000007c0000000)
  eden space 331264K, 0% used [0x000000076ce00000,0x000000076ce00000,0x0000000781180000)
  from space 14336K, 89% used [0x0000000782080000,0x0000000782d004a0,0x0000000782e80000)
  to   space 15360K, 0% used [0x0000000781180000,0x0000000781180000,0x0000000782080000)
 ParOldGen       total 101376K, used 12785K [0x00000006c6a00000, 0x00000006ccd00000, 0x000000076ce00000)
  object space 101376K, 12% used [0x00000006c6a00000,0x00000006c767c730,0x00000006ccd00000)
 Metaspace       used 34646K, capacity 35050K, committed 35320K, reserved 1079296K
  class space    used 4618K, capacity 4737K, committed 4856K, reserved 1048576K
Event: 5.032 GC heap after
Heap after GC invocations=8 (full 2):
 PSYoungGen      total 345600K, used 0K [0x000000076ce00000, 0x0000000787900000, 0x00000007c0000000)
  eden space 331264K, 0% used [0x000000076ce00000,0x000000076ce00000,0x0000000781180000)
  from space 14336K, 0% used [0x0000000782080000,0x0000000782080000,0x0000000782e80000)
  to   space 15360K, 0% used [0x0000000781180000,0x0000000781180000,0x0000000782080000)
 ParOldGen       total 154112K, used 23397K [0x00000006c6a00000, 0x00000006d0080000, 0x000000076ce00000)
  object space 154112K, 15% used [0x00000006c6a00000,0x00000006c80d9578,0x00000006d0080000)
 Metaspace       used 34646K, capacity 35050K, committed 35320K, reserved 1079296K
  class space    used 4618K, capacity 4737K, committed 4856K, reserved 1048576K
}
Event: 13.199 GC heap before
{Heap before GC invocations=9 (full 2):
 PSYoungGen      total 345600K, used 331264K [0x000000076ce00000, 0x0000000787900000, 0x00000007c0000000)
  eden space 331264K, 100% used [0x000000076ce00000,0x0000000781180000,0x0000000781180000)
  from space 14336K, 0% used [0x0000000782080000,0x0000000782080000,0x0000000782e80000)
  to   space 15360K, 0% used [0x0000000781180000,0x0000000781180000,0x0000000782080000)
 ParOldGen       total 154112K, used 23397K [0x00000006c6a00000, 0x00000006d0080000, 0x000000076ce00000)
  object space 154112K, 15% used [0x00000006c6a00000,0x00000006c80d9578,0x00000006d0080000)
 Metaspace       used 45847K, capacity 46478K, committed 46840K, reserved 1089536K
  class space    used 6619K, capacity 6786K, committed 6904K, reserved 1048576K
Event: 13.210 GC heap after
Heap after GC invocations=9 (full 2):
 PSYoungGen      total 346624K, used 12050K [0x000000076ce00000, 0x000000078bf80000, 0x00000007c0000000)
  eden space 331264K, 0% used [0x000000076ce00000,0x000000076ce00000,0x0000000781180000)
  from space 15360K, 78% used [0x0000000781180000,0x0000000781d44938,0x0000000782080000)
  to   space 15360K, 0% used [0x000000078b080000,0x000000078b080000,0x000000078bf80000)
 ParOldGen       total 154112K, used 23405K [0x00000006c6a00000, 0x00000006d0080000, 0x000000076ce00000)
  object space 154112K, 15% used [0x00000006c6a00000,0x00000006c80db578,0x00000006d0080000)
 Metaspace       used 45847K, capacity 46478K, committed 46840K, reserved 1089536K
  class space    used 6619K, capacity 6786K, committed 6904K, reserved 1048576K
}
Event: 59.326 GC heap before
{Heap before GC invocations=10 (full 2):
 PSYoungGen      total 346624K, used 343314K [0x000000076ce00000, 0x000000078bf80000, 0x00000007c0000000)
  eden space 331264K, 100% used [0x000000076ce00000,0x0000000781180000,0x0000000781180000)
  from space 15360K, 78% used [0x0000000781180000,0x0000000781d44938,0x0000000782080000)
  to   space 15360K, 0% used [0x000000078b080000,0x000000078b080000,0x000000078bf80000)
 ParOldGen       total 154112K, used 23405K [0x00000006c6a00000, 0x00000006d0080000, 0x000000076ce00000)
  object space 154112K, 15% used [0x00000006c6a00000,0x00000006c80db578,0x00000006d0080000)
 Metaspace       used 50919K, capacity 52340K, committed 52472K, reserved 1093632K
  class space    used 7299K, capacity 7619K, committed 7672K, reserved 1048576K
Event: 59.340 GC heap after
Heap after GC invocations=10 (full 2):
 PSYoungGen      total 468992K, used 12648K [0x000000076ce00000, 0x000000078bd00000, 0x00000007c0000000)
  eden space 456192K, 0% used [0x000000076ce00000,0x000000076ce00000,0x0000000788b80000)
  from space 12800K, 98% used [0x000000078b080000,0x000000078bcda0c8,0x000000078bd00000)
  to   space 15872K, 0% used [0x0000000789e00000,0x0000000789e00000,0x000000078ad80000)
 ParOldGen       total 154112K, used 23413K [0x00000006c6a00000, 0x00000006d0080000, 0x000000076ce00000)
  object space 154112K, 15% used [0x00000006c6a00000,0x00000006c80dd578,0x00000006d0080000)
 Metaspace       used 50919K, capacity 52340K, committed 52472K, reserved 1093632K
  class space    used 7299K, capacity 7619K, committed 7672K, reserved 1048576K
}

