# JRE version: Java(TM) SE Runtime Environment (8.0_20-b17) (build 1.8.0_20-ea-b17)
# Java VM: Java HotSpot(TM) 64-Bit Server VM (25.20-b17 mixed mode linux-amd64 compressed oops)
Heap:
 PSYoungGen      total 368640K, used 138500K [0x000000076ce00000, 0x0000000785780000, 0x00000007c0000000)
  eden space 351232K, 34% used [0x000000076ce00000,0x0000000774445428,0x0000000782500000)
  from space 17408K, 99% used [0x0000000784680000,0x000000078577bca8,0x0000000785780000)
  to   space 20992K, 0% used [0x0000000782e80000,0x0000000782e80000,0x0000000784300000)
 ParOldGen       total 180736K, used 26320K [0x00000006c6a00000, 0x00000006d1a80000, 0x000000076ce00000)
  object space 180736K, 14% used [0x00000006c6a00000,0x00000006c83b42e0,0x00000006d1a80000)
 Metaspace       used 54133K, capacity 55266K, committed 55424K, reserved 1097728K
  class space    used 7483K, capacity 7754K, committed 7808K, reserved 1048576K
GC Heap History (10 events):
Event: 4.219 GC heap before
{Heap before GC invocations=6 (full 1):
 PSYoungGen      total 196608K, used 196479K [0x000000076ce00000, 0x000000077dd00000, 0x00000007c0000000)
  eden space 187392K, 100% used [0x000000076ce00000,0x0000000778500000,0x0000000778500000)
  from space 9216K, 98% used [0x000000077d400000,0x000000077dcdfef0,0x000000077dd00000)
  to   space 10240K, 0% used [0x000000077c900000,0x000000077c900000,0x000000077d300000)
 ParOldGen       total 112640K, used 12795K [0x00000006c6a00000, 0x00000006cd800000, 0x000000076ce00000)
  object space 112640K, 11% used [0x00000006c6a00000,0x00000006c767ee18,0x00000006cd800000)
 Metaspace       used 29212K, capacity 29592K, committed 29824K, reserved 1075200K
  class space    used 3252K, capacity 3389K, committed 3456K, reserved 1048576K
Event: 4.225 GC heap after
Heap after GC invocations=6 (full 1):
 PSYoungGen      total 267264K, used 5829K [0x000000076ce00000, 0x000000077f280000, 0x00000007c0000000)
  eden space 257024K, 0% used [0x000000076ce00000,0x000000076ce00000,0x000000077c900000)
  from space 10240K, 56% used [0x000000077c900000,0x000000077ceb15f0,0x000000077d300000)
  to   space 14848K, 0% used [0x000000077e400000,0x000000077e400000,0x000000077f280000)
 ParOldGen       total 112640K, used 12803K [0x00000006c6a00000, 0x00000006cd800000, 0x000000076ce00000)
  object space 112640K, 11% used [0x00000006c6a00000,0x00000006c7680e18,0x00000006cd800000)
 Metaspace       used 29212K, capacity 29592K, committed 29824K, reserved 1075200K
  class space    used 3252K, capacity 3389K, committed 3456K, reserved 1048576K
}
Event: 4.941 GC heap before
{Heap before GC invocations=7 (full 1):
 PSYoungGen      total 267264K, used 103079K [0x000000076ce00000, 0x000000077f280000, 0x00000007c0000000)
  eden space 257024K, 37% used [0x000000076ce00000,0x0000000772cf8760,0x000000077c900000)
  from space 10240K, 56% used [0x000000077c900000,0x000000077ceb15f0,0x000000077d300000)
  to   space 14848K, 0% used [0x000000077e400000,0x000000077e400000,0x000000077f280000)
 ParOldGen       total 112640K, used 12803K [0x00000006c6a00000, 0x00000006cd800000, 0x000000076ce00000)
  object space 112640K, 11% used [0x00000006c6a00000,0x00000006c7680e18,0x00000006cd800000)
 Metaspace       used 34701K, capacity 35114K, committed 35320K, reserved 1079296K
  class space    used 4560K, capacity 4673K, committed 4736K, reserved 1048576K
Event: 4.953 GC heap after
Heap after GC invocations=7 (full 1):
 PSYoungGen      total 283648K, used 13125K [0x000000076ce00000, 0x0000000785580000, 0x00000007c0000000)
  eden space 268800K, 0% used [0x000000076ce00000,0x000000076ce00000,0x000000077d480000)
  from space 14848K, 88% used [0x000000077e400000,0x000000077f0d14c0,0x000000077f280000)
  to   space 15872K, 0% used [0x000000077d480000,0x000000077d480000,0x000000077e400000)
 ParOldGen       total 112640K, used 12811K [0x00000006c6a00000, 0x00000006cd800000, 0x000000076ce00000)
  object space 112640K, 11% used [0x00000006c6a00000,0x00000006c7682e18,0x00000006cd800000)
 Metaspace       used 34701K, capacity 35114K, committed 35320K, reserved 1079296K
  class space    used 4560K, capacity 4673K, committed 4736K, reserved 1048576K
}
Event: 4.953 GC heap before
{Heap before GC invocations=8 (full 2):
 PSYoungGen      total 283648K, used 13125K [0x000000076ce00000, 0x0000000785580000, 0x00000007c0000000)
  eden space 268800K, 0% used [0x000000076ce00000,0x000000076ce00000,0x000000077d480000)
  from space 14848K, 88% used [0x000000077e400000,0x000000077f0d14c0,0x000000077f280000)
  to   space 15872K, 0% used [0x000000077d480000,0x000000077d480000,0x000000077e400000)
 ParOldGen       total 112640K, used 12811K [0x00000006c6a00000, 0x00000006cd800000, 0x000000076ce00000)
  object space 112640K, 11% used [0x00000006c6a00000,0x00000006c7682e18,0x00000006cd800000)
 Metaspace       used 34701K, capacity 35114K, committed 35320K, reserved 1079296K
  class space    used 4560K, capacity 4673K, committed 4736K, reserved 1048576K
Event: 5.022 GC heap after
Heap after GC invocations=8 (full 2):
 PSYoungGen      total 283648K, used 0K [0x000000076ce00000, 0x0000000785580000, 0x00000007c0000000)
  eden space 268800K, 0% used [0x000000076ce00000,0x000000076ce00000,0x000000077d480000)
  from space 14848K, 0% used [0x000000077e400000,0x000000077e400000,0x000000077f280000)
  to   space 15872K, 0% used [0x000000077d480000,0x000000077d480000,0x000000077e400000)
 ParOldGen       total 180736K, used 23640K [0x00000006c6a00000, 0x00000006d1a80000, 0x000000076ce00000)
  object space 180736K, 13% used [0x00000006c6a00000,0x00000006c8116380,0x00000006d1a80000)
 Metaspace       used 34701K, capacity 35114K, committed 35320K, reserved 1079296K
  class space    used 4560K, capacity 4673K, committed 4736K, reserved 1048576K
}
Event: 6.532 GC heap before
{Heap before GC invocations=9 (full 2):
 PSYoungGen      total 283648K, used 268800K [0x000000076ce00000, 0x0000000785580000, 0x00000007c0000000)
  eden space 268800K, 100% used [0x000000076ce00000,0x000000077d480000,0x000000077d480000)
  from space 14848K, 0% used [0x000000077e400000,0x000000077e400000,0x000000077f280000)
  to   space 15872K, 0% used [0x000000077d480000,0x000000077d480000,0x000000077e400000)
 ParOldGen       total 180736K, used 23640K [0x00000006c6a00000, 0x00000006d1a80000, 0x000000076ce00000)
  object space 180736K, 13% used [0x00000006c6a00000,0x00000006c8116380,0x00000006d1a80000)
 Metaspace       used 41088K, capacity 41646K, committed 41984K, reserved 1085440K
  class space    used 5928K, capacity 6066K, committed 6144K, reserved 1048576K
Event: 6.541 GC heap after
Heap after GC invocations=9 (full 2):
 PSYoungGen      total 284672K, used 15558K [0x000000076ce00000, 0x0000000785780000, 0x00000007c0000000)
  eden space 268800K, 0% used [0x000000076ce00000,0x000000076ce00000,0x000000077d480000)
  from space 15872K, 98% used [0x000000077d480000,0x000000077e3b1a30,0x000000077e400000)
  to   space 17408K, 0% used [0x0000000784680000,0x0000000784680000,0x0000000785780000)
 ParOldGen       total 180736K, used 23648K [0x00000006c6a00000, 0x00000006d1a80000, 0x000000076ce00000)
  object space 180736K, 13% used [0x00000006c6a00000,0x00000006c8118380,0x00000006d1a80000)
 Metaspace       used 41088K, capacity 41646K, committed 41984K, reserved 1085440K
  class space    used 5928K, capacity 6066K, committed 6144K, reserved 1048576K
}
Event: 39.505 GC heap before
{Heap before GC invocations=10 (full 2):
 PSYoungGen      total 284672K, used 284358K [0x000000076ce00000, 0x0000000785780000, 0x00000007c0000000)
  eden space 268800K, 100% used [0x000000076ce00000,0x000000077d480000,0x000000077d480000)
  from space 15872K, 98% used [0x000000077d480000,0x000000077e3b1a30,0x000000077e400000)
  to   space 17408K, 0% used [0x0000000784680000,0x0000000784680000,0x0000000785780000)
 ParOldGen       total 180736K, used 23648K [0x00000006c6a00000, 0x00000006d1a80000, 0x000000076ce00000)
  object space 180736K, 13% used [0x00000006c6a00000,0x00000006c8118380,0x00000006d1a80000)
 Metaspace       used 53573K, capacity 54746K, committed 54912K, reserved 1095680K
  class space    used 7457K, capacity 7716K, committed 7808K, reserved 1048576K
Event: 39.525 GC heap after
Heap after GC invocations=10 (full 2):
 PSYoungGen      total 368640K, used 17391K [0x000000076ce00000, 0x0000000785780000, 0x00000007c0000000)
  eden space 351232K, 0% used [0x000000076ce00000,0x000000076ce00000,0x0000000782500000)
  from space 17408K, 99% used [0x0000000784680000,0x000000078577bca8,0x0000000785780000)
  to   space 20992K, 0% used [0x0000000782e80000,0x0000000782e80000,0x0000000784300000)
 ParOldGen       total 180736K, used 26320K [0x00000006c6a00000, 0x00000006d1a80000, 0x000000076ce00000)
  object space 180736K, 14% used [0x00000006c6a00000,0x00000006c83b42e0,0x00000006d1a80000)
 Metaspace       used 53573K, capacity 54746K, committed 54912K, reserved 1095680K
  class space    used 7457K, capacity 7716K, committed 7808K, reserved 1048576K
}

