# JRE version: Java(TM) SE Runtime Environment (8.0_20-b17) (build 1.8.0_20-ea-b17)
# Java VM: Java HotSpot(TM) 64-Bit Server VM (25.20-b17 mixed mode linux-amd64 compressed oops)
Heap:
 PSYoungGen      total 221184K, used 182727K [0x000000076ce00000, 0x000000077d780000, 0x00000007c0000000)
  eden space 204800K, 83% used [0x000000076ce00000,0x000000077745b898,0x0000000779600000)
  from space 16384K, 75% used [0x0000000779600000,0x000000077a216410,0x000000077a600000)
  to   space 16896K, 0% used [0x000000077c700000,0x000000077c700000,0x000000077d780000)
 ParOldGen       total 174592K, used 23651K [0x00000006c6a00000, 0x00000006d1480000, 0x000000076ce00000)
  object space 174592K, 13% used [0x00000006c6a00000,0x00000006c8118f78,0x00000006d1480000)
 Metaspace       used 50547K, capacity 51684K, committed 51840K, reserved 1093632K
  class space    used 7181K, capacity 7451K, committed 7552K, reserved 1048576K
GC Heap History (10 events):
Event: 4.247 GC heap before
{Heap before GC invocations=7 (full 1):
 PSYoungGen      total 137216K, used 133281K [0x000000076ce00000, 0x0000000777a80000, 0x00000007c0000000)
  eden space 126976K, 100% used [0x000000076ce00000,0x0000000774a00000,0x0000000774a00000)
  from space 10240K, 61% used [0x0000000774a00000,0x0000000775028490,0x0000000775400000)
  to   space 14848K, 0% used [0x0000000776c00000,0x0000000776c00000,0x0000000777a80000)
 ParOldGen       total 108544K, used 12804K [0x00000006c6a00000, 0x00000006cd400000, 0x000000076ce00000)
  object space 108544K, 11% used [0x00000006c6a00000,0x00000006c76812f8,0x00000006cd400000)
 Metaspace       used 29160K, capacity 29592K, committed 29824K, reserved 1075200K
  class space    used 3247K, capacity 3389K, committed 3456K, reserved 1048576K
Event: 4.252 GC heap after
Heap after GC invocations=7 (full 1):
 PSYoungGen      total 161792K, used 5694K [0x000000076ce00000, 0x000000077a180000, 0x00000007c0000000)
  eden space 146944K, 0% used [0x000000076ce00000,0x000000076ce00000,0x0000000775d80000)
  from space 14848K, 38% used [0x0000000776c00000,0x000000077718faa0,0x0000000777a80000)
  to   space 14848K, 0% used [0x0000000775d80000,0x0000000775d80000,0x0000000776c00000)
 ParOldGen       total 108544K, used 12812K [0x00000006c6a00000, 0x00000006cd400000, 0x000000076ce00000)
  object space 108544K, 11% used [0x00000006c6a00000,0x00000006c76832f8,0x00000006cd400000)
 Metaspace       used 29160K, capacity 29592K, committed 29824K, reserved 1075200K
  class space    used 3247K, capacity 3389K, committed 3456K, reserved 1048576K
}
Event: 4.979 GC heap before
{Heap before GC invocations=8 (full 1):
 PSYoungGen      total 161792K, used 123311K [0x000000076ce00000, 0x000000077a180000, 0x00000007c0000000)
  eden space 146944K, 80% used [0x000000076ce00000,0x00000007740dc4e0,0x0000000775d80000)
  from space 14848K, 38% used [0x0000000776c00000,0x000000077718faa0,0x0000000777a80000)
  to   space 14848K, 0% used [0x0000000775d80000,0x0000000775d80000,0x0000000776c00000)
 ParOldGen       total 108544K, used 12812K [0x00000006c6a00000, 0x00000006cd400000, 0x000000076ce00000)
  object space 108544K, 11% used [0x00000006c6a00000,0x00000006c76832f8,0x00000006cd400000)
 Metaspace       used 34724K, capacity 35146K, committed 35320K, reserved 1079296K
  class space    used 4574K, capacity 4705K, committed 4736K, reserved 1048576K
Event: 4.990 GC heap after
Heap after GC invocations=8 (full 1):
 PSYoungGen      total 161792K, used 12999K [0x000000076ce00000, 0x000000077c100000, 0x00000007c0000000)
  eden space 146944K, 0% used [0x000000076ce00000,0x000000076ce00000,0x0000000775d80000)
  from space 14848K, 87% used [0x0000000775d80000,0x0000000776a31e90,0x0000000776c00000)
  to   space 16384K, 0% used [0x000000077b100000,0x000000077b100000,0x000000077c100000)
 ParOldGen       total 108544K, used 12820K [0x00000006c6a00000, 0x00000006cd400000, 0x000000076ce00000)
  object space 108544K, 11% used [0x00000006c6a00000,0x00000006c76852f8,0x00000006cd400000)
 Metaspace       used 34724K, capacity 35146K, committed 35320K, reserved 1079296K
  class space    used 4574K, capacity 4705K, committed 4736K, reserved 1048576K
}
Event: 4.990 GC heap before
{Heap before GC invocations=9 (full 2):
 PSYoungGen      total 161792K, used 12999K [0x000000076ce00000, 0x000000077c100000, 0x00000007c0000000)
  eden space 146944K, 0% used [0x000000076ce00000,0x000000076ce00000,0x0000000775d80000)
  from space 14848K, 87% used [0x0000000775d80000,0x0000000776a31e90,0x0000000776c00000)
  to   space 16384K, 0% used [0x000000077b100000,0x000000077b100000,0x000000077c100000)
 ParOldGen       total 108544K, used 12820K [0x00000006c6a00000, 0x00000006cd400000, 0x000000076ce00000)
  object space 108544K, 11% used [0x00000006c6a00000,0x00000006c76852f8,0x00000006cd400000)
 Metaspace       used 34724K, capacity 35146K, committed 35320K, reserved 1079296K
  class space    used 4574K, capacity 4705K, committed 4736K, reserved 1048576K
Event: 5.062 GC heap after
Heap after GC invocations=9 (full 2):
 PSYoungGen      total 161792K, used 0K [0x000000076ce00000, 0x000000077c100000, 0x00000007c0000000)
  eden space 146944K, 0% used [0x000000076ce00000,0x000000076ce00000,0x0000000775d80000)
  from space 14848K, 0% used [0x0000000775d80000,0x0000000775d80000,0x0000000776c00000)
  to   space 16384K, 0% used [0x000000077b100000,0x000000077b100000,0x000000077c100000)
 ParOldGen       total 174592K, used 23635K [0x00000006c6a00000, 0x00000006d1480000, 0x000000076ce00000)
  object space 174592K, 13% used [0x00000006c6a00000,0x00000006c8114f78,0x00000006d1480000)
 Metaspace       used 34724K, capacity 35146K, committed 35320K, reserved 1079296K
  class space    used 4574K, capacity 4705K, committed 4736K, reserved 1048576K
}
Event: 5.952 GC heap before
{Heap before GC invocations=10 (full 2):
 PSYoungGen      total 161792K, used 146944K [0x000000076ce00000, 0x000000077c100000, 0x00000007c0000000)
  eden space 146944K, 100% used [0x000000076ce00000,0x0000000775d80000,0x0000000775d80000)
  from space 14848K, 0% used [0x0000000775d80000,0x0000000775d80000,0x0000000776c00000)
  to   space 16384K, 0% used [0x000000077b100000,0x000000077b100000,0x000000077c100000)
 ParOldGen       total 174592K, used 23635K [0x00000006c6a00000, 0x00000006d1480000, 0x000000076ce00000)
  object space 174592K, 13% used [0x00000006c6a00000,0x00000006c8114f78,0x00000006d1480000)
 Metaspace       used 38860K, capacity 39496K, committed 39936K, reserved 1083392K
  class space    used 5633K, capacity 5777K, committed 5888K, reserved 1048576K
Event: 5.958 GC heap after
Heap after GC invocations=10 (full 2):
 PSYoungGen      total 206336K, used 4625K [0x000000076ce00000, 0x000000077b600000, 0x00000007c0000000)
  eden space 201216K, 0% used [0x000000076ce00000,0x000000076ce00000,0x0000000779280000)
  from space 5120K, 90% used [0x000000077b100000,0x000000077b584448,0x000000077b600000)
  to   space 16384K, 0% used [0x0000000779600000,0x0000000779600000,0x000000077a600000)
 ParOldGen       total 174592K, used 23643K [0x00000006c6a00000, 0x00000006d1480000, 0x000000076ce00000)
  object space 174592K, 13% used [0x00000006c6a00000,0x00000006c8116f78,0x00000006d1480000)
 Metaspace       used 38860K, capacity 39496K, committed 39936K, reserved 1083392K
  class space    used 5633K, capacity 5777K, committed 5888K, reserved 1048576K
}
Event: 392.624 GC heap before
{Heap before GC invocations=11 (full 2):
 PSYoungGen      total 206336K, used 205841K [0x000000076ce00000, 0x000000077b600000, 0x00000007c0000000)
  eden space 201216K, 100% used [0x000000076ce00000,0x0000000779280000,0x0000000779280000)
  from space 5120K, 90% used [0x000000077b100000,0x000000077b584448,0x000000077b600000)
  to   space 16384K, 0% used [0x0000000779600000,0x0000000779600000,0x000000077a600000)
 ParOldGen       total 174592K, used 23643K [0x00000006c6a00000, 0x00000006d1480000, 0x000000076ce00000)
  object space 174592K, 13% used [0x00000006c6a00000,0x00000006c8116f78,0x00000006d1480000)
 Metaspace       used 48313K, capacity 49316K, committed 49536K, reserved 1091584K
  class space    used 6946K, capacity 7179K, committed 7296K, reserved 1048576K
Event: 392.638 GC heap after
Heap after GC invocations=11 (full 2):
 PSYoungGen      total 221184K, used 12377K [0x000000076ce00000, 0x000000077d780000, 0x00000007c0000000)
  eden space 204800K, 0% used [0x000000076ce00000,0x000000076ce00000,0x0000000779600000)
  from space 16384K, 75% used [0x0000000779600000,0x000000077a216410,0x000000077a600000)
  to   space 16896K, 0% used [0x000000077c700000,0x000000077c700000,0x000000077d780000)
 ParOldGen       total 174592K, used 23651K [0x00000006c6a00000, 0x00000006d1480000, 0x000000076ce00000)
  object space 174592K, 13% used [0x00000006c6a00000,0x00000006c8118f78,0x00000006d1480000)
 Metaspace       used 48313K, capacity 49316K, committed 49536K, reserved 1091584K
  class space    used 6946K, capacity 7179K, committed 7296K, reserved 1048576K
}

