# JRE version: Java(TM) SE Runtime Environment (8.0_20-b17) (build 1.8.0_20-ea-b17)
# Java VM: Java HotSpot(TM) 64-Bit Server VM (25.20-b17 mixed mode linux-amd64 compressed oops)
Heap:
 PSYoungGen      total 246784K, used 245328K [0x000000076ce00000, 0x000000077e500000, 0x00000007c0000000)
  eden space 243712K, 99% used [0x000000076ce00000,0x000000077baa14c0,0x000000077bc00000)
  from space 3072K, 98% used [0x000000077c280000,0x000000077c572c80,0x000000077c580000)
  to   space 20992K, 0% used [0x000000077d080000,0x000000077d080000,0x000000077e500000)
 ParOldGen       total 258560K, used 34827K [0x00000006c6a00000, 0x00000006d6680000, 0x000000076ce00000)
  object space 258560K, 13% used [0x00000006c6a00000,0x00000006c8c02fb0,0x00000006d6680000)
 Metaspace       used 58864K, capacity 60069K, committed 60288K, reserved 1101824K
  class space    used 8237K, capacity 8512K, committed 8576K, reserved 1048576K
GC Heap History (10 events):
Event: 23.147 GC heap before
{Heap before GC invocations=14 (full 3):
 PSYoungGen      total 249856K, used 15242K [0x000000076ce00000, 0x000000077fa80000, 0x00000007c0000000)
  eden space 230400K, 0% used [0x000000076ce00000,0x000000076ce00000,0x000000077af00000)
  from space 19456K, 78% used [0x000000077af00000,0x000000077bde2838,0x000000077c200000)
  to   space 20480K, 0% used [0x000000077e680000,0x000000077e680000,0x000000077fa80000)
 ParOldGen       total 181248K, used 27263K [0x00000006c6a00000, 0x00000006d1b00000, 0x000000076ce00000)
  object space 181248K, 15% used [0x00000006c6a00000,0x00000006c849fdd0,0x00000006d1b00000)
 Metaspace       used 57177K, capacity 58375K, committed 58516K, reserved 1099776K
  class space    used 8179K, capacity 8448K, committed 8448K, reserved 1048576K
Event: 23.361 GC heap after
Heap after GC invocations=14 (full 3):
 PSYoungGen      total 249856K, used 0K [0x000000076ce00000, 0x000000077fa80000, 0x00000007c0000000)
  eden space 230400K, 0% used [0x000000076ce00000,0x000000076ce00000,0x000000077af00000)
  from space 19456K, 0% used [0x000000077af00000,0x000000077af00000,0x000000077c200000)
  to   space 20480K, 0% used [0x000000077e680000,0x000000077e680000,0x000000077fa80000)
 ParOldGen       total 258560K, used 34795K [0x00000006c6a00000, 0x00000006d6680000, 0x000000076ce00000)
  object space 258560K, 13% used [0x00000006c6a00000,0x00000006c8bfafb0,0x00000006d6680000)
 Metaspace       used 57117K, capacity 58291K, committed 58516K, reserved 1099776K
  class space    used 8178K, capacity 8444K, committed 8448K, reserved 1048576K
}
Event: 89.500 GC heap before
{Heap before GC invocations=15 (full 3):
 PSYoungGen      total 249856K, used 230400K [0x000000076ce00000, 0x000000077fa80000, 0x00000007c0000000)
  eden space 230400K, 100% used [0x000000076ce00000,0x000000077af00000,0x000000077af00000)
  from space 19456K, 0% used [0x000000077af00000,0x000000077af00000,0x000000077c200000)
  to   space 20480K, 0% used [0x000000077e680000,0x000000077e680000,0x000000077fa80000)
 ParOldGen       total 258560K, used 34795K [0x00000006c6a00000, 0x00000006d6680000, 0x000000076ce00000)
  object space 258560K, 13% used [0x00000006c6a00000,0x00000006c8bfafb0,0x00000006d6680000)
 Metaspace       used 57728K, capacity 58937K, committed 59156K, reserved 1099776K
  class space    used 8204K, capacity 8494K, committed 8576K, reserved 1048576K
Event: 89.505 GC heap after
Heap after GC invocations=15 (full 3):
 PSYoungGen      total 283136K, used 1528K [0x000000076ce00000, 0x000000077f900000, 0x00000007c0000000)
  eden space 264192K, 0% used [0x000000076ce00000,0x000000076ce00000,0x000000077d000000)
  from space 18944K, 8% used [0x000000077e680000,0x000000077e7fe0d8,0x000000077f900000)
  to   space 20992K, 0% used [0x000000077d000000,0x000000077d000000,0x000000077e480000)
 ParOldGen       total 258560K, used 34803K [0x00000006c6a00000, 0x00000006d6680000, 0x000000076ce00000)
  object space 258560K, 13% used [0x00000006c6a00000,0x00000006c8bfcfb0,0x00000006d6680000)
 Metaspace       used 57728K, capacity 58937K, committed 59156K, reserved 1099776K
  class space    used 8204K, capacity 8494K, committed 8576K, reserved 1048576K
}
Event: 475.916 GC heap before
{Heap before GC invocations=16 (full 3):
 PSYoungGen      total 283136K, used 265720K [0x000000076ce00000, 0x000000077f900000, 0x00000007c0000000)
  eden space 264192K, 100% used [0x000000076ce00000,0x000000077d000000,0x000000077d000000)
  from space 18944K, 8% used [0x000000077e680000,0x000000077e7fe0d8,0x000000077f900000)
  to   space 20992K, 0% used [0x000000077d000000,0x000000077d000000,0x000000077e480000)
 ParOldGen       total 258560K, used 34803K [0x00000006c6a00000, 0x00000006d6680000, 0x000000076ce00000)
  object space 258560K, 13% used [0x00000006c6a00000,0x00000006c8bfcfb0,0x00000006d6680000)
 Metaspace       used 58169K, capacity 59357K, committed 59668K, reserved 1099776K
  class space    used 8209K, capacity 8500K, committed 8576K, reserved 1048576K
Event: 475.922 GC heap after
Heap after GC invocations=16 (full 3):
 PSYoungGen      total 259584K, used 2494K [0x000000076ce00000, 0x000000077f300000, 0x00000007c0000000)
  eden space 257024K, 0% used [0x000000076ce00000,0x000000076ce00000,0x000000077c900000)
  from space 2560K, 97% used [0x000000077d000000,0x000000077d26f8c0,0x000000077d280000)
  to   space 21504K, 0% used [0x000000077de00000,0x000000077de00000,0x000000077f300000)
 ParOldGen       total 258560K, used 34811K [0x00000006c6a00000, 0x00000006d6680000, 0x000000076ce00000)
  object space 258560K, 13% used [0x00000006c6a00000,0x00000006c8bfefb0,0x00000006d6680000)
 Metaspace       used 58169K, capacity 59357K, committed 59668K, reserved 1099776K
  class space    used 8209K, capacity 8500K, committed 8576K, reserved 1048576K
}
Event: 1037.485 GC heap before
{Heap before GC invocations=17 (full 3):
 PSYoungGen      total 259584K, used 259518K [0x000000076ce00000, 0x000000077f300000, 0x00000007c0000000)
  eden space 257024K, 100% used [0x000000076ce00000,0x000000077c900000,0x000000077c900000)
  from space 2560K, 97% used [0x000000077d000000,0x000000077d26f8c0,0x000000077d280000)
  to   space 21504K, 0% used [0x000000077de00000,0x000000077de00000,0x000000077f300000)
 ParOldGen       total 258560K, used 34811K [0x00000006c6a00000, 0x00000006d6680000, 0x000000076ce00000)
  object space 258560K, 13% used [0x00000006c6a00000,0x00000006c8bfefb0,0x00000006d6680000)
 Metaspace       used 58346K, capacity 59573K, committed 59668K, reserved 1099776K
  class space    used 8211K, capacity 8504K, committed 8576K, reserved 1048576K
Event: 1037.491 GC heap after
Heap after GC invocations=17 (full 3):
 PSYoungGen      total 265216K, used 2927K [0x000000076ce00000, 0x000000077ec80000, 0x00000007c0000000)
  eden space 250368K, 0% used [0x000000076ce00000,0x000000076ce00000,0x000000077c280000)
  from space 14848K, 19% used [0x000000077de00000,0x000000077e0dbfa0,0x000000077ec80000)
  to   space 21504K, 0% used [0x000000077c280000,0x000000077c280000,0x000000077d780000)
 ParOldGen       total 258560K, used 34819K [0x00000006c6a00000, 0x00000006d6680000, 0x000000076ce00000)
  object space 258560K, 13% used [0x00000006c6a00000,0x00000006c8c00fb0,0x00000006d6680000)
 Metaspace       used 58346K, capacity 59573K, committed 59668K, reserved 1099776K
  class space    used 8211K, capacity 8504K, committed 8576K, reserved 1048576K
}
Event: 1610.399 GC heap before
{Heap before GC invocations=18 (full 3):
 PSYoungGen      total 265216K, used 253295K [0x000000076ce00000, 0x000000077ec80000, 0x00000007c0000000)
  eden space 250368K, 100% used [0x000000076ce00000,0x000000077c280000,0x000000077c280000)
  from space 14848K, 19% used [0x000000077de00000,0x000000077e0dbfa0,0x000000077ec80000)
  to   space 21504K, 0% used [0x000000077c280000,0x000000077c280000,0x000000077d780000)
 ParOldGen       total 258560K, used 34819K [0x00000006c6a00000, 0x00000006d6680000, 0x000000076ce00000)
  object space 258560K, 13% used [0x00000006c6a00000,0x00000006c8c00fb0,0x00000006d6680000)
 Metaspace       used 58549K, capacity 59783K, committed 60032K, reserved 1101824K
  class space    used 8213K, capacity 8507K, committed 8576K, reserved 1048576K
Event: 1610.404 GC heap after
Heap after GC invocations=18 (full 3):
 PSYoungGen      total 246784K, used 3019K [0x000000076ce00000, 0x000000077e500000, 0x00000007c0000000)
  eden space 243712K, 0% used [0x000000076ce00000,0x000000076ce00000,0x000000077bc00000)
  from space 3072K, 98% used [0x000000077c280000,0x000000077c572c80,0x000000077c580000)
  to   space 20992K, 0% used [0x000000077d080000,0x000000077d080000,0x000000077e500000)
 ParOldGen       total 258560K, used 34827K [0x00000006c6a00000, 0x00000006d6680000, 0x000000076ce00000)
  object space 258560K, 13% used [0x00000006c6a00000,0x00000006c8c02fb0,0x00000006d6680000)
 Metaspace       used 58549K, capacity 59783K, committed 60032K, reserved 1101824K
  class space    used 8213K, capacity 8507K, committed 8576K, reserved 1048576K
}

