# JRE version: Java(TM) SE Runtime Environment (8.0_20-b17) (build 1.8.0_20-ea-b17)
# Java VM: Java HotSpot(TM) 64-Bit Server VM (25.20-b17 mixed mode linux-amd64 compressed oops)
Heap:
 PSYoungGen      total 202240K, used 106458K [0x000000076ce00000, 0x000000077a880000, 0x00000007c0000000)
  eden space 190464K, 49% used [0x000000076ce00000,0x0000000772ac2f50,0x0000000778800000)
  from space 11776K, 97% used [0x0000000779d00000,0x000000077a833bb8,0x000000077a880000)
  to   space 15872K, 0% used [0x0000000778980000,0x0000000778980000,0x0000000779900000)
 ParOldGen       total 194048K, used 23684K [0x00000006c6a00000, 0x00000006d2780000, 0x000000076ce00000)
  object space 194048K, 12% used [0x00000006c6a00000,0x00000006c81211e8,0x00000006d2780000)
 Metaspace       used 51218K, capacity 52502K, committed 52736K, reserved 1093632K
  class space    used 7319K, capacity 7614K, committed 7680K, reserved 1048576K
GC Heap History (10 events):
Event: 4.769 GC heap before
{Heap before GC invocations=8 (full 1):
 PSYoungGen      total 140288K, used 131438K [0x000000076ce00000, 0x0000000779380000, 0x00000007c0000000)
  eden space 125440K, 100% used [0x000000076ce00000,0x0000000774880000,0x0000000774880000)
  from space 14848K, 40% used [0x0000000775700000,0x0000000775cdbab0,0x0000000776580000)
  to   space 14848K, 0% used [0x0000000774880000,0x0000000774880000,0x0000000775700000)
 ParOldGen       total 117248K, used 12809K [0x00000006c6a00000, 0x00000006cdc80000, 0x000000076ce00000)
  object space 117248K, 10% used [0x00000006c6a00000,0x00000006c76824c8,0x00000006cdc80000)
 Metaspace       used 34677K, capacity 35088K, committed 35320K, reserved 1079296K
  class space    used 4597K, capacity 4706K, committed 4736K, reserved 1048576K
Event: 4.777 GC heap after
Heap after GC invocations=8 (full 1):
 PSYoungGen      total 140288K, used 13108K [0x000000076ce00000, 0x0000000779480000, 0x00000007c0000000)
  eden space 125440K, 0% used [0x000000076ce00000,0x000000076ce00000,0x0000000774880000)
  from space 14848K, 88% used [0x0000000774880000,0x000000077554d080,0x0000000775700000)
  to   space 16384K, 0% used [0x0000000778480000,0x0000000778480000,0x0000000779480000)
 ParOldGen       total 117248K, used 12817K [0x00000006c6a00000, 0x00000006cdc80000, 0x000000076ce00000)
  object space 117248K, 10% used [0x00000006c6a00000,0x00000006c76844c8,0x00000006cdc80000)
 Metaspace       used 34677K, capacity 35088K, committed 35320K, reserved 1079296K
  class space    used 4597K, capacity 4706K, committed 4736K, reserved 1048576K
}
Event: 4.777 GC heap before
{Heap before GC invocations=9 (full 2):
 PSYoungGen      total 140288K, used 13108K [0x000000076ce00000, 0x0000000779480000, 0x00000007c0000000)
  eden space 125440K, 0% used [0x000000076ce00000,0x000000076ce00000,0x0000000774880000)
  from space 14848K, 88% used [0x0000000774880000,0x000000077554d080,0x0000000775700000)
  to   space 16384K, 0% used [0x0000000778480000,0x0000000778480000,0x0000000779480000)
 ParOldGen       total 117248K, used 12817K [0x00000006c6a00000, 0x00000006cdc80000, 0x000000076ce00000)
  object space 117248K, 10% used [0x00000006c6a00000,0x00000006c76844c8,0x00000006cdc80000)
 Metaspace       used 34677K, capacity 35088K, committed 35320K, reserved 1079296K
  class space    used 4597K, capacity 4706K, committed 4736K, reserved 1048576K
Event: 4.842 GC heap after
Heap after GC invocations=9 (full 2):
 PSYoungGen      total 140288K, used 0K [0x000000076ce00000, 0x0000000779480000, 0x00000007c0000000)
  eden space 125440K, 0% used [0x000000076ce00000,0x000000076ce00000,0x0000000774880000)
  from space 14848K, 0% used [0x0000000774880000,0x0000000774880000,0x0000000775700000)
  to   space 16384K, 0% used [0x0000000778480000,0x0000000778480000,0x0000000779480000)
 ParOldGen       total 194048K, used 23660K [0x00000006c6a00000, 0x00000006d2780000, 0x000000076ce00000)
  object space 194048K, 12% used [0x00000006c6a00000,0x00000006c811b1e8,0x00000006d2780000)
 Metaspace       used 34677K, capacity 35088K, committed 35320K, reserved 1079296K
  class space    used 4597K, capacity 4706K, committed 4736K, reserved 1048576K
}
Event: 5.504 GC heap before
{Heap before GC invocations=10 (full 2):
 PSYoungGen      total 140288K, used 125440K [0x000000076ce00000, 0x0000000779480000, 0x00000007c0000000)
  eden space 125440K, 100% used [0x000000076ce00000,0x0000000774880000,0x0000000774880000)
  from space 14848K, 0% used [0x0000000774880000,0x0000000774880000,0x0000000775700000)
  to   space 16384K, 0% used [0x0000000778480000,0x0000000778480000,0x0000000779480000)
 ParOldGen       total 194048K, used 23660K [0x00000006c6a00000, 0x00000006d2780000, 0x000000076ce00000)
  object space 194048K, 12% used [0x00000006c6a00000,0x00000006c811b1e8,0x00000006d2780000)
 Metaspace       used 38612K, capacity 39214K, committed 39552K, reserved 1083392K
  class space    used 5603K, capacity 5746K, committed 5760K, reserved 1048576K
Event: 5.510 GC heap after
Heap after GC invocations=10 (full 2):
 PSYoungGen      total 180736K, used 4594K [0x000000076ce00000, 0x0000000779180000, 0x00000007c0000000)
  eden space 167424K, 0% used [0x000000076ce00000,0x000000076ce00000,0x0000000777180000)
  from space 13312K, 34% used [0x0000000778480000,0x00000007788fc8e0,0x0000000779180000)
  to   space 16384K, 0% used [0x0000000777180000,0x0000000777180000,0x0000000778180000)
 ParOldGen       total 194048K, used 23668K [0x00000006c6a00000, 0x00000006d2780000, 0x000000076ce00000)
  object space 194048K, 12% used [0x00000006c6a00000,0x00000006c811d1e8,0x00000006d2780000)
 Metaspace       used 38612K, capacity 39214K, committed 39552K, reserved 1083392K
  class space    used 5603K, capacity 5746K, committed 5760K, reserved 1048576K
}
Event: 10.758 GC heap before
{Heap before GC invocations=11 (full 2):
 PSYoungGen      total 180736K, used 172018K [0x000000076ce00000, 0x0000000779180000, 0x00000007c0000000)
  eden space 167424K, 100% used [0x000000076ce00000,0x0000000777180000,0x0000000777180000)
  from space 13312K, 34% used [0x0000000778480000,0x00000007788fc8e0,0x0000000779180000)
  to   space 16384K, 0% used [0x0000000777180000,0x0000000777180000,0x0000000778180000)
 ParOldGen       total 194048K, used 23668K [0x00000006c6a00000, 0x00000006d2780000, 0x000000076ce00000)
  object space 194048K, 12% used [0x00000006c6a00000,0x00000006c811d1e8,0x00000006d2780000)
 Metaspace       used 45496K, capacity 46114K, committed 46592K, reserved 1089536K
  class space    used 6478K, capacity 6624K, committed 6656K, reserved 1048576K
Event: 10.767 GC heap after
Heap after GC invocations=11 (full 2):
 PSYoungGen      total 183808K, used 9391K [0x000000076ce00000, 0x000000077ac80000, 0x00000007c0000000)
  eden space 167424K, 0% used [0x000000076ce00000,0x000000076ce00000,0x0000000777180000)
  from space 16384K, 57% used [0x0000000777180000,0x0000000777aabe10,0x0000000778180000)
  to   space 15872K, 0% used [0x0000000779d00000,0x0000000779d00000,0x000000077ac80000)
 ParOldGen       total 194048K, used 23676K [0x00000006c6a00000, 0x00000006d2780000, 0x000000076ce00000)
  object space 194048K, 12% used [0x00000006c6a00000,0x00000006c811f1e8,0x00000006d2780000)
 Metaspace       used 45496K, capacity 46114K, committed 46592K, reserved 1089536K
  class space    used 6478K, capacity 6624K, committed 6656K, reserved 1048576K
}
Event: 47.540 GC heap before
{Heap before GC invocations=12 (full 2):
 PSYoungGen      total 183808K, used 176815K [0x000000076ce00000, 0x000000077ac80000, 0x00000007c0000000)
  eden space 167424K, 100% used [0x000000076ce00000,0x0000000777180000,0x0000000777180000)
  from space 16384K, 57% used [0x0000000777180000,0x0000000777aabe10,0x0000000778180000)
  to   space 15872K, 0% used [0x0000000779d00000,0x0000000779d00000,0x000000077ac80000)
 ParOldGen       total 194048K, used 23676K [0x00000006c6a00000, 0x00000006d2780000, 0x000000076ce00000)
  object space 194048K, 12% used [0x00000006c6a00000,0x00000006c811f1e8,0x00000006d2780000)
 Metaspace       used 50160K, capacity 51220K, committed 51328K, reserved 1093632K
  class space    used 7195K, capacity 7459K, committed 7552K, reserved 1048576K
Event: 47.554 GC heap after
Heap after GC invocations=12 (full 2):
 PSYoungGen      total 202240K, used 11470K [0x000000076ce00000, 0x000000077a880000, 0x00000007c0000000)
  eden space 190464K, 0% used [0x000000076ce00000,0x000000076ce00000,0x0000000778800000)
  from space 11776K, 97% used [0x0000000779d00000,0x000000077a833bb8,0x000000077a880000)
  to   space 15872K, 0% used [0x0000000778980000,0x0000000778980000,0x0000000779900000)
 ParOldGen       total 194048K, used 23684K [0x00000006c6a00000, 0x00000006d2780000, 0x000000076ce00000)
  object space 194048K, 12% used [0x00000006c6a00000,0x00000006c81211e8,0x00000006d2780000)
 Metaspace       used 50160K, capacity 51220K, committed 51328K, reserved 1093632K
  class space    used 7195K, capacity 7459K, committed 7552K, reserved 1048576K
}

