# JRE version: Java(TM) SE Runtime Environment (8.0_20-b17) (build 1.8.0_20-ea-b17)
# Java VM: Java HotSpot(TM) 64-Bit Server VM (25.20-b17 mixed mode linux-amd64 compressed oops)
Heap:
 PSYoungGen      total 50176K, used 30741K [0x000000076ce00000, 0x0000000772800000, 0x00000007c0000000)
  eden space 49664K, 61% used [0x000000076ce00000,0x000000076eba89a8,0x000000076fe80000)
  from space 512K, 72% used [0x0000000772780000,0x00000007727dcce8,0x0000000772800000)
  to   space 1024K, 0% used [0x0000000772600000,0x0000000772600000,0x0000000772700000)
 ParOldGen       total 243712K, used 82819K [0x00000006c6a00000, 0x00000006d5800000, 0x000000076ce00000)
  object space 243712K, 33% used [0x00000006c6a00000,0x00000006cbae0f78,0x00000006d5800000)
 Metaspace       used 68305K, capacity 71132K, committed 71372K, reserved 1110016K
  class space    used 9639K, capacity 10219K, committed 10240K, reserved 1048576K
GC Heap History (10 events):
Event: 152032.113 GC heap before
{Heap before GC invocations=1257 (full 3):
 PSYoungGen      total 51200K, used 50003K [0x000000076ce00000, 0x0000000772a00000, 0x00000007c0000000)
  eden space 49664K, 100% used [0x000000076ce00000,0x000000076fe80000,0x000000076fe80000)
  from space 1536K, 22% used [0x0000000772700000,0x0000000772754ce8,0x0000000772880000)
  to   space 1536K, 0% used [0x0000000772880000,0x0000000772880000,0x0000000772a00000)
 ParOldGen       total 243712K, used 82675K [0x00000006c6a00000, 0x00000006d5800000, 0x000000076ce00000)
  object space 243712K, 33% used [0x00000006c6a00000,0x00000006cbabcf78,0x00000006d5800000)
 Metaspace       used 68160K, capacity 70910K, committed 71116K, reserved 1110016K
  class space    used 9619K, capacity 10214K, committed 10240K, reserved 1048576K
Event: 152032.116 GC heap after
Heap after GC invocations=1257 (full 3):
 PSYoungGen      total 50176K, used 371K [0x000000076ce00000, 0x0000000772900000, 0x00000007c0000000)
  eden space 49664K, 0% used [0x000000076ce00000,0x000000076ce00000,0x000000076fe80000)
  from space 512K, 72% used [0x0000000772880000,0x00000007728dcce8,0x0000000772900000)
  to   space 1536K, 0% used [0x0000000772600000,0x0000000772600000,0x0000000772780000)
 ParOldGen       total 243712K, used 82691K [0x00000006c6a00000, 0x00000006d5800000, 0x000000076ce00000)
  object space 243712K, 33% used [0x00000006c6a00000,0x00000006cbac0f78,0x00000006d5800000)
 Metaspace       used 68160K, capacity 70910K, committed 71116K, reserved 1110016K
  class space    used 9619K, capacity 10214K, committed 10240K, reserved 1048576K
}
Event: 152082.620 GC heap before
{Heap before GC invocations=1258 (full 3):
 PSYoungGen      total 50176K, used 50035K [0x000000076ce00000, 0x0000000772900000, 0x00000007c0000000)
  eden space 49664K, 100% used [0x000000076ce00000,0x000000076fe80000,0x000000076fe80000)
  from space 512K, 72% used [0x0000000772880000,0x00000007728dcce8,0x0000000772900000)
  to   space 1536K, 0% used [0x0000000772600000,0x0000000772600000,0x0000000772780000)
 ParOldGen       total 243712K, used 82691K [0x00000006c6a00000, 0x00000006d5800000, 0x000000076ce00000)
  object space 243712K, 33% used [0x00000006c6a00000,0x00000006cbac0f78,0x00000006d5800000)
 Metaspace       used 68160K, capacity 70910K, committed 71116K, reserved 1110016K
  class space    used 9619K, capacity 10214K, committed 10240K, reserved 1048576K
Event: 152082.623 GC heap after
Heap after GC invocations=1258 (full 3):
 PSYoungGen      total 51200K, used 371K [0x000000076ce00000, 0x0000000772900000, 0x00000007c0000000)
  eden space 49664K, 0% used [0x000000076ce00000,0x000000076ce00000,0x000000076fe80000)
  from space 1536K, 24% used [0x0000000772600000,0x000000077265cce8,0x0000000772780000)
  to   space 1024K, 0% used [0x0000000772800000,0x0000000772800000,0x0000000772900000)
 ParOldGen       total 243712K, used 82739K [0x00000006c6a00000, 0x00000006d5800000, 0x000000076ce00000)
  object space 243712K, 33% used [0x00000006c6a00000,0x00000006cbaccf78,0x00000006d5800000)
 Metaspace       used 68160K, capacity 70910K, committed 71116K, reserved 1110016K
  class space    used 9619K, capacity 10214K, committed 10240K, reserved 1048576K
}
Event: 152135.154 GC heap before
{Heap before GC invocations=1259 (full 3):
 PSYoungGen      total 51200K, used 50035K [0x000000076ce00000, 0x0000000772900000, 0x00000007c0000000)
  eden space 49664K, 100% used [0x000000076ce00000,0x000000076fe80000,0x000000076fe80000)
  from space 1536K, 24% used [0x0000000772600000,0x000000077265cce8,0x0000000772780000)
  to   space 1024K, 0% used [0x0000000772800000,0x0000000772800000,0x0000000772900000)
 ParOldGen       total 243712K, used 82739K [0x00000006c6a00000, 0x00000006d5800000, 0x000000076ce00000)
  object space 243712K, 33% used [0x00000006c6a00000,0x00000006cbaccf78,0x00000006d5800000)
 Metaspace       used 68160K, capacity 70910K, committed 71116K, reserved 1110016K
  class space    used 9619K, capacity 10214K, committed 10240K, reserved 1048576K
Event: 152135.159 GC heap after
Heap after GC invocations=1259 (full 3):
 PSYoungGen      total 50176K, used 371K [0x000000076ce00000, 0x0000000772880000, 0x00000007c0000000)
  eden space 49664K, 0% used [0x000000076ce00000,0x000000076ce00000,0x000000076fe80000)
  from space 512K, 72% used [0x0000000772800000,0x000000077285cce8,0x0000000772880000)
  to   space 1024K, 0% used [0x0000000772680000,0x0000000772680000,0x0000000772780000)
 ParOldGen       total 243712K, used 82771K [0x00000006c6a00000, 0x00000006d5800000, 0x000000076ce00000)
  object space 243712K, 33% used [0x00000006c6a00000,0x00000006cbad4f78,0x00000006d5800000)
 Metaspace       used 68160K, capacity 70910K, committed 71116K, reserved 1110016K
  class space    used 9619K, capacity 10214K, committed 10240K, reserved 1048576K
}
Event: 152186.121 GC heap before
{Heap before GC invocations=1260 (full 3):
 PSYoungGen      total 50176K, used 50035K [0x000000076ce00000, 0x0000000772880000, 0x00000007c0000000)
  eden space 49664K, 100% used [0x000000076ce00000,0x000000076fe80000,0x000000076fe80000)
  from space 512K, 72% used [0x0000000772800000,0x000000077285cce8,0x0000000772880000)
  to   space 1024K, 0% used [0x0000000772680000,0x0000000772680000,0x0000000772780000)
 ParOldGen       total 243712K, used 82771K [0x00000006c6a00000, 0x00000006d5800000, 0x000000076ce00000)
  object space 243712K, 33% used [0x00000006c6a00000,0x00000006cbad4f78,0x00000006d5800000)
 Metaspace       used 68160K, capacity 70910K, committed 71116K, reserved 1110016K
  class space    used 9619K, capacity 10214K, committed 10240K, reserved 1048576K
Event: 152186.127 GC heap after
Heap after GC invocations=1260 (full 3):
 PSYoungGen      total 50688K, used 529K [0x000000076ce00000, 0x0000000772880000, 0x00000007c0000000)
  eden space 49664K, 0% used [0x000000076ce00000,0x000000076ce00000,0x000000076fe80000)
  from space 1024K, 51% used [0x0000000772680000,0x00000007727044f8,0x0000000772780000)
  to   space 1024K, 0% used [0x0000000772780000,0x0000000772780000,0x0000000772880000)
 ParOldGen       total 243712K, used 82795K [0x00000006c6a00000, 0x00000006d5800000, 0x000000076ce00000)
  object space 243712K, 33% used [0x00000006c6a00000,0x00000006cbadaf78,0x00000006d5800000)
 Metaspace       used 68160K, capacity 70910K, committed 71116K, reserved 1110016K
  class space    used 9619K, capacity 10214K, committed 10240K, reserved 1048576K
}
Event: 152236.922 GC heap before
{Heap before GC invocations=1261 (full 3):
 PSYoungGen      total 50688K, used 50179K [0x000000076ce00000, 0x0000000772880000, 0x00000007c0000000)
  eden space 49664K, 99% used [0x000000076ce00000,0x000000076fe7c7c8,0x000000076fe80000)
  from space 1024K, 51% used [0x0000000772680000,0x00000007727044f8,0x0000000772780000)
  to   space 1024K, 0% used [0x0000000772780000,0x0000000772780000,0x0000000772880000)
 ParOldGen       total 243712K, used 82795K [0x00000006c6a00000, 0x00000006d5800000, 0x000000076ce00000)
  object space 243712K, 33% used [0x00000006c6a00000,0x00000006cbadaf78,0x00000006d5800000)
 Metaspace       used 68160K, capacity 70910K, committed 71116K, reserved 1110016K
  class space    used 9619K, capacity 10214K, committed 10240K, reserved 1048576K
Event: 152236.926 GC heap after
Heap after GC invocations=1261 (full 3):
 PSYoungGen      total 50176K, used 371K [0x000000076ce00000, 0x0000000772800000, 0x00000007c0000000)
  eden space 49664K, 0% used [0x000000076ce00000,0x000000076ce00000,0x000000076fe80000)
  from space 512K, 72% used [0x0000000772780000,0x00000007727dcce8,0x0000000772800000)
  to   space 1024K, 0% used [0x0000000772600000,0x0000000772600000,0x0000000772700000)
 ParOldGen       total 243712K, used 82819K [0x00000006c6a00000, 0x00000006d5800000, 0x000000076ce00000)
  object space 243712K, 33% used [0x00000006c6a00000,0x00000006cbae0f78,0x00000006d5800000)
 Metaspace       used 68160K, capacity 70910K, committed 71116K, reserved 1110016K
  class space    used 9619K, capacity 10214K, committed 10240K, reserved 1048576K
}

