# JRE version: Java(TM) SE Runtime Environment (8.0_20-b17) (build 1.8.0_20-ea-b17)
# Java VM: Java HotSpot(TM) 64-Bit Server VM (25.20-b17 mixed mode linux-amd64 compressed oops)
Heap:
 PSYoungGen      total 281088K, used 123353K [0x000000076ce00000, 0x000000077f500000, 0x00000007c0000000)
  eden space 262144K, 47% used [0x000000076ce00000,0x00000007746767c0,0x000000077ce00000)
  from space 18944K, 0% used [0x000000077e280000,0x000000077e280000,0x000000077f500000)
  to   space 19968K, 0% used [0x000000077ce00000,0x000000077ce00000,0x000000077e180000)
 ParOldGen       total 237056K, used 34747K [0x00000006c6a00000, 0x00000006d5180000, 0x000000076ce00000)
  object space 237056K, 14% used [0x00000006c6a00000,0x00000006c8beee68,0x00000006d5180000)
 Metaspace       used 57943K, capacity 59150K, committed 59392K, reserved 1099776K
  class space    used 8286K, capacity 8582K, committed 8704K, reserved 1048576K
GC Heap History (10 events):
Event: 5.804 GC heap before
{Heap before GC invocations=11 (full 2):
 PSYoungGen      total 182272K, used 166400K [0x000000076ce00000, 0x000000077a500000, 0x00000007c0000000)
  eden space 166400K, 100% used [0x000000076ce00000,0x0000000777080000,0x0000000777080000)
  from space 15872K, 0% used [0x0000000777f80000,0x0000000777f80000,0x0000000778f00000)
  to   space 15360K, 0% used [0x0000000777080000,0x0000000777080000,0x0000000777f80000)
 ParOldGen       total 168960K, used 20817K [0x00000006c6a00000, 0x00000006d0f00000, 0x000000076ce00000)
  object space 168960K, 12% used [0x00000006c6a00000,0x00000006c7e54460,0x00000006d0f00000)
 Metaspace       used 39683K, capacity 40206K, committed 40448K, reserved 1083392K
  class space    used 5729K, capacity 5842K, committed 5888K, reserved 1048576K
Event: 5.811 GC heap after
Heap after GC invocations=11 (full 2):
 PSYoungGen      total 181760K, used 5976K [0x000000076ce00000, 0x000000077c100000, 0x00000007c0000000)
  eden space 166400K, 0% used [0x000000076ce00000,0x000000076ce00000,0x0000000777080000)
  from space 15360K, 38% used [0x0000000777080000,0x0000000777656138,0x0000000777f80000)
  to   space 15360K, 0% used [0x000000077b200000,0x000000077b200000,0x000000077c100000)
 ParOldGen       total 168960K, used 20825K [0x00000006c6a00000, 0x00000006d0f00000, 0x000000076ce00000)
  object space 168960K, 12% used [0x00000006c6a00000,0x00000006c7e56460,0x00000006d0f00000)
 Metaspace       used 39683K, capacity 40206K, committed 40448K, reserved 1083392K
  class space    used 5729K, capacity 5842K, committed 5888K, reserved 1048576K
}
Event: 7.678 GC heap before
{Heap before GC invocations=12 (full 2):
 PSYoungGen      total 181760K, used 172376K [0x000000076ce00000, 0x000000077c100000, 0x00000007c0000000)
  eden space 166400K, 100% used [0x000000076ce00000,0x0000000777080000,0x0000000777080000)
  from space 15360K, 38% used [0x0000000777080000,0x0000000777656138,0x0000000777f80000)
  to   space 15360K, 0% used [0x000000077b200000,0x000000077b200000,0x000000077c100000)
 ParOldGen       total 168960K, used 20825K [0x00000006c6a00000, 0x00000006d0f00000, 0x000000076ce00000)
  object space 168960K, 12% used [0x00000006c6a00000,0x00000006c7e56460,0x00000006d0f00000)
 Metaspace       used 47430K, capacity 47986K, committed 48256K, reserved 1091584K
  class space    used 6890K, capacity 7000K, committed 7040K, reserved 1048576K
Event: 7.690 GC heap after
Heap after GC invocations=12 (full 2):
 PSYoungGen      total 225280K, used 12309K [0x000000076ce00000, 0x000000077be80000, 0x00000007c0000000)
  eden space 212480K, 0% used [0x000000076ce00000,0x000000076ce00000,0x0000000779d80000)
  from space 12800K, 96% used [0x000000077b200000,0x000000077be05748,0x000000077be80000)
  to   space 15872K, 0% used [0x0000000779f80000,0x0000000779f80000,0x000000077af00000)
 ParOldGen       total 168960K, used 20833K [0x00000006c6a00000, 0x00000006d0f00000, 0x000000076ce00000)
  object space 168960K, 12% used [0x00000006c6a00000,0x00000006c7e58460,0x00000006d0f00000)
 Metaspace       used 47430K, capacity 47986K, committed 48256K, reserved 1091584K
  class space    used 6890K, capacity 7000K, committed 7040K, reserved 1048576K
}
Event: 15.044 GC heap before
{Heap before GC invocations=13 (full 2):
 PSYoungGen      total 225280K, used 224789K [0x000000076ce00000, 0x000000077be80000, 0x00000007c0000000)
  eden space 212480K, 100% used [0x000000076ce00000,0x0000000779d80000,0x0000000779d80000)
  from space 12800K, 96% used [0x000000077b200000,0x000000077be05748,0x000000077be80000)
  to   space 15872K, 0% used [0x0000000779f80000,0x0000000779f80000,0x000000077af00000)
 ParOldGen       total 168960K, used 20833K [0x00000006c6a00000, 0x00000006d0f00000, 0x000000076ce00000)
  object space 168960K, 12% used [0x00000006c6a00000,0x00000006c7e58460,0x00000006d0f00000)
 Metaspace       used 56859K, capacity 58004K, committed 58240K, reserved 1099776K
  class space    used 8189K, capacity 8467K, committed 8576K, reserved 1048576K
Event: 15.062 GC heap after
Heap after GC invocations=13 (full 2):
 PSYoungGen      total 230400K, used 15844K [0x000000076ce00000, 0x000000077f580000, 0x00000007c0000000)
  eden space 214528K, 0% used [0x000000076ce00000,0x000000076ce00000,0x0000000779f80000)
  from space 15872K, 99% used [0x0000000779f80000,0x000000077aef93f0,0x000000077af00000)
  to   space 19456K, 0% used [0x000000077e280000,0x000000077e280000,0x000000077f580000)
 ParOldGen       total 168960K, used 25228K [0x00000006c6a00000, 0x00000006d0f00000, 0x000000076ce00000)
  object space 168960K, 14% used [0x00000006c6a00000,0x00000006c82a3240,0x00000006d0f00000)
 Metaspace       used 56859K, capacity 58004K, committed 58240K, reserved 1099776K
  class space    used 8189K, capacity 8467K, committed 8576K, reserved 1048576K
}
Event: 16.643 GC heap before
{Heap before GC invocations=14 (full 2):
 PSYoungGen      total 230400K, used 53457K [0x000000076ce00000, 0x000000077f580000, 0x00000007c0000000)
  eden space 214528K, 17% used [0x000000076ce00000,0x000000076f2bb3a0,0x0000000779f80000)
  from space 15872K, 99% used [0x0000000779f80000,0x000000077aef93f0,0x000000077af00000)
  to   space 19456K, 0% used [0x000000077e280000,0x000000077e280000,0x000000077f580000)
 ParOldGen       total 168960K, used 25228K [0x00000006c6a00000, 0x00000006d0f00000, 0x000000076ce00000)
  object space 168960K, 14% used [0x00000006c6a00000,0x00000006c82a3240,0x00000006d0f00000)
 Metaspace       used 57254K, capacity 58390K, committed 58496K, reserved 1099776K
  class space    used 8239K, capacity 8526K, committed 8576K, reserved 1048576K
Event: 16.658 GC heap after
Heap after GC invocations=14 (full 2):
 PSYoungGen      total 281088K, used 15220K [0x000000076ce00000, 0x000000077f500000, 0x00000007c0000000)
  eden space 262144K, 0% used [0x000000076ce00000,0x000000076ce00000,0x000000077ce00000)
  from space 18944K, 80% used [0x000000077e280000,0x000000077f15d098,0x000000077f500000)
  to   space 19968K, 0% used [0x000000077ce00000,0x000000077ce00000,0x000000077e180000)
 ParOldGen       total 168960K, used 25236K [0x00000006c6a00000, 0x00000006d0f00000, 0x000000076ce00000)
  object space 168960K, 14% used [0x00000006c6a00000,0x00000006c82a5240,0x00000006d0f00000)
 Metaspace       used 57254K, capacity 58390K, committed 58496K, reserved 1099776K
  class space    used 8239K, capacity 8526K, committed 8576K, reserved 1048576K
}
Event: 16.658 GC heap before
{Heap before GC invocations=15 (full 3):
 PSYoungGen      total 281088K, used 15220K [0x000000076ce00000, 0x000000077f500000, 0x00000007c0000000)
  eden space 262144K, 0% used [0x000000076ce00000,0x000000076ce00000,0x000000077ce00000)
  from space 18944K, 80% used [0x000000077e280000,0x000000077f15d098,0x000000077f500000)
  to   space 19968K, 0% used [0x000000077ce00000,0x000000077ce00000,0x000000077e180000)
 ParOldGen       total 168960K, used 25236K [0x00000006c6a00000, 0x00000006d0f00000, 0x000000076ce00000)
  object space 168960K, 14% used [0x00000006c6a00000,0x00000006c82a5240,0x00000006d0f00000)
 Metaspace       used 57254K, capacity 58390K, committed 58496K, reserved 1099776K
  class space    used 8239K, capacity 8526K, committed 8576K, reserved 1048576K
Event: 16.859 GC heap after
Heap after GC invocations=15 (full 3):
 PSYoungGen      total 281088K, used 0K [0x000000076ce00000, 0x000000077f500000, 0x00000007c0000000)
  eden space 262144K, 0% used [0x000000076ce00000,0x000000076ce00000,0x000000077ce00000)
  from space 18944K, 0% used [0x000000077e280000,0x000000077e280000,0x000000077f500000)
  to   space 19968K, 0% used [0x000000077ce00000,0x000000077ce00000,0x000000077e180000)
 ParOldGen       total 237056K, used 34747K [0x00000006c6a00000, 0x00000006d5180000, 0x000000076ce00000)
  object space 237056K, 14% used [0x00000006c6a00000,0x00000006c8beee68,0x00000006d5180000)
 Metaspace       used 57194K, capacity 58306K, committed 58496K, reserved 1099776K
  class space    used 8238K, capacity 8522K, committed 8576K, reserved 1048576K
}

