# JRE version: Java(TM) SE Runtime Environment (8.0_20-b17) (build 1.8.0_20-ea-b17)
# Java VM: Java HotSpot(TM) 64-Bit Server VM (25.20-b17 mixed mode linux-amd64 compressed oops)
Heap:
 PSYoungGen      total 492544K, used 240075K [0x000000076ce00000, 0x000000078c980000, 0x00000007c0000000)
  eden space 475648K, 49% used [0x000000076ce00000,0x000000077b3b3420,0x0000000789e80000)
  from space 16896K, 28% used [0x000000078b900000,0x000000078bdbf8d8,0x000000078c980000)
  to   space 22016K, 0% used [0x0000000789e80000,0x0000000789e80000,0x000000078b400000)
 ParOldGen       total 242176K, used 43588K [0x00000006c6a00000, 0x00000006d5680000, 0x000000076ce00000)
  object space 242176K, 17% used [0x00000006c6a00000,0x00000006c94913c0,0x00000006d5680000)
 Metaspace       used 60648K, capacity 62356K, committed 62568K, reserved 1103872K
  class space    used 8620K, capacity 9016K, committed 9088K, reserved 1048576K
GC Heap History (10 events):
Event: 7.079 GC heap before
{Heap before GC invocations=9 (full 2):
 PSYoungGen      total 309248K, used 294400K [0x000000076ce00000, 0x0000000786700000, 0x00000007c0000000)
  eden space 294400K, 100% used [0x000000076ce00000,0x000000077ed80000,0x000000077ed80000)
  from space 14848K, 0% used [0x000000077fd00000,0x000000077fd00000,0x0000000780b80000)
  to   space 15872K, 0% used [0x000000077ed80000,0x000000077ed80000,0x000000077fd00000)
 ParOldGen       total 168960K, used 23649K [0x00000006c6a00000, 0x00000006d0f00000, 0x000000076ce00000)
  object space 168960K, 13% used [0x00000006c6a00000,0x00000006c8118500,0x00000006d0f00000)
 Metaspace       used 44446K, capacity 44946K, committed 45184K, reserved 1087488K
  class space    used 6587K, capacity 6712K, committed 6784K, reserved 1048576K
Event: 7.095 GC heap after
Heap after GC invocations=9 (full 2):
 PSYoungGen      total 310272K, used 13028K [0x000000076ce00000, 0x0000000788580000, 0x00000007c0000000)
  eden space 294400K, 0% used [0x000000076ce00000,0x000000076ce00000,0x000000077ed80000)
  from space 15872K, 82% used [0x000000077ed80000,0x000000077fa39148,0x000000077fd00000)
  to   space 16384K, 0% used [0x0000000787580000,0x0000000787580000,0x0000000788580000)
 ParOldGen       total 168960K, used 23657K [0x00000006c6a00000, 0x00000006d0f00000, 0x000000076ce00000)
  object space 168960K, 14% used [0x00000006c6a00000,0x00000006c811a500,0x00000006d0f00000)
 Metaspace       used 44446K, capacity 44946K, committed 45184K, reserved 1087488K
  class space    used 6587K, capacity 6712K, committed 6784K, reserved 1048576K
}
Event: 33.613 GC heap before
{Heap before GC invocations=10 (full 2):
 PSYoungGen      total 310272K, used 287585K [0x000000076ce00000, 0x0000000788580000, 0x00000007c0000000)
  eden space 294400K, 93% used [0x000000076ce00000,0x000000077da1f408,0x000000077ed80000)
  from space 15872K, 82% used [0x000000077ed80000,0x000000077fa39148,0x000000077fd00000)
  to   space 16384K, 0% used [0x0000000787580000,0x0000000787580000,0x0000000788580000)
 ParOldGen       total 168960K, used 23657K [0x00000006c6a00000, 0x00000006d0f00000, 0x000000076ce00000)
  object space 168960K, 14% used [0x00000006c6a00000,0x00000006c811a500,0x00000006d0f00000)
 Metaspace       used 57226K, capacity 58396K, committed 58472K, reserved 1099776K
  class space    used 8234K, capacity 8501K, committed 8576K, reserved 1048576K
Event: 33.637 GC heap after
Heap after GC invocations=10 (full 2):
 PSYoungGen      total 415232K, used 16374K [0x000000076ce00000, 0x0000000788580000, 0x00000007c0000000)
  eden space 398848K, 0% used [0x000000076ce00000,0x000000076ce00000,0x0000000785380000)
  from space 16384K, 99% used [0x0000000787580000,0x000000078857dad8,0x0000000788580000)
  to   space 21504K, 0% used [0x0000000785b80000,0x0000000785b80000,0x0000000787080000)
 ParOldGen       total 168960K, used 31499K [0x00000006c6a00000, 0x00000006d0f00000, 0x000000076ce00000)
  object space 168960K, 18% used [0x00000006c6a00000,0x00000006c88c2d08,0x00000006d0f00000)
 Metaspace       used 57226K, capacity 58396K, committed 58472K, reserved 1099776K
  class space    used 8234K, capacity 8501K, committed 8576K, reserved 1048576K
}
Event: 33.637 GC heap before
{Heap before GC invocations=11 (full 3):
 PSYoungGen      total 415232K, used 16374K [0x000000076ce00000, 0x0000000788580000, 0x00000007c0000000)
  eden space 398848K, 0% used [0x000000076ce00000,0x000000076ce00000,0x0000000785380000)
  from space 16384K, 99% used [0x0000000787580000,0x000000078857dad8,0x0000000788580000)
  to   space 21504K, 0% used [0x0000000785b80000,0x0000000785b80000,0x0000000787080000)
 ParOldGen       total 168960K, used 31499K [0x00000006c6a00000, 0x00000006d0f00000, 0x000000076ce00000)
  object space 168960K, 18% used [0x00000006c6a00000,0x00000006c88c2d08,0x00000006d0f00000)
 Metaspace       used 57226K, capacity 58396K, committed 58472K, reserved 1099776K
  class space    used 8234K, capacity 8501K, committed 8576K, reserved 1048576K
Event: 33.846 GC heap after
Heap after GC invocations=11 (full 3):
 PSYoungGen      total 415232K, used 0K [0x000000076ce00000, 0x0000000788580000, 0x00000007c0000000)
  eden space 398848K, 0% used [0x000000076ce00000,0x000000076ce00000,0x0000000785380000)
  from space 16384K, 0% used [0x0000000787580000,0x0000000787580000,0x0000000788580000)
  to   space 21504K, 0% used [0x0000000785b80000,0x0000000785b80000,0x0000000787080000)
 ParOldGen       total 242176K, used 43572K [0x00000006c6a00000, 0x00000006d5680000, 0x000000076ce00000)
  object space 242176K, 17% used [0x00000006c6a00000,0x00000006c948d3c0,0x00000006d5680000)
 Metaspace       used 57215K, capacity 58382K, committed 58472K, reserved 1099776K
  class space    used 8234K, capacity 8499K, committed 8576K, reserved 1048576K
}
Event: 226.724 GC heap before
{Heap before GC invocations=12 (full 3):
 PSYoungGen      total 415232K, used 398848K [0x000000076ce00000, 0x0000000788580000, 0x00000007c0000000)
  eden space 398848K, 100% used [0x000000076ce00000,0x0000000785380000,0x0000000785380000)
  from space 16384K, 0% used [0x0000000787580000,0x0000000787580000,0x0000000788580000)
  to   space 21504K, 0% used [0x0000000785b80000,0x0000000785b80000,0x0000000787080000)
 ParOldGen       total 242176K, used 43572K [0x00000006c6a00000, 0x00000006d5680000, 0x000000076ce00000)
  object space 242176K, 17% used [0x00000006c6a00000,0x00000006c948d3c0,0x00000006d5680000)
 Metaspace       used 59454K, capacity 60994K, committed 61160K, reserved 1101824K
  class space    used 8504K, capacity 8837K, committed 8960K, reserved 1048576K
Event: 226.732 GC heap after
Heap after GC invocations=12 (full 3):
 PSYoungGen      total 428544K, used 3775K [0x000000076ce00000, 0x000000078ce80000, 0x00000007c0000000)
  eden space 407040K, 0% used [0x000000076ce00000,0x000000076ce00000,0x0000000785b80000)
  from space 21504K, 17% used [0x0000000785b80000,0x0000000785f2fd98,0x0000000787080000)
  to   space 22016K, 0% used [0x000000078b900000,0x000000078b900000,0x000000078ce80000)
 ParOldGen       total 242176K, used 43580K [0x00000006c6a00000, 0x00000006d5680000, 0x000000076ce00000)
  object space 242176K, 17% used [0x00000006c6a00000,0x00000006c948f3c0,0x00000006d5680000)
 Metaspace       used 59454K, capacity 60994K, committed 61160K, reserved 1101824K
  class space    used 8504K, capacity 8837K, committed 8960K, reserved 1048576K
}
Event: 351.224 GC heap before
{Heap before GC invocations=13 (full 3):
 PSYoungGen      total 428544K, used 410815K [0x000000076ce00000, 0x000000078ce80000, 0x00000007c0000000)
  eden space 407040K, 100% used [0x000000076ce00000,0x0000000785b80000,0x0000000785b80000)
  from space 21504K, 17% used [0x0000000785b80000,0x0000000785f2fd98,0x0000000787080000)
  to   space 22016K, 0% used [0x000000078b900000,0x000000078b900000,0x000000078ce80000)
 ParOldGen       total 242176K, used 43580K [0x00000006c6a00000, 0x00000006d5680000, 0x000000076ce00000)
  object space 242176K, 17% used [0x00000006c6a00000,0x00000006c948f3c0,0x00000006d5680000)
 Metaspace       used 60010K, capacity 61702K, committed 61928K, reserved 1101824K
  class space    used 8561K, capacity 8939K, committed 8960K, reserved 1048576K
Event: 351.233 GC heap after
Heap after GC invocations=13 (full 3):
 PSYoungGen      total 492544K, used 4862K [0x000000076ce00000, 0x000000078c980000, 0x00000007c0000000)
  eden space 475648K, 0% used [0x000000076ce00000,0x000000076ce00000,0x0000000789e80000)
  from space 16896K, 28% used [0x000000078b900000,0x000000078bdbf8d8,0x000000078c980000)
  to   space 22016K, 0% used [0x0000000789e80000,0x0000000789e80000,0x000000078b400000)
 ParOldGen       total 242176K, used 43588K [0x00000006c6a00000, 0x00000006d5680000, 0x000000076ce00000)
  object space 242176K, 17% used [0x00000006c6a00000,0x00000006c94913c0,0x00000006d5680000)
 Metaspace       used 60010K, capacity 61702K, committed 61928K, reserved 1101824K
  class space    used 8561K, capacity 8939K, committed 8960K, reserved 1048576K
}

