# JRE version: Java(TM) SE Runtime Environment (8.0_20-b17) (build 1.8.0_20-ea-b17)
# Java VM: Java HotSpot(TM) 64-Bit Server VM (25.20-b17 mixed mode linux-amd64 compressed oops)
Heap:
 PSYoungGen      total 253952K, used 206861K [0x000000076ce00000, 0x000000077de00000, 0x00000007c0000000)
  eden space 237568K, 87% used [0x000000076ce00000,0x0000000779803760,0x000000077b600000)
  from space 16384K, 0% used [0x000000077cc00000,0x000000077cc00000,0x000000077dc00000)
  to   space 20480K, 0% used [0x000000077b600000,0x000000077b600000,0x000000077ca00000)
 ParOldGen       total 257536K, used 41130K [0x00000006c6a00000, 0x00000006d6580000, 0x000000076ce00000)
  object space 257536K, 15% used [0x00000006c6a00000,0x00000006c922ab30,0x00000006d6580000)
 Metaspace       used 58647K, capacity 59750K, committed 59880K, reserved 1099776K
  class space    used 8351K, capacity 8634K, committed 8696K, reserved 1048576K
GC Heap History (10 events):
Event: 4.749 GC heap before
{Heap before GC invocations=9 (full 2):
 PSYoungGen      total 155648K, used 13287K [0x000000076ce00000, 0x000000077b900000, 0x00000007c0000000)
  eden space 140288K, 0% used [0x000000076ce00000,0x000000076ce00000,0x0000000775700000)
  from space 15360K, 86% used [0x0000000775700000,0x00000007763f9f30,0x0000000776600000)
  to   space 16896K, 0% used [0x000000077a880000,0x000000077a880000,0x000000077b900000)
 ParOldGen       total 113664K, used 13513K [0x00000006c6a00000, 0x00000006cd900000, 0x000000076ce00000)
  object space 113664K, 11% used [0x00000006c6a00000,0x00000006c7732438,0x00000006cd900000)
 Metaspace       used 34700K, capacity 35082K, committed 35320K, reserved 1079296K
  class space    used 4626K, capacity 4769K, committed 4856K, reserved 1048576K
Event: 4.808 GC heap after
Heap after GC invocations=9 (full 2):
 PSYoungGen      total 155648K, used 0K [0x000000076ce00000, 0x000000077b900000, 0x00000007c0000000)
  eden space 140288K, 0% used [0x000000076ce00000,0x000000076ce00000,0x0000000775700000)
  from space 15360K, 0% used [0x0000000775700000,0x0000000775700000,0x0000000776600000)
  to   space 16896K, 0% used [0x000000077a880000,0x000000077a880000,0x000000077b900000)
 ParOldGen       total 178176K, used 23757K [0x00000006c6a00000, 0x00000006d1800000, 0x000000076ce00000)
  object space 178176K, 13% used [0x00000006c6a00000,0x00000006c8133768,0x00000006d1800000)
 Metaspace       used 34700K, capacity 35082K, committed 35320K, reserved 1079296K
  class space    used 4626K, capacity 4769K, committed 4856K, reserved 1048576K
}
Event: 5.697 GC heap before
{Heap before GC invocations=10 (full 2):
 PSYoungGen      total 155648K, used 140288K [0x000000076ce00000, 0x000000077b900000, 0x00000007c0000000)
  eden space 140288K, 100% used [0x000000076ce00000,0x0000000775700000,0x0000000775700000)
  from space 15360K, 0% used [0x0000000775700000,0x0000000775700000,0x0000000776600000)
  to   space 16896K, 0% used [0x000000077a880000,0x000000077a880000,0x000000077b900000)
 ParOldGen       total 178176K, used 23757K [0x00000006c6a00000, 0x00000006d1800000, 0x000000076ce00000)
  object space 178176K, 13% used [0x00000006c6a00000,0x00000006c8133768,0x00000006d1800000)
 Metaspace       used 39534K, capacity 40046K, committed 40184K, reserved 1083392K
  class space    used 5738K, capacity 5874K, committed 5880K, reserved 1048576K
Event: 5.708 GC heap after
Heap after GC invocations=10 (full 2):
 PSYoungGen      total 207360K, used 5892K [0x000000076ce00000, 0x000000077b100000, 0x00000007c0000000)
  eden space 198656K, 0% used [0x000000076ce00000,0x000000076ce00000,0x0000000779000000)
  from space 8704K, 67% used [0x000000077a880000,0x000000077ae41210,0x000000077b100000)
  to   space 16896K, 0% used [0x0000000779000000,0x0000000779000000,0x000000077a080000)
 ParOldGen       total 178176K, used 23765K [0x00000006c6a00000, 0x00000006d1800000, 0x000000076ce00000)
  object space 178176K, 13% used [0x00000006c6a00000,0x00000006c8135768,0x00000006d1800000)
 Metaspace       used 39534K, capacity 40046K, committed 40184K, reserved 1083392K
  class space    used 5738K, capacity 5874K, committed 5880K, reserved 1048576K
}
Event: 7.311 GC heap before
{Heap before GC invocations=11 (full 2):
 PSYoungGen      total 207360K, used 204548K [0x000000076ce00000, 0x000000077b100000, 0x00000007c0000000)
  eden space 198656K, 100% used [0x000000076ce00000,0x0000000779000000,0x0000000779000000)
  from space 8704K, 67% used [0x000000077a880000,0x000000077ae41210,0x000000077b100000)
  to   space 16896K, 0% used [0x0000000779000000,0x0000000779000000,0x000000077a080000)
 ParOldGen       total 178176K, used 23765K [0x00000006c6a00000, 0x00000006d1800000, 0x000000076ce00000)
  object space 178176K, 13% used [0x00000006c6a00000,0x00000006c8135768,0x00000006d1800000)
 Metaspace       used 45028K, capacity 45554K, committed 45816K, reserved 1087488K
  class space    used 6652K, capacity 6808K, committed 6904K, reserved 1048576K
Event: 7.320 GC heap after
Heap after GC invocations=11 (full 2):
 PSYoungGen      total 215552K, used 10695K [0x000000076ce00000, 0x000000077dc00000, 0x00000007c0000000)
  eden space 198656K, 0% used [0x000000076ce00000,0x000000076ce00000,0x0000000779000000)
  from space 16896K, 63% used [0x0000000779000000,0x0000000779a71e80,0x000000077a080000)
  to   space 16384K, 0% used [0x000000077cc00000,0x000000077cc00000,0x000000077dc00000)
 ParOldGen       total 178176K, used 23773K [0x00000006c6a00000, 0x00000006d1800000, 0x000000076ce00000)
  object space 178176K, 13% used [0x00000006c6a00000,0x00000006c8137768,0x00000006d1800000)
 Metaspace       used 45028K, capacity 45554K, committed 45816K, reserved 1087488K
  class space    used 6652K, capacity 6808K, committed 6904K, reserved 1048576K
}
Event: 14.520 GC heap before
{Heap before GC invocations=12 (full 2):
 PSYoungGen      total 215552K, used 202960K [0x000000076ce00000, 0x000000077dc00000, 0x00000007c0000000)
  eden space 198656K, 96% used [0x000000076ce00000,0x00000007789c2470,0x0000000779000000)
  from space 16896K, 63% used [0x0000000779000000,0x0000000779a71e80,0x000000077a080000)
  to   space 16384K, 0% used [0x000000077cc00000,0x000000077cc00000,0x000000077dc00000)
 ParOldGen       total 178176K, used 23773K [0x00000006c6a00000, 0x00000006d1800000, 0x000000076ce00000)
  object space 178176K, 13% used [0x00000006c6a00000,0x00000006c8137768,0x00000006d1800000)
 Metaspace       used 57387K, capacity 58428K, committed 58472K, reserved 1099776K
  class space    used 8278K, capacity 8532K, committed 8568K, reserved 1048576K
Event: 14.541 GC heap after
Heap after GC invocations=12 (full 2):
 PSYoungGen      total 253952K, used 16359K [0x000000076ce00000, 0x000000077de00000, 0x00000007c0000000)
  eden space 237568K, 0% used [0x000000076ce00000,0x000000076ce00000,0x000000077b600000)
  from space 16384K, 99% used [0x000000077cc00000,0x000000077dbf9df8,0x000000077dc00000)
  to   space 20480K, 0% used [0x000000077b600000,0x000000077b600000,0x000000077ca00000)
 ParOldGen       total 178176K, used 29243K [0x00000006c6a00000, 0x00000006d1800000, 0x000000076ce00000)
  object space 178176K, 16% used [0x00000006c6a00000,0x00000006c868ed10,0x00000006d1800000)
 Metaspace       used 57387K, capacity 58428K, committed 58472K, reserved 1099776K
  class space    used 8278K, capacity 8532K, committed 8568K, reserved 1048576K
}
Event: 14.541 GC heap before
{Heap before GC invocations=13 (full 3):
 PSYoungGen      total 253952K, used 16359K [0x000000076ce00000, 0x000000077de00000, 0x00000007c0000000)
  eden space 237568K, 0% used [0x000000076ce00000,0x000000076ce00000,0x000000077b600000)
  from space 16384K, 99% used [0x000000077cc00000,0x000000077dbf9df8,0x000000077dc00000)
  to   space 20480K, 0% used [0x000000077b600000,0x000000077b600000,0x000000077ca00000)
 ParOldGen       total 178176K, used 29243K [0x00000006c6a00000, 0x00000006d1800000, 0x000000076ce00000)
  object space 178176K, 16% used [0x00000006c6a00000,0x00000006c868ed10,0x00000006d1800000)
 Metaspace       used 57387K, capacity 58428K, committed 58472K, reserved 1099776K
  class space    used 8278K, capacity 8532K, committed 8568K, reserved 1048576K
Event: 14.735 GC heap after
Heap after GC invocations=13 (full 3):
 PSYoungGen      total 253952K, used 0K [0x000000076ce00000, 0x000000077de00000, 0x00000007c0000000)
  eden space 237568K, 0% used [0x000000076ce00000,0x000000076ce00000,0x000000077b600000)
  from space 16384K, 0% used [0x000000077cc00000,0x000000077cc00000,0x000000077dc00000)
  to   space 20480K, 0% used [0x000000077b600000,0x000000077b600000,0x000000077ca00000)
 ParOldGen       total 257536K, used 41130K [0x00000006c6a00000, 0x00000006d6580000, 0x000000076ce00000)
  object space 257536K, 15% used [0x00000006c6a00000,0x00000006c922ab30,0x00000006d6580000)
 Metaspace       used 57316K, capacity 58330K, committed 58472K, reserved 1099776K
  class space    used 8276K, capacity 8526K, committed 8568K, reserved 1048576K
}

