# JRE version: Java(TM) SE Runtime Environment (8.0_20-b17) (build 1.8.0_20-ea-b17)
# Java VM: Java HotSpot(TM) 64-Bit Server VM (25.20-b17 mixed mode linux-amd64 compressed oops)
Heap:
 PSYoungGen      total 372224K, used 34386K [0x000000076ce00000, 0x0000000785a00000, 0x00000007c0000000)
  eden space 357376K, 5% used [0x000000076ce00000,0x000000076e190390,0x0000000782b00000)
  from space 14848K, 96% used [0x0000000784b80000,0x0000000785984588,0x0000000785a00000)
  to   space 16896K, 0% used [0x0000000783900000,0x0000000783900000,0x0000000784980000)
 ParOldGen       total 179200K, used 23636K [0x00000006c6a00000, 0x00000006d1900000, 0x000000076ce00000)
  object space 179200K, 13% used [0x00000006c6a00000,0x00000006c8115228,0x00000006d1900000)
 Metaspace       used 51006K, capacity 52272K, committed 52480K, reserved 1093632K
  class space    used 7303K, capacity 7581K, committed 7680K, reserved 1048576K
GC Heap History (10 events):
Event: 4.396 GC heap before
{Heap before GC invocations=6 (full 1):
 PSYoungGen      total 196096K, used 196083K [0x000000076ce00000, 0x000000077dc80000, 0x00000007c0000000)
  eden space 187392K, 100% used [0x000000076ce00000,0x0000000778500000,0x0000000778500000)
  from space 8704K, 99% used [0x000000077d400000,0x000000077dc7cd38,0x000000077dc80000)
  to   space 10240K, 0% used [0x000000077c880000,0x000000077c880000,0x000000077d280000)
 ParOldGen       total 112640K, used 12802K [0x00000006c6a00000, 0x00000006cd800000, 0x000000076ce00000)
  object space 112640K, 11% used [0x00000006c6a00000,0x00000006c7680ba8,0x00000006cd800000)
 Metaspace       used 29195K, capacity 29650K, committed 29824K, reserved 1075200K
  class space    used 3249K, capacity 3388K, committed 3456K, reserved 1048576K
Event: 4.403 GC heap after
Heap after GC invocations=6 (full 1):
 PSYoungGen      total 266752K, used 6062K [0x000000076ce00000, 0x000000077f100000, 0x00000007c0000000)
  eden space 256512K, 0% used [0x000000076ce00000,0x000000076ce00000,0x000000077c880000)
  from space 10240K, 59% used [0x000000077c880000,0x000000077ce6ba80,0x000000077d280000)
  to   space 14848K, 0% used [0x000000077e280000,0x000000077e280000,0x000000077f100000)
 ParOldGen       total 112640K, used 12810K [0x00000006c6a00000, 0x00000006cd800000, 0x000000076ce00000)
  object space 112640K, 11% used [0x00000006c6a00000,0x00000006c7682ba8,0x00000006cd800000)
 Metaspace       used 29195K, capacity 29650K, committed 29824K, reserved 1075200K
  class space    used 3249K, capacity 3388K, committed 3456K, reserved 1048576K
}
Event: 5.096 GC heap before
{Heap before GC invocations=7 (full 1):
 PSYoungGen      total 266752K, used 100772K [0x000000076ce00000, 0x000000077f100000, 0x00000007c0000000)
  eden space 256512K, 36% used [0x000000076ce00000,0x0000000772a7d628,0x000000077c880000)
  from space 10240K, 59% used [0x000000077c880000,0x000000077ce6ba80,0x000000077d280000)
  to   space 14848K, 0% used [0x000000077e280000,0x000000077e280000,0x000000077f100000)
 ParOldGen       total 112640K, used 12810K [0x00000006c6a00000, 0x00000006cd800000, 0x000000076ce00000)
  object space 112640K, 11% used [0x00000006c6a00000,0x00000006c7682ba8,0x00000006cd800000)
 Metaspace       used 34726K, capacity 35140K, committed 35320K, reserved 1079296K
  class space    used 4581K, capacity 4704K, committed 4736K, reserved 1048576K
Event: 5.108 GC heap after
Heap after GC invocations=7 (full 1):
 PSYoungGen      total 282112K, used 13081K [0x000000076ce00000, 0x0000000785480000, 0x00000007c0000000)
  eden space 267264K, 0% used [0x000000076ce00000,0x000000076ce00000,0x000000077d300000)
  from space 14848K, 88% used [0x000000077e280000,0x000000077ef46470,0x000000077f100000)
  to   space 15872K, 0% used [0x000000077d300000,0x000000077d300000,0x000000077e280000)
 ParOldGen       total 112640K, used 12818K [0x00000006c6a00000, 0x00000006cd800000, 0x000000076ce00000)
  object space 112640K, 11% used [0x00000006c6a00000,0x00000006c7684ba8,0x00000006cd800000)
 Metaspace       used 34726K, capacity 35140K, committed 35320K, reserved 1079296K
  class space    used 4581K, capacity 4704K, committed 4736K, reserved 1048576K
}
Event: 5.108 GC heap before
{Heap before GC invocations=8 (full 2):
 PSYoungGen      total 282112K, used 13081K [0x000000076ce00000, 0x0000000785480000, 0x00000007c0000000)
  eden space 267264K, 0% used [0x000000076ce00000,0x000000076ce00000,0x000000077d300000)
  from space 14848K, 88% used [0x000000077e280000,0x000000077ef46470,0x000000077f100000)
  to   space 15872K, 0% used [0x000000077d300000,0x000000077d300000,0x000000077e280000)
 ParOldGen       total 112640K, used 12818K [0x00000006c6a00000, 0x00000006cd800000, 0x000000076ce00000)
  object space 112640K, 11% used [0x00000006c6a00000,0x00000006c7684ba8,0x00000006cd800000)
 Metaspace       used 34726K, capacity 35140K, committed 35320K, reserved 1079296K
  class space    used 4581K, capacity 4704K, committed 4736K, reserved 1048576K
Event: 5.170 GC heap after
Heap after GC invocations=8 (full 2):
 PSYoungGen      total 282112K, used 0K [0x000000076ce00000, 0x0000000785480000, 0x00000007c0000000)
  eden space 267264K, 0% used [0x000000076ce00000,0x000000076ce00000,0x000000077d300000)
  from space 14848K, 0% used [0x000000077e280000,0x000000077e280000,0x000000077f100000)
  to   space 15872K, 0% used [0x000000077d300000,0x000000077d300000,0x000000077e280000)
 ParOldGen       total 179200K, used 23620K [0x00000006c6a00000, 0x00000006d1900000, 0x000000076ce00000)
  object space 179200K, 13% used [0x00000006c6a00000,0x00000006c8111228,0x00000006d1900000)
 Metaspace       used 34726K, capacity 35140K, committed 35320K, reserved 1079296K
  class space    used 4581K, capacity 4704K, committed 4736K, reserved 1048576K
}
Event: 6.836 GC heap before
{Heap before GC invocations=9 (full 2):
 PSYoungGen      total 282112K, used 267264K [0x000000076ce00000, 0x0000000785480000, 0x00000007c0000000)
  eden space 267264K, 100% used [0x000000076ce00000,0x000000077d300000,0x000000077d300000)
  from space 14848K, 0% used [0x000000077e280000,0x000000077e280000,0x000000077f100000)
  to   space 15872K, 0% used [0x000000077d300000,0x000000077d300000,0x000000077e280000)
 ParOldGen       total 179200K, used 23620K [0x00000006c6a00000, 0x00000006d1900000, 0x000000076ce00000)
  object space 179200K, 13% used [0x00000006c6a00000,0x00000006c8111228,0x00000006d1900000)
 Metaspace       used 42843K, capacity 43416K, committed 43648K, reserved 1087488K
  class space    used 6145K, capacity 6265K, committed 6272K, reserved 1048576K
Event: 6.853 GC heap after
Heap after GC invocations=9 (full 2):
 PSYoungGen      total 283136K, used 8024K [0x000000076ce00000, 0x0000000785a80000, 0x00000007c0000000)
  eden space 267264K, 0% used [0x000000076ce00000,0x000000076ce00000,0x000000077d300000)
  from space 15872K, 50% used [0x000000077d300000,0x000000077dad60a0,0x000000077e280000)
  to   space 15360K, 0% used [0x0000000784b80000,0x0000000784b80000,0x0000000785a80000)
 ParOldGen       total 179200K, used 23628K [0x00000006c6a00000, 0x00000006d1900000, 0x000000076ce00000)
  object space 179200K, 13% used [0x00000006c6a00000,0x00000006c8113228,0x00000006d1900000)
 Metaspace       used 42843K, capacity 43416K, committed 43648K, reserved 1087488K
  class space    used 6145K, capacity 6265K, committed 6272K, reserved 1048576K
}
Event: 110.252 GC heap before
{Heap before GC invocations=10 (full 2):
 PSYoungGen      total 283136K, used 275288K [0x000000076ce00000, 0x0000000785a80000, 0x00000007c0000000)
  eden space 267264K, 100% used [0x000000076ce00000,0x000000077d300000,0x000000077d300000)
  from space 15872K, 50% used [0x000000077d300000,0x000000077dad60a0,0x000000077e280000)
  to   space 15360K, 0% used [0x0000000784b80000,0x0000000784b80000,0x0000000785a80000)
 ParOldGen       total 179200K, used 23628K [0x00000006c6a00000, 0x00000006d1900000, 0x000000076ce00000)
  object space 179200K, 13% used [0x00000006c6a00000,0x00000006c8113228,0x00000006d1900000)
 Metaspace       used 50839K, capacity 52114K, committed 52224K, reserved 1093632K
  class space    used 7282K, capacity 7576K, committed 7680K, reserved 1048576K
Event: 110.268 GC heap after
Heap after GC invocations=10 (full 2):
 PSYoungGen      total 372224K, used 14353K [0x000000076ce00000, 0x0000000785a00000, 0x00000007c0000000)
  eden space 357376K, 0% used [0x000000076ce00000,0x000000076ce00000,0x0000000782b00000)
  from space 14848K, 96% used [0x0000000784b80000,0x0000000785984588,0x0000000785a00000)
  to   space 16896K, 0% used [0x0000000783900000,0x0000000783900000,0x0000000784980000)
 ParOldGen       total 179200K, used 23636K [0x00000006c6a00000, 0x00000006d1900000, 0x000000076ce00000)
  object space 179200K, 13% used [0x00000006c6a00000,0x00000006c8115228,0x00000006d1900000)
 Metaspace       used 50839K, capacity 52114K, committed 52224K, reserved 1093632K
  class space    used 7282K, capacity 7576K, committed 7680K, reserved 1048576K
}

