# JRE version: Java(TM) SE Runtime Environment (8.0_20-b17) (build 1.8.0_20-ea-b17)
# Java VM: Java HotSpot(TM) 64-Bit Server VM (25.20-b17 mixed mode linux-amd64 compressed oops)
Heap:
 PSYoungGen      total 238080K, used 98649K [0x000000076ce00000, 0x000000077ed00000, 0x00000007c0000000)
  eden space 218624K, 45% used [0x000000076ce00000,0x0000000772e56468,0x000000077a380000)
  from space 19456K, 0% used [0x000000077a380000,0x000000077a380000,0x000000077b680000)
  to   space 20480K, 0% used [0x000000077d900000,0x000000077d900000,0x000000077ed00000)
 ParOldGen       total 260096K, used 35042K [0x00000006c6a00000, 0x00000006d6800000, 0x000000076ce00000)
  object space 260096K, 13% used [0x00000006c6a00000,0x00000006c8c38948,0x00000006d6800000)
 Metaspace       used 57717K, capacity 58890K, committed 58984K, reserved 1099776K
  class space    used 8223K, capacity 8496K, committed 8552K, reserved 1048576K
GC Heap History (10 events):
Event: 6.107 GC heap before
{Heap before GC invocations=10 (full 2):
 PSYoungGen      total 150016K, used 135168K [0x000000076ce00000, 0x000000077ac00000, 0x00000007c0000000)
  eden space 135168K, 100% used [0x000000076ce00000,0x0000000775200000,0x0000000775200000)
  from space 14848K, 0% used [0x0000000775200000,0x0000000775200000,0x0000000776080000)
  to   space 15872K, 0% used [0x0000000779c80000,0x0000000779c80000,0x000000077ac00000)
 ParOldGen       total 181760K, used 23687K [0x00000006c6a00000, 0x00000006d1b80000, 0x000000076ce00000)
  object space 181760K, 13% used [0x00000006c6a00000,0x00000006c8121eb0,0x00000006d1b80000)
 Metaspace       used 39183K, capacity 39726K, committed 39936K, reserved 1083392K
  class space    used 5672K, capacity 5810K, committed 5888K, reserved 1048576K
Event: 6.115 GC heap after
Heap after GC invocations=10 (full 2):
 PSYoungGen      total 193024K, used 5601K [0x000000076ce00000, 0x000000077a380000, 0x00000007c0000000)
  eden space 185856K, 0% used [0x000000076ce00000,0x000000076ce00000,0x0000000778380000)
  from space 7168K, 78% used [0x0000000779c80000,0x000000077a1f8768,0x000000077a380000)
  to   space 16384K, 0% used [0x0000000778380000,0x0000000778380000,0x0000000779380000)
 ParOldGen       total 181760K, used 23695K [0x00000006c6a00000, 0x00000006d1b80000, 0x000000076ce00000)
  object space 181760K, 13% used [0x00000006c6a00000,0x00000006c8123eb0,0x00000006d1b80000)
 Metaspace       used 39183K, capacity 39726K, committed 39936K, reserved 1083392K
  class space    used 5672K, capacity 5810K, committed 5888K, reserved 1048576K
}
Event: 7.553 GC heap before
{Heap before GC invocations=11 (full 2):
 PSYoungGen      total 193024K, used 191457K [0x000000076ce00000, 0x000000077a380000, 0x00000007c0000000)
  eden space 185856K, 100% used [0x000000076ce00000,0x0000000778380000,0x0000000778380000)
  from space 7168K, 78% used [0x0000000779c80000,0x000000077a1f8768,0x000000077a380000)
  to   space 16384K, 0% used [0x0000000778380000,0x0000000778380000,0x0000000779380000)
 ParOldGen       total 181760K, used 23695K [0x00000006c6a00000, 0x00000006d1b80000, 0x000000076ce00000)
  object space 181760K, 13% used [0x00000006c6a00000,0x00000006c8123eb0,0x00000006d1b80000)
 Metaspace       used 45349K, capacity 45906K, committed 46336K, reserved 1089536K
  class space    used 6691K, capacity 6840K, committed 6912K, reserved 1048576K
Event: 7.563 GC heap after
Heap after GC invocations=11 (full 2):
 PSYoungGen      total 202240K, used 10937K [0x000000076ce00000, 0x000000077c900000, 0x00000007c0000000)
  eden space 185856K, 0% used [0x000000076ce00000,0x000000076ce00000,0x0000000778380000)
  from space 16384K, 66% used [0x0000000778380000,0x0000000778e2e448,0x0000000779380000)
  to   space 16384K, 0% used [0x000000077b900000,0x000000077b900000,0x000000077c900000)
 ParOldGen       total 181760K, used 23703K [0x00000006c6a00000, 0x00000006d1b80000, 0x000000076ce00000)
  object space 181760K, 13% used [0x00000006c6a00000,0x00000006c8125eb0,0x00000006d1b80000)
 Metaspace       used 45349K, capacity 45906K, committed 46336K, reserved 1089536K
  class space    used 6691K, capacity 6840K, committed 6912K, reserved 1048576K
}
Event: 18.568 GC heap before
{Heap before GC invocations=12 (full 2):
 PSYoungGen      total 202240K, used 196793K [0x000000076ce00000, 0x000000077c900000, 0x00000007c0000000)
  eden space 185856K, 100% used [0x000000076ce00000,0x0000000778380000,0x0000000778380000)
  from space 16384K, 66% used [0x0000000778380000,0x0000000778e2e448,0x0000000779380000)
  to   space 16384K, 0% used [0x000000077b900000,0x000000077b900000,0x000000077c900000)
 ParOldGen       total 181760K, used 23703K [0x00000006c6a00000, 0x00000006d1b80000, 0x000000076ce00000)
  object space 181760K, 13% used [0x00000006c6a00000,0x00000006c8125eb0,0x00000006d1b80000)
 Metaspace       used 56392K, capacity 57416K, committed 57600K, reserved 1097728K
  class space    used 8110K, capacity 8369K, committed 8448K, reserved 1048576K
Event: 18.586 GC heap after
Heap after GC invocations=12 (full 2):
 PSYoungGen      total 235008K, used 16379K [0x000000076ce00000, 0x000000077c980000, 0x00000007c0000000)
  eden space 218624K, 0% used [0x000000076ce00000,0x000000076ce00000,0x000000077a380000)
  from space 16384K, 99% used [0x000000077b900000,0x000000077c8fee68,0x000000077c900000)
  to   space 19456K, 0% used [0x000000077a380000,0x000000077a380000,0x000000077b680000)
 ParOldGen       total 181760K, used 27832K [0x00000006c6a00000, 0x00000006d1b80000, 0x000000076ce00000)
  object space 181760K, 15% used [0x00000006c6a00000,0x00000006c852e230,0x00000006d1b80000)
 Metaspace       used 56392K, capacity 57416K, committed 57600K, reserved 1097728K
  class space    used 8110K, capacity 8369K, committed 8448K, reserved 1048576K
}
Event: 23.036 GC heap before
{Heap before GC invocations=13 (full 2):
 PSYoungGen      total 235008K, used 85551K [0x000000076ce00000, 0x000000077c980000, 0x00000007c0000000)
  eden space 218624K, 31% used [0x000000076ce00000,0x000000077118d090,0x000000077a380000)
  from space 16384K, 99% used [0x000000077b900000,0x000000077c8fee68,0x000000077c900000)
  to   space 19456K, 0% used [0x000000077a380000,0x000000077a380000,0x000000077b680000)
 ParOldGen       total 181760K, used 27832K [0x00000006c6a00000, 0x00000006d1b80000, 0x000000076ce00000)
  object space 181760K, 15% used [0x00000006c6a00000,0x00000006c852e230,0x00000006d1b80000)
 Metaspace       used 57153K, capacity 58318K, committed 58472K, reserved 1099776K
  class space    used 8181K, capacity 8450K, committed 8552K, reserved 1048576K
Event: 23.051 GC heap after
Heap after GC invocations=13 (full 2):
 PSYoungGen      total 238080K, used 15403K [0x000000076ce00000, 0x000000077ed00000, 0x00000007c0000000)
  eden space 218624K, 0% used [0x000000076ce00000,0x000000076ce00000,0x000000077a380000)
  from space 19456K, 79% used [0x000000077a380000,0x000000077b28ad10,0x000000077b680000)
  to   space 20480K, 0% used [0x000000077d900000,0x000000077d900000,0x000000077ed00000)
 ParOldGen       total 181760K, used 27840K [0x00000006c6a00000, 0x00000006d1b80000, 0x000000076ce00000)
  object space 181760K, 15% used [0x00000006c6a00000,0x00000006c8530230,0x00000006d1b80000)
 Metaspace       used 57153K, capacity 58318K, committed 58472K, reserved 1099776K
  class space    used 8181K, capacity 8450K, committed 8552K, reserved 1048576K
}
Event: 23.051 GC heap before
{Heap before GC invocations=14 (full 3):
 PSYoungGen      total 238080K, used 15403K [0x000000076ce00000, 0x000000077ed00000, 0x00000007c0000000)
  eden space 218624K, 0% used [0x000000076ce00000,0x000000076ce00000,0x000000077a380000)
  from space 19456K, 79% used [0x000000077a380000,0x000000077b28ad10,0x000000077b680000)
  to   space 20480K, 0% used [0x000000077d900000,0x000000077d900000,0x000000077ed00000)
 ParOldGen       total 181760K, used 27840K [0x00000006c6a00000, 0x00000006d1b80000, 0x000000076ce00000)
  object space 181760K, 15% used [0x00000006c6a00000,0x00000006c8530230,0x00000006d1b80000)
 Metaspace       used 57153K, capacity 58318K, committed 58472K, reserved 1099776K
  class space    used 8181K, capacity 8450K, committed 8552K, reserved 1048576K
Event: 23.275 GC heap after
Heap after GC invocations=14 (full 3):
 PSYoungGen      total 238080K, used 0K [0x000000076ce00000, 0x000000077ed00000, 0x00000007c0000000)
  eden space 218624K, 0% used [0x000000076ce00000,0x000000076ce00000,0x000000077a380000)
  from space 19456K, 0% used [0x000000077a380000,0x000000077a380000,0x000000077b680000)
  to   space 20480K, 0% used [0x000000077d900000,0x000000077d900000,0x000000077ed00000)
 ParOldGen       total 260096K, used 35042K [0x00000006c6a00000, 0x00000006d6800000, 0x000000076ce00000)
  object space 260096K, 13% used [0x00000006c6a00000,0x00000006c8c38948,0x00000006d6800000)
 Metaspace       used 57093K, capacity 58234K, committed 58472K, reserved 1099776K
  class space    used 8180K, capacity 8446K, committed 8552K, reserved 1048576K
}

