# JRE version: Java(TM) SE Runtime Environment (8.0_20-b17) (build 1.8.0_20-ea-b17)
# Java VM: Java HotSpot(TM) 64-Bit Server VM (25.20-b17 mixed mode linux-amd64 compressed oops)
Heap:
 PSYoungGen      total 246784K, used 124127K [0x000000076ce00000, 0x000000077f680000, 0x00000007c0000000)
  eden space 228352K, 53% used [0x000000076ce00000,0x00000007744c83f8,0x000000077ad00000)
  from space 18432K, 13% used [0x000000077ad00000,0x000000077af6fb18,0x000000077bf00000)
  to   space 19456K, 0% used [0x000000077e380000,0x000000077e380000,0x000000077f680000)
 ParOldGen       total 269312K, used 34614K [0x00000006c6a00000, 0x00000006d7100000, 0x000000076ce00000)
  object space 269312K, 12% used [0x00000006c6a00000,0x00000006c8bcd8f0,0x00000006d7100000)
 Metaspace       used 59503K, capacity 60866K, committed 61056K, reserved 1101824K
  class space    used 8493K, capacity 8804K, committed 8832K, reserved 1048576K
GC Heap History (10 events):
Event: 8.740 GC heap before
{Heap before GC invocations=12 (full 2):
 PSYoungGen      total 173056K, used 165057K [0x000000076ce00000, 0x000000077ab80000, 0x00000007c0000000)
  eden space 158720K, 100% used [0x000000076ce00000,0x0000000776900000,0x0000000776900000)
  from space 14336K, 44% used [0x0000000776900000,0x0000000776f30598,0x0000000777700000)
  to   space 14336K, 0% used [0x0000000779d80000,0x0000000779d80000,0x000000077ab80000)
 ParOldGen       total 188928K, used 21363K [0x00000006c6a00000, 0x00000006d2280000, 0x000000076ce00000)
  object space 188928K, 11% used [0x00000006c6a00000,0x00000006c7edcdd8,0x00000006d2280000)
 Metaspace       used 44776K, capacity 45298K, committed 45696K, reserved 1087488K
  class space    used 6619K, capacity 6744K, committed 6784K, reserved 1048576K
Event: 8.751 GC heap after
Heap after GC invocations=12 (full 2):
 PSYoungGen      total 206336K, used 10425K [0x000000076ce00000, 0x000000077a880000, 0x00000007c0000000)
  eden space 195072K, 0% used [0x000000076ce00000,0x000000076ce00000,0x0000000778c80000)
  from space 11264K, 92% used [0x0000000779d80000,0x000000077a7ae7a0,0x000000077a880000)
  to   space 14336K, 0% used [0x0000000778c80000,0x0000000778c80000,0x0000000779a80000)
 ParOldGen       total 188928K, used 21371K [0x00000006c6a00000, 0x00000006d2280000, 0x000000076ce00000)
  object space 188928K, 11% used [0x00000006c6a00000,0x00000006c7ededd8,0x00000006d2280000)
 Metaspace       used 44776K, capacity 45298K, committed 45696K, reserved 1087488K
  class space    used 6619K, capacity 6744K, committed 6784K, reserved 1048576K
}
Event: 49.020 GC heap before
{Heap before GC invocations=13 (full 2):
 PSYoungGen      total 206336K, used 205497K [0x000000076ce00000, 0x000000077a880000, 0x00000007c0000000)
  eden space 195072K, 100% used [0x000000076ce00000,0x0000000778c80000,0x0000000778c80000)
  from space 11264K, 92% used [0x0000000779d80000,0x000000077a7ae7a0,0x000000077a880000)
  to   space 14336K, 0% used [0x0000000778c80000,0x0000000778c80000,0x0000000779a80000)
 ParOldGen       total 188928K, used 21371K [0x00000006c6a00000, 0x00000006d2280000, 0x000000076ce00000)
  object space 188928K, 11% used [0x00000006c6a00000,0x00000006c7ededd8,0x00000006d2280000)
 Metaspace       used 55508K, capacity 56358K, committed 56448K, reserved 1097728K
  class space    used 8010K, capacity 8235K, committed 8320K, reserved 1048576K
Event: 49.039 GC heap after
Heap after GC invocations=13 (full 2):
 PSYoungGen      total 209408K, used 14331K [0x000000076ce00000, 0x000000077d300000, 0x00000007c0000000)
  eden space 195072K, 0% used [0x000000076ce00000,0x000000076ce00000,0x0000000778c80000)
  from space 14336K, 99% used [0x0000000778c80000,0x0000000779a7ef70,0x0000000779a80000)
  to   space 17408K, 0% used [0x000000077c200000,0x000000077c200000,0x000000077d300000)
 ParOldGen       total 188928K, used 26271K [0x00000006c6a00000, 0x00000006d2280000, 0x000000076ce00000)
  object space 188928K, 13% used [0x00000006c6a00000,0x00000006c83a7ff0,0x00000006d2280000)
 Metaspace       used 55508K, capacity 56358K, committed 56448K, reserved 1097728K
  class space    used 8010K, capacity 8235K, committed 8320K, reserved 1048576K
}
Event: 56.124 GC heap before
{Heap before GC invocations=14 (full 2):
 PSYoungGen      total 209408K, used 112817K [0x000000076ce00000, 0x000000077d300000, 0x00000007c0000000)
  eden space 195072K, 50% used [0x000000076ce00000,0x0000000772e2d728,0x0000000778c80000)
  from space 14336K, 99% used [0x0000000778c80000,0x0000000779a7ef70,0x0000000779a80000)
  to   space 17408K, 0% used [0x000000077c200000,0x000000077c200000,0x000000077d300000)
 ParOldGen       total 188928K, used 26271K [0x00000006c6a00000, 0x00000006d2280000, 0x000000076ce00000)
  object space 188928K, 13% used [0x00000006c6a00000,0x00000006c83a7ff0,0x00000006d2280000)
 Metaspace       used 57208K, capacity 58412K, committed 58472K, reserved 1099776K
  class space    used 8276K, capacity 8556K, committed 8576K, reserved 1048576K
Event: 56.139 GC heap after
Heap after GC invocations=14 (full 2):
 PSYoungGen      total 242176K, used 15095K [0x000000076ce00000, 0x000000077d100000, 0x00000007c0000000)
  eden space 226816K, 0% used [0x000000076ce00000,0x000000076ce00000,0x000000077ab80000)
  from space 15360K, 98% used [0x000000077c200000,0x000000077d0bdcd8,0x000000077d100000)
  to   space 18432K, 0% used [0x000000077ad00000,0x000000077ad00000,0x000000077bf00000)
 ParOldGen       total 188928K, used 26279K [0x00000006c6a00000, 0x00000006d2280000, 0x000000076ce00000)
  object space 188928K, 13% used [0x00000006c6a00000,0x00000006c83a9ff0,0x00000006d2280000)
 Metaspace       used 57208K, capacity 58412K, committed 58472K, reserved 1099776K
  class space    used 8276K, capacity 8556K, committed 8576K, reserved 1048576K
}
Event: 56.139 GC heap before
{Heap before GC invocations=15 (full 3):
 PSYoungGen      total 242176K, used 15095K [0x000000076ce00000, 0x000000077d100000, 0x00000007c0000000)
  eden space 226816K, 0% used [0x000000076ce00000,0x000000076ce00000,0x000000077ab80000)
  from space 15360K, 98% used [0x000000077c200000,0x000000077d0bdcd8,0x000000077d100000)
  to   space 18432K, 0% used [0x000000077ad00000,0x000000077ad00000,0x000000077bf00000)
 ParOldGen       total 188928K, used 26279K [0x00000006c6a00000, 0x00000006d2280000, 0x000000076ce00000)
  object space 188928K, 13% used [0x00000006c6a00000,0x00000006c83a9ff0,0x00000006d2280000)
 Metaspace       used 57208K, capacity 58412K, committed 58472K, reserved 1099776K
  class space    used 8276K, capacity 8556K, committed 8576K, reserved 1048576K
Event: 56.331 GC heap after
Heap after GC invocations=15 (full 3):
 PSYoungGen      total 242176K, used 0K [0x000000076ce00000, 0x000000077d100000, 0x00000007c0000000)
  eden space 226816K, 0% used [0x000000076ce00000,0x000000076ce00000,0x000000077ab80000)
  from space 15360K, 0% used [0x000000077c200000,0x000000077c200000,0x000000077d100000)
  to   space 18432K, 0% used [0x000000077ad00000,0x000000077ad00000,0x000000077bf00000)
 ParOldGen       total 269312K, used 34606K [0x00000006c6a00000, 0x00000006d7100000, 0x000000076ce00000)
  object space 269312K, 12% used [0x00000006c6a00000,0x00000006c8bcb8f0,0x00000006d7100000)
 Metaspace       used 57138K, capacity 58314K, committed 58472K, reserved 1099776K
  class space    used 8274K, capacity 8550K, committed 8576K, reserved 1048576K
}
Event: 73.233 GC heap before
{Heap before GC invocations=16 (full 3):
 PSYoungGen      total 242176K, used 226816K [0x000000076ce00000, 0x000000077d100000, 0x00000007c0000000)
  eden space 226816K, 100% used [0x000000076ce00000,0x000000077ab80000,0x000000077ab80000)
  from space 15360K, 0% used [0x000000077c200000,0x000000077c200000,0x000000077d100000)
  to   space 18432K, 0% used [0x000000077ad00000,0x000000077ad00000,0x000000077bf00000)
 ParOldGen       total 269312K, used 34606K [0x00000006c6a00000, 0x00000006d7100000, 0x000000076ce00000)
  object space 269312K, 12% used [0x00000006c6a00000,0x00000006c8bcb8f0,0x00000006d7100000)
 Metaspace       used 58635K, capacity 59908K, committed 60008K, reserved 1099776K
  class space    used 8446K, capacity 8757K, committed 8832K, reserved 1048576K
Event: 73.239 GC heap after
Heap after GC invocations=16 (full 3):
 PSYoungGen      total 246784K, used 2494K [0x000000076ce00000, 0x000000077f680000, 0x00000007c0000000)
  eden space 228352K, 0% used [0x000000076ce00000,0x000000076ce00000,0x000000077ad00000)
  from space 18432K, 13% used [0x000000077ad00000,0x000000077af6fb18,0x000000077bf00000)
  to   space 19456K, 0% used [0x000000077e380000,0x000000077e380000,0x000000077f680000)
 ParOldGen       total 269312K, used 34614K [0x00000006c6a00000, 0x00000006d7100000, 0x000000076ce00000)
  object space 269312K, 12% used [0x00000006c6a00000,0x00000006c8bcd8f0,0x00000006d7100000)
 Metaspace       used 58635K, capacity 59908K, committed 60008K, reserved 1099776K
  class space    used 8446K, capacity 8757K, committed 8832K, reserved 1048576K
}

