# JRE version: Java(TM) SE Runtime Environment (8.0_20-b17) (build 1.8.0_20-ea-b17)
# Java VM: Java HotSpot(TM) 64-Bit Server VM (25.20-b17 mixed mode linux-amd64 compressed oops)
Heap:
 PSYoungGen      total 295424K, used 33966K [0x000000076ce00000, 0x0000000780d00000, 0x00000007c0000000)
  eden space 281600K, 10% used [0x000000076ce00000,0x000000076ea2aaf8,0x000000077e100000)
  from space 13824K, 37% used [0x000000077ff80000,0x0000000780480d68,0x0000000780d00000)
  to   space 22528K, 0% used [0x000000077e100000,0x000000077e100000,0x000000077f700000)
 ParOldGen       total 285696K, used 40341K [0x00000006c6a00000, 0x00000006d8100000, 0x000000076ce00000)
  object space 285696K, 14% used [0x00000006c6a00000,0x00000006c9165680,0x00000006d8100000)
 Metaspace       used 61780K, capacity 63629K, committed 63692K, reserved 1103872K
  class space    used 8988K, capacity 9403K, committed 9420K, reserved 1048576K
GC Heap History (10 events):
Event: 585.975 GC heap before
{Heap before GC invocations=19 (full 3):
 PSYoungGen      total 289280K, used 267458K [0x000000076ce00000, 0x0000000781d00000, 0x00000007c0000000)
  eden space 265216K, 100% used [0x000000076ce00000,0x000000077d100000,0x000000077d100000)
  from space 24064K, 9% used [0x000000077d100000,0x000000077d3309f8,0x000000077e880000)
  to   space 24576K, 0% used [0x0000000780500000,0x0000000780500000,0x0000000781d00000)
 ParOldGen       total 285696K, used 40301K [0x00000006c6a00000, 0x00000006d8100000, 0x000000076ce00000)
  object space 285696K, 14% used [0x00000006c6a00000,0x00000006c915b680,0x00000006d8100000)
 Metaspace       used 60112K, capacity 61693K, committed 61900K, reserved 1101824K
  class space    used 8748K, capacity 9081K, committed 9164K, reserved 1048576K
Event: 585.984 GC heap after
Heap after GC invocations=19 (full 3):
 PSYoungGen      total 307200K, used 2354K [0x000000076ce00000, 0x0000000781800000, 0x00000007c0000000)
  eden space 287744K, 0% used [0x000000076ce00000,0x000000076ce00000,0x000000077e700000)
  from space 19456K, 12% used [0x0000000780500000,0x000000078074c9e8,0x0000000781800000)
  to   space 25088K, 0% used [0x000000077e700000,0x000000077e700000,0x000000077ff80000)
 ParOldGen       total 285696K, used 40309K [0x00000006c6a00000, 0x00000006d8100000, 0x000000076ce00000)
  object space 285696K, 14% used [0x00000006c6a00000,0x00000006c915d680,0x00000006d8100000)
 Metaspace       used 60112K, capacity 61693K, committed 61900K, reserved 1101824K
  class space    used 8748K, capacity 9081K, committed 9164K, reserved 1048576K
}
Event: 843.008 GC heap before
{Heap before GC invocations=20 (full 3):
 PSYoungGen      total 307200K, used 290098K [0x000000076ce00000, 0x0000000781800000, 0x00000007c0000000)
  eden space 287744K, 100% used [0x000000076ce00000,0x000000077e700000,0x000000077e700000)
  from space 19456K, 12% used [0x0000000780500000,0x000000078074c9e8,0x0000000781800000)
  to   space 25088K, 0% used [0x000000077e700000,0x000000077e700000,0x000000077ff80000)
 ParOldGen       total 285696K, used 40309K [0x00000006c6a00000, 0x00000006d8100000, 0x000000076ce00000)
  object space 285696K, 14% used [0x00000006c6a00000,0x00000006c915d680,0x00000006d8100000)
 Metaspace       used 60202K, capacity 61699K, committed 61900K, reserved 1101824K
  class space    used 8749K, capacity 9082K, committed 9164K, reserved 1048576K
Event: 843.021 GC heap after
Heap after GC invocations=20 (full 3):
 PSYoungGen      total 312832K, used 2498K [0x000000076ce00000, 0x0000000782480000, 0x00000007c0000000)
  eden space 287744K, 0% used [0x000000076ce00000,0x000000076ce00000,0x000000077e700000)
  from space 25088K, 9% used [0x000000077e700000,0x000000077e9709f8,0x000000077ff80000)
  to   space 25088K, 0% used [0x0000000780c00000,0x0000000780c00000,0x0000000782480000)
 ParOldGen       total 285696K, used 40317K [0x00000006c6a00000, 0x00000006d8100000, 0x000000076ce00000)
  object space 285696K, 14% used [0x00000006c6a00000,0x00000006c915f680,0x00000006d8100000)
 Metaspace       used 60202K, capacity 61699K, committed 61900K, reserved 1101824K
  class space    used 8749K, capacity 9082K, committed 9164K, reserved 1048576K
}
Event: 1005.022 GC heap before
{Heap before GC invocations=21 (full 3):
 PSYoungGen      total 312832K, used 290242K [0x000000076ce00000, 0x0000000782480000, 0x00000007c0000000)
  eden space 287744K, 100% used [0x000000076ce00000,0x000000077e700000,0x000000077e700000)
  from space 25088K, 9% used [0x000000077e700000,0x000000077e9709f8,0x000000077ff80000)
  to   space 25088K, 0% used [0x0000000780c00000,0x0000000780c00000,0x0000000782480000)
 ParOldGen       total 285696K, used 40317K [0x00000006c6a00000, 0x00000006d8100000, 0x000000076ce00000)
  object space 285696K, 14% used [0x00000006c6a00000,0x00000006c915f680,0x00000006d8100000)
 Metaspace       used 60717K, capacity 62293K, committed 62540K, reserved 1101824K
  class space    used 8815K, capacity 9181K, committed 9292K, reserved 1048576K
Event: 1005.028 GC heap after
Heap after GC invocations=21 (full 3):
 PSYoungGen      total 318464K, used 3627K [0x000000076ce00000, 0x0000000782080000, 0x00000007c0000000)
  eden space 297472K, 0% used [0x000000076ce00000,0x000000076ce00000,0x000000077f080000)
  from space 20992K, 17% used [0x0000000780c00000,0x0000000780f8aee0,0x0000000782080000)
  to   space 24576K, 0% used [0x000000077f080000,0x000000077f080000,0x0000000780880000)
 ParOldGen       total 285696K, used 40325K [0x00000006c6a00000, 0x00000006d8100000, 0x000000076ce00000)
  object space 285696K, 14% used [0x00000006c6a00000,0x00000006c9161680,0x00000006d8100000)
 Metaspace       used 60717K, capacity 62293K, committed 62540K, reserved 1101824K
  class space    used 8815K, capacity 9181K, committed 9292K, reserved 1048576K
}
Event: 1104.506 GC heap before
{Heap before GC invocations=22 (full 3):
 PSYoungGen      total 318464K, used 301099K [0x000000076ce00000, 0x0000000782080000, 0x00000007c0000000)
  eden space 297472K, 100% used [0x000000076ce00000,0x000000077f080000,0x000000077f080000)
  from space 20992K, 17% used [0x0000000780c00000,0x0000000780f8aee0,0x0000000782080000)
  to   space 24576K, 0% used [0x000000077f080000,0x000000077f080000,0x0000000780880000)
 ParOldGen       total 285696K, used 40325K [0x00000006c6a00000, 0x00000006d8100000, 0x000000076ce00000)
  object space 285696K, 14% used [0x00000006c6a00000,0x00000006c9161680,0x00000006d8100000)
 Metaspace       used 61533K, capacity 63383K, committed 63436K, reserved 1103872K
  class space    used 8969K, capacity 9394K, committed 9420K, reserved 1048576K
Event: 1104.512 GC heap after
Heap after GC invocations=22 (full 3):
 PSYoungGen      total 294912K, used 5342K [0x000000076ce00000, 0x0000000781680000, 0x00000007c0000000)
  eden space 289280K, 0% used [0x000000076ce00000,0x000000076ce00000,0x000000077e880000)
  from space 5632K, 94% used [0x000000077f080000,0x000000077f5b7988,0x000000077f600000)
  to   space 23552K, 0% used [0x000000077ff80000,0x000000077ff80000,0x0000000781680000)
 ParOldGen       total 285696K, used 40333K [0x00000006c6a00000, 0x00000006d8100000, 0x000000076ce00000)
  object space 285696K, 14% used [0x00000006c6a00000,0x00000006c9163680,0x00000006d8100000)
 Metaspace       used 61533K, capacity 63383K, committed 63436K, reserved 1103872K
  class space    used 8969K, capacity 9394K, committed 9420K, reserved 1048576K
}
Event: 1144.073 GC heap before
{Heap before GC invocations=23 (full 3):
 PSYoungGen      total 294912K, used 294622K [0x000000076ce00000, 0x0000000781680000, 0x00000007c0000000)
  eden space 289280K, 100% used [0x000000076ce00000,0x000000077e880000,0x000000077e880000)
  from space 5632K, 94% used [0x000000077f080000,0x000000077f5b7988,0x000000077f600000)
  to   space 23552K, 0% used [0x000000077ff80000,0x000000077ff80000,0x0000000781680000)
 ParOldGen       total 285696K, used 40333K [0x00000006c6a00000, 0x00000006d8100000, 0x000000076ce00000)
  object space 285696K, 14% used [0x00000006c6a00000,0x00000006c9163680,0x00000006d8100000)
 Metaspace       used 61634K, capacity 63517K, committed 63692K, reserved 1103872K
  class space    used 8969K, capacity 9395K, committed 9420K, reserved 1048576K
Event: 1144.082 GC heap after
Heap after GC invocations=23 (full 3):
 PSYoungGen      total 295424K, used 5123K [0x000000076ce00000, 0x0000000780d00000, 0x00000007c0000000)
  eden space 281600K, 0% used [0x000000076ce00000,0x000000076ce00000,0x000000077e100000)
  from space 13824K, 37% used [0x000000077ff80000,0x0000000780480d68,0x0000000780d00000)
  to   space 22528K, 0% used [0x000000077e100000,0x000000077e100000,0x000000077f700000)
 ParOldGen       total 285696K, used 40341K [0x00000006c6a00000, 0x00000006d8100000, 0x000000076ce00000)
  object space 285696K, 14% used [0x00000006c6a00000,0x00000006c9165680,0x00000006d8100000)
 Metaspace       used 61634K, capacity 63517K, committed 63692K, reserved 1103872K
  class space    used 8969K, capacity 9395K, committed 9420K, reserved 1048576K
}

