# JRE version: Java(TM) SE Runtime Environment (8.0_20-b17) (build 1.8.0_20-ea-b17)
# Java VM: Java HotSpot(TM) 64-Bit Server VM (25.20-b17 mixed mode linux-amd64 compressed oops)
Heap:
 PSYoungGen      total 427008K, used 178576K [0x000000076ce00000, 0x0000000788b80000, 0x00000007c0000000)
  eden space 411136K, 43% used [0x000000076ce00000,0x0000000777c64368,0x0000000785f80000)
  from space 15872K, 0% used [0x0000000787c00000,0x0000000787c00000,0x0000000788b80000)
  to   space 20480K, 0% used [0x0000000786380000,0x0000000786380000,0x0000000787780000)
 ParOldGen       total 243712K, used 40796K [0x00000006c6a00000, 0x00000006d5800000, 0x000000076ce00000)
  object space 243712K, 16% used [0x00000006c6a00000,0x00000006c91d73d8,0x00000006d5800000)
 Metaspace       used 58645K, capacity 59768K, committed 59832K, reserved 1099776K
  class space    used 8422K, capacity 8723K, committed 8768K, reserved 1048576K
GC Heap History (10 events):
Event: 4.538 GC heap before
{Heap before GC invocations=7 (full 1):
 PSYoungGen      total 268288K, used 100338K [0x000000076ce00000, 0x0000000780c80000, 0x00000007c0000000)
  eden space 258048K, 35% used [0x000000076ce00000,0x00000007727ef260,0x000000077ca00000)
  from space 10240K, 80% used [0x000000077ca00000,0x000000077d20d910,0x000000077d400000)
  to   space 13824K, 0% used [0x000000077ff00000,0x000000077ff00000,0x0000000780c80000)
 ParOldGen       total 107520K, used 13808K [0x00000006c6a00000, 0x00000006cd300000, 0x000000076ce00000)
  object space 107520K, 12% used [0x00000006c6a00000,0x00000006c777c0f8,0x00000006cd300000)
 Metaspace       used 34519K, capacity 35206K, committed 35264K, reserved 1081344K
  class space    used 4115K, capacity 4266K, committed 4288K, reserved 1048576K
Event: 4.549 GC heap after
Heap after GC invocations=7 (full 1):
 PSYoungGen      total 312320K, used 9344K [0x000000076ce00000, 0x0000000786e00000, 0x00000007c0000000)
  eden space 298496K, 0% used [0x000000076ce00000,0x000000076ce00000,0x000000077f180000)
  from space 13824K, 67% used [0x000000077ff00000,0x0000000780820138,0x0000000780c80000)
  to   space 13824K, 0% used [0x000000077f180000,0x000000077f180000,0x000000077ff00000)
 ParOldGen       total 107520K, used 13816K [0x00000006c6a00000, 0x00000006cd300000, 0x000000076ce00000)
  object space 107520K, 12% used [0x00000006c6a00000,0x00000006c777e0f8,0x00000006cd300000)
 Metaspace       used 34519K, capacity 35206K, committed 35264K, reserved 1081344K
  class space    used 4115K, capacity 4266K, committed 4288K, reserved 1048576K
}
Event: 4.549 GC heap before
{Heap before GC invocations=8 (full 2):
 PSYoungGen      total 312320K, used 9344K [0x000000076ce00000, 0x0000000786e00000, 0x00000007c0000000)
  eden space 298496K, 0% used [0x000000076ce00000,0x000000076ce00000,0x000000077f180000)
  from space 13824K, 67% used [0x000000077ff00000,0x0000000780820138,0x0000000780c80000)
  to   space 13824K, 0% used [0x000000077f180000,0x000000077f180000,0x000000077ff00000)
 ParOldGen       total 107520K, used 13816K [0x00000006c6a00000, 0x00000006cd300000, 0x000000076ce00000)
  object space 107520K, 12% used [0x00000006c6a00000,0x00000006c777e0f8,0x00000006cd300000)
 Metaspace       used 34519K, capacity 35206K, committed 35264K, reserved 1081344K
  class space    used 4115K, capacity 4266K, committed 4288K, reserved 1048576K
Event: 4.625 GC heap after
Heap after GC invocations=8 (full 2):
 PSYoungGen      total 312320K, used 0K [0x000000076ce00000, 0x0000000786e00000, 0x00000007c0000000)
  eden space 298496K, 0% used [0x000000076ce00000,0x000000076ce00000,0x000000077f180000)
  from space 13824K, 0% used [0x000000077ff00000,0x000000077ff00000,0x0000000780c80000)
  to   space 13824K, 0% used [0x000000077f180000,0x000000077f180000,0x000000077ff00000)
 ParOldGen       total 164352K, used 19950K [0x00000006c6a00000, 0x00000006d0a80000, 0x000000076ce00000)
  object space 164352K, 12% used [0x00000006c6a00000,0x00000006c7d7bb70,0x00000006d0a80000)
 Metaspace       used 34519K, capacity 35206K, committed 35264K, reserved 1081344K
  class space    used 4115K, capacity 4266K, committed 4288K, reserved 1048576K
}
Event: 6.434 GC heap before
{Heap before GC invocations=9 (full 2):
 PSYoungGen      total 312320K, used 298496K [0x000000076ce00000, 0x0000000786e00000, 0x00000007c0000000)
  eden space 298496K, 100% used [0x000000076ce00000,0x000000077f180000,0x000000077f180000)
  from space 13824K, 0% used [0x000000077ff00000,0x000000077ff00000,0x0000000780c80000)
  to   space 13824K, 0% used [0x000000077f180000,0x000000077f180000,0x000000077ff00000)
 ParOldGen       total 164352K, used 19950K [0x00000006c6a00000, 0x00000006d0a80000, 0x000000076ce00000)
  object space 164352K, 12% used [0x00000006c6a00000,0x00000006c7d7bb70,0x00000006d0a80000)
 Metaspace       used 46294K, capacity 47080K, committed 47296K, reserved 1089536K
  class space    used 6896K, capacity 7073K, committed 7104K, reserved 1048576K
Event: 6.451 GC heap after
Heap after GC invocations=9 (full 2):
 PSYoungGen      total 312320K, used 13802K [0x000000076ce00000, 0x0000000788b80000, 0x00000007c0000000)
  eden space 298496K, 0% used [0x000000076ce00000,0x000000076ce00000,0x000000077f180000)
  from space 13824K, 99% used [0x000000077f180000,0x000000077fefabf8,0x000000077ff00000)
  to   space 15872K, 0% used [0x0000000787c00000,0x0000000787c00000,0x0000000788b80000)
 ParOldGen       total 164352K, used 21553K [0x00000006c6a00000, 0x00000006d0a80000, 0x000000076ce00000)
  object space 164352K, 13% used [0x00000006c6a00000,0x00000006c7f0c718,0x00000006d0a80000)
 Metaspace       used 46294K, capacity 47080K, committed 47296K, reserved 1089536K
  class space    used 6896K, capacity 7073K, committed 7104K, reserved 1048576K
}
Event: 11.261 GC heap before
{Heap before GC invocations=10 (full 2):
 PSYoungGen      total 312320K, used 274023K [0x000000076ce00000, 0x0000000788b80000, 0x00000007c0000000)
  eden space 298496K, 87% used [0x000000076ce00000,0x000000077cc1f260,0x000000077f180000)
  from space 13824K, 99% used [0x000000077f180000,0x000000077fefabf8,0x000000077ff00000)
  to   space 15872K, 0% used [0x0000000787c00000,0x0000000787c00000,0x0000000788b80000)
 ParOldGen       total 164352K, used 21553K [0x00000006c6a00000, 0x00000006d0a80000, 0x000000076ce00000)
  object space 164352K, 13% used [0x00000006c6a00000,0x00000006c7f0c718,0x00000006d0a80000)
 Metaspace       used 57483K, capacity 58580K, committed 58680K, reserved 1099776K
  class space    used 8313K, capacity 8584K, committed 8640K, reserved 1048576K
Event: 11.288 GC heap after
Heap after GC invocations=10 (full 2):
 PSYoungGen      total 427008K, used 15858K [0x000000076ce00000, 0x0000000788b80000, 0x00000007c0000000)
  eden space 411136K, 0% used [0x000000076ce00000,0x000000076ce00000,0x0000000785f80000)
  from space 15872K, 99% used [0x0000000787c00000,0x0000000788b7cb80,0x0000000788b80000)
  to   space 20480K, 0% used [0x0000000786380000,0x0000000786380000,0x0000000787780000)
 ParOldGen       total 164352K, used 28774K [0x00000006c6a00000, 0x00000006d0a80000, 0x000000076ce00000)
  object space 164352K, 17% used [0x00000006c6a00000,0x00000006c8619830,0x00000006d0a80000)
 Metaspace       used 57483K, capacity 58580K, committed 58680K, reserved 1099776K
  class space    used 8313K, capacity 8584K, committed 8640K, reserved 1048576K
}
Event: 11.288 GC heap before
{Heap before GC invocations=11 (full 3):
 PSYoungGen      total 427008K, used 15858K [0x000000076ce00000, 0x0000000788b80000, 0x00000007c0000000)
  eden space 411136K, 0% used [0x000000076ce00000,0x000000076ce00000,0x0000000785f80000)
  from space 15872K, 99% used [0x0000000787c00000,0x0000000788b7cb80,0x0000000788b80000)
  to   space 20480K, 0% used [0x0000000786380000,0x0000000786380000,0x0000000787780000)
 ParOldGen       total 164352K, used 28774K [0x00000006c6a00000, 0x00000006d0a80000, 0x000000076ce00000)
  object space 164352K, 17% used [0x00000006c6a00000,0x00000006c8619830,0x00000006d0a80000)
 Metaspace       used 57483K, capacity 58580K, committed 58680K, reserved 1099776K
  class space    used 8313K, capacity 8584K, committed 8640K, reserved 1048576K
Event: 11.526 GC heap after
Heap after GC invocations=11 (full 3):
 PSYoungGen      total 427008K, used 0K [0x000000076ce00000, 0x0000000788b80000, 0x00000007c0000000)
  eden space 411136K, 0% used [0x000000076ce00000,0x000000076ce00000,0x0000000785f80000)
  from space 15872K, 0% used [0x0000000787c00000,0x0000000787c00000,0x0000000788b80000)
  to   space 20480K, 0% used [0x0000000786380000,0x0000000786380000,0x0000000787780000)
 ParOldGen       total 243712K, used 40796K [0x00000006c6a00000, 0x00000006d5800000, 0x000000076ce00000)
  object space 243712K, 16% used [0x00000006c6a00000,0x00000006c91d73d8,0x00000006d5800000)
 Metaspace       used 57412K, capacity 58482K, committed 58680K, reserved 1099776K
  class space    used 8311K, capacity 8578K, committed 8640K, reserved 1048576K
}

