# JRE version: Java(TM) SE Runtime Environment (8.0_20-b17) (build 1.8.0_20-ea-b17)
# Java VM: Java HotSpot(TM) 64-Bit Server VM (25.20-b17 mixed mode linux-amd64 compressed oops)
Heap:
 PSYoungGen      total 422400K, used 205448K [0x000000076ce00000, 0x000000078f700000, 0x00000007c0000000)
  eden space 401920K, 51% used [0x000000076ce00000,0x00000007796a20f0,0x0000000785680000)
  from space 20480K, 0% used [0x0000000785680000,0x0000000785680000,0x0000000786a80000)
  to   space 20992K, 0% used [0x000000078e280000,0x000000078e280000,0x000000078f700000)
 ParOldGen       total 217088K, used 35031K [0x00000006c6a00000, 0x00000006d3e00000, 0x000000076ce00000)
  object space 217088K, 16% used [0x00000006c6a00000,0x00000006c8c35eb0,0x00000006d3e00000)
 Metaspace       used 58159K, capacity 59366K, committed 59560K, reserved 1099776K
  class space    used 8283K, capacity 8570K, committed 8576K, reserved 1048576K
GC Heap History (10 events):
Event: 4.547 GC heap before
{Heap before GC invocations=8 (full 2):
 PSYoungGen      total 305664K, used 13167K [0x000000076ce00000, 0x0000000786500000, 0x00000007c0000000)
  eden space 290816K, 0% used [0x000000076ce00000,0x000000076ce00000,0x000000077ea00000)
  from space 14848K, 88% used [0x000000077f980000,0x000000078065be08,0x0000000780800000)
  to   space 15872K, 0% used [0x000000077ea00000,0x000000077ea00000,0x000000077f980000)
 ParOldGen       total 108544K, used 12800K [0x00000006c6a00000, 0x00000006cd400000, 0x000000076ce00000)
  object space 108544K, 11% used [0x00000006c6a00000,0x00000006c7680178,0x00000006cd400000)
 Metaspace       used 34728K, capacity 35120K, committed 35320K, reserved 1079296K
  class space    used 4566K, capacity 4674K, committed 4736K, reserved 1048576K
Event: 4.612 GC heap after
Heap after GC invocations=8 (full 2):
 PSYoungGen      total 305664K, used 0K [0x000000076ce00000, 0x0000000786500000, 0x00000007c0000000)
  eden space 290816K, 0% used [0x000000076ce00000,0x000000076ce00000,0x000000077ea00000)
  from space 14848K, 0% used [0x000000077f980000,0x000000077f980000,0x0000000780800000)
  to   space 15872K, 0% used [0x000000077ea00000,0x000000077ea00000,0x000000077f980000)
 ParOldGen       total 170496K, used 23592K [0x00000006c6a00000, 0x00000006d1080000, 0x000000076ce00000)
  object space 170496K, 13% used [0x00000006c6a00000,0x00000006c810a318,0x00000006d1080000)
 Metaspace       used 34728K, capacity 35120K, committed 35320K, reserved 1079296K
  class space    used 4566K, capacity 4674K, committed 4736K, reserved 1048576K
}
Event: 6.508 GC heap before
{Heap before GC invocations=9 (full 2):
 PSYoungGen      total 305664K, used 290816K [0x000000076ce00000, 0x0000000786500000, 0x00000007c0000000)
  eden space 290816K, 100% used [0x000000076ce00000,0x000000077ea00000,0x000000077ea00000)
  from space 14848K, 0% used [0x000000077f980000,0x000000077f980000,0x0000000780800000)
  to   space 15872K, 0% used [0x000000077ea00000,0x000000077ea00000,0x000000077f980000)
 ParOldGen       total 170496K, used 23592K [0x00000006c6a00000, 0x00000006d1080000, 0x000000076ce00000)
  object space 170496K, 13% used [0x00000006c6a00000,0x00000006c810a318,0x00000006d1080000)
 Metaspace       used 44433K, capacity 44952K, committed 45184K, reserved 1087488K
  class space    used 6587K, capacity 6713K, committed 6784K, reserved 1048576K
Event: 6.522 GC heap after
Heap after GC invocations=9 (full 2):
 PSYoungGen      total 306688K, used 12853K [0x000000076ce00000, 0x0000000787e80000, 0x00000007c0000000)
  eden space 290816K, 0% used [0x000000076ce00000,0x000000076ce00000,0x000000077ea00000)
  from space 15872K, 80% used [0x000000077ea00000,0x000000077f68d458,0x000000077f980000)
  to   space 16384K, 0% used [0x0000000786e80000,0x0000000786e80000,0x0000000787e80000)
 ParOldGen       total 170496K, used 23600K [0x00000006c6a00000, 0x00000006d1080000, 0x000000076ce00000)
  object space 170496K, 13% used [0x00000006c6a00000,0x00000006c810c318,0x00000006d1080000)
 Metaspace       used 44433K, capacity 44952K, committed 45184K, reserved 1087488K
  class space    used 6587K, capacity 6713K, committed 6784K, reserved 1048576K
}
Event: 25.564 GC heap before
{Heap before GC invocations=10 (full 2):
 PSYoungGen      total 306688K, used 303669K [0x000000076ce00000, 0x0000000787e80000, 0x00000007c0000000)
  eden space 290816K, 100% used [0x000000076ce00000,0x000000077ea00000,0x000000077ea00000)
  from space 15872K, 80% used [0x000000077ea00000,0x000000077f68d458,0x000000077f980000)
  to   space 16384K, 0% used [0x0000000786e80000,0x0000000786e80000,0x0000000787e80000)
 ParOldGen       total 170496K, used 23600K [0x00000006c6a00000, 0x00000006d1080000, 0x000000076ce00000)
  object space 170496K, 13% used [0x00000006c6a00000,0x00000006c810c318,0x00000006d1080000)
 Metaspace       used 56975K, capacity 58134K, committed 58368K, reserved 1099776K
  class space    used 8165K, capacity 8430K, committed 8448K, reserved 1048576K
Event: 25.585 GC heap after
Heap after GC invocations=10 (full 2):
 PSYoungGen      total 408576K, used 16358K [0x000000076ce00000, 0x0000000787e80000, 0x00000007c0000000)
  eden space 392192K, 0% used [0x000000076ce00000,0x000000076ce00000,0x0000000784d00000)
  from space 16384K, 99% used [0x0000000786e80000,0x0000000787e79af0,0x0000000787e80000)
  to   space 20480K, 0% used [0x0000000785680000,0x0000000785680000,0x0000000786a80000)
 ParOldGen       total 170496K, used 28900K [0x00000006c6a00000, 0x00000006d1080000, 0x000000076ce00000)
  object space 170496K, 16% used [0x00000006c6a00000,0x00000006c8639240,0x00000006d1080000)
 Metaspace       used 56975K, capacity 58134K, committed 58368K, reserved 1099776K
  class space    used 8165K, capacity 8430K, committed 8448K, reserved 1048576K
}
Event: 25.813 GC heap before
{Heap before GC invocations=11 (full 2):
 PSYoungGen      total 408576K, used 127894K [0x000000076ce00000, 0x0000000787e80000, 0x00000007c0000000)
  eden space 392192K, 28% used [0x000000076ce00000,0x0000000773aec0d0,0x0000000784d00000)
  from space 16384K, 99% used [0x0000000786e80000,0x0000000787e79af0,0x0000000787e80000)
  to   space 20480K, 0% used [0x0000000785680000,0x0000000785680000,0x0000000786a80000)
 ParOldGen       total 170496K, used 28900K [0x00000006c6a00000, 0x00000006d1080000, 0x000000076ce00000)
  object space 170496K, 16% used [0x00000006c6a00000,0x00000006c8639240,0x00000006d1080000)
 Metaspace       used 57169K, capacity 58428K, committed 58536K, reserved 1099776K
  class space    used 8187K, capacity 8469K, committed 8576K, reserved 1048576K
Event: 25.833 GC heap after
Heap after GC invocations=11 (full 2):
 PSYoungGen      total 422400K, used 15443K [0x000000076ce00000, 0x000000078f700000, 0x00000007c0000000)
  eden space 401920K, 0% used [0x000000076ce00000,0x000000076ce00000,0x0000000785680000)
  from space 20480K, 75% used [0x0000000785680000,0x0000000786594cf8,0x0000000786a80000)
  to   space 20992K, 0% used [0x000000078e280000,0x000000078e280000,0x000000078f700000)
 ParOldGen       total 170496K, used 28908K [0x00000006c6a00000, 0x00000006d1080000, 0x000000076ce00000)
  object space 170496K, 16% used [0x00000006c6a00000,0x00000006c863b240,0x00000006d1080000)
 Metaspace       used 57169K, capacity 58428K, committed 58536K, reserved 1099776K
  class space    used 8187K, capacity 8469K, committed 8576K, reserved 1048576K
}
Event: 25.833 GC heap before
{Heap before GC invocations=12 (full 3):
 PSYoungGen      total 422400K, used 15443K [0x000000076ce00000, 0x000000078f700000, 0x00000007c0000000)
  eden space 401920K, 0% used [0x000000076ce00000,0x000000076ce00000,0x0000000785680000)
  from space 20480K, 75% used [0x0000000785680000,0x0000000786594cf8,0x0000000786a80000)
  to   space 20992K, 0% used [0x000000078e280000,0x000000078e280000,0x000000078f700000)
 ParOldGen       total 170496K, used 28908K [0x00000006c6a00000, 0x00000006d1080000, 0x000000076ce00000)
  object space 170496K, 16% used [0x00000006c6a00000,0x00000006c863b240,0x00000006d1080000)
 Metaspace       used 57169K, capacity 58428K, committed 58536K, reserved 1099776K
  class space    used 8187K, capacity 8469K, committed 8576K, reserved 1048576K
Event: 26.042 GC heap after
Heap after GC invocations=12 (full 3):
 PSYoungGen      total 422400K, used 0K [0x000000076ce00000, 0x000000078f700000, 0x00000007c0000000)
  eden space 401920K, 0% used [0x000000076ce00000,0x000000076ce00000,0x0000000785680000)
  from space 20480K, 0% used [0x0000000785680000,0x0000000785680000,0x0000000786a80000)
  to   space 20992K, 0% used [0x000000078e280000,0x000000078e280000,0x000000078f700000)
 ParOldGen       total 217088K, used 35031K [0x00000006c6a00000, 0x00000006d3e00000, 0x000000076ce00000)
  object space 217088K, 16% used [0x00000006c6a00000,0x00000006c8c35eb0,0x00000006d3e00000)
 Metaspace       used 57109K, capacity 58344K, committed 58536K, reserved 1099776K
  class space    used 8186K, capacity 8465K, committed 8576K, reserved 1048576K
}

