# JRE version: Java(TM) SE Runtime Environment (8.0_20-b17) (build 1.8.0_20-ea-b17)
# Java VM: Java HotSpot(TM) 64-Bit Server VM (25.20-b17 mixed mode linux-amd64 compressed oops)
Heap:
 PSYoungGen      total 245248K, used 114108K [0x000000076ce00000, 0x000000077f800000, 0x00000007c0000000)
  eden space 223232K, 51% used [0x000000076ce00000,0x0000000773d6f2c0,0x000000077a800000)
  from space 22016K, 0% used [0x000000077a800000,0x000000077a800000,0x000000077bd80000)
  to   space 22528K, 0% used [0x000000077e200000,0x000000077e200000,0x000000077f800000)
 ParOldGen       total 258048K, used 35000K [0x00000006c6a00000, 0x00000006d6600000, 0x000000076ce00000)
  object space 258048K, 13% used [0x00000006c6a00000,0x00000006c8c2e1a0,0x00000006d6600000)
 Metaspace       used 58049K, capacity 59286K, committed 59648K, reserved 1099776K
  class space    used 8308K, capacity 8594K, committed 8704K, reserved 1048576K
GC Heap History (10 events):
Event: 5.668 GC heap before
{Heap before GC invocations=10 (full 2):
 PSYoungGen      total 150528K, used 135168K [0x000000076ce00000, 0x000000077ae00000, 0x00000007c0000000)
  eden space 135168K, 100% used [0x000000076ce00000,0x0000000775200000,0x0000000775200000)
  from space 15360K, 0% used [0x0000000775200000,0x0000000775200000,0x0000000776100000)
  to   space 16384K, 0% used [0x0000000779e00000,0x0000000779e00000,0x000000077ae00000)
 ParOldGen       total 181248K, used 23551K [0x00000006c6a00000, 0x00000006d1b00000, 0x000000076ce00000)
  object space 181248K, 12% used [0x00000006c6a00000,0x00000006c80ffe28,0x00000006d1b00000)
 Metaspace       used 39553K, capacity 40014K, committed 40192K, reserved 1083392K
  class space    used 5707K, capacity 5842K, committed 5888K, reserved 1048576K
Event: 5.675 GC heap after
Heap after GC invocations=10 (full 2):
 PSYoungGen      total 192512K, used 6195K [0x000000076ce00000, 0x000000077a480000, 0x00000007c0000000)
  eden space 185856K, 0% used [0x000000076ce00000,0x000000076ce00000,0x0000000778380000)
  from space 6656K, 93% used [0x0000000779e00000,0x000000077a40ccf8,0x000000077a480000)
  to   space 16384K, 0% used [0x0000000778480000,0x0000000778480000,0x0000000779480000)
 ParOldGen       total 181248K, used 23559K [0x00000006c6a00000, 0x00000006d1b00000, 0x000000076ce00000)
  object space 181248K, 12% used [0x00000006c6a00000,0x00000006c8101e28,0x00000006d1b00000)
 Metaspace       used 39553K, capacity 40014K, committed 40192K, reserved 1083392K
  class space    used 5707K, capacity 5842K, committed 5888K, reserved 1048576K
}
Event: 7.044 GC heap before
{Heap before GC invocations=11 (full 2):
 PSYoungGen      total 192512K, used 192051K [0x000000076ce00000, 0x000000077a480000, 0x00000007c0000000)
  eden space 185856K, 100% used [0x000000076ce00000,0x0000000778380000,0x0000000778380000)
  from space 6656K, 93% used [0x0000000779e00000,0x000000077a40ccf8,0x000000077a480000)
  to   space 16384K, 0% used [0x0000000778480000,0x0000000778480000,0x0000000779480000)
 ParOldGen       total 181248K, used 23559K [0x00000006c6a00000, 0x00000006d1b00000, 0x000000076ce00000)
  object space 181248K, 12% used [0x00000006c6a00000,0x00000006c8101e28,0x00000006d1b00000)
 Metaspace       used 45028K, capacity 45522K, committed 45696K, reserved 1087488K
  class space    used 6648K, capacity 6776K, committed 6784K, reserved 1048576K
Event: 7.060 GC heap after
Heap after GC invocations=11 (full 2):
 PSYoungGen      total 203264K, used 16380K [0x000000076ce00000, 0x000000077d080000, 0x00000007c0000000)
  eden space 186880K, 0% used [0x000000076ce00000,0x000000076ce00000,0x0000000778480000)
  from space 16384K, 99% used [0x0000000778480000,0x000000077947f1f8,0x0000000779480000)
  to   space 18944K, 0% used [0x000000077be00000,0x000000077be00000,0x000000077d080000)
 ParOldGen       total 181248K, used 25255K [0x00000006c6a00000, 0x00000006d1b00000, 0x000000076ce00000)
  object space 181248K, 13% used [0x00000006c6a00000,0x00000006c82a9fc8,0x00000006d1b00000)
 Metaspace       used 45028K, capacity 45522K, committed 45696K, reserved 1087488K
  class space    used 6648K, capacity 6776K, committed 6784K, reserved 1048576K
}
Event: 12.347 GC heap before
{Heap before GC invocations=12 (full 2):
 PSYoungGen      total 203264K, used 203260K [0x000000076ce00000, 0x000000077d080000, 0x00000007c0000000)
  eden space 186880K, 100% used [0x000000076ce00000,0x0000000778480000,0x0000000778480000)
  from space 16384K, 99% used [0x0000000778480000,0x000000077947f1f8,0x0000000779480000)
  to   space 18944K, 0% used [0x000000077be00000,0x000000077be00000,0x000000077d080000)
 ParOldGen       total 181248K, used 25255K [0x00000006c6a00000, 0x00000006d1b00000, 0x000000076ce00000)
  object space 181248K, 13% used [0x00000006c6a00000,0x00000006c82a9fc8,0x00000006d1b00000)
 Metaspace       used 56388K, capacity 57504K, committed 57600K, reserved 1097728K
  class space    used 8139K, capacity 8421K, committed 8448K, reserved 1048576K
Event: 12.368 GC heap after
Heap after GC invocations=12 (full 2):
 PSYoungGen      total 242176K, used 18940K [0x000000076ce00000, 0x000000077d300000, 0x00000007c0000000)
  eden space 223232K, 0% used [0x000000076ce00000,0x000000076ce00000,0x000000077a800000)
  from space 18944K, 99% used [0x000000077be00000,0x000000077d07f1b0,0x000000077d080000)
  to   space 22016K, 0% used [0x000000077a800000,0x000000077a800000,0x000000077bd80000)
 ParOldGen       total 181248K, used 27119K [0x00000006c6a00000, 0x00000006d1b00000, 0x000000076ce00000)
  object space 181248K, 14% used [0x00000006c6a00000,0x00000006c847bca0,0x00000006d1b00000)
 Metaspace       used 56388K, capacity 57504K, committed 57600K, reserved 1097728K
  class space    used 8139K, capacity 8421K, committed 8448K, reserved 1048576K
}
Event: 20.548 GC heap before
{Heap before GC invocations=13 (full 2):
 PSYoungGen      total 242176K, used 90094K [0x000000076ce00000, 0x000000077d300000, 0x00000007c0000000)
  eden space 223232K, 31% used [0x000000076ce00000,0x000000077137c9d8,0x000000077a800000)
  from space 18944K, 99% used [0x000000077be00000,0x000000077d07f1b0,0x000000077d080000)
  to   space 22016K, 0% used [0x000000077a800000,0x000000077a800000,0x000000077bd80000)
 ParOldGen       total 181248K, used 27119K [0x00000006c6a00000, 0x00000006d1b00000, 0x000000076ce00000)
  object space 181248K, 14% used [0x00000006c6a00000,0x00000006c847bca0,0x00000006d1b00000)
 Metaspace       used 57190K, capacity 58412K, committed 58496K, reserved 1099776K
  class space    used 8213K, capacity 8493K, committed 8576K, reserved 1048576K
Event: 20.562 GC heap after
Heap after GC invocations=13 (full 2):
 PSYoungGen      total 245248K, used 15399K [0x000000076ce00000, 0x000000077f800000, 0x00000007c0000000)
  eden space 223232K, 0% used [0x000000076ce00000,0x000000076ce00000,0x000000077a800000)
  from space 22016K, 69% used [0x000000077a800000,0x000000077b709db0,0x000000077bd80000)
  to   space 22528K, 0% used [0x000000077e200000,0x000000077e200000,0x000000077f800000)
 ParOldGen       total 181248K, used 27127K [0x00000006c6a00000, 0x00000006d1b00000, 0x000000076ce00000)
  object space 181248K, 14% used [0x00000006c6a00000,0x00000006c847dca0,0x00000006d1b00000)
 Metaspace       used 57190K, capacity 58412K, committed 58496K, reserved 1099776K
  class space    used 8213K, capacity 8493K, committed 8576K, reserved 1048576K
}
Event: 20.562 GC heap before
{Heap before GC invocations=14 (full 3):
 PSYoungGen      total 245248K, used 15399K [0x000000076ce00000, 0x000000077f800000, 0x00000007c0000000)
  eden space 223232K, 0% used [0x000000076ce00000,0x000000076ce00000,0x000000077a800000)
  from space 22016K, 69% used [0x000000077a800000,0x000000077b709db0,0x000000077bd80000)
  to   space 22528K, 0% used [0x000000077e200000,0x000000077e200000,0x000000077f800000)
 ParOldGen       total 181248K, used 27127K [0x00000006c6a00000, 0x00000006d1b00000, 0x000000076ce00000)
  object space 181248K, 14% used [0x00000006c6a00000,0x00000006c847dca0,0x00000006d1b00000)
 Metaspace       used 57190K, capacity 58412K, committed 58496K, reserved 1099776K
  class space    used 8213K, capacity 8493K, committed 8576K, reserved 1048576K
Event: 20.741 GC heap after
Heap after GC invocations=14 (full 3):
 PSYoungGen      total 245248K, used 0K [0x000000076ce00000, 0x000000077f800000, 0x00000007c0000000)
  eden space 223232K, 0% used [0x000000076ce00000,0x000000076ce00000,0x000000077a800000)
  from space 22016K, 0% used [0x000000077a800000,0x000000077a800000,0x000000077bd80000)
  to   space 22528K, 0% used [0x000000077e200000,0x000000077e200000,0x000000077f800000)
 ParOldGen       total 258048K, used 35000K [0x00000006c6a00000, 0x00000006d6600000, 0x000000076ce00000)
  object space 258048K, 13% used [0x00000006c6a00000,0x00000006c8c2e1a0,0x00000006d6600000)
 Metaspace       used 57130K, capacity 58328K, committed 58496K, reserved 1099776K
  class space    used 8212K, capacity 8489K, committed 8576K, reserved 1048576K
}

