# JRE version: Java(TM) SE Runtime Environment (8.0_20-b17) (build 1.8.0_20-ea-b17)
# Java VM: Java HotSpot(TM) 64-Bit Server VM (25.20-b17 mixed mode linux-amd64 compressed oops)
Heap:
 PSYoungGen      total 266752K, used 71541K [0x000000076ce00000, 0x000000077e880000, 0x00000007c0000000)
  eden space 246272K, 28% used [0x000000076ce00000,0x00000007711ed238,0x000000077be80000)
  from space 20480K, 9% used [0x000000077d300000,0x000000077d4f04b0,0x000000077e700000)
  to   space 20992K, 0% used [0x000000077be80000,0x000000077be80000,0x000000077d300000)
 ParOldGen       total 256000K, used 34853K [0x00000006c6a00000, 0x00000006d6400000, 0x000000076ce00000)
  object space 256000K, 13% used [0x00000006c6a00000,0x00000006c8c095c0,0x00000006d6400000)
 Metaspace       used 58426K, capacity 59652K, committed 59880K, reserved 1099776K
  class space    used 8299K, capacity 8591K, committed 8680K, reserved 1048576K
GC Heap History (10 events):
Event: 7.464 GC heap before
{Heap before GC invocations=11 (full 2):
 PSYoungGen      total 198656K, used 189732K [0x000000076ce00000, 0x000000077a180000, 0x00000007c0000000)
  eden space 183808K, 100% used [0x000000076ce00000,0x0000000778180000,0x0000000778180000)
  from space 14848K, 39% used [0x0000000779300000,0x00000007798c9048,0x000000077a180000)
  to   space 16384K, 0% used [0x0000000778180000,0x0000000778180000,0x0000000779180000)
 ParOldGen       total 179712K, used 23686K [0x00000006c6a00000, 0x00000006d1980000, 0x000000076ce00000)
  object space 179712K, 13% used [0x00000006c6a00000,0x00000006c8121b48,0x00000006d1980000)
 Metaspace       used 44949K, capacity 45490K, committed 45824K, reserved 1087488K
  class space    used 6655K, capacity 6808K, committed 6912K, reserved 1048576K
Event: 7.475 GC heap after
Heap after GC invocations=11 (full 2):
 PSYoungGen      total 200192K, used 10460K [0x000000076ce00000, 0x000000077c580000, 0x00000007c0000000)
  eden space 183808K, 0% used [0x000000076ce00000,0x000000076ce00000,0x0000000778180000)
  from space 16384K, 63% used [0x0000000778180000,0x0000000778bb7150,0x0000000779180000)
  to   space 15872K, 0% used [0x000000077b600000,0x000000077b600000,0x000000077c580000)
 ParOldGen       total 179712K, used 23694K [0x00000006c6a00000, 0x00000006d1980000, 0x000000076ce00000)
  object space 179712K, 13% used [0x00000006c6a00000,0x00000006c8123b48,0x00000006d1980000)
 Metaspace       used 44949K, capacity 45490K, committed 45824K, reserved 1087488K
  class space    used 6655K, capacity 6808K, committed 6912K, reserved 1048576K
}
Event: 43.342 GC heap before
{Heap before GC invocations=12 (full 2):
 PSYoungGen      total 200192K, used 194268K [0x000000076ce00000, 0x000000077c580000, 0x00000007c0000000)
  eden space 183808K, 100% used [0x000000076ce00000,0x0000000778180000,0x0000000778180000)
  from space 16384K, 63% used [0x0000000778180000,0x0000000778bb7150,0x0000000779180000)
  to   space 15872K, 0% used [0x000000077b600000,0x000000077b600000,0x000000077c580000)
 ParOldGen       total 179712K, used 23694K [0x00000006c6a00000, 0x00000006d1980000, 0x000000076ce00000)
  object space 179712K, 13% used [0x00000006c6a00000,0x00000006c8123b48,0x00000006d1980000)
 Metaspace       used 56202K, capacity 57162K, committed 57216K, reserved 1097728K
  class space    used 8067K, capacity 8284K, committed 8320K, reserved 1048576K
Event: 43.359 GC heap after
Heap after GC invocations=12 (full 2):
 PSYoungGen      total 230912K, used 15867K [0x000000076ce00000, 0x000000077c600000, 0x00000007c0000000)
  eden space 215040K, 0% used [0x000000076ce00000,0x000000076ce00000,0x000000077a000000)
  from space 15872K, 99% used [0x000000077b600000,0x000000077c57ef18,0x000000077c580000)
  to   space 19456K, 0% used [0x000000077a000000,0x000000077a000000,0x000000077b300000)
 ParOldGen       total 179712K, used 28013K [0x00000006c6a00000, 0x00000006d1980000, 0x000000076ce00000)
  object space 179712K, 15% used [0x00000006c6a00000,0x00000006c855b460,0x00000006d1980000)
 Metaspace       used 56202K, capacity 57162K, committed 57216K, reserved 1097728K
  class space    used 8067K, capacity 8284K, committed 8320K, reserved 1048576K
}
Event: 48.085 GC heap before
{Heap before GC invocations=13 (full 2):
 PSYoungGen      total 230912K, used 92367K [0x000000076ce00000, 0x000000077c600000, 0x00000007c0000000)
  eden space 215040K, 35% used [0x000000076ce00000,0x00000007718b4e58,0x000000077a000000)
  from space 15872K, 99% used [0x000000077b600000,0x000000077c57ef18,0x000000077c580000)
  to   space 19456K, 0% used [0x000000077a000000,0x000000077a000000,0x000000077b300000)
 ParOldGen       total 179712K, used 28013K [0x00000006c6a00000, 0x00000006d1980000, 0x000000076ce00000)
  object space 179712K, 15% used [0x00000006c6a00000,0x00000006c855b460,0x00000006d1980000)
 Metaspace       used 57206K, capacity 58398K, committed 58472K, reserved 1099776K
  class space    used 8197K, capacity 8480K, committed 8552K, reserved 1048576K
Event: 48.100 GC heap after
Heap after GC invocations=13 (full 2):
 PSYoungGen      total 234496K, used 15302K [0x000000076ce00000, 0x000000077e700000, 0x00000007c0000000)
  eden space 215040K, 0% used [0x000000076ce00000,0x000000076ce00000,0x000000077a000000)
  from space 19456K, 78% used [0x000000077a000000,0x000000077aef1858,0x000000077b300000)
  to   space 20480K, 0% used [0x000000077d300000,0x000000077d300000,0x000000077e700000)
 ParOldGen       total 179712K, used 28021K [0x00000006c6a00000, 0x00000006d1980000, 0x000000076ce00000)
  object space 179712K, 15% used [0x00000006c6a00000,0x00000006c855d460,0x00000006d1980000)
 Metaspace       used 57206K, capacity 58398K, committed 58472K, reserved 1099776K
  class space    used 8197K, capacity 8480K, committed 8552K, reserved 1048576K
}
Event: 48.100 GC heap before
{Heap before GC invocations=14 (full 3):
 PSYoungGen      total 234496K, used 15302K [0x000000076ce00000, 0x000000077e700000, 0x00000007c0000000)
  eden space 215040K, 0% used [0x000000076ce00000,0x000000076ce00000,0x000000077a000000)
  from space 19456K, 78% used [0x000000077a000000,0x000000077aef1858,0x000000077b300000)
  to   space 20480K, 0% used [0x000000077d300000,0x000000077d300000,0x000000077e700000)
 ParOldGen       total 179712K, used 28021K [0x00000006c6a00000, 0x00000006d1980000, 0x000000076ce00000)
  object space 179712K, 15% used [0x00000006c6a00000,0x00000006c855d460,0x00000006d1980000)
 Metaspace       used 57206K, capacity 58398K, committed 58472K, reserved 1099776K
  class space    used 8197K, capacity 8480K, committed 8552K, reserved 1048576K
Event: 48.313 GC heap after
Heap after GC invocations=14 (full 3):
 PSYoungGen      total 234496K, used 0K [0x000000076ce00000, 0x000000077e700000, 0x00000007c0000000)
  eden space 215040K, 0% used [0x000000076ce00000,0x000000076ce00000,0x000000077a000000)
  from space 19456K, 0% used [0x000000077a000000,0x000000077a000000,0x000000077b300000)
  to   space 20480K, 0% used [0x000000077d300000,0x000000077d300000,0x000000077e700000)
 ParOldGen       total 256000K, used 34845K [0x00000006c6a00000, 0x00000006d6400000, 0x000000076ce00000)
  object space 256000K, 13% used [0x00000006c6a00000,0x00000006c8c075c0,0x00000006d6400000)
 Metaspace       used 57146K, capacity 58314K, committed 58472K, reserved 1099776K
  class space    used 8196K, capacity 8476K, committed 8552K, reserved 1048576K
}
Event: 323.998 GC heap before
{Heap before GC invocations=15 (full 3):
 PSYoungGen      total 234496K, used 215040K [0x000000076ce00000, 0x000000077e700000, 0x00000007c0000000)
  eden space 215040K, 100% used [0x000000076ce00000,0x000000077a000000,0x000000077a000000)
  from space 19456K, 0% used [0x000000077a000000,0x000000077a000000,0x000000077b300000)
  to   space 20480K, 0% used [0x000000077d300000,0x000000077d300000,0x000000077e700000)
 ParOldGen       total 256000K, used 34845K [0x00000006c6a00000, 0x00000006d6400000, 0x000000076ce00000)
  object space 256000K, 13% used [0x00000006c6a00000,0x00000006c8c075c0,0x00000006d6400000)
 Metaspace       used 58208K, capacity 59494K, committed 59624K, reserved 1099776K
  class space    used 8277K, capacity 8586K, committed 8680K, reserved 1048576K
Event: 324.004 GC heap after
Heap after GC invocations=15 (full 3):
 PSYoungGen      total 266752K, used 1985K [0x000000076ce00000, 0x000000077e880000, 0x00000007c0000000)
  eden space 246272K, 0% used [0x000000076ce00000,0x000000076ce00000,0x000000077be80000)
  from space 20480K, 9% used [0x000000077d300000,0x000000077d4f04b0,0x000000077e700000)
  to   space 20992K, 0% used [0x000000077be80000,0x000000077be80000,0x000000077d300000)
 ParOldGen       total 256000K, used 34853K [0x00000006c6a00000, 0x00000006d6400000, 0x000000076ce00000)
  object space 256000K, 13% used [0x00000006c6a00000,0x00000006c8c095c0,0x00000006d6400000)
 Metaspace       used 58208K, capacity 59494K, committed 59624K, reserved 1099776K
  class space    used 8277K, capacity 8586K, committed 8680K, reserved 1048576K
}

