# JRE version: Java(TM) SE Runtime Environment (8.0_20-b17) (build 1.8.0_20-ea-b17)
# Java VM: Java HotSpot(TM) 64-Bit Server VM (25.20-b17 mixed mode linux-amd64 compressed oops)
Heap:
 PSYoungGen      total 179712K, used 138788K [0x000000076ce00000, 0x0000000779600000, 0x00000007c0000000)
  eden space 169472K, 75% used [0x000000076ce00000,0x0000000774b8c6c0,0x0000000777380000)
  from space 10240K, 99% used [0x0000000778c00000,0x00000007795fc968,0x0000000779600000)
  to   space 14848K, 0% used [0x0000000777900000,0x0000000777900000,0x0000000778780000)
 ParOldGen       total 178688K, used 25641K [0x00000006c6a00000, 0x00000006d1880000, 0x000000076ce00000)
  object space 178688K, 14% used [0x00000006c6a00000,0x00000006c830a498,0x00000006d1880000)
 Metaspace       used 54244K, capacity 54858K, committed 55168K, reserved 1097728K
  class space    used 7577K, capacity 7739K, committed 7808K, reserved 1048576K
GC Heap History (10 events):
Event: 77778.475 GC heap before
{Heap before GC invocations=20 (full 2):
 PSYoungGen      total 205312K, used 205268K [0x000000076ce00000, 0x000000077ab00000, 0x00000007c0000000)
  eden space 193536K, 100% used [0x000000076ce00000,0x0000000778b00000,0x0000000778b00000)
  from space 11776K, 99% used [0x0000000779300000,0x0000000779e75170,0x0000000779e80000)
  to   space 12800K, 0% used [0x0000000779e80000,0x0000000779e80000,0x000000077ab00000)
 ParOldGen       total 178688K, used 23721K [0x00000006c6a00000, 0x00000006d1880000, 0x000000076ce00000)
  object space 178688K, 13% used [0x00000006c6a00000,0x00000006c812a658,0x00000006d1880000)
 Metaspace       used 53734K, capacity 54330K, committed 54656K, reserved 1095680K
  class space    used 7522K, capacity 7699K, committed 7808K, reserved 1048576K
Event: 77778.490 GC heap after
Heap after GC invocations=20 (full 2):
 PSYoungGen      total 200192K, used 11698K [0x000000076ce00000, 0x000000077aa00000, 0x00000007c0000000)
  eden space 188416K, 0% used [0x000000076ce00000,0x000000076ce00000,0x0000000778600000)
  from space 11776K, 99% used [0x0000000779e80000,0x000000077a9ec9b8,0x000000077aa00000)
  to   space 16384K, 0% used [0x0000000778a00000,0x0000000778a00000,0x0000000779a00000)
 ParOldGen       total 178688K, used 23721K [0x00000006c6a00000, 0x00000006d1880000, 0x000000076ce00000)
  object space 178688K, 13% used [0x00000006c6a00000,0x00000006c812a658,0x00000006d1880000)
 Metaspace       used 53734K, capacity 54330K, committed 54656K, reserved 1095680K
  class space    used 7522K, capacity 7699K, committed 7808K, reserved 1048576K
}
Event: 86348.148 GC heap before
{Heap before GC invocations=21 (full 2):
 PSYoungGen      total 200192K, used 200114K [0x000000076ce00000, 0x000000077aa00000, 0x00000007c0000000)
  eden space 188416K, 100% used [0x000000076ce00000,0x0000000778600000,0x0000000778600000)
  from space 11776K, 99% used [0x0000000779e80000,0x000000077a9ec9b8,0x000000077aa00000)
  to   space 16384K, 0% used [0x0000000778a00000,0x0000000778a00000,0x0000000779a00000)
 ParOldGen       total 178688K, used 23721K [0x00000006c6a00000, 0x00000006d1880000, 0x000000076ce00000)
  object space 178688K, 13% used [0x00000006c6a00000,0x00000006c812a658,0x00000006d1880000)
 Metaspace       used 53738K, capacity 54330K, committed 54656K, reserved 1095680K
  class space    used 7522K, capacity 7699K, committed 7808K, reserved 1048576K
Event: 86348.159 GC heap after
Heap after GC invocations=21 (full 2):
 PSYoungGen      total 195072K, used 11716K [0x000000076ce00000, 0x000000077a000000, 0x00000007c0000000)
  eden space 183296K, 0% used [0x000000076ce00000,0x000000076ce00000,0x0000000778100000)
  from space 11776K, 99% used [0x0000000778a00000,0x00000007795711b8,0x0000000779580000)
  to   space 10752K, 0% used [0x0000000779580000,0x0000000779580000,0x000000077a000000)
 ParOldGen       total 178688K, used 23729K [0x00000006c6a00000, 0x00000006d1880000, 0x000000076ce00000)
  object space 178688K, 13% used [0x00000006c6a00000,0x00000006c812c658,0x00000006d1880000)
 Metaspace       used 53738K, capacity 54330K, committed 54656K, reserved 1095680K
  class space    used 7522K, capacity 7699K, committed 7808K, reserved 1048576K
}
Event: 94583.020 GC heap before
{Heap before GC invocations=22 (full 2):
 PSYoungGen      total 195072K, used 195012K [0x000000076ce00000, 0x000000077a000000, 0x00000007c0000000)
  eden space 183296K, 100% used [0x000000076ce00000,0x0000000778100000,0x0000000778100000)
  from space 11776K, 99% used [0x0000000778a00000,0x00000007795711b8,0x0000000779580000)
  to   space 10752K, 0% used [0x0000000779580000,0x0000000779580000,0x000000077a000000)
 ParOldGen       total 178688K, used 23729K [0x00000006c6a00000, 0x00000006d1880000, 0x000000076ce00000)
  object space 178688K, 13% used [0x00000006c6a00000,0x00000006c812c658,0x00000006d1880000)
 Metaspace       used 53750K, capacity 54336K, committed 54656K, reserved 1095680K
  class space    used 7524K, capacity 7700K, committed 7808K, reserved 1048576K
Event: 94583.039 GC heap after
Heap after GC invocations=22 (full 2):
 PSYoungGen      total 189440K, used 10722K [0x000000076ce00000, 0x000000077a000000, 0x00000007c0000000)
  eden space 178688K, 0% used [0x000000076ce00000,0x000000076ce00000,0x0000000777c80000)
  from space 10752K, 99% used [0x0000000779580000,0x0000000779ff8988,0x000000077a000000)
  to   space 15872K, 0% used [0x0000000778100000,0x0000000778100000,0x0000000779080000)
 ParOldGen       total 178688K, used 24768K [0x00000006c6a00000, 0x00000006d1880000, 0x000000076ce00000)
  object space 178688K, 13% used [0x00000006c6a00000,0x00000006c8230100,0x00000006d1880000)
 Metaspace       used 53750K, capacity 54336K, committed 54656K, reserved 1095680K
  class space    used 7524K, capacity 7700K, committed 7808K, reserved 1048576K
}
Event: 102761.873 GC heap before
{Heap before GC invocations=23 (full 2):
 PSYoungGen      total 189440K, used 189410K [0x000000076ce00000, 0x000000077a000000, 0x00000007c0000000)
  eden space 178688K, 100% used [0x000000076ce00000,0x0000000777c80000,0x0000000777c80000)
  from space 10752K, 99% used [0x0000000779580000,0x0000000779ff8988,0x000000077a000000)
  to   space 15872K, 0% used [0x0000000778100000,0x0000000778100000,0x0000000779080000)
 ParOldGen       total 178688K, used 24768K [0x00000006c6a00000, 0x00000006d1880000, 0x000000076ce00000)
  object space 178688K, 13% used [0x00000006c6a00000,0x00000006c8230100,0x00000006d1880000)
 Metaspace       used 53759K, capacity 54406K, committed 54912K, reserved 1095680K
  class space    used 7524K, capacity 7701K, committed 7808K, reserved 1048576K
Event: 102761.892 GC heap after
Heap after GC invocations=23 (full 2):
 PSYoungGen      total 185344K, used 11170K [0x000000076ce00000, 0x0000000779600000, 0x00000007c0000000)
  eden space 174080K, 0% used [0x000000076ce00000,0x000000076ce00000,0x0000000777800000)
  from space 11264K, 99% used [0x0000000778100000,0x0000000778be8988,0x0000000778c00000)
  to   space 10240K, 0% used [0x0000000778c00000,0x0000000778c00000,0x0000000779600000)
 ParOldGen       total 178688K, used 24768K [0x00000006c6a00000, 0x00000006d1880000, 0x000000076ce00000)
  object space 178688K, 13% used [0x00000006c6a00000,0x00000006c8230100,0x00000006d1880000)
 Metaspace       used 53759K, capacity 54406K, committed 54912K, reserved 1095680K
  class space    used 7524K, capacity 7701K, committed 7808K, reserved 1048576K
}
Event: 110751.490 GC heap before
{Heap before GC invocations=24 (full 2):
 PSYoungGen      total 185344K, used 185250K [0x000000076ce00000, 0x0000000779600000, 0x00000007c0000000)
  eden space 174080K, 100% used [0x000000076ce00000,0x0000000777800000,0x0000000777800000)
  from space 11264K, 99% used [0x0000000778100000,0x0000000778be8988,0x0000000778c00000)
  to   space 10240K, 0% used [0x0000000778c00000,0x0000000778c00000,0x0000000779600000)
 ParOldGen       total 178688K, used 24768K [0x00000006c6a00000, 0x00000006d1880000, 0x000000076ce00000)
  object space 178688K, 13% used [0x00000006c6a00000,0x00000006c8230100,0x00000006d1880000)
 Metaspace       used 53788K, capacity 54442K, committed 54912K, reserved 1095680K
  class space    used 7527K, capacity 7707K, committed 7808K, reserved 1048576K
Event: 110751.506 GC heap after
Heap after GC invocations=24 (full 2):
 PSYoungGen      total 179712K, used 10226K [0x000000076ce00000, 0x0000000779600000, 0x00000007c0000000)
  eden space 169472K, 0% used [0x000000076ce00000,0x000000076ce00000,0x0000000777380000)
  from space 10240K, 99% used [0x0000000778c00000,0x00000007795fc968,0x0000000779600000)
  to   space 14848K, 0% used [0x0000000777900000,0x0000000777900000,0x0000000778780000)
 ParOldGen       total 178688K, used 25641K [0x00000006c6a00000, 0x00000006d1880000, 0x000000076ce00000)
  object space 178688K, 14% used [0x00000006c6a00000,0x00000006c830a498,0x00000006d1880000)
 Metaspace       used 53788K, capacity 54442K, committed 54912K, reserved 1095680K
  class space    used 7527K, capacity 7707K, committed 7808K, reserved 1048576K
}

