# JRE version: Java(TM) SE Runtime Environment (8.0_20-b17) (build 1.8.0_20-ea-b17)
# Java VM: Java HotSpot(TM) 64-Bit Server VM (25.20-b17 mixed mode linux-amd64 compressed oops)
Heap:
 PSYoungGen      total 263680K, used 77992K [0x000000076ce00000, 0x0000000781500000, 0x00000007c0000000)
  eden space 259584K, 28% used [0x000000076ce00000,0x00000007716374a0,0x000000077cb80000)
  from space 4096K, 98% used [0x000000077ed80000,0x000000077f172d68,0x000000077f180000)
  to   space 22016K, 0% used [0x000000077ff80000,0x000000077ff80000,0x0000000781500000)
 ParOldGen       total 250368K, used 34372K [0x00000006c6a00000, 0x00000006d5e80000, 0x000000076ce00000)
  object space 250368K, 13% used [0x00000006c6a00000,0x00000006c8b913c0,0x00000006d5e80000)
 Metaspace       used 60674K, capacity 61944K, committed 62056K, reserved 1101824K
  class space    used 8496K, capacity 8813K, committed 8832K, reserved 1048576K
GC Heap History (10 events):
Event: 29.732 GC heap before
{Heap before GC invocations=14 (full 3):
 PSYoungGen      total 256000K, used 14775K [0x000000076ce00000, 0x0000000780680000, 0x00000007c0000000)
  eden space 234496K, 0% used [0x000000076ce00000,0x000000076ce00000,0x000000077b300000)
  from space 21504K, 68% used [0x000000077b300000,0x000000077c16dd80,0x000000077c800000)
  to   space 22016K, 0% used [0x000000077f100000,0x000000077f100000,0x0000000780680000)
 ParOldGen       total 178688K, used 27290K [0x00000006c6a00000, 0x00000006d1880000, 0x000000076ce00000)
  object space 178688K, 15% used [0x00000006c6a00000,0x00000006c84a6aa8,0x00000006d1880000)
 Metaspace       used 57180K, capacity 58448K, committed 58472K, reserved 1099776K
  class space    used 8277K, capacity 8552K, committed 8576K, reserved 1048576K
Event: 29.947 GC heap after
Heap after GC invocations=14 (full 3):
 PSYoungGen      total 256000K, used 0K [0x000000076ce00000, 0x0000000780680000, 0x00000007c0000000)
  eden space 234496K, 0% used [0x000000076ce00000,0x000000076ce00000,0x000000077b300000)
  from space 21504K, 0% used [0x000000077b300000,0x000000077b300000,0x000000077c800000)
  to   space 22016K, 0% used [0x000000077f100000,0x000000077f100000,0x0000000780680000)
 ParOldGen       total 250368K, used 34340K [0x00000006c6a00000, 0x00000006d5e80000, 0x000000076ce00000)
  object space 250368K, 13% used [0x00000006c6a00000,0x00000006c8b893c0,0x00000006d5e80000)
 Metaspace       used 57109K, capacity 58350K, committed 58472K, reserved 1099776K
  class space    used 8275K, capacity 8546K, committed 8576K, reserved 1048576K
}
Event: 68.787 GC heap before
{Heap before GC invocations=15 (full 3):
 PSYoungGen      total 256000K, used 234496K [0x000000076ce00000, 0x0000000780680000, 0x00000007c0000000)
  eden space 234496K, 100% used [0x000000076ce00000,0x000000077b300000,0x000000077b300000)
  from space 21504K, 0% used [0x000000077b300000,0x000000077b300000,0x000000077c800000)
  to   space 22016K, 0% used [0x000000077f100000,0x000000077f100000,0x0000000780680000)
 ParOldGen       total 250368K, used 34340K [0x00000006c6a00000, 0x00000006d5e80000, 0x000000076ce00000)
  object space 250368K, 13% used [0x00000006c6a00000,0x00000006c8b893c0,0x00000006d5e80000)
 Metaspace       used 58743K, capacity 60032K, committed 60264K, reserved 1101824K
  class space    used 8450K, capacity 8767K, committed 8832K, reserved 1048576K
Event: 68.796 GC heap after
Heap after GC invocations=15 (full 3):
 PSYoungGen      total 295936K, used 3000K [0x000000076ce00000, 0x0000000780600000, 0x00000007c0000000)
  eden space 274432K, 0% used [0x000000076ce00000,0x000000076ce00000,0x000000077da00000)
  from space 21504K, 13% used [0x000000077f100000,0x000000077f3ee188,0x0000000780600000)
  to   space 22528K, 0% used [0x000000077da00000,0x000000077da00000,0x000000077f000000)
 ParOldGen       total 250368K, used 34348K [0x00000006c6a00000, 0x00000006d5e80000, 0x000000076ce00000)
  object space 250368K, 13% used [0x00000006c6a00000,0x00000006c8b8b3c0,0x00000006d5e80000)
 Metaspace       used 58743K, capacity 60032K, committed 60264K, reserved 1101824K
  class space    used 8450K, capacity 8767K, committed 8832K, reserved 1048576K
}
Event: 284.289 GC heap before
{Heap before GC invocations=16 (full 3):
 PSYoungGen      total 295936K, used 277432K [0x000000076ce00000, 0x0000000780600000, 0x00000007c0000000)
  eden space 274432K, 100% used [0x000000076ce00000,0x000000077da00000,0x000000077da00000)
  from space 21504K, 13% used [0x000000077f100000,0x000000077f3ee188,0x0000000780600000)
  to   space 22528K, 0% used [0x000000077da00000,0x000000077da00000,0x000000077f000000)
 ParOldGen       total 250368K, used 34348K [0x00000006c6a00000, 0x00000006d5e80000, 0x000000076ce00000)
  object space 250368K, 13% used [0x00000006c6a00000,0x00000006c8b8b3c0,0x00000006d5e80000)
 Metaspace       used 59825K, capacity 61084K, committed 61288K, reserved 1101824K
  class space    used 8466K, capacity 8771K, committed 8832K, reserved 1048576K
Event: 284.300 GC heap after
Heap after GC invocations=16 (full 3):
 PSYoungGen      total 296960K, used 3295K [0x000000076ce00000, 0x0000000782a80000, 0x00000007c0000000)
  eden space 274432K, 0% used [0x000000076ce00000,0x000000076ce00000,0x000000077da00000)
  from space 22528K, 14% used [0x000000077da00000,0x000000077dd37f70,0x000000077f000000)
  to   space 22528K, 0% used [0x0000000781480000,0x0000000781480000,0x0000000782a80000)
 ParOldGen       total 250368K, used 34356K [0x00000006c6a00000, 0x00000006d5e80000, 0x000000076ce00000)
  object space 250368K, 13% used [0x00000006c6a00000,0x00000006c8b8d3c0,0x00000006d5e80000)
 Metaspace       used 59825K, capacity 61084K, committed 61288K, reserved 1101824K
  class space    used 8466K, capacity 8771K, committed 8832K, reserved 1048576K
}
Event: 531.373 GC heap before
{Heap before GC invocations=17 (full 3):
 PSYoungGen      total 296960K, used 277727K [0x000000076ce00000, 0x0000000782a80000, 0x00000007c0000000)
  eden space 274432K, 100% used [0x000000076ce00000,0x000000077da00000,0x000000077da00000)
  from space 22528K, 14% used [0x000000077da00000,0x000000077dd37f70,0x000000077f000000)
  to   space 22528K, 0% used [0x0000000781480000,0x0000000781480000,0x0000000782a80000)
 ParOldGen       total 250368K, used 34356K [0x00000006c6a00000, 0x00000006d5e80000, 0x000000076ce00000)
  object space 250368K, 13% used [0x00000006c6a00000,0x00000006c8b8d3c0,0x00000006d5e80000)
 Metaspace       used 60353K, capacity 61620K, committed 61800K, reserved 1101824K
  class space    used 8476K, capacity 8775K, committed 8832K, reserved 1048576K
Event: 531.382 GC heap after
Heap after GC invocations=17 (full 3):
 PSYoungGen      total 270848K, used 4023K [0x000000076ce00000, 0x0000000781880000, 0x00000007c0000000)
  eden space 266752K, 0% used [0x000000076ce00000,0x000000076ce00000,0x000000077d280000)
  from space 4096K, 98% used [0x0000000781480000,0x000000078186ddd0,0x0000000781880000)
  to   space 22016K, 0% used [0x000000077ed80000,0x000000077ed80000,0x0000000780300000)
 ParOldGen       total 250368K, used 34364K [0x00000006c6a00000, 0x00000006d5e80000, 0x000000076ce00000)
  object space 250368K, 13% used [0x00000006c6a00000,0x00000006c8b8f3c0,0x00000006d5e80000)
 Metaspace       used 60353K, capacity 61620K, committed 61800K, reserved 1101824K
  class space    used 8476K, capacity 8775K, committed 8832K, reserved 1048576K
}
Event: 743.156 GC heap before
{Heap before GC invocations=18 (full 3):
 PSYoungGen      total 270848K, used 270775K [0x000000076ce00000, 0x0000000781880000, 0x00000007c0000000)
  eden space 266752K, 100% used [0x000000076ce00000,0x000000077d280000,0x000000077d280000)
  from space 4096K, 98% used [0x0000000781480000,0x000000078186ddd0,0x0000000781880000)
  to   space 22016K, 0% used [0x000000077ed80000,0x000000077ed80000,0x0000000780300000)
 ParOldGen       total 250368K, used 34364K [0x00000006c6a00000, 0x00000006d5e80000, 0x000000076ce00000)
  object space 250368K, 13% used [0x00000006c6a00000,0x00000006c8b8f3c0,0x00000006d5e80000)
 Metaspace       used 60538K, capacity 61818K, committed 62056K, reserved 1101824K
  class space    used 8477K, capacity 8776K, committed 8832K, reserved 1048576K
Event: 743.168 GC heap after
Heap after GC invocations=18 (full 3):
 PSYoungGen      total 263680K, used 4043K [0x000000076ce00000, 0x0000000781500000, 0x00000007c0000000)
  eden space 259584K, 0% used [0x000000076ce00000,0x000000076ce00000,0x000000077cb80000)
  from space 4096K, 98% used [0x000000077ed80000,0x000000077f172d68,0x000000077f180000)
  to   space 22016K, 0% used [0x000000077ff80000,0x000000077ff80000,0x0000000781500000)
 ParOldGen       total 250368K, used 34372K [0x00000006c6a00000, 0x00000006d5e80000, 0x000000076ce00000)
  object space 250368K, 13% used [0x00000006c6a00000,0x00000006c8b913c0,0x00000006d5e80000)
 Metaspace       used 60538K, capacity 61818K, committed 62056K, reserved 1101824K
  class space    used 8477K, capacity 8776K, committed 8832K, reserved 1048576K
}

