# JRE version: Java(TM) SE Runtime Environment (8.0_20-b17) (build 1.8.0_20-ea-b17)
# Java VM: Java HotSpot(TM) 64-Bit Server VM (25.20-b17 mixed mode linux-amd64 compressed oops)
Heap:
 PSYoungGen      total 394752K, used 136820K [0x000000076ce00000, 0x0000000787100000, 0x00000007c0000000)
  eden space 381440K, 32% used [0x000000076ce00000,0x00000007746db5e8,0x0000000784280000)
  from space 13312K, 98% used [0x0000000786400000,0x00000007870c1be0,0x0000000787100000)
  to   space 15872K, 0% used [0x0000000785200000,0x0000000785200000,0x0000000786180000)
 ParOldGen       total 170496K, used 23636K [0x00000006c6a00000, 0x00000006d1080000, 0x000000076ce00000)
  object space 170496K, 13% used [0x00000006c6a00000,0x00000006c81152b0,0x00000006d1080000)
 Metaspace       used 50994K, capacity 52162K, committed 52352K, reserved 1093632K
  class space    used 7225K, capacity 7488K, committed 7552K, reserved 1048576K
GC Heap History (10 events):
Event: 4.433 GC heap before
{Heap before GC invocations=6 (full 1):
 PSYoungGen      total 202752K, used 202467K [0x000000076ce00000, 0x000000077dd00000, 0x00000007c0000000)
  eden space 193536K, 100% used [0x000000076ce00000,0x0000000778b00000,0x0000000778b00000)
  from space 9216K, 96% used [0x000000077d400000,0x000000077dcb8d38,0x000000077dd00000)
  to   space 10240K, 0% used [0x000000077c900000,0x000000077c900000,0x000000077d300000)
 ParOldGen       total 109568K, used 12818K [0x00000006c6a00000, 0x00000006cd500000, 0x000000076ce00000)
  object space 109568K, 11% used [0x00000006c6a00000,0x00000006c7684af0,0x00000006cd500000)
 Metaspace       used 29221K, capacity 29656K, committed 29824K, reserved 1075200K
  class space    used 3251K, capacity 3389K, committed 3456K, reserved 1048576K
Event: 4.441 GC heap after
Heap after GC invocations=6 (full 1):
 PSYoungGen      total 267264K, used 6126K [0x000000076ce00000, 0x0000000780080000, 0x00000007c0000000)
  eden space 257024K, 0% used [0x000000076ce00000,0x000000076ce00000,0x000000077c900000)
  from space 10240K, 59% used [0x000000077c900000,0x000000077cefba80,0x000000077d300000)
  to   space 14848K, 0% used [0x000000077f200000,0x000000077f200000,0x0000000780080000)
 ParOldGen       total 109568K, used 12826K [0x00000006c6a00000, 0x00000006cd500000, 0x000000076ce00000)
  object space 109568K, 11% used [0x00000006c6a00000,0x00000006c7686af0,0x00000006cd500000)
 Metaspace       used 29221K, capacity 29656K, committed 29824K, reserved 1075200K
  class space    used 3251K, capacity 3389K, committed 3456K, reserved 1048576K
}
Event: 5.113 GC heap before
{Heap before GC invocations=7 (full 1):
 PSYoungGen      total 267264K, used 91065K [0x000000076ce00000, 0x0000000780080000, 0x00000007c0000000)
  eden space 257024K, 33% used [0x000000076ce00000,0x00000007720f2b90,0x000000077c900000)
  from space 10240K, 59% used [0x000000077c900000,0x000000077cefba80,0x000000077d300000)
  to   space 14848K, 0% used [0x000000077f200000,0x000000077f200000,0x0000000780080000)
 ParOldGen       total 109568K, used 12826K [0x00000006c6a00000, 0x00000006cd500000, 0x000000076ce00000)
  object space 109568K, 11% used [0x00000006c6a00000,0x00000006c7686af0,0x00000006cd500000)
 Metaspace       used 34714K, capacity 35146K, committed 35320K, reserved 1079296K
  class space    used 4568K, capacity 4705K, committed 4736K, reserved 1048576K
Event: 5.129 GC heap after
Heap after GC invocations=7 (full 1):
 PSYoungGen      total 297984K, used 13044K [0x000000076ce00000, 0x0000000786400000, 0x00000007c0000000)
  eden space 283136K, 0% used [0x000000076ce00000,0x000000076ce00000,0x000000077e280000)
  from space 14848K, 87% used [0x000000077f200000,0x000000077febd198,0x0000000780080000)
  to   space 15872K, 0% used [0x000000077e280000,0x000000077e280000,0x000000077f200000)
 ParOldGen       total 109568K, used 12834K [0x00000006c6a00000, 0x00000006cd500000, 0x000000076ce00000)
  object space 109568K, 11% used [0x00000006c6a00000,0x00000006c7688af0,0x00000006cd500000)
 Metaspace       used 34714K, capacity 35146K, committed 35320K, reserved 1079296K
  class space    used 4568K, capacity 4705K, committed 4736K, reserved 1048576K
}
Event: 5.129 GC heap before
{Heap before GC invocations=8 (full 2):
 PSYoungGen      total 297984K, used 13044K [0x000000076ce00000, 0x0000000786400000, 0x00000007c0000000)
  eden space 283136K, 0% used [0x000000076ce00000,0x000000076ce00000,0x000000077e280000)
  from space 14848K, 87% used [0x000000077f200000,0x000000077febd198,0x0000000780080000)
  to   space 15872K, 0% used [0x000000077e280000,0x000000077e280000,0x000000077f200000)
 ParOldGen       total 109568K, used 12834K [0x00000006c6a00000, 0x00000006cd500000, 0x000000076ce00000)
  object space 109568K, 11% used [0x00000006c6a00000,0x00000006c7688af0,0x00000006cd500000)
 Metaspace       used 34714K, capacity 35146K, committed 35320K, reserved 1079296K
  class space    used 4568K, capacity 4705K, committed 4736K, reserved 1048576K
Event: 5.194 GC heap after
Heap after GC invocations=8 (full 2):
 PSYoungGen      total 297984K, used 0K [0x000000076ce00000, 0x0000000786400000, 0x00000007c0000000)
  eden space 283136K, 0% used [0x000000076ce00000,0x000000076ce00000,0x000000077e280000)
  from space 14848K, 0% used [0x000000077f200000,0x000000077f200000,0x0000000780080000)
  to   space 15872K, 0% used [0x000000077e280000,0x000000077e280000,0x000000077f200000)
 ParOldGen       total 170496K, used 23620K [0x00000006c6a00000, 0x00000006d1080000, 0x000000076ce00000)
  object space 170496K, 13% used [0x00000006c6a00000,0x00000006c81112b0,0x00000006d1080000)
 Metaspace       used 34714K, capacity 35146K, committed 35320K, reserved 1079296K
  class space    used 4568K, capacity 4705K, committed 4736K, reserved 1048576K
}
Event: 7.209 GC heap before
{Heap before GC invocations=9 (full 2):
 PSYoungGen      total 297984K, used 283136K [0x000000076ce00000, 0x0000000786400000, 0x00000007c0000000)
  eden space 283136K, 100% used [0x000000076ce00000,0x000000077e280000,0x000000077e280000)
  from space 14848K, 0% used [0x000000077f200000,0x000000077f200000,0x0000000780080000)
  to   space 15872K, 0% used [0x000000077e280000,0x000000077e280000,0x000000077f200000)
 ParOldGen       total 170496K, used 23620K [0x00000006c6a00000, 0x00000006d1080000, 0x000000076ce00000)
  object space 170496K, 13% used [0x00000006c6a00000,0x00000006c81112b0,0x00000006d1080000)
 Metaspace       used 43989K, capacity 44650K, committed 44928K, reserved 1087488K
  class space    used 6292K, capacity 6460K, committed 6528K, reserved 1048576K
Event: 7.218 GC heap after
Heap after GC invocations=9 (full 2):
 PSYoungGen      total 299008K, used 9592K [0x000000076ce00000, 0x0000000787300000, 0x00000007c0000000)
  eden space 283136K, 0% used [0x000000076ce00000,0x000000076ce00000,0x000000077e280000)
  from space 15872K, 60% used [0x000000077e280000,0x000000077ebde1d8,0x000000077f200000)
  to   space 15360K, 0% used [0x0000000786400000,0x0000000786400000,0x0000000787300000)
 ParOldGen       total 170496K, used 23628K [0x00000006c6a00000, 0x00000006d1080000, 0x000000076ce00000)
  object space 170496K, 13% used [0x00000006c6a00000,0x00000006c81132b0,0x00000006d1080000)
 Metaspace       used 43989K, capacity 44650K, committed 44928K, reserved 1087488K
  class space    used 6292K, capacity 6460K, committed 6528K, reserved 1048576K
}
Event: 220.080 GC heap before
{Heap before GC invocations=10 (full 2):
 PSYoungGen      total 299008K, used 292728K [0x000000076ce00000, 0x0000000787300000, 0x00000007c0000000)
  eden space 283136K, 100% used [0x000000076ce00000,0x000000077e280000,0x000000077e280000)
  from space 15872K, 60% used [0x000000077e280000,0x000000077ebde1d8,0x000000077f200000)
  to   space 15360K, 0% used [0x0000000786400000,0x0000000786400000,0x0000000787300000)
 ParOldGen       total 170496K, used 23628K [0x00000006c6a00000, 0x00000006d1080000, 0x000000076ce00000)
  object space 170496K, 13% used [0x00000006c6a00000,0x00000006c81132b0,0x00000006d1080000)
 Metaspace       used 50618K, capacity 51748K, committed 51840K, reserved 1093632K
  class space    used 7200K, capacity 7483K, committed 7552K, reserved 1048576K
Event: 220.096 GC heap after
Heap after GC invocations=10 (full 2):
 PSYoungGen      total 394752K, used 13062K [0x000000076ce00000, 0x0000000787100000, 0x00000007c0000000)
  eden space 381440K, 0% used [0x000000076ce00000,0x000000076ce00000,0x0000000784280000)
  from space 13312K, 98% used [0x0000000786400000,0x00000007870c1be0,0x0000000787100000)
  to   space 15872K, 0% used [0x0000000785200000,0x0000000785200000,0x0000000786180000)
 ParOldGen       total 170496K, used 23636K [0x00000006c6a00000, 0x00000006d1080000, 0x000000076ce00000)
  object space 170496K, 13% used [0x00000006c6a00000,0x00000006c81152b0,0x00000006d1080000)
 Metaspace       used 50618K, capacity 51748K, committed 51840K, reserved 1093632K
  class space    used 7200K, capacity 7483K, committed 7552K, reserved 1048576K
}

