# JRE version: Java(TM) SE Runtime Environment (8.0_20-b17) (build 1.8.0_20-ea-b17)
# Java VM: Java HotSpot(TM) 64-Bit Server VM (25.20-b17 mixed mode linux-amd64 compressed oops)
Heap:
 PSYoungGen      total 243200K, used 62260K [0x000000076ce00000, 0x000000077f480000, 0x00000007c0000000)
  eden space 222720K, 27% used [0x000000076ce00000,0x0000000770acd270,0x000000077a780000)
  from space 20480K, 0% used [0x000000077a780000,0x000000077a780000,0x000000077bb80000)
  to   space 20992K, 0% used [0x000000077e000000,0x000000077e000000,0x000000077f480000)
 ParOldGen       total 260608K, used 34945K [0x00000006c6a00000, 0x00000006d6880000, 0x000000076ce00000)
  object space 260608K, 13% used [0x00000006c6a00000,0x00000006c8c205b8,0x00000006d6880000)
 Metaspace       used 57665K, capacity 58888K, committed 58984K, reserved 1099776K
  class space    used 8271K, capacity 8571K, committed 8576K, reserved 1048576K
GC Heap History (10 events):
Event: 5.889 GC heap before
{Heap before GC invocations=10 (full 2):
 PSYoungGen      total 151552K, used 136704K [0x000000076ce00000, 0x000000077ab80000, 0x00000007c0000000)
  eden space 136704K, 100% used [0x000000076ce00000,0x0000000775380000,0x0000000775380000)
  from space 14848K, 0% used [0x0000000775380000,0x0000000775380000,0x0000000776200000)
  to   space 15872K, 0% used [0x0000000779c00000,0x0000000779c00000,0x000000077ab80000)
 ParOldGen       total 184320K, used 23645K [0x00000006c6a00000, 0x00000006d1e00000, 0x000000076ce00000)
  object space 184320K, 12% used [0x00000006c6a00000,0x00000006c8117560,0x00000006d1e00000)
 Metaspace       used 39175K, capacity 39726K, committed 39936K, reserved 1083392K
  class space    used 5672K, capacity 5810K, committed 5888K, reserved 1048576K
Event: 5.900 GC heap after
Heap after GC invocations=10 (full 2):
 PSYoungGen      total 193536K, used 5878K [0x000000076ce00000, 0x000000077a300000, 0x00000007c0000000)
  eden space 186368K, 0% used [0x000000076ce00000,0x000000076ce00000,0x0000000778400000)
  from space 7168K, 82% used [0x0000000779c00000,0x000000077a1bdb90,0x000000077a300000)
  to   space 15872K, 0% used [0x0000000778400000,0x0000000778400000,0x0000000779380000)
 ParOldGen       total 184320K, used 23653K [0x00000006c6a00000, 0x00000006d1e00000, 0x000000076ce00000)
  object space 184320K, 12% used [0x00000006c6a00000,0x00000006c8119560,0x00000006d1e00000)
 Metaspace       used 39175K, capacity 39726K, committed 39936K, reserved 1083392K
  class space    used 5672K, capacity 5810K, committed 5888K, reserved 1048576K
}
Event: 7.210 GC heap before
{Heap before GC invocations=11 (full 2):
 PSYoungGen      total 193536K, used 192246K [0x000000076ce00000, 0x000000077a300000, 0x00000007c0000000)
  eden space 186368K, 100% used [0x000000076ce00000,0x0000000778400000,0x0000000778400000)
  from space 7168K, 82% used [0x0000000779c00000,0x000000077a1bdb90,0x000000077a300000)
  to   space 15872K, 0% used [0x0000000778400000,0x0000000778400000,0x0000000779380000)
 ParOldGen       total 184320K, used 23653K [0x00000006c6a00000, 0x00000006d1e00000, 0x000000076ce00000)
  object space 184320K, 12% used [0x00000006c6a00000,0x00000006c8119560,0x00000006d1e00000)
 Metaspace       used 45426K, capacity 45906K, committed 46336K, reserved 1089536K
  class space    used 6713K, capacity 6840K, committed 6912K, reserved 1048576K
Event: 7.231 GC heap after
Heap after GC invocations=11 (full 2):
 PSYoungGen      total 202240K, used 13869K [0x000000076ce00000, 0x000000077cf00000, 0x00000007c0000000)
  eden space 186368K, 0% used [0x000000076ce00000,0x000000076ce00000,0x0000000778400000)
  from space 15872K, 87% used [0x0000000778400000,0x000000077918b4b8,0x0000000779380000)
  to   space 17408K, 0% used [0x000000077be00000,0x000000077be00000,0x000000077cf00000)
 ParOldGen       total 184320K, used 23661K [0x00000006c6a00000, 0x00000006d1e00000, 0x000000076ce00000)
  object space 184320K, 12% used [0x00000006c6a00000,0x00000006c811b560,0x00000006d1e00000)
 Metaspace       used 45426K, capacity 45906K, committed 46336K, reserved 1089536K
  class space    used 6713K, capacity 6840K, committed 6912K, reserved 1048576K
}
Event: 14.599 GC heap before
{Heap before GC invocations=12 (full 2):
 PSYoungGen      total 202240K, used 200237K [0x000000076ce00000, 0x000000077cf00000, 0x00000007c0000000)
  eden space 186368K, 100% used [0x000000076ce00000,0x0000000778400000,0x0000000778400000)
  from space 15872K, 87% used [0x0000000778400000,0x000000077918b4b8,0x0000000779380000)
  to   space 17408K, 0% used [0x000000077be00000,0x000000077be00000,0x000000077cf00000)
 ParOldGen       total 184320K, used 23661K [0x00000006c6a00000, 0x00000006d1e00000, 0x000000076ce00000)
  object space 184320K, 12% used [0x00000006c6a00000,0x00000006c811b560,0x00000006d1e00000)
 Metaspace       used 56157K, capacity 57186K, committed 57344K, reserved 1097728K
  class space    used 8111K, capacity 8336K, committed 8448K, reserved 1048576K
Event: 14.619 GC heap after
Heap after GC invocations=12 (full 2):
 PSYoungGen      total 240128K, used 17379K [0x000000076ce00000, 0x000000077cf80000, 0x00000007c0000000)
  eden space 222720K, 0% used [0x000000076ce00000,0x000000076ce00000,0x000000077a780000)
  from space 17408K, 99% used [0x000000077be00000,0x000000077cef8de0,0x000000077cf00000)
  to   space 20480K, 0% used [0x000000077a780000,0x000000077a780000,0x000000077bb80000)
 ParOldGen       total 184320K, used 26461K [0x00000006c6a00000, 0x00000006d1e00000, 0x000000076ce00000)
  object space 184320K, 14% used [0x00000006c6a00000,0x00000006c83d7518,0x00000006d1e00000)
 Metaspace       used 56157K, capacity 57186K, committed 57344K, reserved 1097728K
  class space    used 8111K, capacity 8336K, committed 8448K, reserved 1048576K
}
Event: 23.038 GC heap before
{Heap before GC invocations=13 (full 2):
 PSYoungGen      total 240128K, used 100349K [0x000000076ce00000, 0x000000077cf80000, 0x00000007c0000000)
  eden space 222720K, 37% used [0x000000076ce00000,0x0000000771f06710,0x000000077a780000)
  from space 17408K, 99% used [0x000000077be00000,0x000000077cef8de0,0x000000077cf00000)
  to   space 20480K, 0% used [0x000000077a780000,0x000000077a780000,0x000000077bb80000)
 ParOldGen       total 184320K, used 26461K [0x00000006c6a00000, 0x00000006d1e00000, 0x000000076ce00000)
  object space 184320K, 14% used [0x00000006c6a00000,0x00000006c83d7518,0x00000006d1e00000)
 Metaspace       used 57146K, capacity 58340K, committed 58472K, reserved 1099776K
  class space    used 8211K, capacity 8491K, committed 8576K, reserved 1048576K
Event: 23.055 GC heap after
Heap after GC invocations=13 (full 2):
 PSYoungGen      total 243200K, used 15382K [0x000000076ce00000, 0x000000077f480000, 0x00000007c0000000)
  eden space 222720K, 0% used [0x000000076ce00000,0x000000076ce00000,0x000000077a780000)
  from space 20480K, 75% used [0x000000077a780000,0x000000077b685950,0x000000077bb80000)
  to   space 20992K, 0% used [0x000000077e000000,0x000000077e000000,0x000000077f480000)
 ParOldGen       total 184320K, used 26469K [0x00000006c6a00000, 0x00000006d1e00000, 0x000000076ce00000)
  object space 184320K, 14% used [0x00000006c6a00000,0x00000006c83d9518,0x00000006d1e00000)
 Metaspace       used 57146K, capacity 58340K, committed 58472K, reserved 1099776K
  class space    used 8211K, capacity 8491K, committed 8576K, reserved 1048576K
}
Event: 23.055 GC heap before
{Heap before GC invocations=14 (full 3):
 PSYoungGen      total 243200K, used 15382K [0x000000076ce00000, 0x000000077f480000, 0x00000007c0000000)
  eden space 222720K, 0% used [0x000000076ce00000,0x000000076ce00000,0x000000077a780000)
  from space 20480K, 75% used [0x000000077a780000,0x000000077b685950,0x000000077bb80000)
  to   space 20992K, 0% used [0x000000077e000000,0x000000077e000000,0x000000077f480000)
 ParOldGen       total 184320K, used 26469K [0x00000006c6a00000, 0x00000006d1e00000, 0x000000076ce00000)
  object space 184320K, 14% used [0x00000006c6a00000,0x00000006c83d9518,0x00000006d1e00000)
 Metaspace       used 57146K, capacity 58340K, committed 58472K, reserved 1099776K
  class space    used 8211K, capacity 8491K, committed 8576K, reserved 1048576K
Event: 23.242 GC heap after
Heap after GC invocations=14 (full 3):
 PSYoungGen      total 243200K, used 0K [0x000000076ce00000, 0x000000077f480000, 0x00000007c0000000)
  eden space 222720K, 0% used [0x000000076ce00000,0x000000076ce00000,0x000000077a780000)
  from space 20480K, 0% used [0x000000077a780000,0x000000077a780000,0x000000077bb80000)
  to   space 20992K, 0% used [0x000000077e000000,0x000000077e000000,0x000000077f480000)
 ParOldGen       total 260608K, used 34945K [0x00000006c6a00000, 0x00000006d6880000, 0x000000076ce00000)
  object space 260608K, 13% used [0x00000006c6a00000,0x00000006c8c205b8,0x00000006d6880000)
 Metaspace       used 57086K, capacity 58256K, committed 58472K, reserved 1099776K
  class space    used 8210K, capacity 8487K, committed 8576K, reserved 1048576K
}

