# JRE version: Java(TM) SE Runtime Environment (8.0_20-b17) (build 1.8.0_20-ea-b17)
# Java VM: Java HotSpot(TM) 64-Bit Server VM (25.20-b17 mixed mode linux-amd64 compressed oops)
Heap:
 PSYoungGen      total 220160K, used 142683K [0x000000076ce00000, 0x000000077bb00000, 0x00000007c0000000)
  eden space 208896K, 63% used [0x000000076ce00000,0x0000000774e95738,0x0000000779a00000)
  from space 11264K, 97% used [0x000000077b000000,0x000000077bac16a0,0x000000077bb00000)
  to   space 16384K, 0% used [0x0000000779b00000,0x0000000779b00000,0x000000077ab00000)
 ParOldGen       total 183808K, used 23747K [0x00000006c6a00000, 0x00000006d1d80000, 0x000000076ce00000)
  object space 183808K, 12% used [0x00000006c6a00000,0x00000006c8130f00,0x00000006d1d80000)
 Metaspace       used 51075K, capacity 52248K, committed 52344K, reserved 1093632K
  class space    used 7264K, capacity 7529K, committed 7544K, reserved 1048576K
GC Heap History (10 events):
Event: 4.536 GC heap before
{Heap before GC invocations=8 (full 1):
 PSYoungGen      total 147456K, used 128445K [0x000000076ce00000, 0x0000000779d00000, 0x00000007c0000000)
  eden space 132608K, 92% used [0x000000076ce00000,0x00000007745a9eb0,0x0000000774f80000)
  from space 14848K, 39% used [0x0000000775e00000,0x00000007763c5610,0x0000000776c80000)
  to   space 14848K, 0% used [0x0000000774f80000,0x0000000774f80000,0x0000000775e00000)
 ParOldGen       total 113664K, used 12766K [0x00000006c6a00000, 0x00000006cd900000, 0x000000076ce00000)
  object space 113664K, 11% used [0x00000006c6a00000,0x00000006c7677a00,0x00000006cd900000)
 Metaspace       used 34722K, capacity 35140K, committed 35320K, reserved 1079296K
  class space    used 4630K, capacity 4768K, committed 4856K, reserved 1048576K
Event: 4.545 GC heap after
Heap after GC invocations=8 (full 1):
 PSYoungGen      total 147456K, used 13143K [0x000000076ce00000, 0x000000077a500000, 0x00000007c0000000)
  eden space 132608K, 0% used [0x000000076ce00000,0x000000076ce00000,0x0000000774f80000)
  from space 14848K, 88% used [0x0000000774f80000,0x0000000775c55e68,0x0000000775e00000)
  to   space 15872K, 0% used [0x0000000779580000,0x0000000779580000,0x000000077a500000)
 ParOldGen       total 113664K, used 12774K [0x00000006c6a00000, 0x00000006cd900000, 0x000000076ce00000)
  object space 113664K, 11% used [0x00000006c6a00000,0x00000006c7679a00,0x00000006cd900000)
 Metaspace       used 34722K, capacity 35140K, committed 35320K, reserved 1079296K
  class space    used 4630K, capacity 4768K, committed 4856K, reserved 1048576K
}
Event: 4.545 GC heap before
{Heap before GC invocations=9 (full 2):
 PSYoungGen      total 147456K, used 13143K [0x000000076ce00000, 0x000000077a500000, 0x00000007c0000000)
  eden space 132608K, 0% used [0x000000076ce00000,0x000000076ce00000,0x0000000774f80000)
  from space 14848K, 88% used [0x0000000774f80000,0x0000000775c55e68,0x0000000775e00000)
  to   space 15872K, 0% used [0x0000000779580000,0x0000000779580000,0x000000077a500000)
 ParOldGen       total 113664K, used 12774K [0x00000006c6a00000, 0x00000006cd900000, 0x000000076ce00000)
  object space 113664K, 11% used [0x00000006c6a00000,0x00000006c7679a00,0x00000006cd900000)
 Metaspace       used 34722K, capacity 35140K, committed 35320K, reserved 1079296K
  class space    used 4630K, capacity 4768K, committed 4856K, reserved 1048576K
Event: 4.606 GC heap after
Heap after GC invocations=9 (full 2):
 PSYoungGen      total 147456K, used 0K [0x000000076ce00000, 0x000000077a500000, 0x00000007c0000000)
  eden space 132608K, 0% used [0x000000076ce00000,0x000000076ce00000,0x0000000774f80000)
  from space 14848K, 0% used [0x0000000774f80000,0x0000000774f80000,0x0000000775e00000)
  to   space 15872K, 0% used [0x0000000779580000,0x0000000779580000,0x000000077a500000)
 ParOldGen       total 183808K, used 23723K [0x00000006c6a00000, 0x00000006d1d80000, 0x000000076ce00000)
  object space 183808K, 12% used [0x00000006c6a00000,0x00000006c812af00,0x00000006d1d80000)
 Metaspace       used 34722K, capacity 35140K, committed 35320K, reserved 1079296K
  class space    used 4630K, capacity 4768K, committed 4856K, reserved 1048576K
}
Event: 5.429 GC heap before
{Heap before GC invocations=10 (full 2):
 PSYoungGen      total 147456K, used 132608K [0x000000076ce00000, 0x000000077a500000, 0x00000007c0000000)
  eden space 132608K, 100% used [0x000000076ce00000,0x0000000774f80000,0x0000000774f80000)
  from space 14848K, 0% used [0x0000000774f80000,0x0000000774f80000,0x0000000775e00000)
  to   space 15872K, 0% used [0x0000000779580000,0x0000000779580000,0x000000077a500000)
 ParOldGen       total 183808K, used 23723K [0x00000006c6a00000, 0x00000006d1d80000, 0x000000076ce00000)
  object space 183808K, 12% used [0x00000006c6a00000,0x00000006c812af00,0x00000006d1d80000)
 Metaspace       used 38585K, capacity 39202K, committed 39288K, reserved 1083392K
  class space    used 5602K, capacity 5744K, committed 5752K, reserved 1048576K
Event: 5.435 GC heap after
Heap after GC invocations=10 (full 2):
 PSYoungGen      total 190976K, used 4627K [0x000000076ce00000, 0x0000000779f00000, 0x00000007c0000000)
  eden space 181248K, 0% used [0x000000076ce00000,0x000000076ce00000,0x0000000777f00000)
  from space 9728K, 47% used [0x0000000779580000,0x0000000779a04c40,0x0000000779f00000)
  to   space 16384K, 0% used [0x0000000777f00000,0x0000000777f00000,0x0000000778f00000)
 ParOldGen       total 183808K, used 23731K [0x00000006c6a00000, 0x00000006d1d80000, 0x000000076ce00000)
  object space 183808K, 12% used [0x00000006c6a00000,0x00000006c812cf00,0x00000006d1d80000)
 Metaspace       used 38585K, capacity 39202K, committed 39288K, reserved 1083392K
  class space    used 5602K, capacity 5744K, committed 5752K, reserved 1048576K
}
Event: 12.180 GC heap before
{Heap before GC invocations=11 (full 2):
 PSYoungGen      total 190976K, used 185875K [0x000000076ce00000, 0x0000000779f00000, 0x00000007c0000000)
  eden space 181248K, 100% used [0x000000076ce00000,0x0000000777f00000,0x0000000777f00000)
  from space 9728K, 47% used [0x0000000779580000,0x0000000779a04c40,0x0000000779f00000)
  to   space 16384K, 0% used [0x0000000777f00000,0x0000000777f00000,0x0000000778f00000)
 ParOldGen       total 183808K, used 23731K [0x00000006c6a00000, 0x00000006d1d80000, 0x000000076ce00000)
  object space 183808K, 12% used [0x00000006c6a00000,0x00000006c812cf00,0x00000006d1d80000)
 Metaspace       used 46825K, capacity 47432K, committed 47864K, reserved 1089536K
  class space    used 6709K, capacity 6849K, committed 6904K, reserved 1048576K
Event: 12.191 GC heap after
Heap after GC invocations=11 (full 2):
 PSYoungGen      total 197632K, used 10819K [0x000000076ce00000, 0x000000077c000000, 0x00000007c0000000)
  eden space 181248K, 0% used [0x000000076ce00000,0x000000076ce00000,0x0000000777f00000)
  from space 16384K, 66% used [0x0000000777f00000,0x0000000778990ee8,0x0000000778f00000)
  to   space 16384K, 0% used [0x000000077b000000,0x000000077b000000,0x000000077c000000)
 ParOldGen       total 183808K, used 23739K [0x00000006c6a00000, 0x00000006d1d80000, 0x000000076ce00000)
  object space 183808K, 12% used [0x00000006c6a00000,0x00000006c812ef00,0x00000006d1d80000)
 Metaspace       used 46825K, capacity 47432K, committed 47864K, reserved 1089536K
  class space    used 6709K, capacity 6849K, committed 6904K, reserved 1048576K
}
Event: 45.076 GC heap before
{Heap before GC invocations=12 (full 2):
 PSYoungGen      total 197632K, used 192067K [0x000000076ce00000, 0x000000077c000000, 0x00000007c0000000)
  eden space 181248K, 100% used [0x000000076ce00000,0x0000000777f00000,0x0000000777f00000)
  from space 16384K, 66% used [0x0000000777f00000,0x0000000778990ee8,0x0000000778f00000)
  to   space 16384K, 0% used [0x000000077b000000,0x000000077b000000,0x000000077c000000)
 ParOldGen       total 183808K, used 23739K [0x00000006c6a00000, 0x00000006d1d80000, 0x000000076ce00000)
  object space 183808K, 12% used [0x00000006c6a00000,0x00000006c812ef00,0x00000006d1d80000)
 Metaspace       used 50569K, capacity 51696K, committed 51832K, reserved 1093632K
  class space    used 7231K, capacity 7485K, committed 7544K, reserved 1048576K
Event: 45.087 GC heap after
Heap after GC invocations=12 (full 2):
 PSYoungGen      total 220160K, used 11013K [0x000000076ce00000, 0x000000077bb00000, 0x00000007c0000000)
  eden space 208896K, 0% used [0x000000076ce00000,0x000000076ce00000,0x0000000779a00000)
  from space 11264K, 97% used [0x000000077b000000,0x000000077bac16a0,0x000000077bb00000)
  to   space 16384K, 0% used [0x0000000779b00000,0x0000000779b00000,0x000000077ab00000)
 ParOldGen       total 183808K, used 23747K [0x00000006c6a00000, 0x00000006d1d80000, 0x000000076ce00000)
  object space 183808K, 12% used [0x00000006c6a00000,0x00000006c8130f00,0x00000006d1d80000)
 Metaspace       used 50569K, capacity 51696K, committed 51832K, reserved 1093632K
  class space    used 7231K, capacity 7485K, committed 7544K, reserved 1048576K
}

