# JRE version: Java(TM) SE Runtime Environment (8.0_20-b17) (build 1.8.0_20-ea-b17)
# Java VM: Java HotSpot(TM) 64-Bit Server VM (25.20-b17 mixed mode linux-amd64 compressed oops)
Heap:
 PSYoungGen      total 299520K, used 225883K [0x000000076ce00000, 0x0000000786b80000, 0x00000007c0000000)
  eden space 283648K, 75% used [0x000000076ce00000,0x000000077a032050,0x000000077e300000)
  from space 15872K, 67% used [0x000000077e300000,0x000000077ed64bb8,0x000000077f280000)
  to   space 14848K, 0% used [0x0000000785d00000,0x0000000785d00000,0x0000000786b80000)
 ParOldGen       total 173568K, used 23680K [0x00000006c6a00000, 0x00000006d1380000, 0x000000076ce00000)
  object space 173568K, 13% used [0x00000006c6a00000,0x00000006c81203c8,0x00000006d1380000)
 Metaspace       used 50434K, capacity 51618K, committed 51840K, reserved 1093632K
  class space    used 7202K, capacity 7478K, committed 7552K, reserved 1048576K
GC Heap History (10 events):
Event: 3.459 GC heap before
{Heap before GC invocations=5 (full 1):
 PSYoungGen      total 139264K, used 129024K [0x000000076ce00000, 0x000000077de00000, 0x00000007c0000000)
  eden space 129024K, 100% used [0x000000076ce00000,0x0000000774c00000,0x0000000774c00000)
  from space 10240K, 0% used [0x0000000774c00000,0x0000000774c00000,0x0000000775600000)
  to   space 10240K, 0% used [0x000000077d400000,0x000000077d400000,0x000000077de00000)
 ParOldGen       total 109568K, used 12766K [0x00000006c6a00000, 0x00000006cd500000, 0x000000076ce00000)
  object space 109568K, 11% used [0x00000006c6a00000,0x00000006c7677900,0x00000006cd500000)
 Metaspace       used 28140K, capacity 28538K, committed 28672K, reserved 1075200K
  class space    used 3173K, capacity 3296K, committed 3328K, reserved 1048576K
Event: 3.468 GC heap after
Heap after GC invocations=5 (full 1):
 PSYoungGen      total 202752K, used 9202K [0x000000076ce00000, 0x000000077dd00000, 0x00000007c0000000)
  eden space 193536K, 0% used [0x000000076ce00000,0x000000076ce00000,0x0000000778b00000)
  from space 9216K, 99% used [0x000000077d400000,0x000000077dcfc928,0x000000077dd00000)
  to   space 10240K, 0% used [0x000000077c900000,0x000000077c900000,0x000000077d300000)
 ParOldGen       total 109568K, used 12774K [0x00000006c6a00000, 0x00000006cd500000, 0x000000076ce00000)
  object space 109568K, 11% used [0x00000006c6a00000,0x00000006c7679900,0x00000006cd500000)
 Metaspace       used 28140K, capacity 28538K, committed 28672K, reserved 1075200K
  class space    used 3173K, capacity 3296K, committed 3328K, reserved 1048576K
}
Event: 4.029 GC heap before
{Heap before GC invocations=6 (full 1):
 PSYoungGen      total 202752K, used 202738K [0x000000076ce00000, 0x000000077dd00000, 0x00000007c0000000)
  eden space 193536K, 100% used [0x000000076ce00000,0x0000000778b00000,0x0000000778b00000)
  from space 9216K, 99% used [0x000000077d400000,0x000000077dcfc928,0x000000077dd00000)
  to   space 10240K, 0% used [0x000000077c900000,0x000000077c900000,0x000000077d300000)
 ParOldGen       total 109568K, used 12774K [0x00000006c6a00000, 0x00000006cd500000, 0x000000076ce00000)
  object space 109568K, 11% used [0x00000006c6a00000,0x00000006c7679900,0x00000006cd500000)
 Metaspace       used 29076K, capacity 29536K, committed 29824K, reserved 1075200K
  class space    used 3254K, capacity 3393K, committed 3456K, reserved 1048576K
Event: 4.035 GC heap after
Heap after GC invocations=6 (full 1):
 PSYoungGen      total 267264K, used 5989K [0x000000076ce00000, 0x0000000780080000, 0x00000007c0000000)
  eden space 257024K, 0% used [0x000000076ce00000,0x000000076ce00000,0x000000077c900000)
  from space 10240K, 58% used [0x000000077c900000,0x000000077ced95e0,0x000000077d300000)
  to   space 14336K, 0% used [0x000000077f280000,0x000000077f280000,0x0000000780080000)
 ParOldGen       total 109568K, used 12782K [0x00000006c6a00000, 0x00000006cd500000, 0x000000076ce00000)
  object space 109568K, 11% used [0x00000006c6a00000,0x00000006c767b900,0x00000006cd500000)
 Metaspace       used 29076K, capacity 29536K, committed 29824K, reserved 1075200K
  class space    used 3254K, capacity 3393K, committed 3456K, reserved 1048576K
}
Event: 4.634 GC heap before
{Heap before GC invocations=7 (full 1):
 PSYoungGen      total 267264K, used 98307K [0x000000076ce00000, 0x0000000780080000, 0x00000007c0000000)
  eden space 257024K, 35% used [0x000000076ce00000,0x0000000772827920,0x000000077c900000)
  from space 10240K, 58% used [0x000000077c900000,0x000000077ced95e0,0x000000077d300000)
  to   space 14336K, 0% used [0x000000077f280000,0x000000077f280000,0x0000000780080000)
 ParOldGen       total 109568K, used 12782K [0x00000006c6a00000, 0x00000006cd500000, 0x000000076ce00000)
  object space 109568K, 11% used [0x00000006c6a00000,0x00000006c767b900,0x00000006cd500000)
 Metaspace       used 34675K, capacity 35154K, committed 35320K, reserved 1079296K
  class space    used 4600K, capacity 4709K, committed 4736K, reserved 1048576K
Event: 4.645 GC heap after
Heap after GC invocations=7 (full 1):
 PSYoungGen      total 297984K, used 13143K [0x000000076ce00000, 0x0000000785f80000, 0x00000007c0000000)
  eden space 283648K, 0% used [0x000000076ce00000,0x000000076ce00000,0x000000077e300000)
  from space 14336K, 91% used [0x000000077f280000,0x000000077ff55ff0,0x0000000780080000)
  to   space 15872K, 0% used [0x000000077e300000,0x000000077e300000,0x000000077f280000)
 ParOldGen       total 109568K, used 12790K [0x00000006c6a00000, 0x00000006cd500000, 0x000000076ce00000)
  object space 109568K, 11% used [0x00000006c6a00000,0x00000006c767d900,0x00000006cd500000)
 Metaspace       used 34675K, capacity 35154K, committed 35320K, reserved 1079296K
  class space    used 4600K, capacity 4709K, committed 4736K, reserved 1048576K
}
Event: 4.645 GC heap before
{Heap before GC invocations=8 (full 2):
 PSYoungGen      total 297984K, used 13143K [0x000000076ce00000, 0x0000000785f80000, 0x00000007c0000000)
  eden space 283648K, 0% used [0x000000076ce00000,0x000000076ce00000,0x000000077e300000)
  from space 14336K, 91% used [0x000000077f280000,0x000000077ff55ff0,0x0000000780080000)
  to   space 15872K, 0% used [0x000000077e300000,0x000000077e300000,0x000000077f280000)
 ParOldGen       total 109568K, used 12790K [0x00000006c6a00000, 0x00000006cd500000, 0x000000076ce00000)
  object space 109568K, 11% used [0x00000006c6a00000,0x00000006c767d900,0x00000006cd500000)
 Metaspace       used 34675K, capacity 35154K, committed 35320K, reserved 1079296K
  class space    used 4600K, capacity 4709K, committed 4736K, reserved 1048576K
Event: 4.711 GC heap after
Heap after GC invocations=8 (full 2):
 PSYoungGen      total 297984K, used 0K [0x000000076ce00000, 0x0000000785f80000, 0x00000007c0000000)
  eden space 283648K, 0% used [0x000000076ce00000,0x000000076ce00000,0x000000077e300000)
  from space 14336K, 0% used [0x000000077f280000,0x000000077f280000,0x0000000780080000)
  to   space 15872K, 0% used [0x000000077e300000,0x000000077e300000,0x000000077f280000)
 ParOldGen       total 173568K, used 23672K [0x00000006c6a00000, 0x00000006d1380000, 0x000000076ce00000)
  object space 173568K, 13% used [0x00000006c6a00000,0x00000006c811e3c8,0x00000006d1380000)
 Metaspace       used 34675K, capacity 35154K, committed 35320K, reserved 1079296K
  class space    used 4600K, capacity 4709K, committed 4736K, reserved 1048576K
}
Event: 6.588 GC heap before
{Heap before GC invocations=9 (full 2):
 PSYoungGen      total 297984K, used 283648K [0x000000076ce00000, 0x0000000785f80000, 0x00000007c0000000)
  eden space 283648K, 100% used [0x000000076ce00000,0x000000077e300000,0x000000077e300000)
  from space 14336K, 0% used [0x000000077f280000,0x000000077f280000,0x0000000780080000)
  to   space 15872K, 0% used [0x000000077e300000,0x000000077e300000,0x000000077f280000)
 ParOldGen       total 173568K, used 23672K [0x00000006c6a00000, 0x00000006d1380000, 0x000000076ce00000)
  object space 173568K, 13% used [0x00000006c6a00000,0x00000006c811e3c8,0x00000006d1380000)
 Metaspace       used 44721K, capacity 45398K, committed 45824K, reserved 1089536K
  class space    used 6379K, capacity 6564K, committed 6656K, reserved 1048576K
Event: 6.597 GC heap after
Heap after GC invocations=9 (full 2):
 PSYoungGen      total 299520K, used 10642K [0x000000076ce00000, 0x0000000786b80000, 0x00000007c0000000)
  eden space 283648K, 0% used [0x000000076ce00000,0x000000076ce00000,0x000000077e300000)
  from space 15872K, 67% used [0x000000077e300000,0x000000077ed64bb8,0x000000077f280000)
  to   space 14848K, 0% used [0x0000000785d00000,0x0000000785d00000,0x0000000786b80000)
 ParOldGen       total 173568K, used 23680K [0x00000006c6a00000, 0x00000006d1380000, 0x000000076ce00000)
  object space 173568K, 13% used [0x00000006c6a00000,0x00000006c81203c8,0x00000006d1380000)
 Metaspace       used 44721K, capacity 45398K, committed 45824K, reserved 1089536K
  class space    used 6379K, capacity 6564K, committed 6656K, reserved 1048576K
}

