# JRE version: Java(TM) SE Runtime Environment (8.0_20-b17) (build 1.8.0_20-ea-b17)
# Java VM: Java HotSpot(TM) 64-Bit Server VM (25.20-b17 mixed mode linux-amd64 compressed oops)
Heap:
 PSYoungGen      total 373760K, used 173645K [0x000000076ce00000, 0x0000000788d00000, 0x00000007c0000000)
  eden space 368640K, 45% used [0x000000076ce00000,0x00000007772e8ae0,0x0000000783600000)
  from space 5120K, 93% used [0x0000000788800000,0x0000000788caab58,0x0000000788d00000)
  to   space 18944K, 0% used [0x0000000786800000,0x0000000786800000,0x0000000787a80000)
 ParOldGen       total 267264K, used 47959K [0x00000006c6a00000, 0x00000006d6f00000, 0x000000076ce00000)
  object space 267264K, 17% used [0x00000006c6a00000,0x00000006c98d5c78,0x00000006d6f00000)
 Metaspace       used 63021K, capacity 65082K, committed 65152K, reserved 1105920K
  class space    used 9161K, capacity 9588K, committed 9600K, reserved 1048576K
GC Heap History (10 events):
Event: 6394.102 GC heap before
{Heap before GC invocations=27 (full 3):
 PSYoungGen      total 452096K, used 452089K [0x000000076ce00000, 0x000000078ba80000, 0x00000007c0000000)
  eden space 433664K, 100% used [0x000000076ce00000,0x0000000787580000,0x0000000787580000)
  from space 18432K, 99% used [0x0000000789c00000,0x000000078adfe7d0,0x000000078ae00000)
  to   space 12800K, 0% used [0x000000078ae00000,0x000000078ae00000,0x000000078ba80000)
 ParOldGen       total 267264K, used 43889K [0x00000006c6a00000, 0x00000006d6f00000, 0x000000076ce00000)
  object space 267264K, 16% used [0x00000006c6a00000,0x00000006c94dc698,0x00000006d6f00000)
 Metaspace       used 62406K, capacity 64342K, committed 64640K, reserved 1103872K
  class space    used 9099K, capacity 9518K, committed 9600K, reserved 1048576K
Event: 6394.114 GC heap after
Heap after GC invocations=27 (full 3):
 PSYoungGen      total 426496K, used 6743K [0x000000076ce00000, 0x000000078b500000, 0x00000007c0000000)
  eden space 419328K, 0% used [0x000000076ce00000,0x000000076ce00000,0x0000000786780000)
  from space 7168K, 94% used [0x000000078ae00000,0x000000078b495c08,0x000000078b500000)
  to   space 20992K, 0% used [0x0000000788c00000,0x0000000788c00000,0x000000078a080000)
 ParOldGen       total 267264K, used 44500K [0x00000006c6a00000, 0x00000006d6f00000, 0x000000076ce00000)
  object space 267264K, 16% used [0x00000006c6a00000,0x00000006c9575310,0x00000006d6f00000)
 Metaspace       used 62406K, capacity 64342K, committed 64640K, reserved 1103872K
  class space    used 9099K, capacity 9518K, committed 9600K, reserved 1048576K
}
Event: 6597.394 GC heap before
{Heap before GC invocations=28 (full 3):
 PSYoungGen      total 426496K, used 426071K [0x000000076ce00000, 0x000000078b500000, 0x00000007c0000000)
  eden space 419328K, 100% used [0x000000076ce00000,0x0000000786780000,0x0000000786780000)
  from space 7168K, 94% used [0x000000078ae00000,0x000000078b495c08,0x000000078b500000)
  to   space 20992K, 0% used [0x0000000788c00000,0x0000000788c00000,0x000000078a080000)
 ParOldGen       total 267264K, used 44500K [0x00000006c6a00000, 0x00000006d6f00000, 0x000000076ce00000)
  object space 267264K, 16% used [0x00000006c6a00000,0x00000006c9575310,0x00000006d6f00000)
 Metaspace       used 62704K, capacity 64726K, committed 64896K, reserved 1103872K
  class space    used 9135K, capacity 9582K, committed 9600K, reserved 1048576K
Event: 6597.402 GC heap after
Heap after GC invocations=28 (full 3):
 PSYoungGen      total 413184K, used 7376K [0x000000076ce00000, 0x000000078ae80000, 0x00000007c0000000)
  eden space 405504K, 0% used [0x000000076ce00000,0x000000076ce00000,0x0000000785a00000)
  from space 7680K, 96% used [0x0000000788c00000,0x0000000789334370,0x0000000789380000)
  to   space 20480K, 0% used [0x0000000789a80000,0x0000000789a80000,0x000000078ae80000)
 ParOldGen       total 267264K, used 44508K [0x00000006c6a00000, 0x00000006d6f00000, 0x000000076ce00000)
  object space 267264K, 16% used [0x00000006c6a00000,0x00000006c9577310,0x00000006d6f00000)
 Metaspace       used 62704K, capacity 64726K, committed 64896K, reserved 1103872K
  class space    used 9135K, capacity 9582K, committed 9600K, reserved 1048576K
}
Event: 6812.008 GC heap before
{Heap before GC invocations=29 (full 3):
 PSYoungGen      total 413184K, used 412880K [0x000000076ce00000, 0x000000078ae80000, 0x00000007c0000000)
  eden space 405504K, 100% used [0x000000076ce00000,0x0000000785a00000,0x0000000785a00000)
  from space 7680K, 96% used [0x0000000788c00000,0x0000000789334370,0x0000000789380000)
  to   space 20480K, 0% used [0x0000000789a80000,0x0000000789a80000,0x000000078ae80000)
 ParOldGen       total 267264K, used 44508K [0x00000006c6a00000, 0x00000006d6f00000, 0x000000076ce00000)
  object space 267264K, 16% used [0x00000006c6a00000,0x00000006c9577310,0x00000006d6f00000)
 Metaspace       used 62747K, capacity 64790K, committed 64896K, reserved 1103872K
  class space    used 9135K, capacity 9582K, committed 9600K, reserved 1048576K
Event: 6812.019 GC heap after
Heap after GC invocations=29 (full 3):
 PSYoungGen      total 398848K, used 5810K [0x000000076ce00000, 0x000000078a080000, 0x00000007c0000000)
  eden space 392704K, 0% used [0x000000076ce00000,0x000000076ce00000,0x0000000784d80000)
  from space 6144K, 94% used [0x0000000789a80000,0x000000078a02c828,0x000000078a080000)
  to   space 19456K, 0% used [0x0000000787a80000,0x0000000787a80000,0x0000000788d80000)
 ParOldGen       total 267264K, used 45909K [0x00000006c6a00000, 0x00000006d6f00000, 0x000000076ce00000)
  object space 267264K, 17% used [0x00000006c6a00000,0x00000006c96d5700,0x00000006d6f00000)
 Metaspace       used 62747K, capacity 64790K, committed 64896K, reserved 1103872K
  class space    used 9135K, capacity 9582K, committed 9600K, reserved 1048576K
}
Event: 7002.663 GC heap before
{Heap before GC invocations=30 (full 3):
 PSYoungGen      total 398848K, used 398514K [0x000000076ce00000, 0x000000078a080000, 0x00000007c0000000)
  eden space 392704K, 100% used [0x000000076ce00000,0x0000000784d80000,0x0000000784d80000)
  from space 6144K, 94% used [0x0000000789a80000,0x000000078a02c828,0x000000078a080000)
  to   space 19456K, 0% used [0x0000000787a80000,0x0000000787a80000,0x0000000788d80000)
 ParOldGen       total 267264K, used 45909K [0x00000006c6a00000, 0x00000006d6f00000, 0x000000076ce00000)
  object space 267264K, 17% used [0x00000006c6a00000,0x00000006c96d5700,0x00000006d6f00000)
 Metaspace       used 62773K, capacity 64790K, committed 64896K, reserved 1103872K
  class space    used 9135K, capacity 9582K, committed 9600K, reserved 1048576K
Event: 7002.674 GC heap after
Heap after GC invocations=30 (full 3):
 PSYoungGen      total 385536K, used 4820K [0x000000076ce00000, 0x0000000789b00000, 0x00000007c0000000)
  eden space 380416K, 0% used [0x000000076ce00000,0x000000076ce00000,0x0000000784180000)
  from space 5120K, 94% used [0x0000000787a80000,0x0000000787f351a8,0x0000000787f80000)
  to   space 19456K, 0% used [0x0000000788800000,0x0000000788800000,0x0000000789b00000)
 ParOldGen       total 267264K, used 47199K [0x00000006c6a00000, 0x00000006d6f00000, 0x000000076ce00000)
  object space 267264K, 17% used [0x00000006c6a00000,0x00000006c9817c88,0x00000006d6f00000)
 Metaspace       used 62773K, capacity 64790K, committed 64896K, reserved 1103872K
  class space    used 9135K, capacity 9582K, committed 9600K, reserved 1048576K
}
Event: 7185.730 GC heap before
{Heap before GC invocations=31 (full 3):
 PSYoungGen      total 385536K, used 385236K [0x000000076ce00000, 0x0000000789b00000, 0x00000007c0000000)
  eden space 380416K, 100% used [0x000000076ce00000,0x0000000784180000,0x0000000784180000)
  from space 5120K, 94% used [0x0000000787a80000,0x0000000787f351a8,0x0000000787f80000)
  to   space 19456K, 0% used [0x0000000788800000,0x0000000788800000,0x0000000789b00000)
 ParOldGen       total 267264K, used 47199K [0x00000006c6a00000, 0x00000006d6f00000, 0x000000076ce00000)
  object space 267264K, 17% used [0x00000006c6a00000,0x00000006c9817c88,0x00000006d6f00000)
 Metaspace       used 62886K, capacity 64866K, committed 64896K, reserved 1103872K
  class space    used 9145K, capacity 9584K, committed 9600K, reserved 1048576K
Event: 7185.738 GC heap after
Heap after GC invocations=31 (full 3):
 PSYoungGen      total 373760K, used 4778K [0x000000076ce00000, 0x0000000788d00000, 0x00000007c0000000)
  eden space 368640K, 0% used [0x000000076ce00000,0x000000076ce00000,0x0000000783600000)
  from space 5120K, 93% used [0x0000000788800000,0x0000000788caab58,0x0000000788d00000)
  to   space 18944K, 0% used [0x0000000786800000,0x0000000786800000,0x0000000787a80000)
 ParOldGen       total 267264K, used 47959K [0x00000006c6a00000, 0x00000006d6f00000, 0x000000076ce00000)
  object space 267264K, 17% used [0x00000006c6a00000,0x00000006c98d5c78,0x00000006d6f00000)
 Metaspace       used 62886K, capacity 64866K, committed 64896K, reserved 1103872K
  class space    used 9145K, capacity 9584K, committed 9600K, reserved 1048576K
}

