# JRE version: Java(TM) SE Runtime Environment (8.0_20-b17) (build 1.8.0_20-ea-b17)
# Java VM: Java HotSpot(TM) 64-Bit Server VM (25.20-b17 mixed mode linux-amd64 compressed oops)
Heap:
 PSYoungGen      total 336896K, used 63931K [0x000000076ce00000, 0x0000000784d80000, 0x00000007c0000000)
  eden space 316928K, 20% used [0x000000076ce00000,0x0000000770c6ec00,0x0000000780380000)
  from space 19968K, 0% used [0x0000000780380000,0x0000000780380000,0x0000000781700000)
  to   space 20480K, 0% used [0x0000000783980000,0x0000000783980000,0x0000000784d80000)
 ParOldGen       total 282112K, used 34698K [0x00000006c6a00000, 0x00000006d7d80000, 0x000000076ce00000)
  object space 282112K, 12% used [0x00000006c6a00000,0x00000006c8be2a40,0x00000006d7d80000)
 Metaspace       used 58313K, capacity 59494K, committed 59620K, reserved 1099776K
  class space    used 8359K, capacity 8656K, committed 8704K, reserved 1048576K
GC Heap History (10 events):
Event: 13.284 GC heap before
{Heap before GC invocations=8 (full 2):
 PSYoungGen      total 252928K, used 5096K [0x000000076ce00000, 0x0000000780780000, 0x00000007c0000000)
  eden space 247808K, 0% used [0x000000076ce00000,0x000000076ce00000,0x000000077c000000)
  from space 5120K, 99% used [0x000000077cf80000,0x000000077d47a248,0x000000077d480000)
  to   space 15872K, 0% used [0x000000077c000000,0x000000077c000000,0x000000077cf80000)
 ParOldGen       total 118784K, used 20974K [0x00000006c6a00000, 0x00000006cde00000, 0x000000076ce00000)
  object space 118784K, 17% used [0x00000006c6a00000,0x00000006c7e7b870,0x00000006cde00000)
 Metaspace       used 34689K, capacity 35080K, committed 35320K, reserved 1079296K
  class space    used 4569K, capacity 4678K, committed 4736K, reserved 1048576K
Event: 13.359 GC heap after
Heap after GC invocations=8 (full 2):
 PSYoungGen      total 252928K, used 0K [0x000000076ce00000, 0x0000000780780000, 0x00000007c0000000)
  eden space 247808K, 0% used [0x000000076ce00000,0x000000076ce00000,0x000000077c000000)
  from space 5120K, 0% used [0x000000077cf80000,0x000000077cf80000,0x000000077d480000)
  to   space 15872K, 0% used [0x000000077c000000,0x000000077c000000,0x000000077cf80000)
 ParOldGen       total 198144K, used 23854K [0x00000006c6a00000, 0x00000006d2b80000, 0x000000076ce00000)
  object space 198144K, 12% used [0x00000006c6a00000,0x00000006c814b810,0x00000006d2b80000)
 Metaspace       used 34689K, capacity 35080K, committed 35320K, reserved 1079296K
  class space    used 4569K, capacity 4678K, committed 4736K, reserved 1048576K
}
Event: 67.502 GC heap before
{Heap before GC invocations=9 (full 2):
 PSYoungGen      total 252928K, used 247808K [0x000000076ce00000, 0x0000000780780000, 0x00000007c0000000)
  eden space 247808K, 100% used [0x000000076ce00000,0x000000077c000000,0x000000077c000000)
  from space 5120K, 0% used [0x000000077cf80000,0x000000077cf80000,0x000000077d480000)
  to   space 15872K, 0% used [0x000000077c000000,0x000000077c000000,0x000000077cf80000)
 ParOldGen       total 198144K, used 23854K [0x00000006c6a00000, 0x00000006d2b80000, 0x000000076ce00000)
  object space 198144K, 12% used [0x00000006c6a00000,0x00000006c814b810,0x00000006d2b80000)
 Metaspace       used 41712K, capacity 42226K, committed 42752K, reserved 1085440K
  class space    used 5948K, capacity 6040K, committed 6144K, reserved 1048576K
Event: 67.512 GC heap after
Heap after GC invocations=9 (full 2):
 PSYoungGen      total 263680K, used 8006K [0x000000076ce00000, 0x0000000782a80000, 0x00000007c0000000)
  eden space 247808K, 0% used [0x000000076ce00000,0x000000076ce00000,0x000000077c000000)
  from space 15872K, 50% used [0x000000077c000000,0x000000077c7d1ae0,0x000000077cf80000)
  to   space 15872K, 0% used [0x0000000781b00000,0x0000000781b00000,0x0000000782a80000)
 ParOldGen       total 198144K, used 23862K [0x00000006c6a00000, 0x00000006d2b80000, 0x000000076ce00000)
  object space 198144K, 12% used [0x00000006c6a00000,0x00000006c814d810,0x00000006d2b80000)
 Metaspace       used 41712K, capacity 42226K, committed 42752K, reserved 1085440K
  class space    used 5948K, capacity 6040K, committed 6144K, reserved 1048576K
}
Event: 161.452 GC heap before
{Heap before GC invocations=10 (full 2):
 PSYoungGen      total 263680K, used 255814K [0x000000076ce00000, 0x0000000782a80000, 0x00000007c0000000)
  eden space 247808K, 100% used [0x000000076ce00000,0x000000077c000000,0x000000077c000000)
  from space 15872K, 50% used [0x000000077c000000,0x000000077c7d1ae0,0x000000077cf80000)
  to   space 15872K, 0% used [0x0000000781b00000,0x0000000781b00000,0x0000000782a80000)
 ParOldGen       total 198144K, used 23862K [0x00000006c6a00000, 0x00000006d2b80000, 0x000000076ce00000)
  object space 198144K, 12% used [0x00000006c6a00000,0x00000006c814d810,0x00000006d2b80000)
 Metaspace       used 56284K, capacity 57358K, committed 57600K, reserved 1097728K
  class space    used 8150K, capacity 8407K, committed 8448K, reserved 1048576K
Event: 161.475 GC heap after
Heap after GC invocations=10 (full 2):
 PSYoungGen      total 327168K, used 15855K [0x000000076ce00000, 0x0000000782a80000, 0x00000007c0000000)
  eden space 311296K, 0% used [0x000000076ce00000,0x000000076ce00000,0x000000077fe00000)
  from space 15872K, 99% used [0x0000000781b00000,0x0000000782a7bd48,0x0000000782a80000)
  to   space 19968K, 0% used [0x0000000780380000,0x0000000780380000,0x0000000781700000)
 ParOldGen       total 198144K, used 29869K [0x00000006c6a00000, 0x00000006d2b80000, 0x000000076ce00000)
  object space 198144K, 15% used [0x00000006c6a00000,0x00000006c872b6c8,0x00000006d2b80000)
 Metaspace       used 56284K, capacity 57358K, committed 57600K, reserved 1097728K
  class space    used 8150K, capacity 8407K, committed 8448K, reserved 1048576K
}
Event: 175.738 GC heap before
{Heap before GC invocations=11 (full 2):
 PSYoungGen      total 327168K, used 241248K [0x000000076ce00000, 0x0000000782a80000, 0x00000007c0000000)
  eden space 311296K, 72% used [0x000000076ce00000,0x000000077aa1c2d8,0x000000077fe00000)
  from space 15872K, 99% used [0x0000000781b00000,0x0000000782a7bd48,0x0000000782a80000)
  to   space 19968K, 0% used [0x0000000780380000,0x0000000780380000,0x0000000781700000)
 ParOldGen       total 198144K, used 29869K [0x00000006c6a00000, 0x00000006d2b80000, 0x000000076ce00000)
  object space 198144K, 15% used [0x00000006c6a00000,0x00000006c872b6c8,0x00000006d2b80000)
 Metaspace       used 57185K, capacity 58368K, committed 58468K, reserved 1099776K
  class space    used 8231K, capacity 8522K, committed 8576K, reserved 1048576K
Event: 175.759 GC heap after
Heap after GC invocations=11 (full 2):
 PSYoungGen      total 336896K, used 14867K [0x000000076ce00000, 0x0000000784d80000, 0x00000007c0000000)
  eden space 316928K, 0% used [0x000000076ce00000,0x000000076ce00000,0x0000000780380000)
  from space 19968K, 74% used [0x0000000780380000,0x0000000781204f68,0x0000000781700000)
  to   space 20480K, 0% used [0x0000000783980000,0x0000000783980000,0x0000000784d80000)
 ParOldGen       total 198144K, used 29877K [0x00000006c6a00000, 0x00000006d2b80000, 0x000000076ce00000)
  object space 198144K, 15% used [0x00000006c6a00000,0x00000006c872d6c8,0x00000006d2b80000)
 Metaspace       used 57185K, capacity 58368K, committed 58468K, reserved 1099776K
  class space    used 8231K, capacity 8522K, committed 8576K, reserved 1048576K
}
Event: 175.759 GC heap before
{Heap before GC invocations=12 (full 3):
 PSYoungGen      total 336896K, used 14867K [0x000000076ce00000, 0x0000000784d80000, 0x00000007c0000000)
  eden space 316928K, 0% used [0x000000076ce00000,0x000000076ce00000,0x0000000780380000)
  from space 19968K, 74% used [0x0000000780380000,0x0000000781204f68,0x0000000781700000)
  to   space 20480K, 0% used [0x0000000783980000,0x0000000783980000,0x0000000784d80000)
 ParOldGen       total 198144K, used 29877K [0x00000006c6a00000, 0x00000006d2b80000, 0x000000076ce00000)
  object space 198144K, 15% used [0x00000006c6a00000,0x00000006c872d6c8,0x00000006d2b80000)
 Metaspace       used 57185K, capacity 58368K, committed 58468K, reserved 1099776K
  class space    used 8231K, capacity 8522K, committed 8576K, reserved 1048576K
Event: 175.947 GC heap after
Heap after GC invocations=12 (full 3):
 PSYoungGen      total 336896K, used 0K [0x000000076ce00000, 0x0000000784d80000, 0x00000007c0000000)
  eden space 316928K, 0% used [0x000000076ce00000,0x000000076ce00000,0x0000000780380000)
  from space 19968K, 0% used [0x0000000780380000,0x0000000780380000,0x0000000781700000)
  to   space 20480K, 0% used [0x0000000783980000,0x0000000783980000,0x0000000784d80000)
 ParOldGen       total 282112K, used 34698K [0x00000006c6a00000, 0x00000006d7d80000, 0x000000076ce00000)
  object space 282112K, 12% used [0x00000006c6a00000,0x00000006c8be2a40,0x00000006d7d80000)
 Metaspace       used 57114K, capacity 58270K, committed 58468K, reserved 1099776K
  class space    used 8229K, capacity 8516K, committed 8576K, reserved 1048576K
}

