# JRE version: Java(TM) SE Runtime Environment (8.0_20-b17) (build 1.8.0_20-ea-b17)
# Java VM: Java HotSpot(TM) 64-Bit Server VM (25.20-b17 mixed mode linux-amd64 compressed oops)
Heap:
 PSYoungGen      total 280064K, used 130726K [0x000000076ce00000, 0x0000000784d00000, 0x00000007c0000000)
  eden space 263680K, 46% used [0x000000076ce00000,0x00000007745bafb8,0x000000077cf80000)
  from space 16384K, 49% used [0x000000077cf80000,0x000000077d76eb98,0x000000077df80000)
  to   space 15872K, 0% used [0x0000000783d80000,0x0000000783d80000,0x0000000784d00000)
 ParOldGen       total 183808K, used 22872K [0x00000006c6a00000, 0x00000006d1d80000, 0x000000076ce00000)
  object space 183808K, 12% used [0x00000006c6a00000,0x00000006c80562f0,0x00000006d1d80000)
 Metaspace       used 45607K, capacity 46368K, committed 46464K, reserved 1089536K
  class space    used 6528K, capacity 6713K, committed 6784K, reserved 1048576K
GC Heap History (10 events):
Event: 2.707 GC heap before
{Heap before GC invocations=5 (full 1):
 PSYoungGen      total 139264K, used 129024K [0x000000076ce00000, 0x000000077de00000, 0x00000007c0000000)
  eden space 129024K, 100% used [0x000000076ce00000,0x0000000774c00000,0x0000000774c00000)
  from space 10240K, 0% used [0x0000000774c00000,0x0000000774c00000,0x0000000775600000)
  to   space 10240K, 0% used [0x000000077d400000,0x000000077d400000,0x000000077de00000)
 ParOldGen       total 117760K, used 13976K [0x00000006c6a00000, 0x00000006cdd00000, 0x000000076ce00000)
  object space 117760K, 11% used [0x00000006c6a00000,0x00000006c77a6028,0x00000006cdd00000)
 Metaspace       used 27676K, capacity 27986K, committed 28160K, reserved 1075200K
  class space    used 3161K, capacity 3257K, committed 3328K, reserved 1048576K
Event: 2.716 GC heap after
Heap after GC invocations=5 (full 1):
 PSYoungGen      total 194048K, used 8979K [0x000000076ce00000, 0x000000077dd00000, 0x00000007c0000000)
  eden space 184832K, 0% used [0x000000076ce00000,0x000000076ce00000,0x0000000778280000)
  from space 9216K, 97% used [0x000000077d400000,0x000000077dcc4ef0,0x000000077dd00000)
  to   space 10240K, 0% used [0x000000077c900000,0x000000077c900000,0x000000077d300000)
 ParOldGen       total 117760K, used 13984K [0x00000006c6a00000, 0x00000006cdd00000, 0x000000076ce00000)
  object space 117760K, 11% used [0x00000006c6a00000,0x00000006c77a8028,0x00000006cdd00000)
 Metaspace       used 27676K, capacity 27986K, committed 28160K, reserved 1075200K
  class space    used 3161K, capacity 3257K, committed 3328K, reserved 1048576K
}
Event: 3.189 GC heap before
{Heap before GC invocations=6 (full 1):
 PSYoungGen      total 194048K, used 193811K [0x000000076ce00000, 0x000000077dd00000, 0x00000007c0000000)
  eden space 184832K, 100% used [0x000000076ce00000,0x0000000778280000,0x0000000778280000)
  from space 9216K, 97% used [0x000000077d400000,0x000000077dcc4ef0,0x000000077dd00000)
  to   space 10240K, 0% used [0x000000077c900000,0x000000077c900000,0x000000077d300000)
 ParOldGen       total 117760K, used 13984K [0x00000006c6a00000, 0x00000006cdd00000, 0x000000076ce00000)
  object space 117760K, 11% used [0x00000006c6a00000,0x00000006c77a8028,0x00000006cdd00000)
 Metaspace       used 29172K, capacity 29528K, committed 29824K, reserved 1075200K
  class space    used 3337K, capacity 3450K, committed 3456K, reserved 1048576K
Event: 3.199 GC heap after
Heap after GC invocations=6 (full 1):
 PSYoungGen      total 267264K, used 6528K [0x000000076ce00000, 0x000000077ef00000, 0x00000007c0000000)
  eden space 257024K, 0% used [0x000000076ce00000,0x000000076ce00000,0x000000077c900000)
  from space 10240K, 63% used [0x000000077c900000,0x000000077cf601c8,0x000000077d300000)
  to   space 15872K, 0% used [0x000000077df80000,0x000000077df80000,0x000000077ef00000)
 ParOldGen       total 117760K, used 13992K [0x00000006c6a00000, 0x00000006cdd00000, 0x000000076ce00000)
  object space 117760K, 11% used [0x00000006c6a00000,0x00000006c77aa028,0x00000006cdd00000)
 Metaspace       used 29172K, capacity 29528K, committed 29824K, reserved 1075200K
  class space    used 3337K, capacity 3450K, committed 3456K, reserved 1048576K
}
Event: 3.702 GC heap before
{Heap before GC invocations=7 (full 1):
 PSYoungGen      total 267264K, used 89082K [0x000000076ce00000, 0x000000077ef00000, 0x00000007c0000000)
  eden space 257024K, 32% used [0x000000076ce00000,0x0000000771e9e778,0x000000077c900000)
  from space 10240K, 63% used [0x000000077c900000,0x000000077cf601c8,0x000000077d300000)
  to   space 15872K, 0% used [0x000000077df80000,0x000000077df80000,0x000000077ef00000)
 ParOldGen       total 117760K, used 13992K [0x00000006c6a00000, 0x00000006cdd00000, 0x000000076ce00000)
  object space 117760K, 11% used [0x00000006c6a00000,0x00000006c77aa028,0x00000006cdd00000)
 Metaspace       used 34804K, capacity 35146K, committed 35328K, reserved 1079296K
  class space    used 4918K, capacity 5022K, committed 5120K, reserved 1048576K
Event: 3.713 GC heap after
Heap after GC invocations=7 (full 1):
 PSYoungGen      total 279552K, used 12629K [0x000000076ce00000, 0x0000000785480000, 0x00000007c0000000)
  eden space 263680K, 0% used [0x000000076ce00000,0x000000076ce00000,0x000000077cf80000)
  from space 15872K, 79% used [0x000000077df80000,0x000000077ebd54f8,0x000000077ef00000)
  to   space 16384K, 0% used [0x000000077cf80000,0x000000077cf80000,0x000000077df80000)
 ParOldGen       total 117760K, used 14000K [0x00000006c6a00000, 0x00000006cdd00000, 0x000000076ce00000)
  object space 117760K, 11% used [0x00000006c6a00000,0x00000006c77ac028,0x00000006cdd00000)
 Metaspace       used 34804K, capacity 35146K, committed 35328K, reserved 1079296K
  class space    used 4918K, capacity 5022K, committed 5120K, reserved 1048576K
}
Event: 3.713 GC heap before
{Heap before GC invocations=8 (full 2):
 PSYoungGen      total 279552K, used 12629K [0x000000076ce00000, 0x0000000785480000, 0x00000007c0000000)
  eden space 263680K, 0% used [0x000000076ce00000,0x000000076ce00000,0x000000077cf80000)
  from space 15872K, 79% used [0x000000077df80000,0x000000077ebd54f8,0x000000077ef00000)
  to   space 16384K, 0% used [0x000000077cf80000,0x000000077cf80000,0x000000077df80000)
 ParOldGen       total 117760K, used 14000K [0x00000006c6a00000, 0x00000006cdd00000, 0x000000076ce00000)
  object space 117760K, 11% used [0x00000006c6a00000,0x00000006c77ac028,0x00000006cdd00000)
 Metaspace       used 34804K, capacity 35146K, committed 35328K, reserved 1079296K
  class space    used 4918K, capacity 5022K, committed 5120K, reserved 1048576K
Event: 3.774 GC heap after
Heap after GC invocations=8 (full 2):
 PSYoungGen      total 279552K, used 0K [0x000000076ce00000, 0x0000000785480000, 0x00000007c0000000)
  eden space 263680K, 0% used [0x000000076ce00000,0x000000076ce00000,0x000000077cf80000)
  from space 15872K, 0% used [0x000000077df80000,0x000000077df80000,0x000000077ef00000)
  to   space 16384K, 0% used [0x000000077cf80000,0x000000077cf80000,0x000000077df80000)
 ParOldGen       total 183808K, used 22864K [0x00000006c6a00000, 0x00000006d1d80000, 0x000000076ce00000)
  object space 183808K, 12% used [0x00000006c6a00000,0x00000006c80542f0,0x00000006d1d80000)
 Metaspace       used 34804K, capacity 35146K, committed 35328K, reserved 1079296K
  class space    used 4918K, capacity 5022K, committed 5120K, reserved 1048576K
}
Event: 5.120 GC heap before
{Heap before GC invocations=9 (full 2):
 PSYoungGen      total 279552K, used 263680K [0x000000076ce00000, 0x0000000785480000, 0x00000007c0000000)
  eden space 263680K, 100% used [0x000000076ce00000,0x000000077cf80000,0x000000077cf80000)
  from space 15872K, 0% used [0x000000077df80000,0x000000077df80000,0x000000077ef00000)
  to   space 16384K, 0% used [0x000000077cf80000,0x000000077cf80000,0x000000077df80000)
 ParOldGen       total 183808K, used 22864K [0x00000006c6a00000, 0x00000006d1d80000, 0x000000076ce00000)
  object space 183808K, 12% used [0x00000006c6a00000,0x00000006c80542f0,0x00000006d1d80000)
 Metaspace       used 41040K, capacity 41542K, committed 41728K, reserved 1085440K
  class space    used 6010K, capacity 6115K, committed 6144K, reserved 1048576K
Event: 5.127 GC heap after
Heap after GC invocations=9 (full 2):
 PSYoungGen      total 280064K, used 8122K [0x000000076ce00000, 0x0000000784d00000, 0x00000007c0000000)
  eden space 263680K, 0% used [0x000000076ce00000,0x000000076ce00000,0x000000077cf80000)
  from space 16384K, 49% used [0x000000077cf80000,0x000000077d76eb98,0x000000077df80000)
  to   space 15872K, 0% used [0x0000000783d80000,0x0000000783d80000,0x0000000784d00000)
 ParOldGen       total 183808K, used 22872K [0x00000006c6a00000, 0x00000006d1d80000, 0x000000076ce00000)
  object space 183808K, 12% used [0x00000006c6a00000,0x00000006c80562f0,0x00000006d1d80000)
 Metaspace       used 41040K, capacity 41542K, committed 41728K, reserved 1085440K
  class space    used 6010K, capacity 6115K, committed 6144K, reserved 1048576K
}

