# JRE version: Java(TM) SE Runtime Environment (8.0_20-b17) (build 1.8.0_20-ea-b17)
# Java VM: Java HotSpot(TM) 64-Bit Server VM (25.20-b17 mixed mode linux-amd64 compressed oops)
Heap:
 PSYoungGen      total 237056K, used 95892K [0x000000076ce00000, 0x000000077eb80000, 0x00000007c0000000)
  eden space 217600K, 44% used [0x000000076ce00000,0x0000000772ba5128,0x000000077a280000)
  from space 19456K, 0% used [0x000000077a280000,0x000000077a280000,0x000000077b580000)
  to   space 20480K, 0% used [0x000000077d780000,0x000000077d780000,0x000000077eb80000)
 ParOldGen       total 259584K, used 34959K [0x00000006c6a00000, 0x00000006d6780000, 0x000000076ce00000)
  object space 259584K, 13% used [0x00000006c6a00000,0x00000006c8c23fb8,0x00000006d6780000)
 Metaspace       used 57780K, capacity 59020K, committed 59240K, reserved 1099776K
  class space    used 8269K, capacity 8571K, committed 8576K, reserved 1048576K
GC Heap History (10 events):
Event: 5.535 GC heap before
{Heap before GC invocations=10 (full 2):
 PSYoungGen      total 148480K, used 133632K [0x000000076ce00000, 0x000000077a900000, 0x00000007c0000000)
  eden space 133632K, 100% used [0x000000076ce00000,0x0000000775080000,0x0000000775080000)
  from space 14848K, 0% used [0x0000000775080000,0x0000000775080000,0x0000000775f00000)
  to   space 16384K, 0% used [0x0000000779900000,0x0000000779900000,0x000000077a900000)
 ParOldGen       total 181760K, used 23669K [0x00000006c6a00000, 0x00000006d1b80000, 0x000000076ce00000)
  object space 181760K, 13% used [0x00000006c6a00000,0x00000006c811d5c8,0x00000006d1b80000)
 Metaspace       used 39143K, capacity 39662K, committed 39936K, reserved 1083392K
  class space    used 5672K, capacity 5810K, committed 5888K, reserved 1048576K
Event: 5.542 GC heap after
Heap after GC invocations=10 (full 2):
 PSYoungGen      total 193536K, used 5905K [0x000000076ce00000, 0x000000077a200000, 0x00000007c0000000)
  eden space 184320K, 0% used [0x000000076ce00000,0x000000076ce00000,0x0000000778200000)
  from space 9216K, 64% used [0x0000000779900000,0x0000000779ec4568,0x000000077a200000)
  to   space 16384K, 0% used [0x0000000778200000,0x0000000778200000,0x0000000779200000)
 ParOldGen       total 181760K, used 23677K [0x00000006c6a00000, 0x00000006d1b80000, 0x000000076ce00000)
  object space 181760K, 13% used [0x00000006c6a00000,0x00000006c811f5c8,0x00000006d1b80000)
 Metaspace       used 39143K, capacity 39662K, committed 39936K, reserved 1083392K
  class space    used 5672K, capacity 5810K, committed 5888K, reserved 1048576K
}
Event: 7.017 GC heap before
{Heap before GC invocations=11 (full 2):
 PSYoungGen      total 193536K, used 190225K [0x000000076ce00000, 0x000000077a200000, 0x00000007c0000000)
  eden space 184320K, 100% used [0x000000076ce00000,0x0000000778200000,0x0000000778200000)
  from space 9216K, 64% used [0x0000000779900000,0x0000000779ec4568,0x000000077a200000)
  to   space 16384K, 0% used [0x0000000778200000,0x0000000778200000,0x0000000779200000)
 ParOldGen       total 181760K, used 23677K [0x00000006c6a00000, 0x00000006d1b80000, 0x000000076ce00000)
  object space 181760K, 13% used [0x00000006c6a00000,0x00000006c811f5c8,0x00000006d1b80000)
 Metaspace       used 44876K, capacity 45394K, committed 45696K, reserved 1087488K
  class space    used 6639K, capacity 6776K, committed 6784K, reserved 1048576K
Event: 7.027 GC heap after
Heap after GC invocations=11 (full 2):
 PSYoungGen      total 200704K, used 10374K [0x000000076ce00000, 0x000000077c680000, 0x00000007c0000000)
  eden space 184320K, 0% used [0x000000076ce00000,0x000000076ce00000,0x0000000778200000)
  from space 16384K, 63% used [0x0000000778200000,0x0000000778c21a70,0x0000000779200000)
  to   space 15872K, 0% used [0x000000077b700000,0x000000077b700000,0x000000077c680000)
 ParOldGen       total 181760K, used 23685K [0x00000006c6a00000, 0x00000006d1b80000, 0x000000076ce00000)
  object space 181760K, 13% used [0x00000006c6a00000,0x00000006c81215c8,0x00000006d1b80000)
 Metaspace       used 44876K, capacity 45394K, committed 45696K, reserved 1087488K
  class space    used 6639K, capacity 6776K, committed 6784K, reserved 1048576K
}
Event: 17.069 GC heap before
{Heap before GC invocations=12 (full 2):
 PSYoungGen      total 200704K, used 194694K [0x000000076ce00000, 0x000000077c680000, 0x00000007c0000000)
  eden space 184320K, 100% used [0x000000076ce00000,0x0000000778200000,0x0000000778200000)
  from space 16384K, 63% used [0x0000000778200000,0x0000000778c21a70,0x0000000779200000)
  to   space 15872K, 0% used [0x000000077b700000,0x000000077b700000,0x000000077c680000)
 ParOldGen       total 181760K, used 23685K [0x00000006c6a00000, 0x00000006d1b80000, 0x000000076ce00000)
  object space 181760K, 13% used [0x00000006c6a00000,0x00000006c81215c8,0x00000006d1b80000)
 Metaspace       used 56313K, capacity 57436K, committed 57600K, reserved 1097728K
  class space    used 8122K, capacity 8383K, committed 8448K, reserved 1048576K
Event: 17.093 GC heap after
Heap after GC invocations=12 (full 2):
 PSYoungGen      total 233472K, used 15871K [0x000000076ce00000, 0x000000077c880000, 0x00000007c0000000)
  eden space 217600K, 0% used [0x000000076ce00000,0x000000076ce00000,0x000000077a280000)
  from space 15872K, 99% used [0x000000077b700000,0x000000077c67fd20,0x000000077c680000)
  to   space 19456K, 0% used [0x000000077a280000,0x000000077a280000,0x000000077b580000)
 ParOldGen       total 181760K, used 28432K [0x00000006c6a00000, 0x00000006d1b80000, 0x000000076ce00000)
  object space 181760K, 15% used [0x00000006c6a00000,0x00000006c85c4088,0x00000006d1b80000)
 Metaspace       used 56313K, capacity 57436K, committed 57600K, reserved 1097728K
  class space    used 8122K, capacity 8383K, committed 8448K, reserved 1048576K
}
Event: 23.482 GC heap before
{Heap before GC invocations=13 (full 2):
 PSYoungGen      total 233472K, used 92285K [0x000000076ce00000, 0x000000077c880000, 0x00000007c0000000)
  eden space 217600K, 35% used [0x000000076ce00000,0x000000077189f8c8,0x000000077a280000)
  from space 15872K, 99% used [0x000000077b700000,0x000000077c67fd20,0x000000077c680000)
  to   space 19456K, 0% used [0x000000077a280000,0x000000077a280000,0x000000077b580000)
 ParOldGen       total 181760K, used 28432K [0x00000006c6a00000, 0x00000006d1b80000, 0x000000076ce00000)
  object space 181760K, 15% used [0x00000006c6a00000,0x00000006c85c4088,0x00000006d1b80000)
 Metaspace       used 57156K, capacity 58334K, committed 58472K, reserved 1099776K
  class space    used 8209K, capacity 8490K, committed 8576K, reserved 1048576K
Event: 23.498 GC heap after
Heap after GC invocations=13 (full 2):
 PSYoungGen      total 237056K, used 15383K [0x000000076ce00000, 0x000000077eb80000, 0x00000007c0000000)
  eden space 217600K, 0% used [0x000000076ce00000,0x000000076ce00000,0x000000077a280000)
  from space 19456K, 79% used [0x000000077a280000,0x000000077b185e98,0x000000077b580000)
  to   space 20480K, 0% used [0x000000077d780000,0x000000077d780000,0x000000077eb80000)
 ParOldGen       total 181760K, used 28440K [0x00000006c6a00000, 0x00000006d1b80000, 0x000000076ce00000)
  object space 181760K, 15% used [0x00000006c6a00000,0x00000006c85c6088,0x00000006d1b80000)
 Metaspace       used 57156K, capacity 58334K, committed 58472K, reserved 1099776K
  class space    used 8209K, capacity 8490K, committed 8576K, reserved 1048576K
}
Event: 23.498 GC heap before
{Heap before GC invocations=14 (full 3):
 PSYoungGen      total 237056K, used 15383K [0x000000076ce00000, 0x000000077eb80000, 0x00000007c0000000)
  eden space 217600K, 0% used [0x000000076ce00000,0x000000076ce00000,0x000000077a280000)
  from space 19456K, 79% used [0x000000077a280000,0x000000077b185e98,0x000000077b580000)
  to   space 20480K, 0% used [0x000000077d780000,0x000000077d780000,0x000000077eb80000)
 ParOldGen       total 181760K, used 28440K [0x00000006c6a00000, 0x00000006d1b80000, 0x000000076ce00000)
  object space 181760K, 15% used [0x00000006c6a00000,0x00000006c85c6088,0x00000006d1b80000)
 Metaspace       used 57156K, capacity 58334K, committed 58472K, reserved 1099776K
  class space    used 8209K, capacity 8490K, committed 8576K, reserved 1048576K
Event: 23.681 GC heap after
Heap after GC invocations=14 (full 3):
 PSYoungGen      total 237056K, used 0K [0x000000076ce00000, 0x000000077eb80000, 0x00000007c0000000)
  eden space 217600K, 0% used [0x000000076ce00000,0x000000076ce00000,0x000000077a280000)
  from space 19456K, 0% used [0x000000077a280000,0x000000077a280000,0x000000077b580000)
  to   space 20480K, 0% used [0x000000077d780000,0x000000077d780000,0x000000077eb80000)
 ParOldGen       total 259584K, used 34959K [0x00000006c6a00000, 0x00000006d6780000, 0x000000076ce00000)
  object space 259584K, 13% used [0x00000006c6a00000,0x00000006c8c23fb8,0x00000006d6780000)
 Metaspace       used 57096K, capacity 58250K, committed 58472K, reserved 1099776K
  class space    used 8208K, capacity 8486K, committed 8576K, reserved 1048576K
}

