# JRE version: Java(TM) SE Runtime Environment (8.0_20-b17) (build 1.8.0_20-ea-b17)
# Java VM: Java HotSpot(TM) 64-Bit Server VM (25.20-b17 mixed mode linux-amd64 compressed oops)
Heap:
 PSYoungGen      total 526336K, used 331537K [0x000000076ce00000, 0x000000078f280000, 0x00000007c0000000)
  eden space 515584K, 63% used [0x000000076ce00000,0x0000000780cdfb80,0x000000078c580000)
  from space 10752K, 46% used [0x000000078e800000,0x000000078ece4c78,0x000000078f280000)
  to   space 23040K, 0% used [0x000000078c580000,0x000000078c580000,0x000000078dc00000)
 ParOldGen       total 201216K, used 34912K [0x00000006c6a00000, 0x00000006d2e80000, 0x000000076ce00000)
  object space 201216K, 17% used [0x00000006c6a00000,0x00000006c8c181c8,0x00000006d2e80000)
 Metaspace       used 60821K, capacity 62348K, committed 62592K, reserved 1103872K
  class space    used 8599K, capacity 8966K, committed 9088K, reserved 1048576K
GC Heap History (10 events):
Event: 16.206 GC heap before
{Heap before GC invocations=13 (full 2):
 PSYoungGen      total 260096K, used 21303K [0x000000076ce00000, 0x000000077e580000, 0x00000007c0000000)
  eden space 241152K, 0% used [0x000000076ce00000,0x000000076d050e30,0x000000077b980000)
  from space 18944K, 99% used [0x000000077d000000,0x000000077e27cf58,0x000000077e280000)
  to   space 22528K, 0% used [0x000000077b980000,0x000000077b980000,0x000000077cf80000)
 ParOldGen       total 176128K, used 29641K [0x00000006c6a00000, 0x00000006d1600000, 0x000000076ce00000)
  object space 176128K, 16% used [0x00000006c6a00000,0x00000006c86f25b0,0x00000006d1600000)
 Metaspace       used 57433K, capacity 58500K, committed 58580K, reserved 1099776K
  class space    used 8282K, capacity 8544K, committed 8576K, reserved 1048576K
Event: 16.223 GC heap after
Heap after GC invocations=13 (full 2):
 PSYoungGen      total 263680K, used 15312K [0x000000076ce00000, 0x0000000785f80000, 0x00000007c0000000)
  eden space 241152K, 0% used [0x000000076ce00000,0x000000076ce00000,0x000000077b980000)
  from space 22528K, 67% used [0x000000077b980000,0x000000077c8743c8,0x000000077cf80000)
  to   space 23040K, 0% used [0x0000000784900000,0x0000000784900000,0x0000000785f80000)
 ParOldGen       total 176128K, used 29649K [0x00000006c6a00000, 0x00000006d1600000, 0x000000076ce00000)
  object space 176128K, 16% used [0x00000006c6a00000,0x00000006c86f45b0,0x00000006d1600000)
 Metaspace       used 57433K, capacity 58500K, committed 58580K, reserved 1099776K
  class space    used 8282K, capacity 8544K, committed 8576K, reserved 1048576K
}
Event: 16.223 GC heap before
{Heap before GC invocations=14 (full 3):
 PSYoungGen      total 263680K, used 15312K [0x000000076ce00000, 0x0000000785f80000, 0x00000007c0000000)
  eden space 241152K, 0% used [0x000000076ce00000,0x000000076ce00000,0x000000077b980000)
  from space 22528K, 67% used [0x000000077b980000,0x000000077c8743c8,0x000000077cf80000)
  to   space 23040K, 0% used [0x0000000784900000,0x0000000784900000,0x0000000785f80000)
 ParOldGen       total 176128K, used 29649K [0x00000006c6a00000, 0x00000006d1600000, 0x000000076ce00000)
  object space 176128K, 16% used [0x00000006c6a00000,0x00000006c86f45b0,0x00000006d1600000)
 Metaspace       used 57433K, capacity 58500K, committed 58580K, reserved 1099776K
  class space    used 8282K, capacity 8544K, committed 8576K, reserved 1048576K
Event: 16.421 GC heap after
Heap after GC invocations=14 (full 3):
 PSYoungGen      total 263680K, used 0K [0x000000076ce00000, 0x0000000785f80000, 0x00000007c0000000)
  eden space 241152K, 0% used [0x000000076ce00000,0x000000076ce00000,0x000000077b980000)
  from space 22528K, 0% used [0x000000077b980000,0x000000077b980000,0x000000077cf80000)
  to   space 23040K, 0% used [0x0000000784900000,0x0000000784900000,0x0000000785f80000)
 ParOldGen       total 201216K, used 34888K [0x00000006c6a00000, 0x00000006d2e80000, 0x000000076ce00000)
  object space 201216K, 17% used [0x00000006c6a00000,0x00000006c8c121c8,0x00000006d2e80000)
 Metaspace       used 57433K, capacity 58500K, committed 58580K, reserved 1099776K
  class space    used 8282K, capacity 8544K, committed 8576K, reserved 1048576K
}
Event: 36.736 GC heap before
{Heap before GC invocations=15 (full 3):
 PSYoungGen      total 263680K, used 241152K [0x000000076ce00000, 0x0000000785f80000, 0x00000007c0000000)
  eden space 241152K, 100% used [0x000000076ce00000,0x000000077b980000,0x000000077b980000)
  from space 22528K, 0% used [0x000000077b980000,0x000000077b980000,0x000000077cf80000)
  to   space 23040K, 0% used [0x0000000784900000,0x0000000784900000,0x0000000785f80000)
 ParOldGen       total 201216K, used 34888K [0x00000006c6a00000, 0x00000006d2e80000, 0x000000076ce00000)
  object space 201216K, 17% used [0x00000006c6a00000,0x00000006c8c121c8,0x00000006d2e80000)
 Metaspace       used 59177K, capacity 60598K, committed 60928K, reserved 1101824K
  class space    used 8523K, capacity 8867K, committed 8960K, reserved 1048576K
Event: 36.744 GC heap after
Heap after GC invocations=15 (full 3):
 PSYoungGen      total 378880K, used 2933K [0x000000076ce00000, 0x0000000785b80000, 0x00000007c0000000)
  eden space 359936K, 0% used [0x000000076ce00000,0x000000076ce00000,0x0000000782d80000)
  from space 18944K, 15% used [0x0000000784900000,0x0000000784bdd600,0x0000000785b80000)
  to   space 23552K, 0% used [0x0000000782d80000,0x0000000782d80000,0x0000000784480000)
 ParOldGen       total 201216K, used 34896K [0x00000006c6a00000, 0x00000006d2e80000, 0x000000076ce00000)
  object space 201216K, 17% used [0x00000006c6a00000,0x00000006c8c141c8,0x00000006d2e80000)
 Metaspace       used 59177K, capacity 60598K, committed 60928K, reserved 1101824K
  class space    used 8523K, capacity 8867K, committed 8960K, reserved 1048576K
}
Event: 447.789 GC heap before
{Heap before GC invocations=16 (full 3):
 PSYoungGen      total 378880K, used 362869K [0x000000076ce00000, 0x0000000785b80000, 0x00000007c0000000)
  eden space 359936K, 100% used [0x000000076ce00000,0x0000000782d80000,0x0000000782d80000)
  from space 18944K, 15% used [0x0000000784900000,0x0000000784bdd600,0x0000000785b80000)
  to   space 23552K, 0% used [0x0000000782d80000,0x0000000782d80000,0x0000000784480000)
 ParOldGen       total 201216K, used 34896K [0x00000006c6a00000, 0x00000006d2e80000, 0x000000076ce00000)
  object space 201216K, 17% used [0x00000006c6a00000,0x00000006c8c141c8,0x00000006d2e80000)
 Metaspace       used 60135K, capacity 61616K, committed 61696K, reserved 1101824K
  class space    used 8572K, capacity 8924K, committed 8960K, reserved 1048576K
Event: 447.801 GC heap after
Heap after GC invocations=16 (full 3):
 PSYoungGen      total 383488K, used 4160K [0x000000076ce00000, 0x000000078ff00000, 0x00000007c0000000)
  eden space 359936K, 0% used [0x000000076ce00000,0x000000076ce00000,0x0000000782d80000)
  from space 23552K, 17% used [0x0000000782d80000,0x0000000783190200,0x0000000784480000)
  to   space 23552K, 0% used [0x000000078e800000,0x000000078e800000,0x000000078ff00000)
 ParOldGen       total 201216K, used 34904K [0x00000006c6a00000, 0x00000006d2e80000, 0x000000076ce00000)
  object space 201216K, 17% used [0x00000006c6a00000,0x00000006c8c161c8,0x00000006d2e80000)
 Metaspace       used 60135K, capacity 61616K, committed 61696K, reserved 1101824K
  class space    used 8572K, capacity 8924K, committed 8960K, reserved 1048576K
}
Event: 935.753 GC heap before
{Heap before GC invocations=17 (full 3):
 PSYoungGen      total 383488K, used 364096K [0x000000076ce00000, 0x000000078ff00000, 0x00000007c0000000)
  eden space 359936K, 100% used [0x000000076ce00000,0x0000000782d80000,0x0000000782d80000)
  from space 23552K, 17% used [0x0000000782d80000,0x0000000783190200,0x0000000784480000)
  to   space 23552K, 0% used [0x000000078e800000,0x000000078e800000,0x000000078ff00000)
 ParOldGen       total 201216K, used 34904K [0x00000006c6a00000, 0x00000006d2e80000, 0x000000076ce00000)
  object space 201216K, 17% used [0x00000006c6a00000,0x00000006c8c161c8,0x00000006d2e80000)
 Metaspace       used 60427K, capacity 61972K, committed 62208K, reserved 1101824K
  class space    used 8577K, capacity 8930K, committed 8960K, reserved 1048576K
Event: 935.762 GC heap after
Heap after GC invocations=17 (full 3):
 PSYoungGen      total 526336K, used 5011K [0x000000076ce00000, 0x000000078f280000, 0x00000007c0000000)
  eden space 515584K, 0% used [0x000000076ce00000,0x000000076ce00000,0x000000078c580000)
  from space 10752K, 46% used [0x000000078e800000,0x000000078ece4c78,0x000000078f280000)
  to   space 23040K, 0% used [0x000000078c580000,0x000000078c580000,0x000000078dc00000)
 ParOldGen       total 201216K, used 34912K [0x00000006c6a00000, 0x00000006d2e80000, 0x000000076ce00000)
  object space 201216K, 17% used [0x00000006c6a00000,0x00000006c8c181c8,0x00000006d2e80000)
 Metaspace       used 60427K, capacity 61972K, committed 62208K, reserved 1101824K
  class space    used 8577K, capacity 8930K, committed 8960K, reserved 1048576K
}

