# JRE version: Java(TM) SE Runtime Environment (8.0_20-b17) (build 1.8.0_20-ea-b17)
# Java VM: Java HotSpot(TM) 64-Bit Server VM (25.20-b17 mixed mode linux-amd64 compressed oops)
Heap:
 PSYoungGen      total 261632K, used 92535K [0x000000076ce00000, 0x0000000780f80000, 0x00000007c0000000)
  eden space 243200K, 38% used [0x000000076ce00000,0x000000077285dc58,0x000000077bb80000)
  from space 18432K, 0% used [0x000000077bb80000,0x000000077bb80000,0x000000077cd80000)
  to   space 18944K, 0% used [0x000000077fd00000,0x000000077fd00000,0x0000000780f80000)
 ParOldGen       total 247808K, used 34644K [0x00000006c6a00000, 0x00000006d5c00000, 0x000000076ce00000)
  object space 247808K, 13% used [0x00000006c6a00000,0x00000006c8bd52f8,0x00000006d5c00000)
 Metaspace       used 57896K, capacity 59094K, committed 59360K, reserved 1099776K
  class space    used 8298K, capacity 8584K, committed 8704K, reserved 1048576K
GC Heap History (10 events):
Event: 5.941 GC heap before
{Heap before GC invocations=10 (full 2):
 PSYoungGen      total 152576K, used 138240K [0x000000076ce00000, 0x000000077ac80000, 0x00000007c0000000)
  eden space 138240K, 100% used [0x000000076ce00000,0x0000000775500000,0x0000000775500000)
  from space 14336K, 0% used [0x0000000775500000,0x0000000775500000,0x0000000776300000)
  to   space 13824K, 0% used [0x0000000779f00000,0x0000000779f00000,0x000000077ac80000)
 ParOldGen       total 173568K, used 19964K [0x00000006c6a00000, 0x00000006d1380000, 0x000000076ce00000)
  object space 173568K, 11% used [0x00000006c6a00000,0x00000006c7d7f000,0x00000006d1380000)
 Metaspace       used 42106K, capacity 42908K, committed 43256K, reserved 1085440K
  class space    used 6131K, capacity 6303K, committed 6400K, reserved 1048576K
Event: 5.962 GC heap after
Heap after GC invocations=10 (full 2):
 PSYoungGen      total 212992K, used 10828K [0x000000076ce00000, 0x000000077ac00000, 0x00000007c0000000)
  eden space 199680K, 0% used [0x000000076ce00000,0x000000076ce00000,0x0000000779100000)
  from space 13312K, 81% used [0x0000000779f00000,0x000000077a9931b8,0x000000077ac00000)
  to   space 13824K, 0% used [0x0000000779100000,0x0000000779100000,0x0000000779e80000)
 ParOldGen       total 173568K, used 19972K [0x00000006c6a00000, 0x00000006d1380000, 0x000000076ce00000)
  object space 173568K, 11% used [0x00000006c6a00000,0x00000006c7d81000,0x00000006d1380000)
 Metaspace       used 42106K, capacity 42908K, committed 43256K, reserved 1085440K
  class space    used 6131K, capacity 6303K, committed 6400K, reserved 1048576K
}
Event: 7.164 GC heap before
{Heap before GC invocations=11 (full 2):
 PSYoungGen      total 212992K, used 210508K [0x000000076ce00000, 0x000000077ac00000, 0x00000007c0000000)
  eden space 199680K, 100% used [0x000000076ce00000,0x0000000779100000,0x0000000779100000)
  from space 13312K, 81% used [0x0000000779f00000,0x000000077a9931b8,0x000000077ac00000)
  to   space 13824K, 0% used [0x0000000779100000,0x0000000779100000,0x0000000779e80000)
 ParOldGen       total 173568K, used 19972K [0x00000006c6a00000, 0x00000006d1380000, 0x000000076ce00000)
  object space 173568K, 11% used [0x00000006c6a00000,0x00000006c7d81000,0x00000006d1380000)
 Metaspace       used 47596K, capacity 48416K, committed 48760K, reserved 1091584K
  class space    used 7070K, capacity 7237K, committed 7296K, reserved 1048576K
Event: 7.178 GC heap after
Heap after GC invocations=11 (full 2):
 PSYoungGen      total 213504K, used 13317K [0x000000076ce00000, 0x000000077df80000, 0x00000007c0000000)
  eden space 199680K, 0% used [0x000000076ce00000,0x000000076ce00000,0x0000000779100000)
  from space 13824K, 96% used [0x0000000779100000,0x0000000779e017a0,0x0000000779e80000)
  to   space 14848K, 0% used [0x000000077d100000,0x000000077d100000,0x000000077df80000)
 ParOldGen       total 173568K, used 19980K [0x00000006c6a00000, 0x00000006d1380000, 0x000000076ce00000)
  object space 173568K, 11% used [0x00000006c6a00000,0x00000006c7d83000,0x00000006d1380000)
 Metaspace       used 47596K, capacity 48416K, committed 48760K, reserved 1091584K
  class space    used 7070K, capacity 7237K, committed 7296K, reserved 1048576K
}
Event: 19.358 GC heap before
{Heap before GC invocations=12 (full 2):
 PSYoungGen      total 213504K, used 212997K [0x000000076ce00000, 0x000000077df80000, 0x00000007c0000000)
  eden space 199680K, 100% used [0x000000076ce00000,0x0000000779100000,0x0000000779100000)
  from space 13824K, 96% used [0x0000000779100000,0x0000000779e017a0,0x0000000779e80000)
  to   space 14848K, 0% used [0x000000077d100000,0x000000077d100000,0x000000077df80000)
 ParOldGen       total 173568K, used 19980K [0x00000006c6a00000, 0x00000006d1380000, 0x000000076ce00000)
  object space 173568K, 11% used [0x00000006c6a00000,0x00000006c7d83000,0x00000006d1380000)
 Metaspace       used 56908K, capacity 58074K, committed 58232K, reserved 1099776K
  class space    used 8195K, capacity 8468K, committed 8576K, reserved 1048576K
Event: 19.378 GC heap after
Heap after GC invocations=12 (full 2):
 PSYoungGen      total 258048K, used 14817K [0x000000076ce00000, 0x000000077df80000, 0x00000007c0000000)
  eden space 243200K, 0% used [0x000000076ce00000,0x000000076ce00000,0x000000077bb80000)
  from space 14848K, 99% used [0x000000077d100000,0x000000077df78710,0x000000077df80000)
  to   space 18432K, 0% used [0x000000077bb80000,0x000000077bb80000,0x000000077cd80000)
 ParOldGen       total 173568K, used 26573K [0x00000006c6a00000, 0x00000006d1380000, 0x000000076ce00000)
  object space 173568K, 15% used [0x00000006c6a00000,0x00000006c83f3788,0x00000006d1380000)
 Metaspace       used 56908K, capacity 58074K, committed 58232K, reserved 1099776K
  class space    used 8195K, capacity 8468K, committed 8576K, reserved 1048576K
}
Event: 22.279 GC heap before
{Heap before GC invocations=13 (full 2):
 PSYoungGen      total 258048K, used 46727K [0x000000076ce00000, 0x000000077df80000, 0x00000007c0000000)
  eden space 243200K, 13% used [0x000000076ce00000,0x000000076ed29898,0x000000077bb80000)
  from space 14848K, 99% used [0x000000077d100000,0x000000077df78710,0x000000077df80000)
  to   space 18432K, 0% used [0x000000077bb80000,0x000000077bb80000,0x000000077cd80000)
 ParOldGen       total 173568K, used 26573K [0x00000006c6a00000, 0x00000006d1380000, 0x000000076ce00000)
  object space 173568K, 15% used [0x00000006c6a00000,0x00000006c83f3788,0x00000006d1380000)
 Metaspace       used 57220K, capacity 58390K, committed 58464K, reserved 1099776K
  class space    used 8229K, capacity 8526K, committed 8576K, reserved 1048576K
Event: 22.296 GC heap after
Heap after GC invocations=13 (full 2):
 PSYoungGen      total 261632K, used 15139K [0x000000076ce00000, 0x0000000780f80000, 0x00000007c0000000)
  eden space 243200K, 0% used [0x000000076ce00000,0x000000076ce00000,0x000000077bb80000)
  from space 18432K, 82% used [0x000000077bb80000,0x000000077ca48e40,0x000000077cd80000)
  to   space 18944K, 0% used [0x000000077fd00000,0x000000077fd00000,0x0000000780f80000)
 ParOldGen       total 173568K, used 26581K [0x00000006c6a00000, 0x00000006d1380000, 0x000000076ce00000)
  object space 173568K, 15% used [0x00000006c6a00000,0x00000006c83f5788,0x00000006d1380000)
 Metaspace       used 57220K, capacity 58390K, committed 58464K, reserved 1099776K
  class space    used 8229K, capacity 8526K, committed 8576K, reserved 1048576K
}
Event: 22.296 GC heap before
{Heap before GC invocations=14 (full 3):
 PSYoungGen      total 261632K, used 15139K [0x000000076ce00000, 0x0000000780f80000, 0x00000007c0000000)
  eden space 243200K, 0% used [0x000000076ce00000,0x000000076ce00000,0x000000077bb80000)
  from space 18432K, 82% used [0x000000077bb80000,0x000000077ca48e40,0x000000077cd80000)
  to   space 18944K, 0% used [0x000000077fd00000,0x000000077fd00000,0x0000000780f80000)
 ParOldGen       total 173568K, used 26581K [0x00000006c6a00000, 0x00000006d1380000, 0x000000076ce00000)
  object space 173568K, 15% used [0x00000006c6a00000,0x00000006c83f5788,0x00000006d1380000)
 Metaspace       used 57220K, capacity 58390K, committed 58464K, reserved 1099776K
  class space    used 8229K, capacity 8526K, committed 8576K, reserved 1048576K
Event: 22.484 GC heap after
Heap after GC invocations=14 (full 3):
 PSYoungGen      total 261632K, used 0K [0x000000076ce00000, 0x0000000780f80000, 0x00000007c0000000)
  eden space 243200K, 0% used [0x000000076ce00000,0x000000076ce00000,0x000000077bb80000)
  from space 18432K, 0% used [0x000000077bb80000,0x000000077bb80000,0x000000077cd80000)
  to   space 18944K, 0% used [0x000000077fd00000,0x000000077fd00000,0x0000000780f80000)
 ParOldGen       total 247808K, used 34644K [0x00000006c6a00000, 0x00000006d5c00000, 0x000000076ce00000)
  object space 247808K, 13% used [0x00000006c6a00000,0x00000006c8bd52f8,0x00000006d5c00000)
 Metaspace       used 57160K, capacity 58306K, committed 58464K, reserved 1099776K
  class space    used 8227K, capacity 8522K, committed 8576K, reserved 1048576K
}

