# JRE version: Java(TM) SE Runtime Environment (8.0_20-b17) (build 1.8.0_20-ea-b17)
# Java VM: Java HotSpot(TM) 64-Bit Server VM (25.20-b17 mixed mode linux-amd64 compressed oops)
Heap:
 PSYoungGen      total 45056K, used 30525K [0x000000076ce00000, 0x000000076fb00000, 0x00000007c0000000)
  eden space 44032K, 67% used [0x000000076ce00000,0x000000076eb05d50,0x000000076f900000)
  from space 1024K, 78% used [0x000000076fa00000,0x000000076fac97f8,0x000000076fb00000)
  to   space 1024K, 0% used [0x000000076f900000,0x000000076f900000,0x000000076fa00000)
 ParOldGen       total 264192K, used 96027K [0x00000006c6a00000, 0x00000006d6c00000, 0x000000076ce00000)
  object space 264192K, 36% used [0x00000006c6a00000,0x00000006cc7c6ca8,0x00000006d6c00000)
 Metaspace       used 62821K, capacity 64527K, committed 64716K, reserved 1103872K
  class space    used 8972K, capacity 9344K, committed 9420K, reserved 1048576K
GC Heap History (10 events):
Event: 4033.219 GC heap before
{Heap before GC invocations=1221 (full 3):
 PSYoungGen      total 45056K, used 44666K [0x000000076ce00000, 0x000000076fb00000, 0x00000007c0000000)
  eden space 44032K, 100% used [0x000000076ce00000,0x000000076f900000,0x000000076f900000)
  from space 1024K, 61% used [0x000000076f900000,0x000000076f99e9c0,0x000000076fa00000)
  to   space 1024K, 0% used [0x000000076fa00000,0x000000076fa00000,0x000000076fb00000)
 ParOldGen       total 264192K, used 95907K [0x00000006c6a00000, 0x00000006d6c00000, 0x000000076ce00000)
  object space 264192K, 36% used [0x00000006c6a00000,0x00000006cc7a8ca8,0x00000006d6c00000)
 Metaspace       used 62667K, capacity 64409K, committed 64716K, reserved 1103872K
  class space    used 8950K, capacity 9335K, committed 9420K, reserved 1048576K
Event: 4033.222 GC heap after
Heap after GC invocations=1221 (full 3):
 PSYoungGen      total 45056K, used 666K [0x000000076ce00000, 0x000000076fb00000, 0x00000007c0000000)
  eden space 44032K, 0% used [0x000000076ce00000,0x000000076ce00000,0x000000076f900000)
  from space 1024K, 65% used [0x000000076fa00000,0x000000076faa6bd0,0x000000076fb00000)
  to   space 1024K, 0% used [0x000000076f900000,0x000000076f900000,0x000000076fa00000)
 ParOldGen       total 264192K, used 95923K [0x00000006c6a00000, 0x00000006d6c00000, 0x000000076ce00000)
  object space 264192K, 36% used [0x00000006c6a00000,0x00000006cc7acca8,0x00000006d6c00000)
 Metaspace       used 62667K, capacity 64409K, committed 64716K, reserved 1103872K
  class space    used 8950K, capacity 9335K, committed 9420K, reserved 1048576K
}
Event: 4035.323 GC heap before
{Heap before GC invocations=1222 (full 3):
 PSYoungGen      total 45056K, used 44698K [0x000000076ce00000, 0x000000076fb00000, 0x00000007c0000000)
  eden space 44032K, 100% used [0x000000076ce00000,0x000000076f900000,0x000000076f900000)
  from space 1024K, 65% used [0x000000076fa00000,0x000000076faa6bd0,0x000000076fb00000)
  to   space 1024K, 0% used [0x000000076f900000,0x000000076f900000,0x000000076fa00000)
 ParOldGen       total 264192K, used 95923K [0x00000006c6a00000, 0x00000006d6c00000, 0x000000076ce00000)
  object space 264192K, 36% used [0x00000006c6a00000,0x00000006cc7acca8,0x00000006d6c00000)
 Metaspace       used 62667K, capacity 64409K, committed 64716K, reserved 1103872K
  class space    used 8950K, capacity 9335K, committed 9420K, reserved 1048576K
Event: 4035.326 GC heap after
Heap after GC invocations=1222 (full 3):
 PSYoungGen      total 45056K, used 1007K [0x000000076ce00000, 0x000000076fc00000, 0x00000007c0000000)
  eden space 44032K, 0% used [0x000000076ce00000,0x000000076ce00000,0x000000076f900000)
  from space 1024K, 98% used [0x000000076f900000,0x000000076f9fbc00,0x000000076fa00000)
  to   space 1536K, 0% used [0x000000076fa80000,0x000000076fa80000,0x000000076fc00000)
 ParOldGen       total 264192K, used 95971K [0x00000006c6a00000, 0x00000006d6c00000, 0x000000076ce00000)
  object space 264192K, 36% used [0x00000006c6a00000,0x00000006cc7b8ca8,0x00000006d6c00000)
 Metaspace       used 62667K, capacity 64409K, committed 64716K, reserved 1103872K
  class space    used 8950K, capacity 9335K, committed 9420K, reserved 1048576K
}
Event: 4037.867 GC heap before
{Heap before GC invocations=1223 (full 3):
 PSYoungGen      total 45056K, used 45039K [0x000000076ce00000, 0x000000076fc00000, 0x00000007c0000000)
  eden space 44032K, 100% used [0x000000076ce00000,0x000000076f900000,0x000000076f900000)
  from space 1024K, 98% used [0x000000076f900000,0x000000076f9fbc00,0x000000076fa00000)
  to   space 1536K, 0% used [0x000000076fa80000,0x000000076fa80000,0x000000076fc00000)
 ParOldGen       total 264192K, used 95971K [0x00000006c6a00000, 0x00000006d6c00000, 0x000000076ce00000)
  object space 264192K, 36% used [0x00000006c6a00000,0x00000006cc7b8ca8,0x00000006d6c00000)
 Metaspace       used 62667K, capacity 64409K, committed 64716K, reserved 1103872K
  class space    used 8950K, capacity 9335K, committed 9420K, reserved 1048576K
Event: 4037.871 GC heap after
Heap after GC invocations=1223 (full 3):
 PSYoungGen      total 45568K, used 538K [0x000000076ce00000, 0x000000076fc00000, 0x00000007c0000000)
  eden space 44032K, 0% used [0x000000076ce00000,0x000000076ce00000,0x000000076f900000)
  from space 1536K, 35% used [0x000000076fa80000,0x000000076fb069c0,0x000000076fc00000)
  to   space 1536K, 0% used [0x000000076f900000,0x000000076f900000,0x000000076fa80000)
 ParOldGen       total 264192K, used 96003K [0x00000006c6a00000, 0x00000006d6c00000, 0x000000076ce00000)
  object space 264192K, 36% used [0x00000006c6a00000,0x00000006cc7c0ca8,0x00000006d6c00000)
 Metaspace       used 62667K, capacity 64409K, committed 64716K, reserved 1103872K
  class space    used 8950K, capacity 9335K, committed 9420K, reserved 1048576K
}
Event: 4040.499 GC heap before
{Heap before GC invocations=1224 (full 3):
 PSYoungGen      total 45568K, used 44541K [0x000000076ce00000, 0x000000076fc00000, 0x00000007c0000000)
  eden space 44032K, 99% used [0x000000076ce00000,0x000000076f8f8c68,0x000000076f900000)
  from space 1536K, 35% used [0x000000076fa80000,0x000000076fb069c0,0x000000076fc00000)
  to   space 1536K, 0% used [0x000000076f900000,0x000000076f900000,0x000000076fa80000)
 ParOldGen       total 264192K, used 96003K [0x00000006c6a00000, 0x00000006d6c00000, 0x000000076ce00000)
  object space 264192K, 36% used [0x00000006c6a00000,0x00000006cc7c0ca8,0x00000006d6c00000)
 Metaspace       used 62667K, capacity 64409K, committed 64716K, reserved 1103872K
  class space    used 8950K, capacity 9335K, committed 9420K, reserved 1048576K
Event: 4040.502 GC heap after
Heap after GC invocations=1224 (full 3):
 PSYoungGen      total 45056K, used 698K [0x000000076ce00000, 0x000000076fb00000, 0x00000007c0000000)
  eden space 44032K, 0% used [0x000000076ce00000,0x000000076ce00000,0x000000076f900000)
  from space 1024K, 68% used [0x000000076f900000,0x000000076f9ae9c0,0x000000076fa00000)
  to   space 1024K, 0% used [0x000000076fa00000,0x000000076fa00000,0x000000076fb00000)
 ParOldGen       total 264192K, used 96003K [0x00000006c6a00000, 0x00000006d6c00000, 0x000000076ce00000)
  object space 264192K, 36% used [0x00000006c6a00000,0x00000006cc7c0ca8,0x00000006d6c00000)
 Metaspace       used 62667K, capacity 64409K, committed 64716K, reserved 1103872K
  class space    used 8950K, capacity 9335K, committed 9420K, reserved 1048576K
}
Event: 4042.589 GC heap before
{Heap before GC invocations=1225 (full 3):
 PSYoungGen      total 45056K, used 44730K [0x000000076ce00000, 0x000000076fb00000, 0x00000007c0000000)
  eden space 44032K, 100% used [0x000000076ce00000,0x000000076f900000,0x000000076f900000)
  from space 1024K, 68% used [0x000000076f900000,0x000000076f9ae9c0,0x000000076fa00000)
  to   space 1024K, 0% used [0x000000076fa00000,0x000000076fa00000,0x000000076fb00000)
 ParOldGen       total 264192K, used 96003K [0x00000006c6a00000, 0x00000006d6c00000, 0x000000076ce00000)
  object space 264192K, 36% used [0x00000006c6a00000,0x00000006cc7c0ca8,0x00000006d6c00000)
 Metaspace       used 62667K, capacity 64409K, committed 64716K, reserved 1103872K
  class space    used 8950K, capacity 9335K, committed 9420K, reserved 1048576K
Event: 4042.592 GC heap after
Heap after GC invocations=1225 (full 3):
 PSYoungGen      total 45056K, used 805K [0x000000076ce00000, 0x000000076fb00000, 0x00000007c0000000)
  eden space 44032K, 0% used [0x000000076ce00000,0x000000076ce00000,0x000000076f900000)
  from space 1024K, 78% used [0x000000076fa00000,0x000000076fac97f8,0x000000076fb00000)
  to   space 1024K, 0% used [0x000000076f900000,0x000000076f900000,0x000000076fa00000)
 ParOldGen       total 264192K, used 96027K [0x00000006c6a00000, 0x00000006d6c00000, 0x000000076ce00000)
  object space 264192K, 36% used [0x00000006c6a00000,0x00000006cc7c6ca8,0x00000006d6c00000)
 Metaspace       used 62667K, capacity 64409K, committed 64716K, reserved 1103872K
  class space    used 8950K, capacity 9335K, committed 9420K, reserved 1048576K
}

