# JRE version: Java(TM) SE Runtime Environment (8.0_20-b17) (build 1.8.0_20-ea-b17)
# Java VM: Java HotSpot(TM) 64-Bit Server VM (25.20-b17 mixed mode linux-amd64 compressed oops)
Heap:
 PSYoungGen      total 279552K, used 152180K [0x000000076ce00000, 0x0000000781f00000, 0x00000007c0000000)
  eden space 259072K, 58% used [0x000000076ce00000,0x000000077629d120,0x000000077cb00000)
  from space 20480K, 0% used [0x000000077cb00000,0x000000077cb00000,0x000000077df00000)
  to   space 21504K, 0% used [0x0000000780a00000,0x0000000780a00000,0x0000000781f00000)
 ParOldGen       total 238080K, used 35255K [0x00000006c6a00000, 0x00000006d5280000, 0x000000076ce00000)
  object space 238080K, 14% used [0x00000006c6a00000,0x00000006c8c6dde0,0x00000006d5280000)
 Metaspace       used 57827K, capacity 59062K, committed 59164K, reserved 1099776K
  class space    used 8202K, capacity 8482K, committed 8576K, reserved 1048576K
GC Heap History (10 events):
Event: 5.787 GC heap before
{Heap before GC invocations=10 (full 2):
 PSYoungGen      total 163840K, used 148992K [0x000000076ce00000, 0x000000077ca00000, 0x00000007c0000000)
  eden space 148992K, 100% used [0x000000076ce00000,0x0000000775f80000,0x0000000775f80000)
  from space 14848K, 0% used [0x0000000775f80000,0x0000000775f80000,0x0000000776e00000)
  to   space 16384K, 0% used [0x000000077ba00000,0x000000077ba00000,0x000000077ca00000)
 ParOldGen       total 168960K, used 23665K [0x00000006c6a00000, 0x00000006d0f00000, 0x000000076ce00000)
  object space 168960K, 14% used [0x00000006c6a00000,0x00000006c811c760,0x00000006d0f00000)
 Metaspace       used 39591K, capacity 40078K, committed 40448K, reserved 1083392K
  class space    used 5709K, capacity 5842K, committed 5888K, reserved 1048576K
Event: 5.795 GC heap after
Heap after GC invocations=10 (full 2):
 PSYoungGen      total 218624K, used 6167K [0x000000076ce00000, 0x000000077c080000, 0x00000007c0000000)
  eden space 211968K, 0% used [0x000000076ce00000,0x000000076ce00000,0x0000000779d00000)
  from space 6656K, 92% used [0x000000077ba00000,0x000000077c005e88,0x000000077c080000)
  to   space 15872K, 0% used [0x000000077a180000,0x000000077a180000,0x000000077b100000)
 ParOldGen       total 168960K, used 23673K [0x00000006c6a00000, 0x00000006d0f00000, 0x000000076ce00000)
  object space 168960K, 14% used [0x00000006c6a00000,0x00000006c811e760,0x00000006d0f00000)
 Metaspace       used 39591K, capacity 40078K, committed 40448K, reserved 1083392K
  class space    used 5709K, capacity 5842K, committed 5888K, reserved 1048576K
}
Event: 7.856 GC heap before
{Heap before GC invocations=11 (full 2):
 PSYoungGen      total 218624K, used 218135K [0x000000076ce00000, 0x000000077c080000, 0x00000007c0000000)
  eden space 211968K, 100% used [0x000000076ce00000,0x0000000779d00000,0x0000000779d00000)
  from space 6656K, 92% used [0x000000077ba00000,0x000000077c005e88,0x000000077c080000)
  to   space 15872K, 0% used [0x000000077a180000,0x000000077a180000,0x000000077b100000)
 ParOldGen       total 168960K, used 23673K [0x00000006c6a00000, 0x00000006d0f00000, 0x000000076ce00000)
  object space 168960K, 14% used [0x00000006c6a00000,0x00000006c811e760,0x00000006d0f00000)
 Metaspace       used 50980K, capacity 51526K, committed 51840K, reserved 1093632K
  class space    used 7310K, capacity 7462K, committed 7552K, reserved 1048576K
Event: 7.871 GC heap after
Heap after GC invocations=11 (full 2):
 PSYoungGen      total 232448K, used 15851K [0x000000076ce00000, 0x000000077f100000, 0x00000007c0000000)
  eden space 216576K, 0% used [0x000000076ce00000,0x000000076ce00000,0x000000077a180000)
  from space 15872K, 99% used [0x000000077a180000,0x000000077b0faed0,0x000000077b100000)
  to   space 18432K, 0% used [0x000000077df00000,0x000000077df00000,0x000000077f100000)
 ParOldGen       total 168960K, used 24404K [0x00000006c6a00000, 0x00000006d0f00000, 0x000000076ce00000)
  object space 168960K, 14% used [0x00000006c6a00000,0x00000006c81d53c8,0x00000006d0f00000)
 Metaspace       used 50980K, capacity 51526K, committed 51840K, reserved 1093632K
  class space    used 7310K, capacity 7462K, committed 7552K, reserved 1048576K
}
Event: 24.485 GC heap before
{Heap before GC invocations=12 (full 2):
 PSYoungGen      total 232448K, used 232427K [0x000000076ce00000, 0x000000077f100000, 0x00000007c0000000)
  eden space 216576K, 100% used [0x000000076ce00000,0x000000077a180000,0x000000077a180000)
  from space 15872K, 99% used [0x000000077a180000,0x000000077b0faed0,0x000000077b100000)
  to   space 18432K, 0% used [0x000000077df00000,0x000000077df00000,0x000000077f100000)
 ParOldGen       total 168960K, used 24404K [0x00000006c6a00000, 0x00000006d0f00000, 0x000000076ce00000)
  object space 168960K, 14% used [0x00000006c6a00000,0x00000006c81d53c8,0x00000006d0f00000)
 Metaspace       used 57076K, capacity 58202K, committed 58368K, reserved 1099776K
  class space    used 8165K, capacity 8404K, committed 8448K, reserved 1048576K
Event: 24.503 GC heap after
Heap after GC invocations=12 (full 2):
 PSYoungGen      total 277504K, used 18404K [0x000000076ce00000, 0x000000077f300000, 0x00000007c0000000)
  eden space 259072K, 0% used [0x000000076ce00000,0x000000076ce00000,0x000000077cb00000)
  from space 18432K, 99% used [0x000000077df00000,0x000000077f0f91b0,0x000000077f100000)
  to   space 20480K, 0% used [0x000000077cb00000,0x000000077cb00000,0x000000077df00000)
 ParOldGen       total 168960K, used 24612K [0x00000006c6a00000, 0x00000006d0f00000, 0x000000076ce00000)
  object space 168960K, 14% used [0x00000006c6a00000,0x00000006c82093d8,0x00000006d0f00000)
 Metaspace       used 57076K, capacity 58202K, committed 58368K, reserved 1099776K
  class space    used 8165K, capacity 8404K, committed 8448K, reserved 1048576K
}
Event: 36.265 GC heap before
{Heap before GC invocations=13 (full 2):
 PSYoungGen      total 277504K, used 138886K [0x000000076ce00000, 0x000000077f300000, 0x00000007c0000000)
  eden space 259072K, 46% used [0x000000076ce00000,0x00000007743a88c0,0x000000077cb00000)
  from space 18432K, 99% used [0x000000077df00000,0x000000077f0f91b0,0x000000077f100000)
  to   space 20480K, 0% used [0x000000077cb00000,0x000000077cb00000,0x000000077df00000)
 ParOldGen       total 168960K, used 24612K [0x00000006c6a00000, 0x00000006d0f00000, 0x000000076ce00000)
  object space 168960K, 14% used [0x00000006c6a00000,0x00000006c82093d8,0x00000006d0f00000)
 Metaspace       used 57288K, capacity 58436K, committed 58524K, reserved 1099776K
  class space    used 8173K, capacity 8411K, committed 8448K, reserved 1048576K
Event: 36.282 GC heap after
Heap after GC invocations=13 (full 2):
 PSYoungGen      total 279552K, used 15689K [0x000000076ce00000, 0x0000000781f00000, 0x00000007c0000000)
  eden space 259072K, 0% used [0x000000076ce00000,0x000000076ce00000,0x000000077cb00000)
  from space 20480K, 76% used [0x000000077cb00000,0x000000077da52600,0x000000077df00000)
  to   space 21504K, 0% used [0x0000000780a00000,0x0000000780a00000,0x0000000781f00000)
 ParOldGen       total 168960K, used 24620K [0x00000006c6a00000, 0x00000006d0f00000, 0x000000076ce00000)
  object space 168960K, 14% used [0x00000006c6a00000,0x00000006c820b3d8,0x00000006d0f00000)
 Metaspace       used 57288K, capacity 58436K, committed 58524K, reserved 1099776K
  class space    used 8173K, capacity 8411K, committed 8448K, reserved 1048576K
}
Event: 36.282 GC heap before
{Heap before GC invocations=14 (full 3):
 PSYoungGen      total 279552K, used 15689K [0x000000076ce00000, 0x0000000781f00000, 0x00000007c0000000)
  eden space 259072K, 0% used [0x000000076ce00000,0x000000076ce00000,0x000000077cb00000)
  from space 20480K, 76% used [0x000000077cb00000,0x000000077da52600,0x000000077df00000)
  to   space 21504K, 0% used [0x0000000780a00000,0x0000000780a00000,0x0000000781f00000)
 ParOldGen       total 168960K, used 24620K [0x00000006c6a00000, 0x00000006d0f00000, 0x000000076ce00000)
  object space 168960K, 14% used [0x00000006c6a00000,0x00000006c820b3d8,0x00000006d0f00000)
 Metaspace       used 57288K, capacity 58436K, committed 58524K, reserved 1099776K
  class space    used 8173K, capacity 8411K, committed 8448K, reserved 1048576K
Event: 36.491 GC heap after
Heap after GC invocations=14 (full 3):
 PSYoungGen      total 279552K, used 0K [0x000000076ce00000, 0x0000000781f00000, 0x00000007c0000000)
  eden space 259072K, 0% used [0x000000076ce00000,0x000000076ce00000,0x000000077cb00000)
  from space 20480K, 0% used [0x000000077cb00000,0x000000077cb00000,0x000000077df00000)
  to   space 21504K, 0% used [0x0000000780a00000,0x0000000780a00000,0x0000000781f00000)
 ParOldGen       total 238080K, used 35255K [0x00000006c6a00000, 0x00000006d5280000, 0x000000076ce00000)
  object space 238080K, 14% used [0x00000006c6a00000,0x00000006c8c6dde0,0x00000006d5280000)
 Metaspace       used 57228K, capacity 58352K, committed 58524K, reserved 1099776K
  class space    used 8172K, capacity 8407K, committed 8448K, reserved 1048576K
}

