# JRE version: Java(TM) SE Runtime Environment (8.0_20-b17) (build 1.8.0_20-ea-b17)
# Java VM: Java HotSpot(TM) 64-Bit Server VM (25.20-b17 mixed mode linux-amd64 compressed oops)
Heap:
 PSYoungGen      total 318464K, used 262260K [0x000000076ce00000, 0x0000000788e00000, 0x00000007c0000000)
  eden space 302592K, 82% used [0x000000076ce00000,0x000000077c30ae80,0x000000077f580000)
  from space 15872K, 71% used [0x000000077f580000,0x0000000780092318,0x0000000780500000)
  to   space 15360K, 0% used [0x0000000787f00000,0x0000000787f00000,0x0000000788e00000)
 ParOldGen       total 165376K, used 23619K [0x00000006c6a00000, 0x00000006d0b80000, 0x000000076ce00000)
  object space 165376K, 14% used [0x00000006c6a00000,0x00000006c8110cb0,0x00000006d0b80000)
 Metaspace       used 50635K, capacity 51820K, committed 52096K, reserved 1093632K
  class space    used 7212K, capacity 7517K, committed 7552K, reserved 1048576K
GC Heap History (10 events):
Event: 3.801 GC heap before
{Heap before GC invocations=5 (full 1):
 PSYoungGen      total 139264K, used 129024K [0x000000076ce00000, 0x000000077de00000, 0x00000007c0000000)
  eden space 129024K, 100% used [0x000000076ce00000,0x0000000774c00000,0x0000000774c00000)
  from space 10240K, 0% used [0x0000000774c00000,0x0000000774c00000,0x0000000775600000)
  to   space 10240K, 0% used [0x000000077d400000,0x000000077d400000,0x000000077de00000)
 ParOldGen       total 106496K, used 12781K [0x00000006c6a00000, 0x00000006cd200000, 0x000000076ce00000)
  object space 106496K, 12% used [0x00000006c6a00000,0x00000006c767b7a8,0x00000006cd200000)
 Metaspace       used 28171K, capacity 28602K, committed 28928K, reserved 1075200K
  class space    used 3173K, capacity 3296K, committed 3328K, reserved 1048576K
Event: 3.809 GC heap after
Heap after GC invocations=5 (full 1):
 PSYoungGen      total 208384K, used 8834K [0x000000076ce00000, 0x000000077dd00000, 0x00000007c0000000)
  eden space 199168K, 0% used [0x000000076ce00000,0x000000076ce00000,0x0000000779080000)
  from space 9216K, 95% used [0x000000077d400000,0x000000077dca0b80,0x000000077dd00000)
  to   space 10240K, 0% used [0x000000077c900000,0x000000077c900000,0x000000077d300000)
 ParOldGen       total 106496K, used 12789K [0x00000006c6a00000, 0x00000006cd200000, 0x000000076ce00000)
  object space 106496K, 12% used [0x00000006c6a00000,0x00000006c767d7a8,0x00000006cd200000)
 Metaspace       used 28171K, capacity 28602K, committed 28928K, reserved 1075200K
  class space    used 3173K, capacity 3296K, committed 3328K, reserved 1048576K
}
Event: 4.326 GC heap before
{Heap before GC invocations=6 (full 1):
 PSYoungGen      total 208384K, used 208002K [0x000000076ce00000, 0x000000077dd00000, 0x00000007c0000000)
  eden space 199168K, 100% used [0x000000076ce00000,0x0000000779080000,0x0000000779080000)
  from space 9216K, 95% used [0x000000077d400000,0x000000077dca0b80,0x000000077dd00000)
  to   space 10240K, 0% used [0x000000077c900000,0x000000077c900000,0x000000077d300000)
 ParOldGen       total 106496K, used 12789K [0x00000006c6a00000, 0x00000006cd200000, 0x000000076ce00000)
  object space 106496K, 12% used [0x00000006c6a00000,0x00000006c767d7a8,0x00000006cd200000)
 Metaspace       used 29101K, capacity 29600K, committed 29824K, reserved 1075200K
  class space    used 3255K, capacity 3393K, committed 3456K, reserved 1048576K
Event: 4.334 GC heap after
Heap after GC invocations=6 (full 1):
 PSYoungGen      total 267264K, used 5966K [0x000000076ce00000, 0x0000000781380000, 0x00000007c0000000)
  eden space 257024K, 0% used [0x000000076ce00000,0x000000076ce00000,0x000000077c900000)
  from space 10240K, 58% used [0x000000077c900000,0x000000077ced3a80,0x000000077d300000)
  to   space 14848K, 0% used [0x0000000780500000,0x0000000780500000,0x0000000781380000)
 ParOldGen       total 106496K, used 12797K [0x00000006c6a00000, 0x00000006cd200000, 0x000000076ce00000)
  object space 106496K, 12% used [0x00000006c6a00000,0x00000006c767f7a8,0x00000006cd200000)
 Metaspace       used 29101K, capacity 29600K, committed 29824K, reserved 1075200K
  class space    used 3255K, capacity 3393K, committed 3456K, reserved 1048576K
}
Event: 5.026 GC heap before
{Heap before GC invocations=7 (full 1):
 PSYoungGen      total 267264K, used 90012K [0x000000076ce00000, 0x0000000781380000, 0x00000007c0000000)
  eden space 257024K, 32% used [0x000000076ce00000,0x0000000772013638,0x000000077c900000)
  from space 10240K, 58% used [0x000000077c900000,0x000000077ced3a80,0x000000077d300000)
  to   space 14848K, 0% used [0x0000000780500000,0x0000000780500000,0x0000000781380000)
 ParOldGen       total 106496K, used 12797K [0x00000006c6a00000, 0x00000006cd200000, 0x000000076ce00000)
  object space 106496K, 12% used [0x00000006c6a00000,0x00000006c767f7a8,0x00000006cd200000)
 Metaspace       used 34659K, capacity 35154K, committed 35320K, reserved 1079296K
  class space    used 4600K, capacity 4709K, committed 4736K, reserved 1048576K
Event: 5.037 GC heap after
Heap after GC invocations=7 (full 1):
 PSYoungGen      total 317440K, used 13119K [0x000000076ce00000, 0x0000000786a00000, 0x00000007c0000000)
  eden space 302592K, 0% used [0x000000076ce00000,0x000000076ce00000,0x000000077f580000)
  from space 14848K, 88% used [0x0000000780500000,0x00000007811cfd38,0x0000000781380000)
  to   space 15872K, 0% used [0x000000077f580000,0x000000077f580000,0x0000000780500000)
 ParOldGen       total 106496K, used 12805K [0x00000006c6a00000, 0x00000006cd200000, 0x000000076ce00000)
  object space 106496K, 12% used [0x00000006c6a00000,0x00000006c76817a8,0x00000006cd200000)
 Metaspace       used 34659K, capacity 35154K, committed 35320K, reserved 1079296K
  class space    used 4600K, capacity 4709K, committed 4736K, reserved 1048576K
}
Event: 5.037 GC heap before
{Heap before GC invocations=8 (full 2):
 PSYoungGen      total 317440K, used 13119K [0x000000076ce00000, 0x0000000786a00000, 0x00000007c0000000)
  eden space 302592K, 0% used [0x000000076ce00000,0x000000076ce00000,0x000000077f580000)
  from space 14848K, 88% used [0x0000000780500000,0x00000007811cfd38,0x0000000781380000)
  to   space 15872K, 0% used [0x000000077f580000,0x000000077f580000,0x0000000780500000)
 ParOldGen       total 106496K, used 12805K [0x00000006c6a00000, 0x00000006cd200000, 0x000000076ce00000)
  object space 106496K, 12% used [0x00000006c6a00000,0x00000006c76817a8,0x00000006cd200000)
 Metaspace       used 34659K, capacity 35154K, committed 35320K, reserved 1079296K
  class space    used 4600K, capacity 4709K, committed 4736K, reserved 1048576K
Event: 5.100 GC heap after
Heap after GC invocations=8 (full 2):
 PSYoungGen      total 317440K, used 0K [0x000000076ce00000, 0x0000000786a00000, 0x00000007c0000000)
  eden space 302592K, 0% used [0x000000076ce00000,0x000000076ce00000,0x000000077f580000)
  from space 14848K, 0% used [0x0000000780500000,0x0000000780500000,0x0000000781380000)
  to   space 15872K, 0% used [0x000000077f580000,0x000000077f580000,0x0000000780500000)
 ParOldGen       total 165376K, used 23611K [0x00000006c6a00000, 0x00000006d0b80000, 0x000000076ce00000)
  object space 165376K, 14% used [0x00000006c6a00000,0x00000006c810ecb0,0x00000006d0b80000)
 Metaspace       used 34659K, capacity 35154K, committed 35320K, reserved 1079296K
  class space    used 4600K, capacity 4709K, committed 4736K, reserved 1048576K
}
Event: 10.770 GC heap before
{Heap before GC invocations=9 (full 2):
 PSYoungGen      total 317440K, used 302592K [0x000000076ce00000, 0x0000000786a00000, 0x00000007c0000000)
  eden space 302592K, 100% used [0x000000076ce00000,0x000000077f580000,0x000000077f580000)
  from space 14848K, 0% used [0x0000000780500000,0x0000000780500000,0x0000000781380000)
  to   space 15872K, 0% used [0x000000077f580000,0x000000077f580000,0x0000000780500000)
 ParOldGen       total 165376K, used 23611K [0x00000006c6a00000, 0x00000006d0b80000, 0x000000076ce00000)
  object space 165376K, 14% used [0x00000006c6a00000,0x00000006c810ecb0,0x00000006d0b80000)
 Metaspace       used 45302K, capacity 45928K, committed 46336K, reserved 1089536K
  class space    used 6463K, capacity 6631K, committed 6656K, reserved 1048576K
Event: 10.783 GC heap after
Heap after GC invocations=9 (full 2):
 PSYoungGen      total 318464K, used 11336K [0x000000076ce00000, 0x0000000788e00000, 0x00000007c0000000)
  eden space 302592K, 0% used [0x000000076ce00000,0x000000076ce00000,0x000000077f580000)
  from space 15872K, 71% used [0x000000077f580000,0x0000000780092318,0x0000000780500000)
  to   space 15360K, 0% used [0x0000000787f00000,0x0000000787f00000,0x0000000788e00000)
 ParOldGen       total 165376K, used 23619K [0x00000006c6a00000, 0x00000006d0b80000, 0x000000076ce00000)
  object space 165376K, 14% used [0x00000006c6a00000,0x00000006c8110cb0,0x00000006d0b80000)
 Metaspace       used 45302K, capacity 45928K, committed 46336K, reserved 1089536K
  class space    used 6463K, capacity 6631K, committed 6656K, reserved 1048576K
}

