# JRE version: Java(TM) SE Runtime Environment (8.0_20-b17) (build 1.8.0_20-ea-b17)
# Java VM: Java HotSpot(TM) 64-Bit Server VM (25.20-b17 mixed mode linux-amd64 compressed oops)
Heap:
 PSYoungGen      total 445952K, used 218422K [0x000000076ce00000, 0x000000078a400000, 0x00000007c0000000)
  eden space 429568K, 50% used [0x000000076ce00000,0x000000077a34daa0,0x0000000787180000)
  from space 16384K, 0% used [0x0000000789400000,0x0000000789400000,0x000000078a400000)
  to   space 19968K, 0% used [0x0000000787d00000,0x0000000787d00000,0x0000000789080000)
 ParOldGen       total 228352K, used 40292K [0x00000006c6a00000, 0x00000006d4900000, 0x000000076ce00000)
  object space 228352K, 17% used [0x00000006c6a00000,0x00000006c9159258,0x00000006d4900000)
 Metaspace       used 58155K, capacity 59390K, committed 59648K, reserved 1099776K
  class space    used 8299K, capacity 8590K, committed 8704K, reserved 1048576K
GC Heap History (10 events):
Event: 5.010 GC heap before
{Heap before GC invocations=7 (full 1):
 PSYoungGen      total 267264K, used 86574K [0x000000076ce00000, 0x0000000781a00000, 0x00000007c0000000)
  eden space 257024K, 31% used [0x000000076ce00000,0x0000000771cb3e98,0x000000077c900000)
  from space 10240K, 58% used [0x000000077c900000,0x000000077ced7aa0,0x000000077d300000)
  to   space 14848K, 0% used [0x0000000780b80000,0x0000000780b80000,0x0000000781a00000)
 ParOldGen       total 105472K, used 12772K [0x00000006c6a00000, 0x00000006cd100000, 0x000000076ce00000)
  object space 105472K, 12% used [0x00000006c6a00000,0x00000006c7679250,0x00000006cd100000)
 Metaspace       used 34718K, capacity 35096K, committed 35320K, reserved 1079296K
  class space    used 4542K, capacity 4669K, committed 4736K, reserved 1048576K
Event: 5.021 GC heap after
Heap after GC invocations=7 (full 1):
 PSYoungGen      total 324096K, used 13166K [0x000000076ce00000, 0x0000000786f00000, 0x00000007c0000000)
  eden space 309248K, 0% used [0x000000076ce00000,0x000000076ce00000,0x000000077fc00000)
  from space 14848K, 88% used [0x0000000780b80000,0x000000078185bab8,0x0000000781a00000)
  to   space 15872K, 0% used [0x000000077fc00000,0x000000077fc00000,0x0000000780b80000)
 ParOldGen       total 105472K, used 12780K [0x00000006c6a00000, 0x00000006cd100000, 0x000000076ce00000)
  object space 105472K, 12% used [0x00000006c6a00000,0x00000006c767b250,0x00000006cd100000)
 Metaspace       used 34718K, capacity 35096K, committed 35320K, reserved 1079296K
  class space    used 4542K, capacity 4669K, committed 4736K, reserved 1048576K
}
Event: 5.022 GC heap before
{Heap before GC invocations=8 (full 2):
 PSYoungGen      total 324096K, used 13166K [0x000000076ce00000, 0x0000000786f00000, 0x00000007c0000000)
  eden space 309248K, 0% used [0x000000076ce00000,0x000000076ce00000,0x000000077fc00000)
  from space 14848K, 88% used [0x0000000780b80000,0x000000078185bab8,0x0000000781a00000)
  to   space 15872K, 0% used [0x000000077fc00000,0x000000077fc00000,0x0000000780b80000)
 ParOldGen       total 105472K, used 12780K [0x00000006c6a00000, 0x00000006cd100000, 0x000000076ce00000)
  object space 105472K, 12% used [0x00000006c6a00000,0x00000006c767b250,0x00000006cd100000)
 Metaspace       used 34718K, capacity 35096K, committed 35320K, reserved 1079296K
  class space    used 4542K, capacity 4669K, committed 4736K, reserved 1048576K
Event: 5.089 GC heap after
Heap after GC invocations=8 (full 2):
 PSYoungGen      total 324096K, used 0K [0x000000076ce00000, 0x0000000786f00000, 0x00000007c0000000)
  eden space 309248K, 0% used [0x000000076ce00000,0x000000076ce00000,0x000000077fc00000)
  from space 14848K, 0% used [0x0000000780b80000,0x0000000780b80000,0x0000000781a00000)
  to   space 15872K, 0% used [0x000000077fc00000,0x000000077fc00000,0x0000000780b80000)
 ParOldGen       total 162304K, used 23678K [0x00000006c6a00000, 0x00000006d0880000, 0x000000076ce00000)
  object space 162304K, 14% used [0x00000006c6a00000,0x00000006c811f900,0x00000006d0880000)
 Metaspace       used 34718K, capacity 35096K, committed 35320K, reserved 1079296K
  class space    used 4542K, capacity 4669K, committed 4736K, reserved 1048576K
}
Event: 7.207 GC heap before
{Heap before GC invocations=9 (full 2):
 PSYoungGen      total 324096K, used 309248K [0x000000076ce00000, 0x0000000786f00000, 0x00000007c0000000)
  eden space 309248K, 100% used [0x000000076ce00000,0x000000077fc00000,0x000000077fc00000)
  from space 14848K, 0% used [0x0000000780b80000,0x0000000780b80000,0x0000000781a00000)
  to   space 15872K, 0% used [0x000000077fc00000,0x000000077fc00000,0x0000000780b80000)
 ParOldGen       total 162304K, used 23678K [0x00000006c6a00000, 0x00000006d0880000, 0x000000076ce00000)
  object space 162304K, 14% used [0x00000006c6a00000,0x00000006c811f900,0x00000006d0880000)
 Metaspace       used 46371K, capacity 47176K, committed 47360K, reserved 1089536K
  class space    used 6913K, capacity 7105K, committed 7168K, reserved 1048576K
Event: 7.223 GC heap after
Heap after GC invocations=9 (full 2):
 PSYoungGen      total 325120K, used 13219K [0x000000076ce00000, 0x000000078a400000, 0x00000007c0000000)
  eden space 309248K, 0% used [0x000000076ce00000,0x000000076ce00000,0x000000077fc00000)
  from space 15872K, 83% used [0x000000077fc00000,0x00000007808e8f88,0x0000000780b80000)
  to   space 16384K, 0% used [0x0000000789400000,0x0000000789400000,0x000000078a400000)
 ParOldGen       total 162304K, used 23686K [0x00000006c6a00000, 0x00000006d0880000, 0x000000076ce00000)
  object space 162304K, 14% used [0x00000006c6a00000,0x00000006c8121900,0x00000006d0880000)
 Metaspace       used 46371K, capacity 47176K, committed 47360K, reserved 1089536K
  class space    used 6913K, capacity 7105K, committed 7168K, reserved 1048576K
}
Event: 18.679 GC heap before
{Heap before GC invocations=10 (full 2):
 PSYoungGen      total 325120K, used 301096K [0x000000076ce00000, 0x000000078a400000, 0x00000007c0000000)
  eden space 309248K, 93% used [0x000000076ce00000,0x000000077e721380,0x000000077fc00000)
  from space 15872K, 83% used [0x000000077fc00000,0x00000007808e8f88,0x0000000780b80000)
  to   space 16384K, 0% used [0x0000000789400000,0x0000000789400000,0x000000078a400000)
 ParOldGen       total 162304K, used 23686K [0x00000006c6a00000, 0x00000006d0880000, 0x000000076ce00000)
  object space 162304K, 14% used [0x00000006c6a00000,0x00000006c8121900,0x00000006d0880000)
 Metaspace       used 57221K, capacity 58412K, committed 58496K, reserved 1099776K
  class space    used 8217K, capacity 8493K, committed 8576K, reserved 1048576K
Event: 18.699 GC heap after
Heap after GC invocations=10 (full 2):
 PSYoungGen      total 445952K, used 16378K [0x000000076ce00000, 0x000000078a400000, 0x00000007c0000000)
  eden space 429568K, 0% used [0x000000076ce00000,0x000000076ce00000,0x0000000787180000)
  from space 16384K, 99% used [0x0000000789400000,0x000000078a3feab0,0x000000078a400000)
  to   space 19968K, 0% used [0x0000000787d00000,0x0000000787d00000,0x0000000789080000)
 ParOldGen       total 162304K, used 28297K [0x00000006c6a00000, 0x00000006d0880000, 0x000000076ce00000)
  object space 162304K, 17% used [0x00000006c6a00000,0x00000006c85a2620,0x00000006d0880000)
 Metaspace       used 57221K, capacity 58412K, committed 58496K, reserved 1099776K
  class space    used 8217K, capacity 8493K, committed 8576K, reserved 1048576K
}
Event: 18.699 GC heap before
{Heap before GC invocations=11 (full 3):
 PSYoungGen      total 445952K, used 16378K [0x000000076ce00000, 0x000000078a400000, 0x00000007c0000000)
  eden space 429568K, 0% used [0x000000076ce00000,0x000000076ce00000,0x0000000787180000)
  from space 16384K, 99% used [0x0000000789400000,0x000000078a3feab0,0x000000078a400000)
  to   space 19968K, 0% used [0x0000000787d00000,0x0000000787d00000,0x0000000789080000)
 ParOldGen       total 162304K, used 28297K [0x00000006c6a00000, 0x00000006d0880000, 0x000000076ce00000)
  object space 162304K, 17% used [0x00000006c6a00000,0x00000006c85a2620,0x00000006d0880000)
 Metaspace       used 57221K, capacity 58412K, committed 58496K, reserved 1099776K
  class space    used 8217K, capacity 8493K, committed 8576K, reserved 1048576K
Event: 18.887 GC heap after
Heap after GC invocations=11 (full 3):
 PSYoungGen      total 445952K, used 0K [0x000000076ce00000, 0x000000078a400000, 0x00000007c0000000)
  eden space 429568K, 0% used [0x000000076ce00000,0x000000076ce00000,0x0000000787180000)
  from space 16384K, 0% used [0x0000000789400000,0x0000000789400000,0x000000078a400000)
  to   space 19968K, 0% used [0x0000000787d00000,0x0000000787d00000,0x0000000789080000)
 ParOldGen       total 228352K, used 40292K [0x00000006c6a00000, 0x00000006d4900000, 0x000000076ce00000)
  object space 228352K, 17% used [0x00000006c6a00000,0x00000006c9159258,0x00000006d4900000)
 Metaspace       used 57161K, capacity 58328K, committed 58496K, reserved 1099776K
  class space    used 8216K, capacity 8489K, committed 8576K, reserved 1048576K
}

