# JRE version: Java(TM) SE Runtime Environment (8.0_20-b17) (build 1.8.0_20-ea-b17)
# Java VM: Java HotSpot(TM) 64-Bit Server VM (25.20-b17 mixed mode linux-amd64 compressed oops)
Heap:
 PSYoungGen      total 359424K, used 288892K [0x000000076ce00000, 0x0000000788000000, 0x00000007c0000000)
  eden space 344064K, 79% used [0x000000076ce00000,0x000000077d94d230,0x0000000781e00000)
  from space 15360K, 98% used [0x0000000786980000,0x0000000787851ee0,0x0000000787880000)
  to   space 7680K, 0% used [0x0000000787880000,0x0000000787880000,0x0000000788000000)
 ParOldGen       total 170496K, used 27025K [0x00000006c6a00000, 0x00000006d1080000, 0x000000076ce00000)
  object space 170496K, 15% used [0x00000006c6a00000,0x00000006c84644d8,0x00000006d1080000)
 Metaspace       used 55667K, capacity 56892K, committed 57024K, reserved 1097728K
  class space    used 7582K, capacity 7865K, committed 7872K, reserved 1048576K
GC Heap History (10 events):
Event: 6.828 GC heap before
{Heap before GC invocations=9 (full 2):
 PSYoungGen      total 278016K, used 264192K [0x000000076ce00000, 0x0000000785700000, 0x00000007c0000000)
  eden space 264192K, 100% used [0x000000076ce00000,0x000000077d000000,0x000000077d000000)
  from space 13824K, 0% used [0x000000077dd80000,0x000000077dd80000,0x000000077eb00000)
  to   space 13824K, 0% used [0x000000077d000000,0x000000077d000000,0x000000077dd80000)
 ParOldGen       total 170496K, used 19928K [0x00000006c6a00000, 0x00000006d1080000, 0x000000076ce00000)
  object space 170496K, 11% used [0x00000006c6a00000,0x00000006c7d76110,0x00000006d1080000)
 Metaspace       used 43286K, capacity 44092K, committed 44352K, reserved 1087488K
  class space    used 6271K, capacity 6463K, committed 6464K, reserved 1048576K
Event: 6.840 GC heap after
Heap after GC invocations=9 (full 2):
 PSYoungGen      total 278016K, used 11983K [0x000000076ce00000, 0x0000000785980000, 0x00000007c0000000)
  eden space 264192K, 0% used [0x000000076ce00000,0x000000076ce00000,0x000000077d000000)
  from space 13824K, 86% used [0x000000077d000000,0x000000077dbb3c40,0x000000077dd80000)
  to   space 13824K, 0% used [0x0000000784c00000,0x0000000784c00000,0x0000000785980000)
 ParOldGen       total 170496K, used 19936K [0x00000006c6a00000, 0x00000006d1080000, 0x000000076ce00000)
  object space 170496K, 11% used [0x00000006c6a00000,0x00000006c7d78110,0x00000006d1080000)
 Metaspace       used 43286K, capacity 44092K, committed 44352K, reserved 1087488K
  class space    used 6271K, capacity 6463K, committed 6464K, reserved 1048576K
}
Event: 21.318 GC heap before
{Heap before GC invocations=10 (full 2):
 PSYoungGen      total 278016K, used 276175K [0x000000076ce00000, 0x0000000785980000, 0x00000007c0000000)
  eden space 264192K, 100% used [0x000000076ce00000,0x000000077d000000,0x000000077d000000)
  from space 13824K, 86% used [0x000000077d000000,0x000000077dbb3c40,0x000000077dd80000)
  to   space 13824K, 0% used [0x0000000784c00000,0x0000000784c00000,0x0000000785980000)
 ParOldGen       total 170496K, used 19936K [0x00000006c6a00000, 0x00000006d1080000, 0x000000076ce00000)
  object space 170496K, 11% used [0x00000006c6a00000,0x00000006c7d78110,0x00000006d1080000)
 Metaspace       used 53656K, capacity 54862K, committed 54976K, reserved 1095680K
  class space    used 7540K, capacity 7810K, committed 7872K, reserved 1048576K
Event: 21.336 GC heap after
Heap after GC invocations=10 (full 2):
 PSYoungGen      total 374272K, used 13803K [0x000000076ce00000, 0x0000000785980000, 0x00000007c0000000)
  eden space 360448K, 0% used [0x000000076ce00000,0x000000076ce00000,0x0000000782e00000)
  from space 13824K, 99% used [0x0000000784c00000,0x000000078597af28,0x0000000785980000)
  to   space 17920K, 0% used [0x0000000783680000,0x0000000783680000,0x0000000784800000)
 ParOldGen       total 170496K, used 27001K [0x00000006c6a00000, 0x00000006d1080000, 0x000000076ce00000)
  object space 170496K, 15% used [0x00000006c6a00000,0x00000006c845e4d8,0x00000006d1080000)
 Metaspace       used 53656K, capacity 54862K, committed 54976K, reserved 1095680K
  class space    used 7540K, capacity 7810K, committed 7872K, reserved 1048576K
}
Event: 561.192 GC heap before
{Heap before GC invocations=11 (full 2):
 PSYoungGen      total 374272K, used 374251K [0x000000076ce00000, 0x0000000785980000, 0x00000007c0000000)
  eden space 360448K, 100% used [0x000000076ce00000,0x0000000782e00000,0x0000000782e00000)
  from space 13824K, 99% used [0x0000000784c00000,0x000000078597af28,0x0000000785980000)
  to   space 17920K, 0% used [0x0000000783680000,0x0000000783680000,0x0000000784800000)
 ParOldGen       total 170496K, used 27001K [0x00000006c6a00000, 0x00000006d1080000, 0x000000076ce00000)
  object space 170496K, 15% used [0x00000006c6a00000,0x00000006c845e4d8,0x00000006d1080000)
 Metaspace       used 54761K, capacity 56006K, committed 56256K, reserved 1097728K
  class space    used 7557K, capacity 7856K, committed 7872K, reserved 1048576K
Event: 561.208 GC heap after
Heap after GC invocations=11 (full 2):
 PSYoungGen      total 387072K, used 14884K [0x000000076ce00000, 0x0000000789180000, 0x00000007c0000000)
  eden space 369152K, 0% used [0x000000076ce00000,0x000000076ce00000,0x0000000783680000)
  from space 17920K, 83% used [0x0000000783680000,0x0000000784509188,0x0000000784800000)
  to   space 18432K, 0% used [0x0000000787f80000,0x0000000787f80000,0x0000000789180000)
 ParOldGen       total 170496K, used 27009K [0x00000006c6a00000, 0x00000006d1080000, 0x000000076ce00000)
  object space 170496K, 15% used [0x00000006c6a00000,0x00000006c84604d8,0x00000006d1080000)
 Metaspace       used 54761K, capacity 56006K, committed 56256K, reserved 1097728K
  class space    used 7557K, capacity 7856K, committed 7872K, reserved 1048576K
}
Event: 1492.640 GC heap before
{Heap before GC invocations=12 (full 2):
 PSYoungGen      total 387072K, used 384036K [0x000000076ce00000, 0x0000000789180000, 0x00000007c0000000)
  eden space 369152K, 100% used [0x000000076ce00000,0x0000000783680000,0x0000000783680000)
  from space 17920K, 83% used [0x0000000783680000,0x0000000784509188,0x0000000784800000)
  to   space 18432K, 0% used [0x0000000787f80000,0x0000000787f80000,0x0000000789180000)
 ParOldGen       total 170496K, used 27009K [0x00000006c6a00000, 0x00000006d1080000, 0x000000076ce00000)
  object space 170496K, 15% used [0x00000006c6a00000,0x00000006c84604d8,0x00000006d1080000)
 Metaspace       used 55108K, capacity 56356K, committed 56512K, reserved 1097728K
  class space    used 7560K, capacity 7861K, committed 7872K, reserved 1048576K
Event: 1492.662 GC heap after
Heap after GC invocations=12 (full 2):
 PSYoungGen      total 371712K, used 15095K [0x000000076ce00000, 0x0000000788e80000, 0x00000007c0000000)
  eden space 356352K, 0% used [0x000000076ce00000,0x000000076ce00000,0x0000000782a00000)
  from space 15360K, 98% used [0x0000000787f80000,0x0000000788e3deb0,0x0000000788e80000)
  to   space 18944K, 0% used [0x0000000786980000,0x0000000786980000,0x0000000787c00000)
 ParOldGen       total 170496K, used 27017K [0x00000006c6a00000, 0x00000006d1080000, 0x000000076ce00000)
  object space 170496K, 15% used [0x00000006c6a00000,0x00000006c84624d8,0x00000006d1080000)
 Metaspace       used 55108K, capacity 56356K, committed 56512K, reserved 1097728K
  class space    used 7560K, capacity 7861K, committed 7872K, reserved 1048576K
}
Event: 2482.659 GC heap before
{Heap before GC invocations=13 (full 2):
 PSYoungGen      total 371712K, used 371447K [0x000000076ce00000, 0x0000000788e80000, 0x00000007c0000000)
  eden space 356352K, 100% used [0x000000076ce00000,0x0000000782a00000,0x0000000782a00000)
  from space 15360K, 98% used [0x0000000787f80000,0x0000000788e3deb0,0x0000000788e80000)
  to   space 18944K, 0% used [0x0000000786980000,0x0000000786980000,0x0000000787c00000)
 ParOldGen       total 170496K, used 27017K [0x00000006c6a00000, 0x00000006d1080000, 0x000000076ce00000)
  object space 170496K, 15% used [0x00000006c6a00000,0x00000006c84624d8,0x00000006d1080000)
 Metaspace       used 55398K, capacity 56676K, committed 56768K, reserved 1097728K
  class space    used 7560K, capacity 7861K, committed 7872K, reserved 1048576K
Event: 2482.677 GC heap after
Heap after GC invocations=13 (full 2):
 PSYoungGen      total 359424K, used 15175K [0x000000076ce00000, 0x0000000788000000, 0x00000007c0000000)
  eden space 344064K, 0% used [0x000000076ce00000,0x000000076ce00000,0x0000000781e00000)
  from space 15360K, 98% used [0x0000000786980000,0x0000000787851ee0,0x0000000787880000)
  to   space 7680K, 0% used [0x0000000787880000,0x0000000787880000,0x0000000788000000)
 ParOldGen       total 170496K, used 27025K [0x00000006c6a00000, 0x00000006d1080000, 0x000000076ce00000)
  object space 170496K, 15% used [0x00000006c6a00000,0x00000006c84644d8,0x00000006d1080000)
 Metaspace       used 55398K, capacity 56676K, committed 56768K, reserved 1097728K
  class space    used 7560K, capacity 7861K, committed 7872K, reserved 1048576K
}

