# JRE version: Java(TM) SE Runtime Environment (8.0_20-b17) (build 1.8.0_20-ea-b17)
# Java VM: Java HotSpot(TM) 64-Bit Server VM (25.20-b17 mixed mode linux-amd64 compressed oops)
Heap:
 PSYoungGen      total 476672K, used 22748K [0x000000076ce00000, 0x000000078e080000, 0x00000007c0000000)
  eden space 473600K, 4% used [0x000000076ce00000,0x000000076e1878a8,0x0000000789c80000)
  from space 3072K, 89% used [0x000000078dd80000,0x000000078e02f768,0x000000078e080000)
  to   space 22016K, 0% used [0x000000078b580000,0x000000078b580000,0x000000078cb00000)
 ParOldGen       total 240128K, used 35087K [0x00000006c6a00000, 0x00000006d5480000, 0x000000076ce00000)
  object space 240128K, 14% used [0x00000006c6a00000,0x00000006c8c43cc8,0x00000006d5480000)
 Metaspace       used 60201K, capacity 61770K, committed 61816K, reserved 1101824K
  class space    used 8461K, capacity 8816K, committed 8824K, reserved 1048576K
GC Heap History (10 events):
Event: 222.530 GC heap before
{Heap before GC invocations=15 (full 3):
 PSYoungGen      total 510976K, used 491423K [0x000000076ce00000, 0x0000000791f00000, 0x00000007c0000000)
  eden space 488960K, 100% used [0x000000076ce00000,0x000000078ab80000,0x000000078ab80000)
  from space 22016K, 11% used [0x000000078ab80000,0x000000078ade7c60,0x000000078c100000)
  to   space 22528K, 0% used [0x0000000790900000,0x0000000790900000,0x0000000791f00000)
 ParOldGen       total 240128K, used 35047K [0x00000006c6a00000, 0x00000006d5480000, 0x000000076ce00000)
  object space 240128K, 14% used [0x00000006c6a00000,0x00000006c8c39cc8,0x00000006d5480000)
 Metaspace       used 59635K, capacity 61126K, committed 61304K, reserved 1101824K
  class space    used 8437K, capacity 8778K, committed 8824K, reserved 1048576K
Event: 222.536 GC heap after
Heap after GC invocations=15 (full 3):
 PSYoungGen      total 557056K, used 2607K [0x000000076ce00000, 0x0000000791200000, 0x00000007c0000000)
  eden space 547840K, 0% used [0x000000076ce00000,0x000000076ce00000,0x000000078e500000)
  from space 9216K, 28% used [0x0000000790900000,0x0000000790b8bea0,0x0000000791200000)
  to   space 23040K, 0% used [0x000000078e500000,0x000000078e500000,0x000000078fb80000)
 ParOldGen       total 240128K, used 35055K [0x00000006c6a00000, 0x00000006d5480000, 0x000000076ce00000)
  object space 240128K, 14% used [0x00000006c6a00000,0x00000006c8c3bcc8,0x00000006d5480000)
 Metaspace       used 59635K, capacity 61126K, committed 61304K, reserved 1101824K
  class space    used 8437K, capacity 8778K, committed 8824K, reserved 1048576K
}
Event: 293.704 GC heap before
{Heap before GC invocations=16 (full 3):
 PSYoungGen      total 557056K, used 550388K [0x000000076ce00000, 0x0000000791200000, 0x00000007c0000000)
  eden space 547840K, 99% used [0x000000076ce00000,0x000000078e4f1528,0x000000078e500000)
  from space 9216K, 28% used [0x0000000790900000,0x0000000790b8bea0,0x0000000791200000)
  to   space 23040K, 0% used [0x000000078e500000,0x000000078e500000,0x000000078fb80000)
 ParOldGen       total 240128K, used 35055K [0x00000006c6a00000, 0x00000006d5480000, 0x000000076ce00000)
  object space 240128K, 14% used [0x00000006c6a00000,0x00000006c8c3bcc8,0x00000006d5480000)
 Metaspace       used 59833K, capacity 61318K, committed 61560K, reserved 1101824K
  class space    used 8437K, capacity 8778K, committed 8824K, reserved 1048576K
Event: 293.710 GC heap after
Heap after GC invocations=16 (full 3):
 PSYoungGen      total 530944K, used 2949K [0x000000076ce00000, 0x0000000790980000, 0x00000007c0000000)
  eden space 527872K, 0% used [0x000000076ce00000,0x000000076ce00000,0x000000078d180000)
  from space 3072K, 96% used [0x000000078e500000,0x000000078e7e1690,0x000000078e800000)
  to   space 23040K, 0% used [0x000000078f300000,0x000000078f300000,0x0000000790980000)
 ParOldGen       total 240128K, used 35063K [0x00000006c6a00000, 0x00000006d5480000, 0x000000076ce00000)
  object space 240128K, 14% used [0x00000006c6a00000,0x00000006c8c3dcc8,0x00000006d5480000)
 Metaspace       used 59833K, capacity 61318K, committed 61560K, reserved 1101824K
  class space    used 8437K, capacity 8778K, committed 8824K, reserved 1048576K
}
Event: 361.784 GC heap before
{Heap before GC invocations=17 (full 3):
 PSYoungGen      total 530944K, used 530821K [0x000000076ce00000, 0x0000000790980000, 0x00000007c0000000)
  eden space 527872K, 100% used [0x000000076ce00000,0x000000078d180000,0x000000078d180000)
  from space 3072K, 96% used [0x000000078e500000,0x000000078e7e1690,0x000000078e800000)
  to   space 23040K, 0% used [0x000000078f300000,0x000000078f300000,0x0000000790980000)
 ParOldGen       total 240128K, used 35063K [0x00000006c6a00000, 0x00000006d5480000, 0x000000076ce00000)
  object space 240128K, 14% used [0x00000006c6a00000,0x00000006c8c3dcc8,0x00000006d5480000)
 Metaspace       used 59894K, capacity 61318K, committed 61560K, reserved 1101824K
  class space    used 8437K, capacity 8778K, committed 8824K, reserved 1048576K
Event: 361.790 GC heap after
Heap after GC invocations=17 (full 3):
 PSYoungGen      total 512000K, used 2761K [0x000000076ce00000, 0x000000078f600000, 0x00000007c0000000)
  eden space 508928K, 0% used [0x000000076ce00000,0x000000076ce00000,0x000000078bf00000)
  from space 3072K, 89% used [0x000000078f300000,0x000000078f5b2450,0x000000078f600000)
  to   space 22528K, 0% used [0x000000078ca00000,0x000000078ca00000,0x000000078e000000)
 ParOldGen       total 240128K, used 35071K [0x00000006c6a00000, 0x00000006d5480000, 0x000000076ce00000)
  object space 240128K, 14% used [0x00000006c6a00000,0x00000006c8c3fcc8,0x00000006d5480000)
 Metaspace       used 59894K, capacity 61318K, committed 61560K, reserved 1101824K
  class space    used 8437K, capacity 8778K, committed 8824K, reserved 1048576K
}
Event: 427.803 GC heap before
{Heap before GC invocations=18 (full 3):
 PSYoungGen      total 512000K, used 511689K [0x000000076ce00000, 0x000000078f600000, 0x00000007c0000000)
  eden space 508928K, 100% used [0x000000076ce00000,0x000000078bf00000,0x000000078bf00000)
  from space 3072K, 89% used [0x000000078f300000,0x000000078f5b2450,0x000000078f600000)
  to   space 22528K, 0% used [0x000000078ca00000,0x000000078ca00000,0x000000078e000000)
 ParOldGen       total 240128K, used 35071K [0x00000006c6a00000, 0x00000006d5480000, 0x000000076ce00000)
  object space 240128K, 14% used [0x00000006c6a00000,0x00000006c8c3fcc8,0x00000006d5480000)
 Metaspace       used 59954K, capacity 61452K, committed 61560K, reserved 1101824K
  class space    used 8438K, capacity 8779K, committed 8824K, reserved 1048576K
Event: 427.808 GC heap after
Heap after GC invocations=18 (full 3):
 PSYoungGen      total 494080K, used 2783K [0x000000076ce00000, 0x000000078f380000, 0x00000007c0000000)
  eden space 491008K, 0% used [0x000000076ce00000,0x000000076ce00000,0x000000078ad80000)
  from space 3072K, 90% used [0x000000078ca00000,0x000000078ccb7d70,0x000000078cd00000)
  to   space 22528K, 0% used [0x000000078dd80000,0x000000078dd80000,0x000000078f380000)
 ParOldGen       total 240128K, used 35079K [0x00000006c6a00000, 0x00000006d5480000, 0x000000076ce00000)
  object space 240128K, 14% used [0x00000006c6a00000,0x00000006c8c41cc8,0x00000006d5480000)
 Metaspace       used 59954K, capacity 61452K, committed 61560K, reserved 1101824K
  class space    used 8438K, capacity 8779K, committed 8824K, reserved 1048576K
}
Event: 752.243 GC heap before
{Heap before GC invocations=19 (full 3):
 PSYoungGen      total 494080K, used 493791K [0x000000076ce00000, 0x000000078f380000, 0x00000007c0000000)
  eden space 491008K, 100% used [0x000000076ce00000,0x000000078ad80000,0x000000078ad80000)
  from space 3072K, 90% used [0x000000078ca00000,0x000000078ccb7d70,0x000000078cd00000)
  to   space 22528K, 0% used [0x000000078dd80000,0x000000078dd80000,0x000000078f380000)
 ParOldGen       total 240128K, used 35079K [0x00000006c6a00000, 0x00000006d5480000, 0x000000076ce00000)
  object space 240128K, 14% used [0x00000006c6a00000,0x00000006c8c41cc8,0x00000006d5480000)
 Metaspace       used 60035K, capacity 61586K, committed 61816K, reserved 1101824K
  class space    used 8439K, capacity 8780K, committed 8824K, reserved 1048576K
Event: 752.249 GC heap after
Heap after GC invocations=19 (full 3):
 PSYoungGen      total 476672K, used 2749K [0x000000076ce00000, 0x000000078e080000, 0x00000007c0000000)
  eden space 473600K, 0% used [0x000000076ce00000,0x000000076ce00000,0x0000000789c80000)
  from space 3072K, 89% used [0x000000078dd80000,0x000000078e02f768,0x000000078e080000)
  to   space 22016K, 0% used [0x000000078b580000,0x000000078b580000,0x000000078cb00000)
 ParOldGen       total 240128K, used 35087K [0x00000006c6a00000, 0x00000006d5480000, 0x000000076ce00000)
  object space 240128K, 14% used [0x00000006c6a00000,0x00000006c8c43cc8,0x00000006d5480000)
 Metaspace       used 60035K, capacity 61586K, committed 61816K, reserved 1101824K
  class space    used 8439K, capacity 8780K, committed 8824K, reserved 1048576K
}

