# JRE version: Java(TM) SE Runtime Environment (8.0_20-b17) (build 1.8.0_20-ea-b17)
# Java VM: Java HotSpot(TM) 64-Bit Server VM (25.20-b17 mixed mode linux-amd64 compressed oops)
Heap:
 PSYoungGen      total 271360K, used 230378K [0x000000076ce00000, 0x000000077f700000, 0x00000007c0000000)
  eden space 256000K, 89% used [0x000000076ce00000,0x000000077aefabb0,0x000000077c800000)
  from space 15360K, 0% used [0x000000077da80000,0x000000077da80000,0x000000077e980000)
  to   space 18944K, 0% used [0x000000077c800000,0x000000077c800000,0x000000077da80000)
 ParOldGen       total 247296K, used 39909K [0x00000006c6a00000, 0x00000006d5b80000, 0x000000076ce00000)
  object space 247296K, 16% used [0x00000006c6a00000,0x00000006c90f9708,0x00000006d5b80000)
 Metaspace       used 59228K, capacity 60488K, committed 60792K, reserved 1101824K
  class space    used 8465K, capacity 8757K, committed 8824K, reserved 1048576K
GC Heap History (10 events):
Event: 5.016 GC heap before
{Heap before GC invocations=9 (full 2):
 PSYoungGen      total 157696K, used 9385K [0x000000076ce00000, 0x000000077be00000, 0x00000007c0000000)
  eden space 143360K, 0% used [0x000000076ce00000,0x000000076ce00000,0x0000000775a00000)
  from space 14336K, 65% used [0x0000000775a00000,0x000000077632a6d0,0x0000000776800000)
  to   space 13824K, 0% used [0x000000077b080000,0x000000077b080000,0x000000077be00000)
 ParOldGen       total 109568K, used 12844K [0x00000006c6a00000, 0x00000006cd500000, 0x000000076ce00000)
  object space 109568K, 11% used [0x00000006c6a00000,0x00000006c768b350,0x00000006cd500000)
 Metaspace       used 34538K, capacity 35270K, committed 35320K, reserved 1081344K
  class space    used 4151K, capacity 4330K, committed 4344K, reserved 1048576K
Event: 5.084 GC heap after
Heap after GC invocations=9 (full 2):
 PSYoungGen      total 157696K, used 0K [0x000000076ce00000, 0x000000077be00000, 0x00000007c0000000)
  eden space 143360K, 0% used [0x000000076ce00000,0x000000076ce00000,0x0000000775a00000)
  from space 14336K, 0% used [0x0000000775a00000,0x0000000775a00000,0x0000000776800000)
  to   space 13824K, 0% used [0x000000077b080000,0x000000077b080000,0x000000077be00000)
 ParOldGen       total 167424K, used 19985K [0x00000006c6a00000, 0x00000006d0d80000, 0x000000076ce00000)
  object space 167424K, 11% used [0x00000006c6a00000,0x00000006c7d84540,0x00000006d0d80000)
 Metaspace       used 34538K, capacity 35270K, committed 35320K, reserved 1081344K
  class space    used 4151K, capacity 4330K, committed 4344K, reserved 1048576K
}
Event: 6.318 GC heap before
{Heap before GC invocations=10 (full 2):
 PSYoungGen      total 157696K, used 143360K [0x000000076ce00000, 0x000000077be00000, 0x00000007c0000000)
  eden space 143360K, 100% used [0x000000076ce00000,0x0000000775a00000,0x0000000775a00000)
  from space 14336K, 0% used [0x0000000775a00000,0x0000000775a00000,0x0000000776800000)
  to   space 13824K, 0% used [0x000000077b080000,0x000000077b080000,0x000000077be00000)
 ParOldGen       total 167424K, used 19985K [0x00000006c6a00000, 0x00000006d0d80000, 0x000000076ce00000)
  object space 167424K, 11% used [0x00000006c6a00000,0x00000006c7d84540,0x00000006d0d80000)
 Metaspace       used 42461K, capacity 43292K, committed 43512K, reserved 1087488K
  class space    used 6196K, capacity 6367K, committed 6392K, reserved 1048576K
Event: 6.334 GC heap after
Heap after GC invocations=10 (full 2):
 PSYoungGen      total 218112K, used 11253K [0x000000076ce00000, 0x000000077bb80000, 0x00000007c0000000)
  eden space 206848K, 0% used [0x000000076ce00000,0x000000076ce00000,0x0000000779800000)
  from space 11264K, 99% used [0x000000077b080000,0x000000077bb7d430,0x000000077bb80000)
  to   space 13824K, 0% used [0x000000077a080000,0x000000077a080000,0x000000077ae00000)
 ParOldGen       total 167424K, used 19993K [0x00000006c6a00000, 0x00000006d0d80000, 0x000000076ce00000)
  object space 167424K, 11% used [0x00000006c6a00000,0x00000006c7d86540,0x00000006d0d80000)
 Metaspace       used 42461K, capacity 43292K, committed 43512K, reserved 1087488K
  class space    used 6196K, capacity 6367K, committed 6392K, reserved 1048576K
}
Event: 7.523 GC heap before
{Heap before GC invocations=11 (full 2):
 PSYoungGen      total 218112K, used 218101K [0x000000076ce00000, 0x000000077bb80000, 0x00000007c0000000)
  eden space 206848K, 100% used [0x000000076ce00000,0x0000000779800000,0x0000000779800000)
  from space 11264K, 99% used [0x000000077b080000,0x000000077bb7d430,0x000000077bb80000)
  to   space 13824K, 0% used [0x000000077a080000,0x000000077a080000,0x000000077ae00000)
 ParOldGen       total 167424K, used 19993K [0x00000006c6a00000, 0x00000006d0d80000, 0x000000076ce00000)
  object space 167424K, 11% used [0x00000006c6a00000,0x00000006c7d86540,0x00000006d0d80000)
 Metaspace       used 47669K, capacity 48512K, committed 48760K, reserved 1091584K
  class space    used 7082K, capacity 7269K, committed 7288K, reserved 1048576K
Event: 7.538 GC heap after
Heap after GC invocations=11 (full 2):
 PSYoungGen      total 229376K, used 13796K [0x000000076ce00000, 0x000000077e980000, 0x00000007c0000000)
  eden space 215552K, 0% used [0x000000076ce00000,0x000000076ce00000,0x000000077a080000)
  from space 13824K, 99% used [0x000000077a080000,0x000000077adf9008,0x000000077ae00000)
  to   space 15360K, 0% used [0x000000077da80000,0x000000077da80000,0x000000077e980000)
 ParOldGen       total 167424K, used 20118K [0x00000006c6a00000, 0x00000006d0d80000, 0x000000076ce00000)
  object space 167424K, 12% used [0x00000006c6a00000,0x00000006c7da5948,0x00000006d0d80000)
 Metaspace       used 47669K, capacity 48512K, committed 48760K, reserved 1091584K
  class space    used 7082K, capacity 7269K, committed 7288K, reserved 1048576K
}
Event: 11.409 GC heap before
{Heap before GC invocations=12 (full 2):
 PSYoungGen      total 229376K, used 209844K [0x000000076ce00000, 0x000000077e980000, 0x00000007c0000000)
  eden space 215552K, 90% used [0x000000076ce00000,0x0000000778d74208,0x000000077a080000)
  from space 13824K, 99% used [0x000000077a080000,0x000000077adf9008,0x000000077ae00000)
  to   space 15360K, 0% used [0x000000077da80000,0x000000077da80000,0x000000077e980000)
 ParOldGen       total 167424K, used 20118K [0x00000006c6a00000, 0x00000006d0d80000, 0x000000076ce00000)
  object space 167424K, 12% used [0x00000006c6a00000,0x00000006c7da5948,0x00000006d0d80000)
 Metaspace       used 57515K, capacity 58622K, committed 58784K, reserved 1099776K
  class space    used 8322K, capacity 8591K, committed 8696K, reserved 1048576K
Event: 11.438 GC heap after
Heap after GC invocations=12 (full 2):
 PSYoungGen      total 271360K, used 15354K [0x000000076ce00000, 0x000000077f700000, 0x00000007c0000000)
  eden space 256000K, 0% used [0x000000076ce00000,0x000000076ce00000,0x000000077c800000)
  from space 15360K, 99% used [0x000000077da80000,0x000000077e97e828,0x000000077e980000)
  to   space 18944K, 0% used [0x000000077c800000,0x000000077c800000,0x000000077da80000)
 ParOldGen       total 167424K, used 26916K [0x00000006c6a00000, 0x00000006d0d80000, 0x000000076ce00000)
  object space 167424K, 16% used [0x00000006c6a00000,0x00000006c8449050,0x00000006d0d80000)
 Metaspace       used 57515K, capacity 58622K, committed 58784K, reserved 1099776K
  class space    used 8322K, capacity 8591K, committed 8696K, reserved 1048576K
}
Event: 11.438 GC heap before
{Heap before GC invocations=13 (full 3):
 PSYoungGen      total 271360K, used 15354K [0x000000076ce00000, 0x000000077f700000, 0x00000007c0000000)
  eden space 256000K, 0% used [0x000000076ce00000,0x000000076ce00000,0x000000077c800000)
  from space 15360K, 99% used [0x000000077da80000,0x000000077e97e828,0x000000077e980000)
  to   space 18944K, 0% used [0x000000077c800000,0x000000077c800000,0x000000077da80000)
 ParOldGen       total 167424K, used 26916K [0x00000006c6a00000, 0x00000006d0d80000, 0x000000076ce00000)
  object space 167424K, 16% used [0x00000006c6a00000,0x00000006c8449050,0x00000006d0d80000)
 Metaspace       used 57515K, capacity 58622K, committed 58784K, reserved 1099776K
  class space    used 8322K, capacity 8591K, committed 8696K, reserved 1048576K
Event: 11.691 GC heap after
Heap after GC invocations=13 (full 3):
 PSYoungGen      total 271360K, used 0K [0x000000076ce00000, 0x000000077f700000, 0x00000007c0000000)
  eden space 256000K, 0% used [0x000000076ce00000,0x000000076ce00000,0x000000077c800000)
  from space 15360K, 0% used [0x000000077da80000,0x000000077da80000,0x000000077e980000)
  to   space 18944K, 0% used [0x000000077c800000,0x000000077c800000,0x000000077da80000)
 ParOldGen       total 247296K, used 39909K [0x00000006c6a00000, 0x00000006d5b80000, 0x000000076ce00000)
  object space 247296K, 16% used [0x00000006c6a00000,0x00000006c90f9708,0x00000006d5b80000)
 Metaspace       used 57444K, capacity 58524K, committed 58784K, reserved 1099776K
  class space    used 8320K, capacity 8585K, committed 8696K, reserved 1048576K
}

