# JRE version: Java(TM) SE Runtime Environment (8.0_20-b17) (build 1.8.0_20-ea-b17)
# Java VM: Java HotSpot(TM) 64-Bit Server VM (25.20-b17 mixed mode linux-amd64 compressed oops)
Heap:
 PSYoungGen      total 417792K, used 268489K [0x000000076ce00000, 0x0000000788880000, 0x00000007c0000000)
  eden space 410112K, 64% used [0x000000076ce00000,0x000000077d120608,0x0000000785e80000)
  from space 7680K, 40% used [0x0000000788100000,0x0000000788412188,0x0000000788880000)
  to   space 21504K, 0% used [0x0000000785e80000,0x0000000785e80000,0x0000000787380000)
 ParOldGen       total 249344K, used 34754K [0x00000006c6a00000, 0x00000006d5d80000, 0x000000076ce00000)
  object space 249344K, 13% used [0x00000006c6a00000,0x00000006c8bf09e8,0x00000006d5d80000)
 Metaspace       used 59338K, capacity 60660K, committed 60904K, reserved 1101824K
  class space    used 8309K, capacity 8599K, committed 8704K, reserved 1048576K
GC Heap History (10 events):
Event: 19.302 GC heap before
{Heap before GC invocations=11 (full 2):
 PSYoungGen      total 386048K, used 57805K [0x000000076ce00000, 0x0000000786480000, 0x00000007c0000000)
  eden space 371200K, 11% used [0x000000076ce00000,0x000000076f7f8e48,0x0000000783880000)
  from space 14848K, 99% used [0x0000000785600000,0x000000078647a8f0,0x0000000786480000)
  to   space 19456K, 0% used [0x0000000783e80000,0x0000000783e80000,0x0000000785180000)
 ParOldGen       total 176128K, used 30711K [0x00000006c6a00000, 0x00000006d1600000, 0x000000076ce00000)
  object space 176128K, 17% used [0x00000006c6a00000,0x00000006c87fdd80,0x00000006d1600000)
 Metaspace       used 57202K, capacity 58390K, committed 58472K, reserved 1099776K
  class space    used 8234K, capacity 8526K, committed 8576K, reserved 1048576K
Event: 19.319 GC heap after
Heap after GC invocations=11 (full 2):
 PSYoungGen      total 396800K, used 14999K [0x000000076ce00000, 0x000000078a280000, 0x00000007c0000000)
  eden space 377344K, 0% used [0x000000076ce00000,0x000000076ce00000,0x0000000783e80000)
  from space 19456K, 77% used [0x0000000783e80000,0x0000000784d25df0,0x0000000785180000)
  to   space 19968K, 0% used [0x0000000788f00000,0x0000000788f00000,0x000000078a280000)
 ParOldGen       total 176128K, used 30719K [0x00000006c6a00000, 0x00000006d1600000, 0x000000076ce00000)
  object space 176128K, 17% used [0x00000006c6a00000,0x00000006c87ffd80,0x00000006d1600000)
 Metaspace       used 57202K, capacity 58390K, committed 58472K, reserved 1099776K
  class space    used 8234K, capacity 8526K, committed 8576K, reserved 1048576K
}
Event: 19.319 GC heap before
{Heap before GC invocations=12 (full 3):
 PSYoungGen      total 396800K, used 14999K [0x000000076ce00000, 0x000000078a280000, 0x00000007c0000000)
  eden space 377344K, 0% used [0x000000076ce00000,0x000000076ce00000,0x0000000783e80000)
  from space 19456K, 77% used [0x0000000783e80000,0x0000000784d25df0,0x0000000785180000)
  to   space 19968K, 0% used [0x0000000788f00000,0x0000000788f00000,0x000000078a280000)
 ParOldGen       total 176128K, used 30719K [0x00000006c6a00000, 0x00000006d1600000, 0x000000076ce00000)
  object space 176128K, 17% used [0x00000006c6a00000,0x00000006c87ffd80,0x00000006d1600000)
 Metaspace       used 57202K, capacity 58390K, committed 58472K, reserved 1099776K
  class space    used 8234K, capacity 8526K, committed 8576K, reserved 1048576K
Event: 19.520 GC heap after
Heap after GC invocations=12 (full 3):
 PSYoungGen      total 396800K, used 0K [0x000000076ce00000, 0x000000078a280000, 0x00000007c0000000)
  eden space 377344K, 0% used [0x000000076ce00000,0x000000076ce00000,0x0000000783e80000)
  from space 19456K, 0% used [0x0000000783e80000,0x0000000783e80000,0x0000000785180000)
  to   space 19968K, 0% used [0x0000000788f00000,0x0000000788f00000,0x000000078a280000)
 ParOldGen       total 249344K, used 34730K [0x00000006c6a00000, 0x00000006d5d80000, 0x000000076ce00000)
  object space 249344K, 13% used [0x00000006c6a00000,0x00000006c8bea9e8,0x00000006d5d80000)
 Metaspace       used 57142K, capacity 58306K, committed 58472K, reserved 1099776K
  class space    used 8233K, capacity 8522K, committed 8576K, reserved 1048576K
}
Event: 549.085 GC heap before
{Heap before GC invocations=13 (full 3):
 PSYoungGen      total 396800K, used 377344K [0x000000076ce00000, 0x000000078a280000, 0x00000007c0000000)
  eden space 377344K, 100% used [0x000000076ce00000,0x0000000783e80000,0x0000000783e80000)
  from space 19456K, 0% used [0x0000000783e80000,0x0000000783e80000,0x0000000785180000)
  to   space 19968K, 0% used [0x0000000788f00000,0x0000000788f00000,0x000000078a280000)
 ParOldGen       total 249344K, used 34730K [0x00000006c6a00000, 0x00000006d5d80000, 0x000000076ce00000)
  object space 249344K, 13% used [0x00000006c6a00000,0x00000006c8bea9e8,0x00000006d5d80000)
 Metaspace       used 58309K, capacity 59526K, committed 59752K, reserved 1099776K
  class space    used 8272K, capacity 8554K, committed 8576K, reserved 1048576K
Event: 549.090 GC heap after
Heap after GC invocations=13 (full 3):
 PSYoungGen      total 458752K, used 2165K [0x000000076ce00000, 0x000000078a500000, 0x00000007c0000000)
  eden space 438784K, 0% used [0x000000076ce00000,0x000000076ce00000,0x0000000787a80000)
  from space 19968K, 10% used [0x0000000788f00000,0x000000078911d4a0,0x000000078a280000)
  to   space 20992K, 0% used [0x0000000787a80000,0x0000000787a80000,0x0000000788f00000)
 ParOldGen       total 249344K, used 34738K [0x00000006c6a00000, 0x00000006d5d80000, 0x000000076ce00000)
  object space 249344K, 13% used [0x00000006c6a00000,0x00000006c8bec9e8,0x00000006d5d80000)
 Metaspace       used 58309K, capacity 59526K, committed 59752K, reserved 1099776K
  class space    used 8272K, capacity 8554K, committed 8576K, reserved 1048576K
}
Event: 1168.117 GC heap before
{Heap before GC invocations=14 (full 3):
 PSYoungGen      total 458752K, used 440949K [0x000000076ce00000, 0x000000078a500000, 0x00000007c0000000)
  eden space 438784K, 100% used [0x000000076ce00000,0x0000000787a80000,0x0000000787a80000)
  from space 19968K, 10% used [0x0000000788f00000,0x000000078911d4a0,0x000000078a280000)
  to   space 20992K, 0% used [0x0000000787a80000,0x0000000787a80000,0x0000000788f00000)
 ParOldGen       total 249344K, used 34738K [0x00000006c6a00000, 0x00000006d5d80000, 0x000000076ce00000)
  object space 249344K, 13% used [0x00000006c6a00000,0x00000006c8bec9e8,0x00000006d5d80000)
 Metaspace       used 58712K, capacity 59914K, committed 60136K, reserved 1101824K
  class space    used 8287K, capacity 8592K, committed 8704K, reserved 1048576K
Event: 1168.124 GC heap after
Heap after GC invocations=14 (full 3):
 PSYoungGen      total 427520K, used 3160K [0x000000076ce00000, 0x0000000789600000, 0x00000007c0000000)
  eden space 423936K, 0% used [0x000000076ce00000,0x000000076ce00000,0x0000000786c00000)
  from space 3584K, 88% used [0x0000000787a80000,0x0000000787d96178,0x0000000787e00000)
  to   space 21504K, 0% used [0x0000000788100000,0x0000000788100000,0x0000000789600000)
 ParOldGen       total 249344K, used 34746K [0x00000006c6a00000, 0x00000006d5d80000, 0x000000076ce00000)
  object space 249344K, 13% used [0x00000006c6a00000,0x00000006c8bee9e8,0x00000006d5d80000)
 Metaspace       used 58712K, capacity 59914K, committed 60136K, reserved 1101824K
  class space    used 8287K, capacity 8592K, committed 8704K, reserved 1048576K
}
Event: 2259.930 GC heap before
{Heap before GC invocations=15 (full 3):
 PSYoungGen      total 427520K, used 427096K [0x000000076ce00000, 0x0000000789600000, 0x00000007c0000000)
  eden space 423936K, 100% used [0x000000076ce00000,0x0000000786c00000,0x0000000786c00000)
  from space 3584K, 88% used [0x0000000787a80000,0x0000000787d96178,0x0000000787e00000)
  to   space 21504K, 0% used [0x0000000788100000,0x0000000788100000,0x0000000789600000)
 ParOldGen       total 249344K, used 34746K [0x00000006c6a00000, 0x00000006d5d80000, 0x000000076ce00000)
  object space 249344K, 13% used [0x00000006c6a00000,0x00000006c8bee9e8,0x00000006d5d80000)
 Metaspace       used 59056K, capacity 60316K, committed 60648K, reserved 1101824K
  class space    used 8289K, capacity 8595K, committed 8704K, reserved 1048576K
Event: 2259.936 GC heap after
Heap after GC invocations=15 (full 3):
 PSYoungGen      total 417792K, used 3144K [0x000000076ce00000, 0x0000000788880000, 0x00000007c0000000)
  eden space 410112K, 0% used [0x000000076ce00000,0x000000076ce00000,0x0000000785e80000)
  from space 7680K, 40% used [0x0000000788100000,0x0000000788412188,0x0000000788880000)
  to   space 21504K, 0% used [0x0000000785e80000,0x0000000785e80000,0x0000000787380000)
 ParOldGen       total 249344K, used 34754K [0x00000006c6a00000, 0x00000006d5d80000, 0x000000076ce00000)
  object space 249344K, 13% used [0x00000006c6a00000,0x00000006c8bf09e8,0x00000006d5d80000)
 Metaspace       used 59056K, capacity 60316K, committed 60648K, reserved 1101824K
  class space    used 8289K, capacity 8595K, committed 8704K, reserved 1048576K
}

