# JRE version: Java(TM) SE Runtime Environment (8.0_20-b17) (build 1.8.0_20-ea-b17)
# Java VM: Java HotSpot(TM) 64-Bit Server VM (25.20-b17 mixed mode linux-amd64 compressed oops)
Heap:
 PSYoungGen      total 53248K, used 15627K [0x000000076ce00000, 0x0000000770d80000, 0x00000007c0000000)
  eden space 52224K, 29% used [0x000000076ce00000,0x000000076dceac48,0x0000000770100000)
  from space 1024K, 34% used [0x0000000770b80000,0x0000000770bd8000,0x0000000770c80000)
  to   space 1024K, 0% used [0x0000000770c80000,0x0000000770c80000,0x0000000770d80000)
 ParOldGen       total 263680K, used 59808K [0x00000006c6a00000, 0x00000006d6b80000, 0x000000076ce00000)
  object space 263680K, 22% used [0x00000006c6a00000,0x00000006ca468360,0x00000006d6b80000)
 Metaspace       used 62528K, capacity 64031K, committed 64300K, reserved 1103872K
  class space    used 8817K, capacity 9171K, committed 9292K, reserved 1048576K
GC Heap History (10 events):
Event: 13681.949 GC heap before
{Heap before GC invocations=142 (full 3):
 PSYoungGen      total 52736K, used 52711K [0x000000076ce00000, 0x0000000770e80000, 0x00000007c0000000)
  eden space 52224K, 100% used [0x000000076ce00000,0x0000000770100000,0x0000000770100000)
  from space 512K, 95% used [0x0000000770e00000,0x0000000770e79fe0,0x0000000770e80000)
  to   space 1024K, 0% used [0x0000000770c80000,0x0000000770c80000,0x0000000770d80000)
 ParOldGen       total 263680K, used 59712K [0x00000006c6a00000, 0x00000006d6b80000, 0x000000076ce00000)
  object space 263680K, 22% used [0x00000006c6a00000,0x00000006ca450360,0x00000006d6b80000)
 Metaspace       used 62439K, capacity 63903K, committed 64044K, reserved 1103872K
  class space    used 8809K, capacity 9171K, committed 9292K, reserved 1048576K
Event: 13681.956 GC heap after
Heap after GC invocations=142 (full 3):
 PSYoungGen      total 53248K, used 455K [0x000000076ce00000, 0x0000000770e80000, 0x00000007c0000000)
  eden space 52224K, 0% used [0x000000076ce00000,0x000000076ce00000,0x0000000770100000)
  from space 1024K, 44% used [0x0000000770c80000,0x0000000770cf1fe0,0x0000000770d80000)
  to   space 1024K, 0% used [0x0000000770d80000,0x0000000770d80000,0x0000000770e80000)
 ParOldGen       total 263680K, used 59744K [0x00000006c6a00000, 0x00000006d6b80000, 0x000000076ce00000)
  object space 263680K, 22% used [0x00000006c6a00000,0x00000006ca458360,0x00000006d6b80000)
 Metaspace       used 62439K, capacity 63903K, committed 64044K, reserved 1103872K
  class space    used 8809K, capacity 9171K, committed 9292K, reserved 1048576K
}
Event: 13810.364 GC heap before
{Heap before GC invocations=143 (full 3):
 PSYoungGen      total 53248K, used 52679K [0x000000076ce00000, 0x0000000770e80000, 0x00000007c0000000)
  eden space 52224K, 100% used [0x000000076ce00000,0x0000000770100000,0x0000000770100000)
  from space 1024K, 44% used [0x0000000770c80000,0x0000000770cf1fe0,0x0000000770d80000)
  to   space 1024K, 0% used [0x0000000770d80000,0x0000000770d80000,0x0000000770e80000)
 ParOldGen       total 263680K, used 59744K [0x00000006c6a00000, 0x00000006d6b80000, 0x000000076ce00000)
  object space 263680K, 22% used [0x00000006c6a00000,0x00000006ca458360,0x00000006d6b80000)
 Metaspace       used 62440K, capacity 63903K, committed 64044K, reserved 1103872K
  class space    used 8809K, capacity 9171K, committed 9292K, reserved 1048576K
Event: 13810.374 GC heap after
Heap after GC invocations=143 (full 3):
 PSYoungGen      total 52736K, used 384K [0x000000076ce00000, 0x0000000770e00000, 0x00000007c0000000)
  eden space 52224K, 0% used [0x000000076ce00000,0x000000076ce00000,0x0000000770100000)
  from space 512K, 75% used [0x0000000770d80000,0x0000000770de0000,0x0000000770e00000)
  to   space 1024K, 0% used [0x0000000770c00000,0x0000000770c00000,0x0000000770d00000)
 ParOldGen       total 263680K, used 59776K [0x00000006c6a00000, 0x00000006d6b80000, 0x000000076ce00000)
  object space 263680K, 22% used [0x00000006c6a00000,0x00000006ca460360,0x00000006d6b80000)
 Metaspace       used 62440K, capacity 63903K, committed 64044K, reserved 1103872K
  class space    used 8809K, capacity 9171K, committed 9292K, reserved 1048576K
}
Event: 13939.282 GC heap before
{Heap before GC invocations=144 (full 3):
 PSYoungGen      total 52736K, used 52608K [0x000000076ce00000, 0x0000000770e00000, 0x00000007c0000000)
  eden space 52224K, 100% used [0x000000076ce00000,0x0000000770100000,0x0000000770100000)
  from space 512K, 75% used [0x0000000770d80000,0x0000000770de0000,0x0000000770e00000)
  to   space 1024K, 0% used [0x0000000770c00000,0x0000000770c00000,0x0000000770d00000)
 ParOldGen       total 263680K, used 59776K [0x00000006c6a00000, 0x00000006d6b80000, 0x000000076ce00000)
  object space 263680K, 22% used [0x00000006c6a00000,0x00000006ca460360,0x00000006d6b80000)
 Metaspace       used 62445K, capacity 63903K, committed 64044K, reserved 1103872K
  class space    used 8809K, capacity 9171K, committed 9292K, reserved 1048576K
Event: 13939.286 GC heap after
Heap after GC invocations=144 (full 3):
 PSYoungGen      total 53248K, used 288K [0x000000076ce00000, 0x0000000770e00000, 0x00000007c0000000)
  eden space 52224K, 0% used [0x000000076ce00000,0x000000076ce00000,0x0000000770100000)
  from space 1024K, 28% used [0x0000000770c00000,0x0000000770c48000,0x0000000770d00000)
  to   space 1024K, 0% used [0x0000000770d00000,0x0000000770d00000,0x0000000770e00000)
 ParOldGen       total 263680K, used 59808K [0x00000006c6a00000, 0x00000006d6b80000, 0x000000076ce00000)
  object space 263680K, 22% used [0x00000006c6a00000,0x00000006ca468360,0x00000006d6b80000)
 Metaspace       used 62445K, capacity 63903K, committed 64044K, reserved 1103872K
  class space    used 8809K, capacity 9171K, committed 9292K, reserved 1048576K
}
Event: 14066.611 GC heap before
{Heap before GC invocations=145 (full 3):
 PSYoungGen      total 53248K, used 52512K [0x000000076ce00000, 0x0000000770e00000, 0x00000007c0000000)
  eden space 52224K, 100% used [0x000000076ce00000,0x0000000770100000,0x0000000770100000)
  from space 1024K, 28% used [0x0000000770c00000,0x0000000770c48000,0x0000000770d00000)
  to   space 1024K, 0% used [0x0000000770d00000,0x0000000770d00000,0x0000000770e00000)
 ParOldGen       total 263680K, used 59808K [0x00000006c6a00000, 0x00000006d6b80000, 0x000000076ce00000)
  object space 263680K, 22% used [0x00000006c6a00000,0x00000006ca468360,0x00000006d6b80000)
 Metaspace       used 62445K, capacity 63903K, committed 64044K, reserved 1103872K
  class space    used 8809K, capacity 9171K, committed 9292K, reserved 1048576K
Event: 14066.620 GC heap after
Heap after GC invocations=145 (full 3):
 PSYoungGen      total 52736K, used 352K [0x000000076ce00000, 0x0000000770d80000, 0x00000007c0000000)
  eden space 52224K, 0% used [0x000000076ce00000,0x000000076ce00000,0x0000000770100000)
  from space 512K, 68% used [0x0000000770d00000,0x0000000770d58000,0x0000000770d80000)
  to   space 1024K, 0% used [0x0000000770b80000,0x0000000770b80000,0x0000000770c80000)
 ParOldGen       total 263680K, used 59808K [0x00000006c6a00000, 0x00000006d6b80000, 0x000000076ce00000)
  object space 263680K, 22% used [0x00000006c6a00000,0x00000006ca468360,0x00000006d6b80000)
 Metaspace       used 62445K, capacity 63903K, committed 64044K, reserved 1103872K
  class space    used 8809K, capacity 9171K, committed 9292K, reserved 1048576K
}
Event: 14195.757 GC heap before
{Heap before GC invocations=146 (full 3):
 PSYoungGen      total 52736K, used 52575K [0x000000076ce00000, 0x0000000770d80000, 0x00000007c0000000)
  eden space 52224K, 99% used [0x000000076ce00000,0x00000007700fffe8,0x0000000770100000)
  from space 512K, 68% used [0x0000000770d00000,0x0000000770d58000,0x0000000770d80000)
  to   space 1024K, 0% used [0x0000000770b80000,0x0000000770b80000,0x0000000770c80000)
 ParOldGen       total 263680K, used 59808K [0x00000006c6a00000, 0x00000006d6b80000, 0x000000076ce00000)
  object space 263680K, 22% used [0x00000006c6a00000,0x00000006ca468360,0x00000006d6b80000)
 Metaspace       used 62445K, capacity 63903K, committed 64044K, reserved 1103872K
  class space    used 8809K, capacity 9171K, committed 9292K, reserved 1048576K
Event: 14195.762 GC heap after
Heap after GC invocations=146 (full 3):
 PSYoungGen      total 53248K, used 352K [0x000000076ce00000, 0x0000000770d80000, 0x00000007c0000000)
  eden space 52224K, 0% used [0x000000076ce00000,0x000000076ce00000,0x0000000770100000)
  from space 1024K, 34% used [0x0000000770b80000,0x0000000770bd8000,0x0000000770c80000)
  to   space 1024K, 0% used [0x0000000770c80000,0x0000000770c80000,0x0000000770d80000)
 ParOldGen       total 263680K, used 59808K [0x00000006c6a00000, 0x00000006d6b80000, 0x000000076ce00000)
  object space 263680K, 22% used [0x00000006c6a00000,0x00000006ca468360,0x00000006d6b80000)
 Metaspace       used 62445K, capacity 63903K, committed 64044K, reserved 1103872K
  class space    used 8809K, capacity 9171K, committed 9292K, reserved 1048576K
}

