# JRE version: Java(TM) SE Runtime Environment (8.0_20-b17) (build 1.8.0_20-ea-b17)
# Java VM: Java HotSpot(TM) 64-Bit Server VM (25.20-b17 mixed mode linux-amd64 compressed oops)
Heap:
 PSYoungGen      total 469504K, used 91904K [0x000000076ce00000, 0x000000078ff00000, 0x00000007c0000000)
  eden space 449536K, 19% used [0x000000076ce00000,0x0000000772510a40,0x0000000788500000)
  from space 19968K, 13% used [0x0000000788500000,0x00000007887af600,0x0000000789880000)
  to   space 20992K, 0% used [0x000000078ea80000,0x000000078ea80000,0x000000078ff00000)
 ParOldGen       total 220672K, used 39319K [0x00000006c6a00000, 0x00000006d4180000, 0x000000076ce00000)
  object space 220672K, 17% used [0x00000006c6a00000,0x00000006c9065c60,0x00000006d4180000)
 Metaspace       used 59359K, capacity 60632K, committed 60928K, reserved 1101824K
  class space    used 8316K, capacity 8605K, committed 8704K, reserved 1048576K
GC Heap History (10 events):
Event: 5.074 GC heap before
{Heap before GC invocations=8 (full 2):
 PSYoungGen      total 333824K, used 13137K [0x000000076ce00000, 0x0000000787300000, 0x00000007c0000000)
  eden space 318976K, 0% used [0x000000076ce00000,0x000000076ce00000,0x0000000780580000)
  from space 14848K, 88% used [0x0000000781500000,0x00000007821d4490,0x0000000782380000)
  to   space 15872K, 0% used [0x0000000780580000,0x0000000780580000,0x0000000781500000)
 ParOldGen       total 103424K, used 12850K [0x00000006c6a00000, 0x00000006ccf00000, 0x000000076ce00000)
  object space 103424K, 12% used [0x00000006c6a00000,0x00000006c768cab0,0x00000006ccf00000)
 Metaspace       used 34738K, capacity 35096K, committed 35264K, reserved 1079296K
  class space    used 4550K, capacity 4669K, committed 4736K, reserved 1048576K
Event: 5.159 GC heap after
Heap after GC invocations=8 (full 2):
 PSYoungGen      total 333824K, used 0K [0x000000076ce00000, 0x0000000787300000, 0x00000007c0000000)
  eden space 318976K, 0% used [0x000000076ce00000,0x000000076ce00000,0x0000000780580000)
  from space 14848K, 0% used [0x0000000781500000,0x0000000781500000,0x0000000782380000)
  to   space 15872K, 0% used [0x0000000780580000,0x0000000780580000,0x0000000781500000)
 ParOldGen       total 159744K, used 23641K [0x00000006c6a00000, 0x00000006d0600000, 0x000000076ce00000)
  object space 159744K, 14% used [0x00000006c6a00000,0x00000006c81166a8,0x00000006d0600000)
 Metaspace       used 34738K, capacity 35096K, committed 35264K, reserved 1079296K
  class space    used 4550K, capacity 4669K, committed 4736K, reserved 1048576K
}
Event: 7.273 GC heap before
{Heap before GC invocations=9 (full 2):
 PSYoungGen      total 333824K, used 318976K [0x000000076ce00000, 0x0000000787300000, 0x00000007c0000000)
  eden space 318976K, 100% used [0x000000076ce00000,0x0000000780580000,0x0000000780580000)
  from space 14848K, 0% used [0x0000000781500000,0x0000000781500000,0x0000000782380000)
  to   space 15872K, 0% used [0x0000000780580000,0x0000000780580000,0x0000000781500000)
 ParOldGen       total 159744K, used 23641K [0x00000006c6a00000, 0x00000006d0600000, 0x000000076ce00000)
  object space 159744K, 14% used [0x00000006c6a00000,0x00000006c81166a8,0x00000006d0600000)
 Metaspace       used 47219K, capacity 48000K, committed 48256K, reserved 1089536K
  class space    used 7017K, capacity 7205K, committed 7296K, reserved 1048576K
Event: 7.284 GC heap after
Heap after GC invocations=9 (full 2):
 PSYoungGen      total 334848K, used 13855K [0x000000076ce00000, 0x000000078ac00000, 0x00000007c0000000)
  eden space 318976K, 0% used [0x000000076ce00000,0x000000076ce00000,0x0000000780580000)
  from space 15872K, 87% used [0x0000000780580000,0x0000000781307d28,0x0000000781500000)
  to   space 16896K, 0% used [0x0000000789b80000,0x0000000789b80000,0x000000078ac00000)
 ParOldGen       total 159744K, used 23649K [0x00000006c6a00000, 0x00000006d0600000, 0x000000076ce00000)
  object space 159744K, 14% used [0x00000006c6a00000,0x00000006c81186a8,0x00000006d0600000)
 Metaspace       used 47219K, capacity 48000K, committed 48256K, reserved 1089536K
  class space    used 7017K, capacity 7205K, committed 7296K, reserved 1048576K
}
Event: 70.041 GC heap before
{Heap before GC invocations=10 (full 2):
 PSYoungGen      total 334848K, used 256420K [0x000000076ce00000, 0x000000078ac00000, 0x00000007c0000000)
  eden space 318976K, 76% used [0x000000076ce00000,0x000000077bae1318,0x0000000780580000)
  from space 15872K, 87% used [0x0000000780580000,0x0000000781307d28,0x0000000781500000)
  to   space 16896K, 0% used [0x0000000789b80000,0x0000000789b80000,0x000000078ac00000)
 ParOldGen       total 159744K, used 23649K [0x00000006c6a00000, 0x00000006d0600000, 0x000000076ce00000)
  object space 159744K, 14% used [0x00000006c6a00000,0x00000006c81186a8,0x00000006d0600000)
 Metaspace       used 57266K, capacity 58290K, committed 58496K, reserved 1099776K
  class space    used 8085K, capacity 8322K, committed 8448K, reserved 1048576K
Event: 70.067 GC heap after
Heap after GC invocations=10 (full 2):
 PSYoungGen      total 451584K, used 16873K [0x000000076ce00000, 0x000000078ac00000, 0x00000007c0000000)
  eden space 434688K, 0% used [0x000000076ce00000,0x000000076ce00000,0x0000000787680000)
  from space 16896K, 99% used [0x0000000789b80000,0x000000078abfa7f0,0x000000078ac00000)
  to   space 19968K, 0% used [0x0000000788500000,0x0000000788500000,0x0000000789880000)
 ParOldGen       total 159744K, used 26794K [0x00000006c6a00000, 0x00000006d0600000, 0x000000076ce00000)
  object space 159744K, 16% used [0x00000006c6a00000,0x00000006c842ab90,0x00000006d0600000)
 Metaspace       used 57266K, capacity 58290K, committed 58496K, reserved 1099776K
  class space    used 8085K, capacity 8322K, committed 8448K, reserved 1048576K
}
Event: 70.067 GC heap before
{Heap before GC invocations=11 (full 3):
 PSYoungGen      total 451584K, used 16873K [0x000000076ce00000, 0x000000078ac00000, 0x00000007c0000000)
  eden space 434688K, 0% used [0x000000076ce00000,0x000000076ce00000,0x0000000787680000)
  from space 16896K, 99% used [0x0000000789b80000,0x000000078abfa7f0,0x000000078ac00000)
  to   space 19968K, 0% used [0x0000000788500000,0x0000000788500000,0x0000000789880000)
 ParOldGen       total 159744K, used 26794K [0x00000006c6a00000, 0x00000006d0600000, 0x000000076ce00000)
  object space 159744K, 16% used [0x00000006c6a00000,0x00000006c842ab90,0x00000006d0600000)
 Metaspace       used 57266K, capacity 58290K, committed 58496K, reserved 1099776K
  class space    used 8085K, capacity 8322K, committed 8448K, reserved 1048576K
Event: 70.269 GC heap after
Heap after GC invocations=11 (full 3):
 PSYoungGen      total 451584K, used 0K [0x000000076ce00000, 0x000000078ac00000, 0x00000007c0000000)
  eden space 434688K, 0% used [0x000000076ce00000,0x000000076ce00000,0x0000000787680000)
  from space 16896K, 0% used [0x0000000789b80000,0x0000000789b80000,0x000000078ac00000)
  to   space 19968K, 0% used [0x0000000788500000,0x0000000788500000,0x0000000789880000)
 ParOldGen       total 220672K, used 39311K [0x00000006c6a00000, 0x00000006d4180000, 0x000000076ce00000)
  object space 220672K, 17% used [0x00000006c6a00000,0x00000006c9063c60,0x00000006d4180000)
 Metaspace       used 57206K, capacity 58206K, committed 58496K, reserved 1099776K
  class space    used 8084K, capacity 8318K, committed 8448K, reserved 1048576K
}
Event: 560.538 GC heap before
{Heap before GC invocations=12 (full 3):
 PSYoungGen      total 451584K, used 434688K [0x000000076ce00000, 0x000000078ac00000, 0x00000007c0000000)
  eden space 434688K, 100% used [0x000000076ce00000,0x0000000787680000,0x0000000787680000)
  from space 16896K, 0% used [0x0000000789b80000,0x0000000789b80000,0x000000078ac00000)
  to   space 19968K, 0% used [0x0000000788500000,0x0000000788500000,0x0000000789880000)
 ParOldGen       total 220672K, used 39311K [0x00000006c6a00000, 0x00000006d4180000, 0x000000076ce00000)
  object space 220672K, 17% used [0x00000006c6a00000,0x00000006c9063c60,0x00000006d4180000)
 Metaspace       used 59141K, capacity 60450K, committed 60672K, reserved 1101824K
  class space    used 8290K, capacity 8596K, committed 8704K, reserved 1048576K
Event: 560.544 GC heap after
Heap after GC invocations=12 (full 3):
 PSYoungGen      total 469504K, used 2749K [0x000000076ce00000, 0x000000078ff00000, 0x00000007c0000000)
  eden space 449536K, 0% used [0x000000076ce00000,0x000000076ce00000,0x0000000788500000)
  from space 19968K, 13% used [0x0000000788500000,0x00000007887af600,0x0000000789880000)
  to   space 20992K, 0% used [0x000000078ea80000,0x000000078ea80000,0x000000078ff00000)
 ParOldGen       total 220672K, used 39319K [0x00000006c6a00000, 0x00000006d4180000, 0x000000076ce00000)
  object space 220672K, 17% used [0x00000006c6a00000,0x00000006c9065c60,0x00000006d4180000)
 Metaspace       used 59141K, capacity 60450K, committed 60672K, reserved 1101824K
  class space    used 8290K, capacity 8596K, committed 8704K, reserved 1048576K
}

