# JRE version: Java(TM) SE Runtime Environment (8.0_20-b17) (build 1.8.0_20-ea-b17)
# Java VM: Java HotSpot(TM) 64-Bit Server VM (25.20-b17 mixed mode linux-amd64 compressed oops)
Heap:
 PSYoungGen      total 426496K, used 124552K [0x000000076ce00000, 0x0000000789200000, 0x00000007c0000000)
  eden space 410112K, 26% used [0x000000076ce00000,0x00000007737a2e48,0x0000000785e80000)
  from space 16384K, 99% used [0x0000000788200000,0x00000007891ff2c8,0x0000000789200000)
  to   space 19456K, 0% used [0x0000000786c00000,0x0000000786c00000,0x0000000787f00000)
 ParOldGen       total 163840K, used 26946K [0x00000006c6a00000, 0x00000006d0a00000, 0x000000076ce00000)
  object space 163840K, 16% used [0x00000006c6a00000,0x00000006c8450be8,0x00000006d0a00000)
 Metaspace       used 54601K, capacity 55912K, committed 56064K, reserved 1097728K
  class space    used 7602K, capacity 7899K, committed 7936K, reserved 1048576K
GC Heap History (10 events):
Event: 4.605 GC heap before
{Heap before GC invocations=6 (full 1):
 PSYoungGen      total 207872K, used 207408K [0x000000076ce00000, 0x000000077dd00000, 0x00000007c0000000)
  eden space 198656K, 100% used [0x000000076ce00000,0x0000000779000000,0x0000000779000000)
  from space 9216K, 94% used [0x000000077d400000,0x000000077dc8c0a0,0x000000077dd00000)
  to   space 10240K, 0% used [0x000000077c900000,0x000000077c900000,0x000000077d300000)
 ParOldGen       total 107008K, used 12761K [0x00000006c6a00000, 0x00000006cd280000, 0x000000076ce00000)
  object space 107008K, 11% used [0x00000006c6a00000,0x00000006c7676568,0x00000006cd280000)
 Metaspace       used 29114K, capacity 29528K, committed 29824K, reserved 1075200K
  class space    used 3253K, capacity 3389K, committed 3456K, reserved 1048576K
Event: 4.612 GC heap after
Heap after GC invocations=6 (full 1):
 PSYoungGen      total 267264K, used 5950K [0x000000076ce00000, 0x0000000780e00000, 0x00000007c0000000)
  eden space 257024K, 0% used [0x000000076ce00000,0x000000076ce00000,0x000000077c900000)
  from space 10240K, 58% used [0x000000077c900000,0x000000077cecfa90,0x000000077d300000)
  to   space 14848K, 0% used [0x000000077ff80000,0x000000077ff80000,0x0000000780e00000)
 ParOldGen       total 107008K, used 12769K [0x00000006c6a00000, 0x00000006cd280000, 0x000000076ce00000)
  object space 107008K, 11% used [0x00000006c6a00000,0x00000006c7678568,0x00000006cd280000)
 Metaspace       used 29114K, capacity 29528K, committed 29824K, reserved 1075200K
  class space    used 3253K, capacity 3389K, committed 3456K, reserved 1048576K
}
Event: 5.276 GC heap before
{Heap before GC invocations=7 (full 1):
 PSYoungGen      total 267264K, used 91367K [0x000000076ce00000, 0x0000000780e00000, 0x00000007c0000000)
  eden space 257024K, 33% used [0x000000076ce00000,0x000000077216a348,0x000000077c900000)
  from space 10240K, 58% used [0x000000077c900000,0x000000077cecfa90,0x000000077d300000)
  to   space 14848K, 0% used [0x000000077ff80000,0x000000077ff80000,0x0000000780e00000)
 ParOldGen       total 107008K, used 12769K [0x00000006c6a00000, 0x00000006cd280000, 0x000000076ce00000)
  object space 107008K, 11% used [0x00000006c6a00000,0x00000006c7678568,0x00000006cd280000)
 Metaspace       used 34681K, capacity 35082K, committed 35320K, reserved 1079296K
  class space    used 4596K, capacity 4705K, committed 4736K, reserved 1048576K
Event: 5.292 GC heap after
Heap after GC invocations=7 (full 1):
 PSYoungGen      total 311808K, used 13022K [0x000000076ce00000, 0x0000000786980000, 0x00000007c0000000)
  eden space 296960K, 0% used [0x000000076ce00000,0x000000076ce00000,0x000000077f000000)
  from space 14848K, 87% used [0x000000077ff80000,0x0000000780c37ba8,0x0000000780e00000)
  to   space 15872K, 0% used [0x000000077f000000,0x000000077f000000,0x000000077ff80000)
 ParOldGen       total 107008K, used 12777K [0x00000006c6a00000, 0x00000006cd280000, 0x000000076ce00000)
  object space 107008K, 11% used [0x00000006c6a00000,0x00000006c767a568,0x00000006cd280000)
 Metaspace       used 34681K, capacity 35082K, committed 35320K, reserved 1079296K
  class space    used 4596K, capacity 4705K, committed 4736K, reserved 1048576K
}
Event: 5.292 GC heap before
{Heap before GC invocations=8 (full 2):
 PSYoungGen      total 311808K, used 13022K [0x000000076ce00000, 0x0000000786980000, 0x00000007c0000000)
  eden space 296960K, 0% used [0x000000076ce00000,0x000000076ce00000,0x000000077f000000)
  from space 14848K, 87% used [0x000000077ff80000,0x0000000780c37ba8,0x0000000780e00000)
  to   space 15872K, 0% used [0x000000077f000000,0x000000077f000000,0x000000077ff80000)
 ParOldGen       total 107008K, used 12777K [0x00000006c6a00000, 0x00000006cd280000, 0x000000076ce00000)
  object space 107008K, 11% used [0x00000006c6a00000,0x00000006c767a568,0x00000006cd280000)
 Metaspace       used 34681K, capacity 35082K, committed 35320K, reserved 1079296K
  class space    used 4596K, capacity 4705K, committed 4736K, reserved 1048576K
Event: 5.355 GC heap after
Heap after GC invocations=8 (full 2):
 PSYoungGen      total 311808K, used 0K [0x000000076ce00000, 0x0000000786980000, 0x00000007c0000000)
  eden space 296960K, 0% used [0x000000076ce00000,0x000000076ce00000,0x000000077f000000)
  from space 14848K, 0% used [0x000000077ff80000,0x000000077ff80000,0x0000000780e00000)
  to   space 15872K, 0% used [0x000000077f000000,0x000000077f000000,0x000000077ff80000)
 ParOldGen       total 163840K, used 23643K [0x00000006c6a00000, 0x00000006d0a00000, 0x000000076ce00000)
  object space 163840K, 14% used [0x00000006c6a00000,0x00000006c8116d90,0x00000006d0a00000)
 Metaspace       used 34681K, capacity 35082K, committed 35320K, reserved 1079296K
  class space    used 4596K, capacity 4705K, committed 4736K, reserved 1048576K
}
Event: 7.823 GC heap before
{Heap before GC invocations=9 (full 2):
 PSYoungGen      total 311808K, used 296960K [0x000000076ce00000, 0x0000000786980000, 0x00000007c0000000)
  eden space 296960K, 100% used [0x000000076ce00000,0x000000077f000000,0x000000077f000000)
  from space 14848K, 0% used [0x000000077ff80000,0x000000077ff80000,0x0000000780e00000)
  to   space 15872K, 0% used [0x000000077f000000,0x000000077f000000,0x000000077ff80000)
 ParOldGen       total 163840K, used 23643K [0x00000006c6a00000, 0x00000006d0a00000, 0x000000076ce00000)
  object space 163840K, 14% used [0x00000006c6a00000,0x00000006c8116d90,0x00000006d0a00000)
 Metaspace       used 44612K, capacity 45178K, committed 45568K, reserved 1089536K
  class space    used 6281K, capacity 6388K, committed 6400K, reserved 1048576K
Event: 7.838 GC heap after
Heap after GC invocations=9 (full 2):
 PSYoungGen      total 312832K, used 12883K [0x000000076ce00000, 0x0000000789200000, 0x00000007c0000000)
  eden space 296960K, 0% used [0x000000076ce00000,0x000000076ce00000,0x000000077f000000)
  from space 15872K, 81% used [0x000000077f000000,0x000000077fc94ca0,0x000000077ff80000)
  to   space 16384K, 0% used [0x0000000788200000,0x0000000788200000,0x0000000789200000)
 ParOldGen       total 163840K, used 23651K [0x00000006c6a00000, 0x00000006d0a00000, 0x000000076ce00000)
  object space 163840K, 14% used [0x00000006c6a00000,0x00000006c8118d90,0x00000006d0a00000)
 Metaspace       used 44612K, capacity 45178K, committed 45568K, reserved 1089536K
  class space    used 6281K, capacity 6388K, committed 6400K, reserved 1048576K
}
Event: 30.613 GC heap before
{Heap before GC invocations=10 (full 2):
 PSYoungGen      total 312832K, used 309843K [0x000000076ce00000, 0x0000000789200000, 0x00000007c0000000)
  eden space 296960K, 100% used [0x000000076ce00000,0x000000077f000000,0x000000077f000000)
  from space 15872K, 81% used [0x000000077f000000,0x000000077fc94ca0,0x000000077ff80000)
  to   space 16384K, 0% used [0x0000000788200000,0x0000000788200000,0x0000000789200000)
 ParOldGen       total 163840K, used 23651K [0x00000006c6a00000, 0x00000006d0a00000, 0x000000076ce00000)
  object space 163840K, 14% used [0x00000006c6a00000,0x00000006c8118d90,0x00000006d0a00000)
 Metaspace       used 54012K, capacity 55240K, committed 55552K, reserved 1097728K
  class space    used 7574K, capacity 7857K, committed 7936K, reserved 1048576K
Event: 30.630 GC heap after
Heap after GC invocations=10 (full 2):
 PSYoungGen      total 426496K, used 16380K [0x000000076ce00000, 0x0000000789200000, 0x00000007c0000000)
  eden space 410112K, 0% used [0x000000076ce00000,0x000000076ce00000,0x0000000785e80000)
  from space 16384K, 99% used [0x0000000788200000,0x00000007891ff2c8,0x0000000789200000)
  to   space 19456K, 0% used [0x0000000786c00000,0x0000000786c00000,0x0000000787f00000)
 ParOldGen       total 163840K, used 26946K [0x00000006c6a00000, 0x00000006d0a00000, 0x000000076ce00000)
  object space 163840K, 16% used [0x00000006c6a00000,0x00000006c8450be8,0x00000006d0a00000)
 Metaspace       used 54012K, capacity 55240K, committed 55552K, reserved 1097728K
  class space    used 7574K, capacity 7857K, committed 7936K, reserved 1048576K
}

