# JRE version: Java(TM) SE Runtime Environment (8.0_20-b17) (build 1.8.0_20-ea-b17)
# Java VM: Java HotSpot(TM) 64-Bit Server VM (25.20-b17 mixed mode linux-amd64 compressed oops)
Heap:
 PSYoungGen      total 184832K, used 12917K [0x000000076ce00000, 0x000000077e080000, 0x00000007c0000000)
  eden space 183296K, 6% used [0x000000076ce00000,0x000000076d958430,0x0000000778100000)
  from space 1536K, 84% used [0x000000077df00000,0x000000077e045128,0x000000077e080000)
  to   space 10240K, 0% used [0x000000077cc80000,0x000000077cc80000,0x000000077d680000)
 ParOldGen       total 247296K, used 46471K [0x00000006c6a00000, 0x00000006d5b80000, 0x000000076ce00000)
  object space 247296K, 18% used [0x00000006c6a00000,0x00000006c9761d60,0x00000006d5b80000)
 Metaspace       used 60619K, capacity 61974K, committed 62208K, reserved 1103872K
  class space    used 8334K, capacity 8642K, committed 8704K, reserved 1048576K
GC Heap History (10 events):
Event: 7013.479 GC heap before
{Heap before GC invocations=35 (full 3):
 PSYoungGen      total 208384K, used 207924K [0x000000076ce00000, 0x0000000780000000, 0x00000007c0000000)
  eden space 206336K, 100% used [0x000000076ce00000,0x0000000779780000,0x0000000779780000)
  from space 2048K, 77% used [0x000000077e880000,0x000000077ea0d118,0x000000077ea80000)
  to   space 12288K, 0% used [0x000000077f400000,0x000000077f400000,0x0000000780000000)
 ParOldGen       total 247296K, used 46047K [0x00000006c6a00000, 0x00000006d5b80000, 0x000000076ce00000)
  object space 247296K, 18% used [0x00000006c6a00000,0x00000006c96f7d20,0x00000006d5b80000)
 Metaspace       used 60401K, capacity 61638K, committed 61952K, reserved 1101824K
  class space    used 8311K, capacity 8602K, committed 8704K, reserved 1048576K
Event: 7013.483 GC heap after
Heap after GC invocations=35 (full 3):
 PSYoungGen      total 203264K, used 1572K [0x000000076ce00000, 0x000000077f600000, 0x00000007c0000000)
  eden space 201216K, 0% used [0x000000076ce00000,0x000000076ce00000,0x0000000779280000)
  from space 2048K, 76% used [0x000000077f400000,0x000000077f589128,0x000000077f600000)
  to   space 11776K, 0% used [0x000000077df00000,0x000000077df00000,0x000000077ea80000)
 ParOldGen       total 247296K, used 46135K [0x00000006c6a00000, 0x00000006d5b80000, 0x000000076ce00000)
  object space 247296K, 18% used [0x00000006c6a00000,0x00000006c970dd20,0x00000006d5b80000)
 Metaspace       used 60401K, capacity 61638K, committed 61952K, reserved 1101824K
  class space    used 8311K, capacity 8602K, committed 8704K, reserved 1048576K
}
Event: 7340.421 GC heap before
{Heap before GC invocations=36 (full 3):
 PSYoungGen      total 203264K, used 202788K [0x000000076ce00000, 0x000000077f600000, 0x00000007c0000000)
  eden space 201216K, 100% used [0x000000076ce00000,0x0000000779280000,0x0000000779280000)
  from space 2048K, 76% used [0x000000077f400000,0x000000077f589128,0x000000077f600000)
  to   space 11776K, 0% used [0x000000077df00000,0x000000077df00000,0x000000077ea80000)
 ParOldGen       total 247296K, used 46135K [0x00000006c6a00000, 0x00000006d5b80000, 0x000000076ce00000)
  object space 247296K, 18% used [0x00000006c6a00000,0x00000006c970dd20,0x00000006d5b80000)
 Metaspace       used 60418K, capacity 61702K, committed 61952K, reserved 1101824K
  class space    used 8311K, capacity 8602K, committed 8704K, reserved 1048576K
Event: 7340.426 GC heap after
Heap after GC invocations=36 (full 3):
 PSYoungGen      total 198656K, used 1588K [0x000000076ce00000, 0x000000077f480000, 0x00000007c0000000)
  eden space 196608K, 0% used [0x000000076ce00000,0x000000076ce00000,0x0000000778e00000)
  from space 2048K, 77% used [0x000000077df00000,0x000000077e08d128,0x000000077e100000)
  to   space 11776K, 0% used [0x000000077e900000,0x000000077e900000,0x000000077f480000)
 ParOldGen       total 247296K, used 46207K [0x00000006c6a00000, 0x00000006d5b80000, 0x000000076ce00000)
  object space 247296K, 18% used [0x00000006c6a00000,0x00000006c971fd20,0x00000006d5b80000)
 Metaspace       used 60418K, capacity 61702K, committed 61952K, reserved 1101824K
  class space    used 8311K, capacity 8602K, committed 8704K, reserved 1048576K
}
Event: 7658.365 GC heap before
{Heap before GC invocations=37 (full 3):
 PSYoungGen      total 198656K, used 198196K [0x000000076ce00000, 0x000000077f480000, 0x00000007c0000000)
  eden space 196608K, 100% used [0x000000076ce00000,0x0000000778e00000,0x0000000778e00000)
  from space 2048K, 77% used [0x000000077df00000,0x000000077e08d128,0x000000077e100000)
  to   space 11776K, 0% used [0x000000077e900000,0x000000077e900000,0x000000077f480000)
 ParOldGen       total 247296K, used 46207K [0x00000006c6a00000, 0x00000006d5b80000, 0x000000076ce00000)
  object space 247296K, 18% used [0x00000006c6a00000,0x00000006c971fd20,0x00000006d5b80000)
 Metaspace       used 60441K, capacity 61702K, committed 61952K, reserved 1101824K
  class space    used 8311K, capacity 8602K, committed 8704K, reserved 1048576K
Event: 7658.374 GC heap after
Heap after GC invocations=37 (full 3):
 PSYoungGen      total 193536K, used 1364K [0x000000076ce00000, 0x000000077ea80000, 0x00000007c0000000)
  eden space 192000K, 0% used [0x000000076ce00000,0x000000076ce00000,0x0000000778980000)
  from space 1536K, 88% used [0x000000077e900000,0x000000077ea55128,0x000000077ea80000)
  to   space 11264K, 0% used [0x000000077d480000,0x000000077d480000,0x000000077df80000)
 ParOldGen       total 247296K, used 46303K [0x00000006c6a00000, 0x00000006d5b80000, 0x000000076ce00000)
  object space 247296K, 18% used [0x00000006c6a00000,0x00000006c9737d40,0x00000006d5b80000)
 Metaspace       used 60441K, capacity 61702K, committed 61952K, reserved 1101824K
  class space    used 8311K, capacity 8602K, committed 8704K, reserved 1048576K
}
Event: 7967.428 GC heap before
{Heap before GC invocations=38 (full 3):
 PSYoungGen      total 193536K, used 193364K [0x000000076ce00000, 0x000000077ea80000, 0x00000007c0000000)
  eden space 192000K, 100% used [0x000000076ce00000,0x0000000778980000,0x0000000778980000)
  from space 1536K, 88% used [0x000000077e900000,0x000000077ea55128,0x000000077ea80000)
  to   space 11264K, 0% used [0x000000077d480000,0x000000077d480000,0x000000077df80000)
 ParOldGen       total 247296K, used 46303K [0x00000006c6a00000, 0x00000006d5b80000, 0x000000076ce00000)
  object space 247296K, 18% used [0x00000006c6a00000,0x00000006c9737d40,0x00000006d5b80000)
 Metaspace       used 60448K, capacity 61702K, committed 61952K, reserved 1101824K
  class space    used 8311K, capacity 8602K, committed 8704K, reserved 1048576K
Event: 7967.435 GC heap after
Heap after GC invocations=38 (full 3):
 PSYoungGen      total 188928K, used 1396K [0x000000076ce00000, 0x000000077e980000, 0x00000007c0000000)
  eden space 187392K, 0% used [0x000000076ce00000,0x000000076ce00000,0x0000000778500000)
  from space 1536K, 90% used [0x000000077d480000,0x000000077d5dd128,0x000000077d600000)
  to   space 10752K, 0% used [0x000000077df00000,0x000000077df00000,0x000000077e980000)
 ParOldGen       total 247296K, used 46375K [0x00000006c6a00000, 0x00000006d5b80000, 0x000000076ce00000)
  object space 247296K, 18% used [0x00000006c6a00000,0x00000006c9749d40,0x00000006d5b80000)
 Metaspace       used 60448K, capacity 61702K, committed 61952K, reserved 1101824K
  class space    used 8311K, capacity 8602K, committed 8704K, reserved 1048576K
}
Event: 8264.988 GC heap before
{Heap before GC invocations=39 (full 3):
 PSYoungGen      total 188928K, used 188788K [0x000000076ce00000, 0x000000077e980000, 0x00000007c0000000)
  eden space 187392K, 100% used [0x000000076ce00000,0x0000000778500000,0x0000000778500000)
  from space 1536K, 90% used [0x000000077d480000,0x000000077d5dd128,0x000000077d600000)
  to   space 10752K, 0% used [0x000000077df00000,0x000000077df00000,0x000000077e980000)
 ParOldGen       total 247296K, used 46375K [0x00000006c6a00000, 0x00000006d5b80000, 0x000000076ce00000)
  object space 247296K, 18% used [0x00000006c6a00000,0x00000006c9749d40,0x00000006d5b80000)
 Metaspace       used 60454K, capacity 61766K, committed 61952K, reserved 1101824K
  class space    used 8311K, capacity 8602K, committed 8704K, reserved 1048576K
Event: 8265.003 GC heap after
Heap after GC invocations=39 (full 3):
 PSYoungGen      total 184832K, used 1300K [0x000000076ce00000, 0x000000077e080000, 0x00000007c0000000)
  eden space 183296K, 0% used [0x000000076ce00000,0x000000076ce00000,0x0000000778100000)
  from space 1536K, 84% used [0x000000077df00000,0x000000077e045128,0x000000077e080000)
  to   space 10240K, 0% used [0x000000077cc80000,0x000000077cc80000,0x000000077d680000)
 ParOldGen       total 247296K, used 46471K [0x00000006c6a00000, 0x00000006d5b80000, 0x000000076ce00000)
  object space 247296K, 18% used [0x00000006c6a00000,0x00000006c9761d60,0x00000006d5b80000)
 Metaspace       used 60454K, capacity 61766K, committed 61952K, reserved 1101824K
  class space    used 8311K, capacity 8602K, committed 8704K, reserved 1048576K
}

