# JRE version: Java(TM) SE Runtime Environment (8.0_20-b17) (build 1.8.0_20-ea-b17)
# Java VM: Java HotSpot(TM) 64-Bit Server VM (25.20-b17 mixed mode linux-amd64 compressed oops)
Heap:
 PSYoungGen      total 261120K, used 219985K [0x000000076ce00000, 0x0000000780580000, 0x00000007c0000000)
  eden space 241152K, 91% used [0x000000076ce00000,0x000000077a4d4430,0x000000077b980000)
  from space 19968K, 0% used [0x000000077b980000,0x000000077b980000,0x000000077cd00000)
  to   space 20992K, 0% used [0x000000077f100000,0x000000077f100000,0x0000000780580000)
 ParOldGen       total 249856K, used 34704K [0x00000006c6a00000, 0x00000006d5e00000, 0x000000076ce00000)
  object space 249856K, 13% used [0x00000006c6a00000,0x00000006c8be43e0,0x00000006d5e00000)
 Metaspace       used 57929K, capacity 59086K, committed 59336K, reserved 1099776K
  class space    used 8203K, capacity 8486K, committed 8512K, reserved 1048576K
GC Heap History (10 events):
Event: 5.256 GC heap before
{Heap before GC invocations=10 (full 2):
 PSYoungGen      total 156672K, used 141824K [0x000000076ce00000, 0x000000077bd00000, 0x00000007c0000000)
  eden space 141824K, 100% used [0x000000076ce00000,0x0000000775880000,0x0000000775880000)
  from space 14848K, 0% used [0x0000000775880000,0x0000000775880000,0x0000000776700000)
  to   space 16384K, 0% used [0x000000077ad00000,0x000000077ad00000,0x000000077bd00000)
 ParOldGen       total 177664K, used 23760K [0x00000006c6a00000, 0x00000006d1780000, 0x000000076ce00000)
  object space 177664K, 13% used [0x00000006c6a00000,0x00000006c81340c8,0x00000006d1780000)
 Metaspace       used 39143K, capacity 39720K, committed 39872K, reserved 1083392K
  class space    used 5668K, capacity 5809K, committed 5824K, reserved 1048576K
Event: 5.263 GC heap after
Heap after GC invocations=10 (full 2):
 PSYoungGen      total 206336K, used 5606K [0x000000076ce00000, 0x000000077b280000, 0x00000007c0000000)
  eden space 200704K, 0% used [0x000000076ce00000,0x000000076ce00000,0x0000000779200000)
  from space 5632K, 99% used [0x000000077ad00000,0x000000077b279ad8,0x000000077b280000)
  to   space 16384K, 0% used [0x0000000779280000,0x0000000779280000,0x000000077a280000)
 ParOldGen       total 177664K, used 23768K [0x00000006c6a00000, 0x00000006d1780000, 0x000000076ce00000)
  object space 177664K, 13% used [0x00000006c6a00000,0x00000006c81360c8,0x00000006d1780000)
 Metaspace       used 39143K, capacity 39720K, committed 39872K, reserved 1083392K
  class space    used 5668K, capacity 5809K, committed 5824K, reserved 1048576K
}
Event: 7.159 GC heap before
{Heap before GC invocations=11 (full 2):
 PSYoungGen      total 206336K, used 206310K [0x000000076ce00000, 0x000000077b280000, 0x00000007c0000000)
  eden space 200704K, 100% used [0x000000076ce00000,0x0000000779200000,0x0000000779200000)
  from space 5632K, 99% used [0x000000077ad00000,0x000000077b279ad8,0x000000077b280000)
  to   space 16384K, 0% used [0x0000000779280000,0x0000000779280000,0x000000077a280000)
 ParOldGen       total 177664K, used 23768K [0x00000006c6a00000, 0x00000006d1780000, 0x000000076ce00000)
  object space 177664K, 13% used [0x00000006c6a00000,0x00000006c81360c8,0x00000006d1780000)
 Metaspace       used 48207K, capacity 48798K, committed 49088K, reserved 1091584K
  class space    used 6963K, capacity 7098K, committed 7104K, reserved 1048576K
Event: 7.173 GC heap after
Heap after GC invocations=11 (full 2):
 PSYoungGen      total 217600K, used 13269K [0x000000076ce00000, 0x000000077e080000, 0x00000007c0000000)
  eden space 201216K, 0% used [0x000000076ce00000,0x000000076ce00000,0x0000000779280000)
  from space 16384K, 80% used [0x0000000779280000,0x0000000779f754c0,0x000000077a280000)
  to   space 17408K, 0% used [0x000000077cf80000,0x000000077cf80000,0x000000077e080000)
 ParOldGen       total 177664K, used 23776K [0x00000006c6a00000, 0x00000006d1780000, 0x000000076ce00000)
  object space 177664K, 13% used [0x00000006c6a00000,0x00000006c81380c8,0x00000006d1780000)
 Metaspace       used 48207K, capacity 48798K, committed 49088K, reserved 1091584K
  class space    used 6963K, capacity 7098K, committed 7104K, reserved 1048576K
}
Event: 33.005 GC heap before
{Heap before GC invocations=12 (full 2):
 PSYoungGen      total 217600K, used 214485K [0x000000076ce00000, 0x000000077e080000, 0x00000007c0000000)
  eden space 201216K, 100% used [0x000000076ce00000,0x0000000779280000,0x0000000779280000)
  from space 16384K, 80% used [0x0000000779280000,0x0000000779f754c0,0x000000077a280000)
  to   space 17408K, 0% used [0x000000077cf80000,0x000000077cf80000,0x000000077e080000)
 ParOldGen       total 177664K, used 23776K [0x00000006c6a00000, 0x00000006d1780000, 0x000000076ce00000)
  object space 177664K, 13% used [0x00000006c6a00000,0x00000006c81380c8,0x00000006d1780000)
 Metaspace       used 56869K, capacity 58032K, committed 58176K, reserved 1099776K
  class space    used 8152K, capacity 8397K, committed 8512K, reserved 1048576K
Event: 33.025 GC heap after
Heap after GC invocations=12 (full 2):
 PSYoungGen      total 257024K, used 17405K [0x000000076ce00000, 0x000000077e080000, 0x00000007c0000000)
  eden space 239616K, 0% used [0x000000076ce00000,0x000000076ce00000,0x000000077b800000)
  from space 17408K, 99% used [0x000000077cf80000,0x000000077e07f7d8,0x000000077e080000)
  to   space 19968K, 0% used [0x000000077b980000,0x000000077b980000,0x000000077cd00000)
 ParOldGen       total 177664K, used 25937K [0x00000006c6a00000, 0x00000006d1780000, 0x000000076ce00000)
  object space 177664K, 14% used [0x00000006c6a00000,0x00000006c8354730,0x00000006d1780000)
 Metaspace       used 56869K, capacity 58032K, committed 58176K, reserved 1099776K
  class space    used 8152K, capacity 8397K, committed 8512K, reserved 1048576K
}
Event: 98.170 GC heap before
{Heap before GC invocations=13 (full 2):
 PSYoungGen      total 257024K, used 106664K [0x000000076ce00000, 0x000000077e080000, 0x00000007c0000000)
  eden space 239616K, 37% used [0x000000076ce00000,0x000000077252a888,0x000000077b800000)
  from space 17408K, 99% used [0x000000077cf80000,0x000000077e07f7d8,0x000000077e080000)
  to   space 19968K, 0% used [0x000000077b980000,0x000000077b980000,0x000000077cd00000)
 ParOldGen       total 177664K, used 25937K [0x00000006c6a00000, 0x00000006d1780000, 0x000000076ce00000)
  object space 177664K, 14% used [0x00000006c6a00000,0x00000006c8354730,0x00000006d1780000)
 Metaspace       used 57382K, capacity 58490K, committed 58568K, reserved 1099776K
  class space    used 8175K, capacity 8446K, committed 8512K, reserved 1048576K
Event: 98.192 GC heap after
Heap after GC invocations=13 (full 2):
 PSYoungGen      total 261120K, used 15223K [0x000000076ce00000, 0x0000000780580000, 0x00000007c0000000)
  eden space 241152K, 0% used [0x000000076ce00000,0x000000076ce00000,0x000000077b980000)
  from space 19968K, 76% used [0x000000077b980000,0x000000077c85dfe8,0x000000077cd00000)
  to   space 20992K, 0% used [0x000000077f100000,0x000000077f100000,0x0000000780580000)
 ParOldGen       total 177664K, used 25945K [0x00000006c6a00000, 0x00000006d1780000, 0x000000076ce00000)
  object space 177664K, 14% used [0x00000006c6a00000,0x00000006c8356730,0x00000006d1780000)
 Metaspace       used 57382K, capacity 58490K, committed 58568K, reserved 1099776K
  class space    used 8175K, capacity 8446K, committed 8512K, reserved 1048576K
}
Event: 98.192 GC heap before
{Heap before GC invocations=14 (full 3):
 PSYoungGen      total 261120K, used 15223K [0x000000076ce00000, 0x0000000780580000, 0x00000007c0000000)
  eden space 241152K, 0% used [0x000000076ce00000,0x000000076ce00000,0x000000077b980000)
  from space 19968K, 76% used [0x000000077b980000,0x000000077c85dfe8,0x000000077cd00000)
  to   space 20992K, 0% used [0x000000077f100000,0x000000077f100000,0x0000000780580000)
 ParOldGen       total 177664K, used 25945K [0x00000006c6a00000, 0x00000006d1780000, 0x000000076ce00000)
  object space 177664K, 14% used [0x00000006c6a00000,0x00000006c8356730,0x00000006d1780000)
 Metaspace       used 57382K, capacity 58490K, committed 58568K, reserved 1099776K
  class space    used 8175K, capacity 8446K, committed 8512K, reserved 1048576K
Event: 98.387 GC heap after
Heap after GC invocations=14 (full 3):
 PSYoungGen      total 261120K, used 0K [0x000000076ce00000, 0x0000000780580000, 0x00000007c0000000)
  eden space 241152K, 0% used [0x000000076ce00000,0x000000076ce00000,0x000000077b980000)
  from space 19968K, 0% used [0x000000077b980000,0x000000077b980000,0x000000077cd00000)
  to   space 20992K, 0% used [0x000000077f100000,0x000000077f100000,0x0000000780580000)
 ParOldGen       total 249856K, used 34704K [0x00000006c6a00000, 0x00000006d5e00000, 0x000000076ce00000)
  object space 249856K, 13% used [0x00000006c6a00000,0x00000006c8be43e0,0x00000006d5e00000)
 Metaspace       used 57322K, capacity 58406K, committed 58568K, reserved 1099776K
  class space    used 8173K, capacity 8442K, committed 8512K, reserved 1048576K
}

