# JRE version: Java(TM) SE Runtime Environment (8.0_20-b17) (build 1.8.0_20-ea-b17)
# Java VM: Java HotSpot(TM) 64-Bit Server VM (25.20-b17 mixed mode linux-amd64 compressed oops)
Heap:
 PSYoungGen      total 217600K, used 168131K [0x000000076ce00000, 0x000000077d680000, 0x00000007c0000000)
  eden space 200704K, 75% used [0x000000076ce00000,0x0000000776221db8,0x0000000779200000)
  from space 16896K, 97% used [0x0000000779200000,0x000000077a20f030,0x000000077a280000)
  to   space 18432K, 0% used [0x000000077c480000,0x000000077c480000,0x000000077d680000)
 ParOldGen       total 181248K, used 21325K [0x00000006c6a00000, 0x00000006d1b00000, 0x000000076ce00000)
  object space 181248K, 11% used [0x00000006c6a00000,0x00000006c7ed35b8,0x00000006d1b00000)
 Metaspace       used 54656K, capacity 55926K, committed 56064K, reserved 1097728K
  class space    used 7587K, capacity 7864K, committed 7936K, reserved 1048576K
GC Heap History (10 events):
Event: 5.017 GC heap before
{Heap before GC invocations=9 (full 1):
 PSYoungGen      total 133120K, used 29479K [0x000000076ce00000, 0x0000000778b80000, 0x00000007c0000000)
  eden space 118272K, 15% used [0x000000076ce00000,0x000000076dfecaa0,0x0000000774180000)
  from space 14848K, 74% used [0x0000000774180000,0x0000000774c5d238,0x0000000775000000)
  to   space 15360K, 0% used [0x0000000777c80000,0x0000000777c80000,0x0000000778b80000)
 ParOldGen       total 118272K, used 12802K [0x00000006c6a00000, 0x00000006cdd80000, 0x000000076ce00000)
  object space 118272K, 10% used [0x00000006c6a00000,0x00000006c7680b38,0x00000006cdd80000)
 Metaspace       used 34717K, capacity 35114K, committed 35320K, reserved 1079296K
  class space    used 4560K, capacity 4673K, committed 4736K, reserved 1048576K
Event: 5.027 GC heap after
Heap after GC invocations=9 (full 1):
 PSYoungGen      total 178688K, used 10712K [0x000000076ce00000, 0x0000000779200000, 0x00000007c0000000)
  eden space 163328K, 0% used [0x000000076ce00000,0x000000076ce00000,0x0000000776d80000)
  from space 15360K, 69% used [0x0000000777c80000,0x00000007786f6230,0x0000000778b80000)
  to   space 15360K, 0% used [0x0000000776d80000,0x0000000776d80000,0x0000000777c80000)
 ParOldGen       total 118272K, used 12810K [0x00000006c6a00000, 0x00000006cdd80000, 0x000000076ce00000)
  object space 118272K, 10% used [0x00000006c6a00000,0x00000006c7682b38,0x00000006cdd80000)
 Metaspace       used 34717K, capacity 35114K, committed 35320K, reserved 1079296K
  class space    used 4560K, capacity 4673K, committed 4736K, reserved 1048576K
}
Event: 5.027 GC heap before
{Heap before GC invocations=10 (full 2):
 PSYoungGen      total 178688K, used 10712K [0x000000076ce00000, 0x0000000779200000, 0x00000007c0000000)
  eden space 163328K, 0% used [0x000000076ce00000,0x000000076ce00000,0x0000000776d80000)
  from space 15360K, 69% used [0x0000000777c80000,0x00000007786f6230,0x0000000778b80000)
  to   space 15360K, 0% used [0x0000000776d80000,0x0000000776d80000,0x0000000777c80000)
 ParOldGen       total 118272K, used 12810K [0x00000006c6a00000, 0x00000006cdd80000, 0x000000076ce00000)
  object space 118272K, 10% used [0x00000006c6a00000,0x00000006c7682b38,0x00000006cdd80000)
 Metaspace       used 34717K, capacity 35114K, committed 35320K, reserved 1079296K
  class space    used 4560K, capacity 4673K, committed 4736K, reserved 1048576K
Event: 5.104 GC heap after
Heap after GC invocations=10 (full 2):
 PSYoungGen      total 178688K, used 0K [0x000000076ce00000, 0x0000000779200000, 0x00000007c0000000)
  eden space 163328K, 0% used [0x000000076ce00000,0x000000076ce00000,0x0000000776d80000)
  from space 15360K, 0% used [0x0000000777c80000,0x0000000777c80000,0x0000000778b80000)
  to   space 15360K, 0% used [0x0000000776d80000,0x0000000776d80000,0x0000000777c80000)
 ParOldGen       total 181248K, used 21301K [0x00000006c6a00000, 0x00000006d1b00000, 0x000000076ce00000)
  object space 181248K, 11% used [0x00000006c6a00000,0x00000006c7ecd5b8,0x00000006d1b00000)
 Metaspace       used 34717K, capacity 35114K, committed 35320K, reserved 1079296K
  class space    used 4560K, capacity 4673K, committed 4736K, reserved 1048576K
}
Event: 6.104 GC heap before
{Heap before GC invocations=11 (full 2):
 PSYoungGen      total 178688K, used 163328K [0x000000076ce00000, 0x0000000779200000, 0x00000007c0000000)
  eden space 163328K, 100% used [0x000000076ce00000,0x0000000776d80000,0x0000000776d80000)
  from space 15360K, 0% used [0x0000000777c80000,0x0000000777c80000,0x0000000778b80000)
  to   space 15360K, 0% used [0x0000000776d80000,0x0000000776d80000,0x0000000777c80000)
 ParOldGen       total 181248K, used 21301K [0x00000006c6a00000, 0x00000006d1b00000, 0x000000076ce00000)
  object space 181248K, 11% used [0x00000006c6a00000,0x00000006c7ecd5b8,0x00000006d1b00000)
 Metaspace       used 39694K, capacity 40206K, committed 40448K, reserved 1083392K
  class space    used 5729K, capacity 5842K, committed 5888K, reserved 1048576K
Event: 6.111 GC heap after
Heap after GC invocations=11 (full 2):
 PSYoungGen      total 178688K, used 6247K [0x000000076ce00000, 0x000000077b380000, 0x00000007c0000000)
  eden space 163328K, 0% used [0x000000076ce00000,0x000000076ce00000,0x0000000776d80000)
  from space 15360K, 40% used [0x0000000776d80000,0x0000000777399e38,0x0000000777c80000)
  to   space 15360K, 0% used [0x000000077a480000,0x000000077a480000,0x000000077b380000)
 ParOldGen       total 181248K, used 21309K [0x00000006c6a00000, 0x00000006d1b00000, 0x000000076ce00000)
  object space 181248K, 11% used [0x00000006c6a00000,0x00000006c7ecf5b8,0x00000006d1b00000)
 Metaspace       used 39694K, capacity 40206K, committed 40448K, reserved 1083392K
  class space    used 5729K, capacity 5842K, committed 5888K, reserved 1048576K
}
Event: 10.773 GC heap before
{Heap before GC invocations=12 (full 2):
 PSYoungGen      total 178688K, used 169575K [0x000000076ce00000, 0x000000077b380000, 0x00000007c0000000)
  eden space 163328K, 100% used [0x000000076ce00000,0x0000000776d80000,0x0000000776d80000)
  from space 15360K, 40% used [0x0000000776d80000,0x0000000777399e38,0x0000000777c80000)
  to   space 15360K, 0% used [0x000000077a480000,0x000000077a480000,0x000000077b380000)
 ParOldGen       total 181248K, used 21309K [0x00000006c6a00000, 0x00000006d1b00000, 0x000000076ce00000)
  object space 181248K, 11% used [0x00000006c6a00000,0x00000006c7ecf5b8,0x00000006d1b00000)
 Metaspace       used 48553K, capacity 49172K, committed 49536K, reserved 1091584K
  class space    used 6773K, capacity 6915K, committed 7040K, reserved 1048576K
Event: 10.786 GC heap after
Heap after GC invocations=12 (full 2):
 PSYoungGen      total 212992K, used 14708K [0x000000076ce00000, 0x000000077b300000, 0x00000007c0000000)
  eden space 198144K, 0% used [0x000000076ce00000,0x000000076ce00000,0x0000000778f80000)
  from space 14848K, 99% used [0x000000077a480000,0x000000077b2dd100,0x000000077b300000)
  to   space 16896K, 0% used [0x0000000779200000,0x0000000779200000,0x000000077a280000)
 ParOldGen       total 181248K, used 21317K [0x00000006c6a00000, 0x00000006d1b00000, 0x000000076ce00000)
  object space 181248K, 11% used [0x00000006c6a00000,0x00000006c7ed15b8,0x00000006d1b00000)
 Metaspace       used 48553K, capacity 49172K, committed 49536K, reserved 1091584K
  class space    used 6773K, capacity 6915K, committed 7040K, reserved 1048576K
}
Event: 24.738 GC heap before
{Heap before GC invocations=13 (full 2):
 PSYoungGen      total 212992K, used 212852K [0x000000076ce00000, 0x000000077b300000, 0x00000007c0000000)
  eden space 198144K, 100% used [0x000000076ce00000,0x0000000778f80000,0x0000000778f80000)
  from space 14848K, 99% used [0x000000077a480000,0x000000077b2dd100,0x000000077b300000)
  to   space 16896K, 0% used [0x0000000779200000,0x0000000779200000,0x000000077a280000)
 ParOldGen       total 181248K, used 21317K [0x00000006c6a00000, 0x00000006d1b00000, 0x000000076ce00000)
  object space 181248K, 11% used [0x00000006c6a00000,0x00000006c7ed15b8,0x00000006d1b00000)
 Metaspace       used 53539K, capacity 54744K, committed 54912K, reserved 1095680K
  class space    used 7518K, capacity 7801K, committed 7808K, reserved 1048576K
Event: 24.760 GC heap after
Heap after GC invocations=13 (full 2):
 PSYoungGen      total 217600K, used 16444K [0x000000076ce00000, 0x000000077d680000, 0x00000007c0000000)
  eden space 200704K, 0% used [0x000000076ce00000,0x000000076ce00000,0x0000000779200000)
  from space 16896K, 97% used [0x0000000779200000,0x000000077a20f030,0x000000077a280000)
  to   space 18432K, 0% used [0x000000077c480000,0x000000077c480000,0x000000077d680000)
 ParOldGen       total 181248K, used 21325K [0x00000006c6a00000, 0x00000006d1b00000, 0x000000076ce00000)
  object space 181248K, 11% used [0x00000006c6a00000,0x00000006c7ed35b8,0x00000006d1b00000)
 Metaspace       used 53539K, capacity 54744K, committed 54912K, reserved 1095680K
  class space    used 7518K, capacity 7801K, committed 7808K, reserved 1048576K
}

