# JRE version: Java(TM) SE Runtime Environment (8.0_20-b17) (build 1.8.0_20-ea-b17)
# Java VM: Java HotSpot(TM) 64-Bit Server VM (25.20-b17 mixed mode linux-amd64 compressed oops)
Heap:
 PSYoungGen      total 483840K, used 23442K [0x000000076ce00000, 0x0000000790a00000, 0x00000007c0000000)
  eden space 462848K, 3% used [0x000000076ce00000,0x000000076de8a9b0,0x0000000789200000)
  from space 20992K, 30% used [0x0000000789200000,0x000000078985a0e8,0x000000078a680000)
  to   space 20992K, 0% used [0x000000078f580000,0x000000078f580000,0x0000000790a00000)
 ParOldGen       total 235008K, used 34822K [0x00000006c6a00000, 0x00000006d4f80000, 0x000000076ce00000)
  object space 235008K, 14% used [0x00000006c6a00000,0x00000006c8c01820,0x00000006d4f80000)
 Metaspace       used 60295K, capacity 62020K, committed 62336K, reserved 1101824K
  class space    used 8606K, capacity 8976K, committed 9088K, reserved 1048576K
GC Heap History (10 events):
Event: 33.547 GC heap before
{Heap before GC invocations=10 (full 2):
 PSYoungGen      total 301056K, used 295860K [0x000000076ce00000, 0x0000000787100000, 0x00000007c0000000)
  eden space 285184K, 100% used [0x000000076ce00000,0x000000077e480000,0x000000077e480000)
  from space 15872K, 67% used [0x000000077e480000,0x000000077eeed1b0,0x000000077f400000)
  to   space 14848K, 0% used [0x0000000786280000,0x0000000786280000,0x0000000787100000)
 ParOldGen       total 171008K, used 23596K [0x00000006c6a00000, 0x00000006d1100000, 0x000000076ce00000)
  object space 171008K, 13% used [0x00000006c6a00000,0x00000006c810b198,0x00000006d1100000)
 Metaspace       used 57016K, capacity 58196K, committed 58496K, reserved 1099776K
  class space    used 8198K, capacity 8467K, committed 8576K, reserved 1048576K
Event: 33.566 GC heap after
Heap after GC invocations=10 (full 2):
 PSYoungGen      total 396288K, used 14827K [0x000000076ce00000, 0x0000000787100000, 0x00000007c0000000)
  eden space 381440K, 0% used [0x000000076ce00000,0x000000076ce00000,0x0000000784280000)
  from space 14848K, 99% used [0x0000000786280000,0x00000007870fac50,0x0000000787100000)
  to   space 19456K, 0% used [0x0000000784b00000,0x0000000784b00000,0x0000000785e00000)
 ParOldGen       total 171008K, used 30853K [0x00000006c6a00000, 0x00000006d1100000, 0x000000076ce00000)
  object space 171008K, 18% used [0x00000006c6a00000,0x00000006c8821778,0x00000006d1100000)
 Metaspace       used 57016K, capacity 58196K, committed 58496K, reserved 1099776K
  class space    used 8198K, capacity 8467K, committed 8576K, reserved 1048576K
}
Event: 34.722 GC heap before
{Heap before GC invocations=11 (full 2):
 PSYoungGen      total 396288K, used 47871K [0x000000076ce00000, 0x0000000787100000, 0x00000007c0000000)
  eden space 381440K, 8% used [0x000000076ce00000,0x000000076ee45018,0x0000000784280000)
  from space 14848K, 99% used [0x0000000786280000,0x00000007870fac50,0x0000000787100000)
  to   space 19456K, 0% used [0x0000000784b00000,0x0000000784b00000,0x0000000785e00000)
 ParOldGen       total 171008K, used 30853K [0x00000006c6a00000, 0x00000006d1100000, 0x000000076ce00000)
  object space 171008K, 18% used [0x00000006c6a00000,0x00000006c8821778,0x00000006d1100000)
 Metaspace       used 57215K, capacity 58398K, committed 58496K, reserved 1099776K
  class space    used 8211K, capacity 8490K, committed 8576K, reserved 1048576K
Event: 34.739 GC heap after
Heap after GC invocations=11 (full 2):
 PSYoungGen      total 409600K, used 15001K [0x000000076ce00000, 0x000000078ba00000, 0x00000007c0000000)
  eden space 390144K, 0% used [0x000000076ce00000,0x000000076ce00000,0x0000000784b00000)
  from space 19456K, 77% used [0x0000000784b00000,0x00000007859a66e0,0x0000000785e00000)
  to   space 19968K, 0% used [0x000000078a680000,0x000000078a680000,0x000000078ba00000)
 ParOldGen       total 171008K, used 30861K [0x00000006c6a00000, 0x00000006d1100000, 0x000000076ce00000)
  object space 171008K, 18% used [0x00000006c6a00000,0x00000006c8823778,0x00000006d1100000)
 Metaspace       used 57215K, capacity 58398K, committed 58496K, reserved 1099776K
  class space    used 8211K, capacity 8490K, committed 8576K, reserved 1048576K
}
Event: 34.739 GC heap before
{Heap before GC invocations=12 (full 3):
 PSYoungGen      total 409600K, used 15001K [0x000000076ce00000, 0x000000078ba00000, 0x00000007c0000000)
  eden space 390144K, 0% used [0x000000076ce00000,0x000000076ce00000,0x0000000784b00000)
  from space 19456K, 77% used [0x0000000784b00000,0x00000007859a66e0,0x0000000785e00000)
  to   space 19968K, 0% used [0x000000078a680000,0x000000078a680000,0x000000078ba00000)
 ParOldGen       total 171008K, used 30861K [0x00000006c6a00000, 0x00000006d1100000, 0x000000076ce00000)
  object space 171008K, 18% used [0x00000006c6a00000,0x00000006c8823778,0x00000006d1100000)
 Metaspace       used 57215K, capacity 58398K, committed 58496K, reserved 1099776K
  class space    used 8211K, capacity 8490K, committed 8576K, reserved 1048576K
Event: 34.917 GC heap after
Heap after GC invocations=12 (full 3):
 PSYoungGen      total 409600K, used 0K [0x000000076ce00000, 0x000000078ba00000, 0x00000007c0000000)
  eden space 390144K, 0% used [0x000000076ce00000,0x000000076ce00000,0x0000000784b00000)
  from space 19456K, 0% used [0x0000000784b00000,0x0000000784b00000,0x0000000785e00000)
  to   space 19968K, 0% used [0x000000078a680000,0x000000078a680000,0x000000078ba00000)
 ParOldGen       total 235008K, used 34806K [0x00000006c6a00000, 0x00000006d4f80000, 0x000000076ce00000)
  object space 235008K, 14% used [0x00000006c6a00000,0x00000006c8bfd820,0x00000006d4f80000)
 Metaspace       used 57205K, capacity 58384K, committed 58496K, reserved 1099776K
  class space    used 8211K, capacity 8488K, committed 8576K, reserved 1048576K
}
Event: 193.726 GC heap before
{Heap before GC invocations=13 (full 3):
 PSYoungGen      total 409600K, used 390144K [0x000000076ce00000, 0x000000078ba00000, 0x00000007c0000000)
  eden space 390144K, 100% used [0x000000076ce00000,0x0000000784b00000,0x0000000784b00000)
  from space 19456K, 0% used [0x0000000784b00000,0x0000000784b00000,0x0000000785e00000)
  to   space 19968K, 0% used [0x000000078a680000,0x000000078a680000,0x000000078ba00000)
 ParOldGen       total 235008K, used 34806K [0x00000006c6a00000, 0x00000006d4f80000, 0x000000076ce00000)
  object space 235008K, 14% used [0x00000006c6a00000,0x00000006c8bfd820,0x00000006d4f80000)
 Metaspace       used 58731K, capacity 60150K, committed 60288K, reserved 1101824K
  class space    used 8383K, capacity 8707K, committed 8832K, reserved 1048576K
Event: 193.733 GC heap after
Heap after GC invocations=13 (full 3):
 PSYoungGen      total 482816K, used 2628K [0x000000076ce00000, 0x000000078c500000, 0x00000007c0000000)
  eden space 462848K, 0% used [0x000000076ce00000,0x000000076ce00000,0x0000000789200000)
  from space 19968K, 13% used [0x000000078a680000,0x000000078a911388,0x000000078ba00000)
  to   space 20992K, 0% used [0x0000000789200000,0x0000000789200000,0x000000078a680000)
 ParOldGen       total 235008K, used 34814K [0x00000006c6a00000, 0x00000006d4f80000, 0x000000076ce00000)
  object space 235008K, 14% used [0x00000006c6a00000,0x00000006c8bff820,0x00000006d4f80000)
 Metaspace       used 58731K, capacity 60150K, committed 60288K, reserved 1101824K
  class space    used 8383K, capacity 8707K, committed 8832K, reserved 1048576K
}
Event: 285.757 GC heap before
{Heap before GC invocations=14 (full 3):
 PSYoungGen      total 482816K, used 465476K [0x000000076ce00000, 0x000000078c500000, 0x00000007c0000000)
  eden space 462848K, 100% used [0x000000076ce00000,0x0000000789200000,0x0000000789200000)
  from space 19968K, 13% used [0x000000078a680000,0x000000078a911388,0x000000078ba00000)
  to   space 20992K, 0% used [0x0000000789200000,0x0000000789200000,0x000000078a680000)
 ParOldGen       total 235008K, used 34814K [0x00000006c6a00000, 0x00000006d4f80000, 0x000000076ce00000)
  object space 235008K, 14% used [0x00000006c6a00000,0x00000006c8bff820,0x00000006d4f80000)
 Metaspace       used 60185K, capacity 61932K, committed 62080K, reserved 1101824K
  class space    used 8593K, capacity 8972K, committed 9088K, reserved 1048576K
Event: 285.764 GC heap after
Heap after GC invocations=14 (full 3):
 PSYoungGen      total 483840K, used 6504K [0x000000076ce00000, 0x0000000790a00000, 0x00000007c0000000)
  eden space 462848K, 0% used [0x000000076ce00000,0x000000076ce00000,0x0000000789200000)
  from space 20992K, 30% used [0x0000000789200000,0x000000078985a0e8,0x000000078a680000)
  to   space 20992K, 0% used [0x000000078f580000,0x000000078f580000,0x0000000790a00000)
 ParOldGen       total 235008K, used 34822K [0x00000006c6a00000, 0x00000006d4f80000, 0x000000076ce00000)
  object space 235008K, 14% used [0x00000006c6a00000,0x00000006c8c01820,0x00000006d4f80000)
 Metaspace       used 60185K, capacity 61932K, committed 62080K, reserved 1101824K
  class space    used 8593K, capacity 8972K, committed 9088K, reserved 1048576K
}

