# JRE version: Java(TM) SE Runtime Environment (8.0_20-b17) (build 1.8.0_20-ea-b17)
# Java VM: Java HotSpot(TM) 64-Bit Server VM (25.20-b17 mixed mode linux-amd64 compressed oops)
Heap:
 PSYoungGen      total 264704K, used 83027K [0x000000076ce00000, 0x0000000780000000, 0x00000007c0000000)
  eden space 249344K, 27% used [0x000000076ce00000,0x0000000771021630,0x000000077c180000)
  from space 15360K, 99% used [0x000000077e580000,0x000000077f4737b0,0x000000077f480000)
  to   space 11776K, 0% used [0x000000077f480000,0x000000077f480000,0x0000000780000000)
 ParOldGen       total 172544K, used 23749K [0x00000006c6a00000, 0x00000006d1280000, 0x000000076ce00000)
  object space 172544K, 13% used [0x00000006c6a00000,0x00000006c81317d0,0x00000006d1280000)
 Metaspace       used 56487K, capacity 58080K, committed 58368K, reserved 1099776K
  class space    used 7807K, capacity 8165K, committed 8192K, reserved 1048576K
GC Heap History (10 events):
Event: 52.294 GC heap before
{Heap before GC invocations=13 (full 2):
 PSYoungGen      total 250368K, used 250309K [0x000000076ce00000, 0x000000077d900000, 0x00000007c0000000)
  eden space 235520K, 100% used [0x000000076ce00000,0x000000077b400000,0x000000077b400000)
  from space 14848K, 99% used [0x000000077ca80000,0x000000077d8f1750,0x000000077d900000)
  to   space 18432K, 0% used [0x000000077b500000,0x000000077b500000,0x000000077c700000)
 ParOldGen       total 172544K, used 23709K [0x00000006c6a00000, 0x00000006d1280000, 0x000000076ce00000)
  object space 172544K, 13% used [0x00000006c6a00000,0x00000006c81277d0,0x00000006d1280000)
 Metaspace       used 54397K, capacity 55628K, committed 55936K, reserved 1097728K
  class space    used 7685K, capacity 7991K, committed 8064K, reserved 1048576K
Event: 52.309 GC heap after
Heap after GC invocations=13 (full 2):
 PSYoungGen      total 254976K, used 14455K [0x000000076ce00000, 0x000000077fb80000, 0x00000007c0000000)
  eden space 236544K, 0% used [0x000000076ce00000,0x000000076ce00000,0x000000077b500000)
  from space 18432K, 78% used [0x000000077b500000,0x000000077c31dc18,0x000000077c700000)
  to   space 18944K, 0% used [0x000000077e900000,0x000000077e900000,0x000000077fb80000)
 ParOldGen       total 172544K, used 23717K [0x00000006c6a00000, 0x00000006d1280000, 0x000000076ce00000)
  object space 172544K, 13% used [0x00000006c6a00000,0x00000006c81297d0,0x00000006d1280000)
 Metaspace       used 54397K, capacity 55628K, committed 55936K, reserved 1097728K
  class space    used 7685K, capacity 7991K, committed 8064K, reserved 1048576K
}
Event: 73.355 GC heap before
{Heap before GC invocations=14 (full 2):
 PSYoungGen      total 254976K, used 250999K [0x000000076ce00000, 0x000000077fb80000, 0x00000007c0000000)
  eden space 236544K, 100% used [0x000000076ce00000,0x000000077b500000,0x000000077b500000)
  from space 18432K, 78% used [0x000000077b500000,0x000000077c31dc18,0x000000077c700000)
  to   space 18944K, 0% used [0x000000077e900000,0x000000077e900000,0x000000077fb80000)
 ParOldGen       total 172544K, used 23717K [0x00000006c6a00000, 0x00000006d1280000, 0x000000076ce00000)
  object space 172544K, 13% used [0x00000006c6a00000,0x00000006c81297d0,0x00000006d1280000)
 Metaspace       used 55106K, capacity 56570K, committed 56832K, reserved 1097728K
  class space    used 7740K, capacity 8084K, committed 8192K, reserved 1048576K
Event: 73.372 GC heap after
Heap after GC invocations=14 (full 2):
 PSYoungGen      total 281600K, used 14746K [0x000000076ce00000, 0x000000077f880000, 0x00000007c0000000)
  eden space 265728K, 0% used [0x000000076ce00000,0x000000076ce00000,0x000000077d180000)
  from space 15872K, 92% used [0x000000077e900000,0x000000077f766b50,0x000000077f880000)
  to   space 19968K, 0% used [0x000000077d180000,0x000000077d180000,0x000000077e500000)
 ParOldGen       total 172544K, used 23725K [0x00000006c6a00000, 0x00000006d1280000, 0x000000076ce00000)
  object space 172544K, 13% used [0x00000006c6a00000,0x00000006c812b7d0,0x00000006d1280000)
 Metaspace       used 55106K, capacity 56570K, committed 56832K, reserved 1097728K
  class space    used 7740K, capacity 8084K, committed 8192K, reserved 1048576K
}
Event: 97.358 GC heap before
{Heap before GC invocations=15 (full 2):
 PSYoungGen      total 281600K, used 280474K [0x000000076ce00000, 0x000000077f880000, 0x00000007c0000000)
  eden space 265728K, 100% used [0x000000076ce00000,0x000000077d180000,0x000000077d180000)
  from space 15872K, 92% used [0x000000077e900000,0x000000077f766b50,0x000000077f880000)
  to   space 19968K, 0% used [0x000000077d180000,0x000000077d180000,0x000000077e500000)
 ParOldGen       total 172544K, used 23725K [0x00000006c6a00000, 0x00000006d1280000, 0x000000076ce00000)
  object space 172544K, 13% used [0x00000006c6a00000,0x00000006c812b7d0,0x00000006d1280000)
 Metaspace       used 55276K, capacity 56826K, committed 57088K, reserved 1097728K
  class space    used 7741K, capacity 8084K, committed 8192K, reserved 1048576K
Event: 97.373 GC heap after
Heap after GC invocations=15 (full 2):
 PSYoungGen      total 285696K, used 14794K [0x000000076ce00000, 0x0000000781380000, 0x00000007c0000000)
  eden space 265728K, 0% used [0x000000076ce00000,0x000000076ce00000,0x000000077d180000)
  from space 19968K, 74% used [0x000000077d180000,0x000000077dff2ba0,0x000000077e500000)
  to   space 20480K, 0% used [0x000000077ff80000,0x000000077ff80000,0x0000000781380000)
 ParOldGen       total 172544K, used 23733K [0x00000006c6a00000, 0x00000006d1280000, 0x000000076ce00000)
  object space 172544K, 13% used [0x00000006c6a00000,0x00000006c812d7d0,0x00000006d1280000)
 Metaspace       used 55276K, capacity 56826K, committed 57088K, reserved 1097728K
  class space    used 7741K, capacity 8084K, committed 8192K, reserved 1048576K
}
Event: 122.223 GC heap before
{Heap before GC invocations=16 (full 2):
 PSYoungGen      total 285696K, used 280522K [0x000000076ce00000, 0x0000000781380000, 0x00000007c0000000)
  eden space 265728K, 100% used [0x000000076ce00000,0x000000077d180000,0x000000077d180000)
  from space 19968K, 74% used [0x000000077d180000,0x000000077dff2ba0,0x000000077e500000)
  to   space 20480K, 0% used [0x000000077ff80000,0x000000077ff80000,0x0000000781380000)
 ParOldGen       total 172544K, used 23733K [0x00000006c6a00000, 0x00000006d1280000, 0x000000076ce00000)
  object space 172544K, 13% used [0x00000006c6a00000,0x00000006c812d7d0,0x00000006d1280000)
 Metaspace       used 55484K, capacity 57024K, committed 57344K, reserved 1097728K
  class space    used 7742K, capacity 8085K, committed 8192K, reserved 1048576K
Event: 122.239 GC heap after
Heap after GC invocations=16 (full 2):
 PSYoungGen      total 272896K, used 15160K [0x000000076ce00000, 0x0000000780e80000, 0x00000007c0000000)
  eden space 257536K, 0% used [0x000000076ce00000,0x000000076ce00000,0x000000077c980000)
  from space 15360K, 98% used [0x000000077ff80000,0x0000000780e4e0c0,0x0000000780e80000)
  to   space 20992K, 0% used [0x000000077e580000,0x000000077e580000,0x000000077fa00000)
 ParOldGen       total 172544K, used 23741K [0x00000006c6a00000, 0x00000006d1280000, 0x000000076ce00000)
  object space 172544K, 13% used [0x00000006c6a00000,0x00000006c812f7d0,0x00000006d1280000)
 Metaspace       used 55484K, capacity 57024K, committed 57344K, reserved 1097728K
  class space    used 7742K, capacity 8085K, committed 8192K, reserved 1048576K
}
Event: 227.525 GC heap before
{Heap before GC invocations=17 (full 2):
 PSYoungGen      total 272896K, used 272696K [0x000000076ce00000, 0x0000000780e80000, 0x00000007c0000000)
  eden space 257536K, 100% used [0x000000076ce00000,0x000000077c980000,0x000000077c980000)
  from space 15360K, 98% used [0x000000077ff80000,0x0000000780e4e0c0,0x0000000780e80000)
  to   space 20992K, 0% used [0x000000077e580000,0x000000077e580000,0x000000077fa00000)
 ParOldGen       total 172544K, used 23741K [0x00000006c6a00000, 0x00000006d1280000, 0x000000076ce00000)
  object space 172544K, 13% used [0x00000006c6a00000,0x00000006c812f7d0,0x00000006d1280000)
 Metaspace       used 55971K, capacity 57474K, committed 57856K, reserved 1099776K
  class space    used 7767K, capacity 8096K, committed 8192K, reserved 1048576K
Event: 227.546 GC heap after
Heap after GC invocations=17 (full 2):
 PSYoungGen      total 264704K, used 15309K [0x000000076ce00000, 0x0000000780000000, 0x00000007c0000000)
  eden space 249344K, 0% used [0x000000076ce00000,0x000000076ce00000,0x000000077c180000)
  from space 15360K, 99% used [0x000000077e580000,0x000000077f4737b0,0x000000077f480000)
  to   space 11776K, 0% used [0x000000077f480000,0x000000077f480000,0x0000000780000000)
 ParOldGen       total 172544K, used 23749K [0x00000006c6a00000, 0x00000006d1280000, 0x000000076ce00000)
  object space 172544K, 13% used [0x00000006c6a00000,0x00000006c81317d0,0x00000006d1280000)
 Metaspace       used 55971K, capacity 57474K, committed 57856K, reserved 1099776K
  class space    used 7767K, capacity 8096K, committed 8192K, reserved 1048576K
}

