# JRE version: Java(TM) SE Runtime Environment (8.0_20-b17) (build 1.8.0_20-ea-b17)
# Java VM: Java HotSpot(TM) 64-Bit Server VM (25.20-b17 mixed mode linux-amd64 compressed oops)
Heap:
 PSYoungGen      total 325120K, used 71310K [0x000000076ce00000, 0x0000000782800000, 0x00000007c0000000)
  eden space 309760K, 18% used [0x000000076ce00000,0x0000000770500948,0x000000077fc80000)
  from space 15360K, 97% used [0x0000000781900000,0x00000007827a30a0,0x0000000782800000)
  to   space 17408K, 0% used [0x0000000780600000,0x0000000780600000,0x0000000781700000)
 ParOldGen       total 200192K, used 23602K [0x00000006c6a00000, 0x00000006d2d80000, 0x000000076ce00000)
  object space 200192K, 11% used [0x00000006c6a00000,0x00000006c810c8a8,0x00000006d2d80000)
 Metaspace       used 50752K, capacity 51868K, committed 52096K, reserved 1093632K
  class space    used 7218K, capacity 7471K, committed 7552K, reserved 1048576K
GC Heap History (10 events):
Event: 4.216 GC heap before
{Heap before GC invocations=6 (full 1):
 PSYoungGen      total 184832K, used 184612K [0x000000076ce00000, 0x000000077dd00000, 0x00000007c0000000)
  eden space 175616K, 100% used [0x000000076ce00000,0x0000000777980000,0x0000000777980000)
  from space 9216K, 97% used [0x000000077d400000,0x000000077dcc91d0,0x000000077dd00000)
  to   space 10240K, 0% used [0x000000077c900000,0x000000077c900000,0x000000077d300000)
 ParOldGen       total 118784K, used 12847K [0x00000006c6a00000, 0x00000006cde00000, 0x000000076ce00000)
  object space 118784K, 10% used [0x00000006c6a00000,0x00000006c768bdd8,0x00000006cde00000)
 Metaspace       used 29196K, capacity 29650K, committed 29824K, reserved 1075200K
  class space    used 3249K, capacity 3388K, committed 3456K, reserved 1048576K
Event: 4.222 GC heap after
Heap after GC invocations=6 (full 1):
 PSYoungGen      total 242176K, used 5758K [0x000000076ce00000, 0x000000077d480000, 0x00000007c0000000)
  eden space 236032K, 0% used [0x000000076ce00000,0x000000076ce00000,0x000000077b480000)
  from space 6144K, 93% used [0x000000077c900000,0x000000077ce9fa50,0x000000077cf00000)
  to   space 5632K, 0% used [0x000000077cf00000,0x000000077cf00000,0x000000077d480000)
 ParOldGen       total 118784K, used 12855K [0x00000006c6a00000, 0x00000006cde00000, 0x000000076ce00000)
  object space 118784K, 10% used [0x00000006c6a00000,0x00000006c768ddd8,0x00000006cde00000)
 Metaspace       used 29196K, capacity 29650K, committed 29824K, reserved 1075200K
  class space    used 3249K, capacity 3388K, committed 3456K, reserved 1048576K
}
Event: 4.823 GC heap before
{Heap before GC invocations=7 (full 1):
 PSYoungGen      total 242176K, used 110637K [0x000000076ce00000, 0x000000077d480000, 0x00000007c0000000)
  eden space 236032K, 44% used [0x000000076ce00000,0x000000077346bd20,0x000000077b480000)
  from space 6144K, 93% used [0x000000077c900000,0x000000077ce9fa50,0x000000077cf00000)
  to   space 5632K, 0% used [0x000000077cf00000,0x000000077cf00000,0x000000077d480000)
 ParOldGen       total 118784K, used 12855K [0x00000006c6a00000, 0x00000006cde00000, 0x000000076ce00000)
  object space 118784K, 10% used [0x00000006c6a00000,0x00000006c768ddd8,0x00000006cde00000)
 Metaspace       used 34710K, capacity 35108K, committed 35320K, reserved 1079296K
  class space    used 4562K, capacity 4672K, committed 4736K, reserved 1048576K
Event: 4.834 GC heap after
Heap after GC invocations=7 (full 1):
 PSYoungGen      total 252928K, used 5607K [0x000000076ce00000, 0x0000000782500000, 0x00000007c0000000)
  eden space 247296K, 0% used [0x000000076ce00000,0x000000076ce00000,0x000000077bf80000)
  from space 5632K, 99% used [0x000000077cf00000,0x000000077d479fd8,0x000000077d480000)
  to   space 15872K, 0% used [0x000000077bf80000,0x000000077bf80000,0x000000077cf00000)
 ParOldGen       total 118784K, used 20256K [0x00000006c6a00000, 0x00000006cde00000, 0x000000076ce00000)
  object space 118784K, 17% used [0x00000006c6a00000,0x00000006c7dc81d0,0x00000006cde00000)
 Metaspace       used 34710K, capacity 35108K, committed 35320K, reserved 1079296K
  class space    used 4562K, capacity 4672K, committed 4736K, reserved 1048576K
}
Event: 4.834 GC heap before
{Heap before GC invocations=8 (full 2):
 PSYoungGen      total 252928K, used 5607K [0x000000076ce00000, 0x0000000782500000, 0x00000007c0000000)
  eden space 247296K, 0% used [0x000000076ce00000,0x000000076ce00000,0x000000077bf80000)
  from space 5632K, 99% used [0x000000077cf00000,0x000000077d479fd8,0x000000077d480000)
  to   space 15872K, 0% used [0x000000077bf80000,0x000000077bf80000,0x000000077cf00000)
 ParOldGen       total 118784K, used 20256K [0x00000006c6a00000, 0x00000006cde00000, 0x000000076ce00000)
  object space 118784K, 17% used [0x00000006c6a00000,0x00000006c7dc81d0,0x00000006cde00000)
 Metaspace       used 34710K, capacity 35108K, committed 35320K, reserved 1079296K
  class space    used 4562K, capacity 4672K, committed 4736K, reserved 1048576K
Event: 4.910 GC heap after
Heap after GC invocations=8 (full 2):
 PSYoungGen      total 252928K, used 0K [0x000000076ce00000, 0x0000000782500000, 0x00000007c0000000)
  eden space 247296K, 0% used [0x000000076ce00000,0x000000076ce00000,0x000000077bf80000)
  from space 5632K, 0% used [0x000000077cf00000,0x000000077cf00000,0x000000077d480000)
  to   space 15872K, 0% used [0x000000077bf80000,0x000000077bf80000,0x000000077cf00000)
 ParOldGen       total 200192K, used 23586K [0x00000006c6a00000, 0x00000006d2d80000, 0x000000076ce00000)
  object space 200192K, 11% used [0x00000006c6a00000,0x00000006c81088a8,0x00000006d2d80000)
 Metaspace       used 34710K, capacity 35108K, committed 35320K, reserved 1079296K
  class space    used 4562K, capacity 4672K, committed 4736K, reserved 1048576K
}
Event: 6.394 GC heap before
{Heap before GC invocations=9 (full 2):
 PSYoungGen      total 252928K, used 247296K [0x000000076ce00000, 0x0000000782500000, 0x00000007c0000000)
  eden space 247296K, 100% used [0x000000076ce00000,0x000000077bf80000,0x000000077bf80000)
  from space 5632K, 0% used [0x000000077cf00000,0x000000077cf00000,0x000000077d480000)
  to   space 15872K, 0% used [0x000000077bf80000,0x000000077bf80000,0x000000077cf00000)
 ParOldGen       total 200192K, used 23586K [0x00000006c6a00000, 0x00000006d2d80000, 0x000000076ce00000)
  object space 200192K, 11% used [0x00000006c6a00000,0x00000006c81088a8,0x00000006d2d80000)
 Metaspace       used 40329K, capacity 40898K, committed 41088K, reserved 1085440K
  class space    used 5844K, capacity 5968K, committed 6016K, reserved 1048576K
Event: 6.400 GC heap after
Heap after GC invocations=9 (full 2):
 PSYoungGen      total 263168K, used 6379K [0x000000076ce00000, 0x0000000782880000, 0x00000007c0000000)
  eden space 247296K, 0% used [0x000000076ce00000,0x000000076ce00000,0x000000077bf80000)
  from space 15872K, 40% used [0x000000077bf80000,0x000000077c5bad50,0x000000077cf00000)
  to   space 15872K, 0% used [0x0000000781900000,0x0000000781900000,0x0000000782880000)
 ParOldGen       total 200192K, used 23594K [0x00000006c6a00000, 0x00000006d2d80000, 0x000000076ce00000)
  object space 200192K, 11% used [0x00000006c6a00000,0x00000006c810a8a8,0x00000006d2d80000)
 Metaspace       used 40329K, capacity 40898K, committed 41088K, reserved 1085440K
  class space    used 5844K, capacity 5968K, committed 6016K, reserved 1048576K
}
Event: 32.243 GC heap before
{Heap before GC invocations=10 (full 2):
 PSYoungGen      total 263168K, used 253675K [0x000000076ce00000, 0x0000000782880000, 0x00000007c0000000)
  eden space 247296K, 100% used [0x000000076ce00000,0x000000077bf80000,0x000000077bf80000)
  from space 15872K, 40% used [0x000000077bf80000,0x000000077c5bad50,0x000000077cf00000)
  to   space 15872K, 0% used [0x0000000781900000,0x0000000781900000,0x0000000782880000)
 ParOldGen       total 200192K, used 23594K [0x00000006c6a00000, 0x00000006d2d80000, 0x000000076ce00000)
  object space 200192K, 11% used [0x00000006c6a00000,0x00000006c810a8a8,0x00000006d2d80000)
 Metaspace       used 50484K, capacity 51646K, committed 51840K, reserved 1093632K
  class space    used 7194K, capacity 7466K, committed 7552K, reserved 1048576K
Event: 32.259 GC heap after
Heap after GC invocations=10 (full 2):
 PSYoungGen      total 325120K, used 14988K [0x000000076ce00000, 0x0000000782800000, 0x00000007c0000000)
  eden space 309760K, 0% used [0x000000076ce00000,0x000000076ce00000,0x000000077fc80000)
  from space 15360K, 97% used [0x0000000781900000,0x00000007827a30a0,0x0000000782800000)
  to   space 17408K, 0% used [0x0000000780600000,0x0000000780600000,0x0000000781700000)
 ParOldGen       total 200192K, used 23602K [0x00000006c6a00000, 0x00000006d2d80000, 0x000000076ce00000)
  object space 200192K, 11% used [0x00000006c6a00000,0x00000006c810c8a8,0x00000006d2d80000)
 Metaspace       used 50484K, capacity 51646K, committed 51840K, reserved 1093632K
  class space    used 7194K, capacity 7466K, committed 7552K, reserved 1048576K
}

