# JRE version: Java(TM) SE Runtime Environment (8.0_20-b17) (build 1.8.0_20-ea-b17)
# Java VM: Java HotSpot(TM) 64-Bit Server VM (25.20-b17 mixed mode linux-amd64 compressed oops)
Heap:
 PSYoungGen      total 423936K, used 283562K [0x000000076ce00000, 0x0000000789380000, 0x00000007c0000000)
  eden space 403456K, 70% used [0x000000076ce00000,0x000000077e2eabc8,0x0000000785800000)
  from space 20480K, 0% used [0x0000000787f80000,0x0000000787f80000,0x0000000789380000)
  to   space 24064K, 0% used [0x0000000786480000,0x0000000786480000,0x0000000787c00000)
 ParOldGen       total 247296K, used 45306K [0x00000006c6a00000, 0x00000006d5b80000, 0x000000076ce00000)
  object space 247296K, 18% used [0x00000006c6a00000,0x00000006c963e800,0x00000006d5b80000)
 Metaspace       used 59337K, capacity 60670K, committed 60748K, reserved 1101824K
  class space    used 8699K, capacity 8984K, committed 9036K, reserved 1048576K
GC Heap History (10 events):
Event: 4.535 GC heap before
{Heap before GC invocations=7 (full 2):
 PSYoungGen      total 268288K, used 10226K [0x000000076ce00000, 0x0000000782d00000, 0x00000007c0000000)
  eden space 258048K, 0% used [0x000000076ce00000,0x000000076ce00000,0x000000077ca00000)
  from space 10240K, 99% used [0x000000077ca00000,0x000000077d3fc9b0,0x000000077d400000)
  to   space 23552K, 0% used [0x0000000781600000,0x0000000781600000,0x0000000782d00000)
 ParOldGen       total 107008K, used 29288K [0x00000006c6a00000, 0x00000006cd280000, 0x000000076ce00000)
  object space 107008K, 27% used [0x00000006c6a00000,0x00000006c869a0d8,0x00000006cd280000)
 Metaspace       used 34578K, capacity 35128K, committed 35276K, reserved 1079296K
  class space    used 4627K, capacity 4747K, committed 4812K, reserved 1048576K
Event: 4.615 GC heap after
Heap after GC invocations=7 (full 2):
 PSYoungGen      total 268288K, used 0K [0x000000076ce00000, 0x0000000782d00000, 0x00000007c0000000)
  eden space 258048K, 0% used [0x000000076ce00000,0x000000076ce00000,0x000000077ca00000)
  from space 10240K, 0% used [0x000000077ca00000,0x000000077ca00000,0x000000077d400000)
  to   space 23552K, 0% used [0x0000000781600000,0x0000000781600000,0x0000000782d00000)
 ParOldGen       total 186880K, used 36246K [0x00000006c6a00000, 0x00000006d2080000, 0x000000076ce00000)
  object space 186880K, 19% used [0x00000006c6a00000,0x00000006c8d65858,0x00000006d2080000)
 Metaspace       used 34578K, capacity 35128K, committed 35276K, reserved 1079296K
  class space    used 4627K, capacity 4747K, committed 4812K, reserved 1048576K
}
Event: 6.361 GC heap before
{Heap before GC invocations=8 (full 2):
 PSYoungGen      total 268288K, used 258048K [0x000000076ce00000, 0x0000000782d00000, 0x00000007c0000000)
  eden space 258048K, 100% used [0x000000076ce00000,0x000000077ca00000,0x000000077ca00000)
  from space 10240K, 0% used [0x000000077ca00000,0x000000077ca00000,0x000000077d400000)
  to   space 23552K, 0% used [0x0000000781600000,0x0000000781600000,0x0000000782d00000)
 ParOldGen       total 186880K, used 36246K [0x00000006c6a00000, 0x00000006d2080000, 0x000000076ce00000)
  object space 186880K, 19% used [0x00000006c6a00000,0x00000006c8d65858,0x00000006d2080000)
 Metaspace       used 44050K, capacity 44656K, committed 45004K, reserved 1087488K
  class space    used 6907K, capacity 7034K, committed 7116K, reserved 1048576K
Event: 6.370 GC heap after
Heap after GC invocations=8 (full 2):
 PSYoungGen      total 335872K, used 8444K [0x000000076ce00000, 0x0000000786100000, 0x00000007c0000000)
  eden space 312320K, 0% used [0x000000076ce00000,0x000000076ce00000,0x000000077ff00000)
  from space 23552K, 35% used [0x0000000781600000,0x0000000781e3f1d0,0x0000000782d00000)
  to   space 23552K, 0% used [0x000000077ff00000,0x000000077ff00000,0x0000000781600000)
 ParOldGen       total 186880K, used 36254K [0x00000006c6a00000, 0x00000006d2080000, 0x000000076ce00000)
  object space 186880K, 19% used [0x00000006c6a00000,0x00000006c8d67858,0x00000006d2080000)
 Metaspace       used 44050K, capacity 44656K, committed 45004K, reserved 1087488K
  class space    used 6907K, capacity 7034K, committed 7116K, reserved 1048576K
}
Event: 62.544 GC heap before
{Heap before GC invocations=9 (full 2):
 PSYoungGen      total 335872K, used 320764K [0x000000076ce00000, 0x0000000786100000, 0x00000007c0000000)
  eden space 312320K, 100% used [0x000000076ce00000,0x000000077ff00000,0x000000077ff00000)
  from space 23552K, 35% used [0x0000000781600000,0x0000000781e3f1d0,0x0000000782d00000)
  to   space 23552K, 0% used [0x000000077ff00000,0x000000077ff00000,0x0000000781600000)
 ParOldGen       total 186880K, used 36254K [0x00000006c6a00000, 0x00000006d2080000, 0x000000076ce00000)
  object space 186880K, 19% used [0x00000006c6a00000,0x00000006c8d67858,0x00000006d2080000)
 Metaspace       used 50742K, capacity 51418K, committed 51788K, reserved 1093632K
  class space    used 7612K, capacity 7745K, committed 7756K, reserved 1048576K
Event: 62.562 GC heap after
Heap after GC invocations=9 (full 2):
 PSYoungGen      total 335872K, used 13799K [0x000000076ce00000, 0x0000000789500000, 0x00000007c0000000)
  eden space 312320K, 0% used [0x000000076ce00000,0x000000076ce00000,0x000000077ff00000)
  from space 23552K, 58% used [0x000000077ff00000,0x0000000780c79f30,0x0000000781600000)
  to   space 22016K, 0% used [0x0000000787f80000,0x0000000787f80000,0x0000000789500000)
 ParOldGen       total 186880K, used 36262K [0x00000006c6a00000, 0x00000006d2080000, 0x000000076ce00000)
  object space 186880K, 19% used [0x00000006c6a00000,0x00000006c8d69858,0x00000006d2080000)
 Metaspace       used 50742K, capacity 51418K, committed 51788K, reserved 1093632K
  class space    used 7612K, capacity 7745K, committed 7756K, reserved 1048576K
}
Event: 94.578 GC heap before
{Heap before GC invocations=10 (full 2):
 PSYoungGen      total 335872K, used 298675K [0x000000076ce00000, 0x0000000789500000, 0x00000007c0000000)
  eden space 312320K, 91% used [0x000000076ce00000,0x000000077e432df0,0x000000077ff00000)
  from space 23552K, 58% used [0x000000077ff00000,0x0000000780c79f30,0x0000000781600000)
  to   space 22016K, 0% used [0x0000000787f80000,0x0000000787f80000,0x0000000789500000)
 ParOldGen       total 186880K, used 36262K [0x00000006c6a00000, 0x00000006d2080000, 0x000000076ce00000)
  object space 186880K, 19% used [0x00000006c6a00000,0x00000006c8d69858,0x00000006d2080000)
 Metaspace       used 57365K, capacity 58486K, committed 58548K, reserved 1099776K
  class space    used 8517K, capacity 8747K, committed 8780K, reserved 1048576K
Event: 94.601 GC heap after
Heap after GC invocations=10 (full 2):
 PSYoungGen      total 423936K, used 20265K [0x000000076ce00000, 0x0000000789380000, 0x00000007c0000000)
  eden space 403456K, 0% used [0x000000076ce00000,0x000000076ce00000,0x0000000785800000)
  from space 20480K, 98% used [0x0000000787f80000,0x000000078934a610,0x0000000789380000)
  to   space 24064K, 0% used [0x0000000786480000,0x0000000786480000,0x0000000787c00000)
 ParOldGen       total 186880K, used 36270K [0x00000006c6a00000, 0x00000006d2080000, 0x000000076ce00000)
  object space 186880K, 19% used [0x00000006c6a00000,0x00000006c8d6b858,0x00000006d2080000)
 Metaspace       used 57365K, capacity 58486K, committed 58548K, reserved 1099776K
  class space    used 8517K, capacity 8747K, committed 8780K, reserved 1048576K
}
Event: 94.601 GC heap before
{Heap before GC invocations=11 (full 3):
 PSYoungGen      total 423936K, used 20265K [0x000000076ce00000, 0x0000000789380000, 0x00000007c0000000)
  eden space 403456K, 0% used [0x000000076ce00000,0x000000076ce00000,0x0000000785800000)
  from space 20480K, 98% used [0x0000000787f80000,0x000000078934a610,0x0000000789380000)
  to   space 24064K, 0% used [0x0000000786480000,0x0000000786480000,0x0000000787c00000)
 ParOldGen       total 186880K, used 36270K [0x00000006c6a00000, 0x00000006d2080000, 0x000000076ce00000)
  object space 186880K, 19% used [0x00000006c6a00000,0x00000006c8d6b858,0x00000006d2080000)
 Metaspace       used 57365K, capacity 58486K, committed 58548K, reserved 1099776K
  class space    used 8517K, capacity 8747K, committed 8780K, reserved 1048576K
Event: 94.799 GC heap after
Heap after GC invocations=11 (full 3):
 PSYoungGen      total 423936K, used 0K [0x000000076ce00000, 0x0000000789380000, 0x00000007c0000000)
  eden space 403456K, 0% used [0x000000076ce00000,0x000000076ce00000,0x0000000785800000)
  from space 20480K, 0% used [0x0000000787f80000,0x0000000787f80000,0x0000000789380000)
  to   space 24064K, 0% used [0x0000000786480000,0x0000000786480000,0x0000000787c00000)
 ParOldGen       total 247296K, used 45306K [0x00000006c6a00000, 0x00000006d5b80000, 0x000000076ce00000)
  object space 247296K, 18% used [0x00000006c6a00000,0x00000006c963e800,0x00000006d5b80000)
 Metaspace       used 57355K, capacity 58472K, committed 58548K, reserved 1099776K
  class space    used 8517K, capacity 8745K, committed 8780K, reserved 1048576K
}

