# JRE version: Java(TM) SE Runtime Environment (8.0_20-b17) (build 1.8.0_20-ea-b17)
# Java VM: Java HotSpot(TM) 64-Bit Server VM (25.20-b17 mixed mode linux-amd64 compressed oops)
Heap:
 PSYoungGen      total 40960K, used 35140K [0x000000076ce00000, 0x00000007a5b00000, 0x00000007c0000000)
  eden space 39936K, 87% used [0x000000076ce00000,0x000000076eff28f8,0x000000076f500000)
  from space 1024K, 36% used [0x00000007a5900000,0x00000007a595e7d8,0x00000007a5a00000)
  to   space 1024K, 0% used [0x00000007a5a00000,0x00000007a5a00000,0x00000007a5b00000)
 ParOldGen       total 166912K, used 62163K [0x00000006c6a00000, 0x00000006d0d00000, 0x000000076ce00000)
  object space 166912K, 37% used [0x00000006c6a00000,0x00000006ca6b4c38,0x00000006d0d00000)
 Metaspace       used 65492K, capacity 67426K, committed 67540K, reserved 1107968K
  class space    used 9255K, capacity 9708K, committed 9728K, reserved 1048576K
GC Heap History (10 events):
Event: 14506.216 GC heap before
{Heap before GC invocations=198 (full 3):
 PSYoungGen      total 40448K, used 40345K [0x000000076ce00000, 0x00000007a5c00000, 0x00000007c0000000)
  eden space 39936K, 100% used [0x000000076ce00000,0x000000076f500000,0x000000076f500000)
  from space 512K, 80% used [0x00000007a5b80000,0x00000007a5be67d8,0x00000007a5c00000)
  to   space 1024K, 0% used [0x00000007a5a00000,0x00000007a5a00000,0x00000007a5b00000)
 ParOldGen       total 166912K, used 61987K [0x00000006c6a00000, 0x00000006d0d00000, 0x000000076ce00000)
  object space 166912K, 37% used [0x00000006c6a00000,0x00000006ca688c38,0x00000006d0d00000)
 Metaspace       used 65395K, capacity 67338K, committed 67540K, reserved 1107968K
  class space    used 9243K, capacity 9704K, committed 9728K, reserved 1048576K
Event: 14506.224 GC heap after
Heap after GC invocations=198 (full 3):
 PSYoungGen      total 40960K, used 409K [0x000000076ce00000, 0x00000007a5c00000, 0x00000007c0000000)
  eden space 39936K, 0% used [0x000000076ce00000,0x000000076ce00000,0x000000076f500000)
  from space 1024K, 40% used [0x00000007a5a00000,0x00000007a5a667d8,0x00000007a5b00000)
  to   space 1024K, 0% used [0x00000007a5b00000,0x00000007a5b00000,0x00000007a5c00000)
 ParOldGen       total 166912K, used 62011K [0x00000006c6a00000, 0x00000006d0d00000, 0x000000076ce00000)
  object space 166912K, 37% used [0x00000006c6a00000,0x00000006ca68ec38,0x00000006d0d00000)
 Metaspace       used 65395K, capacity 67338K, committed 67540K, reserved 1107968K
  class space    used 9243K, capacity 9704K, committed 9728K, reserved 1048576K
}
Event: 14529.543 GC heap before
{Heap before GC invocations=199 (full 3):
 PSYoungGen      total 40960K, used 40345K [0x000000076ce00000, 0x00000007a5c00000, 0x00000007c0000000)
  eden space 39936K, 100% used [0x000000076ce00000,0x000000076f500000,0x000000076f500000)
  from space 1024K, 40% used [0x00000007a5a00000,0x00000007a5a667d8,0x00000007a5b00000)
  to   space 1024K, 0% used [0x00000007a5b00000,0x00000007a5b00000,0x00000007a5c00000)
 ParOldGen       total 166912K, used 62011K [0x00000006c6a00000, 0x00000006d0d00000, 0x000000076ce00000)
  object space 166912K, 37% used [0x00000006c6a00000,0x00000006ca68ec38,0x00000006d0d00000)
 Metaspace       used 65395K, capacity 67338K, committed 67540K, reserved 1107968K
  class space    used 9243K, capacity 9704K, committed 9728K, reserved 1048576K
Event: 14529.547 GC heap after
Heap after GC invocations=199 (full 3):
 PSYoungGen      total 40448K, used 409K [0x000000076ce00000, 0x00000007a5b80000, 0x00000007c0000000)
  eden space 39936K, 0% used [0x000000076ce00000,0x000000076ce00000,0x000000076f500000)
  from space 512K, 80% used [0x00000007a5b00000,0x00000007a5b667d8,0x00000007a5b80000)
  to   space 1024K, 0% used [0x00000007a5980000,0x00000007a5980000,0x00000007a5a80000)
 ParOldGen       total 166912K, used 62035K [0x00000006c6a00000, 0x00000006d0d00000, 0x000000076ce00000)
  object space 166912K, 37% used [0x00000006c6a00000,0x00000006ca694c38,0x00000006d0d00000)
 Metaspace       used 65395K, capacity 67338K, committed 67540K, reserved 1107968K
  class space    used 9243K, capacity 9704K, committed 9728K, reserved 1048576K
}
Event: 14552.069 GC heap before
{Heap before GC invocations=200 (full 3):
 PSYoungGen      total 40448K, used 40345K [0x000000076ce00000, 0x00000007a5b80000, 0x00000007c0000000)
  eden space 39936K, 100% used [0x000000076ce00000,0x000000076f500000,0x000000076f500000)
  from space 512K, 80% used [0x00000007a5b00000,0x00000007a5b667d8,0x00000007a5b80000)
  to   space 1024K, 0% used [0x00000007a5980000,0x00000007a5980000,0x00000007a5a80000)
 ParOldGen       total 166912K, used 62035K [0x00000006c6a00000, 0x00000006d0d00000, 0x000000076ce00000)
  object space 166912K, 37% used [0x00000006c6a00000,0x00000006ca694c38,0x00000006d0d00000)
 Metaspace       used 65395K, capacity 67338K, committed 67540K, reserved 1107968K
  class space    used 9243K, capacity 9704K, committed 9728K, reserved 1048576K
Event: 14552.073 GC heap after
Heap after GC invocations=200 (full 3):
 PSYoungGen      total 40960K, used 377K [0x000000076ce00000, 0x00000007a5b80000, 0x00000007c0000000)
  eden space 39936K, 0% used [0x000000076ce00000,0x000000076ce00000,0x000000076f500000)
  from space 1024K, 36% used [0x00000007a5980000,0x00000007a59de7d8,0x00000007a5a80000)
  to   space 1024K, 0% used [0x00000007a5a80000,0x00000007a5a80000,0x00000007a5b80000)
 ParOldGen       total 166912K, used 62067K [0x00000006c6a00000, 0x00000006d0d00000, 0x000000076ce00000)
  object space 166912K, 37% used [0x00000006c6a00000,0x00000006ca69cc38,0x00000006d0d00000)
 Metaspace       used 65395K, capacity 67338K, committed 67540K, reserved 1107968K
  class space    used 9243K, capacity 9704K, committed 9728K, reserved 1048576K
}
Event: 14575.276 GC heap before
{Heap before GC invocations=201 (full 3):
 PSYoungGen      total 40960K, used 40313K [0x000000076ce00000, 0x00000007a5b80000, 0x00000007c0000000)
  eden space 39936K, 100% used [0x000000076ce00000,0x000000076f500000,0x000000076f500000)
  from space 1024K, 36% used [0x00000007a5980000,0x00000007a59de7d8,0x00000007a5a80000)
  to   space 1024K, 0% used [0x00000007a5a80000,0x00000007a5a80000,0x00000007a5b80000)
 ParOldGen       total 166912K, used 62067K [0x00000006c6a00000, 0x00000006d0d00000, 0x000000076ce00000)
  object space 166912K, 37% used [0x00000006c6a00000,0x00000006ca69cc38,0x00000006d0d00000)
 Metaspace       used 65395K, capacity 67338K, committed 67540K, reserved 1107968K
  class space    used 9243K, capacity 9704K, committed 9728K, reserved 1048576K
Event: 14575.280 GC heap after
Heap after GC invocations=201 (full 3):
 PSYoungGen      total 40448K, used 472K [0x000000076ce00000, 0x00000007a5b00000, 0x00000007c0000000)
  eden space 39936K, 0% used [0x000000076ce00000,0x000000076ce00000,0x000000076f500000)
  from space 512K, 92% used [0x00000007a5a80000,0x00000007a5af63e8,0x00000007a5b00000)
  to   space 1024K, 0% used [0x00000007a5900000,0x00000007a5900000,0x00000007a5a00000)
 ParOldGen       total 166912K, used 62115K [0x00000006c6a00000, 0x00000006d0d00000, 0x000000076ce00000)
  object space 166912K, 37% used [0x00000006c6a00000,0x00000006ca6a8c38,0x00000006d0d00000)
 Metaspace       used 65395K, capacity 67338K, committed 67540K, reserved 1107968K
  class space    used 9243K, capacity 9704K, committed 9728K, reserved 1048576K
}
Event: 14596.520 GC heap before
{Heap before GC invocations=202 (full 3):
 PSYoungGen      total 40448K, used 40408K [0x000000076ce00000, 0x00000007a5b00000, 0x00000007c0000000)
  eden space 39936K, 100% used [0x000000076ce00000,0x000000076f500000,0x000000076f500000)
  from space 512K, 92% used [0x00000007a5a80000,0x00000007a5af63e8,0x00000007a5b00000)
  to   space 1024K, 0% used [0x00000007a5900000,0x00000007a5900000,0x00000007a5a00000)
 ParOldGen       total 166912K, used 62115K [0x00000006c6a00000, 0x00000006d0d00000, 0x000000076ce00000)
  object space 166912K, 37% used [0x00000006c6a00000,0x00000006ca6a8c38,0x00000006d0d00000)
 Metaspace       used 65395K, capacity 67338K, committed 67540K, reserved 1107968K
  class space    used 9243K, capacity 9704K, committed 9728K, reserved 1048576K
Event: 14596.525 GC heap after
Heap after GC invocations=202 (full 3):
 PSYoungGen      total 40960K, used 377K [0x000000076ce00000, 0x00000007a5b00000, 0x00000007c0000000)
  eden space 39936K, 0% used [0x000000076ce00000,0x000000076ce00000,0x000000076f500000)
  from space 1024K, 36% used [0x00000007a5900000,0x00000007a595e7d8,0x00000007a5a00000)
  to   space 1024K, 0% used [0x00000007a5a00000,0x00000007a5a00000,0x00000007a5b00000)
 ParOldGen       total 166912K, used 62163K [0x00000006c6a00000, 0x00000006d0d00000, 0x000000076ce00000)
  object space 166912K, 37% used [0x00000006c6a00000,0x00000006ca6b4c38,0x00000006d0d00000)
 Metaspace       used 65395K, capacity 67338K, committed 67540K, reserved 1107968K
  class space    used 9243K, capacity 9704K, committed 9728K, reserved 1048576K
}

