# JRE version: Java(TM) SE Runtime Environment (8.0_20-b17) (build 1.8.0_20-ea-b17)
# Java VM: Java HotSpot(TM) 64-Bit Server VM (25.20-b17 mixed mode linux-amd64 compressed oops)
Heap:
 PSYoungGen      total 235520K, used 85109K [0x000000076ce00000, 0x000000077cb80000, 0x00000007c0000000)
  eden space 219136K, 31% used [0x000000076ce00000,0x0000000771128e98,0x000000077a400000)
  from space 16384K, 99% used [0x000000077bb80000,0x000000077cb748b8,0x000000077cb80000)
  to   space 18944K, 0% used [0x000000077a680000,0x000000077a680000,0x000000077b900000)
 ParOldGen       total 179712K, used 23616K [0x00000006c6a00000, 0x00000006d1980000, 0x000000076ce00000)
  object space 179712K, 13% used [0x00000006c6a00000,0x00000006c81102c0,0x00000006d1980000)
 Metaspace       used 54160K, capacity 55370K, committed 55424K, reserved 1097728K
  class space    used 7517K, capacity 7798K, committed 7808K, reserved 1048576K
GC Heap History (10 events):
Event: 5.381 GC heap before
{Heap before GC invocations=8 (full 1):
 PSYoungGen      total 147456K, used 128343K [0x000000076ce00000, 0x000000077a200000, 0x00000007c0000000)
  eden space 132608K, 92% used [0x000000076ce00000,0x000000077456e2f0,0x0000000774f80000)
  from space 14848K, 40% used [0x0000000775e00000,0x00000007763e7a70,0x0000000776c80000)
  to   space 14848K, 0% used [0x0000000774f80000,0x0000000774f80000,0x0000000775e00000)
 ParOldGen       total 113664K, used 12912K [0x00000006c6a00000, 0x00000006cd900000, 0x000000076ce00000)
  object space 113664K, 11% used [0x00000006c6a00000,0x00000006c769c2b0,0x00000006cd900000)
 Metaspace       used 34768K, capacity 35096K, committed 35320K, reserved 1079296K
  class space    used 4545K, capacity 4669K, committed 4736K, reserved 1048576K
Event: 5.391 GC heap after
Heap after GC invocations=8 (full 1):
 PSYoungGen      total 147456K, used 12959K [0x000000076ce00000, 0x000000077aa00000, 0x00000007c0000000)
  eden space 132608K, 0% used [0x000000076ce00000,0x000000076ce00000,0x0000000774f80000)
  from space 14848K, 87% used [0x0000000774f80000,0x0000000775c27e50,0x0000000775e00000)
  to   space 15872K, 0% used [0x0000000779a80000,0x0000000779a80000,0x000000077aa00000)
 ParOldGen       total 113664K, used 12920K [0x00000006c6a00000, 0x00000006cd900000, 0x000000076ce00000)
  object space 113664K, 11% used [0x00000006c6a00000,0x00000006c769e2b0,0x00000006cd900000)
 Metaspace       used 34768K, capacity 35096K, committed 35320K, reserved 1079296K
  class space    used 4545K, capacity 4669K, committed 4736K, reserved 1048576K
}
Event: 5.391 GC heap before
{Heap before GC invocations=9 (full 2):
 PSYoungGen      total 147456K, used 12959K [0x000000076ce00000, 0x000000077aa00000, 0x00000007c0000000)
  eden space 132608K, 0% used [0x000000076ce00000,0x000000076ce00000,0x0000000774f80000)
  from space 14848K, 87% used [0x0000000774f80000,0x0000000775c27e50,0x0000000775e00000)
  to   space 15872K, 0% used [0x0000000779a80000,0x0000000779a80000,0x000000077aa00000)
 ParOldGen       total 113664K, used 12920K [0x00000006c6a00000, 0x00000006cd900000, 0x000000076ce00000)
  object space 113664K, 11% used [0x00000006c6a00000,0x00000006c769e2b0,0x00000006cd900000)
 Metaspace       used 34768K, capacity 35096K, committed 35320K, reserved 1079296K
  class space    used 4545K, capacity 4669K, committed 4736K, reserved 1048576K
Event: 5.466 GC heap after
Heap after GC invocations=9 (full 2):
 PSYoungGen      total 147456K, used 0K [0x000000076ce00000, 0x000000077aa00000, 0x00000007c0000000)
  eden space 132608K, 0% used [0x000000076ce00000,0x000000076ce00000,0x0000000774f80000)
  from space 14848K, 0% used [0x0000000774f80000,0x0000000774f80000,0x0000000775e00000)
  to   space 15872K, 0% used [0x0000000779a80000,0x0000000779a80000,0x000000077aa00000)
 ParOldGen       total 179712K, used 23592K [0x00000006c6a00000, 0x00000006d1980000, 0x000000076ce00000)
  object space 179712K, 13% used [0x00000006c6a00000,0x00000006c810a2c0,0x00000006d1980000)
 Metaspace       used 34768K, capacity 35096K, committed 35320K, reserved 1079296K
  class space    used 4545K, capacity 4669K, committed 4736K, reserved 1048576K
}
Event: 6.374 GC heap before
{Heap before GC invocations=10 (full 2):
 PSYoungGen      total 147456K, used 132608K [0x000000076ce00000, 0x000000077aa00000, 0x00000007c0000000)
  eden space 132608K, 100% used [0x000000076ce00000,0x0000000774f80000,0x0000000774f80000)
  from space 14848K, 0% used [0x0000000774f80000,0x0000000774f80000,0x0000000775e00000)
  to   space 15872K, 0% used [0x0000000779a80000,0x0000000779a80000,0x000000077aa00000)
 ParOldGen       total 179712K, used 23592K [0x00000006c6a00000, 0x00000006d1980000, 0x000000076ce00000)
  object space 179712K, 13% used [0x00000006c6a00000,0x00000006c810a2c0,0x00000006d1980000)
 Metaspace       used 39505K, capacity 40014K, committed 40192K, reserved 1083392K
  class space    used 5703K, capacity 5842K, committed 5888K, reserved 1048576K
Event: 6.382 GC heap after
Heap after GC invocations=10 (full 2):
 PSYoungGen      total 194048K, used 5916K [0x000000076ce00000, 0x000000077a300000, 0x00000007c0000000)
  eden space 185344K, 0% used [0x000000076ce00000,0x000000076ce00000,0x0000000778300000)
  from space 8704K, 67% used [0x0000000779a80000,0x000000077a0471f0,0x000000077a300000)
  to   space 16384K, 0% used [0x0000000778300000,0x0000000778300000,0x0000000779300000)
 ParOldGen       total 179712K, used 23600K [0x00000006c6a00000, 0x00000006d1980000, 0x000000076ce00000)
  object space 179712K, 13% used [0x00000006c6a00000,0x00000006c810c2c0,0x00000006d1980000)
 Metaspace       used 39505K, capacity 40014K, committed 40192K, reserved 1083392K
  class space    used 5703K, capacity 5842K, committed 5888K, reserved 1048576K
}
Event: 8.250 GC heap before
{Heap before GC invocations=11 (full 2):
 PSYoungGen      total 194048K, used 191260K [0x000000076ce00000, 0x000000077a300000, 0x00000007c0000000)
  eden space 185344K, 100% used [0x000000076ce00000,0x0000000778300000,0x0000000778300000)
  from space 8704K, 67% used [0x0000000779a80000,0x000000077a0471f0,0x000000077a300000)
  to   space 16384K, 0% used [0x0000000778300000,0x0000000778300000,0x0000000779300000)
 ParOldGen       total 179712K, used 23600K [0x00000006c6a00000, 0x00000006d1980000, 0x000000076ce00000)
  object space 179712K, 13% used [0x00000006c6a00000,0x00000006c810c2c0,0x00000006d1980000)
 Metaspace       used 48321K, capacity 48898K, committed 49152K, reserved 1091584K
  class space    used 6746K, capacity 6912K, committed 6912K, reserved 1048576K
Event: 8.262 GC heap after
Heap after GC invocations=11 (full 2):
 PSYoungGen      total 201728K, used 14377K [0x000000076ce00000, 0x000000077cc80000, 0x00000007c0000000)
  eden space 185344K, 0% used [0x000000076ce00000,0x000000076ce00000,0x0000000778300000)
  from space 16384K, 87% used [0x0000000778300000,0x000000077910a668,0x0000000779300000)
  to   space 17408K, 0% used [0x000000077bb80000,0x000000077bb80000,0x000000077cc80000)
 ParOldGen       total 179712K, used 23608K [0x00000006c6a00000, 0x00000006d1980000, 0x000000076ce00000)
  object space 179712K, 13% used [0x00000006c6a00000,0x00000006c810e2c0,0x00000006d1980000)
 Metaspace       used 48321K, capacity 48898K, committed 49152K, reserved 1091584K
  class space    used 6746K, capacity 6912K, committed 6912K, reserved 1048576K
}
Event: 24.369 GC heap before
{Heap before GC invocations=12 (full 2):
 PSYoungGen      total 201728K, used 199721K [0x000000076ce00000, 0x000000077cc80000, 0x00000007c0000000)
  eden space 185344K, 100% used [0x000000076ce00000,0x0000000778300000,0x0000000778300000)
  from space 16384K, 87% used [0x0000000778300000,0x000000077910a668,0x0000000779300000)
  to   space 17408K, 0% used [0x000000077bb80000,0x000000077bb80000,0x000000077cc80000)
 ParOldGen       total 179712K, used 23608K [0x00000006c6a00000, 0x00000006d1980000, 0x000000076ce00000)
  object space 179712K, 13% used [0x00000006c6a00000,0x00000006c810e2c0,0x00000006d1980000)
 Metaspace       used 53413K, capacity 54572K, committed 54912K, reserved 1095680K
  class space    used 7478K, capacity 7719K, committed 7808K, reserved 1048576K
Event: 24.385 GC heap after
Heap after GC invocations=12 (full 2):
 PSYoungGen      total 235520K, used 16338K [0x000000076ce00000, 0x000000077cb80000, 0x00000007c0000000)
  eden space 219136K, 0% used [0x000000076ce00000,0x000000076ce00000,0x000000077a400000)
  from space 16384K, 99% used [0x000000077bb80000,0x000000077cb748b8,0x000000077cb80000)
  to   space 18944K, 0% used [0x000000077a680000,0x000000077a680000,0x000000077b900000)
 ParOldGen       total 179712K, used 23616K [0x00000006c6a00000, 0x00000006d1980000, 0x000000076ce00000)
  object space 179712K, 13% used [0x00000006c6a00000,0x00000006c81102c0,0x00000006d1980000)
 Metaspace       used 53413K, capacity 54572K, committed 54912K, reserved 1095680K
  class space    used 7478K, capacity 7719K, committed 7808K, reserved 1048576K
}

