# JRE version: Java(TM) SE Runtime Environment (8.0_20-b17) (build 1.8.0_20-ea-b17)
# Java VM: Java HotSpot(TM) 64-Bit Server VM (25.20-b17 mixed mode linux-amd64 compressed oops)
Heap:
 PSYoungGen      total 188928K, used 4772K [0x000000076ce00000, 0x000000077da80000, 0x00000007c0000000)
  eden space 179200K, 2% used [0x000000076ce00000,0x000000076d2a9280,0x0000000777d00000)
  from space 9728K, 0% used [0x000000077d100000,0x000000077d100000,0x000000077da80000)
  to   space 15872K, 0% used [0x000000077bb80000,0x000000077bb80000,0x000000077cb00000)
 ParOldGen       total 284160K, used 36538K [0x00000006c6a00000, 0x00000006d7f80000, 0x000000076ce00000)
  object space 284160K, 12% used [0x00000006c6a00000,0x00000006c8dae8d8,0x00000006d7f80000)
 Metaspace       used 56828K, capacity 58172K, committed 58824K, reserved 1099776K
  class space    used 7677K, capacity 7971K, committed 8064K, reserved 1048576K
GC Heap History (10 events):
Event: 9318.560 GC heap before
{Heap before GC invocations=29 (full 2):
 PSYoungGen      total 201728K, used 201536K [0x000000076ce00000, 0x000000077eb80000, 0x00000007c0000000)
  eden space 199168K, 100% used [0x000000076ce00000,0x0000000779080000,0x0000000779080000)
  from space 2560K, 92% used [0x000000077e900000,0x000000077eb50220,0x000000077eb80000)
  to   space 14848K, 0% used [0x000000077ce80000,0x000000077ce80000,0x000000077dd00000)
 ParOldGen       total 179712K, used 32360K [0x00000006c6a00000, 0x00000006d1980000, 0x000000076ce00000)
  object space 179712K, 18% used [0x00000006c6a00000,0x00000006c899a200,0x00000006d1980000)
 Metaspace       used 53350K, capacity 54790K, committed 54912K, reserved 1095680K
  class space    used 7358K, capacity 7686K, committed 7808K, reserved 1048576K
Event: 9318.565 GC heap after
Heap after GC invocations=29 (full 2):
 PSYoungGen      total 198144K, used 4060K [0x000000076ce00000, 0x000000077e980000, 0x00000007c0000000)
  eden space 194048K, 0% used [0x000000076ce00000,0x000000076ce00000,0x0000000778b80000)
  from space 4096K, 99% used [0x000000077ce80000,0x000000077d277298,0x000000077d280000)
  to   space 14848K, 0% used [0x000000077db00000,0x000000077db00000,0x000000077e980000)
 ParOldGen       total 179712K, used 32488K [0x00000006c6a00000, 0x00000006d1980000, 0x000000076ce00000)
  object space 179712K, 18% used [0x00000006c6a00000,0x00000006c89ba200,0x00000006d1980000)
 Metaspace       used 53350K, capacity 54790K, committed 54912K, reserved 1095680K
  class space    used 7358K, capacity 7686K, committed 7808K, reserved 1048576K
}
Event: 9423.233 GC heap before
{Heap before GC invocations=30 (full 2):
 PSYoungGen      total 198144K, used 198108K [0x000000076ce00000, 0x000000077e980000, 0x00000007c0000000)
  eden space 194048K, 100% used [0x000000076ce00000,0x0000000778b80000,0x0000000778b80000)
  from space 4096K, 99% used [0x000000077ce80000,0x000000077d277298,0x000000077d280000)
  to   space 14848K, 0% used [0x000000077db00000,0x000000077db00000,0x000000077e980000)
 ParOldGen       total 179712K, used 32488K [0x00000006c6a00000, 0x00000006d1980000, 0x000000076ce00000)
  object space 179712K, 18% used [0x00000006c6a00000,0x00000006c89ba200,0x00000006d1980000)
 Metaspace       used 56938K, capacity 58472K, committed 58496K, reserved 1099776K
  class space    used 7695K, capacity 8043K, committed 8064K, reserved 1048576K
Event: 9423.243 GC heap after
Heap after GC invocations=30 (full 2):
 PSYoungGen      total 200704K, used 11720K [0x000000076ce00000, 0x000000077e680000, 0x00000007c0000000)
  eden space 188928K, 0% used [0x000000076ce00000,0x000000076ce00000,0x0000000778680000)
  from space 11776K, 99% used [0x000000077db00000,0x000000077e672230,0x000000077e680000)
  to   space 15872K, 0% used [0x000000077c780000,0x000000077c780000,0x000000077d700000)
 ParOldGen       total 179712K, used 32600K [0x00000006c6a00000, 0x00000006d1980000, 0x000000076ce00000)
  object space 179712K, 18% used [0x00000006c6a00000,0x00000006c89d6200,0x00000006d1980000)
 Metaspace       used 56938K, capacity 58472K, committed 58496K, reserved 1099776K
  class space    used 7695K, capacity 8043K, committed 8064K, reserved 1048576K
}
Event: 9874.984 GC heap before
{Heap before GC invocations=31 (full 2):
 PSYoungGen      total 200704K, used 200648K [0x000000076ce00000, 0x000000077e680000, 0x00000007c0000000)
  eden space 188928K, 100% used [0x000000076ce00000,0x0000000778680000,0x0000000778680000)
  from space 11776K, 99% used [0x000000077db00000,0x000000077e672230,0x000000077e680000)
  to   space 15872K, 0% used [0x000000077c780000,0x000000077c780000,0x000000077d700000)
 ParOldGen       total 179712K, used 32600K [0x00000006c6a00000, 0x00000006d1980000, 0x000000076ce00000)
  object space 179712K, 18% used [0x00000006c6a00000,0x00000006c89d6200,0x00000006d1980000)
 Metaspace       used 57009K, capacity 58472K, committed 58496K, reserved 1099776K
  class space    used 7697K, capacity 8043K, committed 8064K, reserved 1048576K
Event: 9874.993 GC heap after
Heap after GC invocations=31 (full 2):
 PSYoungGen      total 193536K, used 9524K [0x000000076ce00000, 0x000000077db80000, 0x00000007c0000000)
  eden space 183808K, 0% used [0x000000076ce00000,0x000000076ce00000,0x0000000778180000)
  from space 9728K, 97% used [0x000000077c780000,0x000000077d0cd360,0x000000077d100000)
  to   space 10752K, 0% used [0x000000077d100000,0x000000077d100000,0x000000077db80000)
 ParOldGen       total 179712K, used 32720K [0x00000006c6a00000, 0x00000006d1980000, 0x000000076ce00000)
  object space 179712K, 18% used [0x00000006c6a00000,0x00000006c89f4200,0x00000006d1980000)
 Metaspace       used 57009K, capacity 58472K, committed 58496K, reserved 1099776K
  class space    used 7697K, capacity 8043K, committed 8064K, reserved 1048576K
}
Event: 10227.453 GC heap before
{Heap before GC invocations=32 (full 2):
 PSYoungGen      total 193536K, used 165339K [0x000000076ce00000, 0x000000077db80000, 0x00000007c0000000)
  eden space 183808K, 84% used [0x000000076ce00000,0x0000000776629b60,0x0000000778180000)
  from space 9728K, 97% used [0x000000077c780000,0x000000077d0cd360,0x000000077d100000)
  to   space 10752K, 0% used [0x000000077d100000,0x000000077d100000,0x000000077db80000)
 ParOldGen       total 179712K, used 32720K [0x00000006c6a00000, 0x00000006d1980000, 0x000000076ce00000)
  object space 179712K, 18% used [0x00000006c6a00000,0x00000006c89f4200,0x00000006d1980000)
 Metaspace       used 57029K, capacity 58536K, committed 58568K, reserved 1099776K
  class space    used 7699K, capacity 8043K, committed 8064K, reserved 1048576K
Event: 10227.458 GC heap after
Heap after GC invocations=32 (full 2):
 PSYoungGen      total 188928K, used 9524K [0x000000076ce00000, 0x000000077da80000, 0x00000007c0000000)
  eden space 179200K, 0% used [0x000000076ce00000,0x000000076ce00000,0x0000000777d00000)
  from space 9728K, 97% used [0x000000077d100000,0x000000077da4d390,0x000000077da80000)
  to   space 15872K, 0% used [0x000000077bb80000,0x000000077bb80000,0x000000077cb00000)
 ParOldGen       total 179712K, used 32840K [0x00000006c6a00000, 0x00000006d1980000, 0x000000076ce00000)
  object space 179712K, 18% used [0x00000006c6a00000,0x00000006c8a12200,0x00000006d1980000)
 Metaspace       used 57029K, capacity 58536K, committed 58568K, reserved 1099776K
  class space    used 7699K, capacity 8043K, committed 8064K, reserved 1048576K
}
Event: 10227.458 GC heap before
{Heap before GC invocations=33 (full 3):
 PSYoungGen      total 188928K, used 9524K [0x000000076ce00000, 0x000000077da80000, 0x00000007c0000000)
  eden space 179200K, 0% used [0x000000076ce00000,0x000000076ce00000,0x0000000777d00000)
  from space 9728K, 97% used [0x000000077d100000,0x000000077da4d390,0x000000077da80000)
  to   space 15872K, 0% used [0x000000077bb80000,0x000000077bb80000,0x000000077cb00000)
 ParOldGen       total 179712K, used 32840K [0x00000006c6a00000, 0x00000006d1980000, 0x000000076ce00000)
  object space 179712K, 18% used [0x00000006c6a00000,0x00000006c8a12200,0x00000006d1980000)
 Metaspace       used 57029K, capacity 58536K, committed 58568K, reserved 1099776K
  class space    used 7699K, capacity 8043K, committed 8064K, reserved 1048576K
Event: 10227.700 GC heap after
Heap after GC invocations=33 (full 3):
 PSYoungGen      total 188928K, used 0K [0x000000076ce00000, 0x000000077da80000, 0x00000007c0000000)
  eden space 179200K, 0% used [0x000000076ce00000,0x000000076ce00000,0x0000000777d00000)
  from space 9728K, 0% used [0x000000077d100000,0x000000077d100000,0x000000077da80000)
  to   space 15872K, 0% used [0x000000077bb80000,0x000000077bb80000,0x000000077cb00000)
 ParOldGen       total 284160K, used 36538K [0x00000006c6a00000, 0x00000006d7f80000, 0x000000076ce00000)
  object space 284160K, 12% used [0x00000006c6a00000,0x00000006c8dae8d8,0x00000006d7f80000)
 Metaspace       used 56699K, capacity 58020K, committed 58568K, reserved 1099776K
  class space    used 7658K, capacity 7967K, committed 8064K, reserved 1048576K
}

