# JRE version: Java(TM) SE Runtime Environment (8.0_20-b17) (build 1.8.0_20-ea-b17)
# Java VM: Java HotSpot(TM) 64-Bit Server VM (25.20-b17 mixed mode linux-amd64 compressed oops)
Heap:
 PSYoungGen      total 259584K, used 92966K [0x000000076ce00000, 0x0000000780800000, 0x00000007c0000000)
  eden space 239616K, 38% used [0x000000076ce00000,0x00000007728c99e0,0x000000077b800000)
  from space 19968K, 0% used [0x000000077b800000,0x000000077b800000,0x000000077cb80000)
  to   space 20480K, 0% used [0x000000077f400000,0x000000077f400000,0x0000000780800000)
 ParOldGen       total 249856K, used 34675K [0x00000006c6a00000, 0x00000006d5e00000, 0x000000076ce00000)
  object space 249856K, 13% used [0x00000006c6a00000,0x00000006c8bdcf00,0x00000006d5e00000)
 Metaspace       used 57735K, capacity 58986K, committed 59164K, reserved 1099776K
  class space    used 8279K, capacity 8576K, committed 8704K, reserved 1048576K
GC Heap History (10 events):
Event: 5.475 GC heap before
{Heap before GC invocations=10 (full 2):
 PSYoungGen      total 157184K, used 142336K [0x000000076ce00000, 0x000000077bc80000, 0x00000007c0000000)
  eden space 142336K, 100% used [0x000000076ce00000,0x0000000775900000,0x0000000775900000)
  from space 14848K, 0% used [0x0000000775900000,0x0000000775900000,0x0000000776780000)
  to   space 15872K, 0% used [0x000000077ad00000,0x000000077ad00000,0x000000077bc80000)
 ParOldGen       total 176640K, used 23665K [0x00000006c6a00000, 0x00000006d1680000, 0x000000076ce00000)
  object space 176640K, 13% used [0x00000006c6a00000,0x00000006c811c5e0,0x00000006d1680000)
 Metaspace       used 39185K, capacity 39790K, committed 40192K, reserved 1083392K
  class space    used 5674K, capacity 5810K, committed 5888K, reserved 1048576K
Event: 5.483 GC heap after
Heap after GC invocations=10 (full 2):
 PSYoungGen      total 205312K, used 6051K [0x000000076ce00000, 0x000000077b300000, 0x00000007c0000000)
  eden space 199168K, 0% used [0x000000076ce00000,0x000000076ce00000,0x0000000779080000)
  from space 6144K, 98% used [0x000000077ad00000,0x000000077b2e8f30,0x000000077b300000)
  to   space 15872K, 0% used [0x0000000779400000,0x0000000779400000,0x000000077a380000)
 ParOldGen       total 176640K, used 23673K [0x00000006c6a00000, 0x00000006d1680000, 0x000000076ce00000)
  object space 176640K, 13% used [0x00000006c6a00000,0x00000006c811e5e0,0x00000006d1680000)
 Metaspace       used 39185K, capacity 39790K, committed 40192K, reserved 1083392K
  class space    used 5674K, capacity 5810K, committed 5888K, reserved 1048576K
}
Event: 7.428 GC heap before
{Heap before GC invocations=11 (full 2):
 PSYoungGen      total 205312K, used 205219K [0x000000076ce00000, 0x000000077b300000, 0x00000007c0000000)
  eden space 199168K, 100% used [0x000000076ce00000,0x0000000779080000,0x0000000779080000)
  from space 6144K, 98% used [0x000000077ad00000,0x000000077b2e8f30,0x000000077b300000)
  to   space 15872K, 0% used [0x0000000779400000,0x0000000779400000,0x000000077a380000)
 ParOldGen       total 176640K, used 23673K [0x00000006c6a00000, 0x00000006d1680000, 0x000000076ce00000)
  object space 176640K, 13% used [0x00000006c6a00000,0x00000006c811e5e0,0x00000006d1680000)
 Metaspace       used 48078K, capacity 48734K, committed 49152K, reserved 1091584K
  class space    used 6962K, capacity 7098K, committed 7168K, reserved 1048576K
Event: 7.440 GC heap after
Heap after GC invocations=11 (full 2):
 PSYoungGen      total 218624K, used 13336K [0x000000076ce00000, 0x000000077dc00000, 0x00000007c0000000)
  eden space 202752K, 0% used [0x000000076ce00000,0x000000076ce00000,0x0000000779400000)
  from space 15872K, 84% used [0x0000000779400000,0x000000077a106300,0x000000077a380000)
  to   space 16896K, 0% used [0x000000077cb80000,0x000000077cb80000,0x000000077dc00000)
 ParOldGen       total 176640K, used 23681K [0x00000006c6a00000, 0x00000006d1680000, 0x000000076ce00000)
  object space 176640K, 13% used [0x00000006c6a00000,0x00000006c81205e0,0x00000006d1680000)
 Metaspace       used 48078K, capacity 48734K, committed 49152K, reserved 1091584K
  class space    used 6962K, capacity 7098K, committed 7168K, reserved 1048576K
}
Event: 15.318 GC heap before
{Heap before GC invocations=12 (full 2):
 PSYoungGen      total 218624K, used 216088K [0x000000076ce00000, 0x000000077dc00000, 0x00000007c0000000)
  eden space 202752K, 100% used [0x000000076ce00000,0x0000000779400000,0x0000000779400000)
  from space 15872K, 84% used [0x0000000779400000,0x000000077a106300,0x000000077a380000)
  to   space 16896K, 0% used [0x000000077cb80000,0x000000077cb80000,0x000000077dc00000)
 ParOldGen       total 176640K, used 23681K [0x00000006c6a00000, 0x00000006d1680000, 0x000000076ce00000)
  object space 176640K, 13% used [0x00000006c6a00000,0x00000006c81205e0,0x00000006d1680000)
 Metaspace       used 56733K, capacity 57844K, committed 58112K, reserved 1099776K
  class space    used 8170K, capacity 8435K, committed 8448K, reserved 1048576K
Event: 15.340 GC heap after
Heap after GC invocations=12 (full 2):
 PSYoungGen      total 256512K, used 16889K [0x000000076ce00000, 0x000000077e080000, 0x00000007c0000000)
  eden space 239616K, 0% used [0x000000076ce00000,0x000000076ce00000,0x000000077b800000)
  from space 16896K, 99% used [0x000000077cb80000,0x000000077dbfe518,0x000000077dc00000)
  to   space 19968K, 0% used [0x000000077b800000,0x000000077b800000,0x000000077cb80000)
 ParOldGen       total 176640K, used 26580K [0x00000006c6a00000, 0x00000006d1680000, 0x000000076ce00000)
  object space 176640K, 15% used [0x00000006c6a00000,0x00000006c83f50e8,0x00000006d1680000)
 Metaspace       used 56733K, capacity 57844K, committed 58112K, reserved 1099776K
  class space    used 8170K, capacity 8435K, committed 8448K, reserved 1048576K
}
Event: 19.684 GC heap before
{Heap before GC invocations=13 (full 2):
 PSYoungGen      total 256512K, used 58177K [0x000000076ce00000, 0x000000077e080000, 0x00000007c0000000)
  eden space 239616K, 17% used [0x000000076ce00000,0x000000076f652210,0x000000077b800000)
  from space 16896K, 99% used [0x000000077cb80000,0x000000077dbfe518,0x000000077dc00000)
  to   space 19968K, 0% used [0x000000077b800000,0x000000077b800000,0x000000077cb80000)
 ParOldGen       total 176640K, used 26580K [0x00000006c6a00000, 0x00000006d1680000, 0x000000076ce00000)
  object space 176640K, 15% used [0x00000006c6a00000,0x00000006c83f50e8,0x00000006d1680000)
 Metaspace       used 57204K, capacity 58454K, committed 58524K, reserved 1099776K
  class space    used 8234K, capacity 8526K, committed 8576K, reserved 1048576K
Event: 19.703 GC heap after
Heap after GC invocations=13 (full 2):
 PSYoungGen      total 259584K, used 15100K [0x000000076ce00000, 0x0000000780800000, 0x00000007c0000000)
  eden space 239616K, 0% used [0x000000076ce00000,0x000000076ce00000,0x000000077b800000)
  from space 19968K, 75% used [0x000000077b800000,0x000000077c6bf358,0x000000077cb80000)
  to   space 20480K, 0% used [0x000000077f400000,0x000000077f400000,0x0000000780800000)
 ParOldGen       total 176640K, used 26588K [0x00000006c6a00000, 0x00000006d1680000, 0x000000076ce00000)
  object space 176640K, 15% used [0x00000006c6a00000,0x00000006c83f70e8,0x00000006d1680000)
 Metaspace       used 57204K, capacity 58454K, committed 58524K, reserved 1099776K
  class space    used 8234K, capacity 8526K, committed 8576K, reserved 1048576K
}
Event: 19.703 GC heap before
{Heap before GC invocations=14 (full 3):
 PSYoungGen      total 259584K, used 15100K [0x000000076ce00000, 0x0000000780800000, 0x00000007c0000000)
  eden space 239616K, 0% used [0x000000076ce00000,0x000000076ce00000,0x000000077b800000)
  from space 19968K, 75% used [0x000000077b800000,0x000000077c6bf358,0x000000077cb80000)
  to   space 20480K, 0% used [0x000000077f400000,0x000000077f400000,0x0000000780800000)
 ParOldGen       total 176640K, used 26588K [0x00000006c6a00000, 0x00000006d1680000, 0x000000076ce00000)
  object space 176640K, 15% used [0x00000006c6a00000,0x00000006c83f70e8,0x00000006d1680000)
 Metaspace       used 57204K, capacity 58454K, committed 58524K, reserved 1099776K
  class space    used 8234K, capacity 8526K, committed 8576K, reserved 1048576K
Event: 19.889 GC heap after
Heap after GC invocations=14 (full 3):
 PSYoungGen      total 259584K, used 0K [0x000000076ce00000, 0x0000000780800000, 0x00000007c0000000)
  eden space 239616K, 0% used [0x000000076ce00000,0x000000076ce00000,0x000000077b800000)
  from space 19968K, 0% used [0x000000077b800000,0x000000077b800000,0x000000077cb80000)
  to   space 20480K, 0% used [0x000000077f400000,0x000000077f400000,0x0000000780800000)
 ParOldGen       total 249856K, used 34675K [0x00000006c6a00000, 0x00000006d5e00000, 0x000000076ce00000)
  object space 249856K, 13% used [0x00000006c6a00000,0x00000006c8bdcf00,0x00000006d5e00000)
 Metaspace       used 57144K, capacity 58370K, committed 58524K, reserved 1099776K
  class space    used 8233K, capacity 8522K, committed 8576K, reserved 1048576K
}

