# JRE version: Java(TM) SE Runtime Environment (8.0_20-b17) (build 1.8.0_20-ea-b17)
# Java VM: Java HotSpot(TM) 64-Bit Server VM (25.20-b17 mixed mode linux-amd64 compressed oops)
Heap:
 PSYoungGen      total 397824K, used 126701K [0x000000076ce00000, 0x0000000787080000, 0x00000007c0000000)
  eden space 382464K, 33% used [0x000000076ce00000,0x00000007749bb508,0x0000000784380000)
  from space 15360K, 0% used [0x0000000786180000,0x0000000786180000,0x0000000787080000)
  to   space 19968K, 0% used [0x0000000784980000,0x0000000784980000,0x0000000785d00000)
 ParOldGen       total 255488K, used 41611K [0x00000006c6a00000, 0x00000006d6380000, 0x000000076ce00000)
  object space 255488K, 16% used [0x00000006c6a00000,0x00000006c92a2c88,0x00000006d6380000)
 Metaspace       used 58022K, capacity 59160K, committed 59368K, reserved 1099776K
  class space    used 8303K, capacity 8573K, committed 8704K, reserved 1048576K
GC Heap History (10 events):
Event: 5.301 GC heap before
{Heap before GC invocations=7 (full 1):
 PSYoungGen      total 267264K, used 91435K [0x000000076ce00000, 0x0000000780180000, 0x00000007c0000000)
  eden space 257024K, 33% used [0x000000076ce00000,0x000000077214f528,0x000000077c900000)
  from space 10240K, 59% used [0x000000077c900000,0x000000077cefba90,0x000000077d300000)
  to   space 15360K, 0% used [0x000000077f280000,0x000000077f280000,0x0000000780180000)
 ParOldGen       total 113152K, used 13492K [0x00000006c6a00000, 0x00000006cd880000, 0x000000076ce00000)
  object space 113152K, 11% used [0x00000006c6a00000,0x00000006c772d0d8,0x00000006cd880000)
 Metaspace       used 34652K, capacity 35082K, committed 35320K, reserved 1079296K
  class space    used 4591K, capacity 4705K, committed 4736K, reserved 1048576K
Event: 5.312 GC heap after
Heap after GC invocations=7 (full 1):
 PSYoungGen      total 298496K, used 13115K [0x000000076ce00000, 0x0000000785b80000, 0x00000007c0000000)
  eden space 283136K, 0% used [0x000000076ce00000,0x000000076ce00000,0x000000077e280000)
  from space 15360K, 85% used [0x000000077f280000,0x000000077ff4ed60,0x0000000780180000)
  to   space 16384K, 0% used [0x000000077e280000,0x000000077e280000,0x000000077f280000)
 ParOldGen       total 113152K, used 13500K [0x00000006c6a00000, 0x00000006cd880000, 0x000000076ce00000)
  object space 113152K, 11% used [0x00000006c6a00000,0x00000006c772f0d8,0x00000006cd880000)
 Metaspace       used 34652K, capacity 35082K, committed 35320K, reserved 1079296K
  class space    used 4591K, capacity 4705K, committed 4736K, reserved 1048576K
}
Event: 5.312 GC heap before
{Heap before GC invocations=8 (full 2):
 PSYoungGen      total 298496K, used 13115K [0x000000076ce00000, 0x0000000785b80000, 0x00000007c0000000)
  eden space 283136K, 0% used [0x000000076ce00000,0x000000076ce00000,0x000000077e280000)
  from space 15360K, 85% used [0x000000077f280000,0x000000077ff4ed60,0x0000000780180000)
  to   space 16384K, 0% used [0x000000077e280000,0x000000077e280000,0x000000077f280000)
 ParOldGen       total 113152K, used 13500K [0x00000006c6a00000, 0x00000006cd880000, 0x000000076ce00000)
  object space 113152K, 11% used [0x00000006c6a00000,0x00000006c772f0d8,0x00000006cd880000)
 Metaspace       used 34652K, capacity 35082K, committed 35320K, reserved 1079296K
  class space    used 4591K, capacity 4705K, committed 4736K, reserved 1048576K
Event: 5.376 GC heap after
Heap after GC invocations=8 (full 2):
 PSYoungGen      total 298496K, used 0K [0x000000076ce00000, 0x0000000785b80000, 0x00000007c0000000)
  eden space 283136K, 0% used [0x000000076ce00000,0x000000076ce00000,0x000000077e280000)
  from space 15360K, 0% used [0x000000077f280000,0x000000077f280000,0x0000000780180000)
  to   space 16384K, 0% used [0x000000077e280000,0x000000077e280000,0x000000077f280000)
 ParOldGen       total 176128K, used 23653K [0x00000006c6a00000, 0x00000006d1600000, 0x000000076ce00000)
  object space 176128K, 13% used [0x00000006c6a00000,0x00000006c81194b0,0x00000006d1600000)
 Metaspace       used 34652K, capacity 35082K, committed 35320K, reserved 1079296K
  class space    used 4591K, capacity 4705K, committed 4736K, reserved 1048576K
}
Event: 7.279 GC heap before
{Heap before GC invocations=9 (full 2):
 PSYoungGen      total 298496K, used 283136K [0x000000076ce00000, 0x0000000785b80000, 0x00000007c0000000)
  eden space 283136K, 100% used [0x000000076ce00000,0x000000077e280000,0x000000077e280000)
  from space 15360K, 0% used [0x000000077f280000,0x000000077f280000,0x0000000780180000)
  to   space 16384K, 0% used [0x000000077e280000,0x000000077e280000,0x000000077f280000)
 ParOldGen       total 176128K, used 23653K [0x00000006c6a00000, 0x00000006d1600000, 0x000000076ce00000)
  object space 176128K, 13% used [0x00000006c6a00000,0x00000006c81194b0,0x00000006d1600000)
 Metaspace       used 44274K, capacity 44786K, committed 45184K, reserved 1087488K
  class space    used 6567K, capacity 6680K, committed 6784K, reserved 1048576K
Event: 7.291 GC heap after
Heap after GC invocations=9 (full 2):
 PSYoungGen      total 299520K, used 10626K [0x000000076ce00000, 0x0000000787080000, 0x00000007c0000000)
  eden space 283136K, 0% used [0x000000076ce00000,0x000000076ce00000,0x000000077e280000)
  from space 16384K, 64% used [0x000000077e280000,0x000000077ece0a88,0x000000077f280000)
  to   space 15360K, 0% used [0x0000000786180000,0x0000000786180000,0x0000000787080000)
 ParOldGen       total 176128K, used 23661K [0x00000006c6a00000, 0x00000006d1600000, 0x000000076ce00000)
  object space 176128K, 13% used [0x00000006c6a00000,0x00000006c811b4b0,0x00000006d1600000)
 Metaspace       used 44274K, capacity 44786K, committed 45184K, reserved 1087488K
  class space    used 6567K, capacity 6680K, committed 6784K, reserved 1048576K
}
Event: 15.280 GC heap before
{Heap before GC invocations=10 (full 2):
 PSYoungGen      total 299520K, used 270223K [0x000000076ce00000, 0x0000000787080000, 0x00000007c0000000)
  eden space 283136K, 91% used [0x000000076ce00000,0x000000077cb832d8,0x000000077e280000)
  from space 16384K, 64% used [0x000000077e280000,0x000000077ece0a88,0x000000077f280000)
  to   space 15360K, 0% used [0x0000000786180000,0x0000000786180000,0x0000000787080000)
 ParOldGen       total 176128K, used 23661K [0x00000006c6a00000, 0x00000006d1600000, 0x000000076ce00000)
  object space 176128K, 13% used [0x00000006c6a00000,0x00000006c811b4b0,0x00000006d1600000)
 Metaspace       used 57298K, capacity 58356K, committed 58472K, reserved 1099776K
  class space    used 8252K, capacity 8504K, committed 8576K, reserved 1048576K
Event: 15.298 GC heap after
Heap after GC invocations=10 (full 2):
 PSYoungGen      total 397824K, used 15341K [0x000000076ce00000, 0x0000000787080000, 0x00000007c0000000)
  eden space 382464K, 0% used [0x000000076ce00000,0x000000076ce00000,0x0000000784380000)
  from space 15360K, 99% used [0x0000000786180000,0x000000078707b748,0x0000000787080000)
  to   space 19968K, 0% used [0x0000000784980000,0x0000000784980000,0x0000000785d00000)
 ParOldGen       total 176128K, used 30700K [0x00000006c6a00000, 0x00000006d1600000, 0x000000076ce00000)
  object space 176128K, 17% used [0x00000006c6a00000,0x00000006c87fb2c0,0x00000006d1600000)
 Metaspace       used 57298K, capacity 58356K, committed 58472K, reserved 1099776K
  class space    used 8252K, capacity 8504K, committed 8576K, reserved 1048576K
}
Event: 15.298 GC heap before
{Heap before GC invocations=11 (full 3):
 PSYoungGen      total 397824K, used 15341K [0x000000076ce00000, 0x0000000787080000, 0x00000007c0000000)
  eden space 382464K, 0% used [0x000000076ce00000,0x000000076ce00000,0x0000000784380000)
  from space 15360K, 99% used [0x0000000786180000,0x000000078707b748,0x0000000787080000)
  to   space 19968K, 0% used [0x0000000784980000,0x0000000784980000,0x0000000785d00000)
 ParOldGen       total 176128K, used 30700K [0x00000006c6a00000, 0x00000006d1600000, 0x000000076ce00000)
  object space 176128K, 17% used [0x00000006c6a00000,0x00000006c87fb2c0,0x00000006d1600000)
 Metaspace       used 57298K, capacity 58356K, committed 58472K, reserved 1099776K
  class space    used 8252K, capacity 8504K, committed 8576K, reserved 1048576K
Event: 15.522 GC heap after
Heap after GC invocations=11 (full 3):
 PSYoungGen      total 397824K, used 0K [0x000000076ce00000, 0x0000000787080000, 0x00000007c0000000)
  eden space 382464K, 0% used [0x000000076ce00000,0x000000076ce00000,0x0000000784380000)
  from space 15360K, 0% used [0x0000000786180000,0x0000000786180000,0x0000000787080000)
  to   space 19968K, 0% used [0x0000000784980000,0x0000000784980000,0x0000000785d00000)
 ParOldGen       total 255488K, used 41611K [0x00000006c6a00000, 0x00000006d6380000, 0x000000076ce00000)
  object space 255488K, 16% used [0x00000006c6a00000,0x00000006c92a2c88,0x00000006d6380000)
 Metaspace       used 57227K, capacity 58258K, committed 58472K, reserved 1099776K
  class space    used 8250K, capacity 8498K, committed 8576K, reserved 1048576K
}

