# JRE version: Java(TM) SE Runtime Environment (8.0_20-b17) (build 1.8.0_20-ea-b17)
# Java VM: Java HotSpot(TM) 64-Bit Server VM (25.20-b17 mixed mode linux-amd64 compressed oops)
Heap:
 PSYoungGen      total 294400K, used 19555K [0x000000076ce00000, 0x0000000783480000, 0x00000007c0000000)
  eden space 273408K, 7% used [0x000000076ce00000,0x000000076e118e00,0x000000077d900000)
  from space 20992K, 0% used [0x000000077d900000,0x000000077d900000,0x000000077ed80000)
  to   space 21504K, 0% used [0x0000000781f80000,0x0000000781f80000,0x0000000783480000)
 ParOldGen       total 219136K, used 34619K [0x00000006c6a00000, 0x00000006d4000000, 0x000000076ce00000)
  object space 219136K, 15% used [0x00000006c6a00000,0x00000006c8bcee70,0x00000006d4000000)
 Metaspace       used 57371K, capacity 58480K, committed 58728K, reserved 1099776K
  class space    used 8174K, capacity 8433K, committed 8448K, reserved 1048576K
GC Heap History (10 events):
Event: 6.742 GC heap before
{Heap before GC invocations=10 (full 2):
 PSYoungGen      total 171008K, used 156160K [0x000000076ce00000, 0x000000077cf00000, 0x00000007c0000000)
  eden space 156160K, 100% used [0x000000076ce00000,0x0000000776680000,0x0000000776680000)
  from space 14848K, 0% used [0x0000000776680000,0x0000000776680000,0x0000000777500000)
  to   space 15872K, 0% used [0x000000077bf80000,0x000000077bf80000,0x000000077cf00000)
 ParOldGen       total 160768K, used 23637K [0x00000006c6a00000, 0x00000006d0700000, 0x000000076ce00000)
  object space 160768K, 14% used [0x00000006c6a00000,0x00000006c8115600,0x00000006d0700000)
 Metaspace       used 39695K, capacity 40206K, committed 40448K, reserved 1083392K
  class space    used 5727K, capacity 5842K, committed 5888K, reserved 1048576K
Event: 6.749 GC heap after
Heap after GC invocations=10 (full 2):
 PSYoungGen      total 235008K, used 6140K [0x000000076ce00000, 0x000000077c900000, 0x00000007c0000000)
  eden space 225280K, 0% used [0x000000076ce00000,0x000000076ce00000,0x000000077aa00000)
  from space 9728K, 63% used [0x000000077bf80000,0x000000077c57f0b0,0x000000077c900000)
  to   space 15872K, 0% used [0x000000077aa00000,0x000000077aa00000,0x000000077b980000)
 ParOldGen       total 160768K, used 23645K [0x00000006c6a00000, 0x00000006d0700000, 0x000000076ce00000)
  object space 160768K, 14% used [0x00000006c6a00000,0x00000006c8117600,0x00000006d0700000)
 Metaspace       used 39695K, capacity 40206K, committed 40448K, reserved 1083392K
  class space    used 5727K, capacity 5842K, committed 5888K, reserved 1048576K
}
Event: 11.306 GC heap before
{Heap before GC invocations=11 (full 2):
 PSYoungGen      total 235008K, used 231420K [0x000000076ce00000, 0x000000077c900000, 0x00000007c0000000)
  eden space 225280K, 100% used [0x000000076ce00000,0x000000077aa00000,0x000000077aa00000)
  from space 9728K, 63% used [0x000000077bf80000,0x000000077c57f0b0,0x000000077c900000)
  to   space 15872K, 0% used [0x000000077aa00000,0x000000077aa00000,0x000000077b980000)
 ParOldGen       total 160768K, used 23645K [0x00000006c6a00000, 0x00000006d0700000, 0x000000076ce00000)
  object space 160768K, 14% used [0x00000006c6a00000,0x00000006c8117600,0x00000006d0700000)
 Metaspace       used 51904K, capacity 52472K, committed 52992K, reserved 1095680K
  class space    used 7433K, capacity 7561K, committed 7680K, reserved 1048576K
Event: 11.322 GC heap after
Heap after GC invocations=11 (full 2):
 PSYoungGen      total 241152K, used 15857K [0x000000076ce00000, 0x0000000780280000, 0x00000007c0000000)
  eden space 225280K, 0% used [0x000000076ce00000,0x000000076ce00000,0x000000077aa00000)
  from space 15872K, 99% used [0x000000077aa00000,0x000000077b97c628,0x000000077b980000)
  to   space 18944K, 0% used [0x000000077f000000,0x000000077f000000,0x0000000780280000)
 ParOldGen       total 160768K, used 25752K [0x00000006c6a00000, 0x00000006d0700000, 0x000000076ce00000)
  object space 160768K, 16% used [0x00000006c6a00000,0x00000006c83263d8,0x00000006d0700000)
 Metaspace       used 51904K, capacity 52472K, committed 52992K, reserved 1095680K
  class space    used 7433K, capacity 7561K, committed 7680K, reserved 1048576K
}
Event: 70.580 GC heap before
{Heap before GC invocations=12 (full 2):
 PSYoungGen      total 241152K, used 241137K [0x000000076ce00000, 0x0000000780280000, 0x00000007c0000000)
  eden space 225280K, 100% used [0x000000076ce00000,0x000000077aa00000,0x000000077aa00000)
  from space 15872K, 99% used [0x000000077aa00000,0x000000077b97c628,0x000000077b980000)
  to   space 18944K, 0% used [0x000000077f000000,0x000000077f000000,0x0000000780280000)
 ParOldGen       total 160768K, used 25752K [0x00000006c6a00000, 0x00000006d0700000, 0x000000076ce00000)
  object space 160768K, 16% used [0x00000006c6a00000,0x00000006c83263d8,0x00000006d0700000)
 Metaspace       used 57280K, capacity 58412K, committed 58472K, reserved 1099776K
  class space    used 8154K, capacity 8433K, committed 8448K, reserved 1048576K
Event: 70.603 GC heap after
Heap after GC invocations=12 (full 2):
 PSYoungGen      total 287744K, used 17948K [0x000000076ce00000, 0x0000000780200000, 0x00000007c0000000)
  eden space 269312K, 0% used [0x000000076ce00000,0x000000076ce00000,0x000000077d500000)
  from space 18432K, 97% used [0x000000077f000000,0x00000007801873f8,0x0000000780200000)
  to   space 20992K, 0% used [0x000000077d900000,0x000000077d900000,0x000000077ed80000)
 ParOldGen       total 160768K, used 25760K [0x00000006c6a00000, 0x00000006d0700000, 0x000000076ce00000)
  object space 160768K, 16% used [0x00000006c6a00000,0x00000006c83283d8,0x00000006d0700000)
 Metaspace       used 57280K, capacity 58412K, committed 58472K, reserved 1099776K
  class space    used 8154K, capacity 8433K, committed 8448K, reserved 1048576K
}
Event: 71.603 GC heap before
{Heap before GC invocations=13 (full 2):
 PSYoungGen      total 287744K, used 31902K [0x000000076ce00000, 0x0000000780200000, 0x00000007c0000000)
  eden space 269312K, 5% used [0x000000076ce00000,0x000000076dba04e0,0x000000077d500000)
  from space 18432K, 97% used [0x000000077f000000,0x00000007801873f8,0x0000000780200000)
  to   space 20992K, 0% used [0x000000077d900000,0x000000077d900000,0x000000077ed80000)
 ParOldGen       total 160768K, used 25760K [0x00000006c6a00000, 0x00000006d0700000, 0x000000076ce00000)
  object space 160768K, 16% used [0x00000006c6a00000,0x00000006c83283d8,0x00000006d0700000)
 Metaspace       used 57297K, capacity 58412K, committed 58472K, reserved 1099776K
  class space    used 8155K, capacity 8433K, committed 8448K, reserved 1048576K
Event: 71.618 GC heap after
Heap after GC invocations=13 (full 2):
 PSYoungGen      total 294400K, used 15214K [0x000000076ce00000, 0x0000000783480000, 0x00000007c0000000)
  eden space 273408K, 0% used [0x000000076ce00000,0x000000076ce00000,0x000000077d900000)
  from space 20992K, 72% used [0x000000077d900000,0x000000077e7db9f8,0x000000077ed80000)
  to   space 21504K, 0% used [0x0000000781f80000,0x0000000781f80000,0x0000000783480000)
 ParOldGen       total 160768K, used 25768K [0x00000006c6a00000, 0x00000006d0700000, 0x000000076ce00000)
  object space 160768K, 16% used [0x00000006c6a00000,0x00000006c832a3d8,0x00000006d0700000)
 Metaspace       used 57297K, capacity 58412K, committed 58472K, reserved 1099776K
  class space    used 8155K, capacity 8433K, committed 8448K, reserved 1048576K
}
Event: 71.618 GC heap before
{Heap before GC invocations=14 (full 3):
 PSYoungGen      total 294400K, used 15214K [0x000000076ce00000, 0x0000000783480000, 0x00000007c0000000)
  eden space 273408K, 0% used [0x000000076ce00000,0x000000076ce00000,0x000000077d900000)
  from space 20992K, 72% used [0x000000077d900000,0x000000077e7db9f8,0x000000077ed80000)
  to   space 21504K, 0% used [0x0000000781f80000,0x0000000781f80000,0x0000000783480000)
 ParOldGen       total 160768K, used 25768K [0x00000006c6a00000, 0x00000006d0700000, 0x000000076ce00000)
  object space 160768K, 16% used [0x00000006c6a00000,0x00000006c832a3d8,0x00000006d0700000)
 Metaspace       used 57297K, capacity 58412K, committed 58472K, reserved 1099776K
  class space    used 8155K, capacity 8433K, committed 8448K, reserved 1048576K
Event: 71.813 GC heap after
Heap after GC invocations=14 (full 3):
 PSYoungGen      total 294400K, used 0K [0x000000076ce00000, 0x0000000783480000, 0x00000007c0000000)
  eden space 273408K, 0% used [0x000000076ce00000,0x000000076ce00000,0x000000077d900000)
  from space 20992K, 0% used [0x000000077d900000,0x000000077d900000,0x000000077ed80000)
  to   space 21504K, 0% used [0x0000000781f80000,0x0000000781f80000,0x0000000783480000)
 ParOldGen       total 219136K, used 34619K [0x00000006c6a00000, 0x00000006d4000000, 0x000000076ce00000)
  object space 219136K, 15% used [0x00000006c6a00000,0x00000006c8bcee70,0x00000006d4000000)
 Metaspace       used 57237K, capacity 58328K, committed 58472K, reserved 1099776K
  class space    used 8154K, capacity 8429K, committed 8448K, reserved 1048576K
}

