# JRE version: Java(TM) SE Runtime Environment (8.0_20-b17) (build 1.8.0_20-ea-b17)
# Java VM: Java HotSpot(TM) 64-Bit Server VM (25.20-b17 mixed mode linux-amd64 compressed oops)
Heap:
 PSYoungGen      total 377344K, used 272047K [0x000000076ce00000, 0x0000000787200000, 0x00000007c0000000)
  eden space 357376K, 71% used [0x000000076ce00000,0x000000077c8d8c10,0x0000000782b00000)
  from space 19968K, 76% used [0x0000000782b00000,0x00000007839d3310,0x0000000783e80000)
  to   space 20480K, 0% used [0x0000000785e00000,0x0000000785e00000,0x0000000787200000)
 ParOldGen       total 195072K, used 28176K [0x00000006c6a00000, 0x00000006d2880000, 0x000000076ce00000)
  object space 195072K, 14% used [0x00000006c6a00000,0x00000006c8584298,0x00000006d2880000)
 Metaspace       used 55559K, capacity 56902K, committed 57208K, reserved 1097728K
  class space    used 7627K, capacity 7936K, committed 8056K, reserved 1048576K
GC Heap History (10 events):
Event: 6.908 GC heap before
{Heap before GC invocations=9 (full 2):
 PSYoungGen      total 256000K, used 247296K [0x000000076ce00000, 0x0000000782c80000, 0x00000007c0000000)
  eden space 247296K, 100% used [0x000000076ce00000,0x000000077bf80000,0x000000077bf80000)
  from space 8704K, 0% used [0x000000077cf00000,0x000000077cf00000,0x000000077d780000)
  to   space 15872K, 0% used [0x000000077bf80000,0x000000077bf80000,0x000000077cf00000)
 ParOldGen       total 195072K, used 23753K [0x00000006c6a00000, 0x00000006d2880000, 0x000000076ce00000)
  object space 195072K, 12% used [0x00000006c6a00000,0x00000006c8132510,0x00000006d2880000)
 Metaspace       used 40948K, capacity 41486K, committed 41720K, reserved 1085440K
  class space    used 5914K, capacity 6034K, committed 6136K, reserved 1048576K
Event: 6.921 GC heap after
Heap after GC invocations=9 (full 2):
 PSYoungGen      total 263168K, used 9682K [0x000000076ce00000, 0x0000000782e00000, 0x00000007c0000000)
  eden space 247296K, 0% used [0x000000076ce00000,0x000000076ce00000,0x000000077bf80000)
  from space 15872K, 61% used [0x000000077bf80000,0x000000077c8f4908,0x000000077cf00000)
  to   space 15360K, 0% used [0x0000000781f00000,0x0000000781f00000,0x0000000782e00000)
 ParOldGen       total 195072K, used 23761K [0x00000006c6a00000, 0x00000006d2880000, 0x000000076ce00000)
  object space 195072K, 12% used [0x00000006c6a00000,0x00000006c8134510,0x00000006d2880000)
 Metaspace       used 40948K, capacity 41486K, committed 41720K, reserved 1085440K
  class space    used 5914K, capacity 6034K, committed 6136K, reserved 1048576K
}
Event: 32.846 GC heap before
{Heap before GC invocations=10 (full 2):
 PSYoungGen      total 263168K, used 256978K [0x000000076ce00000, 0x0000000782e00000, 0x00000007c0000000)
  eden space 247296K, 100% used [0x000000076ce00000,0x000000077bf80000,0x000000077bf80000)
  from space 15872K, 61% used [0x000000077bf80000,0x000000077c8f4908,0x000000077cf00000)
  to   space 15360K, 0% used [0x0000000781f00000,0x0000000781f00000,0x0000000782e00000)
 ParOldGen       total 195072K, used 23761K [0x00000006c6a00000, 0x00000006d2880000, 0x000000076ce00000)
  object space 195072K, 12% used [0x00000006c6a00000,0x00000006c8134510,0x00000006d2880000)
 Metaspace       used 53090K, capacity 54176K, committed 54264K, reserved 1095680K
  class space    used 7427K, capacity 7669K, committed 7672K, reserved 1048576K
Event: 32.864 GC heap after
Heap after GC invocations=10 (full 2):
 PSYoungGen      total 330752K, used 15351K [0x000000076ce00000, 0x0000000782e00000, 0x00000007c0000000)
  eden space 315392K, 0% used [0x000000076ce00000,0x000000076ce00000,0x0000000780200000)
  from space 15360K, 99% used [0x0000000781f00000,0x0000000782dfdea8,0x0000000782e00000)
  to   space 18944K, 0% used [0x0000000780900000,0x0000000780900000,0x0000000781b80000)
 ParOldGen       total 195072K, used 28152K [0x00000006c6a00000, 0x00000006d2880000, 0x000000076ce00000)
  object space 195072K, 14% used [0x00000006c6a00000,0x00000006c857e298,0x00000006d2880000)
 Metaspace       used 53090K, capacity 54176K, committed 54264K, reserved 1095680K
  class space    used 7427K, capacity 7669K, committed 7672K, reserved 1048576K
}
Event: 64.652 GC heap before
{Heap before GC invocations=11 (full 2):
 PSYoungGen      total 330752K, used 330743K [0x000000076ce00000, 0x0000000782e00000, 0x00000007c0000000)
  eden space 315392K, 100% used [0x000000076ce00000,0x0000000780200000,0x0000000780200000)
  from space 15360K, 99% used [0x0000000781f00000,0x0000000782dfdea8,0x0000000782e00000)
  to   space 18944K, 0% used [0x0000000780900000,0x0000000780900000,0x0000000781b80000)
 ParOldGen       total 195072K, used 28152K [0x00000006c6a00000, 0x00000006d2880000, 0x000000076ce00000)
  object space 195072K, 14% used [0x00000006c6a00000,0x00000006c857e298,0x00000006d2880000)
 Metaspace       used 54577K, capacity 55850K, committed 56056K, reserved 1097728K
  class space    used 7599K, capacity 7868K, committed 7928K, reserved 1048576K
Event: 64.667 GC heap after
Heap after GC invocations=11 (full 2):
 PSYoungGen      total 341504K, used 14958K [0x000000076ce00000, 0x0000000785180000, 0x00000007c0000000)
  eden space 322560K, 0% used [0x000000076ce00000,0x000000076ce00000,0x0000000780900000)
  from space 18944K, 78% used [0x0000000780900000,0x000000078179ba40,0x0000000781b80000)
  to   space 19456K, 0% used [0x0000000783e80000,0x0000000783e80000,0x0000000785180000)
 ParOldGen       total 195072K, used 28160K [0x00000006c6a00000, 0x00000006d2880000, 0x000000076ce00000)
  object space 195072K, 14% used [0x00000006c6a00000,0x00000006c8580298,0x00000006d2880000)
 Metaspace       used 54577K, capacity 55850K, committed 56056K, reserved 1097728K
  class space    used 7599K, capacity 7868K, committed 7928K, reserved 1048576K
}
Event: 93.731 GC heap before
{Heap before GC invocations=12 (full 2):
 PSYoungGen      total 341504K, used 337465K [0x000000076ce00000, 0x0000000785180000, 0x00000007c0000000)
  eden space 322560K, 99% used [0x000000076ce00000,0x00000007808f2c00,0x0000000780900000)
  from space 18944K, 78% used [0x0000000780900000,0x000000078179ba40,0x0000000781b80000)
  to   space 19456K, 0% used [0x0000000783e80000,0x0000000783e80000,0x0000000785180000)
 ParOldGen       total 195072K, used 28160K [0x00000006c6a00000, 0x00000006d2880000, 0x000000076ce00000)
  object space 195072K, 14% used [0x00000006c6a00000,0x00000006c8580298,0x00000006d2880000)
 Metaspace       used 54885K, capacity 56142K, committed 56312K, reserved 1097728K
  class space    used 7602K, capacity 7900K, committed 7928K, reserved 1048576K
Event: 93.746 GC heap after
Heap after GC invocations=12 (full 2):
 PSYoungGen      total 376832K, used 15119K [0x000000076ce00000, 0x0000000785280000, 0x00000007c0000000)
  eden space 357376K, 0% used [0x000000076ce00000,0x000000076ce00000,0x0000000782b00000)
  from space 19456K, 77% used [0x0000000783e80000,0x0000000784d43c08,0x0000000785180000)
  to   space 19968K, 0% used [0x0000000782b00000,0x0000000782b00000,0x0000000783e80000)
 ParOldGen       total 195072K, used 28168K [0x00000006c6a00000, 0x00000006d2880000, 0x000000076ce00000)
  object space 195072K, 14% used [0x00000006c6a00000,0x00000006c8582298,0x00000006d2880000)
 Metaspace       used 54885K, capacity 56142K, committed 56312K, reserved 1097728K
  class space    used 7602K, capacity 7900K, committed 7928K, reserved 1048576K
}
Event: 125.863 GC heap before
{Heap before GC invocations=13 (full 2):
 PSYoungGen      total 376832K, used 372495K [0x000000076ce00000, 0x0000000785280000, 0x00000007c0000000)
  eden space 357376K, 100% used [0x000000076ce00000,0x0000000782b00000,0x0000000782b00000)
  from space 19456K, 77% used [0x0000000783e80000,0x0000000784d43c08,0x0000000785180000)
  to   space 19968K, 0% used [0x0000000782b00000,0x0000000782b00000,0x0000000783e80000)
 ParOldGen       total 195072K, used 28168K [0x00000006c6a00000, 0x00000006d2880000, 0x000000076ce00000)
  object space 195072K, 14% used [0x00000006c6a00000,0x00000006c8582298,0x00000006d2880000)
 Metaspace       used 55176K, capacity 56398K, committed 56568K, reserved 1097728K
  class space    used 7602K, capacity 7900K, committed 7928K, reserved 1048576K
Event: 125.883 GC heap after
Heap after GC invocations=13 (full 2):
 PSYoungGen      total 377344K, used 15180K [0x000000076ce00000, 0x0000000787200000, 0x00000007c0000000)
  eden space 357376K, 0% used [0x000000076ce00000,0x000000076ce00000,0x0000000782b00000)
  from space 19968K, 76% used [0x0000000782b00000,0x00000007839d3310,0x0000000783e80000)
  to   space 20480K, 0% used [0x0000000785e00000,0x0000000785e00000,0x0000000787200000)
 ParOldGen       total 195072K, used 28176K [0x00000006c6a00000, 0x00000006d2880000, 0x000000076ce00000)
  object space 195072K, 14% used [0x00000006c6a00000,0x00000006c8584298,0x00000006d2880000)
 Metaspace       used 55176K, capacity 56398K, committed 56568K, reserved 1097728K
  class space    used 7602K, capacity 7900K, committed 7928K, reserved 1048576K
}

