# JRE version: Java(TM) SE Runtime Environment (8.0_20-b17) (build 1.8.0_20-ea-b17)
# Java VM: Java HotSpot(TM) 64-Bit Server VM (25.20-b17 mixed mode linux-amd64 compressed oops)
Heap:
 PSYoungGen      total 420864K, used 145352K [0x000000076ce00000, 0x000000078c700000, 0x00000007c0000000)
  eden space 400896K, 36% used [0x000000076ce00000,0x0000000775bf22f8,0x0000000785580000)
  from space 19968K, 0% used [0x0000000785580000,0x0000000785580000,0x0000000786900000)
  to   space 20480K, 0% used [0x000000078b300000,0x000000078b300000,0x000000078c700000)
 ParOldGen       total 233984K, used 34712K [0x00000006c6a00000, 0x00000006d4e80000, 0x000000076ce00000)
  object space 233984K, 14% used [0x00000006c6a00000,0x00000006c8be6208,0x00000006d4e80000)
 Metaspace       used 57930K, capacity 59156K, committed 59368K, reserved 1099776K
  class space    used 8294K, capacity 8583K, committed 8680K, reserved 1048576K
GC Heap History (10 events):
Event: 4.695 GC heap before
{Heap before GC invocations=8 (full 2):
 PSYoungGen      total 304128K, used 13118K [0x000000076ce00000, 0x0000000786280000, 0x00000007c0000000)
  eden space 289280K, 0% used [0x000000076ce00000,0x000000076ce00000,0x000000077e880000)
  from space 14848K, 88% used [0x000000077f800000,0x00000007804cf9c0,0x0000000780680000)
  to   space 15872K, 0% used [0x000000077e880000,0x000000077e880000,0x000000077f800000)
 ParOldGen       total 108544K, used 12805K [0x00000006c6a00000, 0x00000006cd400000, 0x000000076ce00000)
  object space 108544K, 11% used [0x00000006c6a00000,0x00000006c7681668,0x00000006cd400000)
 Metaspace       used 34672K, capacity 35082K, committed 35320K, reserved 1079296K
  class space    used 4596K, capacity 4705K, committed 4736K, reserved 1048576K
Event: 4.757 GC heap after
Heap after GC invocations=8 (full 2):
 PSYoungGen      total 304128K, used 0K [0x000000076ce00000, 0x0000000786280000, 0x00000007c0000000)
  eden space 289280K, 0% used [0x000000076ce00000,0x000000076ce00000,0x000000077e880000)
  from space 14848K, 0% used [0x000000077f800000,0x000000077f800000,0x0000000780680000)
  to   space 15872K, 0% used [0x000000077e880000,0x000000077e880000,0x000000077f800000)
 ParOldGen       total 169472K, used 23635K [0x00000006c6a00000, 0x00000006d0f80000, 0x000000076ce00000)
  object space 169472K, 13% used [0x00000006c6a00000,0x00000006c8114d18,0x00000006d0f80000)
 Metaspace       used 34672K, capacity 35082K, committed 35320K, reserved 1079296K
  class space    used 4596K, capacity 4705K, committed 4736K, reserved 1048576K
}
Event: 6.505 GC heap before
{Heap before GC invocations=9 (full 2):
 PSYoungGen      total 304128K, used 289280K [0x000000076ce00000, 0x0000000786280000, 0x00000007c0000000)
  eden space 289280K, 100% used [0x000000076ce00000,0x000000077e880000,0x000000077e880000)
  from space 14848K, 0% used [0x000000077f800000,0x000000077f800000,0x0000000780680000)
  to   space 15872K, 0% used [0x000000077e880000,0x000000077e880000,0x000000077f800000)
 ParOldGen       total 169472K, used 23635K [0x00000006c6a00000, 0x00000006d0f80000, 0x000000076ce00000)
  object space 169472K, 13% used [0x00000006c6a00000,0x00000006c8114d18,0x00000006d0f80000)
 Metaspace       used 45423K, capacity 46178K, committed 46464K, reserved 1089536K
  class space    used 6784K, capacity 6928K, committed 7040K, reserved 1048576K
Event: 6.514 GC heap after
Heap after GC invocations=9 (full 2):
 PSYoungGen      total 305152K, used 11921K [0x000000076ce00000, 0x0000000787c80000, 0x00000007c0000000)
  eden space 289280K, 0% used [0x000000076ce00000,0x000000076ce00000,0x000000077e880000)
  from space 15872K, 75% used [0x000000077e880000,0x000000077f424588,0x000000077f800000)
  to   space 15872K, 0% used [0x0000000786d00000,0x0000000786d00000,0x0000000787c80000)
 ParOldGen       total 169472K, used 23643K [0x00000006c6a00000, 0x00000006d0f80000, 0x000000076ce00000)
  object space 169472K, 13% used [0x00000006c6a00000,0x00000006c8116d18,0x00000006d0f80000)
 Metaspace       used 45423K, capacity 46178K, committed 46464K, reserved 1089536K
  class space    used 6784K, capacity 6928K, committed 7040K, reserved 1048576K
}
Event: 20.274 GC heap before
{Heap before GC invocations=10 (full 2):
 PSYoungGen      total 305152K, used 301201K [0x000000076ce00000, 0x0000000787c80000, 0x00000007c0000000)
  eden space 289280K, 100% used [0x000000076ce00000,0x000000077e880000,0x000000077e880000)
  from space 15872K, 75% used [0x000000077e880000,0x000000077f424588,0x000000077f800000)
  to   space 15872K, 0% used [0x0000000786d00000,0x0000000786d00000,0x0000000787c80000)
 ParOldGen       total 169472K, used 23643K [0x00000006c6a00000, 0x00000006d0f80000, 0x000000076ce00000)
  object space 169472K, 13% used [0x00000006c6a00000,0x00000006c8116d18,0x00000006d0f80000)
 Metaspace       used 57032K, capacity 58138K, committed 58472K, reserved 1099776K
  class space    used 8194K, capacity 8468K, committed 8552K, reserved 1048576K
Event: 20.302 GC heap after
Heap after GC invocations=10 (full 2):
 PSYoungGen      total 408064K, used 15869K [0x000000076ce00000, 0x0000000787c80000, 0x00000007c0000000)
  eden space 392192K, 0% used [0x000000076ce00000,0x000000076ce00000,0x0000000784d00000)
  from space 15872K, 99% used [0x0000000786d00000,0x0000000787c7f618,0x0000000787c80000)
  to   space 19968K, 0% used [0x0000000785580000,0x0000000785580000,0x0000000786900000)
 ParOldGen       total 169472K, used 28985K [0x00000006c6a00000, 0x00000006d0f80000, 0x000000076ce00000)
  object space 169472K, 17% used [0x00000006c6a00000,0x00000006c864e638,0x00000006d0f80000)
 Metaspace       used 57032K, capacity 58138K, committed 58472K, reserved 1099776K
  class space    used 8194K, capacity 8468K, committed 8552K, reserved 1048576K
}
Event: 21.447 GC heap before
{Heap before GC invocations=11 (full 2):
 PSYoungGen      total 408064K, used 41088K [0x000000076ce00000, 0x0000000787c80000, 0x00000007c0000000)
  eden space 392192K, 6% used [0x000000076ce00000,0x000000076e6a0be0,0x0000000784d00000)
  from space 15872K, 99% used [0x0000000786d00000,0x0000000787c7f618,0x0000000787c80000)
  to   space 19968K, 0% used [0x0000000785580000,0x0000000785580000,0x0000000786900000)
 ParOldGen       total 169472K, used 28985K [0x00000006c6a00000, 0x00000006d0f80000, 0x000000076ce00000)
  object space 169472K, 17% used [0x00000006c6a00000,0x00000006c864e638,0x00000006d0f80000)
 Metaspace       used 57244K, capacity 58412K, committed 58472K, reserved 1099776K
  class space    used 8217K, capacity 8493K, committed 8552K, reserved 1048576K
Event: 21.462 GC heap after
Heap after GC invocations=11 (full 2):
 PSYoungGen      total 420864K, used 15143K [0x000000076ce00000, 0x000000078c700000, 0x00000007c0000000)
  eden space 400896K, 0% used [0x000000076ce00000,0x000000076ce00000,0x0000000785580000)
  from space 19968K, 75% used [0x0000000785580000,0x0000000786449e88,0x0000000786900000)
  to   space 20480K, 0% used [0x000000078b300000,0x000000078b300000,0x000000078c700000)
 ParOldGen       total 169472K, used 28993K [0x00000006c6a00000, 0x00000006d0f80000, 0x000000076ce00000)
  object space 169472K, 17% used [0x00000006c6a00000,0x00000006c8650638,0x00000006d0f80000)
 Metaspace       used 57244K, capacity 58412K, committed 58472K, reserved 1099776K
  class space    used 8217K, capacity 8493K, committed 8552K, reserved 1048576K
}
Event: 21.462 GC heap before
{Heap before GC invocations=12 (full 3):
 PSYoungGen      total 420864K, used 15143K [0x000000076ce00000, 0x000000078c700000, 0x00000007c0000000)
  eden space 400896K, 0% used [0x000000076ce00000,0x000000076ce00000,0x0000000785580000)
  from space 19968K, 75% used [0x0000000785580000,0x0000000786449e88,0x0000000786900000)
  to   space 20480K, 0% used [0x000000078b300000,0x000000078b300000,0x000000078c700000)
 ParOldGen       total 169472K, used 28993K [0x00000006c6a00000, 0x00000006d0f80000, 0x000000076ce00000)
  object space 169472K, 17% used [0x00000006c6a00000,0x00000006c8650638,0x00000006d0f80000)
 Metaspace       used 57244K, capacity 58412K, committed 58472K, reserved 1099776K
  class space    used 8217K, capacity 8493K, committed 8552K, reserved 1048576K
Event: 21.645 GC heap after
Heap after GC invocations=12 (full 3):
 PSYoungGen      total 420864K, used 0K [0x000000076ce00000, 0x000000078c700000, 0x00000007c0000000)
  eden space 400896K, 0% used [0x000000076ce00000,0x000000076ce00000,0x0000000785580000)
  from space 19968K, 0% used [0x0000000785580000,0x0000000785580000,0x0000000786900000)
  to   space 20480K, 0% used [0x000000078b300000,0x000000078b300000,0x000000078c700000)
 ParOldGen       total 233984K, used 34712K [0x00000006c6a00000, 0x00000006d4e80000, 0x000000076ce00000)
  object space 233984K, 14% used [0x00000006c6a00000,0x00000006c8be6208,0x00000006d4e80000)
 Metaspace       used 57184K, capacity 58328K, committed 58472K, reserved 1099776K
  class space    used 8216K, capacity 8489K, committed 8552K, reserved 1048576K
}

