# JRE version: Java(TM) SE Runtime Environment (8.0_20-b17) (build 1.8.0_20-ea-b17)
# Java VM: Java HotSpot(TM) 64-Bit Server VM (25.20-b17 mixed mode linux-amd64 compressed oops)
Heap:
 PSYoungGen      total 267776K, used 243235K [0x000000076ce00000, 0x000000077ee80000, 0x00000007c0000000)
  eden space 251392K, 96% used [0x000000076ce00000,0x000000077bb88fa8,0x000000077c380000)
  from space 16384K, 0% used [0x000000077d700000,0x000000077d700000,0x000000077e700000)
  to   space 19968K, 0% used [0x000000077c380000,0x000000077c380000,0x000000077d700000)
 ParOldGen       total 247808K, used 40505K [0x00000006c6a00000, 0x00000006d5c00000, 0x000000076ce00000)
  object space 247808K, 16% used [0x00000006c6a00000,0x00000006c918e4b8,0x00000006d5c00000)
 Metaspace       used 58757K, capacity 59872K, committed 60160K, reserved 1101824K
  class space    used 8349K, capacity 8633K, committed 8704K, reserved 1048576K
GC Heap History (10 events):
Event: 4.983 GC heap before
{Heap before GC invocations=9 (full 2):
 PSYoungGen      total 162304K, used 13044K [0x000000076ce00000, 0x000000077c600000, 0x00000007c0000000)
  eden space 147456K, 0% used [0x000000076ce00000,0x000000076ce00000,0x0000000775e00000)
  from space 14848K, 87% used [0x0000000775e00000,0x0000000776abd200,0x0000000776c80000)
  to   space 15872K, 0% used [0x000000077b680000,0x000000077b680000,0x000000077c600000)
 ParOldGen       total 110080K, used 12845K [0x00000006c6a00000, 0x00000006cd580000, 0x000000076ce00000)
  object space 110080K, 11% used [0x00000006c6a00000,0x00000006c768b540,0x00000006cd580000)
 Metaspace       used 34710K, capacity 35114K, committed 35320K, reserved 1079296K
  class space    used 4556K, capacity 4673K, committed 4736K, reserved 1048576K
Event: 5.054 GC heap after
Heap after GC invocations=9 (full 2):
 PSYoungGen      total 162304K, used 0K [0x000000076ce00000, 0x000000077c600000, 0x00000007c0000000)
  eden space 147456K, 0% used [0x000000076ce00000,0x000000076ce00000,0x0000000775e00000)
  from space 14848K, 0% used [0x0000000775e00000,0x0000000775e00000,0x0000000776c80000)
  to   space 15872K, 0% used [0x000000077b680000,0x000000077b680000,0x000000077c600000)
 ParOldGen       total 173568K, used 23573K [0x00000006c6a00000, 0x00000006d1380000, 0x000000076ce00000)
  object space 173568K, 13% used [0x00000006c6a00000,0x00000006c8105740,0x00000006d1380000)
 Metaspace       used 34710K, capacity 35114K, committed 35320K, reserved 1079296K
  class space    used 4556K, capacity 4673K, committed 4736K, reserved 1048576K
}
Event: 6.186 GC heap before
{Heap before GC invocations=10 (full 2):
 PSYoungGen      total 162304K, used 147456K [0x000000076ce00000, 0x000000077c600000, 0x00000007c0000000)
  eden space 147456K, 100% used [0x000000076ce00000,0x0000000775e00000,0x0000000775e00000)
  from space 14848K, 0% used [0x0000000775e00000,0x0000000775e00000,0x0000000776c80000)
  to   space 15872K, 0% used [0x000000077b680000,0x000000077b680000,0x000000077c600000)
 ParOldGen       total 173568K, used 23573K [0x00000006c6a00000, 0x00000006d1380000, 0x000000076ce00000)
  object space 173568K, 13% used [0x00000006c6a00000,0x00000006c8105740,0x00000006d1380000)
 Metaspace       used 39607K, capacity 40110K, committed 40448K, reserved 1083392K
  class space    used 5743K, capacity 5874K, committed 5888K, reserved 1048576K
Event: 6.193 GC heap after
Heap after GC invocations=10 (full 2):
 PSYoungGen      total 212992K, used 6461K [0x000000076ce00000, 0x000000077bd00000, 0x00000007c0000000)
  eden space 206336K, 0% used [0x000000076ce00000,0x000000076ce00000,0x0000000779780000)
  from space 6656K, 97% used [0x000000077b680000,0x000000077bccf628,0x000000077bd00000)
  to   space 15872K, 0% used [0x0000000779e00000,0x0000000779e00000,0x000000077ad80000)
 ParOldGen       total 173568K, used 23581K [0x00000006c6a00000, 0x00000006d1380000, 0x000000076ce00000)
  object space 173568K, 13% used [0x00000006c6a00000,0x00000006c8107740,0x00000006d1380000)
 Metaspace       used 39607K, capacity 40110K, committed 40448K, reserved 1083392K
  class space    used 5743K, capacity 5874K, committed 5888K, reserved 1048576K
}
Event: 7.735 GC heap before
{Heap before GC invocations=11 (full 2):
 PSYoungGen      total 212992K, used 212797K [0x000000076ce00000, 0x000000077bd00000, 0x00000007c0000000)
  eden space 206336K, 100% used [0x000000076ce00000,0x0000000779780000,0x0000000779780000)
  from space 6656K, 97% used [0x000000077b680000,0x000000077bccf628,0x000000077bd00000)
  to   space 15872K, 0% used [0x0000000779e00000,0x0000000779e00000,0x000000077ad80000)
 ParOldGen       total 173568K, used 23581K [0x00000006c6a00000, 0x00000006d1380000, 0x000000076ce00000)
  object space 173568K, 13% used [0x00000006c6a00000,0x00000006c8107740,0x00000006d1380000)
 Metaspace       used 46231K, capacity 46802K, committed 47104K, reserved 1089536K
  class space    used 6786K, capacity 6904K, committed 6912K, reserved 1048576K
Event: 7.754 GC heap after
Heap after GC invocations=11 (full 2):
 PSYoungGen      total 228864K, used 12025K [0x000000076ce00000, 0x000000077e700000, 0x00000007c0000000)
  eden space 212992K, 0% used [0x000000076ce00000,0x000000076ce00000,0x0000000779e00000)
  from space 15872K, 75% used [0x0000000779e00000,0x000000077a9be568,0x000000077ad80000)
  to   space 16384K, 0% used [0x000000077d700000,0x000000077d700000,0x000000077e700000)
 ParOldGen       total 173568K, used 23589K [0x00000006c6a00000, 0x00000006d1380000, 0x000000076ce00000)
  object space 173568K, 13% used [0x00000006c6a00000,0x00000006c8109740,0x00000006d1380000)
 Metaspace       used 46231K, capacity 46802K, committed 47104K, reserved 1089536K
  class space    used 6786K, capacity 6904K, committed 6912K, reserved 1048576K
}
Event: 23.247 GC heap before
{Heap before GC invocations=12 (full 2):
 PSYoungGen      total 228864K, used 194369K [0x000000076ce00000, 0x000000077e700000, 0x00000007c0000000)
  eden space 212992K, 85% used [0x000000076ce00000,0x0000000778011f68,0x0000000779e00000)
  from space 15872K, 75% used [0x0000000779e00000,0x000000077a9be568,0x000000077ad80000)
  to   space 16384K, 0% used [0x000000077d700000,0x000000077d700000,0x000000077e700000)
 ParOldGen       total 173568K, used 23589K [0x00000006c6a00000, 0x00000006d1380000, 0x000000076ce00000)
  object space 173568K, 13% used [0x00000006c6a00000,0x00000006c8109740,0x00000006d1380000)
 Metaspace       used 57438K, capacity 58422K, committed 58496K, reserved 1099776K
  class space    used 8265K, capacity 8531K, committed 8576K, reserved 1048576K
Event: 23.272 GC heap after
Heap after GC invocations=12 (full 2):
 PSYoungGen      total 267776K, used 16369K [0x000000076ce00000, 0x000000077ee80000, 0x00000007c0000000)
  eden space 251392K, 0% used [0x000000076ce00000,0x000000076ce00000,0x000000077c380000)
  from space 16384K, 99% used [0x000000077d700000,0x000000077e6fc590,0x000000077e700000)
  to   space 19968K, 0% used [0x000000077c380000,0x000000077c380000,0x000000077d700000)
 ParOldGen       total 173568K, used 28348K [0x00000006c6a00000, 0x00000006d1380000, 0x000000076ce00000)
  object space 173568K, 16% used [0x00000006c6a00000,0x00000006c85af128,0x00000006d1380000)
 Metaspace       used 57438K, capacity 58422K, committed 58496K, reserved 1099776K
  class space    used 8265K, capacity 8531K, committed 8576K, reserved 1048576K
}
Event: 23.272 GC heap before
{Heap before GC invocations=13 (full 3):
 PSYoungGen      total 267776K, used 16369K [0x000000076ce00000, 0x000000077ee80000, 0x00000007c0000000)
  eden space 251392K, 0% used [0x000000076ce00000,0x000000076ce00000,0x000000077c380000)
  from space 16384K, 99% used [0x000000077d700000,0x000000077e6fc590,0x000000077e700000)
  to   space 19968K, 0% used [0x000000077c380000,0x000000077c380000,0x000000077d700000)
 ParOldGen       total 173568K, used 28348K [0x00000006c6a00000, 0x00000006d1380000, 0x000000076ce00000)
  object space 173568K, 16% used [0x00000006c6a00000,0x00000006c85af128,0x00000006d1380000)
 Metaspace       used 57438K, capacity 58422K, committed 58496K, reserved 1099776K
  class space    used 8265K, capacity 8531K, committed 8576K, reserved 1048576K
Event: 23.476 GC heap after
Heap after GC invocations=13 (full 3):
 PSYoungGen      total 267776K, used 0K [0x000000076ce00000, 0x000000077ee80000, 0x00000007c0000000)
  eden space 251392K, 0% used [0x000000076ce00000,0x000000076ce00000,0x000000077c380000)
  from space 16384K, 0% used [0x000000077d700000,0x000000077d700000,0x000000077e700000)
  to   space 19968K, 0% used [0x000000077c380000,0x000000077c380000,0x000000077d700000)
 ParOldGen       total 247808K, used 40505K [0x00000006c6a00000, 0x00000006d5c00000, 0x000000076ce00000)
  object space 247808K, 16% used [0x00000006c6a00000,0x00000006c918e4b8,0x00000006d5c00000)
 Metaspace       used 57367K, capacity 58324K, committed 58496K, reserved 1099776K
  class space    used 8263K, capacity 8525K, committed 8576K, reserved 1048576K
}

