# JRE version: Java(TM) SE Runtime Environment (8.0_20-b17) (build 1.8.0_20-ea-b17)
# Java VM: Java HotSpot(TM) 64-Bit Server VM (25.20-b17 mixed mode linux-amd64 compressed oops)
Heap:
 PSYoungGen      total 360960K, used 37039K [0x000000076ce00000, 0x0000000784c80000, 0x00000007c0000000)
  eden space 346112K, 6% used [0x000000076ce00000,0x000000076e3d0008,0x0000000782000000)
  from space 14848K, 99% used [0x0000000783380000,0x00000007841dbcb0,0x0000000784200000)
  to   space 10752K, 0% used [0x0000000784200000,0x0000000784200000,0x0000000784c80000)
 ParOldGen       total 179712K, used 27063K [0x00000006c6a00000, 0x00000006d1980000, 0x000000076ce00000)
  object space 179712K, 15% used [0x00000006c6a00000,0x00000006c846dec8,0x00000006d1980000)
 Metaspace       used 54922K, capacity 56126K, committed 56320K, reserved 1097728K
  class space    used 7593K, capacity 7892K, committed 7936K, reserved 1048576K
GC Heap History (10 events):
Event: 5.213 GC heap before
{Heap before GC invocations=7 (full 1):
 PSYoungGen      total 267264K, used 101283K [0x000000076ce00000, 0x000000077f380000, 0x00000007c0000000)
  eden space 257024K, 36% used [0x000000076ce00000,0x0000000772adb858,0x000000077c900000)
  from space 10240K, 60% used [0x000000077c900000,0x000000077cf0d5f0,0x000000077d300000)
  to   space 14336K, 0% used [0x000000077e580000,0x000000077e580000,0x000000077f380000)
 ParOldGen       total 112128K, used 12816K [0x00000006c6a00000, 0x00000006cd780000, 0x000000076ce00000)
  object space 112128K, 11% used [0x00000006c6a00000,0x00000006c76841a8,0x00000006cd780000)
 Metaspace       used 34703K, capacity 35114K, committed 35320K, reserved 1079296K
  class space    used 4560K, capacity 4673K, committed 4736K, reserved 1048576K
Event: 5.225 GC heap after
Heap after GC invocations=7 (full 1):
 PSYoungGen      total 284672K, used 13059K [0x000000076ce00000, 0x0000000785600000, 0x00000007c0000000)
  eden space 270336K, 0% used [0x000000076ce00000,0x000000076ce00000,0x000000077d600000)
  from space 14336K, 91% used [0x000000077e580000,0x000000077f240df8,0x000000077f380000)
  to   space 15872K, 0% used [0x000000077d600000,0x000000077d600000,0x000000077e580000)
 ParOldGen       total 112128K, used 12824K [0x00000006c6a00000, 0x00000006cd780000, 0x000000076ce00000)
  object space 112128K, 11% used [0x00000006c6a00000,0x00000006c76861a8,0x00000006cd780000)
 Metaspace       used 34703K, capacity 35114K, committed 35320K, reserved 1079296K
  class space    used 4560K, capacity 4673K, committed 4736K, reserved 1048576K
}
Event: 5.225 GC heap before
{Heap before GC invocations=8 (full 2):
 PSYoungGen      total 284672K, used 13059K [0x000000076ce00000, 0x0000000785600000, 0x00000007c0000000)
  eden space 270336K, 0% used [0x000000076ce00000,0x000000076ce00000,0x000000077d600000)
  from space 14336K, 91% used [0x000000077e580000,0x000000077f240df8,0x000000077f380000)
  to   space 15872K, 0% used [0x000000077d600000,0x000000077d600000,0x000000077e580000)
 ParOldGen       total 112128K, used 12824K [0x00000006c6a00000, 0x00000006cd780000, 0x000000076ce00000)
  object space 112128K, 11% used [0x00000006c6a00000,0x00000006c76861a8,0x00000006cd780000)
 Metaspace       used 34703K, capacity 35114K, committed 35320K, reserved 1079296K
  class space    used 4560K, capacity 4673K, committed 4736K, reserved 1048576K
Event: 5.296 GC heap after
Heap after GC invocations=8 (full 2):
 PSYoungGen      total 284672K, used 0K [0x000000076ce00000, 0x0000000785600000, 0x00000007c0000000)
  eden space 270336K, 0% used [0x000000076ce00000,0x000000076ce00000,0x000000077d600000)
  from space 14336K, 0% used [0x000000077e580000,0x000000077e580000,0x000000077f380000)
  to   space 15872K, 0% used [0x000000077d600000,0x000000077d600000,0x000000077e580000)
 ParOldGen       total 179712K, used 23623K [0x00000006c6a00000, 0x00000006d1980000, 0x000000076ce00000)
  object space 179712K, 13% used [0x00000006c6a00000,0x00000006c8111ea8,0x00000006d1980000)
 Metaspace       used 34703K, capacity 35114K, committed 35320K, reserved 1079296K
  class space    used 4560K, capacity 4673K, committed 4736K, reserved 1048576K
}
Event: 6.957 GC heap before
{Heap before GC invocations=9 (full 2):
 PSYoungGen      total 284672K, used 270336K [0x000000076ce00000, 0x0000000785600000, 0x00000007c0000000)
  eden space 270336K, 100% used [0x000000076ce00000,0x000000077d600000,0x000000077d600000)
  from space 14336K, 0% used [0x000000077e580000,0x000000077e580000,0x000000077f380000)
  to   space 15872K, 0% used [0x000000077d600000,0x000000077d600000,0x000000077e580000)
 ParOldGen       total 179712K, used 23623K [0x00000006c6a00000, 0x00000006d1980000, 0x000000076ce00000)
  object space 179712K, 13% used [0x00000006c6a00000,0x00000006c8111ea8,0x00000006d1980000)
 Metaspace       used 41073K, capacity 41582K, committed 41984K, reserved 1085440K
  class space    used 5927K, capacity 6066K, committed 6144K, reserved 1048576K
Event: 6.970 GC heap after
Heap after GC invocations=9 (full 2):
 PSYoungGen      total 286208K, used 15840K [0x000000076ce00000, 0x0000000785d80000, 0x00000007c0000000)
  eden space 270336K, 0% used [0x000000076ce00000,0x000000076ce00000,0x000000077d600000)
  from space 15872K, 99% used [0x000000077d600000,0x000000077e578078,0x000000077e580000)
  to   space 17920K, 0% used [0x0000000784c00000,0x0000000784c00000,0x0000000785d80000)
 ParOldGen       total 179712K, used 24484K [0x00000006c6a00000, 0x00000006d1980000, 0x000000076ce00000)
  object space 179712K, 13% used [0x00000006c6a00000,0x00000006c81e9010,0x00000006d1980000)
 Metaspace       used 41073K, capacity 41582K, committed 41984K, reserved 1085440K
  class space    used 5927K, capacity 6066K, committed 6144K, reserved 1048576K
}
Event: 15.905 GC heap before
{Heap before GC invocations=10 (full 2):
 PSYoungGen      total 286208K, used 286176K [0x000000076ce00000, 0x0000000785d80000, 0x00000007c0000000)
  eden space 270336K, 100% used [0x000000076ce00000,0x000000077d600000,0x000000077d600000)
  from space 15872K, 99% used [0x000000077d600000,0x000000077e578078,0x000000077e580000)
  to   space 17920K, 0% used [0x0000000784c00000,0x0000000784c00000,0x0000000785d80000)
 ParOldGen       total 179712K, used 24484K [0x00000006c6a00000, 0x00000006d1980000, 0x000000076ce00000)
  object space 179712K, 13% used [0x00000006c6a00000,0x00000006c81e9010,0x00000006d1980000)
 Metaspace       used 53601K, capacity 54784K, committed 54912K, reserved 1095680K
  class space    used 7522K, capacity 7797K, committed 7808K, reserved 1048576K
Event: 15.926 GC heap after
Heap after GC invocations=10 (full 2):
 PSYoungGen      total 376320K, used 17891K [0x000000076ce00000, 0x0000000785d80000, 0x00000007c0000000)
  eden space 358400K, 0% used [0x000000076ce00000,0x000000076ce00000,0x0000000782c00000)
  from space 17920K, 99% used [0x0000000784c00000,0x0000000785d78ec8,0x0000000785d80000)
  to   space 21504K, 0% used [0x0000000783380000,0x0000000783380000,0x0000000784880000)
 ParOldGen       total 179712K, used 27047K [0x00000006c6a00000, 0x00000006d1980000, 0x000000076ce00000)
  object space 179712K, 15% used [0x00000006c6a00000,0x00000006c8469ec8,0x00000006d1980000)
 Metaspace       used 53601K, capacity 54784K, committed 54912K, reserved 1095680K
  class space    used 7522K, capacity 7797K, committed 7808K, reserved 1048576K
}
Event: 585.226 GC heap before
{Heap before GC invocations=11 (full 2):
 PSYoungGen      total 376320K, used 376291K [0x000000076ce00000, 0x0000000785d80000, 0x00000007c0000000)
  eden space 358400K, 100% used [0x000000076ce00000,0x0000000782c00000,0x0000000782c00000)
  from space 17920K, 99% used [0x0000000784c00000,0x0000000785d78ec8,0x0000000785d80000)
  to   space 21504K, 0% used [0x0000000783380000,0x0000000783380000,0x0000000784880000)
 ParOldGen       total 179712K, used 27047K [0x00000006c6a00000, 0x00000006d1980000, 0x000000076ce00000)
  object space 179712K, 15% used [0x00000006c6a00000,0x00000006c8469ec8,0x00000006d1980000)
 Metaspace       used 54770K, capacity 55942K, committed 56064K, reserved 1097728K
  class space    used 7572K, capacity 7856K, committed 7936K, reserved 1048576K
Event: 585.242 GC heap after
Heap after GC invocations=11 (full 2):
 PSYoungGen      total 360960K, used 14703K [0x000000076ce00000, 0x0000000784c80000, 0x00000007c0000000)
  eden space 346112K, 0% used [0x000000076ce00000,0x000000076ce00000,0x0000000782000000)
  from space 14848K, 99% used [0x0000000783380000,0x00000007841dbcb0,0x0000000784200000)
  to   space 10752K, 0% used [0x0000000784200000,0x0000000784200000,0x0000000784c80000)
 ParOldGen       total 179712K, used 27063K [0x00000006c6a00000, 0x00000006d1980000, 0x000000076ce00000)
  object space 179712K, 15% used [0x00000006c6a00000,0x00000006c846dec8,0x00000006d1980000)
 Metaspace       used 54770K, capacity 55942K, committed 56064K, reserved 1097728K
  class space    used 7572K, capacity 7856K, committed 7936K, reserved 1048576K
}

