# JRE version: Java(TM) SE Runtime Environment (8.0_20-b17) (build 1.8.0_20-ea-b17)
# Java VM: Java HotSpot(TM) 64-Bit Server VM (25.20-b17 mixed mode linux-amd64 compressed oops)
Heap:
 PSYoungGen      total 209408K, used 116291K [0x000000076ce00000, 0x000000077b600000, 0x00000007c0000000)
  eden space 190464K, 53% used [0x000000076ce00000,0x00000007730abce0,0x0000000778800000)
  from space 18944K, 80% used [0x000000077a380000,0x000000077b2650c0,0x000000077b600000)
  to   space 23552K, 0% used [0x0000000778800000,0x0000000778800000,0x0000000779f00000)
 ParOldGen       total 210944K, used 28549K [0x00000006c6a00000, 0x00000006d3800000, 0x000000076ce00000)
  object space 210944K, 13% used [0x00000006c6a00000,0x00000006c85e14f8,0x00000006d3800000)
 Metaspace       used 52461K, capacity 53012K, committed 53376K, reserved 1095680K
  class space    used 7680K, capacity 7808K, committed 7808K, reserved 1048576K
GC Heap History (10 events):
Event: 16.329 GC heap before
{Heap before GC invocations=8 (full 2):
 PSYoungGen      total 154624K, used 13506K [0x000000076ce00000, 0x000000077ae00000, 0x00000007c0000000)
  eden space 131072K, 0% used [0x000000076ce00000,0x000000076ce00000,0x0000000774e00000)
  from space 23552K, 57% used [0x0000000776380000,0x00000007770b0988,0x0000000777a80000)
  to   space 22016K, 0% used [0x0000000774e00000,0x0000000774e00000,0x0000000776380000)
 ParOldGen       total 117760K, used 28133K [0x00000006c6a00000, 0x00000006cdd00000, 0x000000076ce00000)
  object space 117760K, 23% used [0x00000006c6a00000,0x00000006c8579618,0x00000006cdd00000)
 Metaspace       used 34445K, capacity 34884K, committed 35172K, reserved 1079296K
  class space    used 4970K, capacity 5059K, committed 5120K, reserved 1048576K
Event: 16.630 GC heap after
Heap after GC invocations=8 (full 2):
 PSYoungGen      total 154624K, used 0K [0x000000076ce00000, 0x000000077ae00000, 0x00000007c0000000)
  eden space 131072K, 0% used [0x000000076ce00000,0x000000076ce00000,0x0000000774e00000)
  from space 23552K, 0% used [0x0000000776380000,0x0000000776380000,0x0000000777a80000)
  to   space 22016K, 0% used [0x0000000774e00000,0x0000000774e00000,0x0000000776380000)
 ParOldGen       total 210944K, used 28517K [0x00000006c6a00000, 0x00000006d3800000, 0x000000076ce00000)
  object space 210944K, 13% used [0x00000006c6a00000,0x00000006c85d94f8,0x00000006d3800000)
 Metaspace       used 34445K, capacity 34884K, committed 35172K, reserved 1079296K
  class space    used 4970K, capacity 5059K, committed 5120K, reserved 1048576K
}
Event: 21.333 GC heap before
{Heap before GC invocations=9 (full 2):
 PSYoungGen      total 154624K, used 131072K [0x000000076ce00000, 0x000000077ae00000, 0x00000007c0000000)
  eden space 131072K, 100% used [0x000000076ce00000,0x0000000774e00000,0x0000000774e00000)
  from space 23552K, 0% used [0x0000000776380000,0x0000000776380000,0x0000000777a80000)
  to   space 22016K, 0% used [0x0000000774e00000,0x0000000774e00000,0x0000000776380000)
 ParOldGen       total 210944K, used 28517K [0x00000006c6a00000, 0x00000006d3800000, 0x000000076ce00000)
  object space 210944K, 13% used [0x00000006c6a00000,0x00000006c85d94f8,0x00000006d3800000)
 Metaspace       used 41002K, capacity 41532K, committed 41984K, reserved 1085440K
  class space    used 6496K, capacity 6578K, committed 6656K, reserved 1048576K
Event: 21.353 GC heap after
Heap after GC invocations=9 (full 2):
 PSYoungGen      total 153088K, used 5947K [0x000000076ce00000, 0x0000000779e00000, 0x00000007c0000000)
  eden space 131072K, 0% used [0x000000076ce00000,0x000000076ce00000,0x0000000774e00000)
  from space 22016K, 27% used [0x0000000774e00000,0x00000007753cee38,0x0000000776380000)
  to   space 22528K, 0% used [0x0000000778800000,0x0000000778800000,0x0000000779e00000)
 ParOldGen       total 210944K, used 28525K [0x00000006c6a00000, 0x00000006d3800000, 0x000000076ce00000)
  object space 210944K, 13% used [0x00000006c6a00000,0x00000006c85db4f8,0x00000006d3800000)
 Metaspace       used 41002K, capacity 41532K, committed 41984K, reserved 1085440K
  class space    used 6496K, capacity 6578K, committed 6656K, reserved 1048576K
}
Event: 22.890 GC heap before
{Heap before GC invocations=10 (full 2):
 PSYoungGen      total 153088K, used 137019K [0x000000076ce00000, 0x0000000779e00000, 0x00000007c0000000)
  eden space 131072K, 100% used [0x000000076ce00000,0x0000000774e00000,0x0000000774e00000)
  from space 22016K, 27% used [0x0000000774e00000,0x00000007753cee38,0x0000000776380000)
  to   space 22528K, 0% used [0x0000000778800000,0x0000000778800000,0x0000000779e00000)
 ParOldGen       total 210944K, used 28525K [0x00000006c6a00000, 0x00000006d3800000, 0x000000076ce00000)
  object space 210944K, 13% used [0x00000006c6a00000,0x00000006c85db4f8,0x00000006d3800000)
 Metaspace       used 41849K, capacity 42396K, committed 42880K, reserved 1085440K
  class space    used 6587K, capacity 6674K, committed 6784K, reserved 1048576K
Event: 22.913 GC heap after
Heap after GC invocations=10 (full 2):
 PSYoungGen      total 189440K, used 2871K [0x000000076ce00000, 0x000000077a180000, 0x00000007c0000000)
  eden space 166912K, 0% used [0x000000076ce00000,0x000000076ce00000,0x0000000777100000)
  from space 22528K, 12% used [0x0000000778800000,0x0000000778acdf80,0x0000000779e00000)
  to   space 23552K, 0% used [0x0000000777100000,0x0000000777100000,0x0000000778800000)
 ParOldGen       total 210944K, used 28533K [0x00000006c6a00000, 0x00000006d3800000, 0x000000076ce00000)
  object space 210944K, 13% used [0x00000006c6a00000,0x00000006c85dd4f8,0x00000006d3800000)
 Metaspace       used 41849K, capacity 42396K, committed 42880K, reserved 1085440K
  class space    used 6587K, capacity 6674K, committed 6784K, reserved 1048576K
}
Event: 24.805 GC heap before
{Heap before GC invocations=11 (full 2):
 PSYoungGen      total 189440K, used 169783K [0x000000076ce00000, 0x000000077a180000, 0x00000007c0000000)
  eden space 166912K, 100% used [0x000000076ce00000,0x0000000777100000,0x0000000777100000)
  from space 22528K, 12% used [0x0000000778800000,0x0000000778acdf80,0x0000000779e00000)
  to   space 23552K, 0% used [0x0000000777100000,0x0000000777100000,0x0000000778800000)
 ParOldGen       total 210944K, used 28533K [0x00000006c6a00000, 0x00000006d3800000, 0x000000076ce00000)
  object space 210944K, 13% used [0x00000006c6a00000,0x00000006c85dd4f8,0x00000006d3800000)
 Metaspace       used 43963K, capacity 44526K, committed 44928K, reserved 1087488K
  class space    used 6821K, capacity 6933K, committed 7040K, reserved 1048576K
Event: 24.827 GC heap after
Heap after GC invocations=11 (full 2):
 PSYoungGen      total 190464K, used 4899K [0x000000076ce00000, 0x000000077ba00000, 0x00000007c0000000)
  eden space 166912K, 0% used [0x000000076ce00000,0x000000076ce00000,0x0000000777100000)
  from space 23552K, 20% used [0x0000000777100000,0x00000007775c8ff0,0x0000000778800000)
  to   space 23040K, 0% used [0x000000077a380000,0x000000077a380000,0x000000077ba00000)
 ParOldGen       total 210944K, used 28541K [0x00000006c6a00000, 0x00000006d3800000, 0x000000076ce00000)
  object space 210944K, 13% used [0x00000006c6a00000,0x00000006c85df4f8,0x00000006d3800000)
 Metaspace       used 43963K, capacity 44526K, committed 44928K, reserved 1087488K
  class space    used 6821K, capacity 6933K, committed 7040K, reserved 1048576K
}
Event: 134.420 GC heap before
{Heap before GC invocations=12 (full 2):
 PSYoungGen      total 190464K, used 171811K [0x000000076ce00000, 0x000000077ba00000, 0x00000007c0000000)
  eden space 166912K, 100% used [0x000000076ce00000,0x0000000777100000,0x0000000777100000)
  from space 23552K, 20% used [0x0000000777100000,0x00000007775c8ff0,0x0000000778800000)
  to   space 23040K, 0% used [0x000000077a380000,0x000000077a380000,0x000000077ba00000)
 ParOldGen       total 210944K, used 28541K [0x00000006c6a00000, 0x00000006d3800000, 0x000000076ce00000)
  object space 210944K, 13% used [0x00000006c6a00000,0x00000006c85df4f8,0x00000006d3800000)
 Metaspace       used 51830K, capacity 52456K, committed 52864K, reserved 1093632K
  class space    used 7633K, capacity 7774K, committed 7808K, reserved 1048576K
Event: 134.459 GC heap after
Heap after GC invocations=12 (full 2):
 PSYoungGen      total 209408K, used 15252K [0x000000076ce00000, 0x000000077b600000, 0x00000007c0000000)
  eden space 190464K, 0% used [0x000000076ce00000,0x000000076ce00000,0x0000000778800000)
  from space 18944K, 80% used [0x000000077a380000,0x000000077b2650c0,0x000000077b600000)
  to   space 23552K, 0% used [0x0000000778800000,0x0000000778800000,0x0000000779f00000)
 ParOldGen       total 210944K, used 28549K [0x00000006c6a00000, 0x00000006d3800000, 0x000000076ce00000)
  object space 210944K, 13% used [0x00000006c6a00000,0x00000006c85e14f8,0x00000006d3800000)
 Metaspace       used 51830K, capacity 52456K, committed 52864K, reserved 1093632K
  class space    used 7633K, capacity 7774K, committed 7808K, reserved 1048576K
}

