# JRE version: Java(TM) SE Runtime Environment (8.0_20-b17) (build 1.8.0_20-ea-b17)
# Java VM: Java HotSpot(TM) 64-Bit Server VM (25.20-b17 mixed mode linux-amd64 compressed oops)
Heap:
 PSYoungGen      total 346112K, used 151726K [0x000000076ce00000, 0x0000000785680000, 0x00000007c0000000)
  eden space 328192K, 41% used [0x000000076ce00000,0x00000007753fcb50,0x0000000780e80000)
  from space 17920K, 81% used [0x0000000780e80000,0x0000000781caef78,0x0000000782000000)
  to   space 18432K, 0% used [0x0000000784480000,0x0000000784480000,0x0000000785680000)
 ParOldGen       total 196608K, used 26920K [0x00000006c6a00000, 0x00000006d2a00000, 0x000000076ce00000)
  object space 196608K, 13% used [0x00000006c6a00000,0x00000006c844a3b0,0x00000006d2a00000)
 Metaspace       used 55300K, capacity 56632K, committed 56952K, reserved 1097728K
  class space    used 7653K, capacity 7971K, committed 8056K, reserved 1048576K
GC Heap History (10 events):
Event: 4.797 GC heap before
{Heap before GC invocations=7 (full 1):
 PSYoungGen      total 236544K, used 127180K [0x000000076ce00000, 0x000000077d480000, 0x00000007c0000000)
  eden space 228352K, 52% used [0x000000076ce00000,0x000000077429c310,0x000000077ad00000)
  from space 8192K, 94% used [0x000000077ca00000,0x000000077d196f40,0x000000077d200000)
  to   space 2560K, 0% used [0x000000077d200000,0x000000077d200000,0x000000077d480000)
 ParOldGen       total 120832K, used 14179K [0x00000006c6a00000, 0x00000006ce000000, 0x000000076ce00000)
  object space 120832K, 11% used [0x00000006c6a00000,0x00000006c77d8c90,0x00000006ce000000)
 Metaspace       used 34535K, capacity 35270K, committed 35320K, reserved 1081344K
  class space    used 4152K, capacity 4330K, committed 4344K, reserved 1048576K
Event: 4.806 GC heap after
Heap after GC invocations=7 (full 1):
 PSYoungGen      total 254976K, used 2538K [0x000000076ce00000, 0x0000000781280000, 0x00000007c0000000)
  eden space 252416K, 0% used [0x000000076ce00000,0x000000076ce00000,0x000000077c480000)
  from space 2560K, 99% used [0x000000077d200000,0x000000077d47a820,0x000000077d480000)
  to   space 13824K, 0% used [0x000000077c480000,0x000000077c480000,0x000000077d200000)
 ParOldGen       total 120832K, used 20930K [0x00000006c6a00000, 0x00000006ce000000, 0x000000076ce00000)
  object space 120832K, 17% used [0x00000006c6a00000,0x00000006c7e70868,0x00000006ce000000)
 Metaspace       used 34535K, capacity 35270K, committed 35320K, reserved 1081344K
  class space    used 4152K, capacity 4330K, committed 4344K, reserved 1048576K
}
Event: 4.806 GC heap before
{Heap before GC invocations=8 (full 2):
 PSYoungGen      total 254976K, used 2538K [0x000000076ce00000, 0x0000000781280000, 0x00000007c0000000)
  eden space 252416K, 0% used [0x000000076ce00000,0x000000076ce00000,0x000000077c480000)
  from space 2560K, 99% used [0x000000077d200000,0x000000077d47a820,0x000000077d480000)
  to   space 13824K, 0% used [0x000000077c480000,0x000000077c480000,0x000000077d200000)
 ParOldGen       total 120832K, used 20930K [0x00000006c6a00000, 0x00000006ce000000, 0x000000076ce00000)
  object space 120832K, 17% used [0x00000006c6a00000,0x00000006c7e70868,0x00000006ce000000)
 Metaspace       used 34535K, capacity 35270K, committed 35320K, reserved 1081344K
  class space    used 4152K, capacity 4330K, committed 4344K, reserved 1048576K
Event: 4.873 GC heap after
Heap after GC invocations=8 (full 2):
 PSYoungGen      total 254976K, used 0K [0x000000076ce00000, 0x0000000781280000, 0x00000007c0000000)
  eden space 252416K, 0% used [0x000000076ce00000,0x000000076ce00000,0x000000077c480000)
  from space 2560K, 0% used [0x000000077d200000,0x000000077d200000,0x000000077d480000)
  to   space 13824K, 0% used [0x000000077c480000,0x000000077c480000,0x000000077d200000)
 ParOldGen       total 196608K, used 19998K [0x00000006c6a00000, 0x00000006d2a00000, 0x000000076ce00000)
  object space 196608K, 10% used [0x00000006c6a00000,0x00000006c7d879f8,0x00000006d2a00000)
 Metaspace       used 34535K, capacity 35270K, committed 35320K, reserved 1081344K
  class space    used 4152K, capacity 4330K, committed 4344K, reserved 1048576K
}
Event: 6.635 GC heap before
{Heap before GC invocations=9 (full 2):
 PSYoungGen      total 254976K, used 252416K [0x000000076ce00000, 0x0000000781280000, 0x00000007c0000000)
  eden space 252416K, 100% used [0x000000076ce00000,0x000000077c480000,0x000000077c480000)
  from space 2560K, 0% used [0x000000077d200000,0x000000077d200000,0x000000077d480000)
  to   space 13824K, 0% used [0x000000077c480000,0x000000077c480000,0x000000077d200000)
 ParOldGen       total 196608K, used 19998K [0x00000006c6a00000, 0x00000006d2a00000, 0x000000076ce00000)
  object space 196608K, 10% used [0x00000006c6a00000,0x00000006c7d879f8,0x00000006d2a00000)
 Metaspace       used 42924K, capacity 43708K, committed 43896K, reserved 1087488K
  class space    used 6218K, capacity 6399K, committed 6520K, reserved 1048576K
Event: 6.647 GC heap after
Heap after GC invocations=9 (full 2):
 PSYoungGen      total 266240K, used 11485K [0x000000076ce00000, 0x0000000783180000, 0x00000007c0000000)
  eden space 252416K, 0% used [0x000000076ce00000,0x000000076ce00000,0x000000077c480000)
  from space 13824K, 83% used [0x000000077c480000,0x000000077cfb75a8,0x000000077d200000)
  to   space 13824K, 0% used [0x0000000782400000,0x0000000782400000,0x0000000783180000)
 ParOldGen       total 196608K, used 20006K [0x00000006c6a00000, 0x00000006d2a00000, 0x000000076ce00000)
  object space 196608K, 10% used [0x00000006c6a00000,0x00000006c7d899f8,0x00000006d2a00000)
 Metaspace       used 42924K, capacity 43708K, committed 43896K, reserved 1087488K
  class space    used 6218K, capacity 6399K, committed 6520K, reserved 1048576K
}
Event: 27.363 GC heap before
{Heap before GC invocations=10 (full 2):
 PSYoungGen      total 266240K, used 263901K [0x000000076ce00000, 0x0000000783180000, 0x00000007c0000000)
  eden space 252416K, 100% used [0x000000076ce00000,0x000000077c480000,0x000000077c480000)
  from space 13824K, 83% used [0x000000077c480000,0x000000077cfb75a8,0x000000077d200000)
  to   space 13824K, 0% used [0x0000000782400000,0x0000000782400000,0x0000000783180000)
 ParOldGen       total 196608K, used 20006K [0x00000006c6a00000, 0x00000006d2a00000, 0x000000076ce00000)
  object space 196608K, 10% used [0x00000006c6a00000,0x00000006c7d899f8,0x00000006d2a00000)
 Metaspace       used 53458K, capacity 54654K, committed 54904K, reserved 1095680K
  class space    used 7506K, capacity 7786K, committed 7800K, reserved 1048576K
Event: 27.381 GC heap after
Heap after GC invocations=10 (full 2):
 PSYoungGen      total 335872K, used 13811K [0x000000076ce00000, 0x0000000783180000, 0x00000007c0000000)
  eden space 322048K, 0% used [0x000000076ce00000,0x000000076ce00000,0x0000000780880000)
  from space 13824K, 99% used [0x0000000782400000,0x000000078317cce8,0x0000000783180000)
  to   space 17920K, 0% used [0x0000000780e80000,0x0000000780e80000,0x0000000782000000)
 ParOldGen       total 196608K, used 26912K [0x00000006c6a00000, 0x00000006d2a00000, 0x000000076ce00000)
  object space 196608K, 13% used [0x00000006c6a00000,0x00000006c84483b0,0x00000006d2a00000)
 Metaspace       used 53458K, capacity 54654K, committed 54904K, reserved 1095680K
  class space    used 7506K, capacity 7786K, committed 7800K, reserved 1048576K
}
Event: 138.532 GC heap before
{Heap before GC invocations=11 (full 2):
 PSYoungGen      total 335872K, used 335859K [0x000000076ce00000, 0x0000000783180000, 0x00000007c0000000)
  eden space 322048K, 100% used [0x000000076ce00000,0x0000000780880000,0x0000000780880000)
  from space 13824K, 99% used [0x0000000782400000,0x000000078317cce8,0x0000000783180000)
  to   space 17920K, 0% used [0x0000000780e80000,0x0000000780e80000,0x0000000782000000)
 ParOldGen       total 196608K, used 26912K [0x00000006c6a00000, 0x00000006d2a00000, 0x000000076ce00000)
  object space 196608K, 13% used [0x00000006c6a00000,0x00000006c84483b0,0x00000006d2a00000)
 Metaspace       used 54799K, capacity 56040K, committed 56312K, reserved 1097728K
  class space    used 7606K, capacity 7899K, committed 7928K, reserved 1048576K
Event: 138.547 GC heap after
Heap after GC invocations=11 (full 2):
 PSYoungGen      total 346112K, used 14523K [0x000000076ce00000, 0x0000000785680000, 0x00000007c0000000)
  eden space 328192K, 0% used [0x000000076ce00000,0x000000076ce00000,0x0000000780e80000)
  from space 17920K, 81% used [0x0000000780e80000,0x0000000781caef78,0x0000000782000000)
  to   space 18432K, 0% used [0x0000000784480000,0x0000000784480000,0x0000000785680000)
 ParOldGen       total 196608K, used 26920K [0x00000006c6a00000, 0x00000006d2a00000, 0x000000076ce00000)
  object space 196608K, 13% used [0x00000006c6a00000,0x00000006c844a3b0,0x00000006d2a00000)
 Metaspace       used 54799K, capacity 56040K, committed 56312K, reserved 1097728K
  class space    used 7606K, capacity 7899K, committed 7928K, reserved 1048576K
}

