# JRE version: Java(TM) SE Runtime Environment (8.0_20-b17) (build 1.8.0_20-ea-b17)
# Java VM: Java HotSpot(TM) 64-Bit Server VM (25.20-b17 mixed mode linux-amd64 compressed oops)
Heap:
 PSYoungGen      total 201728K, used 121913K [0x000000076ce00000, 0x0000000779900000, 0x00000007c0000000)
  eden space 196608K, 60% used [0x000000076ce00000,0x00000007741789c0,0x0000000778e00000)
  from space 5120K, 71% used [0x0000000779380000,0x0000000779715bf8,0x0000000779880000)
  to   space 5632K, 0% used [0x0000000778e00000,0x0000000778e00000,0x0000000779380000)
 ParOldGen       total 275968K, used 40273K [0x00000006c6a00000, 0x00000006d7780000, 0x000000076ce00000)
  object space 275968K, 14% used [0x00000006c6a00000,0x00000006c91545d0,0x00000006d7780000)
 Metaspace       used 62154K, capacity 63942K, committed 64128K, reserved 1103872K
  class space    used 8606K, capacity 8980K, committed 9088K, reserved 1048576K
GC Heap History (10 events):
Event: 7142.342 GC heap before
{Heap before GC invocations=69 (full 3):
 PSYoungGen      total 201728K, used 196831K [0x000000076ce00000, 0x0000000779900000, 0x00000007c0000000)
  eden space 195072K, 100% used [0x000000076ce00000,0x0000000778c80000,0x0000000778c80000)
  from space 6656K, 26% used [0x0000000778c80000,0x0000000778e37e60,0x0000000779300000)
  to   space 6144K, 0% used [0x0000000779300000,0x0000000779300000,0x0000000779900000)
 ParOldGen       total 275968K, used 39969K [0x00000006c6a00000, 0x00000006d7780000, 0x000000076ce00000)
  object space 275968K, 14% used [0x00000006c6a00000,0x00000006c91085c0,0x00000006d7780000)
 Metaspace       used 61726K, capacity 63432K, committed 63488K, reserved 1103872K
  class space    used 8551K, capacity 8911K, committed 8960K, reserved 1048576K
Event: 7142.346 GC heap after
Heap after GC invocations=69 (full 3):
 PSYoungGen      total 201728K, used 1578K [0x000000076ce00000, 0x0000000779900000, 0x00000007c0000000)
  eden space 195584K, 0% used [0x000000076ce00000,0x000000076ce00000,0x0000000778d00000)
  from space 6144K, 25% used [0x0000000779300000,0x000000077948ab48,0x0000000779900000)
  to   space 6144K, 0% used [0x0000000778d00000,0x0000000778d00000,0x0000000779300000)
 ParOldGen       total 275968K, used 40025K [0x00000006c6a00000, 0x00000006d7780000, 0x000000076ce00000)
  object space 275968K, 14% used [0x00000006c6a00000,0x00000006c91165c0,0x00000006d7780000)
 Metaspace       used 61726K, capacity 63432K, committed 63488K, reserved 1103872K
  class space    used 8551K, capacity 8911K, committed 8960K, reserved 1048576K
}
Event: 7356.237 GC heap before
{Heap before GC invocations=70 (full 3):
 PSYoungGen      total 201728K, used 197162K [0x000000076ce00000, 0x0000000779900000, 0x00000007c0000000)
  eden space 195584K, 100% used [0x000000076ce00000,0x0000000778d00000,0x0000000778d00000)
  from space 6144K, 25% used [0x0000000779300000,0x000000077948ab48,0x0000000779900000)
  to   space 6144K, 0% used [0x0000000778d00000,0x0000000778d00000,0x0000000779300000)
 ParOldGen       total 275968K, used 40025K [0x00000006c6a00000, 0x00000006d7780000, 0x000000076ce00000)
  object space 275968K, 14% used [0x00000006c6a00000,0x00000006c91165c0,0x00000006d7780000)
 Metaspace       used 61747K, capacity 63432K, committed 63488K, reserved 1103872K
  class space    used 8551K, capacity 8911K, committed 8960K, reserved 1048576K
Event: 7356.242 GC heap after
Heap after GC invocations=70 (full 3):
 PSYoungGen      total 201728K, used 1754K [0x000000076ce00000, 0x0000000779880000, 0x00000007c0000000)
  eden space 195584K, 0% used [0x000000076ce00000,0x000000076ce00000,0x0000000778d00000)
  from space 6144K, 28% used [0x0000000778d00000,0x0000000778eb6b48,0x0000000779300000)
  to   space 5632K, 0% used [0x0000000779300000,0x0000000779300000,0x0000000779880000)
 ParOldGen       total 275968K, used 40097K [0x00000006c6a00000, 0x00000006d7780000, 0x000000076ce00000)
  object space 275968K, 14% used [0x00000006c6a00000,0x00000006c91285d0,0x00000006d7780000)
 Metaspace       used 61747K, capacity 63432K, committed 63488K, reserved 1103872K
  class space    used 8551K, capacity 8911K, committed 8960K, reserved 1048576K
}
Event: 7562.090 GC heap before
{Heap before GC invocations=71 (full 3):
 PSYoungGen      total 201728K, used 197338K [0x000000076ce00000, 0x0000000779880000, 0x00000007c0000000)
  eden space 195584K, 100% used [0x000000076ce00000,0x0000000778d00000,0x0000000778d00000)
  from space 6144K, 28% used [0x0000000778d00000,0x0000000778eb6b48,0x0000000779300000)
  to   space 5632K, 0% used [0x0000000779300000,0x0000000779300000,0x0000000779880000)
 ParOldGen       total 275968K, used 40097K [0x00000006c6a00000, 0x00000006d7780000, 0x000000076ce00000)
  object space 275968K, 14% used [0x00000006c6a00000,0x00000006c91285d0,0x00000006d7780000)
 Metaspace       used 61761K, capacity 63432K, committed 63488K, reserved 1103872K
  class space    used 8552K, capacity 8911K, committed 8960K, reserved 1048576K
Event: 7562.094 GC heap after
Heap after GC invocations=71 (full 3):
 PSYoungGen      total 201728K, used 1802K [0x000000076ce00000, 0x0000000779880000, 0x00000007c0000000)
  eden space 196096K, 0% used [0x000000076ce00000,0x000000076ce00000,0x0000000778d80000)
  from space 5632K, 32% used [0x0000000779300000,0x00000007794c2b40,0x0000000779880000)
  to   space 5632K, 0% used [0x0000000778d80000,0x0000000778d80000,0x0000000779300000)
 ParOldGen       total 275968K, used 40153K [0x00000006c6a00000, 0x00000006d7780000, 0x000000076ce00000)
  object space 275968K, 14% used [0x00000006c6a00000,0x00000006c91365d0,0x00000006d7780000)
 Metaspace       used 61761K, capacity 63432K, committed 63488K, reserved 1103872K
  class space    used 8552K, capacity 8911K, committed 8960K, reserved 1048576K
}
Event: 7574.838 GC heap before
{Heap before GC invocations=72 (full 3):
 PSYoungGen      total 201728K, used 197898K [0x000000076ce00000, 0x0000000779880000, 0x00000007c0000000)
  eden space 196096K, 100% used [0x000000076ce00000,0x0000000778d80000,0x0000000778d80000)
  from space 5632K, 32% used [0x0000000779300000,0x00000007794c2b40,0x0000000779880000)
  to   space 5632K, 0% used [0x0000000778d80000,0x0000000778d80000,0x0000000779300000)
 ParOldGen       total 275968K, used 40153K [0x00000006c6a00000, 0x00000006d7780000, 0x000000076ce00000)
  object space 275968K, 14% used [0x00000006c6a00000,0x00000006c91365d0,0x00000006d7780000)
 Metaspace       used 61877K, capacity 63566K, committed 63872K, reserved 1103872K
  class space    used 8575K, capacity 8960K, committed 9088K, reserved 1048576K
Event: 7574.846 GC heap after
Heap after GC invocations=72 (full 3):
 PSYoungGen      total 201728K, used 2400K [0x000000076ce00000, 0x0000000779880000, 0x00000007c0000000)
  eden space 196096K, 0% used [0x000000076ce00000,0x000000076ce00000,0x0000000778d80000)
  from space 5632K, 42% used [0x0000000778d80000,0x0000000778fd8360,0x0000000779300000)
  to   space 5120K, 0% used [0x0000000779380000,0x0000000779380000,0x0000000779880000)
 ParOldGen       total 275968K, used 40209K [0x00000006c6a00000, 0x00000006d7780000, 0x000000076ce00000)
  object space 275968K, 14% used [0x00000006c6a00000,0x00000006c91445d0,0x00000006d7780000)
 Metaspace       used 61877K, capacity 63566K, committed 63872K, reserved 1103872K
  class space    used 8575K, capacity 8960K, committed 9088K, reserved 1048576K
}
Event: 7642.670 GC heap before
{Heap before GC invocations=73 (full 3):
 PSYoungGen      total 201728K, used 198496K [0x000000076ce00000, 0x0000000779880000, 0x00000007c0000000)
  eden space 196096K, 100% used [0x000000076ce00000,0x0000000778d80000,0x0000000778d80000)
  from space 5632K, 42% used [0x0000000778d80000,0x0000000778fd8360,0x0000000779300000)
  to   space 5120K, 0% used [0x0000000779380000,0x0000000779380000,0x0000000779880000)
 ParOldGen       total 275968K, used 40209K [0x00000006c6a00000, 0x00000006d7780000, 0x000000076ce00000)
  object space 275968K, 14% used [0x00000006c6a00000,0x00000006c91445d0,0x00000006d7780000)
 Metaspace       used 61934K, capacity 63660K, committed 63872K, reserved 1103872K
  class space    used 8578K, capacity 8965K, committed 9088K, reserved 1048576K
Event: 7642.674 GC heap after
Heap after GC invocations=73 (full 3):
 PSYoungGen      total 201728K, used 3670K [0x000000076ce00000, 0x0000000779900000, 0x00000007c0000000)
  eden space 196608K, 0% used [0x000000076ce00000,0x000000076ce00000,0x0000000778e00000)
  from space 5120K, 71% used [0x0000000779380000,0x0000000779715bf8,0x0000000779880000)
  to   space 5632K, 0% used [0x0000000778e00000,0x0000000778e00000,0x0000000779380000)
 ParOldGen       total 275968K, used 40273K [0x00000006c6a00000, 0x00000006d7780000, 0x000000076ce00000)
  object space 275968K, 14% used [0x00000006c6a00000,0x00000006c91545d0,0x00000006d7780000)
 Metaspace       used 61934K, capacity 63660K, committed 63872K, reserved 1103872K
  class space    used 8578K, capacity 8965K, committed 9088K, reserved 1048576K
}

