# JRE version: Java(TM) SE Runtime Environment (8.0_20-b17) (build 1.8.0_20-ea-b17)
# Java VM: Java HotSpot(TM) 64-Bit Server VM (25.20-b17 mixed mode linux-amd64 compressed oops)
Heap:
 PSYoungGen      total 399872K, used 56893K [0x000000076ce00000, 0x0000000787600000, 0x00000007c0000000)
  eden space 384512K, 10% used [0x000000076ce00000,0x000000076f695008,0x0000000784580000)
  from space 15360K, 99% used [0x0000000786700000,0x00000007875fa630,0x0000000787600000)
  to   space 17920K, 0% used [0x0000000785300000,0x0000000785300000,0x0000000786480000)
 ParOldGen       total 171520K, used 25861K [0x00000006c6a00000, 0x00000006d1180000, 0x000000076ce00000)
  object space 171520K, 15% used [0x00000006c6a00000,0x00000006c8341778,0x00000006d1180000)
 Metaspace       used 54245K, capacity 54900K, committed 55296K, reserved 1097728K
  class space    used 7679K, capacity 7826K, committed 7936K, reserved 1048576K
GC Heap History (10 events):
Event: 4.251 GC heap before
{Heap before GC invocations=6 (full 1):
 PSYoungGen      total 204288K, used 203994K [0x000000076ce00000, 0x000000077dd00000, 0x00000007c0000000)
  eden space 195072K, 100% used [0x000000076ce00000,0x0000000778c80000,0x0000000778c80000)
  from space 9216K, 96% used [0x000000077d400000,0x000000077dcb68b8,0x000000077dd00000)
  to   space 10240K, 0% used [0x000000077c900000,0x000000077c900000,0x000000077d300000)
 ParOldGen       total 109056K, used 12758K [0x00000006c6a00000, 0x00000006cd480000, 0x000000076ce00000)
  object space 109056K, 11% used [0x00000006c6a00000,0x00000006c7675a70,0x00000006cd480000)
 Metaspace       used 29276K, capacity 29720K, committed 30080K, reserved 1075200K
  class space    used 3248K, capacity 3389K, committed 3456K, reserved 1048576K
Event: 4.257 GC heap after
Heap after GC invocations=6 (full 1):
 PSYoungGen      total 267264K, used 5822K [0x000000076ce00000, 0x0000000780580000, 0x00000007c0000000)
  eden space 257024K, 0% used [0x000000076ce00000,0x000000076ce00000,0x000000077c900000)
  from space 10240K, 56% used [0x000000077c900000,0x000000077ceafa80,0x000000077d300000)
  to   space 14848K, 0% used [0x000000077f700000,0x000000077f700000,0x0000000780580000)
 ParOldGen       total 109056K, used 12766K [0x00000006c6a00000, 0x00000006cd480000, 0x000000076ce00000)
  object space 109056K, 11% used [0x00000006c6a00000,0x00000006c7677a70,0x00000006cd480000)
 Metaspace       used 29276K, capacity 29720K, committed 30080K, reserved 1075200K
  class space    used 3248K, capacity 3389K, committed 3456K, reserved 1048576K
}
Event: 4.831 GC heap before
{Heap before GC invocations=7 (full 1):
 PSYoungGen      total 267264K, used 88340K [0x000000076ce00000, 0x0000000780580000, 0x00000007c0000000)
  eden space 257024K, 32% used [0x000000076ce00000,0x0000000771e95908,0x000000077c900000)
  from space 10240K, 56% used [0x000000077c900000,0x000000077ceafa80,0x000000077d300000)
  to   space 14848K, 0% used [0x000000077f700000,0x000000077f700000,0x0000000780580000)
 ParOldGen       total 109056K, used 12766K [0x00000006c6a00000, 0x00000006cd480000, 0x000000076ce00000)
  object space 109056K, 11% used [0x00000006c6a00000,0x00000006c7677a70,0x00000006cd480000)
 Metaspace       used 34583K, capacity 35018K, committed 35264K, reserved 1079296K
  class space    used 4520K, capacity 4641K, committed 4736K, reserved 1048576K
Event: 4.842 GC heap after
Heap after GC invocations=7 (full 1):
 PSYoungGen      total 303616K, used 12911K [0x000000076ce00000, 0x0000000786080000, 0x00000007c0000000)
  eden space 288768K, 0% used [0x000000076ce00000,0x000000076ce00000,0x000000077e800000)
  from space 14848K, 86% used [0x000000077f700000,0x000000078039bf08,0x0000000780580000)
  to   space 15360K, 0% used [0x000000077e800000,0x000000077e800000,0x000000077f700000)
 ParOldGen       total 109056K, used 12774K [0x00000006c6a00000, 0x00000006cd480000, 0x000000076ce00000)
  object space 109056K, 11% used [0x00000006c6a00000,0x00000006c7679a70,0x00000006cd480000)
 Metaspace       used 34583K, capacity 35018K, committed 35264K, reserved 1079296K
  class space    used 4520K, capacity 4641K, committed 4736K, reserved 1048576K
}
Event: 4.842 GC heap before
{Heap before GC invocations=8 (full 2):
 PSYoungGen      total 303616K, used 12911K [0x000000076ce00000, 0x0000000786080000, 0x00000007c0000000)
  eden space 288768K, 0% used [0x000000076ce00000,0x000000076ce00000,0x000000077e800000)
  from space 14848K, 86% used [0x000000077f700000,0x000000078039bf08,0x0000000780580000)
  to   space 15360K, 0% used [0x000000077e800000,0x000000077e800000,0x000000077f700000)
 ParOldGen       total 109056K, used 12774K [0x00000006c6a00000, 0x00000006cd480000, 0x000000076ce00000)
  object space 109056K, 11% used [0x00000006c6a00000,0x00000006c7679a70,0x00000006cd480000)
 Metaspace       used 34583K, capacity 35018K, committed 35264K, reserved 1079296K
  class space    used 4520K, capacity 4641K, committed 4736K, reserved 1048576K
Event: 4.909 GC heap after
Heap after GC invocations=8 (full 2):
 PSYoungGen      total 303616K, used 0K [0x000000076ce00000, 0x0000000786080000, 0x00000007c0000000)
  eden space 288768K, 0% used [0x000000076ce00000,0x000000076ce00000,0x000000077e800000)
  from space 14848K, 0% used [0x000000077f700000,0x000000077f700000,0x0000000780580000)
  to   space 15360K, 0% used [0x000000077e800000,0x000000077e800000,0x000000077f700000)
 ParOldGen       total 171520K, used 23492K [0x00000006c6a00000, 0x00000006d1180000, 0x000000076ce00000)
  object space 171520K, 13% used [0x00000006c6a00000,0x00000006c80f1110,0x00000006d1180000)
 Metaspace       used 34583K, capacity 35018K, committed 35264K, reserved 1079296K
  class space    used 4520K, capacity 4641K, committed 4736K, reserved 1048576K
}
Event: 6.495 GC heap before
{Heap before GC invocations=9 (full 2):
 PSYoungGen      total 303616K, used 288768K [0x000000076ce00000, 0x0000000786080000, 0x00000007c0000000)
  eden space 288768K, 100% used [0x000000076ce00000,0x000000077e800000,0x000000077e800000)
  from space 14848K, 0% used [0x000000077f700000,0x000000077f700000,0x0000000780580000)
  to   space 15360K, 0% used [0x000000077e800000,0x000000077e800000,0x000000077f700000)
 ParOldGen       total 171520K, used 23492K [0x00000006c6a00000, 0x00000006d1180000, 0x000000076ce00000)
  object space 171520K, 13% used [0x00000006c6a00000,0x00000006c80f1110,0x00000006d1180000)
 Metaspace       used 44243K, capacity 44786K, committed 45184K, reserved 1087488K
  class space    used 6566K, capacity 6680K, committed 6784K, reserved 1048576K
Event: 6.505 GC heap after
Heap after GC invocations=9 (full 2):
 PSYoungGen      total 304128K, used 10940K [0x000000076ce00000, 0x0000000787600000, 0x00000007c0000000)
  eden space 288768K, 0% used [0x000000076ce00000,0x000000076ce00000,0x000000077e800000)
  from space 15360K, 71% used [0x000000077e800000,0x000000077f2af0d8,0x000000077f700000)
  to   space 15360K, 0% used [0x0000000786700000,0x0000000786700000,0x0000000787600000)
 ParOldGen       total 171520K, used 23500K [0x00000006c6a00000, 0x00000006d1180000, 0x000000076ce00000)
  object space 171520K, 13% used [0x00000006c6a00000,0x00000006c80f3110,0x00000006d1180000)
 Metaspace       used 44243K, capacity 44786K, committed 45184K, reserved 1087488K
  class space    used 6566K, capacity 6680K, committed 6784K, reserved 1048576K
}
Event: 1224.186 GC heap before
{Heap before GC invocations=10 (full 2):
 PSYoungGen      total 304128K, used 299708K [0x000000076ce00000, 0x0000000787600000, 0x00000007c0000000)
  eden space 288768K, 100% used [0x000000076ce00000,0x000000077e800000,0x000000077e800000)
  from space 15360K, 71% used [0x000000077e800000,0x000000077f2af0d8,0x000000077f700000)
  to   space 15360K, 0% used [0x0000000786700000,0x0000000786700000,0x0000000787600000)
 ParOldGen       total 171520K, used 23500K [0x00000006c6a00000, 0x00000006d1180000, 0x000000076ce00000)
  object space 171520K, 13% used [0x00000006c6a00000,0x00000006c80f3110,0x00000006d1180000)
 Metaspace       used 53958K, capacity 54548K, committed 54912K, reserved 1095680K
  class space    used 7643K, capacity 7794K, committed 7808K, reserved 1048576K
Event: 1224.202 GC heap after
Heap after GC invocations=10 (full 2):
 PSYoungGen      total 399872K, used 15337K [0x000000076ce00000, 0x0000000787600000, 0x00000007c0000000)
  eden space 384512K, 0% used [0x000000076ce00000,0x000000076ce00000,0x0000000784580000)
  from space 15360K, 99% used [0x0000000786700000,0x00000007875fa630,0x0000000787600000)
  to   space 17920K, 0% used [0x0000000785300000,0x0000000785300000,0x0000000786480000)
 ParOldGen       total 171520K, used 25861K [0x00000006c6a00000, 0x00000006d1180000, 0x000000076ce00000)
  object space 171520K, 15% used [0x00000006c6a00000,0x00000006c8341778,0x00000006d1180000)
 Metaspace       used 53958K, capacity 54548K, committed 54912K, reserved 1095680K
  class space    used 7643K, capacity 7794K, committed 7808K, reserved 1048576K
}

