# JRE version: Java(TM) SE Runtime Environment (8.0_20-b17) (build 1.8.0_20-ea-b17)
# Java VM: Java HotSpot(TM) 64-Bit Server VM (25.20-b17 mixed mode linux-amd64 compressed oops)
Heap:
 PSYoungGen      total 348160K, used 194232K [0x000000076ce00000, 0x0000000783c80000, 0x00000007c0000000)
  eden space 331264K, 58% used [0x000000076ce00000,0x00000007789ab558,0x0000000781180000)
  from space 16896K, 12% used [0x0000000782c00000,0x0000000782e02bd8,0x0000000783c80000)
  to   space 22016K, 0% used [0x0000000781180000,0x0000000781180000,0x0000000782700000)
 ParOldGen       total 207872K, used 34740K [0x00000006c6a00000, 0x00000006d3500000, 0x000000076ce00000)
  object space 207872K, 16% used [0x00000006c6a00000,0x00000006c8bed368,0x00000006d3500000)
 Metaspace       used 59792K, capacity 61242K, committed 61440K, reserved 1101824K
  class space    used 8580K, capacity 8904K, committed 8960K, reserved 1048576K
GC Heap History (10 events):
Event: 6.967 GC heap before
{Heap before GC invocations=11 (full 2):
 PSYoungGen      total 205824K, used 199350K [0x000000076ce00000, 0x000000077a980000, 0x00000007c0000000)
  eden space 193024K, 100% used [0x000000076ce00000,0x0000000778a80000,0x0000000778a80000)
  from space 12800K, 49% used [0x0000000779d00000,0x000000077a32d940,0x000000077a980000)
  to   space 15872K, 0% used [0x0000000778a80000,0x0000000778a80000,0x0000000779a00000)
 ParOldGen       total 176128K, used 23632K [0x00000006c6a00000, 0x00000006d1600000, 0x000000076ce00000)
  object space 176128K, 13% used [0x00000006c6a00000,0x00000006c8114268,0x00000006d1600000)
 Metaspace       used 45240K, capacity 45746K, committed 46080K, reserved 1089536K
  class space    used 6667K, capacity 6808K, committed 6912K, reserved 1048576K
Event: 6.980 GC heap after
Heap after GC invocations=11 (full 2):
 PSYoungGen      total 208896K, used 14458K [0x000000076ce00000, 0x000000077d680000, 0x00000007c0000000)
  eden space 193024K, 0% used [0x000000076ce00000,0x000000076ce00000,0x0000000778a80000)
  from space 15872K, 91% used [0x0000000778a80000,0x000000077989eb00,0x0000000779a00000)
  to   space 17408K, 0% used [0x000000077c580000,0x000000077c580000,0x000000077d680000)
 ParOldGen       total 176128K, used 23640K [0x00000006c6a00000, 0x00000006d1600000, 0x000000076ce00000)
  object space 176128K, 13% used [0x00000006c6a00000,0x00000006c8116268,0x00000006d1600000)
 Metaspace       used 45240K, capacity 45746K, committed 46080K, reserved 1089536K
  class space    used 6667K, capacity 6808K, committed 6912K, reserved 1048576K
}
Event: 13.941 GC heap before
{Heap before GC invocations=12 (full 2):
 PSYoungGen      total 208896K, used 207482K [0x000000076ce00000, 0x000000077d680000, 0x00000007c0000000)
  eden space 193024K, 100% used [0x000000076ce00000,0x0000000778a80000,0x0000000778a80000)
  from space 15872K, 91% used [0x0000000778a80000,0x000000077989eb00,0x0000000779a00000)
  to   space 17408K, 0% used [0x000000077c580000,0x000000077c580000,0x000000077d680000)
 ParOldGen       total 176128K, used 23640K [0x00000006c6a00000, 0x00000006d1600000, 0x000000076ce00000)
  object space 176128K, 13% used [0x00000006c6a00000,0x00000006c8116268,0x00000006d1600000)
 Metaspace       used 57272K, capacity 58358K, committed 58496K, reserved 1099776K
  class space    used 8260K, capacity 8531K, committed 8576K, reserved 1048576K
Event: 13.962 GC heap after
Heap after GC invocations=12 (full 2):
 PSYoungGen      total 247808K, used 17404K [0x000000076ce00000, 0x000000077d800000, 0x00000007c0000000)
  eden space 230400K, 0% used [0x000000076ce00000,0x000000076ce00000,0x000000077af00000)
  from space 17408K, 99% used [0x000000077c580000,0x000000077d67f340,0x000000077d680000)
  to   space 20992K, 0% used [0x000000077af00000,0x000000077af00000,0x000000077c380000)
 ParOldGen       total 176128K, used 27824K [0x00000006c6a00000, 0x00000006d1600000, 0x000000076ce00000)
  object space 176128K, 15% used [0x00000006c6a00000,0x00000006c852c1c8,0x00000006d1600000)
 Metaspace       used 57272K, capacity 58358K, committed 58496K, reserved 1099776K
  class space    used 8260K, capacity 8531K, committed 8576K, reserved 1048576K
}
Event: 13.995 GC heap before
{Heap before GC invocations=13 (full 2):
 PSYoungGen      total 247808K, used 25841K [0x000000076ce00000, 0x000000077d800000, 0x00000007c0000000)
  eden space 230400K, 3% used [0x000000076ce00000,0x000000076d63d4a0,0x000000077af00000)
  from space 17408K, 99% used [0x000000077c580000,0x000000077d67f340,0x000000077d680000)
  to   space 20992K, 0% used [0x000000077af00000,0x000000077af00000,0x000000077c380000)
 ParOldGen       total 176128K, used 27824K [0x00000006c6a00000, 0x00000006d1600000, 0x000000076ce00000)
  object space 176128K, 15% used [0x00000006c6a00000,0x00000006c852c1c8,0x00000006d1600000)
 Metaspace       used 57313K, capacity 58422K, committed 58496K, reserved 1099776K
  class space    used 8260K, capacity 8531K, committed 8576K, reserved 1048576K
Event: 14.010 GC heap after
Heap after GC invocations=13 (full 2):
 PSYoungGen      total 251392K, used 15091K [0x000000076ce00000, 0x0000000784100000, 0x00000007c0000000)
  eden space 230400K, 0% used [0x000000076ce00000,0x000000076ce00000,0x000000077af00000)
  from space 20992K, 71% used [0x000000077af00000,0x000000077bdbcf88,0x000000077c380000)
  to   space 21504K, 0% used [0x0000000782c00000,0x0000000782c00000,0x0000000784100000)
 ParOldGen       total 176128K, used 27832K [0x00000006c6a00000, 0x00000006d1600000, 0x000000076ce00000)
  object space 176128K, 15% used [0x00000006c6a00000,0x00000006c852e1c8,0x00000006d1600000)
 Metaspace       used 57313K, capacity 58422K, committed 58496K, reserved 1099776K
  class space    used 8260K, capacity 8531K, committed 8576K, reserved 1048576K
}
Event: 14.010 GC heap before
{Heap before GC invocations=14 (full 3):
 PSYoungGen      total 251392K, used 15091K [0x000000076ce00000, 0x0000000784100000, 0x00000007c0000000)
  eden space 230400K, 0% used [0x000000076ce00000,0x000000076ce00000,0x000000077af00000)
  from space 20992K, 71% used [0x000000077af00000,0x000000077bdbcf88,0x000000077c380000)
  to   space 21504K, 0% used [0x0000000782c00000,0x0000000782c00000,0x0000000784100000)
 ParOldGen       total 176128K, used 27832K [0x00000006c6a00000, 0x00000006d1600000, 0x000000076ce00000)
  object space 176128K, 15% used [0x00000006c6a00000,0x00000006c852e1c8,0x00000006d1600000)
 Metaspace       used 57313K, capacity 58422K, committed 58496K, reserved 1099776K
  class space    used 8260K, capacity 8531K, committed 8576K, reserved 1048576K
Event: 14.202 GC heap after
Heap after GC invocations=14 (full 3):
 PSYoungGen      total 251392K, used 0K [0x000000076ce00000, 0x0000000784100000, 0x00000007c0000000)
  eden space 230400K, 0% used [0x000000076ce00000,0x000000076ce00000,0x000000077af00000)
  from space 20992K, 0% used [0x000000077af00000,0x000000077af00000,0x000000077c380000)
  to   space 21504K, 0% used [0x0000000782c00000,0x0000000782c00000,0x0000000784100000)
 ParOldGen       total 207872K, used 34732K [0x00000006c6a00000, 0x00000006d3500000, 0x000000076ce00000)
  object space 207872K, 16% used [0x00000006c6a00000,0x00000006c8beb368,0x00000006d3500000)
 Metaspace       used 57242K, capacity 58324K, committed 58496K, reserved 1099776K
  class space    used 8258K, capacity 8525K, committed 8576K, reserved 1048576K
}
Event: 44.049 GC heap before
{Heap before GC invocations=15 (full 3):
 PSYoungGen      total 251392K, used 230400K [0x000000076ce00000, 0x0000000784100000, 0x00000007c0000000)
  eden space 230400K, 100% used [0x000000076ce00000,0x000000077af00000,0x000000077af00000)
  from space 20992K, 0% used [0x000000077af00000,0x000000077af00000,0x000000077c380000)
  to   space 21504K, 0% used [0x0000000782c00000,0x0000000782c00000,0x0000000784100000)
 ParOldGen       total 207872K, used 34732K [0x00000006c6a00000, 0x00000006d3500000, 0x000000076ce00000)
  object space 207872K, 16% used [0x00000006c6a00000,0x00000006c8beb368,0x00000006d3500000)
 Metaspace       used 58407K, capacity 59592K, committed 59776K, reserved 1099776K
  class space    used 8397K, capacity 8699K, committed 8832K, reserved 1048576K
Event: 44.054 GC heap after
Heap after GC invocations=15 (full 3):
 PSYoungGen      total 348160K, used 2058K [0x000000076ce00000, 0x0000000783c80000, 0x00000007c0000000)
  eden space 331264K, 0% used [0x000000076ce00000,0x000000076ce00000,0x0000000781180000)
  from space 16896K, 12% used [0x0000000782c00000,0x0000000782e02bd8,0x0000000783c80000)
  to   space 22016K, 0% used [0x0000000781180000,0x0000000781180000,0x0000000782700000)
 ParOldGen       total 207872K, used 34740K [0x00000006c6a00000, 0x00000006d3500000, 0x000000076ce00000)
  object space 207872K, 16% used [0x00000006c6a00000,0x00000006c8bed368,0x00000006d3500000)
 Metaspace       used 58407K, capacity 59592K, committed 59776K, reserved 1099776K
  class space    used 8397K, capacity 8699K, committed 8832K, reserved 1048576K
}

