# JRE version: Java(TM) SE Runtime Environment (8.0_20-b17) (build 1.8.0_20-ea-b17)
# Java VM: Java HotSpot(TM) 64-Bit Server VM (25.20-b17 mixed mode linux-amd64 compressed oops)
Heap:
 PSYoungGen      total 428032K, used 237264K [0x000000076ce00000, 0x000000078cd00000, 0x00000007c0000000)
  eden space 408064K, 58% used [0x000000076ce00000,0x000000077b5b4170,0x0000000785c80000)
  from space 19968K, 0% used [0x0000000785c80000,0x0000000785c80000,0x0000000787000000)
  to   space 20480K, 0% used [0x000000078b900000,0x000000078b900000,0x000000078cd00000)
 ParOldGen       total 235008K, used 34609K [0x00000006c6a00000, 0x00000006d4f80000, 0x000000076ce00000)
  object space 235008K, 14% used [0x00000006c6a00000,0x00000006c8bcc6a8,0x00000006d4f80000)
 Metaspace       used 58349K, capacity 59618K, committed 59880K, reserved 1099776K
  class space    used 8312K, capacity 8596K, committed 8704K, reserved 1048576K
GC Heap History (10 events):
Event: 4.964 GC heap before
{Heap before GC invocations=8 (full 2):
 PSYoungGen      total 306176K, used 13129K [0x000000076ce00000, 0x0000000786a80000, 0x00000007c0000000)
  eden space 291840K, 0% used [0x000000076ce00000,0x000000076ce00000,0x000000077eb00000)
  from space 14336K, 91% used [0x000000077fa80000,0x0000000780752478,0x0000000780880000)
  to   space 15872K, 0% used [0x000000077eb00000,0x000000077eb00000,0x000000077fa80000)
 ParOldGen       total 108032K, used 12778K [0x00000006c6a00000, 0x00000006cd380000, 0x000000076ce00000)
  object space 108032K, 11% used [0x00000006c6a00000,0x00000006c767a908,0x00000006cd380000)
 Metaspace       used 34643K, capacity 35082K, committed 35320K, reserved 1079296K
  class space    used 4596K, capacity 4705K, committed 4736K, reserved 1048576K
Event: 5.041 GC heap after
Heap after GC invocations=8 (full 2):
 PSYoungGen      total 306176K, used 0K [0x000000076ce00000, 0x0000000786a80000, 0x00000007c0000000)
  eden space 291840K, 0% used [0x000000076ce00000,0x000000076ce00000,0x000000077eb00000)
  from space 14336K, 0% used [0x000000077fa80000,0x000000077fa80000,0x0000000780880000)
  to   space 15872K, 0% used [0x000000077eb00000,0x000000077eb00000,0x000000077fa80000)
 ParOldGen       total 167424K, used 23628K [0x00000006c6a00000, 0x00000006d0d80000, 0x000000076ce00000)
  object space 167424K, 14% used [0x00000006c6a00000,0x00000006c8113080,0x00000006d0d80000)
 Metaspace       used 34643K, capacity 35082K, committed 35320K, reserved 1079296K
  class space    used 4596K, capacity 4705K, committed 4736K, reserved 1048576K
}
Event: 6.471 GC heap before
{Heap before GC invocations=9 (full 2):
 PSYoungGen      total 306176K, used 291840K [0x000000076ce00000, 0x0000000786a80000, 0x00000007c0000000)
  eden space 291840K, 100% used [0x000000076ce00000,0x000000077eb00000,0x000000077eb00000)
  from space 14336K, 0% used [0x000000077fa80000,0x000000077fa80000,0x0000000780880000)
  to   space 15872K, 0% used [0x000000077eb00000,0x000000077eb00000,0x000000077fa80000)
 ParOldGen       total 167424K, used 23628K [0x00000006c6a00000, 0x00000006d0d80000, 0x000000076ce00000)
  object space 167424K, 14% used [0x00000006c6a00000,0x00000006c8113080,0x00000006d0d80000)
 Metaspace       used 43751K, capacity 44546K, committed 44672K, reserved 1087488K
  class space    used 6342K, capacity 6528K, committed 6528K, reserved 1048576K
Event: 6.481 GC heap after
Heap after GC invocations=9 (full 2):
 PSYoungGen      total 307712K, used 11236K [0x000000076ce00000, 0x0000000788380000, 0x00000007c0000000)
  eden space 291840K, 0% used [0x000000076ce00000,0x000000076ce00000,0x000000077eb00000)
  from space 15872K, 70% used [0x000000077eb00000,0x000000077f5f91c8,0x000000077fa80000)
  to   space 15360K, 0% used [0x0000000787480000,0x0000000787480000,0x0000000788380000)
 ParOldGen       total 167424K, used 23636K [0x00000006c6a00000, 0x00000006d0d80000, 0x000000076ce00000)
  object space 167424K, 14% used [0x00000006c6a00000,0x00000006c8115080,0x00000006d0d80000)
 Metaspace       used 43751K, capacity 44546K, committed 44672K, reserved 1087488K
  class space    used 6342K, capacity 6528K, committed 6528K, reserved 1048576K
}
Event: 13.819 GC heap before
{Heap before GC invocations=10 (full 2):
 PSYoungGen      total 307712K, used 303076K [0x000000076ce00000, 0x0000000788380000, 0x00000007c0000000)
  eden space 291840K, 100% used [0x000000076ce00000,0x000000077eb00000,0x000000077eb00000)
  from space 15872K, 70% used [0x000000077eb00000,0x000000077f5f91c8,0x000000077fa80000)
  to   space 15360K, 0% used [0x0000000787480000,0x0000000787480000,0x0000000788380000)
 ParOldGen       total 167424K, used 23636K [0x00000006c6a00000, 0x00000006d0d80000, 0x000000076ce00000)
  object space 167424K, 14% used [0x00000006c6a00000,0x00000006c8115080,0x00000006d0d80000)
 Metaspace       used 56875K, capacity 58074K, committed 58240K, reserved 1099776K
  class space    used 8191K, capacity 8468K, committed 8576K, reserved 1048576K
Event: 13.837 GC heap after
Heap after GC invocations=10 (full 2):
 PSYoungGen      total 415232K, used 15347K [0x000000076ce00000, 0x0000000788380000, 0x00000007c0000000)
  eden space 399872K, 0% used [0x000000076ce00000,0x000000076ce00000,0x0000000785480000)
  from space 15360K, 99% used [0x0000000787480000,0x000000078837ccf8,0x0000000788380000)
  to   space 19968K, 0% used [0x0000000785c80000,0x0000000785c80000,0x0000000787000000)
 ParOldGen       total 167424K, used 30616K [0x00000006c6a00000, 0x00000006d0d80000, 0x000000076ce00000)
  object space 167424K, 18% used [0x00000006c6a00000,0x00000006c87e63c0,0x00000006d0d80000)
 Metaspace       used 56875K, capacity 58074K, committed 58240K, reserved 1099776K
  class space    used 8191K, capacity 8468K, committed 8576K, reserved 1048576K
}
Event: 15.885 GC heap before
{Heap before GC invocations=11 (full 2):
 PSYoungGen      total 415232K, used 37320K [0x000000076ce00000, 0x0000000788380000, 0x00000007c0000000)
  eden space 399872K, 5% used [0x000000076ce00000,0x000000076e375408,0x0000000785480000)
  from space 15360K, 99% used [0x0000000787480000,0x000000078837ccf8,0x0000000788380000)
  to   space 19968K, 0% used [0x0000000785c80000,0x0000000785c80000,0x0000000787000000)
 ParOldGen       total 167424K, used 30616K [0x00000006c6a00000, 0x00000006d0d80000, 0x000000076ce00000)
  object space 167424K, 18% used [0x00000006c6a00000,0x00000006c87e63c0,0x00000006d0d80000)
 Metaspace       used 57135K, capacity 58358K, committed 58472K, reserved 1099776K
  class space    used 8222K, capacity 8494K, committed 8576K, reserved 1048576K
Event: 15.901 GC heap after
Heap after GC invocations=11 (full 2):
 PSYoungGen      total 428032K, used 14954K [0x000000076ce00000, 0x000000078cd00000, 0x00000007c0000000)
  eden space 408064K, 0% used [0x000000076ce00000,0x000000076ce00000,0x0000000785c80000)
  from space 19968K, 74% used [0x0000000785c80000,0x0000000786b1aba0,0x0000000787000000)
  to   space 20480K, 0% used [0x000000078b900000,0x000000078b900000,0x000000078cd00000)
 ParOldGen       total 167424K, used 30624K [0x00000006c6a00000, 0x00000006d0d80000, 0x000000076ce00000)
  object space 167424K, 18% used [0x00000006c6a00000,0x00000006c87e83c0,0x00000006d0d80000)
 Metaspace       used 57135K, capacity 58358K, committed 58472K, reserved 1099776K
  class space    used 8222K, capacity 8494K, committed 8576K, reserved 1048576K
}
Event: 15.901 GC heap before
{Heap before GC invocations=12 (full 3):
 PSYoungGen      total 428032K, used 14954K [0x000000076ce00000, 0x000000078cd00000, 0x00000007c0000000)
  eden space 408064K, 0% used [0x000000076ce00000,0x000000076ce00000,0x0000000785c80000)
  from space 19968K, 74% used [0x0000000785c80000,0x0000000786b1aba0,0x0000000787000000)
  to   space 20480K, 0% used [0x000000078b900000,0x000000078b900000,0x000000078cd00000)
 ParOldGen       total 167424K, used 30624K [0x00000006c6a00000, 0x00000006d0d80000, 0x000000076ce00000)
  object space 167424K, 18% used [0x00000006c6a00000,0x00000006c87e83c0,0x00000006d0d80000)
 Metaspace       used 57135K, capacity 58358K, committed 58472K, reserved 1099776K
  class space    used 8222K, capacity 8494K, committed 8576K, reserved 1048576K
Event: 16.104 GC heap after
Heap after GC invocations=12 (full 3):
 PSYoungGen      total 428032K, used 0K [0x000000076ce00000, 0x000000078cd00000, 0x00000007c0000000)
  eden space 408064K, 0% used [0x000000076ce00000,0x000000076ce00000,0x0000000785c80000)
  from space 19968K, 0% used [0x0000000785c80000,0x0000000785c80000,0x0000000787000000)
  to   space 20480K, 0% used [0x000000078b900000,0x000000078b900000,0x000000078cd00000)
 ParOldGen       total 235008K, used 34609K [0x00000006c6a00000, 0x00000006d4f80000, 0x000000076ce00000)
  object space 235008K, 14% used [0x00000006c6a00000,0x00000006c8bcc6a8,0x00000006d4f80000)
 Metaspace       used 57075K, capacity 58274K, committed 58472K, reserved 1099776K
  class space    used 8221K, capacity 8490K, committed 8576K, reserved 1048576K
}

