# JRE version: Java(TM) SE Runtime Environment (8.0_20-b17) (build 1.8.0_20-ea-b17)
# Java VM: Java HotSpot(TM) 64-Bit Server VM (25.20-b17 mixed mode linux-amd64 compressed oops)
Heap:
 PSYoungGen      total 215552K, used 104557K [0x000000076ce00000, 0x000000077d480000, 0x00000007c0000000)
  eden space 196096K, 53% used [0x000000076ce00000,0x000000077341b758,0x0000000778d80000)
  from space 19456K, 0% used [0x0000000778d80000,0x0000000778d80000,0x000000077a080000)
  to   space 20480K, 0% used [0x000000077c080000,0x000000077c080000,0x000000077d480000)
 ParOldGen       total 282624K, used 35184K [0x00000006c6a00000, 0x00000006d7e00000, 0x000000076ce00000)
  object space 282624K, 12% used [0x00000006c6a00000,0x00000006c8c5c2e0,0x00000006d7e00000)
 Metaspace       used 58161K, capacity 59236K, committed 59368K, reserved 1099776K
  class space    used 8310K, capacity 8575K, committed 8704K, reserved 1048576K
GC Heap History (10 events):
Event: 5.906 GC heap before
{Heap before GC invocations=10 (full 2):
 PSYoungGen      total 139776K, used 124928K [0x000000076ce00000, 0x0000000779400000, 0x00000007c0000000)
  eden space 124928K, 100% used [0x000000076ce00000,0x0000000774800000,0x0000000774800000)
  from space 14848K, 0% used [0x0000000774800000,0x0000000774800000,0x0000000775680000)
  to   space 15872K, 0% used [0x0000000778480000,0x0000000778480000,0x0000000779400000)
 ParOldGen       total 196608K, used 23696K [0x00000006c6a00000, 0x00000006d2a00000, 0x000000076ce00000)
  object space 196608K, 12% used [0x00000006c6a00000,0x00000006c8124338,0x00000006d2a00000)
 Metaspace       used 39473K, capacity 40014K, committed 40192K, reserved 1083392K
  class space    used 5732K, capacity 5842K, committed 5888K, reserved 1048576K
Event: 5.921 GC heap after
Heap after GC invocations=10 (full 2):
 PSYoungGen      total 179712K, used 5815K [0x000000076ce00000, 0x0000000779080000, 0x00000007c0000000)
  eden space 167424K, 0% used [0x000000076ce00000,0x000000076ce00000,0x0000000777180000)
  from space 12288K, 47% used [0x0000000778480000,0x0000000778a2de88,0x0000000779080000)
  to   space 15872K, 0% used [0x0000000777180000,0x0000000777180000,0x0000000778100000)
 ParOldGen       total 196608K, used 23704K [0x00000006c6a00000, 0x00000006d2a00000, 0x000000076ce00000)
  object space 196608K, 12% used [0x00000006c6a00000,0x00000006c8126338,0x00000006d2a00000)
 Metaspace       used 39473K, capacity 40014K, committed 40192K, reserved 1083392K
  class space    used 5732K, capacity 5842K, committed 5888K, reserved 1048576K
}
Event: 6.787 GC heap before
{Heap before GC invocations=11 (full 2):
 PSYoungGen      total 179712K, used 173239K [0x000000076ce00000, 0x0000000779080000, 0x00000007c0000000)
  eden space 167424K, 100% used [0x000000076ce00000,0x0000000777180000,0x0000000777180000)
  from space 12288K, 47% used [0x0000000778480000,0x0000000778a2de88,0x0000000779080000)
  to   space 15872K, 0% used [0x0000000777180000,0x0000000777180000,0x0000000778100000)
 ParOldGen       total 196608K, used 23704K [0x00000006c6a00000, 0x00000006d2a00000, 0x000000076ce00000)
  object space 196608K, 12% used [0x00000006c6a00000,0x00000006c8126338,0x00000006d2a00000)
 Metaspace       used 44336K, capacity 44882K, committed 45184K, reserved 1087488K
  class space    used 6586K, capacity 6712K, committed 6784K, reserved 1048576K
Event: 6.796 GC heap after
Heap after GC invocations=11 (full 2):
 PSYoungGen      total 183296K, used 7982K [0x000000076ce00000, 0x000000077b080000, 0x00000007c0000000)
  eden space 167424K, 0% used [0x000000076ce00000,0x000000076ce00000,0x0000000777180000)
  from space 15872K, 50% used [0x0000000777180000,0x000000077794ba90,0x0000000778100000)
  to   space 15872K, 0% used [0x000000077a100000,0x000000077a100000,0x000000077b080000)
 ParOldGen       total 196608K, used 23712K [0x00000006c6a00000, 0x00000006d2a00000, 0x000000076ce00000)
  object space 196608K, 12% used [0x00000006c6a00000,0x00000006c8128338,0x00000006d2a00000)
 Metaspace       used 44336K, capacity 44882K, committed 45184K, reserved 1087488K
  class space    used 6586K, capacity 6712K, committed 6784K, reserved 1048576K
}
Event: 14.157 GC heap before
{Heap before GC invocations=12 (full 2):
 PSYoungGen      total 183296K, used 175406K [0x000000076ce00000, 0x000000077b080000, 0x00000007c0000000)
  eden space 167424K, 100% used [0x000000076ce00000,0x0000000777180000,0x0000000777180000)
  from space 15872K, 50% used [0x0000000777180000,0x000000077794ba90,0x0000000778100000)
  to   space 15872K, 0% used [0x000000077a100000,0x000000077a100000,0x000000077b080000)
 ParOldGen       total 196608K, used 23712K [0x00000006c6a00000, 0x00000006d2a00000, 0x000000076ce00000)
  object space 196608K, 12% used [0x00000006c6a00000,0x00000006c8128338,0x00000006d2a00000)
 Metaspace       used 56833K, capacity 57926K, committed 58240K, reserved 1099776K
  class space    used 8213K, capacity 8459K, committed 8576K, reserved 1048576K
Event: 14.182 GC heap after
Heap after GC invocations=12 (full 2):
 PSYoungGen      total 211968K, used 15855K [0x000000076ce00000, 0x000000077b380000, 0x00000007c0000000)
  eden space 196096K, 0% used [0x000000076ce00000,0x000000076ce00000,0x0000000778d80000)
  from space 15872K, 99% used [0x000000077a100000,0x000000077b07bf18,0x000000077b080000)
  to   space 19456K, 0% used [0x0000000778d80000,0x0000000778d80000,0x000000077a080000)
 ParOldGen       total 196608K, used 29150K [0x00000006c6a00000, 0x00000006d2a00000, 0x000000076ce00000)
  object space 196608K, 14% used [0x00000006c6a00000,0x00000006c86778b0,0x00000006d2a00000)
 Metaspace       used 56833K, capacity 57926K, committed 58240K, reserved 1099776K
  class space    used 8213K, capacity 8459K, committed 8576K, reserved 1048576K
}
Event: 16.016 GC heap before
{Heap before GC invocations=13 (full 2):
 PSYoungGen      total 211968K, used 77350K [0x000000076ce00000, 0x000000077b380000, 0x00000007c0000000)
  eden space 196096K, 31% used [0x000000076ce00000,0x0000000770a0d980,0x0000000778d80000)
  from space 15872K, 99% used [0x000000077a100000,0x000000077b07bf18,0x000000077b080000)
  to   space 19456K, 0% used [0x0000000778d80000,0x0000000778d80000,0x000000077a080000)
 ParOldGen       total 196608K, used 29150K [0x00000006c6a00000, 0x00000006d2a00000, 0x000000076ce00000)
  object space 196608K, 14% used [0x00000006c6a00000,0x00000006c86778b0,0x00000006d2a00000)
 Metaspace       used 57278K, capacity 58388K, committed 58472K, reserved 1099776K
  class space    used 8257K, capacity 8536K, committed 8576K, reserved 1048576K
Event: 16.031 GC heap after
Heap after GC invocations=13 (full 2):
 PSYoungGen      total 215552K, used 15654K [0x000000076ce00000, 0x000000077d480000, 0x00000007c0000000)
  eden space 196096K, 0% used [0x000000076ce00000,0x000000076ce00000,0x0000000778d80000)
  from space 19456K, 80% used [0x0000000778d80000,0x0000000779cc98d8,0x000000077a080000)
  to   space 20480K, 0% used [0x000000077c080000,0x000000077c080000,0x000000077d480000)
 ParOldGen       total 196608K, used 29158K [0x00000006c6a00000, 0x00000006d2a00000, 0x000000076ce00000)
  object space 196608K, 14% used [0x00000006c6a00000,0x00000006c86798b0,0x00000006d2a00000)
 Metaspace       used 57278K, capacity 58388K, committed 58472K, reserved 1099776K
  class space    used 8257K, capacity 8536K, committed 8576K, reserved 1048576K
}
Event: 16.031 GC heap before
{Heap before GC invocations=14 (full 3):
 PSYoungGen      total 215552K, used 15654K [0x000000076ce00000, 0x000000077d480000, 0x00000007c0000000)
  eden space 196096K, 0% used [0x000000076ce00000,0x000000076ce00000,0x0000000778d80000)
  from space 19456K, 80% used [0x0000000778d80000,0x0000000779cc98d8,0x000000077a080000)
  to   space 20480K, 0% used [0x000000077c080000,0x000000077c080000,0x000000077d480000)
 ParOldGen       total 196608K, used 29158K [0x00000006c6a00000, 0x00000006d2a00000, 0x000000076ce00000)
  object space 196608K, 14% used [0x00000006c6a00000,0x00000006c86798b0,0x00000006d2a00000)
 Metaspace       used 57278K, capacity 58388K, committed 58472K, reserved 1099776K
  class space    used 8257K, capacity 8536K, committed 8576K, reserved 1048576K
Event: 16.251 GC heap after
Heap after GC invocations=14 (full 3):
 PSYoungGen      total 215552K, used 0K [0x000000076ce00000, 0x000000077d480000, 0x00000007c0000000)
  eden space 196096K, 0% used [0x000000076ce00000,0x000000076ce00000,0x0000000778d80000)
  from space 19456K, 0% used [0x0000000778d80000,0x0000000778d80000,0x000000077a080000)
  to   space 20480K, 0% used [0x000000077c080000,0x000000077c080000,0x000000077d480000)
 ParOldGen       total 282624K, used 35184K [0x00000006c6a00000, 0x00000006d7e00000, 0x000000076ce00000)
  object space 282624K, 12% used [0x00000006c6a00000,0x00000006c8c5c2e0,0x00000006d7e00000)
 Metaspace       used 57208K, capacity 58290K, committed 58472K, reserved 1099776K
  class space    used 8255K, capacity 8530K, committed 8576K, reserved 1048576K
}

