# JRE version: Java(TM) SE Runtime Environment (8.0_20-b17) (build 1.8.0_20-ea-b17)
# Java VM: Java HotSpot(TM) 64-Bit Server VM (25.20-b17 mixed mode linux-amd64 compressed oops)
Heap:
 PSYoungGen      total 420352K, used 102798K [0x000000076ce00000, 0x000000078b800000, 0x00000007c0000000)
  eden space 390656K, 26% used [0x000000076ce00000,0x0000000773263a80,0x0000000784b80000)
  from space 29696K, 0% used [0x0000000784b80000,0x0000000784b80000,0x0000000786880000)
  to   space 28672K, 0% used [0x0000000789c00000,0x0000000789c00000,0x000000078b800000)
 ParOldGen       total 261120K, used 39827K [0x00000006c6a00000, 0x00000006d6900000, 0x000000076ce00000)
  object space 261120K, 15% used [0x00000006c6a00000,0x00000006c90e4f40,0x00000006d6900000)
 Metaspace       used 57942K, capacity 59016K, committed 59284K, reserved 1099776K
  class space    used 8372K, capacity 8617K, committed 8648K, reserved 1048576K
GC Heap History (10 events):
Event: 6.101 GC heap before
{Heap before GC invocations=8 (full 2):
 PSYoungGen      total 268288K, used 258048K [0x000000076ce00000, 0x0000000781f80000, 0x00000007c0000000)
  eden space 258048K, 100% used [0x000000076ce00000,0x000000077ca00000,0x000000077ca00000)
  from space 10240K, 0% used [0x000000077ca00000,0x000000077ca00000,0x000000077d400000)
  to   space 23040K, 0% used [0x0000000780900000,0x0000000780900000,0x0000000781f80000)
 ParOldGen       total 188928K, used 29429K [0x00000006c6a00000, 0x00000006d2280000, 0x000000076ce00000)
  object space 188928K, 15% used [0x00000006c6a00000,0x00000006c86bd708,0x00000006d2280000)
 Metaspace       used 41500K, capacity 41980K, committed 42316K, reserved 1085440K
  class space    used 6551K, capacity 6668K, committed 6784K, reserved 1048576K
Event: 6.109 GC heap after
Heap after GC invocations=8 (full 2):
 PSYoungGen      total 321536K, used 6555K [0x000000076ce00000, 0x0000000785800000, 0x00000007c0000000)
  eden space 298496K, 0% used [0x000000076ce00000,0x000000076ce00000,0x000000077f180000)
  from space 23040K, 28% used [0x0000000780900000,0x0000000780f66f48,0x0000000781f80000)
  to   space 24064K, 0% used [0x000000077f180000,0x000000077f180000,0x0000000780900000)
 ParOldGen       total 188928K, used 29437K [0x00000006c6a00000, 0x00000006d2280000, 0x000000076ce00000)
  object space 188928K, 15% used [0x00000006c6a00000,0x00000006c86bf708,0x00000006d2280000)
 Metaspace       used 41500K, capacity 41980K, committed 42316K, reserved 1085440K
  class space    used 6551K, capacity 6668K, committed 6784K, reserved 1048576K
}
Event: 8.057 GC heap before
{Heap before GC invocations=9 (full 2):
 PSYoungGen      total 321536K, used 305051K [0x000000076ce00000, 0x0000000785800000, 0x00000007c0000000)
  eden space 298496K, 100% used [0x000000076ce00000,0x000000077f180000,0x000000077f180000)
  from space 23040K, 28% used [0x0000000780900000,0x0000000780f66f48,0x0000000781f80000)
  to   space 24064K, 0% used [0x000000077f180000,0x000000077f180000,0x0000000780900000)
 ParOldGen       total 188928K, used 29437K [0x00000006c6a00000, 0x00000006d2280000, 0x000000076ce00000)
  object space 188928K, 15% used [0x00000006c6a00000,0x00000006c86bf708,0x00000006d2280000)
 Metaspace       used 49053K, capacity 49652K, committed 49740K, reserved 1091584K
  class space    used 7361K, capacity 7504K, committed 7552K, reserved 1048576K
Event: 8.077 GC heap after
Heap after GC invocations=9 (full 2):
 PSYoungGen      total 322560K, used 14039K [0x000000076ce00000, 0x0000000788580000, 0x00000007c0000000)
  eden space 298496K, 0% used [0x000000076ce00000,0x000000076ce00000,0x000000077f180000)
  from space 24064K, 58% used [0x000000077f180000,0x000000077ff35fc8,0x0000000780900000)
  to   space 22528K, 0% used [0x0000000786f80000,0x0000000786f80000,0x0000000788580000)
 ParOldGen       total 188928K, used 29445K [0x00000006c6a00000, 0x00000006d2280000, 0x000000076ce00000)
  object space 188928K, 15% used [0x00000006c6a00000,0x00000006c86c1708,0x00000006d2280000)
 Metaspace       used 49053K, capacity 49652K, committed 49740K, reserved 1091584K
  class space    used 7361K, capacity 7504K, committed 7552K, reserved 1048576K
}
Event: 91.595 GC heap before
{Heap before GC invocations=10 (full 2):
 PSYoungGen      total 322560K, used 312535K [0x000000076ce00000, 0x0000000788580000, 0x00000007c0000000)
  eden space 298496K, 100% used [0x000000076ce00000,0x000000077f180000,0x000000077f180000)
  from space 24064K, 58% used [0x000000077f180000,0x000000077ff35fc8,0x0000000780900000)
  to   space 22528K, 0% used [0x0000000786f80000,0x0000000786f80000,0x0000000788580000)
 ParOldGen       total 188928K, used 29445K [0x00000006c6a00000, 0x00000006d2280000, 0x000000076ce00000)
  object space 188928K, 15% used [0x00000006c6a00000,0x00000006c86c1708,0x00000006d2280000)
 Metaspace       used 57080K, capacity 58152K, committed 58188K, reserved 1099776K
  class space    used 8339K, capacity 8575K, committed 8576K, reserved 1048576K
Event: 91.622 GC heap after
Heap after GC invocations=10 (full 2):
 PSYoungGen      total 409088K, used 22508K [0x000000076ce00000, 0x0000000788580000, 0x00000007c0000000)
  eden space 386560K, 0% used [0x000000076ce00000,0x000000076ce00000,0x0000000784780000)
  from space 22528K, 99% used [0x0000000786f80000,0x000000078857b288,0x0000000788580000)
  to   space 29696K, 0% used [0x0000000784b80000,0x0000000784b80000,0x0000000786880000)
 ParOldGen       total 188928K, used 39247K [0x00000006c6a00000, 0x00000006d2280000, 0x000000076ce00000)
  object space 188928K, 20% used [0x00000006c6a00000,0x00000006c9053c20,0x00000006d2280000)
 Metaspace       used 57080K, capacity 58152K, committed 58188K, reserved 1099776K
  class space    used 8339K, capacity 8575K, committed 8576K, reserved 1048576K
}
Event: 104.671 GC heap before
{Heap before GC invocations=11 (full 2):
 PSYoungGen      total 409088K, used 208371K [0x000000076ce00000, 0x0000000788580000, 0x00000007c0000000)
  eden space 386560K, 48% used [0x000000076ce00000,0x0000000778381978,0x0000000784780000)
  from space 22528K, 99% used [0x0000000786f80000,0x000000078857b288,0x0000000788580000)
  to   space 29696K, 0% used [0x0000000784b80000,0x0000000784b80000,0x0000000786880000)
 ParOldGen       total 188928K, used 39247K [0x00000006c6a00000, 0x00000006d2280000, 0x000000076ce00000)
  object space 188928K, 20% used [0x00000006c6a00000,0x00000006c9053c20,0x00000006d2280000)
 Metaspace       used 57472K, capacity 58444K, committed 58516K, reserved 1099776K
  class space    used 8344K, capacity 8581K, committed 8648K, reserved 1048576K
Event: 104.693 GC heap after
Heap after GC invocations=11 (full 2):
 PSYoungGen      total 420352K, used 14449K [0x000000076ce00000, 0x000000078b800000, 0x00000007c0000000)
  eden space 390656K, 0% used [0x000000076ce00000,0x000000076ce00000,0x0000000784b80000)
  from space 29696K, 48% used [0x0000000784b80000,0x000000078599c690,0x0000000786880000)
  to   space 28672K, 0% used [0x0000000789c00000,0x0000000789c00000,0x000000078b800000)
 ParOldGen       total 188928K, used 39255K [0x00000006c6a00000, 0x00000006d2280000, 0x000000076ce00000)
  object space 188928K, 20% used [0x00000006c6a00000,0x00000006c9055c20,0x00000006d2280000)
 Metaspace       used 57472K, capacity 58444K, committed 58516K, reserved 1099776K
  class space    used 8344K, capacity 8581K, committed 8648K, reserved 1048576K
}
Event: 104.693 GC heap before
{Heap before GC invocations=12 (full 3):
 PSYoungGen      total 420352K, used 14449K [0x000000076ce00000, 0x000000078b800000, 0x00000007c0000000)
  eden space 390656K, 0% used [0x000000076ce00000,0x000000076ce00000,0x0000000784b80000)
  from space 29696K, 48% used [0x0000000784b80000,0x000000078599c690,0x0000000786880000)
  to   space 28672K, 0% used [0x0000000789c00000,0x0000000789c00000,0x000000078b800000)
 ParOldGen       total 188928K, used 39255K [0x00000006c6a00000, 0x00000006d2280000, 0x000000076ce00000)
  object space 188928K, 20% used [0x00000006c6a00000,0x00000006c9055c20,0x00000006d2280000)
 Metaspace       used 57472K, capacity 58444K, committed 58516K, reserved 1099776K
  class space    used 8344K, capacity 8581K, committed 8648K, reserved 1048576K
Event: 104.848 GC heap after
Heap after GC invocations=12 (full 3):
 PSYoungGen      total 420352K, used 0K [0x000000076ce00000, 0x000000078b800000, 0x00000007c0000000)
  eden space 390656K, 0% used [0x000000076ce00000,0x000000076ce00000,0x0000000784b80000)
  from space 29696K, 0% used [0x0000000784b80000,0x0000000784b80000,0x0000000786880000)
  to   space 28672K, 0% used [0x0000000789c00000,0x0000000789c00000,0x000000078b800000)
 ParOldGen       total 261120K, used 39827K [0x00000006c6a00000, 0x00000006d6900000, 0x000000076ce00000)
  object space 261120K, 15% used [0x00000006c6a00000,0x00000006c90e4f40,0x00000006d6900000)
 Metaspace       used 57412K, capacity 58360K, committed 58516K, reserved 1099776K
  class space    used 8342K, capacity 8577K, committed 8648K, reserved 1048576K
}

