# JRE version: Java(TM) SE Runtime Environment (8.0_20-b17) (build 1.8.0_20-ea-b17)
# Java VM: Java HotSpot(TM) 64-Bit Server VM (25.20-b17 mixed mode linux-amd64 compressed oops)
Heap:
 PSYoungGen      total 443392K, used 145307K [0x000000076ce00000, 0x0000000796680000, 0x00000007c0000000)
  eden space 422912K, 34% used [0x000000076ce00000,0x0000000775be6cf0,0x0000000786b00000)
  from space 20480K, 0% used [0x0000000786b00000,0x0000000786b00000,0x0000000787f00000)
  to   space 20992K, 0% used [0x0000000795200000,0x0000000795200000,0x0000000796680000)
 ParOldGen       total 192512K, used 39190K [0x00000006c6a00000, 0x00000006d2600000, 0x000000076ce00000)
  object space 192512K, 20% used [0x00000006c6a00000,0x00000006c9045800,0x00000006d2600000)
 Metaspace       used 57983K, capacity 59174K, committed 59468K, reserved 1099776K
  class space    used 8288K, capacity 8586K, committed 8640K, reserved 1048576K
GC Heap History (10 events):
Event: 4.634 GC heap before
{Heap before GC invocations=8 (full 2):
 PSYoungGen      total 313344K, used 9378K [0x000000076ce00000, 0x0000000786d00000, 0x00000007c0000000)
  eden space 299520K, 0% used [0x000000076ce00000,0x000000076ce00000,0x000000077f280000)
  from space 13824K, 67% used [0x0000000780000000,0x0000000780928830,0x0000000780d80000)
  to   space 13824K, 0% used [0x000000077f280000,0x000000077f280000,0x0000000780000000)
 ParOldGen       total 108032K, used 13860K [0x00000006c6a00000, 0x00000006cd380000, 0x000000076ce00000)
  object space 108032K, 12% used [0x00000006c6a00000,0x00000006c7789308,0x00000006cd380000)
 Metaspace       used 34492K, capacity 35142K, committed 35264K, reserved 1081344K
  class space    used 4114K, capacity 4266K, committed 4288K, reserved 1048576K
Event: 4.698 GC heap after
Heap after GC invocations=8 (full 2):
 PSYoungGen      total 313344K, used 0K [0x000000076ce00000, 0x0000000786d00000, 0x00000007c0000000)
  eden space 299520K, 0% used [0x000000076ce00000,0x000000076ce00000,0x000000077f280000)
  from space 13824K, 0% used [0x0000000780000000,0x0000000780000000,0x0000000780d80000)
  to   space 13824K, 0% used [0x000000077f280000,0x000000077f280000,0x0000000780000000)
 ParOldGen       total 163328K, used 19934K [0x00000006c6a00000, 0x00000006d0980000, 0x000000076ce00000)
  object space 163328K, 12% used [0x00000006c6a00000,0x00000006c7d77a60,0x00000006d0980000)
 Metaspace       used 34492K, capacity 35142K, committed 35264K, reserved 1081344K
  class space    used 4114K, capacity 4266K, committed 4288K, reserved 1048576K
}
Event: 6.663 GC heap before
{Heap before GC invocations=9 (full 2):
 PSYoungGen      total 313344K, used 299520K [0x000000076ce00000, 0x0000000786d00000, 0x00000007c0000000)
  eden space 299520K, 100% used [0x000000076ce00000,0x000000077f280000,0x000000077f280000)
  from space 13824K, 0% used [0x0000000780000000,0x0000000780000000,0x0000000780d80000)
  to   space 13824K, 0% used [0x000000077f280000,0x000000077f280000,0x0000000780000000)
 ParOldGen       total 163328K, used 19934K [0x00000006c6a00000, 0x00000006d0980000, 0x000000076ce00000)
  object space 163328K, 12% used [0x00000006c6a00000,0x00000006c7d77a60,0x00000006d0980000)
 Metaspace       used 46111K, capacity 46920K, committed 47040K, reserved 1089536K
  class space    used 6848K, capacity 7041K, committed 7104K, reserved 1048576K
Event: 6.680 GC heap after
Heap after GC invocations=9 (full 2):
 PSYoungGen      total 313344K, used 13816K [0x000000076ce00000, 0x0000000789300000, 0x00000007c0000000)
  eden space 299520K, 0% used [0x000000076ce00000,0x000000076ce00000,0x000000077f280000)
  from space 13824K, 99% used [0x000000077f280000,0x000000077fffe3e8,0x0000000780000000)
  to   space 15872K, 0% used [0x0000000788380000,0x0000000788380000,0x0000000789300000)
 ParOldGen       total 163328K, used 21475K [0x00000006c6a00000, 0x00000006d0980000, 0x000000076ce00000)
  object space 163328K, 13% used [0x00000006c6a00000,0x00000006c7ef8c58,0x00000006d0980000)
 Metaspace       used 46111K, capacity 46920K, committed 47040K, reserved 1089536K
  class space    used 6848K, capacity 7041K, committed 7104K, reserved 1048576K
}
Event: 18.590 GC heap before
{Heap before GC invocations=10 (full 2):
 PSYoungGen      total 313344K, used 313336K [0x000000076ce00000, 0x0000000789300000, 0x00000007c0000000)
  eden space 299520K, 100% used [0x000000076ce00000,0x000000077f280000,0x000000077f280000)
  from space 13824K, 99% used [0x000000077f280000,0x000000077fffe3e8,0x0000000780000000)
  to   space 15872K, 0% used [0x0000000788380000,0x0000000788380000,0x0000000789300000)
 ParOldGen       total 163328K, used 21475K [0x00000006c6a00000, 0x00000006d0980000, 0x000000076ce00000)
  object space 163328K, 13% used [0x00000006c6a00000,0x00000006c7ef8c58,0x00000006d0980000)
 Metaspace       used 57396K, capacity 58552K, committed 58572K, reserved 1099776K
  class space    used 8248K, capacity 8505K, committed 8512K, reserved 1048576K
Event: 18.613 GC heap after
Heap after GC invocations=10 (full 2):
 PSYoungGen      total 430080K, used 15852K [0x000000076ce00000, 0x0000000789300000, 0x00000007c0000000)
  eden space 414208K, 0% used [0x000000076ce00000,0x000000076ce00000,0x0000000786280000)
  from space 15872K, 99% used [0x0000000788380000,0x00000007892fb2e0,0x0000000789300000)
  to   space 20480K, 0% used [0x0000000786b00000,0x0000000786b00000,0x0000000787f00000)
 ParOldGen       total 163328K, used 28524K [0x00000006c6a00000, 0x00000006d0980000, 0x000000076ce00000)
  object space 163328K, 17% used [0x00000006c6a00000,0x00000006c85db168,0x00000006d0980000)
 Metaspace       used 57396K, capacity 58552K, committed 58572K, reserved 1099776K
  class space    used 8248K, capacity 8505K, committed 8512K, reserved 1048576K
}
Event: 18.618 GC heap before
{Heap before GC invocations=11 (full 2):
 PSYoungGen      total 430080K, used 21065K [0x000000076ce00000, 0x0000000789300000, 0x00000007c0000000)
  eden space 414208K, 1% used [0x000000076ce00000,0x000000076d317330,0x0000000786280000)
  from space 15872K, 99% used [0x0000000788380000,0x00000007892fb2e0,0x0000000789300000)
  to   space 20480K, 0% used [0x0000000786b00000,0x0000000786b00000,0x0000000787f00000)
 ParOldGen       total 163328K, used 28524K [0x00000006c6a00000, 0x00000006d0980000, 0x000000076ce00000)
  object space 163328K, 17% used [0x00000006c6a00000,0x00000006c85db168,0x00000006d0980000)
 Metaspace       used 57399K, capacity 58552K, committed 58572K, reserved 1099776K
  class space    used 8248K, capacity 8505K, committed 8512K, reserved 1048576K
Event: 18.635 GC heap after
Heap after GC invocations=11 (full 2):
 PSYoungGen      total 443392K, used 15886K [0x000000076ce00000, 0x0000000796680000, 0x00000007c0000000)
  eden space 422912K, 0% used [0x000000076ce00000,0x000000076ce00000,0x0000000786b00000)
  from space 20480K, 77% used [0x0000000786b00000,0x0000000787a838c0,0x0000000787f00000)
  to   space 20992K, 0% used [0x0000000795200000,0x0000000795200000,0x0000000796680000)
 ParOldGen       total 163328K, used 28524K [0x00000006c6a00000, 0x00000006d0980000, 0x000000076ce00000)
  object space 163328K, 17% used [0x00000006c6a00000,0x00000006c85db168,0x00000006d0980000)
 Metaspace       used 57399K, capacity 58552K, committed 58572K, reserved 1099776K
  class space    used 8248K, capacity 8505K, committed 8512K, reserved 1048576K
}
Event: 18.635 GC heap before
{Heap before GC invocations=12 (full 3):
 PSYoungGen      total 443392K, used 15886K [0x000000076ce00000, 0x0000000796680000, 0x00000007c0000000)
  eden space 422912K, 0% used [0x000000076ce00000,0x000000076ce00000,0x0000000786b00000)
  from space 20480K, 77% used [0x0000000786b00000,0x0000000787a838c0,0x0000000787f00000)
  to   space 20992K, 0% used [0x0000000795200000,0x0000000795200000,0x0000000796680000)
 ParOldGen       total 163328K, used 28524K [0x00000006c6a00000, 0x00000006d0980000, 0x000000076ce00000)
  object space 163328K, 17% used [0x00000006c6a00000,0x00000006c85db168,0x00000006d0980000)
 Metaspace       used 57399K, capacity 58552K, committed 58572K, reserved 1099776K
  class space    used 8248K, capacity 8505K, committed 8512K, reserved 1048576K
Event: 18.835 GC heap after
Heap after GC invocations=12 (full 3):
 PSYoungGen      total 443392K, used 0K [0x000000076ce00000, 0x0000000796680000, 0x00000007c0000000)
  eden space 422912K, 0% used [0x000000076ce00000,0x000000076ce00000,0x0000000786b00000)
  from space 20480K, 0% used [0x0000000786b00000,0x0000000786b00000,0x0000000787f00000)
  to   space 20992K, 0% used [0x0000000795200000,0x0000000795200000,0x0000000796680000)
 ParOldGen       total 192512K, used 39190K [0x00000006c6a00000, 0x00000006d2600000, 0x000000076ce00000)
  object space 192512K, 20% used [0x00000006c6a00000,0x00000006c9045800,0x00000006d2600000)
 Metaspace       used 57339K, capacity 58468K, committed 58572K, reserved 1099776K
  class space    used 8247K, capacity 8501K, committed 8512K, reserved 1048576K
}

