# JRE version: Java(TM) SE Runtime Environment (8.0_20-b17) (build 1.8.0_20-ea-b17)
# Java VM: Java HotSpot(TM) 64-Bit Server VM (25.20-b17 mixed mode linux-amd64 compressed oops)
Heap:
 PSYoungGen      total 254464K, used 214933K [0x000000076ce00000, 0x000000077dc00000, 0x00000007c0000000)
  eden space 234496K, 90% used [0x000000076ce00000,0x0000000779e24700,0x000000077b300000)
  from space 19968K, 8% used [0x000000077c800000,0x000000077c9c1010,0x000000077db80000)
  to   space 20992K, 0% used [0x000000077b300000,0x000000077b300000,0x000000077c780000)
 ParOldGen       total 267776K, used 34960K [0x00000006c6a00000, 0x00000006d6f80000, 0x000000076ce00000)
  object space 267776K, 13% used [0x00000006c6a00000,0x00000006c8c24350,0x00000006d6f80000)
 Metaspace       used 58366K, capacity 59541K, committed 59676K, reserved 1099776K
  class space    used 8248K, capacity 8536K, committed 8576K, reserved 1048576K
GC Heap History (10 events):
Event: 6.302 GC heap before
{Heap before GC invocations=11 (full 2):
 PSYoungGen      total 185856K, used 181680K [0x000000076ce00000, 0x0000000779880000, 0x00000007c0000000)
  eden space 175616K, 100% used [0x000000076ce00000,0x0000000777980000,0x0000000777980000)
  from space 10240K, 59% used [0x0000000778e80000,0x000000077946c3f0,0x0000000779880000)
  to   space 15872K, 0% used [0x0000000777980000,0x0000000777980000,0x0000000778900000)
 ParOldGen       total 186368K, used 23612K [0x00000006c6a00000, 0x00000006d2000000, 0x000000076ce00000)
  object space 186368K, 12% used [0x00000006c6a00000,0x00000006c810f068,0x00000006d2000000)
 Metaspace       used 44877K, capacity 45298K, committed 45696K, reserved 1087488K
  class space    used 6635K, capacity 6744K, committed 6784K, reserved 1048576K
Event: 6.310 GC heap after
Heap after GC invocations=11 (full 2):
 PSYoungGen      total 191488K, used 10060K [0x000000076ce00000, 0x000000077bb80000, 0x00000007c0000000)
  eden space 175616K, 0% used [0x000000076ce00000,0x000000076ce00000,0x0000000777980000)
  from space 15872K, 63% used [0x0000000777980000,0x00000007783532c8,0x0000000778900000)
  to   space 15872K, 0% used [0x000000077ac00000,0x000000077ac00000,0x000000077bb80000)
 ParOldGen       total 186368K, used 23620K [0x00000006c6a00000, 0x00000006d2000000, 0x000000076ce00000)
  object space 186368K, 12% used [0x00000006c6a00000,0x00000006c8111068,0x00000006d2000000)
 Metaspace       used 44877K, capacity 45298K, committed 45696K, reserved 1087488K
  class space    used 6635K, capacity 6744K, committed 6784K, reserved 1048576K
}
Event: 16.739 GC heap before
{Heap before GC invocations=12 (full 2):
 PSYoungGen      total 191488K, used 185676K [0x000000076ce00000, 0x000000077bb80000, 0x00000007c0000000)
  eden space 175616K, 100% used [0x000000076ce00000,0x0000000777980000,0x0000000777980000)
  from space 15872K, 63% used [0x0000000777980000,0x00000007783532c8,0x0000000778900000)
  to   space 15872K, 0% used [0x000000077ac00000,0x000000077ac00000,0x000000077bb80000)
 ParOldGen       total 186368K, used 23620K [0x00000006c6a00000, 0x00000006d2000000, 0x000000076ce00000)
  object space 186368K, 12% used [0x00000006c6a00000,0x00000006c8111068,0x00000006d2000000)
 Metaspace       used 56205K, capacity 57314K, committed 57600K, reserved 1097728K
  class space    used 8089K, capacity 8336K, committed 8448K, reserved 1048576K
Event: 16.759 GC heap after
Heap after GC invocations=12 (full 2):
 PSYoungGen      total 221696K, used 15859K [0x000000076ce00000, 0x000000077bc00000, 0x00000007c0000000)
  eden space 205824K, 0% used [0x000000076ce00000,0x000000076ce00000,0x0000000779700000)
  from space 15872K, 99% used [0x000000077ac00000,0x000000077bb7cce8,0x000000077bb80000)
  to   space 18944K, 0% used [0x0000000779700000,0x0000000779700000,0x000000077a980000)
 ParOldGen       total 186368K, used 28171K [0x00000006c6a00000, 0x00000006d2000000, 0x000000076ce00000)
  object space 186368K, 15% used [0x00000006c6a00000,0x00000006c8582c18,0x00000006d2000000)
 Metaspace       used 56205K, capacity 57314K, committed 57600K, reserved 1097728K
  class space    used 8089K, capacity 8336K, committed 8448K, reserved 1048576K
}
Event: 25.127 GC heap before
{Heap before GC invocations=13 (full 2):
 PSYoungGen      total 221696K, used 112850K [0x000000076ce00000, 0x000000077bc00000, 0x00000007c0000000)
  eden space 205824K, 47% used [0x000000076ce00000,0x0000000772cb7e48,0x0000000779700000)
  from space 15872K, 99% used [0x000000077ac00000,0x000000077bb7cce8,0x000000077bb80000)
  to   space 18944K, 0% used [0x0000000779700000,0x0000000779700000,0x000000077a980000)
 ParOldGen       total 186368K, used 28171K [0x00000006c6a00000, 0x00000006d2000000, 0x000000076ce00000)
  object space 186368K, 15% used [0x00000006c6a00000,0x00000006c8582c18,0x00000006d2000000)
 Metaspace       used 57177K, capacity 58375K, committed 58524K, reserved 1099776K
  class space    used 8182K, capacity 8448K, committed 8448K, reserved 1048576K
Event: 25.142 GC heap after
Heap after GC invocations=13 (full 2):
 PSYoungGen      total 224768K, used 15297K [0x000000076ce00000, 0x000000077db80000, 0x00000007c0000000)
  eden space 205824K, 0% used [0x000000076ce00000,0x000000076ce00000,0x0000000779700000)
  from space 18944K, 80% used [0x0000000779700000,0x000000077a5f0450,0x000000077a980000)
  to   space 19968K, 0% used [0x000000077c800000,0x000000077c800000,0x000000077db80000)
 ParOldGen       total 186368K, used 28179K [0x00000006c6a00000, 0x00000006d2000000, 0x000000076ce00000)
  object space 186368K, 15% used [0x00000006c6a00000,0x00000006c8584c18,0x00000006d2000000)
 Metaspace       used 57177K, capacity 58375K, committed 58524K, reserved 1099776K
  class space    used 8182K, capacity 8448K, committed 8448K, reserved 1048576K
}
Event: 25.142 GC heap before
{Heap before GC invocations=14 (full 3):
 PSYoungGen      total 224768K, used 15297K [0x000000076ce00000, 0x000000077db80000, 0x00000007c0000000)
  eden space 205824K, 0% used [0x000000076ce00000,0x000000076ce00000,0x0000000779700000)
  from space 18944K, 80% used [0x0000000779700000,0x000000077a5f0450,0x000000077a980000)
  to   space 19968K, 0% used [0x000000077c800000,0x000000077c800000,0x000000077db80000)
 ParOldGen       total 186368K, used 28179K [0x00000006c6a00000, 0x00000006d2000000, 0x000000076ce00000)
  object space 186368K, 15% used [0x00000006c6a00000,0x00000006c8584c18,0x00000006d2000000)
 Metaspace       used 57177K, capacity 58375K, committed 58524K, reserved 1099776K
  class space    used 8182K, capacity 8448K, committed 8448K, reserved 1048576K
Event: 25.348 GC heap after
Heap after GC invocations=14 (full 3):
 PSYoungGen      total 224768K, used 0K [0x000000076ce00000, 0x000000077db80000, 0x00000007c0000000)
  eden space 205824K, 0% used [0x000000076ce00000,0x000000076ce00000,0x0000000779700000)
  from space 18944K, 0% used [0x0000000779700000,0x0000000779700000,0x000000077a980000)
  to   space 19968K, 0% used [0x000000077c800000,0x000000077c800000,0x000000077db80000)
 ParOldGen       total 267776K, used 34952K [0x00000006c6a00000, 0x00000006d6f80000, 0x000000076ce00000)
  object space 267776K, 13% used [0x00000006c6a00000,0x00000006c8c22350,0x00000006d6f80000)
 Metaspace       used 57117K, capacity 58291K, committed 58524K, reserved 1099776K
  class space    used 8181K, capacity 8444K, committed 8448K, reserved 1048576K
}
Event: 130.418 GC heap before
{Heap before GC invocations=15 (full 3):
 PSYoungGen      total 224768K, used 205824K [0x000000076ce00000, 0x000000077db80000, 0x00000007c0000000)
  eden space 205824K, 100% used [0x000000076ce00000,0x0000000779700000,0x0000000779700000)
  from space 18944K, 0% used [0x0000000779700000,0x0000000779700000,0x000000077a980000)
  to   space 19968K, 0% used [0x000000077c800000,0x000000077c800000,0x000000077db80000)
 ParOldGen       total 267776K, used 34952K [0x00000006c6a00000, 0x00000006d6f80000, 0x000000076ce00000)
  object space 267776K, 13% used [0x00000006c6a00000,0x00000006c8c22350,0x00000006d6f80000)
 Metaspace       used 57800K, capacity 59013K, committed 59164K, reserved 1099776K
  class space    used 8217K, capacity 8496K, committed 8576K, reserved 1048576K
Event: 130.422 GC heap after
Heap after GC invocations=15 (full 3):
 PSYoungGen      total 254464K, used 1796K [0x000000076ce00000, 0x000000077dc00000, 0x00000007c0000000)
  eden space 234496K, 0% used [0x000000076ce00000,0x000000076ce00000,0x000000077b300000)
  from space 19968K, 8% used [0x000000077c800000,0x000000077c9c1010,0x000000077db80000)
  to   space 20992K, 0% used [0x000000077b300000,0x000000077b300000,0x000000077c780000)
 ParOldGen       total 267776K, used 34960K [0x00000006c6a00000, 0x00000006d6f80000, 0x000000076ce00000)
  object space 267776K, 13% used [0x00000006c6a00000,0x00000006c8c24350,0x00000006d6f80000)
 Metaspace       used 57800K, capacity 59013K, committed 59164K, reserved 1099776K
  class space    used 8217K, capacity 8496K, committed 8576K, reserved 1048576K
}

