# JRE version: Java(TM) SE Runtime Environment (8.0_20-b17) (build 1.8.0_20-ea-b17)
# Java VM: Java HotSpot(TM) 64-Bit Server VM (25.20-b17 mixed mode linux-amd64 compressed oops)
Heap:
 PSYoungGen      total 232448K, used 104326K [0x000000076ce00000, 0x000000077e300000, 0x00000007c0000000)
  eden space 218624K, 41% used [0x000000076ce00000,0x0000000772794c38,0x000000077a380000)
  from space 13824K, 91% used [0x000000077a380000,0x000000077afcce28,0x000000077b100000)
  to   space 14336K, 0% used [0x000000077d500000,0x000000077d500000,0x000000077e300000)
 ParOldGen       total 169472K, used 19914K [0x00000006c6a00000, 0x00000006d0f80000, 0x000000076ce00000)
  object space 169472K, 11% used [0x00000006c6a00000,0x00000006c7d729c8,0x00000006d0f80000)
 Metaspace       used 47117K, capacity 47876K, committed 47992K, reserved 1089536K
  class space    used 6808K, capacity 6974K, committed 7040K, reserved 1048576K
GC Heap History (10 events):
Event: 3.774 GC heap before
{Heap before GC invocations=7 (full 1):
 PSYoungGen      total 138752K, used 136197K [0x000000076ce00000, 0x0000000777b00000, 0x00000007c0000000)
  eden space 128512K, 100% used [0x000000076ce00000,0x0000000774b80000,0x0000000774b80000)
  from space 10240K, 75% used [0x0000000774b80000,0x00000007753014f0,0x0000000775580000)
  to   space 14336K, 0% used [0x0000000776d00000,0x0000000776d00000,0x0000000777b00000)
 ParOldGen       total 109568K, used 13129K [0x00000006c6a00000, 0x00000006cd500000, 0x000000076ce00000)
  object space 109568K, 11% used [0x00000006c6a00000,0x00000006c76d2618,0x00000006cd500000)
 Metaspace       used 30944K, capacity 31476K, committed 31744K, reserved 1077248K
  class space    used 3592K, capacity 3722K, committed 3840K, reserved 1048576K
Event: 3.780 GC heap after
Heap after GC invocations=7 (full 1):
 PSYoungGen      total 162304K, used 6857K [0x000000076ce00000, 0x000000077a700000, 0x00000007c0000000)
  eden space 147968K, 0% used [0x000000076ce00000,0x000000076ce00000,0x0000000775e80000)
  from space 14336K, 47% used [0x0000000776d00000,0x00000007773b2608,0x0000000777b00000)
  to   space 14848K, 0% used [0x0000000775e80000,0x0000000775e80000,0x0000000776d00000)
 ParOldGen       total 109568K, used 13137K [0x00000006c6a00000, 0x00000006cd500000, 0x000000076ce00000)
  object space 109568K, 11% used [0x00000006c6a00000,0x00000006c76d4618,0x00000006cd500000)
 Metaspace       used 30944K, capacity 31476K, committed 31744K, reserved 1077248K
  class space    used 3592K, capacity 3722K, committed 3840K, reserved 1048576K
}
Event: 4.173 GC heap before
{Heap before GC invocations=8 (full 1):
 PSYoungGen      total 162304K, used 109964K [0x000000076ce00000, 0x000000077a700000, 0x00000007c0000000)
  eden space 147968K, 69% used [0x000000076ce00000,0x00000007732b0cc8,0x0000000775e80000)
  from space 14336K, 47% used [0x0000000776d00000,0x00000007773b2608,0x0000000777b00000)
  to   space 14848K, 0% used [0x0000000775e80000,0x0000000775e80000,0x0000000776d00000)
 ParOldGen       total 109568K, used 13137K [0x00000006c6a00000, 0x00000006cd500000, 0x000000076ce00000)
  object space 109568K, 11% used [0x00000006c6a00000,0x00000006c76d4618,0x00000006cd500000)
 Metaspace       used 34667K, capacity 35162K, committed 35320K, reserved 1079296K
  class space    used 4489K, capacity 4587K, committed 4608K, reserved 1048576K
Event: 4.181 GC heap after
Heap after GC invocations=8 (full 1):
 PSYoungGen      total 162816K, used 9738K [0x000000076ce00000, 0x000000077c380000, 0x00000007c0000000)
  eden space 147968K, 0% used [0x000000076ce00000,0x000000076ce00000,0x0000000775e80000)
  from space 14848K, 65% used [0x0000000775e80000,0x0000000776802828,0x0000000776d00000)
  to   space 14336K, 0% used [0x000000077b580000,0x000000077b580000,0x000000077c380000)
 ParOldGen       total 109568K, used 13145K [0x00000006c6a00000, 0x00000006cd500000, 0x000000076ce00000)
  object space 109568K, 11% used [0x00000006c6a00000,0x00000006c76d6618,0x00000006cd500000)
 Metaspace       used 34667K, capacity 35162K, committed 35320K, reserved 1079296K
  class space    used 4489K, capacity 4587K, committed 4608K, reserved 1048576K
}
Event: 4.181 GC heap before
{Heap before GC invocations=9 (full 2):
 PSYoungGen      total 162816K, used 9738K [0x000000076ce00000, 0x000000077c380000, 0x00000007c0000000)
  eden space 147968K, 0% used [0x000000076ce00000,0x000000076ce00000,0x0000000775e80000)
  from space 14848K, 65% used [0x0000000775e80000,0x0000000776802828,0x0000000776d00000)
  to   space 14336K, 0% used [0x000000077b580000,0x000000077b580000,0x000000077c380000)
 ParOldGen       total 109568K, used 13145K [0x00000006c6a00000, 0x00000006cd500000, 0x000000076ce00000)
  object space 109568K, 11% used [0x00000006c6a00000,0x00000006c76d6618,0x00000006cd500000)
 Metaspace       used 34667K, capacity 35162K, committed 35320K, reserved 1079296K
  class space    used 4489K, capacity 4587K, committed 4608K, reserved 1048576K
Event: 4.242 GC heap after
Heap after GC invocations=9 (full 2):
 PSYoungGen      total 162816K, used 0K [0x000000076ce00000, 0x000000077c380000, 0x00000007c0000000)
  eden space 147968K, 0% used [0x000000076ce00000,0x000000076ce00000,0x0000000775e80000)
  from space 14848K, 0% used [0x0000000775e80000,0x0000000775e80000,0x0000000776d00000)
  to   space 14336K, 0% used [0x000000077b580000,0x000000077b580000,0x000000077c380000)
 ParOldGen       total 169472K, used 19898K [0x00000006c6a00000, 0x00000006d0f80000, 0x000000076ce00000)
  object space 169472K, 11% used [0x00000006c6a00000,0x00000006c7d6e9c8,0x00000006d0f80000)
 Metaspace       used 34667K, capacity 35162K, committed 35320K, reserved 1079296K
  class space    used 4489K, capacity 4587K, committed 4608K, reserved 1048576K
}
Event: 4.984 GC heap before
{Heap before GC invocations=10 (full 2):
 PSYoungGen      total 162816K, used 147968K [0x000000076ce00000, 0x000000077c380000, 0x00000007c0000000)
  eden space 147968K, 100% used [0x000000076ce00000,0x0000000775e80000,0x0000000775e80000)
  from space 14848K, 0% used [0x0000000775e80000,0x0000000775e80000,0x0000000776d00000)
  to   space 14336K, 0% used [0x000000077b580000,0x000000077b580000,0x000000077c380000)
 ParOldGen       total 169472K, used 19898K [0x00000006c6a00000, 0x00000006d0f80000, 0x000000076ce00000)
  object space 169472K, 11% used [0x00000006c6a00000,0x00000006c7d6e9c8,0x00000006d0f80000)
 Metaspace       used 40685K, capacity 41386K, committed 41720K, reserved 1085440K
  class space    used 5987K, capacity 6111K, committed 6144K, reserved 1048576K
Event: 4.994 GC heap after
Heap after GC invocations=10 (full 2):
 PSYoungGen      total 218112K, used 9051K [0x000000076ce00000, 0x000000077be80000, 0x00000007c0000000)
  eden space 208896K, 0% used [0x000000076ce00000,0x000000076ce00000,0x0000000779a00000)
  from space 9216K, 98% used [0x000000077b580000,0x000000077be56e68,0x000000077be80000)
  to   space 13824K, 0% used [0x000000077a380000,0x000000077a380000,0x000000077b100000)
 ParOldGen       total 169472K, used 19906K [0x00000006c6a00000, 0x00000006d0f80000, 0x000000076ce00000)
  object space 169472K, 11% used [0x00000006c6a00000,0x00000006c7d709c8,0x00000006d0f80000)
 Metaspace       used 40685K, capacity 41386K, committed 41720K, reserved 1085440K
  class space    used 5987K, capacity 6111K, committed 6144K, reserved 1048576K
}
Event: 7.234 GC heap before
{Heap before GC invocations=11 (full 2):
 PSYoungGen      total 218112K, used 217947K [0x000000076ce00000, 0x000000077be80000, 0x00000007c0000000)
  eden space 208896K, 100% used [0x000000076ce00000,0x0000000779a00000,0x0000000779a00000)
  from space 9216K, 98% used [0x000000077b580000,0x000000077be56e68,0x000000077be80000)
  to   space 13824K, 0% used [0x000000077a380000,0x000000077a380000,0x000000077b100000)
 ParOldGen       total 169472K, used 19906K [0x00000006c6a00000, 0x00000006d0f80000, 0x000000076ce00000)
  object space 169472K, 11% used [0x00000006c6a00000,0x00000006c7d709c8,0x00000006d0f80000)
 Metaspace       used 46098K, capacity 46818K, committed 47096K, reserved 1089536K
  class space    used 6725K, capacity 6851K, committed 6912K, reserved 1048576K
Event: 7.247 GC heap after
Heap after GC invocations=11 (full 2):
 PSYoungGen      total 232448K, used 12595K [0x000000076ce00000, 0x000000077e300000, 0x00000007c0000000)
  eden space 218624K, 0% used [0x000000076ce00000,0x000000076ce00000,0x000000077a380000)
  from space 13824K, 91% used [0x000000077a380000,0x000000077afcce28,0x000000077b100000)
  to   space 14336K, 0% used [0x000000077d500000,0x000000077d500000,0x000000077e300000)
 ParOldGen       total 169472K, used 19914K [0x00000006c6a00000, 0x00000006d0f80000, 0x000000076ce00000)
  object space 169472K, 11% used [0x00000006c6a00000,0x00000006c7d729c8,0x00000006d0f80000)
 Metaspace       used 46098K, capacity 46818K, committed 47096K, reserved 1089536K
  class space    used 6725K, capacity 6851K, committed 6912K, reserved 1048576K
}

