# JRE version: Java(TM) SE Runtime Environment (8.0_20-b17) (build 1.8.0_20-ea-b17)
# Java VM: Java HotSpot(TM) 64-Bit Server VM (25.20-b17 mixed mode linux-amd64 compressed oops)
Heap:
 PSYoungGen      total 393728K, used 69663K [0x000000076ce00000, 0x0000000786f80000, 0x00000007c0000000)
  eden space 381440K, 15% used [0x000000076ce00000,0x0000000770617950,0x0000000784280000)
  from space 12288K, 99% used [0x0000000786380000,0x0000000786f705a0,0x0000000786f80000)
  to   space 15360K, 0% used [0x0000000785180000,0x0000000785180000,0x0000000786080000)
 ParOldGen       total 171520K, used 23751K [0x00000006c6a00000, 0x00000006d1180000, 0x000000076ce00000)
  object space 171520K, 13% used [0x00000006c6a00000,0x00000006c8131c68,0x00000006d1180000)
 Metaspace       used 50859K, capacity 51980K, committed 52088K, reserved 1093632K
  class space    used 7214K, capacity 7479K, committed 7544K, reserved 1048576K
GC Heap History (10 events):
Event: 4.150 GC heap before
{Heap before GC invocations=6 (full 1):
 PSYoungGen      total 204288K, used 203825K [0x000000076ce00000, 0x000000077dd00000, 0x00000007c0000000)
  eden space 195072K, 100% used [0x000000076ce00000,0x0000000778c80000,0x0000000778c80000)
  from space 9216K, 94% used [0x000000077d400000,0x000000077dc8c4d8,0x000000077dd00000)
  to   space 10240K, 0% used [0x000000077c900000,0x000000077c900000,0x000000077d300000)
 ParOldGen       total 108544K, used 12782K [0x00000006c6a00000, 0x00000006cd400000, 0x000000076ce00000)
  object space 108544K, 11% used [0x00000006c6a00000,0x00000006c767ba48,0x00000006cd400000)
 Metaspace       used 29017K, capacity 29394K, committed 29568K, reserved 1075200K
  class space    used 3249K, capacity 3388K, committed 3456K, reserved 1048576K
Event: 4.157 GC heap after
Heap after GC invocations=6 (full 1):
 PSYoungGen      total 267264K, used 6062K [0x000000076ce00000, 0x0000000780700000, 0x00000007c0000000)
  eden space 257024K, 0% used [0x000000076ce00000,0x000000076ce00000,0x000000077c900000)
  from space 10240K, 59% used [0x000000077c900000,0x000000077ceeba80,0x000000077d300000)
  to   space 14848K, 0% used [0x000000077f880000,0x000000077f880000,0x0000000780700000)
 ParOldGen       total 108544K, used 12790K [0x00000006c6a00000, 0x00000006cd400000, 0x000000076ce00000)
  object space 108544K, 11% used [0x00000006c6a00000,0x00000006c767da48,0x00000006cd400000)
 Metaspace       used 29017K, capacity 29394K, committed 29568K, reserved 1075200K
  class space    used 3249K, capacity 3388K, committed 3456K, reserved 1048576K
}
Event: 4.936 GC heap before
{Heap before GC invocations=7 (full 1):
 PSYoungGen      total 267264K, used 94024K [0x000000076ce00000, 0x0000000780700000, 0x00000007c0000000)
  eden space 257024K, 34% used [0x000000076ce00000,0x00000007723e6600,0x000000077c900000)
  from space 10240K, 59% used [0x000000077c900000,0x000000077ceeba80,0x000000077d300000)
  to   space 14848K, 0% used [0x000000077f880000,0x000000077f880000,0x0000000780700000)
 ParOldGen       total 108544K, used 12790K [0x00000006c6a00000, 0x00000006cd400000, 0x000000076ce00000)
  object space 108544K, 11% used [0x00000006c6a00000,0x00000006c767da48,0x00000006cd400000)
 Metaspace       used 34696K, capacity 35140K, committed 35320K, reserved 1079296K
  class space    used 4630K, capacity 4768K, committed 4856K, reserved 1048576K
Event: 4.947 GC heap after
Heap after GC invocations=7 (full 1):
 PSYoungGen      total 304640K, used 13170K [0x000000076ce00000, 0x0000000786080000, 0x00000007c0000000)
  eden space 289792K, 0% used [0x000000076ce00000,0x000000076ce00000,0x000000077e900000)
  from space 14848K, 88% used [0x000000077f880000,0x000000078055ca78,0x0000000780700000)
  to   space 15872K, 0% used [0x000000077e900000,0x000000077e900000,0x000000077f880000)
 ParOldGen       total 108544K, used 12798K [0x00000006c6a00000, 0x00000006cd400000, 0x000000076ce00000)
  object space 108544K, 11% used [0x00000006c6a00000,0x00000006c767fa48,0x00000006cd400000)
 Metaspace       used 34696K, capacity 35140K, committed 35320K, reserved 1079296K
  class space    used 4630K, capacity 4768K, committed 4856K, reserved 1048576K
}
Event: 4.947 GC heap before
{Heap before GC invocations=8 (full 2):
 PSYoungGen      total 304640K, used 13170K [0x000000076ce00000, 0x0000000786080000, 0x00000007c0000000)
  eden space 289792K, 0% used [0x000000076ce00000,0x000000076ce00000,0x000000077e900000)
  from space 14848K, 88% used [0x000000077f880000,0x000000078055ca78,0x0000000780700000)
  to   space 15872K, 0% used [0x000000077e900000,0x000000077e900000,0x000000077f880000)
 ParOldGen       total 108544K, used 12798K [0x00000006c6a00000, 0x00000006cd400000, 0x000000076ce00000)
  object space 108544K, 11% used [0x00000006c6a00000,0x00000006c767fa48,0x00000006cd400000)
 Metaspace       used 34696K, capacity 35140K, committed 35320K, reserved 1079296K
  class space    used 4630K, capacity 4768K, committed 4856K, reserved 1048576K
Event: 5.011 GC heap after
Heap after GC invocations=8 (full 2):
 PSYoungGen      total 304640K, used 0K [0x000000076ce00000, 0x0000000786080000, 0x00000007c0000000)
  eden space 289792K, 0% used [0x000000076ce00000,0x000000076ce00000,0x000000077e900000)
  from space 14848K, 0% used [0x000000077f880000,0x000000077f880000,0x0000000780700000)
  to   space 15872K, 0% used [0x000000077e900000,0x000000077e900000,0x000000077f880000)
 ParOldGen       total 171520K, used 23735K [0x00000006c6a00000, 0x00000006d1180000, 0x000000076ce00000)
  object space 171520K, 13% used [0x00000006c6a00000,0x00000006c812dc68,0x00000006d1180000)
 Metaspace       used 34696K, capacity 35140K, committed 35320K, reserved 1079296K
  class space    used 4630K, capacity 4768K, committed 4856K, reserved 1048576K
}
Event: 10.819 GC heap before
{Heap before GC invocations=9 (full 2):
 PSYoungGen      total 304640K, used 289792K [0x000000076ce00000, 0x0000000786080000, 0x00000007c0000000)
  eden space 289792K, 100% used [0x000000076ce00000,0x000000077e900000,0x000000077e900000)
  from space 14848K, 0% used [0x000000077f880000,0x000000077f880000,0x0000000780700000)
  to   space 15872K, 0% used [0x000000077e900000,0x000000077e900000,0x000000077f880000)
 ParOldGen       total 171520K, used 23735K [0x00000006c6a00000, 0x00000006d1180000, 0x000000076ce00000)
  object space 171520K, 13% used [0x00000006c6a00000,0x00000006c812dc68,0x00000006d1180000)
 Metaspace       used 45274K, capacity 45814K, committed 46072K, reserved 1089536K
  class space    used 6454K, capacity 6590K, committed 6648K, reserved 1048576K
Event: 10.828 GC heap after
Heap after GC invocations=9 (full 2):
 PSYoungGen      total 305664K, used 10937K [0x000000076ce00000, 0x0000000787280000, 0x00000007c0000000)
  eden space 289792K, 0% used [0x000000076ce00000,0x000000076ce00000,0x000000077e900000)
  from space 15872K, 68% used [0x000000077e900000,0x000000077f3ae538,0x000000077f880000)
  to   space 15360K, 0% used [0x0000000786380000,0x0000000786380000,0x0000000787280000)
 ParOldGen       total 171520K, used 23743K [0x00000006c6a00000, 0x00000006d1180000, 0x000000076ce00000)
  object space 171520K, 13% used [0x00000006c6a00000,0x00000006c812fc68,0x00000006d1180000)
 Metaspace       used 45274K, capacity 45814K, committed 46072K, reserved 1089536K
  class space    used 6454K, capacity 6590K, committed 6648K, reserved 1048576K
}
Event: 229.527 GC heap before
{Heap before GC invocations=10 (full 2):
 PSYoungGen      total 305664K, used 300729K [0x000000076ce00000, 0x0000000787280000, 0x00000007c0000000)
  eden space 289792K, 100% used [0x000000076ce00000,0x000000077e900000,0x000000077e900000)
  from space 15872K, 68% used [0x000000077e900000,0x000000077f3ae538,0x000000077f880000)
  to   space 15360K, 0% used [0x0000000786380000,0x0000000786380000,0x0000000787280000)
 ParOldGen       total 171520K, used 23743K [0x00000006c6a00000, 0x00000006d1180000, 0x000000076ce00000)
  object space 171520K, 13% used [0x00000006c6a00000,0x00000006c812fc68,0x00000006d1180000)
 Metaspace       used 50656K, capacity 51790K, committed 52088K, reserved 1093632K
  class space    used 7191K, capacity 7442K, committed 7544K, reserved 1048576K
Event: 229.541 GC heap after
Heap after GC invocations=10 (full 2):
 PSYoungGen      total 393728K, used 12225K [0x000000076ce00000, 0x0000000786f80000, 0x00000007c0000000)
  eden space 381440K, 0% used [0x000000076ce00000,0x000000076ce00000,0x0000000784280000)
  from space 12288K, 99% used [0x0000000786380000,0x0000000786f705a0,0x0000000786f80000)
  to   space 15360K, 0% used [0x0000000785180000,0x0000000785180000,0x0000000786080000)
 ParOldGen       total 171520K, used 23751K [0x00000006c6a00000, 0x00000006d1180000, 0x000000076ce00000)
  object space 171520K, 13% used [0x00000006c6a00000,0x00000006c8131c68,0x00000006d1180000)
 Metaspace       used 50656K, capacity 51790K, committed 52088K, reserved 1093632K
  class space    used 7191K, capacity 7442K, committed 7544K, reserved 1048576K
}

