# JRE version: Java(TM) SE Runtime Environment (8.0_20-b17) (build 1.8.0_20-ea-b17)
# Java VM: Java HotSpot(TM) 64-Bit Server VM (25.20-b17 mixed mode linux-amd64 compressed oops)
Heap:
 PSYoungGen      total 273920K, used 70515K [0x000000076ce00000, 0x0000000781900000, 0x00000007c0000000)
  eden space 253952K, 27% used [0x000000076ce00000,0x00000007712dcfc8,0x000000077c600000)
  from space 19968K, 0% used [0x000000077c600000,0x000000077c600000,0x000000077d980000)
  to   space 20480K, 0% used [0x0000000780500000,0x0000000780500000,0x0000000781900000)
 ParOldGen       total 242688K, used 34662K [0x00000006c6a00000, 0x00000006d5700000, 0x000000076ce00000)
  object space 242688K, 14% used [0x00000006c6a00000,0x00000006c8bd9bc8,0x00000006d5700000)
 Metaspace       used 58796K, capacity 60040K, committed 60288K, reserved 1101824K
  class space    used 8408K, capacity 8709K, committed 8832K, reserved 1048576K
GC Heap History (10 events):
Event: 5.702 GC heap before
{Heap before GC invocations=10 (full 2):
 PSYoungGen      total 162304K, used 147456K [0x000000076ce00000, 0x000000077c600000, 0x00000007c0000000)
  eden space 147456K, 100% used [0x000000076ce00000,0x0000000775e00000,0x0000000775e00000)
  from space 14848K, 0% used [0x0000000775e00000,0x0000000775e00000,0x0000000776c80000)
  to   space 16384K, 0% used [0x000000077b600000,0x000000077b600000,0x000000077c600000)
 ParOldGen       total 173056K, used 23628K [0x00000006c6a00000, 0x00000006d1300000, 0x000000076ce00000)
  object space 173056K, 13% used [0x00000006c6a00000,0x00000006c8113178,0x00000006d1300000)
 Metaspace       used 39657K, capacity 40168K, committed 40448K, reserved 1083392K
  class space    used 5745K, capacity 5873K, committed 5888K, reserved 1048576K
Event: 5.713 GC heap after
Heap after GC invocations=10 (full 2):
 PSYoungGen      total 215552K, used 6424K [0x000000076ce00000, 0x000000077bc80000, 0x00000007c0000000)
  eden space 208896K, 0% used [0x000000076ce00000,0x000000076ce00000,0x0000000779a00000)
  from space 6656K, 96% used [0x000000077b600000,0x000000077bc46288,0x000000077bc80000)
  to   space 15872K, 0% used [0x0000000779d80000,0x0000000779d80000,0x000000077ad00000)
 ParOldGen       total 173056K, used 23636K [0x00000006c6a00000, 0x00000006d1300000, 0x000000076ce00000)
  object space 173056K, 13% used [0x00000006c6a00000,0x00000006c8115178,0x00000006d1300000)
 Metaspace       used 39657K, capacity 40168K, committed 40448K, reserved 1083392K
  class space    used 5745K, capacity 5873K, committed 5888K, reserved 1048576K
}
Event: 7.558 GC heap before
{Heap before GC invocations=11 (full 2):
 PSYoungGen      total 215552K, used 215320K [0x000000076ce00000, 0x000000077bc80000, 0x00000007c0000000)
  eden space 208896K, 100% used [0x000000076ce00000,0x0000000779a00000,0x0000000779a00000)
  from space 6656K, 96% used [0x000000077b600000,0x000000077bc46288,0x000000077bc80000)
  to   space 15872K, 0% used [0x0000000779d80000,0x0000000779d80000,0x000000077ad00000)
 ParOldGen       total 173056K, used 23636K [0x00000006c6a00000, 0x00000006d1300000, 0x000000076ce00000)
  object space 173056K, 13% used [0x00000006c6a00000,0x00000006c8115178,0x00000006d1300000)
 Metaspace       used 47589K, capacity 48164K, committed 48512K, reserved 1091584K
  class space    used 6911K, capacity 7035K, committed 7040K, reserved 1048576K
Event: 7.572 GC heap after
Heap after GC invocations=11 (full 2):
 PSYoungGen      total 228352K, used 13210K [0x000000076ce00000, 0x000000077ea00000, 0x00000007c0000000)
  eden space 212480K, 0% used [0x000000076ce00000,0x000000076ce00000,0x0000000779d80000)
  from space 15872K, 83% used [0x0000000779d80000,0x000000077aa66bf0,0x000000077ad00000)
  to   space 16896K, 0% used [0x000000077d980000,0x000000077d980000,0x000000077ea00000)
 ParOldGen       total 173056K, used 23644K [0x00000006c6a00000, 0x00000006d1300000, 0x000000076ce00000)
  object space 173056K, 13% used [0x00000006c6a00000,0x00000006c8117178,0x00000006d1300000)
 Metaspace       used 47589K, capacity 48164K, committed 48512K, reserved 1091584K
  class space    used 6911K, capacity 7035K, committed 7040K, reserved 1048576K
}
Event: 30.393 GC heap before
{Heap before GC invocations=12 (full 2):
 PSYoungGen      total 228352K, used 225690K [0x000000076ce00000, 0x000000077ea00000, 0x00000007c0000000)
  eden space 212480K, 100% used [0x000000076ce00000,0x0000000779d80000,0x0000000779d80000)
  from space 15872K, 83% used [0x0000000779d80000,0x000000077aa66bf0,0x000000077ad00000)
  to   space 16896K, 0% used [0x000000077d980000,0x000000077d980000,0x000000077ea00000)
 ParOldGen       total 173056K, used 23644K [0x00000006c6a00000, 0x00000006d1300000, 0x000000076ce00000)
  object space 173056K, 13% used [0x00000006c6a00000,0x00000006c8117178,0x00000006d1300000)
 Metaspace       used 56782K, capacity 58014K, committed 58240K, reserved 1099776K
  class space    used 8207K, capacity 8495K, committed 8576K, reserved 1048576K
Event: 30.413 GC heap after
Heap after GC invocations=12 (full 2):
 PSYoungGen      total 270848K, used 16881K [0x000000076ce00000, 0x000000077ed00000, 0x00000007c0000000)
  eden space 253952K, 0% used [0x000000076ce00000,0x000000076ce00000,0x000000077c600000)
  from space 16896K, 99% used [0x000000077d980000,0x000000077e9fc438,0x000000077ea00000)
  to   space 19968K, 0% used [0x000000077c600000,0x000000077c600000,0x000000077d980000)
 ParOldGen       total 173056K, used 26056K [0x00000006c6a00000, 0x00000006d1300000, 0x000000076ce00000)
  object space 173056K, 15% used [0x00000006c6a00000,0x00000006c8372220,0x00000006d1300000)
 Metaspace       used 56782K, capacity 58014K, committed 58240K, reserved 1099776K
  class space    used 8207K, capacity 8495K, committed 8576K, reserved 1048576K
}
Event: 34.710 GC heap before
{Heap before GC invocations=13 (full 2):
 PSYoungGen      total 270848K, used 201588K [0x000000076ce00000, 0x000000077ed00000, 0x00000007c0000000)
  eden space 253952K, 72% used [0x000000076ce00000,0x0000000778260f18,0x000000077c600000)
  from space 16896K, 99% used [0x000000077d980000,0x000000077e9fc438,0x000000077ea00000)
  to   space 19968K, 0% used [0x000000077c600000,0x000000077c600000,0x000000077d980000)
 ParOldGen       total 173056K, used 26056K [0x00000006c6a00000, 0x00000006d1300000, 0x000000076ce00000)
  object space 173056K, 15% used [0x00000006c6a00000,0x00000006c8372220,0x00000006d1300000)
 Metaspace       used 57289K, capacity 58562K, committed 58568K, reserved 1099776K
  class space    used 8264K, capacity 8571K, committed 8576K, reserved 1048576K
Event: 34.728 GC heap after
Heap after GC invocations=13 (full 2):
 PSYoungGen      total 273920K, used 15195K [0x000000076ce00000, 0x0000000781900000, 0x00000007c0000000)
  eden space 253952K, 0% used [0x000000076ce00000,0x000000076ce00000,0x000000077c600000)
  from space 19968K, 76% used [0x000000077c600000,0x000000077d4d6df8,0x000000077d980000)
  to   space 20480K, 0% used [0x0000000780500000,0x0000000780500000,0x0000000781900000)
 ParOldGen       total 173056K, used 26064K [0x00000006c6a00000, 0x00000006d1300000, 0x000000076ce00000)
  object space 173056K, 15% used [0x00000006c6a00000,0x00000006c8374220,0x00000006d1300000)
 Metaspace       used 57289K, capacity 58562K, committed 58568K, reserved 1099776K
  class space    used 8264K, capacity 8571K, committed 8576K, reserved 1048576K
}
Event: 34.728 GC heap before
{Heap before GC invocations=14 (full 3):
 PSYoungGen      total 273920K, used 15195K [0x000000076ce00000, 0x0000000781900000, 0x00000007c0000000)
  eden space 253952K, 0% used [0x000000076ce00000,0x000000076ce00000,0x000000077c600000)
  from space 19968K, 76% used [0x000000077c600000,0x000000077d4d6df8,0x000000077d980000)
  to   space 20480K, 0% used [0x0000000780500000,0x0000000780500000,0x0000000781900000)
 ParOldGen       total 173056K, used 26064K [0x00000006c6a00000, 0x00000006d1300000, 0x000000076ce00000)
  object space 173056K, 15% used [0x00000006c6a00000,0x00000006c8374220,0x00000006d1300000)
 Metaspace       used 57289K, capacity 58562K, committed 58568K, reserved 1099776K
  class space    used 8264K, capacity 8571K, committed 8576K, reserved 1048576K
Event: 34.942 GC heap after
Heap after GC invocations=14 (full 3):
 PSYoungGen      total 273920K, used 0K [0x000000076ce00000, 0x0000000781900000, 0x00000007c0000000)
  eden space 253952K, 0% used [0x000000076ce00000,0x000000076ce00000,0x000000077c600000)
  from space 19968K, 0% used [0x000000077c600000,0x000000077c600000,0x000000077d980000)
  to   space 20480K, 0% used [0x0000000780500000,0x0000000780500000,0x0000000781900000)
 ParOldGen       total 242688K, used 34662K [0x00000006c6a00000, 0x00000006d5700000, 0x000000076ce00000)
  object space 242688K, 14% used [0x00000006c6a00000,0x00000006c8bd9bc8,0x00000006d5700000)
 Metaspace       used 57218K, capacity 58464K, committed 58568K, reserved 1099776K
  class space    used 8262K, capacity 8565K, committed 8576K, reserved 1048576K
}

