# JRE version: Java(TM) SE Runtime Environment (8.0_20-b17) (build 1.8.0_20-ea-b17)
# Java VM: Java HotSpot(TM) 64-Bit Server VM (25.20-b17 mixed mode linux-amd64 compressed oops)
Heap:
 PSYoungGen      total 295936K, used 60348K [0x000000076ce00000, 0x0000000780600000, 0x00000007c0000000)
  eden space 280576K, 16% used [0x000000076ce00000,0x000000076f9f1be8,0x000000077e000000)
  from space 15360K, 99% used [0x000000077f700000,0x00000007805fd798,0x0000000780600000)
  to   space 18432K, 0% used [0x000000077e200000,0x000000077e200000,0x000000077f400000)
 ParOldGen       total 144896K, used 23699K [0x00000006c6a00000, 0x00000006cf780000, 0x000000076ce00000)
  object space 144896K, 16% used [0x00000006c6a00000,0x00000006c8124ee0,0x00000006cf780000)
 Metaspace       used 53232K, capacity 53902K, committed 54400K, reserved 1095680K
  class space    used 7518K, capacity 7692K, committed 7808K, reserved 1048576K
GC Heap History (10 events):
Event: 4.592 GC heap before
{Heap before GC invocations=8 (full 1):
 PSYoungGen      total 154624K, used 124256K [0x000000076ce00000, 0x000000077a100000, 0x00000007c0000000)
  eden space 139776K, 84% used [0x000000076ce00000,0x00000007741a07c8,0x0000000775680000)
  from space 14848K, 39% used [0x0000000776500000,0x0000000776ab7a90,0x0000000777380000)
  to   space 14848K, 0% used [0x0000000775680000,0x0000000775680000,0x0000000776500000)
 ParOldGen       total 111104K, used 12884K [0x00000006c6a00000, 0x00000006cd680000, 0x000000076ce00000)
  object space 111104K, 11% used [0x00000006c6a00000,0x00000006c7695368,0x00000006cd680000)
 Metaspace       used 34738K, capacity 35160K, committed 35456K, reserved 1079296K
  class space    used 4537K, capacity 4669K, committed 4736K, reserved 1048576K
Event: 4.602 GC heap after
Heap after GC invocations=8 (full 1):
 PSYoungGen      total 154624K, used 12866K [0x000000076ce00000, 0x000000077b500000, 0x00000007c0000000)
  eden space 139776K, 0% used [0x000000076ce00000,0x000000076ce00000,0x0000000775680000)
  from space 14848K, 86% used [0x0000000775680000,0x0000000776310820,0x0000000776500000)
  to   space 15872K, 0% used [0x000000077a580000,0x000000077a580000,0x000000077b500000)
 ParOldGen       total 111104K, used 12892K [0x00000006c6a00000, 0x00000006cd680000, 0x000000076ce00000)
  object space 111104K, 11% used [0x00000006c6a00000,0x00000006c7697368,0x00000006cd680000)
 Metaspace       used 34738K, capacity 35160K, committed 35456K, reserved 1079296K
  class space    used 4537K, capacity 4669K, committed 4736K, reserved 1048576K
}
Event: 4.640 GC heap before
{Heap before GC invocations=9 (full 1):
 PSYoungGen      total 154624K, used 15328K [0x000000076ce00000, 0x000000077b500000, 0x00000007c0000000)
  eden space 139776K, 1% used [0x000000076ce00000,0x000000076d0677f0,0x0000000775680000)
  from space 14848K, 86% used [0x0000000775680000,0x0000000776310820,0x0000000776500000)
  to   space 15872K, 0% used [0x000000077a580000,0x000000077a580000,0x000000077b500000)
 ParOldGen       total 111104K, used 12892K [0x00000006c6a00000, 0x00000006cd680000, 0x000000076ce00000)
  object space 111104K, 11% used [0x00000006c6a00000,0x00000006c7697368,0x00000006cd680000)
 Metaspace       used 34881K, capacity 35242K, committed 35456K, reserved 1079296K
  class space    used 4553K, capacity 4673K, committed 4736K, reserved 1048576K
Event: 4.649 GC heap after
Heap after GC invocations=9 (full 1):
 PSYoungGen      total 221184K, used 9959K [0x000000076ce00000, 0x000000077dc80000, 0x00000007c0000000)
  eden space 205312K, 0% used [0x000000076ce00000,0x000000076ce00000,0x0000000779680000)
  from space 15872K, 62% used [0x000000077a580000,0x000000077af39ca0,0x000000077b500000)
  to   space 15360K, 0% used [0x0000000779680000,0x0000000779680000,0x000000077a580000)
 ParOldGen       total 111104K, used 12900K [0x00000006c6a00000, 0x00000006cd680000, 0x000000076ce00000)
  object space 111104K, 11% used [0x00000006c6a00000,0x00000006c7699368,0x00000006cd680000)
 Metaspace       used 34881K, capacity 35242K, committed 35456K, reserved 1079296K
  class space    used 4553K, capacity 4673K, committed 4736K, reserved 1048576K
}
Event: 4.649 GC heap before
{Heap before GC invocations=10 (full 2):
 PSYoungGen      total 221184K, used 9959K [0x000000076ce00000, 0x000000077dc80000, 0x00000007c0000000)
  eden space 205312K, 0% used [0x000000076ce00000,0x000000076ce00000,0x0000000779680000)
  from space 15872K, 62% used [0x000000077a580000,0x000000077af39ca0,0x000000077b500000)
  to   space 15360K, 0% used [0x0000000779680000,0x0000000779680000,0x000000077a580000)
 ParOldGen       total 111104K, used 12900K [0x00000006c6a00000, 0x00000006cd680000, 0x000000076ce00000)
  object space 111104K, 11% used [0x00000006c6a00000,0x00000006c7699368,0x00000006cd680000)
 Metaspace       used 34881K, capacity 35242K, committed 35456K, reserved 1079296K
  class space    used 4553K, capacity 4673K, committed 4736K, reserved 1048576K
Event: 4.719 GC heap after
Heap after GC invocations=10 (full 2):
 PSYoungGen      total 221184K, used 0K [0x000000076ce00000, 0x000000077dc80000, 0x00000007c0000000)
  eden space 205312K, 0% used [0x000000076ce00000,0x000000076ce00000,0x0000000779680000)
  from space 15872K, 0% used [0x000000077a580000,0x000000077a580000,0x000000077b500000)
  to   space 15360K, 0% used [0x0000000779680000,0x0000000779680000,0x000000077a580000)
 ParOldGen       total 144896K, used 20638K [0x00000006c6a00000, 0x00000006cf780000, 0x000000076ce00000)
  object space 144896K, 14% used [0x00000006c6a00000,0x00000006c7e27a88,0x00000006cf780000)
 Metaspace       used 34881K, capacity 35242K, committed 35456K, reserved 1079296K
  class space    used 4553K, capacity 4673K, committed 4736K, reserved 1048576K
}
Event: 5.829 GC heap before
{Heap before GC invocations=11 (full 2):
 PSYoungGen      total 221184K, used 205312K [0x000000076ce00000, 0x000000077dc80000, 0x00000007c0000000)
  eden space 205312K, 100% used [0x000000076ce00000,0x0000000779680000,0x0000000779680000)
  from space 15872K, 0% used [0x000000077a580000,0x000000077a580000,0x000000077b500000)
  to   space 15360K, 0% used [0x0000000779680000,0x0000000779680000,0x000000077a580000)
 ParOldGen       total 144896K, used 20638K [0x00000006c6a00000, 0x00000006cf780000, 0x000000076ce00000)
  object space 144896K, 14% used [0x00000006c6a00000,0x00000006c7e27a88,0x00000006cf780000)
 Metaspace       used 40131K, capacity 40590K, committed 40832K, reserved 1083392K
  class space    used 5771K, capacity 5906K, committed 6016K, reserved 1048576K
Event: 5.836 GC heap after
Heap after GC invocations=11 (full 2):
 PSYoungGen      total 220672K, used 6489K [0x000000076ce00000, 0x0000000780600000, 0x00000007c0000000)
  eden space 205312K, 0% used [0x000000076ce00000,0x000000076ce00000,0x0000000779680000)
  from space 15360K, 42% used [0x0000000779680000,0x0000000779cd65f8,0x000000077a580000)
  to   space 15360K, 0% used [0x000000077f700000,0x000000077f700000,0x0000000780600000)
 ParOldGen       total 144896K, used 20646K [0x00000006c6a00000, 0x00000006cf780000, 0x000000076ce00000)
  object space 144896K, 14% used [0x00000006c6a00000,0x00000006c7e29a88,0x00000006cf780000)
 Metaspace       used 40131K, capacity 40590K, committed 40832K, reserved 1083392K
  class space    used 5771K, capacity 5906K, committed 6016K, reserved 1048576K
}
Event: 169.327 GC heap before
{Heap before GC invocations=12 (full 2):
 PSYoungGen      total 220672K, used 211801K [0x000000076ce00000, 0x0000000780600000, 0x00000007c0000000)
  eden space 205312K, 100% used [0x000000076ce00000,0x0000000779680000,0x0000000779680000)
  from space 15360K, 42% used [0x0000000779680000,0x0000000779cd65f8,0x000000077a580000)
  to   space 15360K, 0% used [0x000000077f700000,0x000000077f700000,0x0000000780600000)
 ParOldGen       total 144896K, used 20646K [0x00000006c6a00000, 0x00000006cf780000, 0x000000076ce00000)
  object space 144896K, 14% used [0x00000006c6a00000,0x00000006c7e29a88,0x00000006cf780000)
 Metaspace       used 52955K, capacity 53614K, committed 54016K, reserved 1095680K
  class space    used 7485K, capacity 7660K, committed 7680K, reserved 1048576K
Event: 169.345 GC heap after
Heap after GC invocations=12 (full 2):
 PSYoungGen      total 295936K, used 15349K [0x000000076ce00000, 0x0000000780600000, 0x00000007c0000000)
  eden space 280576K, 0% used [0x000000076ce00000,0x000000076ce00000,0x000000077e000000)
  from space 15360K, 99% used [0x000000077f700000,0x00000007805fd798,0x0000000780600000)
  to   space 18432K, 0% used [0x000000077e200000,0x000000077e200000,0x000000077f400000)
 ParOldGen       total 144896K, used 23699K [0x00000006c6a00000, 0x00000006cf780000, 0x000000076ce00000)
  object space 144896K, 16% used [0x00000006c6a00000,0x00000006c8124ee0,0x00000006cf780000)
 Metaspace       used 52955K, capacity 53614K, committed 54016K, reserved 1095680K
  class space    used 7485K, capacity 7660K, committed 7680K, reserved 1048576K
}

