# JRE version: Java(TM) SE Runtime Environment (8.0_20-b17) (build 1.8.0_20-ea-b17)
# Java VM: Java HotSpot(TM) 64-Bit Server VM (25.20-b17 mixed mode linux-amd64 compressed oops)
Heap:
 PSYoungGen      total 373248K, used 169114K [0x000000076ce00000, 0x0000000785980000, 0x00000007c0000000)
  eden space 358400K, 47% used [0x000000076ce00000,0x0000000777326978,0x0000000782c00000)
  from space 14848K, 0% used [0x0000000784b00000,0x0000000784b00000,0x0000000785980000)
  to   space 19968K, 0% used [0x0000000783280000,0x0000000783280000,0x0000000784600000)
 ParOldGen       total 252928K, used 41793K [0x00000006c6a00000, 0x00000006d6100000, 0x000000076ce00000)
  object space 252928K, 16% used [0x00000006c6a00000,0x00000006c92d07e0,0x00000006d6100000)
 Metaspace       used 58426K, capacity 59544K, committed 59700K, reserved 1099776K
  class space    used 8313K, capacity 8557K, committed 8576K, reserved 1048576K
GC Heap History (10 events):
Event: 4.970 GC heap before
{Heap before GC invocations=7 (full 1):
 PSYoungGen      total 267264K, used 99041K [0x000000076ce00000, 0x000000077f300000, 0x00000007c0000000)
  eden space 257024K, 36% used [0x000000076ce00000,0x00000007728aaf50,0x000000077c900000)
  from space 10240K, 60% used [0x000000077c900000,0x000000077cf0d5d0,0x000000077d300000)
  to   space 14336K, 0% used [0x000000077e500000,0x000000077e500000,0x000000077f300000)
 ParOldGen       total 111616K, used 12768K [0x00000006c6a00000, 0x00000006cd700000, 0x000000076ce00000)
  object space 111616K, 11% used [0x00000006c6a00000,0x00000006c76781a8,0x00000006cd700000)
 Metaspace       used 34614K, capacity 35050K, committed 35264K, reserved 1079296K
  class space    used 4545K, capacity 4673K, committed 4736K, reserved 1048576K
Event: 4.982 GC heap after
Heap after GC invocations=7 (full 1):
 PSYoungGen      total 284672K, used 12998K [0x000000076ce00000, 0x0000000785180000, 0x00000007c0000000)
  eden space 270336K, 0% used [0x000000076ce00000,0x000000076ce00000,0x000000077d600000)
  from space 14336K, 90% used [0x000000077e500000,0x000000077f1b18b8,0x000000077f300000)
  to   space 15360K, 0% used [0x000000077d600000,0x000000077d600000,0x000000077e500000)
 ParOldGen       total 111616K, used 12776K [0x00000006c6a00000, 0x00000006cd700000, 0x000000076ce00000)
  object space 111616K, 11% used [0x00000006c6a00000,0x00000006c767a1a8,0x00000006cd700000)
 Metaspace       used 34614K, capacity 35050K, committed 35264K, reserved 1079296K
  class space    used 4545K, capacity 4673K, committed 4736K, reserved 1048576K
}
Event: 4.982 GC heap before
{Heap before GC invocations=8 (full 2):
 PSYoungGen      total 284672K, used 12998K [0x000000076ce00000, 0x0000000785180000, 0x00000007c0000000)
  eden space 270336K, 0% used [0x000000076ce00000,0x000000076ce00000,0x000000077d600000)
  from space 14336K, 90% used [0x000000077e500000,0x000000077f1b18b8,0x000000077f300000)
  to   space 15360K, 0% used [0x000000077d600000,0x000000077d600000,0x000000077e500000)
 ParOldGen       total 111616K, used 12776K [0x00000006c6a00000, 0x00000006cd700000, 0x000000076ce00000)
  object space 111616K, 11% used [0x00000006c6a00000,0x00000006c767a1a8,0x00000006cd700000)
 Metaspace       used 34614K, capacity 35050K, committed 35264K, reserved 1079296K
  class space    used 4545K, capacity 4673K, committed 4736K, reserved 1048576K
Event: 5.048 GC heap after
Heap after GC invocations=8 (full 2):
 PSYoungGen      total 284672K, used 0K [0x000000076ce00000, 0x0000000785180000, 0x00000007c0000000)
  eden space 270336K, 0% used [0x000000076ce00000,0x000000076ce00000,0x000000077d600000)
  from space 14336K, 0% used [0x000000077e500000,0x000000077e500000,0x000000077f300000)
  to   space 15360K, 0% used [0x000000077d600000,0x000000077d600000,0x000000077e500000)
 ParOldGen       total 176640K, used 23542K [0x00000006c6a00000, 0x00000006d1680000, 0x000000076ce00000)
  object space 176640K, 13% used [0x00000006c6a00000,0x00000006c80fd8f0,0x00000006d1680000)
 Metaspace       used 34614K, capacity 35050K, committed 35264K, reserved 1079296K
  class space    used 4545K, capacity 4673K, committed 4736K, reserved 1048576K
}
Event: 6.541 GC heap before
{Heap before GC invocations=9 (full 2):
 PSYoungGen      total 284672K, used 270336K [0x000000076ce00000, 0x0000000785180000, 0x00000007c0000000)
  eden space 270336K, 100% used [0x000000076ce00000,0x000000077d600000,0x000000077d600000)
  from space 14336K, 0% used [0x000000077e500000,0x000000077e500000,0x000000077f300000)
  to   space 15360K, 0% used [0x000000077d600000,0x000000077d600000,0x000000077e500000)
 ParOldGen       total 176640K, used 23542K [0x00000006c6a00000, 0x00000006d1680000, 0x000000076ce00000)
  object space 176640K, 13% used [0x00000006c6a00000,0x00000006c80fd8f0,0x00000006d1680000)
 Metaspace       used 43440K, capacity 44026K, committed 44288K, reserved 1087488K
  class space    used 6461K, capacity 6580K, committed 6656K, reserved 1048576K
Event: 6.549 GC heap after
Heap after GC invocations=9 (full 2):
 PSYoungGen      total 285696K, used 9944K [0x000000076ce00000, 0x0000000785980000, 0x00000007c0000000)
  eden space 270336K, 0% used [0x000000076ce00000,0x000000076ce00000,0x000000077d600000)
  from space 15360K, 64% used [0x000000077d600000,0x000000077dfb60e8,0x000000077e500000)
  to   space 14848K, 0% used [0x0000000784b00000,0x0000000784b00000,0x0000000785980000)
 ParOldGen       total 176640K, used 23550K [0x00000006c6a00000, 0x00000006d1680000, 0x000000076ce00000)
  object space 176640K, 13% used [0x00000006c6a00000,0x00000006c80ff8f0,0x00000006d1680000)
 Metaspace       used 43440K, capacity 44026K, committed 44288K, reserved 1087488K
  class space    used 6461K, capacity 6580K, committed 6656K, reserved 1048576K
}
Event: 41.844 GC heap before
{Heap before GC invocations=10 (full 2):
 PSYoungGen      total 285696K, used 260167K [0x000000076ce00000, 0x0000000785980000, 0x00000007c0000000)
  eden space 270336K, 92% used [0x000000076ce00000,0x000000077c25bea8,0x000000077d600000)
  from space 15360K, 64% used [0x000000077d600000,0x000000077dfb60e8,0x000000077e500000)
  to   space 14848K, 0% used [0x0000000784b00000,0x0000000784b00000,0x0000000785980000)
 ParOldGen       total 176640K, used 23550K [0x00000006c6a00000, 0x00000006d1680000, 0x000000076ce00000)
  object space 176640K, 13% used [0x00000006c6a00000,0x00000006c80ff8f0,0x00000006d1680000)
 Metaspace       used 57264K, capacity 58296K, committed 58420K, reserved 1099776K
  class space    used 8238K, capacity 8478K, committed 8576K, reserved 1048576K
Event: 41.867 GC heap after
Heap after GC invocations=10 (full 2):
 PSYoungGen      total 373248K, used 14833K [0x000000076ce00000, 0x0000000785980000, 0x00000007c0000000)
  eden space 358400K, 0% used [0x000000076ce00000,0x000000076ce00000,0x0000000782c00000)
  from space 14848K, 99% used [0x0000000784b00000,0x000000078597c540,0x0000000785980000)
  to   space 19968K, 0% used [0x0000000783280000,0x0000000783280000,0x0000000784600000)
 ParOldGen       total 176640K, used 31262K [0x00000006c6a00000, 0x00000006d1680000, 0x000000076ce00000)
  object space 176640K, 17% used [0x00000006c6a00000,0x00000006c88879c0,0x00000006d1680000)
 Metaspace       used 57264K, capacity 58296K, committed 58420K, reserved 1099776K
  class space    used 8238K, capacity 8478K, committed 8576K, reserved 1048576K
}
Event: 41.867 GC heap before
{Heap before GC invocations=11 (full 3):
 PSYoungGen      total 373248K, used 14833K [0x000000076ce00000, 0x0000000785980000, 0x00000007c0000000)
  eden space 358400K, 0% used [0x000000076ce00000,0x000000076ce00000,0x0000000782c00000)
  from space 14848K, 99% used [0x0000000784b00000,0x000000078597c540,0x0000000785980000)
  to   space 19968K, 0% used [0x0000000783280000,0x0000000783280000,0x0000000784600000)
 ParOldGen       total 176640K, used 31262K [0x00000006c6a00000, 0x00000006d1680000, 0x000000076ce00000)
  object space 176640K, 17% used [0x00000006c6a00000,0x00000006c88879c0,0x00000006d1680000)
 Metaspace       used 57264K, capacity 58296K, committed 58420K, reserved 1099776K
  class space    used 8238K, capacity 8478K, committed 8576K, reserved 1048576K
Event: 42.090 GC heap after
Heap after GC invocations=11 (full 3):
 PSYoungGen      total 373248K, used 0K [0x000000076ce00000, 0x0000000785980000, 0x00000007c0000000)
  eden space 358400K, 0% used [0x000000076ce00000,0x000000076ce00000,0x0000000782c00000)
  from space 14848K, 0% used [0x0000000784b00000,0x0000000784b00000,0x0000000785980000)
  to   space 19968K, 0% used [0x0000000783280000,0x0000000783280000,0x0000000784600000)
 ParOldGen       total 252928K, used 41793K [0x00000006c6a00000, 0x00000006d6100000, 0x000000076ce00000)
  object space 252928K, 16% used [0x00000006c6a00000,0x00000006c92d07e0,0x00000006d6100000)
 Metaspace       used 57194K, capacity 58198K, committed 58420K, reserved 1099776K
  class space    used 8237K, capacity 8472K, committed 8576K, reserved 1048576K
}

