# JRE version: Java(TM) SE Runtime Environment (8.0_20-b17) (build 1.8.0_20-ea-b17)
# Java VM: Java HotSpot(TM) 64-Bit Server VM (25.20-b17 mixed mode linux-amd64 compressed oops)
Heap:
 PSYoungGen      total 139264K, used 55937K [0x000000076ce00000, 0x0000000776d00000, 0x00000007c0000000)
  eden space 138240K, 39% used [0x000000076ce00000,0x00000007703a59e0,0x0000000775500000)
  from space 1024K, 97% used [0x0000000776c00000,0x0000000776cfade0,0x0000000776d00000)
  to   space 2048K, 0% used [0x0000000776900000,0x0000000776900000,0x0000000776b00000)
 ParOldGen       total 286720K, used 50083K [0x00000006c6a00000, 0x00000006d8200000, 0x000000076ce00000)
  object space 286720K, 17% used [0x00000006c6a00000,0x00000006c9ae8f88,0x00000006d8200000)
 Metaspace       used 61970K, capacity 63717K, committed 64000K, reserved 1103872K
  class space    used 8980K, capacity 9378K, committed 9472K, reserved 1048576K
GC Heap History (10 events):
Event: 572.034 GC heap before
{Heap before GC invocations=85 (full 3):
 PSYoungGen      total 152576K, used 152491K [0x000000076ce00000, 0x0000000777080000, 0x00000007c0000000)
  eden space 151040K, 100% used [0x000000076ce00000,0x0000000776180000,0x0000000776180000)
  from space 1536K, 94% used [0x0000000776c80000,0x0000000776deaed0,0x0000000776e00000)
  to   space 2560K, 0% used [0x0000000776e00000,0x0000000776e00000,0x0000000777080000)
 ParOldGen       total 286720K, used 49483K [0x00000006c6a00000, 0x00000006d8200000, 0x000000076ce00000)
  object space 286720K, 17% used [0x00000006c6a00000,0x00000006c9a52f78,0x00000006d8200000)
 Metaspace       used 61818K, capacity 63567K, committed 63872K, reserved 1103872K
  class space    used 8959K, capacity 9337K, committed 9344K, reserved 1048576K
Event: 572.038 GC heap after
Heap after GC invocations=85 (full 3):
 PSYoungGen      total 150016K, used 1291K [0x000000076ce00000, 0x0000000776f80000, 0x00000007c0000000)
  eden space 148480K, 0% used [0x000000076ce00000,0x000000076ce00000,0x0000000775f00000)
  from space 1536K, 84% used [0x0000000776e00000,0x0000000776f42cc0,0x0000000776f80000)
  to   space 2560K, 0% used [0x0000000776a80000,0x0000000776a80000,0x0000000776d00000)
 ParOldGen       total 286720K, used 49515K [0x00000006c6a00000, 0x00000006d8200000, 0x000000076ce00000)
  object space 286720K, 17% used [0x00000006c6a00000,0x00000006c9a5af78,0x00000006d8200000)
 Metaspace       used 61818K, capacity 63567K, committed 63872K, reserved 1103872K
  class space    used 8959K, capacity 9337K, committed 9344K, reserved 1048576K
}
Event: 574.182 GC heap before
{Heap before GC invocations=86 (full 3):
 PSYoungGen      total 150016K, used 149771K [0x000000076ce00000, 0x0000000776f80000, 0x00000007c0000000)
  eden space 148480K, 100% used [0x000000076ce00000,0x0000000775f00000,0x0000000775f00000)
  from space 1536K, 84% used [0x0000000776e00000,0x0000000776f42cc0,0x0000000776f80000)
  to   space 2560K, 0% used [0x0000000776a80000,0x0000000776a80000,0x0000000776d00000)
 ParOldGen       total 286720K, used 49515K [0x00000006c6a00000, 0x00000006d8200000, 0x000000076ce00000)
  object space 286720K, 17% used [0x00000006c6a00000,0x00000006c9a5af78,0x00000006d8200000)
 Metaspace       used 61818K, capacity 63567K, committed 63872K, reserved 1103872K
  class space    used 8959K, capacity 9337K, committed 9344K, reserved 1048576K
Event: 574.185 GC heap after
Heap after GC invocations=86 (full 3):
 PSYoungGen      total 147456K, used 1483K [0x000000076ce00000, 0x0000000776e80000, 0x00000007c0000000)
  eden space 145920K, 0% used [0x000000076ce00000,0x000000076ce00000,0x0000000775c80000)
  from space 1536K, 96% used [0x0000000776a80000,0x0000000776bf2ed0,0x0000000776c00000)
  to   space 2048K, 0% used [0x0000000776c80000,0x0000000776c80000,0x0000000776e80000)
 ParOldGen       total 286720K, used 49555K [0x00000006c6a00000, 0x00000006d8200000, 0x000000076ce00000)
  object space 286720K, 17% used [0x00000006c6a00000,0x00000006c9a64f78,0x00000006d8200000)
 Metaspace       used 61818K, capacity 63567K, committed 63872K, reserved 1103872K
  class space    used 8959K, capacity 9337K, committed 9344K, reserved 1048576K
}
Event: 575.358 GC heap before
{Heap before GC invocations=87 (full 3):
 PSYoungGen      total 147456K, used 147403K [0x000000076ce00000, 0x0000000776e80000, 0x00000007c0000000)
  eden space 145920K, 100% used [0x000000076ce00000,0x0000000775c80000,0x0000000775c80000)
  from space 1536K, 96% used [0x0000000776a80000,0x0000000776bf2ed0,0x0000000776c00000)
  to   space 2048K, 0% used [0x0000000776c80000,0x0000000776c80000,0x0000000776e80000)
 ParOldGen       total 286720K, used 49555K [0x00000006c6a00000, 0x00000006d8200000, 0x000000076ce00000)
  object space 286720K, 17% used [0x00000006c6a00000,0x00000006c9a64f78,0x00000006d8200000)
 Metaspace       used 61818K, capacity 63567K, committed 63872K, reserved 1103872K
  class space    used 8959K, capacity 9337K, committed 9344K, reserved 1048576K
Event: 575.362 GC heap after
Heap after GC invocations=87 (full 3):
 PSYoungGen      total 144896K, used 1452K [0x000000076ce00000, 0x0000000776e00000, 0x00000007c0000000)
  eden space 143360K, 0% used [0x000000076ce00000,0x000000076ce00000,0x0000000775a00000)
  from space 1536K, 94% used [0x0000000776c80000,0x0000000776deb0d0,0x0000000776e00000)
  to   space 2048K, 0% used [0x0000000776a00000,0x0000000776a00000,0x0000000776c00000)
 ParOldGen       total 286720K, used 49587K [0x00000006c6a00000, 0x00000006d8200000, 0x000000076ce00000)
  object space 286720K, 17% used [0x00000006c6a00000,0x00000006c9a6cf78,0x00000006d8200000)
 Metaspace       used 61818K, capacity 63567K, committed 63872K, reserved 1103872K
  class space    used 8959K, capacity 9337K, committed 9344K, reserved 1048576K
}
Event: 576.763 GC heap before
{Heap before GC invocations=88 (full 3):
 PSYoungGen      total 144896K, used 144812K [0x000000076ce00000, 0x0000000776e00000, 0x00000007c0000000)
  eden space 143360K, 100% used [0x000000076ce00000,0x0000000775a00000,0x0000000775a00000)
  from space 1536K, 94% used [0x0000000776c80000,0x0000000776deb0d0,0x0000000776e00000)
  to   space 2048K, 0% used [0x0000000776a00000,0x0000000776a00000,0x0000000776c00000)
 ParOldGen       total 286720K, used 49587K [0x00000006c6a00000, 0x00000006d8200000, 0x000000076ce00000)
  object space 286720K, 17% used [0x00000006c6a00000,0x00000006c9a6cf78,0x00000006d8200000)
 Metaspace       used 61829K, capacity 63567K, committed 63872K, reserved 1103872K
  class space    used 8959K, capacity 9337K, committed 9344K, reserved 1048576K
Event: 576.770 GC heap after
Heap after GC invocations=88 (full 3):
 PSYoungGen      total 142848K, used 1547K [0x000000076ce00000, 0x0000000776d00000, 0x00000007c0000000)
  eden space 140800K, 0% used [0x000000076ce00000,0x000000076ce00000,0x0000000775780000)
  from space 2048K, 75% used [0x0000000776a00000,0x0000000776b82cd0,0x0000000776c00000)
  to   space 1024K, 0% used [0x0000000776c00000,0x0000000776c00000,0x0000000776d00000)
 ParOldGen       total 286720K, used 49635K [0x00000006c6a00000, 0x00000006d8200000, 0x000000076ce00000)
  object space 286720K, 17% used [0x00000006c6a00000,0x00000006c9a78f78,0x00000006d8200000)
 Metaspace       used 61829K, capacity 63567K, committed 63872K, reserved 1103872K
  class space    used 8959K, capacity 9337K, committed 9344K, reserved 1048576K
}
Event: 578.674 GC heap before
{Heap before GC invocations=89 (full 3):
 PSYoungGen      total 142848K, used 142347K [0x000000076ce00000, 0x0000000776d00000, 0x00000007c0000000)
  eden space 140800K, 100% used [0x000000076ce00000,0x0000000775780000,0x0000000775780000)
  from space 2048K, 75% used [0x0000000776a00000,0x0000000776b82cd0,0x0000000776c00000)
  to   space 1024K, 0% used [0x0000000776c00000,0x0000000776c00000,0x0000000776d00000)
 ParOldGen       total 286720K, used 49635K [0x00000006c6a00000, 0x00000006d8200000, 0x000000076ce00000)
  object space 286720K, 17% used [0x00000006c6a00000,0x00000006c9a78f78,0x00000006d8200000)
 Metaspace       used 61835K, capacity 63567K, committed 63872K, reserved 1103872K
  class space    used 8960K, capacity 9337K, committed 9344K, reserved 1048576K
Event: 578.678 GC heap after
Heap after GC invocations=89 (full 3):
 PSYoungGen      total 139264K, used 1003K [0x000000076ce00000, 0x0000000776d00000, 0x00000007c0000000)
  eden space 138240K, 0% used [0x000000076ce00000,0x000000076ce00000,0x0000000775500000)
  from space 1024K, 97% used [0x0000000776c00000,0x0000000776cfade0,0x0000000776d00000)
  to   space 2048K, 0% used [0x0000000776900000,0x0000000776900000,0x0000000776b00000)
 ParOldGen       total 286720K, used 50083K [0x00000006c6a00000, 0x00000006d8200000, 0x000000076ce00000)
  object space 286720K, 17% used [0x00000006c6a00000,0x00000006c9ae8f88,0x00000006d8200000)
 Metaspace       used 61835K, capacity 63567K, committed 63872K, reserved 1103872K
  class space    used 8960K, capacity 9337K, committed 9344K, reserved 1048576K
}

