# JRE version: Java(TM) SE Runtime Environment (8.0_20-b17) (build 1.8.0_20-ea-b17)
# Java VM: Java HotSpot(TM) 64-Bit Server VM (25.20-b17 mixed mode linux-amd64 compressed oops)
Heap:
 PSYoungGen      total 408576K, used 159438K [0x000000076ce00000, 0x0000000787c00000, 0x00000007c0000000)
  eden space 392704K, 40% used [0x000000076ce00000,0x00000007769b3b58,0x0000000784d80000)
  from space 15872K, 0% used [0x0000000786c80000,0x0000000786c80000,0x0000000787c00000)
  to   space 19968K, 0% used [0x0000000785500000,0x0000000785500000,0x0000000786880000)
 ParOldGen       total 247296K, used 40919K [0x00000006c6a00000, 0x00000006d5b80000, 0x000000076ce00000)
  object space 247296K, 16% used [0x00000006c6a00000,0x00000006c91f5e40,0x00000006d5b80000)
 Metaspace       used 58708K, capacity 59896K, committed 60008K, reserved 1099776K
  class space    used 8431K, capacity 8723K, committed 8832K, reserved 1048576K
GC Heap History (10 events):
Event: 4.797 GC heap before
{Heap before GC invocations=7 (full 1):
 PSYoungGen      total 267264K, used 93778K [0x000000076ce00000, 0x0000000780680000, 0x00000007c0000000)
  eden space 257024K, 34% used [0x000000076ce00000,0x000000077239d0f8,0x000000077c900000)
  from space 10240K, 59% used [0x000000077c900000,0x000000077cef7ab0,0x000000077d300000)
  to   space 14848K, 0% used [0x000000077f800000,0x000000077f800000,0x0000000780680000)
 ParOldGen       total 109568K, used 12827K [0x00000006c6a00000, 0x00000006cd500000, 0x000000076ce00000)
  object space 109568K, 11% used [0x00000006c6a00000,0x00000006c7686d28,0x00000006cd500000)
 Metaspace       used 34649K, capacity 35082K, committed 35320K, reserved 1079296K
  class space    used 4596K, capacity 4705K, committed 4736K, reserved 1048576K
Event: 4.810 GC heap after
Heap after GC invocations=7 (full 1):
 PSYoungGen      total 304128K, used 13204K [0x000000076ce00000, 0x0000000786600000, 0x00000007c0000000)
  eden space 289280K, 0% used [0x000000076ce00000,0x000000076ce00000,0x000000077e880000)
  from space 14848K, 88% used [0x000000077f800000,0x00000007804e51a8,0x0000000780680000)
  to   space 15872K, 0% used [0x000000077e880000,0x000000077e880000,0x000000077f800000)
 ParOldGen       total 109568K, used 12835K [0x00000006c6a00000, 0x00000006cd500000, 0x000000076ce00000)
  object space 109568K, 11% used [0x00000006c6a00000,0x00000006c7688d28,0x00000006cd500000)
 Metaspace       used 34649K, capacity 35082K, committed 35320K, reserved 1079296K
  class space    used 4596K, capacity 4705K, committed 4736K, reserved 1048576K
}
Event: 4.810 GC heap before
{Heap before GC invocations=8 (full 2):
 PSYoungGen      total 304128K, used 13204K [0x000000076ce00000, 0x0000000786600000, 0x00000007c0000000)
  eden space 289280K, 0% used [0x000000076ce00000,0x000000076ce00000,0x000000077e880000)
  from space 14848K, 88% used [0x000000077f800000,0x00000007804e51a8,0x0000000780680000)
  to   space 15872K, 0% used [0x000000077e880000,0x000000077e880000,0x000000077f800000)
 ParOldGen       total 109568K, used 12835K [0x00000006c6a00000, 0x00000006cd500000, 0x000000076ce00000)
  object space 109568K, 11% used [0x00000006c6a00000,0x00000006c7688d28,0x00000006cd500000)
 Metaspace       used 34649K, capacity 35082K, committed 35320K, reserved 1079296K
  class space    used 4596K, capacity 4705K, committed 4736K, reserved 1048576K
Event: 4.877 GC heap after
Heap after GC invocations=8 (full 2):
 PSYoungGen      total 304128K, used 0K [0x000000076ce00000, 0x0000000786600000, 0x00000007c0000000)
  eden space 289280K, 0% used [0x000000076ce00000,0x000000076ce00000,0x000000077e880000)
  from space 14848K, 0% used [0x000000077f800000,0x000000077f800000,0x0000000780680000)
  to   space 15872K, 0% used [0x000000077e880000,0x000000077e880000,0x000000077f800000)
 ParOldGen       total 171520K, used 23641K [0x00000006c6a00000, 0x00000006d1180000, 0x000000076ce00000)
  object space 171520K, 13% used [0x00000006c6a00000,0x00000006c81167e8,0x00000006d1180000)
 Metaspace       used 34649K, capacity 35082K, committed 35320K, reserved 1079296K
  class space    used 4596K, capacity 4705K, committed 4736K, reserved 1048576K
}
Event: 6.517 GC heap before
{Heap before GC invocations=9 (full 2):
 PSYoungGen      total 304128K, used 289280K [0x000000076ce00000, 0x0000000786600000, 0x00000007c0000000)
  eden space 289280K, 100% used [0x000000076ce00000,0x000000077e880000,0x000000077e880000)
  from space 14848K, 0% used [0x000000077f800000,0x000000077f800000,0x0000000780680000)
  to   space 15872K, 0% used [0x000000077e880000,0x000000077e880000,0x000000077f800000)
 ParOldGen       total 171520K, used 23641K [0x00000006c6a00000, 0x00000006d1180000, 0x000000076ce00000)
  object space 171520K, 13% used [0x00000006c6a00000,0x00000006c81167e8,0x00000006d1180000)
 Metaspace       used 45291K, capacity 45908K, committed 46080K, reserved 1089536K
  class space    used 6777K, capacity 6899K, committed 6912K, reserved 1048576K
Event: 6.528 GC heap after
Heap after GC invocations=9 (full 2):
 PSYoungGen      total 305152K, used 11865K [0x000000076ce00000, 0x0000000787c00000, 0x00000007c0000000)
  eden space 289280K, 0% used [0x000000076ce00000,0x000000076ce00000,0x000000077e880000)
  from space 15872K, 74% used [0x000000077e880000,0x000000077f416538,0x000000077f800000)
  to   space 15872K, 0% used [0x0000000786c80000,0x0000000786c80000,0x0000000787c00000)
 ParOldGen       total 171520K, used 23649K [0x00000006c6a00000, 0x00000006d1180000, 0x000000076ce00000)
  object space 171520K, 13% used [0x00000006c6a00000,0x00000006c81187e8,0x00000006d1180000)
 Metaspace       used 45291K, capacity 45908K, committed 46080K, reserved 1089536K
  class space    used 6777K, capacity 6899K, committed 6912K, reserved 1048576K
}
Event: 15.646 GC heap before
{Heap before GC invocations=10 (full 2):
 PSYoungGen      total 305152K, used 281980K [0x000000076ce00000, 0x0000000787c00000, 0x00000007c0000000)
  eden space 289280K, 93% used [0x000000076ce00000,0x000000077d5c8c60,0x000000077e880000)
  from space 15872K, 74% used [0x000000077e880000,0x000000077f416538,0x000000077f800000)
  to   space 15872K, 0% used [0x0000000786c80000,0x0000000786c80000,0x0000000787c00000)
 ParOldGen       total 171520K, used 23649K [0x00000006c6a00000, 0x00000006d1180000, 0x000000076ce00000)
  object space 171520K, 13% used [0x00000006c6a00000,0x00000006c81187e8,0x00000006d1180000)
 Metaspace       used 57296K, capacity 58392K, committed 58472K, reserved 1099776K
  class space    used 8260K, capacity 8526K, committed 8576K, reserved 1048576K
Event: 15.671 GC heap after
Heap after GC invocations=10 (full 2):
 PSYoungGen      total 408576K, used 15843K [0x000000076ce00000, 0x0000000787c00000, 0x00000007c0000000)
  eden space 392704K, 0% used [0x000000076ce00000,0x000000076ce00000,0x0000000784d80000)
  from space 15872K, 99% used [0x0000000786c80000,0x0000000787bf8d00,0x0000000787c00000)
  to   space 19968K, 0% used [0x0000000785500000,0x0000000785500000,0x0000000786880000)
 ParOldGen       total 171520K, used 29408K [0x00000006c6a00000, 0x00000006d1180000, 0x000000076ce00000)
  object space 171520K, 17% used [0x00000006c6a00000,0x00000006c86b82f0,0x00000006d1180000)
 Metaspace       used 57296K, capacity 58392K, committed 58472K, reserved 1099776K
  class space    used 8260K, capacity 8526K, committed 8576K, reserved 1048576K
}
Event: 15.671 GC heap before
{Heap before GC invocations=11 (full 3):
 PSYoungGen      total 408576K, used 15843K [0x000000076ce00000, 0x0000000787c00000, 0x00000007c0000000)
  eden space 392704K, 0% used [0x000000076ce00000,0x000000076ce00000,0x0000000784d80000)
  from space 15872K, 99% used [0x0000000786c80000,0x0000000787bf8d00,0x0000000787c00000)
  to   space 19968K, 0% used [0x0000000785500000,0x0000000785500000,0x0000000786880000)
 ParOldGen       total 171520K, used 29408K [0x00000006c6a00000, 0x00000006d1180000, 0x000000076ce00000)
  object space 171520K, 17% used [0x00000006c6a00000,0x00000006c86b82f0,0x00000006d1180000)
 Metaspace       used 57296K, capacity 58392K, committed 58472K, reserved 1099776K
  class space    used 8260K, capacity 8526K, committed 8576K, reserved 1048576K
Event: 15.924 GC heap after
Heap after GC invocations=11 (full 3):
 PSYoungGen      total 408576K, used 0K [0x000000076ce00000, 0x0000000787c00000, 0x00000007c0000000)
  eden space 392704K, 0% used [0x000000076ce00000,0x000000076ce00000,0x0000000784d80000)
  from space 15872K, 0% used [0x0000000786c80000,0x0000000786c80000,0x0000000787c00000)
  to   space 19968K, 0% used [0x0000000785500000,0x0000000785500000,0x0000000786880000)
 ParOldGen       total 247296K, used 40919K [0x00000006c6a00000, 0x00000006d5b80000, 0x000000076ce00000)
  object space 247296K, 16% used [0x00000006c6a00000,0x00000006c91f5e40,0x00000006d5b80000)
 Metaspace       used 57226K, capacity 58294K, committed 58472K, reserved 1099776K
  class space    used 8258K, capacity 8520K, committed 8576K, reserved 1048576K
}

