# JRE version: Java(TM) SE Runtime Environment (8.0_20-b17) (build 1.8.0_20-ea-b17)
# Java VM: Java HotSpot(TM) 64-Bit Server VM (25.20-b17 mixed mode linux-amd64 compressed oops)
Heap:
 PSYoungGen      total 285184K, used 81210K [0x000000076ce00000, 0x0000000782680000, 0x00000007c0000000)
  eden space 264192K, 30% used [0x000000076ce00000,0x0000000771be9320,0x000000077d000000)
  from space 20992K, 6% used [0x000000077d000000,0x000000077d165770,0x000000077e480000)
  to   space 21504K, 0% used [0x0000000781180000,0x0000000781180000,0x0000000782680000)
 ParOldGen       total 238080K, used 37441K [0x00000006c6a00000, 0x00000006d5280000, 0x000000076ce00000)
  object space 238080K, 15% used [0x00000006c6a00000,0x00000006c8e90530,0x00000006d5280000)
 Metaspace       used 58260K, capacity 59518K, committed 59624K, reserved 1099776K
  class space    used 8299K, capacity 8590K, committed 8680K, reserved 1048576K
GC Heap History (10 events):
Event: 5.588 GC heap before
{Heap before GC invocations=10 (full 2):
 PSYoungGen      total 168448K, used 153600K [0x000000076ce00000, 0x000000077d000000, 0x00000007c0000000)
  eden space 153600K, 100% used [0x000000076ce00000,0x0000000776400000,0x0000000776400000)
  from space 14848K, 0% used [0x0000000776400000,0x0000000776400000,0x0000000777280000)
  to   space 16384K, 0% used [0x000000077c000000,0x000000077c000000,0x000000077d000000)
 ParOldGen       total 168448K, used 23665K [0x00000006c6a00000, 0x00000006d0e80000, 0x000000076ce00000)
  object space 168448K, 14% used [0x00000006c6a00000,0x00000006c811c590,0x00000006d0e80000)
 Metaspace       used 39659K, capacity 40206K, committed 40448K, reserved 1083392K
  class space    used 5723K, capacity 5842K, committed 5888K, reserved 1048576K
Event: 5.594 GC heap after
Heap after GC invocations=10 (full 2):
 PSYoungGen      total 223744K, used 5970K [0x000000076ce00000, 0x000000077c600000, 0x00000007c0000000)
  eden space 217600K, 0% used [0x000000076ce00000,0x000000076ce00000,0x000000077a280000)
  from space 6144K, 97% used [0x000000077c000000,0x000000077c5d4b68,0x000000077c600000)
  to   space 16384K, 0% used [0x000000077a600000,0x000000077a600000,0x000000077b600000)
 ParOldGen       total 168448K, used 23673K [0x00000006c6a00000, 0x00000006d0e80000, 0x000000076ce00000)
  object space 168448K, 14% used [0x00000006c6a00000,0x00000006c811e590,0x00000006d0e80000)
 Metaspace       used 39659K, capacity 40206K, committed 40448K, reserved 1083392K
  class space    used 5723K, capacity 5842K, committed 5888K, reserved 1048576K
}
Event: 8.773 GC heap before
{Heap before GC invocations=11 (full 2):
 PSYoungGen      total 223744K, used 223570K [0x000000076ce00000, 0x000000077c600000, 0x00000007c0000000)
  eden space 217600K, 100% used [0x000000076ce00000,0x000000077a280000,0x000000077a280000)
  from space 6144K, 97% used [0x000000077c000000,0x000000077c5d4b68,0x000000077c600000)
  to   space 16384K, 0% used [0x000000077a600000,0x000000077a600000,0x000000077b600000)
 ParOldGen       total 168448K, used 23673K [0x00000006c6a00000, 0x00000006d0e80000, 0x000000076ce00000)
  object space 168448K, 14% used [0x00000006c6a00000,0x00000006c811e590,0x00000006d0e80000)
 Metaspace       used 51846K, capacity 52492K, committed 52992K, reserved 1095680K
  class space    used 7427K, capacity 7591K, committed 7680K, reserved 1048576K
Event: 8.794 GC heap after
Heap after GC invocations=11 (full 2):
 PSYoungGen      total 237568K, used 16367K [0x000000076ce00000, 0x000000077f800000, 0x00000007c0000000)
  eden space 221184K, 0% used [0x000000076ce00000,0x000000076ce00000,0x000000077a600000)
  from space 16384K, 99% used [0x000000077a600000,0x000000077b5fbc08,0x000000077b600000)
  to   space 18944K, 0% used [0x000000077e580000,0x000000077e580000,0x000000077f800000)
 ParOldGen       total 168448K, used 25019K [0x00000006c6a00000, 0x00000006d0e80000, 0x000000076ce00000)
  object space 168448K, 14% used [0x00000006c6a00000,0x00000006c826ecc0,0x00000006d0e80000)
 Metaspace       used 51846K, capacity 52492K, committed 52992K, reserved 1095680K
  class space    used 7427K, capacity 7591K, committed 7680K, reserved 1048576K
}
Event: 19.063 GC heap before
{Heap before GC invocations=12 (full 2):
 PSYoungGen      total 237568K, used 228498K [0x000000076ce00000, 0x000000077f800000, 0x00000007c0000000)
  eden space 221184K, 95% used [0x000000076ce00000,0x0000000779d28fb8,0x000000077a600000)
  from space 16384K, 99% used [0x000000077a600000,0x000000077b5fbc08,0x000000077b600000)
  to   space 18944K, 0% used [0x000000077e580000,0x000000077e580000,0x000000077f800000)
 ParOldGen       total 168448K, used 25019K [0x00000006c6a00000, 0x00000006d0e80000, 0x000000076ce00000)
  object space 168448K, 14% used [0x00000006c6a00000,0x00000006c826ecc0,0x00000006d0e80000)
 Metaspace       used 57188K, capacity 58358K, committed 58472K, reserved 1099776K
  class space    used 8224K, capacity 8494K, committed 8552K, reserved 1048576K
Event: 19.082 GC heap after
Heap after GC invocations=12 (full 2):
 PSYoungGen      total 283136K, used 18095K [0x000000076ce00000, 0x000000077f900000, 0x00000007c0000000)
  eden space 264192K, 0% used [0x000000076ce00000,0x000000076ce00000,0x000000077d000000)
  from space 18944K, 95% used [0x000000077e580000,0x000000077f72bee8,0x000000077f800000)
  to   space 20992K, 0% used [0x000000077d000000,0x000000077d000000,0x000000077e480000)
 ParOldGen       total 168448K, used 25027K [0x00000006c6a00000, 0x00000006d0e80000, 0x000000076ce00000)
  object space 168448K, 14% used [0x00000006c6a00000,0x00000006c8270cc0,0x00000006d0e80000)
 Metaspace       used 57188K, capacity 58358K, committed 58472K, reserved 1099776K
  class space    used 8224K, capacity 8494K, committed 8552K, reserved 1048576K
}
Event: 19.082 GC heap before
{Heap before GC invocations=13 (full 3):
 PSYoungGen      total 283136K, used 18095K [0x000000076ce00000, 0x000000077f900000, 0x00000007c0000000)
  eden space 264192K, 0% used [0x000000076ce00000,0x000000076ce00000,0x000000077d000000)
  from space 18944K, 95% used [0x000000077e580000,0x000000077f72bee8,0x000000077f800000)
  to   space 20992K, 0% used [0x000000077d000000,0x000000077d000000,0x000000077e480000)
 ParOldGen       total 168448K, used 25027K [0x00000006c6a00000, 0x00000006d0e80000, 0x000000076ce00000)
  object space 168448K, 14% used [0x00000006c6a00000,0x00000006c8270cc0,0x00000006d0e80000)
 Metaspace       used 57188K, capacity 58358K, committed 58472K, reserved 1099776K
  class space    used 8224K, capacity 8494K, committed 8552K, reserved 1048576K
Event: 19.289 GC heap after
Heap after GC invocations=13 (full 3):
 PSYoungGen      total 283136K, used 0K [0x000000076ce00000, 0x000000077f900000, 0x00000007c0000000)
  eden space 264192K, 0% used [0x000000076ce00000,0x000000076ce00000,0x000000077d000000)
  from space 18944K, 0% used [0x000000077e580000,0x000000077e580000,0x000000077f800000)
  to   space 20992K, 0% used [0x000000077d000000,0x000000077d000000,0x000000077e480000)
 ParOldGen       total 238080K, used 37433K [0x00000006c6a00000, 0x00000006d5280000, 0x000000076ce00000)
  object space 238080K, 15% used [0x00000006c6a00000,0x00000006c8e8e530,0x00000006d5280000)
 Metaspace       used 57128K, capacity 58274K, committed 58472K, reserved 1099776K
  class space    used 8223K, capacity 8490K, committed 8552K, reserved 1048576K
}
Event: 255.783 GC heap before
{Heap before GC invocations=14 (full 3):
 PSYoungGen      total 283136K, used 264192K [0x000000076ce00000, 0x000000077f900000, 0x00000007c0000000)
  eden space 264192K, 100% used [0x000000076ce00000,0x000000077d000000,0x000000077d000000)
  from space 18944K, 0% used [0x000000077e580000,0x000000077e580000,0x000000077f800000)
  to   space 20992K, 0% used [0x000000077d000000,0x000000077d000000,0x000000077e480000)
 ParOldGen       total 238080K, used 37433K [0x00000006c6a00000, 0x00000006d5280000, 0x000000076ce00000)
  object space 238080K, 15% used [0x00000006c6a00000,0x00000006c8e8e530,0x00000006d5280000)
 Metaspace       used 58011K, capacity 59302K, committed 59624K, reserved 1099776K
  class space    used 8277K, capacity 8586K, committed 8680K, reserved 1048576K
Event: 255.787 GC heap after
Heap after GC invocations=14 (full 3):
 PSYoungGen      total 285184K, used 1429K [0x000000076ce00000, 0x0000000782680000, 0x00000007c0000000)
  eden space 264192K, 0% used [0x000000076ce00000,0x000000076ce00000,0x000000077d000000)
  from space 20992K, 6% used [0x000000077d000000,0x000000077d165770,0x000000077e480000)
  to   space 21504K, 0% used [0x0000000781180000,0x0000000781180000,0x0000000782680000)
 ParOldGen       total 238080K, used 37441K [0x00000006c6a00000, 0x00000006d5280000, 0x000000076ce00000)
  object space 238080K, 15% used [0x00000006c6a00000,0x00000006c8e90530,0x00000006d5280000)
 Metaspace       used 58011K, capacity 59302K, committed 59624K, reserved 1099776K
  class space    used 8277K, capacity 8586K, committed 8680K, reserved 1048576K
}

