# JRE version: Java(TM) SE Runtime Environment (8.0_20-b17) (build 1.8.0_20-ea-b17)
# Java VM: Java HotSpot(TM) 64-Bit Server VM (25.20-b17 mixed mode linux-amd64 compressed oops)
Heap:
 PSYoungGen      total 283648K, used 135073K [0x000000076ce00000, 0x0000000781a80000, 0x00000007c0000000)
  eden space 262656K, 49% used [0x000000076ce00000,0x0000000774d856b8,0x000000077ce80000)
  from space 20992K, 21% used [0x000000077ce80000,0x000000077d2e2e38,0x000000077e300000)
  to   space 20992K, 0% used [0x0000000780600000,0x0000000780600000,0x0000000781a80000)
 ParOldGen       total 256000K, used 35171K [0x00000006c6a00000, 0x00000006d6400000, 0x000000076ce00000)
  object space 256000K, 13% used [0x00000006c6a00000,0x00000006c8c58cb8,0x00000006d6400000)
 Metaspace       used 60584K, capacity 62086K, committed 62292K, reserved 1101824K
  class space    used 8660K, capacity 9002K, committed 9044K, reserved 1048576K
GC Heap History (10 events):
Event: 17.347 GC heap before
{Heap before GC invocations=12 (full 2):
 PSYoungGen      total 207872K, used 202414K [0x000000076ce00000, 0x000000077cc00000, 0x00000007c0000000)
  eden space 192000K, 100% used [0x000000076ce00000,0x0000000778980000,0x0000000778980000)
  from space 15872K, 65% used [0x0000000778980000,0x00000007793abb78,0x0000000779900000)
  to   space 15872K, 0% used [0x000000077bc80000,0x000000077bc80000,0x000000077cc00000)
 ParOldGen       total 181760K, used 23650K [0x00000006c6a00000, 0x00000006d1b80000, 0x000000076ce00000)
  object space 181760K, 13% used [0x00000006c6a00000,0x00000006c8118a18,0x00000006d1b80000)
 Metaspace       used 56435K, capacity 57260K, committed 57472K, reserved 1097728K
  class space    used 8092K, capacity 8300K, committed 8320K, reserved 1048576K
Event: 17.369 GC heap after
Heap after GC invocations=12 (full 2):
 PSYoungGen      total 240640K, used 15860K [0x000000076ce00000, 0x000000077d380000, 0x00000007c0000000)
  eden space 224768K, 0% used [0x000000076ce00000,0x000000076ce00000,0x000000077a980000)
  from space 15872K, 99% used [0x000000077bc80000,0x000000077cbfd0c0,0x000000077cc00000)
  to   space 19456K, 0% used [0x000000077a980000,0x000000077a980000,0x000000077bc80000)
 ParOldGen       total 181760K, used 28792K [0x00000006c6a00000, 0x00000006d1b80000, 0x000000076ce00000)
  object space 181760K, 15% used [0x00000006c6a00000,0x00000006c861e1f0,0x00000006d1b80000)
 Metaspace       used 56435K, capacity 57260K, committed 57472K, reserved 1097728K
  class space    used 8092K, capacity 8300K, committed 8320K, reserved 1048576K
}
Event: 19.546 GC heap before
{Heap before GC invocations=13 (full 2):
 PSYoungGen      total 240640K, used 45331K [0x000000076ce00000, 0x000000077d380000, 0x00000007c0000000)
  eden space 224768K, 13% used [0x000000076ce00000,0x000000076eac7b48,0x000000077a980000)
  from space 15872K, 99% used [0x000000077bc80000,0x000000077cbfd0c0,0x000000077cc00000)
  to   space 19456K, 0% used [0x000000077a980000,0x000000077a980000,0x000000077bc80000)
 ParOldGen       total 181760K, used 28792K [0x00000006c6a00000, 0x00000006d1b80000, 0x000000076ce00000)
  object space 181760K, 15% used [0x00000006c6a00000,0x00000006c861e1f0,0x00000006d1b80000)
 Metaspace       used 57429K, capacity 58492K, committed 58580K, reserved 1099776K
  class space    used 8299K, capacity 8580K, committed 8660K, reserved 1048576K
Event: 19.565 GC heap after
Heap after GC invocations=13 (full 2):
 PSYoungGen      total 244224K, used 15564K [0x000000076ce00000, 0x000000077f980000, 0x00000007c0000000)
  eden space 224768K, 0% used [0x000000076ce00000,0x000000076ce00000,0x000000077a980000)
  from space 19456K, 79% used [0x000000077a980000,0x000000077b8b31e0,0x000000077bc80000)
  to   space 20480K, 0% used [0x000000077e580000,0x000000077e580000,0x000000077f980000)
 ParOldGen       total 181760K, used 28800K [0x00000006c6a00000, 0x00000006d1b80000, 0x000000076ce00000)
  object space 181760K, 15% used [0x00000006c6a00000,0x00000006c86201f0,0x00000006d1b80000)
 Metaspace       used 57429K, capacity 58492K, committed 58580K, reserved 1099776K
  class space    used 8299K, capacity 8580K, committed 8660K, reserved 1048576K
}
Event: 19.565 GC heap before
{Heap before GC invocations=14 (full 3):
 PSYoungGen      total 244224K, used 15564K [0x000000076ce00000, 0x000000077f980000, 0x00000007c0000000)
  eden space 224768K, 0% used [0x000000076ce00000,0x000000076ce00000,0x000000077a980000)
  from space 19456K, 79% used [0x000000077a980000,0x000000077b8b31e0,0x000000077bc80000)
  to   space 20480K, 0% used [0x000000077e580000,0x000000077e580000,0x000000077f980000)
 ParOldGen       total 181760K, used 28800K [0x00000006c6a00000, 0x00000006d1b80000, 0x000000076ce00000)
  object space 181760K, 15% used [0x00000006c6a00000,0x00000006c86201f0,0x00000006d1b80000)
 Metaspace       used 57429K, capacity 58492K, committed 58580K, reserved 1099776K
  class space    used 8299K, capacity 8580K, committed 8660K, reserved 1048576K
Event: 19.758 GC heap after
Heap after GC invocations=14 (full 3):
 PSYoungGen      total 244224K, used 0K [0x000000076ce00000, 0x000000077f980000, 0x00000007c0000000)
  eden space 224768K, 0% used [0x000000076ce00000,0x000000076ce00000,0x000000077a980000)
  from space 19456K, 0% used [0x000000077a980000,0x000000077a980000,0x000000077bc80000)
  to   space 20480K, 0% used [0x000000077e580000,0x000000077e580000,0x000000077f980000)
 ParOldGen       total 256000K, used 35163K [0x00000006c6a00000, 0x00000006d6400000, 0x000000076ce00000)
  object space 256000K, 13% used [0x00000006c6a00000,0x00000006c8c56cb8,0x00000006d6400000)
 Metaspace       used 57358K, capacity 58394K, committed 58580K, reserved 1099776K
  class space    used 8297K, capacity 8574K, committed 8660K, reserved 1048576K
}
Event: 30.611 GC heap before
{Heap before GC invocations=15 (full 3):
 PSYoungGen      total 244224K, used 224768K [0x000000076ce00000, 0x000000077f980000, 0x00000007c0000000)
  eden space 224768K, 100% used [0x000000076ce00000,0x000000077a980000,0x000000077a980000)
  from space 19456K, 0% used [0x000000077a980000,0x000000077a980000,0x000000077bc80000)
  to   space 20480K, 0% used [0x000000077e580000,0x000000077e580000,0x000000077f980000)
 ParOldGen       total 256000K, used 35163K [0x00000006c6a00000, 0x00000006d6400000, 0x000000076ce00000)
  object space 256000K, 13% used [0x00000006c6a00000,0x00000006c8c56cb8,0x00000006d6400000)
 Metaspace       used 58400K, capacity 59656K, committed 59732K, reserved 1099776K
  class space    used 8421K, capacity 8715K, committed 8788K, reserved 1048576K
Event: 30.616 GC heap after
Heap after GC invocations=15 (full 3):
 PSYoungGen      total 281088K, used 2266K [0x000000076ce00000, 0x000000077f780000, 0x00000007c0000000)
  eden space 262656K, 0% used [0x000000076ce00000,0x000000076ce00000,0x000000077ce80000)
  from space 18432K, 12% used [0x000000077e580000,0x000000077e7b6b58,0x000000077f780000)
  to   space 20992K, 0% used [0x000000077ce80000,0x000000077ce80000,0x000000077e300000)
 ParOldGen       total 256000K, used 35163K [0x00000006c6a00000, 0x00000006d6400000, 0x000000076ce00000)
  object space 256000K, 13% used [0x00000006c6a00000,0x00000006c8c56cb8,0x00000006d6400000)
 Metaspace       used 58400K, capacity 59656K, committed 59732K, reserved 1099776K
  class space    used 8421K, capacity 8715K, committed 8788K, reserved 1048576K
}
Event: 120.121 GC heap before
{Heap before GC invocations=16 (full 3):
 PSYoungGen      total 281088K, used 264922K [0x000000076ce00000, 0x000000077f780000, 0x00000007c0000000)
  eden space 262656K, 100% used [0x000000076ce00000,0x000000077ce80000,0x000000077ce80000)
  from space 18432K, 12% used [0x000000077e580000,0x000000077e7b6b58,0x000000077f780000)
  to   space 20992K, 0% used [0x000000077ce80000,0x000000077ce80000,0x000000077e300000)
 ParOldGen       total 256000K, used 35163K [0x00000006c6a00000, 0x00000006d6400000, 0x000000076ce00000)
  object space 256000K, 13% used [0x00000006c6a00000,0x00000006c8c56cb8,0x00000006d6400000)
 Metaspace       used 60180K, capacity 61654K, committed 61780K, reserved 1101824K
  class space    used 8637K, capacity 8994K, committed 9044K, reserved 1048576K
Event: 120.128 GC heap after
Heap after GC invocations=16 (full 3):
 PSYoungGen      total 283648K, used 4491K [0x000000076ce00000, 0x0000000781a80000, 0x00000007c0000000)
  eden space 262656K, 0% used [0x000000076ce00000,0x000000076ce00000,0x000000077ce80000)
  from space 20992K, 21% used [0x000000077ce80000,0x000000077d2e2e38,0x000000077e300000)
  to   space 20992K, 0% used [0x0000000780600000,0x0000000780600000,0x0000000781a80000)
 ParOldGen       total 256000K, used 35171K [0x00000006c6a00000, 0x00000006d6400000, 0x000000076ce00000)
  object space 256000K, 13% used [0x00000006c6a00000,0x00000006c8c58cb8,0x00000006d6400000)
 Metaspace       used 60180K, capacity 61654K, committed 61780K, reserved 1101824K
  class space    used 8637K, capacity 8994K, committed 9044K, reserved 1048576K
}

