# JRE version: OpenJDK Runtime Environment (7.0_55-b14) (build 1.7.0_55-b14)
# Java VM: OpenJDK 64-Bit Server VM (24.51-b03 mixed mode linux-amd64 compressed oops)
Heap
 PSYoungGen      total 291328K, used 247190K [0x00000007ace00000, 0x00000007d0500000, 0x0000000800000000)
  eden space 260096K, 90% used [0x00000007ace00000,0x00000007bb363760,0x00000007bcc00000)
  from space 31232K, 39% used [0x00000007bcc00000,0x00000007bd802360,0x00000007bea80000)
  to   space 30208K, 0% used [0x00000007ce780000,0x00000007ce780000,0x00000007d0500000)
 ParOldGen       total 169984K, used 41902K [0x0000000706a00000, 0x0000000711000000, 0x00000007ace00000)
  object space 169984K, 24% used [0x0000000706a00000,0x00000007092eb850,0x0000000711000000)
 PSPermGen       total 53760K, used 53359K [0x00000006fc400000, 0x00000006ff880000, 0x0000000706a00000)
  object space 53760K, 99% used [0x00000006fc400000,0x00000006ff81bf38,0x00000006ff880000)
GC Heap History (10 events):
Event: 2.331 GC heap before
{Heap before GC invocations=3 (full 0):
 PSYoungGen      total 75264K, used 75232K [0x00000007ace00000, 0x00000007b6100000, 0x0000000800000000)
  eden space 65024K, 100% used [0x00000007ace00000,0x00000007b0d80000,0x00000007b0d80000)
  from space 10240K, 99% used [0x00000007b1780000,0x00000007b2178088,0x00000007b2180000)
  to   space 10240K, 0% used [0x00000007b0d80000,0x00000007b0d80000,0x00000007b1780000)
 ParOldGen       total 169984K, used 2374K [0x0000000706a00000, 0x0000000711000000, 0x00000007ace00000)
  object space 169984K, 1% used [0x0000000706a00000,0x0000000706c51890,0x0000000711000000)
 PSPermGen       total 25600K, used 25208K [0x00000006fc400000, 0x00000006fdd00000, 0x0000000706a00000)
  object space 25600K, 98% used [0x00000006fc400000,0x00000006fdc9e108,0x00000006fdd00000)
Event: 2.345 GC heap after
Heap after GC invocations=3 (full 0):
 PSYoungGen      total 75264K, used 10208K [0x00000007ace00000, 0x00000007b6100000, 0x0000000800000000)
  eden space 65024K, 0% used [0x00000007ace00000,0x00000007ace00000,0x00000007b0d80000)
  from space 10240K, 99% used [0x00000007b0d80000,0x00000007b1778238,0x00000007b1780000)
  to   space 10240K, 0% used [0x00000007b5700000,0x00000007b5700000,0x00000007b6100000)
 ParOldGen       total 169984K, used 6645K [0x0000000706a00000, 0x0000000711000000, 0x00000007ace00000)
  object space 169984K, 3% used [0x0000000706a00000,0x000000070707d6e8,0x0000000711000000)
 PSPermGen       total 25600K, used 25208K [0x00000006fc400000, 0x00000006fdd00000, 0x0000000706a00000)
  object space 25600K, 98% used [0x00000006fc400000,0x00000006fdc9e108,0x00000006fdd00000)
}
Event: 2.947 GC heap before
{Heap before GC invocations=4 (full 0):
 PSYoungGen      total 75264K, used 75232K [0x00000007ace00000, 0x00000007b6100000, 0x0000000800000000)
  eden space 65024K, 100% used [0x00000007ace00000,0x00000007b0d80000,0x00000007b0d80000)
  from space 10240K, 99% used [0x00000007b0d80000,0x00000007b1778238,0x00000007b1780000)
  to   space 10240K, 0% used [0x00000007b5700000,0x00000007b5700000,0x00000007b6100000)
 ParOldGen       total 169984K, used 6645K [0x0000000706a00000, 0x0000000711000000, 0x00000007ace00000)
  object space 169984K, 3% used [0x0000000706a00000,0x000000070707d6e8,0x0000000711000000)
 PSPermGen       total 29696K, used 29248K [0x00000006fc400000, 0x00000006fe100000, 0x0000000706a00000)
  object space 29696K, 98% used [0x00000006fc400000,0x00000006fe0903f0,0x00000006fe100000)
Event: 2.963 GC heap after
Heap after GC invocations=4 (full 0):
 PSYoungGen      total 140288K, used 10237K [0x00000007ace00000, 0x00000007b6100000, 0x0000000800000000)
  eden space 130048K, 0% used [0x00000007ace00000,0x00000007ace00000,0x00000007b4d00000)
  from space 10240K, 99% used [0x00000007b5700000,0x00000007b60ff748,0x00000007b6100000)
  to   space 10240K, 0% used [0x00000007b4d00000,0x00000007b4d00000,0x00000007b5700000)
 ParOldGen       total 169984K, used 13012K [0x0000000706a00000, 0x0000000711000000, 0x00000007ace00000)
  object space 169984K, 7% used [0x0000000706a00000,0x00000007076b53c8,0x0000000711000000)
 PSPermGen       total 29696K, used 29248K [0x00000006fc400000, 0x00000006fe100000, 0x0000000706a00000)
  object space 29696K, 98% used [0x00000006fc400000,0x00000006fe0903f0,0x00000006fe100000)
}
Event: 4.092 GC heap before
{Heap before GC invocations=5 (full 0):
 PSYoungGen      total 140288K, used 140285K [0x00000007ace00000, 0x00000007b6100000, 0x0000000800000000)
  eden space 130048K, 100% used [0x00000007ace00000,0x00000007b4d00000,0x00000007b4d00000)
  from space 10240K, 99% used [0x00000007b5700000,0x00000007b60ff748,0x00000007b6100000)
  to   space 10240K, 0% used [0x00000007b4d00000,0x00000007b4d00000,0x00000007b5700000)
 ParOldGen       total 169984K, used 13012K [0x0000000706a00000, 0x0000000711000000, 0x00000007ace00000)
  object space 169984K, 7% used [0x0000000706a00000,0x00000007076b53c8,0x0000000711000000)
 PSPermGen       total 41472K, used 41297K [0x00000006fc400000, 0x00000006fec80000, 0x0000000706a00000)
  object space 41472K, 99% used [0x00000006fc400000,0x00000006fec546a8,0x00000006fec80000)
Event: 4.115 GC heap after
Heap after GC invocations=5 (full 0):
 PSYoungGen      total 140288K, used 10234K [0x00000007ace00000, 0x00000007c0c00000, 0x0000000800000000)
  eden space 130048K, 0% used [0x00000007ace00000,0x00000007ace00000,0x00000007b4d00000)
  from space 10240K, 99% used [0x00000007b4d00000,0x00000007b56feab0,0x00000007b5700000)
  to   space 32768K, 0% used [0x00000007bec00000,0x00000007bec00000,0x00000007c0c00000)
 ParOldGen       total 169984K, used 38270K [0x0000000706a00000, 0x0000000711000000, 0x00000007ace00000)
  object space 169984K, 22% used [0x0000000706a00000,0x0000000708f5f998,0x0000000711000000)
 PSPermGen       total 41472K, used 41297K [0x00000006fc400000, 0x00000006fec80000, 0x0000000706a00000)
  object space 41472K, 99% used [0x00000006fc400000,0x00000006fec546a8,0x00000006fec80000)
}
Event: 4.957 GC heap before
{Heap before GC invocations=6 (full 0):
 PSYoungGen      total 140288K, used 140282K [0x00000007ace00000, 0x00000007c0c00000, 0x0000000800000000)
  eden space 130048K, 100% used [0x00000007ace00000,0x00000007b4d00000,0x00000007b4d00000)
  from space 10240K, 99% used [0x00000007b4d00000,0x00000007b56feab0,0x00000007b5700000)
  to   space 32768K, 0% used [0x00000007bec00000,0x00000007bec00000,0x00000007c0c00000)
 ParOldGen       total 169984K, used 38270K [0x0000000706a00000, 0x0000000711000000, 0x00000007ace00000)
  object space 169984K, 22% used [0x0000000706a00000,0x0000000708f5f998,0x0000000711000000)
 PSPermGen       total 44544K, used 44332K [0x00000006fc400000, 0x00000006fef80000, 0x0000000706a00000)
  object space 44544K, 99% used [0x00000006fc400000,0x00000006fef4b1b0,0x00000006fef80000)
Event: 4.979 GC heap after
Heap after GC invocations=6 (full 0):
 PSYoungGen      total 289792K, used 13664K [0x00000007ace00000, 0x00000007c0900000, 0x0000000800000000)
  eden space 260096K, 0% used [0x00000007ace00000,0x00000007ace00000,0x00000007bcc00000)
  from space 29696K, 46% used [0x00000007bec00000,0x00000007bf958210,0x00000007c0900000)
  to   space 31232K, 0% used [0x00000007bcc00000,0x00000007bcc00000,0x00000007bea80000)
 ParOldGen       total 169984K, used 38278K [0x0000000706a00000, 0x0000000711000000, 0x00000007ace00000)
  object space 169984K, 22% used [0x0000000706a00000,0x0000000708f61998,0x0000000711000000)
 PSPermGen       total 44544K, used 44332K [0x00000006fc400000, 0x00000006fef80000, 0x0000000706a00000)
  object space 44544K, 99% used [0x00000006fc400000,0x00000006fef4b1b0,0x00000006fef80000)
}
Event: 5.727 GC heap before
{Heap before GC invocations=7 (full 0):
 PSYoungGen      total 289792K, used 273760K [0x00000007ace00000, 0x00000007c0900000, 0x0000000800000000)
  eden space 260096K, 100% used [0x00000007ace00000,0x00000007bcc00000,0x00000007bcc00000)
  from space 29696K, 46% used [0x00000007bec00000,0x00000007bf958210,0x00000007c0900000)
  to   space 31232K, 0% used [0x00000007bcc00000,0x00000007bcc00000,0x00000007bea80000)
 ParOldGen       total 169984K, used 38278K [0x0000000706a00000, 0x0000000711000000, 0x00000007ace00000)
  object space 169984K, 22% used [0x0000000706a00000,0x0000000708f61998,0x0000000711000000)
 PSPermGen       total 47616K, used 47124K [0x00000006fc400000, 0x00000006ff280000, 0x0000000706a00000)
  object space 47616K, 98% used [0x00000006fc400000,0x00000006ff2053b0,0x00000006ff280000)
Event: 5.746 GC heap after
Heap after GC invocations=7 (full 0):
 PSYoungGen      total 291328K, used 12296K [0x00000007ace00000, 0x00000007d0500000, 0x0000000800000000)
  eden space 260096K, 0% used [0x00000007ace00000,0x00000007ace00000,0x00000007bcc00000)
  from space 31232K, 39% used [0x00000007bcc00000,0x00000007bd802360,0x00000007bea80000)
  to   space 30208K, 0% used [0x00000007ce780000,0x00000007ce780000,0x00000007d0500000)
 ParOldGen       total 169984K, used 41902K [0x0000000706a00000, 0x0000000711000000, 0x00000007ace00000)
  object space 169984K, 24% used [0x0000000706a00000,0x00000007092eb850,0x0000000711000000)
 PSPermGen       total 47616K, used 47124K [0x00000006fc400000, 0x00000006ff280000, 0x0000000706a00000)
  object space 47616K, 98% used [0x00000006fc400000,0x00000006ff2053b0,0x00000006ff280000)
}

