# JRE version: Java(TM) SE Runtime Environment (8.0_20-b17) (build 1.8.0_20-ea-b17)
# Java VM: Java HotSpot(TM) 64-Bit Server VM (25.20-b17 mixed mode linux-amd64 compressed oops)
Heap:
 PSYoungGen      total 489984K, used 277914K [0x000000076ce00000, 0x000000078c400000, 0x00000007c0000000)
  eden space 471552K, 57% used [0x000000076ce00000,0x000000077d779000,0x0000000789a80000)
  from space 18432K, 32% used [0x0000000789a80000,0x000000078a06d9f0,0x000000078ac80000)
  to   space 17920K, 0% used [0x000000078b280000,0x000000078b280000,0x000000078c400000)
 ParOldGen       total 220672K, used 38463K [0x00000006c6a00000, 0x00000006d4180000, 0x000000076ce00000)
  object space 220672K, 17% used [0x00000006c6a00000,0x00000006c8f8fe20,0x00000006d4180000)
 Metaspace       used 57416K, capacity 59046K, committed 59292K, reserved 1099776K
  class space    used 7835K, capacity 8187K, committed 8192K, reserved 1048576K
GC Heap History (10 events):
Event: 1069.662 GC heap before
{Heap before GC invocations=28 (full 3):
 PSYoungGen      total 476160K, used 462387K [0x000000076ce00000, 0x000000078b600000, 0x00000007c0000000)
  eden space 456704K, 100% used [0x000000076ce00000,0x0000000788c00000,0x0000000788c00000)
  from space 19456K, 29% used [0x000000078a300000,0x000000078a88cf28,0x000000078b600000)
  to   space 21504K, 0% used [0x0000000788c00000,0x0000000788c00000,0x000000078a100000)
 ParOldGen       total 220672K, used 38447K [0x00000006c6a00000, 0x00000006d4180000, 0x000000076ce00000)
  object space 220672K, 17% used [0x00000006c6a00000,0x00000006c8f8be20,0x00000006d4180000)
 Metaspace       used 57275K, capacity 58830K, committed 59036K, reserved 1099776K
  class space    used 7816K, capacity 8183K, committed 8192K, reserved 1048576K
Event: 1069.668 GC heap after
Heap after GC invocations=28 (full 3):
 PSYoungGen      total 478208K, used 5538K [0x000000076ce00000, 0x000000078be00000, 0x00000007c0000000)
  eden space 456704K, 0% used [0x000000076ce00000,0x000000076ce00000,0x0000000788c00000)
  from space 21504K, 25% used [0x0000000788c00000,0x0000000789168af8,0x000000078a100000)
  to   space 20992K, 0% used [0x000000078a980000,0x000000078a980000,0x000000078be00000)
 ParOldGen       total 220672K, used 38447K [0x00000006c6a00000, 0x00000006d4180000, 0x000000076ce00000)
  object space 220672K, 17% used [0x00000006c6a00000,0x00000006c8f8be20,0x00000006d4180000)
 Metaspace       used 57275K, capacity 58830K, committed 59036K, reserved 1099776K
  class space    used 7816K, capacity 8183K, committed 8192K, reserved 1048576K
}
Event: 1080.469 GC heap before
{Heap before GC invocations=29 (full 3):
 PSYoungGen      total 478208K, used 462242K [0x000000076ce00000, 0x000000078be00000, 0x00000007c0000000)
  eden space 456704K, 100% used [0x000000076ce00000,0x0000000788c00000,0x0000000788c00000)
  from space 21504K, 25% used [0x0000000788c00000,0x0000000789168af8,0x000000078a100000)
  to   space 20992K, 0% used [0x000000078a980000,0x000000078a980000,0x000000078be00000)
 ParOldGen       total 220672K, used 38447K [0x00000006c6a00000, 0x00000006d4180000, 0x000000076ce00000)
  object space 220672K, 17% used [0x00000006c6a00000,0x00000006c8f8be20,0x00000006d4180000)
 Metaspace       used 57276K, capacity 58830K, committed 59036K, reserved 1099776K
  class space    used 7816K, capacity 8183K, committed 8192K, reserved 1048576K
Event: 1080.476 GC heap after
Heap after GC invocations=29 (full 3):
 PSYoungGen      total 482816K, used 5891K [0x000000076ce00000, 0x000000078bb00000, 0x00000007c0000000)
  eden space 464896K, 0% used [0x000000076ce00000,0x000000076ce00000,0x0000000789400000)
  from space 17920K, 32% used [0x000000078a980000,0x000000078af40d18,0x000000078bb00000)
  to   space 19968K, 0% used [0x0000000789400000,0x0000000789400000,0x000000078a780000)
 ParOldGen       total 220672K, used 38455K [0x00000006c6a00000, 0x00000006d4180000, 0x000000076ce00000)
  object space 220672K, 17% used [0x00000006c6a00000,0x00000006c8f8de20,0x00000006d4180000)
 Metaspace       used 57276K, capacity 58830K, committed 59036K, reserved 1099776K
  class space    used 7816K, capacity 8183K, committed 8192K, reserved 1048576K
}
Event: 1090.243 GC heap before
{Heap before GC invocations=30 (full 3):
 PSYoungGen      total 482816K, used 470787K [0x000000076ce00000, 0x000000078bb00000, 0x00000007c0000000)
  eden space 464896K, 100% used [0x000000076ce00000,0x0000000789400000,0x0000000789400000)
  from space 17920K, 32% used [0x000000078a980000,0x000000078af40d18,0x000000078bb00000)
  to   space 19968K, 0% used [0x0000000789400000,0x0000000789400000,0x000000078a780000)
 ParOldGen       total 220672K, used 38455K [0x00000006c6a00000, 0x00000006d4180000, 0x000000076ce00000)
  object space 220672K, 17% used [0x00000006c6a00000,0x00000006c8f8de20,0x00000006d4180000)
 Metaspace       used 57281K, capacity 58894K, committed 59036K, reserved 1099776K
  class space    used 7816K, capacity 8183K, committed 8192K, reserved 1048576K
Event: 1090.249 GC heap after
Heap after GC invocations=30 (full 3):
 PSYoungGen      total 484864K, used 5666K [0x000000076ce00000, 0x000000078c100000, 0x00000007c0000000)
  eden space 464896K, 0% used [0x000000076ce00000,0x000000076ce00000,0x0000000789400000)
  from space 19968K, 28% used [0x0000000789400000,0x0000000789988b28,0x000000078a780000)
  to   space 19456K, 0% used [0x000000078ae00000,0x000000078ae00000,0x000000078c100000)
 ParOldGen       total 220672K, used 38455K [0x00000006c6a00000, 0x00000006d4180000, 0x000000076ce00000)
  object space 220672K, 17% used [0x00000006c6a00000,0x00000006c8f8de20,0x00000006d4180000)
 Metaspace       used 57281K, capacity 58894K, committed 59036K, reserved 1099776K
  class space    used 7816K, capacity 8183K, committed 8192K, reserved 1048576K
}
Event: 1101.011 GC heap before
{Heap before GC invocations=31 (full 3):
 PSYoungGen      total 484864K, used 470562K [0x000000076ce00000, 0x000000078c100000, 0x00000007c0000000)
  eden space 464896K, 100% used [0x000000076ce00000,0x0000000789400000,0x0000000789400000)
  from space 19968K, 28% used [0x0000000789400000,0x0000000789988b28,0x000000078a780000)
  to   space 19456K, 0% used [0x000000078ae00000,0x000000078ae00000,0x000000078c100000)
 ParOldGen       total 220672K, used 38455K [0x00000006c6a00000, 0x00000006d4180000, 0x000000076ce00000)
  object space 220672K, 17% used [0x00000006c6a00000,0x00000006c8f8de20,0x00000006d4180000)
 Metaspace       used 57281K, capacity 58894K, committed 59036K, reserved 1099776K
  class space    used 7816K, capacity 8183K, committed 8192K, reserved 1048576K
Event: 1101.018 GC heap after
Heap after GC invocations=31 (full 3):
 PSYoungGen      total 488448K, used 5955K [0x000000076ce00000, 0x000000078be80000, 0x00000007c0000000)
  eden space 471552K, 0% used [0x000000076ce00000,0x000000076ce00000,0x0000000789a80000)
  from space 16896K, 35% used [0x000000078ae00000,0x000000078b3d0f18,0x000000078be80000)
  to   space 18432K, 0% used [0x0000000789a80000,0x0000000789a80000,0x000000078ac80000)
 ParOldGen       total 220672K, used 38455K [0x00000006c6a00000, 0x00000006d4180000, 0x000000076ce00000)
  object space 220672K, 17% used [0x00000006c6a00000,0x00000006c8f8de20,0x00000006d4180000)
 Metaspace       used 57281K, capacity 58894K, committed 59036K, reserved 1099776K
  class space    used 7816K, capacity 8183K, committed 8192K, reserved 1048576K
}
Event: 1111.784 GC heap before
{Heap before GC invocations=32 (full 3):
 PSYoungGen      total 488448K, used 477507K [0x000000076ce00000, 0x000000078be80000, 0x00000007c0000000)
  eden space 471552K, 100% used [0x000000076ce00000,0x0000000789a80000,0x0000000789a80000)
  from space 16896K, 35% used [0x000000078ae00000,0x000000078b3d0f18,0x000000078be80000)
  to   space 18432K, 0% used [0x0000000789a80000,0x0000000789a80000,0x000000078ac80000)
 ParOldGen       total 220672K, used 38455K [0x00000006c6a00000, 0x00000006d4180000, 0x000000076ce00000)
  object space 220672K, 17% used [0x00000006c6a00000,0x00000006c8f8de20,0x00000006d4180000)
 Metaspace       used 57281K, capacity 58894K, committed 59036K, reserved 1099776K
  class space    used 7816K, capacity 8183K, committed 8192K, reserved 1048576K
Event: 1111.794 GC heap after
Heap after GC invocations=32 (full 3):
 PSYoungGen      total 489984K, used 6070K [0x000000076ce00000, 0x000000078c400000, 0x00000007c0000000)
  eden space 471552K, 0% used [0x000000076ce00000,0x000000076ce00000,0x0000000789a80000)
  from space 18432K, 32% used [0x0000000789a80000,0x000000078a06d9f0,0x000000078ac80000)
  to   space 17920K, 0% used [0x000000078b280000,0x000000078b280000,0x000000078c400000)
 ParOldGen       total 220672K, used 38463K [0x00000006c6a00000, 0x00000006d4180000, 0x000000076ce00000)
  object space 220672K, 17% used [0x00000006c6a00000,0x00000006c8f8fe20,0x00000006d4180000)
 Metaspace       used 57281K, capacity 58894K, committed 59036K, reserved 1099776K
  class space    used 7816K, capacity 8183K, committed 8192K, reserved 1048576K
}

