# JRE version: Java(TM) SE Runtime Environment (8.0_20-b17) (build 1.8.0_20-ea-b17)
# Java VM: Java HotSpot(TM) 64-Bit Server VM (25.20-b17 mixed mode linux-amd64 compressed oops)
Heap:
 PSYoungGen      total 452096K, used 180572K [0x000000076ce00000, 0x000000078a300000, 0x00000007c0000000)
  eden space 431616K, 41% used [0x000000076ce00000,0x0000000777ba9b08,0x0000000787380000)
  from space 20480K, 13% used [0x0000000788800000,0x0000000788aad668,0x0000000789c00000)
  to   space 20992K, 0% used [0x0000000787380000,0x0000000787380000,0x0000000788800000)
 ParOldGen       total 247296K, used 34599K [0x00000006c6a00000, 0x00000006d5b80000, 0x000000076ce00000)
  object space 247296K, 13% used [0x00000006c6a00000,0x00000006c8bc9c28,0x00000006d5b80000)
 Metaspace       used 58791K, capacity 60134K, committed 60416K, reserved 1101824K
  class space    used 8357K, capacity 8666K, committed 8704K, reserved 1048576K
GC Heap History (10 events):
Event: 6.275 GC heap before
{Heap before GC invocations=9 (full 2):
 PSYoungGen      total 289792K, used 274944K [0x000000076ce00000, 0x0000000785900000, 0x00000007c0000000)
  eden space 274944K, 100% used [0x000000076ce00000,0x000000077da80000,0x000000077da80000)
  from space 14848K, 0% used [0x000000077ea00000,0x000000077ea00000,0x000000077f880000)
  to   space 15872K, 0% used [0x000000077da80000,0x000000077da80000,0x000000077ea00000)
 ParOldGen       total 175616K, used 23614K [0x00000006c6a00000, 0x00000006d1580000, 0x000000076ce00000)
  object space 175616K, 13% used [0x00000006c6a00000,0x00000006c810fae0,0x00000006d1580000)
 Metaspace       used 44045K, capacity 44806K, committed 45056K, reserved 1087488K
  class space    used 6391K, capacity 6550K, committed 6656K, reserved 1048576K
Event: 6.286 GC heap after
Heap after GC invocations=9 (full 2):
 PSYoungGen      total 290816K, used 11242K [0x000000076ce00000, 0x0000000786280000, 0x00000007c0000000)
  eden space 274944K, 0% used [0x000000076ce00000,0x000000076ce00000,0x000000077da80000)
  from space 15872K, 70% used [0x000000077da80000,0x000000077e57abf8,0x000000077ea00000)
  to   space 15360K, 0% used [0x0000000785380000,0x0000000785380000,0x0000000786280000)
 ParOldGen       total 175616K, used 23622K [0x00000006c6a00000, 0x00000006d1580000, 0x000000076ce00000)
  object space 175616K, 13% used [0x00000006c6a00000,0x00000006c8111ae0,0x00000006d1580000)
 Metaspace       used 44045K, capacity 44806K, committed 45056K, reserved 1087488K
  class space    used 6391K, capacity 6550K, committed 6656K, reserved 1048576K
}
Event: 23.741 GC heap before
{Heap before GC invocations=10 (full 2):
 PSYoungGen      total 290816K, used 286186K [0x000000076ce00000, 0x0000000786280000, 0x00000007c0000000)
  eden space 274944K, 100% used [0x000000076ce00000,0x000000077da80000,0x000000077da80000)
  from space 15872K, 70% used [0x000000077da80000,0x000000077e57abf8,0x000000077ea00000)
  to   space 15360K, 0% used [0x0000000785380000,0x0000000785380000,0x0000000786280000)
 ParOldGen       total 175616K, used 23622K [0x00000006c6a00000, 0x00000006d1580000, 0x000000076ce00000)
  object space 175616K, 13% used [0x00000006c6a00000,0x00000006c8111ae0,0x00000006d1580000)
 Metaspace       used 56936K, capacity 58086K, committed 58240K, reserved 1099776K
  class space    used 8187K, capacity 8470K, committed 8576K, reserved 1048576K
Event: 23.761 GC heap after
Heap after GC invocations=10 (full 2):
 PSYoungGen      total 382464K, used 15329K [0x000000076ce00000, 0x0000000786280000, 0x00000007c0000000)
  eden space 367104K, 0% used [0x000000076ce00000,0x000000076ce00000,0x0000000783480000)
  from space 15360K, 99% used [0x0000000785380000,0x0000000786278550,0x0000000786280000)
  to   space 19968K, 0% used [0x0000000783b80000,0x0000000783b80000,0x0000000784f00000)
 ParOldGen       total 175616K, used 30181K [0x00000006c6a00000, 0x00000006d1580000, 0x000000076ce00000)
  object space 175616K, 17% used [0x00000006c6a00000,0x00000006c87795c0,0x00000006d1580000)
 Metaspace       used 56936K, capacity 58086K, committed 58240K, reserved 1099776K
  class space    used 8187K, capacity 8470K, committed 8576K, reserved 1048576K
}
Event: 27.641 GC heap before
{Heap before GC invocations=11 (full 2):
 PSYoungGen      total 382464K, used 74936K [0x000000076ce00000, 0x0000000786280000, 0x00000007c0000000)
  eden space 367104K, 16% used [0x000000076ce00000,0x0000000770835dd0,0x0000000783480000)
  from space 15360K, 99% used [0x0000000785380000,0x0000000786278550,0x0000000786280000)
  to   space 19968K, 0% used [0x0000000783b80000,0x0000000783b80000,0x0000000784f00000)
 ParOldGen       total 175616K, used 30181K [0x00000006c6a00000, 0x00000006d1580000, 0x000000076ce00000)
  object space 175616K, 17% used [0x00000006c6a00000,0x00000006c87795c0,0x00000006d1580000)
 Metaspace       used 57211K, capacity 58434K, committed 58524K, reserved 1099776K
  class space    used 8213K, capacity 8486K, committed 8576K, reserved 1048576K
Event: 27.657 GC heap after
Heap after GC invocations=11 (full 2):
 PSYoungGen      total 394240K, used 15111K [0x000000076ce00000, 0x0000000789c00000, 0x00000007c0000000)
  eden space 374272K, 0% used [0x000000076ce00000,0x000000076ce00000,0x0000000783b80000)
  from space 19968K, 75% used [0x0000000783b80000,0x0000000784a41c00,0x0000000784f00000)
  to   space 20480K, 0% used [0x0000000788800000,0x0000000788800000,0x0000000789c00000)
 ParOldGen       total 175616K, used 30189K [0x00000006c6a00000, 0x00000006d1580000, 0x000000076ce00000)
  object space 175616K, 17% used [0x00000006c6a00000,0x00000006c877b5c0,0x00000006d1580000)
 Metaspace       used 57211K, capacity 58434K, committed 58524K, reserved 1099776K
  class space    used 8213K, capacity 8486K, committed 8576K, reserved 1048576K
}
Event: 27.657 GC heap before
{Heap before GC invocations=12 (full 3):
 PSYoungGen      total 394240K, used 15111K [0x000000076ce00000, 0x0000000789c00000, 0x00000007c0000000)
  eden space 374272K, 0% used [0x000000076ce00000,0x000000076ce00000,0x0000000783b80000)
  from space 19968K, 75% used [0x0000000783b80000,0x0000000784a41c00,0x0000000784f00000)
  to   space 20480K, 0% used [0x0000000788800000,0x0000000788800000,0x0000000789c00000)
 ParOldGen       total 175616K, used 30189K [0x00000006c6a00000, 0x00000006d1580000, 0x000000076ce00000)
  object space 175616K, 17% used [0x00000006c6a00000,0x00000006c877b5c0,0x00000006d1580000)
 Metaspace       used 57211K, capacity 58434K, committed 58524K, reserved 1099776K
  class space    used 8213K, capacity 8486K, committed 8576K, reserved 1048576K
Event: 27.865 GC heap after
Heap after GC invocations=12 (full 3):
 PSYoungGen      total 394240K, used 0K [0x000000076ce00000, 0x0000000789c00000, 0x00000007c0000000)
  eden space 374272K, 0% used [0x000000076ce00000,0x000000076ce00000,0x0000000783b80000)
  from space 19968K, 0% used [0x0000000783b80000,0x0000000783b80000,0x0000000784f00000)
  to   space 20480K, 0% used [0x0000000788800000,0x0000000788800000,0x0000000789c00000)
 ParOldGen       total 247296K, used 34591K [0x00000006c6a00000, 0x00000006d5b80000, 0x000000076ce00000)
  object space 247296K, 13% used [0x00000006c6a00000,0x00000006c8bc7c28,0x00000006d5b80000)
 Metaspace       used 57151K, capacity 58350K, committed 58524K, reserved 1099776K
  class space    used 8212K, capacity 8482K, committed 8576K, reserved 1048576K
}
Event: 146.203 GC heap before
{Heap before GC invocations=13 (full 3):
 PSYoungGen      total 394240K, used 374272K [0x000000076ce00000, 0x0000000789c00000, 0x00000007c0000000)
  eden space 374272K, 100% used [0x000000076ce00000,0x0000000783b80000,0x0000000783b80000)
  from space 19968K, 0% used [0x0000000783b80000,0x0000000783b80000,0x0000000784f00000)
  to   space 20480K, 0% used [0x0000000788800000,0x0000000788800000,0x0000000789c00000)
 ParOldGen       total 247296K, used 34591K [0x00000006c6a00000, 0x00000006d5b80000, 0x000000076ce00000)
  object space 247296K, 13% used [0x00000006c6a00000,0x00000006c8bc7c28,0x00000006d5b80000)
 Metaspace       used 58435K, capacity 59784K, committed 59904K, reserved 1099776K
  class space    used 8334K, capacity 8661K, committed 8704K, reserved 1048576K
Event: 146.209 GC heap after
Heap after GC invocations=13 (full 3):
 PSYoungGen      total 452096K, used 2741K [0x000000076ce00000, 0x000000078a300000, 0x00000007c0000000)
  eden space 431616K, 0% used [0x000000076ce00000,0x000000076ce00000,0x0000000787380000)
  from space 20480K, 13% used [0x0000000788800000,0x0000000788aad668,0x0000000789c00000)
  to   space 20992K, 0% used [0x0000000787380000,0x0000000787380000,0x0000000788800000)
 ParOldGen       total 247296K, used 34599K [0x00000006c6a00000, 0x00000006d5b80000, 0x000000076ce00000)
  object space 247296K, 13% used [0x00000006c6a00000,0x00000006c8bc9c28,0x00000006d5b80000)
 Metaspace       used 58435K, capacity 59784K, committed 59904K, reserved 1099776K
  class space    used 8334K, capacity 8661K, committed 8704K, reserved 1048576K
}

