# JRE version: Java(TM) SE Runtime Environment (8.0_20-b17) (build 1.8.0_20-ea-b17)
# Java VM: Java HotSpot(TM) 64-Bit Server VM (25.20-b17 mixed mode linux-amd64 compressed oops)
Heap:
 PSYoungGen      total 244224K, used 222440K [0x000000076ce00000, 0x000000077e000000, 0x00000007c0000000)
  eden space 239616K, 90% used [0x000000076ce00000,0x000000077a2e2dc8,0x000000077b800000)
  from space 4608K, 96% used [0x000000077be00000,0x000000077c2574a8,0x000000077c280000)
  to   space 20480K, 0% used [0x000000077cc00000,0x000000077cc00000,0x000000077e000000)
 ParOldGen       total 260096K, used 34755K [0x00000006c6a00000, 0x00000006d6800000, 0x000000076ce00000)
  object space 260096K, 13% used [0x00000006c6a00000,0x00000006c8bf0e40,0x00000006d6800000)
 Metaspace       used 59213K, capacity 60542K, committed 60648K, reserved 1101824K
  class space    used 8330K, capacity 8638K, committed 8704K, reserved 1048576K
GC Heap History (10 events):
Event: 24.511 GC heap before
{Heap before GC invocations=14 (full 3):
 PSYoungGen      total 245248K, used 15205K [0x000000076ce00000, 0x000000077f600000, 0x00000007c0000000)
  eden space 225792K, 0% used [0x000000076ce00000,0x000000076ce00000,0x000000077aa80000)
  from space 19456K, 78% used [0x000000077aa80000,0x000000077b959628,0x000000077bd80000)
  to   space 20480K, 0% used [0x000000077e200000,0x000000077e200000,0x000000077f600000)
 ParOldGen       total 182272K, used 27468K [0x00000006c6a00000, 0x00000006d1c00000, 0x000000076ce00000)
  object space 182272K, 15% used [0x00000006c6a00000,0x00000006c84d3240,0x00000006d1c00000)
 Metaspace       used 57137K, capacity 58382K, committed 58472K, reserved 1099776K
  class space    used 8201K, capacity 8488K, committed 8576K, reserved 1048576K
Event: 24.715 GC heap after
Heap after GC invocations=14 (full 3):
 PSYoungGen      total 245248K, used 0K [0x000000076ce00000, 0x000000077f600000, 0x00000007c0000000)
  eden space 225792K, 0% used [0x000000076ce00000,0x000000076ce00000,0x000000077aa80000)
  from space 19456K, 0% used [0x000000077aa80000,0x000000077aa80000,0x000000077bd80000)
  to   space 20480K, 0% used [0x000000077e200000,0x000000077e200000,0x000000077f600000)
 ParOldGen       total 260096K, used 34723K [0x00000006c6a00000, 0x00000006d6800000, 0x000000076ce00000)
  object space 260096K, 13% used [0x00000006c6a00000,0x00000006c8be8e40,0x00000006d6800000)
 Metaspace       used 57077K, capacity 58298K, committed 58472K, reserved 1099776K
  class space    used 8200K, capacity 8484K, committed 8576K, reserved 1048576K
}
Event: 68.695 GC heap before
{Heap before GC invocations=15 (full 3):
 PSYoungGen      total 245248K, used 225792K [0x000000076ce00000, 0x000000077f600000, 0x00000007c0000000)
  eden space 225792K, 100% used [0x000000076ce00000,0x000000077aa80000,0x000000077aa80000)
  from space 19456K, 0% used [0x000000077aa80000,0x000000077aa80000,0x000000077bd80000)
  to   space 20480K, 0% used [0x000000077e200000,0x000000077e200000,0x000000077f600000)
 ParOldGen       total 260096K, used 34723K [0x00000006c6a00000, 0x00000006d6800000, 0x000000076ce00000)
  object space 260096K, 13% used [0x00000006c6a00000,0x00000006c8be8e40,0x00000006d6800000)
 Metaspace       used 57890K, capacity 59104K, committed 59368K, reserved 1099776K
  class space    used 8279K, capacity 8585K, committed 8704K, reserved 1048576K
Event: 68.700 GC heap after
Heap after GC invocations=15 (full 3):
 PSYoungGen      total 277504K, used 2056K [0x000000076ce00000, 0x000000077f400000, 0x00000007c0000000)
  eden space 259072K, 0% used [0x000000076ce00000,0x000000076ce00000,0x000000077cb00000)
  from space 18432K, 11% used [0x000000077e200000,0x000000077e4023b8,0x000000077f400000)
  to   space 20992K, 0% used [0x000000077cb00000,0x000000077cb00000,0x000000077df80000)
 ParOldGen       total 260096K, used 34731K [0x00000006c6a00000, 0x00000006d6800000, 0x000000076ce00000)
  object space 260096K, 13% used [0x00000006c6a00000,0x00000006c8beae40,0x00000006d6800000)
 Metaspace       used 57890K, capacity 59104K, committed 59368K, reserved 1099776K
  class space    used 8279K, capacity 8585K, committed 8704K, reserved 1048576K
}
Event: 449.936 GC heap before
{Heap before GC invocations=16 (full 3):
 PSYoungGen      total 277504K, used 261128K [0x000000076ce00000, 0x000000077f400000, 0x00000007c0000000)
  eden space 259072K, 100% used [0x000000076ce00000,0x000000077cb00000,0x000000077cb00000)
  from space 18432K, 11% used [0x000000077e200000,0x000000077e4023b8,0x000000077f400000)
  to   space 20992K, 0% used [0x000000077cb00000,0x000000077cb00000,0x000000077df80000)
 ParOldGen       total 260096K, used 34731K [0x00000006c6a00000, 0x00000006d6800000, 0x000000076ce00000)
  object space 260096K, 13% used [0x00000006c6a00000,0x00000006c8beae40,0x00000006d6800000)
 Metaspace       used 58553K, capacity 59822K, committed 60136K, reserved 1101824K
  class space    used 8309K, capacity 8598K, committed 8704K, reserved 1048576K
Event: 449.948 GC heap after
Heap after GC invocations=16 (full 3):
 PSYoungGen      total 256512K, used 4041K [0x000000076ce00000, 0x000000077ed80000, 0x00000007c0000000)
  eden space 252416K, 0% used [0x000000076ce00000,0x000000076ce00000,0x000000077c480000)
  from space 4096K, 98% used [0x000000077cb00000,0x000000077cef2598,0x000000077cf00000)
  to   space 20992K, 0% used [0x000000077d900000,0x000000077d900000,0x000000077ed80000)
 ParOldGen       total 260096K, used 34739K [0x00000006c6a00000, 0x00000006d6800000, 0x000000076ce00000)
  object space 260096K, 13% used [0x00000006c6a00000,0x00000006c8bece40,0x00000006d6800000)
 Metaspace       used 58553K, capacity 59822K, committed 60136K, reserved 1101824K
  class space    used 8309K, capacity 8598K, committed 8704K, reserved 1048576K
}
Event: 1099.349 GC heap before
{Heap before GC invocations=17 (full 3):
 PSYoungGen      total 256512K, used 256457K [0x000000076ce00000, 0x000000077ed80000, 0x00000007c0000000)
  eden space 252416K, 100% used [0x000000076ce00000,0x000000077c480000,0x000000077c480000)
  from space 4096K, 98% used [0x000000077cb00000,0x000000077cef2598,0x000000077cf00000)
  to   space 20992K, 0% used [0x000000077d900000,0x000000077d900000,0x000000077ed80000)
 ParOldGen       total 260096K, used 34739K [0x00000006c6a00000, 0x00000006d6800000, 0x000000076ce00000)
  object space 260096K, 13% used [0x00000006c6a00000,0x00000006c8bece40,0x00000006d6800000)
 Metaspace       used 58763K, capacity 60026K, committed 60392K, reserved 1101824K
  class space    used 8310K, capacity 8600K, committed 8704K, reserved 1048576K
Event: 1099.357 GC heap after
Heap after GC invocations=17 (full 3):
 PSYoungGen      total 260096K, used 4127K [0x000000076ce00000, 0x000000077e700000, 0x00000007c0000000)
  eden space 245760K, 0% used [0x000000076ce00000,0x000000076ce00000,0x000000077be00000)
  from space 14336K, 28% used [0x000000077d900000,0x000000077dd07da8,0x000000077e700000)
  to   space 20992K, 0% used [0x000000077be00000,0x000000077be00000,0x000000077d280000)
 ParOldGen       total 260096K, used 34747K [0x00000006c6a00000, 0x00000006d6800000, 0x000000076ce00000)
  object space 260096K, 13% used [0x00000006c6a00000,0x00000006c8beee40,0x00000006d6800000)
 Metaspace       used 58763K, capacity 60026K, committed 60392K, reserved 1101824K
  class space    used 8310K, capacity 8600K, committed 8704K, reserved 1048576K
}
Event: 1638.274 GC heap before
{Heap before GC invocations=18 (full 3):
 PSYoungGen      total 260096K, used 249887K [0x000000076ce00000, 0x000000077e700000, 0x00000007c0000000)
  eden space 245760K, 100% used [0x000000076ce00000,0x000000077be00000,0x000000077be00000)
  from space 14336K, 28% used [0x000000077d900000,0x000000077dd07da8,0x000000077e700000)
  to   space 20992K, 0% used [0x000000077be00000,0x000000077be00000,0x000000077d280000)
 ParOldGen       total 260096K, used 34747K [0x00000006c6a00000, 0x00000006d6800000, 0x000000076ce00000)
  object space 260096K, 13% used [0x00000006c6a00000,0x00000006c8beee40,0x00000006d6800000)
 Metaspace       used 58966K, capacity 60294K, committed 60648K, reserved 1101824K
  class space    used 8311K, capacity 8602K, committed 8704K, reserved 1048576K
Event: 1638.279 GC heap after
Heap after GC invocations=18 (full 3):
 PSYoungGen      total 244224K, used 4445K [0x000000076ce00000, 0x000000077e000000, 0x00000007c0000000)
  eden space 239616K, 0% used [0x000000076ce00000,0x000000076ce00000,0x000000077b800000)
  from space 4608K, 96% used [0x000000077be00000,0x000000077c2574a8,0x000000077c280000)
  to   space 20480K, 0% used [0x000000077cc00000,0x000000077cc00000,0x000000077e000000)
 ParOldGen       total 260096K, used 34755K [0x00000006c6a00000, 0x00000006d6800000, 0x000000076ce00000)
  object space 260096K, 13% used [0x00000006c6a00000,0x00000006c8bf0e40,0x00000006d6800000)
 Metaspace       used 58966K, capacity 60294K, committed 60648K, reserved 1101824K
  class space    used 8311K, capacity 8602K, committed 8704K, reserved 1048576K
}

