# JRE version: Java(TM) SE Runtime Environment (8.0_20-b17) (build 1.8.0_20-ea-b17)
# Java VM: Java HotSpot(TM) 64-Bit Server VM (25.20-b17 mixed mode linux-amd64 compressed oops)
Heap:
 PSYoungGen      total 238592K, used 41223K [0x000000076ce00000, 0x000000077ef00000, 0x00000007c0000000)
  eden space 216576K, 19% used [0x000000076ce00000,0x000000076f641cb0,0x000000077a180000)
  from space 22016K, 0% used [0x000000077a180000,0x000000077a180000,0x000000077b700000)
  to   space 22528K, 0% used [0x000000077d900000,0x000000077d900000,0x000000077ef00000)
 ParOldGen       total 258048K, used 34815K [0x00000006c6a00000, 0x00000006d6600000, 0x000000076ce00000)
  object space 258048K, 13% used [0x00000006c6a00000,0x00000006c8bffe88,0x00000006d6600000)
 Metaspace       used 57479K, capacity 58672K, committed 58908K, reserved 1099776K
  class space    used 8204K, capacity 8481K, committed 8576K, reserved 1048576K
GC Heap History (10 events):
Event: 5.673 GC heap before
{Heap before GC invocations=10 (full 2):
 PSYoungGen      total 147968K, used 133120K [0x000000076ce00000, 0x000000077a500000, 0x00000007c0000000)
  eden space 133120K, 100% used [0x000000076ce00000,0x0000000775000000,0x0000000775000000)
  from space 14848K, 0% used [0x0000000775000000,0x0000000775000000,0x0000000775e80000)
  to   space 15872K, 0% used [0x0000000779580000,0x0000000779580000,0x000000077a500000)
 ParOldGen       total 181760K, used 23666K [0x00000006c6a00000, 0x00000006d1b80000, 0x000000076ce00000)
  object space 181760K, 13% used [0x00000006c6a00000,0x00000006c811c868,0x00000006d1b80000)
 Metaspace       used 39497K, capacity 39950K, committed 40192K, reserved 1083392K
  class space    used 5705K, capacity 5842K, committed 5888K, reserved 1048576K
Event: 5.681 GC heap after
Heap after GC invocations=10 (full 2):
 PSYoungGen      total 194048K, used 6019K [0x000000076ce00000, 0x000000077a000000, 0x00000007c0000000)
  eden space 183296K, 0% used [0x000000076ce00000,0x000000076ce00000,0x0000000778100000)
  from space 10752K, 55% used [0x0000000779580000,0x0000000779b60c18,0x000000077a000000)
  to   space 15872K, 0% used [0x0000000778100000,0x0000000778100000,0x0000000779080000)
 ParOldGen       total 181760K, used 23674K [0x00000006c6a00000, 0x00000006d1b80000, 0x000000076ce00000)
  object space 181760K, 13% used [0x00000006c6a00000,0x00000006c811e868,0x00000006d1b80000)
 Metaspace       used 39497K, capacity 39950K, committed 40192K, reserved 1083392K
  class space    used 5705K, capacity 5842K, committed 5888K, reserved 1048576K
}
Event: 6.960 GC heap before
{Heap before GC invocations=11 (full 2):
 PSYoungGen      total 194048K, used 189315K [0x000000076ce00000, 0x000000077a000000, 0x00000007c0000000)
  eden space 183296K, 100% used [0x000000076ce00000,0x0000000778100000,0x0000000778100000)
  from space 10752K, 55% used [0x0000000779580000,0x0000000779b60c18,0x000000077a000000)
  to   space 15872K, 0% used [0x0000000778100000,0x0000000778100000,0x0000000779080000)
 ParOldGen       total 181760K, used 23674K [0x00000006c6a00000, 0x00000006d1b80000, 0x000000076ce00000)
  object space 181760K, 13% used [0x00000006c6a00000,0x00000006c811e888,0x00000006d1b80000)
 Metaspace       used 45006K, capacity 45522K, committed 45696K, reserved 1087488K
  class space    used 6648K, capacity 6776K, committed 6784K, reserved 1048576K
Event: 6.974 GC heap after
Heap after GC invocations=11 (full 2):
 PSYoungGen      total 199168K, used 15853K [0x000000076ce00000, 0x000000077cc80000, 0x00000007c0000000)
  eden space 183296K, 0% used [0x000000076ce00000,0x000000076ce00000,0x0000000778100000)
  from space 15872K, 99% used [0x0000000778100000,0x000000077907b538,0x0000000779080000)
  to   space 18944K, 0% used [0x000000077ba00000,0x000000077ba00000,0x000000077cc80000)
 ParOldGen       total 181760K, used 26154K [0x00000006c6a00000, 0x00000006d1b80000, 0x000000076ce00000)
  object space 181760K, 14% used [0x00000006c6a00000,0x00000006c838a9f8,0x00000006d1b80000)
 Metaspace       used 45006K, capacity 45522K, committed 45696K, reserved 1087488K
  class space    used 6648K, capacity 6776K, committed 6784K, reserved 1048576K
}
Event: 24.299 GC heap before
{Heap before GC invocations=12 (full 2):
 PSYoungGen      total 199168K, used 199149K [0x000000076ce00000, 0x000000077cc80000, 0x00000007c0000000)
  eden space 183296K, 100% used [0x000000076ce00000,0x0000000778100000,0x0000000778100000)
  from space 15872K, 99% used [0x0000000778100000,0x000000077907b538,0x0000000779080000)
  to   space 18944K, 0% used [0x000000077ba00000,0x000000077ba00000,0x000000077cc80000)
 ParOldGen       total 181760K, used 26163K [0x00000006c6a00000, 0x00000006d1b80000, 0x000000076ce00000)
  object space 181760K, 14% used [0x00000006c6a00000,0x00000006c838cf38,0x00000006d1b80000)
 Metaspace       used 56491K, capacity 57608K, committed 57856K, reserved 1099776K
  class space    used 8110K, capacity 8369K, committed 8448K, reserved 1048576K
Event: 24.316 GC heap after
Heap after GC invocations=12 (full 2):
 PSYoungGen      total 235520K, used 18915K [0x000000076ce00000, 0x000000077cc80000, 0x00000007c0000000)
  eden space 216576K, 0% used [0x000000076ce00000,0x000000076ce00000,0x000000077a180000)
  from space 18944K, 99% used [0x000000077ba00000,0x000000077cc78de0,0x000000077cc80000)
  to   space 22016K, 0% used [0x000000077a180000,0x000000077a180000,0x000000077b700000)
 ParOldGen       total 181760K, used 27919K [0x00000006c6a00000, 0x00000006d1b80000, 0x000000076ce00000)
  object space 181760K, 15% used [0x00000006c6a00000,0x00000006c8543e30,0x00000006d1b80000)
 Metaspace       used 56491K, capacity 57608K, committed 57856K, reserved 1099776K
  class space    used 8110K, capacity 8369K, committed 8448K, reserved 1048576K
}
Event: 30.187 GC heap before
{Heap before GC invocations=13 (full 2):
 PSYoungGen      total 235520K, used 93405K [0x000000076ce00000, 0x000000077cc80000, 0x00000007c0000000)
  eden space 216576K, 34% used [0x000000076ce00000,0x00000007716be7d0,0x000000077a180000)
  from space 18944K, 99% used [0x000000077ba00000,0x000000077cc78de0,0x000000077cc80000)
  to   space 22016K, 0% used [0x000000077a180000,0x000000077a180000,0x000000077b700000)
 ParOldGen       total 181760K, used 27919K [0x00000006c6a00000, 0x00000006d1b80000, 0x000000076ce00000)
  object space 181760K, 15% used [0x00000006c6a00000,0x00000006c8543e30,0x00000006d1b80000)
 Metaspace       used 57189K, capacity 58428K, committed 58524K, reserved 1099776K
  class space    used 8180K, capacity 8447K, committed 8448K, reserved 1048576K
Event: 30.206 GC heap after
Heap after GC invocations=13 (full 2):
 PSYoungGen      total 238592K, used 15148K [0x000000076ce00000, 0x000000077ef00000, 0x00000007c0000000)
  eden space 216576K, 0% used [0x000000076ce00000,0x000000076ce00000,0x000000077a180000)
  from space 22016K, 68% used [0x000000077a180000,0x000000077b04b330,0x000000077b700000)
  to   space 22528K, 0% used [0x000000077d900000,0x000000077d900000,0x000000077ef00000)
 ParOldGen       total 181760K, used 27927K [0x00000006c6a00000, 0x00000006d1b80000, 0x000000076ce00000)
  object space 181760K, 15% used [0x00000006c6a00000,0x00000006c8545e30,0x00000006d1b80000)
 Metaspace       used 57189K, capacity 58428K, committed 58524K, reserved 1099776K
  class space    used 8180K, capacity 8447K, committed 8448K, reserved 1048576K
}
Event: 30.206 GC heap before
{Heap before GC invocations=14 (full 3):
 PSYoungGen      total 238592K, used 15148K [0x000000076ce00000, 0x000000077ef00000, 0x00000007c0000000)
  eden space 216576K, 0% used [0x000000076ce00000,0x000000076ce00000,0x000000077a180000)
  from space 22016K, 68% used [0x000000077a180000,0x000000077b04b330,0x000000077b700000)
  to   space 22528K, 0% used [0x000000077d900000,0x000000077d900000,0x000000077ef00000)
 ParOldGen       total 181760K, used 27927K [0x00000006c6a00000, 0x00000006d1b80000, 0x000000076ce00000)
  object space 181760K, 15% used [0x00000006c6a00000,0x00000006c8545e30,0x00000006d1b80000)
 Metaspace       used 57189K, capacity 58428K, committed 58524K, reserved 1099776K
  class space    used 8180K, capacity 8447K, committed 8448K, reserved 1048576K
Event: 30.419 GC heap after
Heap after GC invocations=14 (full 3):
 PSYoungGen      total 238592K, used 0K [0x000000076ce00000, 0x000000077ef00000, 0x00000007c0000000)
  eden space 216576K, 0% used [0x000000076ce00000,0x000000076ce00000,0x000000077a180000)
  from space 22016K, 0% used [0x000000077a180000,0x000000077a180000,0x000000077b700000)
  to   space 22528K, 0% used [0x000000077d900000,0x000000077d900000,0x000000077ef00000)
 ParOldGen       total 258048K, used 34815K [0x00000006c6a00000, 0x00000006d6600000, 0x000000076ce00000)
  object space 258048K, 13% used [0x00000006c6a00000,0x00000006c8bffe88,0x00000006d6600000)
 Metaspace       used 57129K, capacity 58344K, committed 58524K, reserved 1099776K
  class space    used 8179K, capacity 8443K, committed 8448K, reserved 1048576K
}

