# JRE version: Java(TM) SE Runtime Environment (8.0_20-b17) (build 1.8.0_20-ea-b17)
# Java VM: Java HotSpot(TM) 64-Bit Server VM (25.20-b17 mixed mode linux-amd64 compressed oops)
Heap:
 PSYoungGen      total 440832K, used 259330K [0x000000076ce00000, 0x000000078db00000, 0x00000007c0000000)
  eden space 420864K, 61% used [0x000000076ce00000,0x000000077cb40818,0x0000000786900000)
  from space 19968K, 0% used [0x0000000786900000,0x0000000786900000,0x0000000787c80000)
  to   space 20480K, 0% used [0x000000078c700000,0x000000078c700000,0x000000078db00000)
 ParOldGen       total 232448K, used 35120K [0x00000006c6a00000, 0x00000006d4d00000, 0x000000076ce00000)
  object space 232448K, 15% used [0x00000006c6a00000,0x00000006c8c4c388,0x00000006d4d00000)
 Metaspace       used 58356K, capacity 59600K, committed 59896K, reserved 1099776K
  class space    used 8308K, capacity 8593K, committed 8696K, reserved 1048576K
GC Heap History (10 events):
Event: 4.629 GC heap before
{Heap before GC invocations=8 (full 2):
 PSYoungGen      total 312832K, used 9583K [0x000000076ce00000, 0x0000000786b80000, 0x00000007c0000000)
  eden space 299008K, 0% used [0x000000076ce00000,0x000000076ce00000,0x000000077f200000)
  from space 13824K, 69% used [0x000000077ff80000,0x00000007808dbc60,0x0000000780d00000)
  to   space 13824K, 0% used [0x000000077f200000,0x000000077f200000,0x000000077ff80000)
 ParOldGen       total 107520K, used 13771K [0x00000006c6a00000, 0x00000006cd300000, 0x000000076ce00000)
  object space 107520K, 12% used [0x00000006c6a00000,0x00000006c7772e20,0x00000006cd300000)
 Metaspace       used 34616K, capacity 35270K, committed 35320K, reserved 1081344K
  class space    used 4152K, capacity 4330K, committed 4344K, reserved 1048576K
Event: 4.691 GC heap after
Heap after GC invocations=8 (full 2):
 PSYoungGen      total 312832K, used 0K [0x000000076ce00000, 0x0000000786b80000, 0x00000007c0000000)
  eden space 299008K, 0% used [0x000000076ce00000,0x000000076ce00000,0x000000077f200000)
  from space 13824K, 0% used [0x000000077ff80000,0x000000077ff80000,0x0000000780d00000)
  to   space 13824K, 0% used [0x000000077f200000,0x000000077f200000,0x000000077ff80000)
 ParOldGen       total 163328K, used 19974K [0x00000006c6a00000, 0x00000006d0980000, 0x000000076ce00000)
  object space 163328K, 12% used [0x00000006c6a00000,0x00000006c7d81850,0x00000006d0980000)
 Metaspace       used 34616K, capacity 35270K, committed 35320K, reserved 1081344K
  class space    used 4152K, capacity 4330K, committed 4344K, reserved 1048576K
}
Event: 6.530 GC heap before
{Heap before GC invocations=9 (full 2):
 PSYoungGen      total 312832K, used 299008K [0x000000076ce00000, 0x0000000786b80000, 0x00000007c0000000)
  eden space 299008K, 100% used [0x000000076ce00000,0x000000077f200000,0x000000077f200000)
  from space 13824K, 0% used [0x000000077ff80000,0x000000077ff80000,0x0000000780d00000)
  to   space 13824K, 0% used [0x000000077f200000,0x000000077f200000,0x000000077ff80000)
 ParOldGen       total 163328K, used 19974K [0x00000006c6a00000, 0x00000006d0980000, 0x000000076ce00000)
  object space 163328K, 12% used [0x00000006c6a00000,0x00000006c7d81850,0x00000006d0980000)
 Metaspace       used 46739K, capacity 47542K, committed 47608K, reserved 1089536K
  class space    used 6949K, capacity 7139K, committed 7160K, reserved 1048576K
Event: 6.547 GC heap after
Heap after GC invocations=9 (full 2):
 PSYoungGen      total 312832K, used 13810K [0x000000076ce00000, 0x0000000789000000, 0x00000007c0000000)
  eden space 299008K, 0% used [0x000000076ce00000,0x000000076ce00000,0x000000077f200000)
  from space 13824K, 99% used [0x000000077f200000,0x000000077ff7caa0,0x000000077ff80000)
  to   space 15360K, 0% used [0x0000000788100000,0x0000000788100000,0x0000000789000000)
 ParOldGen       total 163328K, used 21349K [0x00000006c6a00000, 0x00000006d0980000, 0x000000076ce00000)
  object space 163328K, 13% used [0x00000006c6a00000,0x00000006c7ed9670,0x00000006d0980000)
 Metaspace       used 46739K, capacity 47542K, committed 47608K, reserved 1089536K
  class space    used 6949K, capacity 7139K, committed 7160K, reserved 1048576K
}
Event: 24.098 GC heap before
{Heap before GC invocations=10 (full 2):
 PSYoungGen      total 312832K, used 312818K [0x000000076ce00000, 0x0000000789000000, 0x00000007c0000000)
  eden space 299008K, 100% used [0x000000076ce00000,0x000000077f200000,0x000000077f200000)
  from space 13824K, 99% used [0x000000077f200000,0x000000077ff7caa0,0x000000077ff80000)
  to   space 15360K, 0% used [0x0000000788100000,0x0000000788100000,0x0000000789000000)
 ParOldGen       total 163328K, used 21349K [0x00000006c6a00000, 0x00000006d0980000, 0x000000076ce00000)
  object space 163328K, 13% used [0x00000006c6a00000,0x00000006c7ed9670,0x00000006d0980000)
 Metaspace       used 57262K, capacity 58518K, committed 58744K, reserved 1099776K
  class space    used 8230K, capacity 8526K, committed 8568K, reserved 1048576K
Event: 24.120 GC heap after
Heap after GC invocations=10 (full 2):
 PSYoungGen      total 426496K, used 15359K [0x000000076ce00000, 0x0000000789000000, 0x00000007c0000000)
  eden space 411136K, 0% used [0x000000076ce00000,0x000000076ce00000,0x0000000785f80000)
  from space 15360K, 99% used [0x0000000788100000,0x0000000788fffe28,0x0000000789000000)
  to   space 19968K, 0% used [0x0000000786900000,0x0000000786900000,0x0000000787c80000)
 ParOldGen       total 163328K, used 28320K [0x00000006c6a00000, 0x00000006d0980000, 0x000000076ce00000)
  object space 163328K, 17% used [0x00000006c6a00000,0x00000006c85a81b0,0x00000006d0980000)
 Metaspace       used 57262K, capacity 58518K, committed 58744K, reserved 1099776K
  class space    used 8230K, capacity 8526K, committed 8568K, reserved 1048576K
}
Event: 26.592 GC heap before
{Heap before GC invocations=11 (full 2):
 PSYoungGen      total 426496K, used 46109K [0x000000076ce00000, 0x0000000789000000, 0x00000007c0000000)
  eden space 411136K, 7% used [0x000000076ce00000,0x000000076ec07638,0x0000000785f80000)
  from space 15360K, 99% used [0x0000000788100000,0x0000000788fffe28,0x0000000789000000)
  to   space 19968K, 0% used [0x0000000786900000,0x0000000786900000,0x0000000787c80000)
 ParOldGen       total 163328K, used 28320K [0x00000006c6a00000, 0x00000006d0980000, 0x000000076ce00000)
  object space 163328K, 17% used [0x00000006c6a00000,0x00000006c85a81b0,0x00000006d0980000)
 Metaspace       used 57461K, capacity 58654K, committed 58744K, reserved 1099776K
  class space    used 8241K, capacity 8538K, committed 8568K, reserved 1048576K
Event: 26.609 GC heap after
Heap after GC invocations=11 (full 2):
 PSYoungGen      total 440832K, used 15771K [0x000000076ce00000, 0x000000078db00000, 0x00000007c0000000)
  eden space 420864K, 0% used [0x000000076ce00000,0x000000076ce00000,0x0000000786900000)
  from space 19968K, 78% used [0x0000000786900000,0x0000000787866c18,0x0000000787c80000)
  to   space 20480K, 0% used [0x000000078c700000,0x000000078c700000,0x000000078db00000)
 ParOldGen       total 163328K, used 28328K [0x00000006c6a00000, 0x00000006d0980000, 0x000000076ce00000)
  object space 163328K, 17% used [0x00000006c6a00000,0x00000006c85aa1b0,0x00000006d0980000)
 Metaspace       used 57461K, capacity 58654K, committed 58744K, reserved 1099776K
  class space    used 8241K, capacity 8538K, committed 8568K, reserved 1048576K
}
Event: 26.609 GC heap before
{Heap before GC invocations=12 (full 3):
 PSYoungGen      total 440832K, used 15771K [0x000000076ce00000, 0x000000078db00000, 0x00000007c0000000)
  eden space 420864K, 0% used [0x000000076ce00000,0x000000076ce00000,0x0000000786900000)
  from space 19968K, 78% used [0x0000000786900000,0x0000000787866c18,0x0000000787c80000)
  to   space 20480K, 0% used [0x000000078c700000,0x000000078c700000,0x000000078db00000)
 ParOldGen       total 163328K, used 28328K [0x00000006c6a00000, 0x00000006d0980000, 0x000000076ce00000)
  object space 163328K, 17% used [0x00000006c6a00000,0x00000006c85aa1b0,0x00000006d0980000)
 Metaspace       used 57461K, capacity 58654K, committed 58744K, reserved 1099776K
  class space    used 8241K, capacity 8538K, committed 8568K, reserved 1048576K
Event: 26.804 GC heap after
Heap after GC invocations=12 (full 3):
 PSYoungGen      total 440832K, used 0K [0x000000076ce00000, 0x000000078db00000, 0x00000007c0000000)
  eden space 420864K, 0% used [0x000000076ce00000,0x000000076ce00000,0x0000000786900000)
  from space 19968K, 0% used [0x0000000786900000,0x0000000786900000,0x0000000787c80000)
  to   space 20480K, 0% used [0x000000078c700000,0x000000078c700000,0x000000078db00000)
 ParOldGen       total 232448K, used 35120K [0x00000006c6a00000, 0x00000006d4d00000, 0x000000076ce00000)
  object space 232448K, 15% used [0x00000006c6a00000,0x00000006c8c4c388,0x00000006d4d00000)
 Metaspace       used 57401K, capacity 58570K, committed 58744K, reserved 1099776K
  class space    used 8240K, capacity 8534K, committed 8568K, reserved 1048576K
}

