# JRE version: Java(TM) SE Runtime Environment (8.0_20-b17) (build 1.8.0_20-ea-b17)
# Java VM: Java HotSpot(TM) 64-Bit Server VM (25.20-b17 mixed mode linux-amd64 compressed oops)
Heap:
 PSYoungGen      total 250880K, used 154618K [0x000000076ce00000, 0x0000000780580000, 0x00000007c0000000)
  eden space 231424K, 66% used [0x000000076ce00000,0x00000007764fe8f8,0x000000077b000000)
  from space 19456K, 0% used [0x000000077b000000,0x000000077b000000,0x000000077c300000)
  to   space 20480K, 0% used [0x000000077f180000,0x000000077f180000,0x0000000780580000)
 ParOldGen       total 256512K, used 35077K [0x00000006c6a00000, 0x00000006d6480000, 0x000000076ce00000)
  object space 256512K, 13% used [0x00000006c6a00000,0x00000006c8c41728,0x00000006d6480000)
 Metaspace       used 59117K, capacity 60432K, committed 60620K, reserved 1101824K
  class space    used 8344K, capacity 8641K, committed 8704K, reserved 1048576K
GC Heap History (10 events):
Event: 6.392 GC heap before
{Heap before GC invocations=10 (full 2):
 PSYoungGen      total 150528K, used 135680K [0x000000076ce00000, 0x000000077aa00000, 0x00000007c0000000)
  eden space 135680K, 100% used [0x000000076ce00000,0x0000000775280000,0x0000000775280000)
  from space 14848K, 0% used [0x0000000775280000,0x0000000775280000,0x0000000776100000)
  to   space 14848K, 0% used [0x0000000779b80000,0x0000000779b80000,0x000000077aa00000)
 ParOldGen       total 178688K, used 21462K [0x00000006c6a00000, 0x00000006d1880000, 0x000000076ce00000)
  object space 178688K, 12% used [0x00000006c6a00000,0x00000006c7ef5aa0,0x00000006d1880000)
 Metaspace       used 41861K, capacity 42652K, committed 43000K, reserved 1085440K
  class space    used 6112K, capacity 6303K, committed 6400K, reserved 1048576K
Event: 6.407 GC heap after
Heap after GC invocations=10 (full 2):
 PSYoungGen      total 201216K, used 11016K [0x000000076ce00000, 0x000000077a680000, 0x00000007c0000000)
  eden space 189952K, 0% used [0x000000076ce00000,0x000000076ce00000,0x0000000778780000)
  from space 11264K, 97% used [0x0000000779b80000,0x000000077a642288,0x000000077a680000)
  to   space 15360K, 0% used [0x0000000778880000,0x0000000778880000,0x0000000779780000)
 ParOldGen       total 178688K, used 21470K [0x00000006c6a00000, 0x00000006d1880000, 0x000000076ce00000)
  object space 178688K, 12% used [0x00000006c6a00000,0x00000006c7ef7aa0,0x00000006d1880000)
 Metaspace       used 41861K, capacity 42652K, committed 43000K, reserved 1085440K
  class space    used 6112K, capacity 6303K, committed 6400K, reserved 1048576K
}
Event: 7.456 GC heap before
{Heap before GC invocations=11 (full 2):
 PSYoungGen      total 201216K, used 200968K [0x000000076ce00000, 0x000000077a680000, 0x00000007c0000000)
  eden space 189952K, 100% used [0x000000076ce00000,0x0000000778780000,0x0000000778780000)
  from space 11264K, 97% used [0x0000000779b80000,0x000000077a642288,0x000000077a680000)
  to   space 15360K, 0% used [0x0000000778880000,0x0000000778880000,0x0000000779780000)
 ParOldGen       total 178688K, used 21470K [0x00000006c6a00000, 0x00000006d1880000, 0x000000076ce00000)
  object space 178688K, 12% used [0x00000006c6a00000,0x00000006c7ef7aa0,0x00000006d1880000)
 Metaspace       used 47306K, capacity 48128K, committed 48248K, reserved 1089536K
  class space    used 7033K, capacity 7205K, committed 7296K, reserved 1048576K
Event: 7.471 GC heap after
Heap after GC invocations=11 (full 2):
 PSYoungGen      total 206336K, used 11559K [0x000000076ce00000, 0x000000077d200000, 0x00000007c0000000)
  eden space 190976K, 0% used [0x000000076ce00000,0x000000076ce00000,0x0000000778880000)
  from space 15360K, 75% used [0x0000000778880000,0x00000007793c9dc0,0x0000000779780000)
  to   space 15360K, 0% used [0x000000077c300000,0x000000077c300000,0x000000077d200000)
 ParOldGen       total 178688K, used 21478K [0x00000006c6a00000, 0x00000006d1880000, 0x000000076ce00000)
  object space 178688K, 12% used [0x00000006c6a00000,0x00000006c7ef9aa0,0x00000006d1880000)
 Metaspace       used 47306K, capacity 48128K, committed 48248K, reserved 1089536K
  class space    used 7033K, capacity 7205K, committed 7296K, reserved 1048576K
}
Event: 11.384 GC heap before
{Heap before GC invocations=12 (full 2):
 PSYoungGen      total 206336K, used 202535K [0x000000076ce00000, 0x000000077d200000, 0x00000007c0000000)
  eden space 190976K, 100% used [0x000000076ce00000,0x0000000778880000,0x0000000778880000)
  from space 15360K, 75% used [0x0000000778880000,0x00000007793c9dc0,0x0000000779780000)
  to   space 15360K, 0% used [0x000000077c300000,0x000000077c300000,0x000000077d200000)
 ParOldGen       total 178688K, used 21478K [0x00000006c6a00000, 0x00000006d1880000, 0x000000076ce00000)
  object space 178688K, 12% used [0x00000006c6a00000,0x00000006c7ef9aa0,0x00000006d1880000)
 Metaspace       used 56927K, capacity 58152K, committed 58488K, reserved 1099776K
  class space    used 8194K, capacity 8481K, committed 8576K, reserved 1048576K
Event: 11.412 GC heap after
Heap after GC invocations=12 (full 2):
 PSYoungGen      total 246784K, used 15349K [0x000000076ce00000, 0x000000077d800000, 0x00000007c0000000)
  eden space 231424K, 0% used [0x000000076ce00000,0x000000076ce00000,0x000000077b000000)
  from space 15360K, 99% used [0x000000077c300000,0x000000077d1fd7e0,0x000000077d200000)
  to   space 19456K, 0% used [0x000000077b000000,0x000000077b000000,0x000000077c300000)
 ParOldGen       total 178688K, used 28157K [0x00000006c6a00000, 0x00000006d1880000, 0x000000076ce00000)
  object space 178688K, 15% used [0x00000006c6a00000,0x00000006c857f610,0x00000006d1880000)
 Metaspace       used 56927K, capacity 58152K, committed 58488K, reserved 1099776K
  class space    used 8194K, capacity 8481K, committed 8576K, reserved 1048576K
}
Event: 14.959 GC heap before
{Heap before GC invocations=13 (full 2):
 PSYoungGen      total 246784K, used 81200K [0x000000076ce00000, 0x000000077d800000, 0x00000007c0000000)
  eden space 231424K, 28% used [0x000000076ce00000,0x0000000770e4e8d8,0x000000077b000000)
  from space 15360K, 99% used [0x000000077c300000,0x000000077d1fd7e0,0x000000077d200000)
  to   space 19456K, 0% used [0x000000077b000000,0x000000077b000000,0x000000077c300000)
 ParOldGen       total 178688K, used 28157K [0x00000006c6a00000, 0x00000006d1880000, 0x000000076ce00000)
  object space 178688K, 15% used [0x00000006c6a00000,0x00000006c857f610,0x00000006d1880000)
 Metaspace       used 57457K, capacity 58600K, committed 58700K, reserved 1099776K
  class space    used 8241K, capacity 8529K, committed 8576K, reserved 1048576K
Event: 14.979 GC heap after
Heap after GC invocations=13 (full 2):
 PSYoungGen      total 250880K, used 15972K [0x000000076ce00000, 0x0000000780580000, 0x00000007c0000000)
  eden space 231424K, 0% used [0x000000076ce00000,0x000000076ce00000,0x000000077b000000)
  from space 19456K, 82% used [0x000000077b000000,0x000000077bf99000,0x000000077c300000)
  to   space 20480K, 0% used [0x000000077f180000,0x000000077f180000,0x0000000780580000)
 ParOldGen       total 178688K, used 28165K [0x00000006c6a00000, 0x00000006d1880000, 0x000000076ce00000)
  object space 178688K, 15% used [0x00000006c6a00000,0x00000006c8581610,0x00000006d1880000)
 Metaspace       used 57457K, capacity 58600K, committed 58700K, reserved 1099776K
  class space    used 8241K, capacity 8529K, committed 8576K, reserved 1048576K
}
Event: 14.979 GC heap before
{Heap before GC invocations=14 (full 3):
 PSYoungGen      total 250880K, used 15972K [0x000000076ce00000, 0x0000000780580000, 0x00000007c0000000)
  eden space 231424K, 0% used [0x000000076ce00000,0x000000076ce00000,0x000000077b000000)
  from space 19456K, 82% used [0x000000077b000000,0x000000077bf99000,0x000000077c300000)
  to   space 20480K, 0% used [0x000000077f180000,0x000000077f180000,0x0000000780580000)
 ParOldGen       total 178688K, used 28165K [0x00000006c6a00000, 0x00000006d1880000, 0x000000076ce00000)
  object space 178688K, 15% used [0x00000006c6a00000,0x00000006c8581610,0x00000006d1880000)
 Metaspace       used 57457K, capacity 58600K, committed 58700K, reserved 1099776K
  class space    used 8241K, capacity 8529K, committed 8576K, reserved 1048576K
Event: 15.190 GC heap after
Heap after GC invocations=14 (full 3):
 PSYoungGen      total 250880K, used 0K [0x000000076ce00000, 0x0000000780580000, 0x00000007c0000000)
  eden space 231424K, 0% used [0x000000076ce00000,0x000000076ce00000,0x000000077b000000)
  from space 19456K, 0% used [0x000000077b000000,0x000000077b000000,0x000000077c300000)
  to   space 20480K, 0% used [0x000000077f180000,0x000000077f180000,0x0000000780580000)
 ParOldGen       total 256512K, used 35077K [0x00000006c6a00000, 0x00000006d6480000, 0x000000076ce00000)
  object space 256512K, 13% used [0x00000006c6a00000,0x00000006c8c41728,0x00000006d6480000)
 Metaspace       used 57397K, capacity 58516K, committed 58700K, reserved 1099776K
  class space    used 8240K, capacity 8525K, committed 8576K, reserved 1048576K
}

