# JRE version: Java(TM) SE Runtime Environment (8.0_20-b17) (build 1.8.0_20-ea-b17)
# Java VM: Java HotSpot(TM) 64-Bit Server VM (25.20-b17 mixed mode linux-amd64 compressed oops)
Heap:
 PSYoungGen      total 162304K, used 117884K [0x000000076ce00000, 0x0000000777f00000, 0x00000007c0000000)
  eden space 160768K, 72% used [0x000000076ce00000,0x0000000773fe3850,0x0000000776b00000)
  from space 1536K, 82% used [0x0000000776e00000,0x0000000776f3ba48,0x0000000776f80000)
  to   space 10240K, 0% used [0x0000000777500000,0x0000000777500000,0x0000000777f00000)
 ParOldGen       total 256000K, used 37699K [0x00000006c6a00000, 0x00000006d6400000, 0x000000076ce00000)
  object space 256000K, 14% used [0x00000006c6a00000,0x00000006c8ed0fa0,0x00000006d6400000)
 Metaspace       used 60151K, capacity 61500K, committed 61696K, reserved 1101824K
  class space    used 8344K, capacity 8659K, committed 8704K, reserved 1048576K
GC Heap History (10 events):
Event: 7227.138 GC heap before
{Heap before GC invocations=32 (full 3):
 PSYoungGen      total 186368K, used 180948K [0x000000076ce00000, 0x0000000779500000, 0x00000007c0000000)
  eden space 178176K, 100% used [0x000000076ce00000,0x0000000777c00000,0x0000000777c00000)
  from space 8192K, 33% used [0x0000000778d00000,0x0000000778fb52f8,0x0000000779500000)
  to   space 12800K, 0% used [0x0000000777c00000,0x0000000777c00000,0x0000000778880000)
 ParOldGen       total 256000K, used 35945K [0x00000006c6a00000, 0x00000006d6400000, 0x000000076ce00000)
  object space 256000K, 14% used [0x00000006c6a00000,0x00000006c8d1a5c0,0x00000006d6400000)
 Metaspace       used 59951K, capacity 61316K, committed 61440K, reserved 1101824K
  class space    used 8322K, capacity 8623K, committed 8704K, reserved 1048576K
Event: 7227.145 GC heap after
Heap after GC invocations=32 (full 3):
 PSYoungGen      total 177664K, used 2788K [0x000000076ce00000, 0x0000000779080000, 0x00000007c0000000)
  eden space 174592K, 0% used [0x000000076ce00000,0x000000076ce00000,0x0000000777880000)
  from space 3072K, 90% used [0x0000000777c00000,0x0000000777eb92e8,0x0000000777f00000)
  to   space 12288K, 0% used [0x0000000778480000,0x0000000778480000,0x0000000779080000)
 ParOldGen       total 256000K, used 36113K [0x00000006c6a00000, 0x00000006d6400000, 0x000000076ce00000)
  object space 256000K, 14% used [0x00000006c6a00000,0x00000006c8d44600,0x00000006d6400000)
 Metaspace       used 59951K, capacity 61316K, committed 61440K, reserved 1101824K
  class space    used 8322K, capacity 8623K, committed 8704K, reserved 1048576K
}
Event: 7367.780 GC heap before
{Heap before GC invocations=33 (full 3):
 PSYoungGen      total 177664K, used 177380K [0x000000076ce00000, 0x0000000779080000, 0x00000007c0000000)
  eden space 174592K, 100% used [0x000000076ce00000,0x0000000777880000,0x0000000777880000)
  from space 3072K, 90% used [0x0000000777c00000,0x0000000777eb92e8,0x0000000777f00000)
  to   space 12288K, 0% used [0x0000000778480000,0x0000000778480000,0x0000000779080000)
 ParOldGen       total 256000K, used 36113K [0x00000006c6a00000, 0x00000006d6400000, 0x000000076ce00000)
  object space 256000K, 14% used [0x00000006c6a00000,0x00000006c8d44600,0x00000006d6400000)
 Metaspace       used 59953K, capacity 61316K, committed 61440K, reserved 1101824K
  class space    used 8322K, capacity 8623K, committed 8704K, reserved 1048576K
Event: 7367.786 GC heap after
Heap after GC invocations=33 (full 3):
 PSYoungGen      total 178688K, used 2740K [0x000000076ce00000, 0x0000000778c00000, 0x00000007c0000000)
  eden space 171008K, 0% used [0x000000076ce00000,0x000000076ce00000,0x0000000777500000)
  from space 7680K, 35% used [0x0000000778480000,0x000000077872d2d8,0x0000000778c00000)
  to   space 11776K, 0% used [0x0000000777500000,0x0000000777500000,0x0000000778080000)
 ParOldGen       total 256000K, used 36241K [0x00000006c6a00000, 0x00000006d6400000, 0x000000076ce00000)
  object space 256000K, 14% used [0x00000006c6a00000,0x00000006c8d64660,0x00000006d6400000)
 Metaspace       used 59953K, capacity 61316K, committed 61440K, reserved 1101824K
  class space    used 8322K, capacity 8623K, committed 8704K, reserved 1048576K
}
Event: 7507.155 GC heap before
{Heap before GC invocations=34 (full 3):
 PSYoungGen      total 178688K, used 173748K [0x000000076ce00000, 0x0000000778c00000, 0x00000007c0000000)
  eden space 171008K, 100% used [0x000000076ce00000,0x0000000777500000,0x0000000777500000)
  from space 7680K, 35% used [0x0000000778480000,0x000000077872d2d8,0x0000000778c00000)
  to   space 11776K, 0% used [0x0000000777500000,0x0000000777500000,0x0000000778080000)
 ParOldGen       total 256000K, used 36241K [0x00000006c6a00000, 0x00000006d6400000, 0x000000076ce00000)
  object space 256000K, 14% used [0x00000006c6a00000,0x00000006c8d64660,0x00000006d6400000)
 Metaspace       used 59958K, capacity 61316K, committed 61440K, reserved 1101824K
  class space    used 8322K, capacity 8623K, committed 8704K, reserved 1048576K
Event: 7507.163 GC heap after
Heap after GC invocations=34 (full 3):
 PSYoungGen      total 169984K, used 2438K [0x000000076ce00000, 0x0000000778780000, 0x00000007c0000000)
  eden space 167424K, 0% used [0x000000076ce00000,0x000000076ce00000,0x0000000777180000)
  from space 2560K, 95% used [0x0000000777500000,0x0000000777761af8,0x0000000777780000)
  to   space 11264K, 0% used [0x0000000777c80000,0x0000000777c80000,0x0000000778780000)
 ParOldGen       total 256000K, used 36455K [0x00000006c6a00000, 0x00000006d6400000, 0x000000076ce00000)
  object space 256000K, 14% used [0x00000006c6a00000,0x00000006c8d99e30,0x00000006d6400000)
 Metaspace       used 59958K, capacity 61316K, committed 61440K, reserved 1101824K
  class space    used 8322K, capacity 8623K, committed 8704K, reserved 1048576K
}
Event: 7642.726 GC heap before
{Heap before GC invocations=35 (full 3):
 PSYoungGen      total 169984K, used 169862K [0x000000076ce00000, 0x0000000778780000, 0x00000007c0000000)
  eden space 167424K, 100% used [0x000000076ce00000,0x0000000777180000,0x0000000777180000)
  from space 2560K, 95% used [0x0000000777500000,0x0000000777761af8,0x0000000777780000)
  to   space 11264K, 0% used [0x0000000777c80000,0x0000000777c80000,0x0000000778780000)
 ParOldGen       total 256000K, used 36455K [0x00000006c6a00000, 0x00000006d6400000, 0x000000076ce00000)
  object space 256000K, 14% used [0x00000006c6a00000,0x00000006c8d99e30,0x00000006d6400000)
 Metaspace       used 59978K, capacity 61316K, committed 61440K, reserved 1101824K
  class space    used 8322K, capacity 8623K, committed 8704K, reserved 1048576K
Event: 7642.733 GC heap after
Heap after GC invocations=35 (full 3):
 PSYoungGen      total 170496K, used 2136K [0x000000076ce00000, 0x0000000778300000, 0x00000007c0000000)
  eden space 163840K, 0% used [0x000000076ce00000,0x000000076ce00000,0x0000000776e00000)
  from space 6656K, 32% used [0x0000000777c80000,0x0000000777e96330,0x0000000778300000)
  to   space 10752K, 0% used [0x0000000776e00000,0x0000000776e00000,0x0000000777880000)
 ParOldGen       total 256000K, used 36783K [0x00000006c6a00000, 0x00000006d6400000, 0x000000076ce00000)
  object space 256000K, 14% used [0x00000006c6a00000,0x00000006c8debdb8,0x00000006d6400000)
 Metaspace       used 59978K, capacity 61316K, committed 61440K, reserved 1101824K
  class space    used 8322K, capacity 8623K, committed 8704K, reserved 1048576K
}
Event: 7777.180 GC heap before
{Heap before GC invocations=36 (full 3):
 PSYoungGen      total 170496K, used 165976K [0x000000076ce00000, 0x0000000778300000, 0x00000007c0000000)
  eden space 163840K, 100% used [0x000000076ce00000,0x0000000776e00000,0x0000000776e00000)
  from space 6656K, 32% used [0x0000000777c80000,0x0000000777e96330,0x0000000778300000)
  to   space 10752K, 0% used [0x0000000776e00000,0x0000000776e00000,0x0000000777880000)
 ParOldGen       total 256000K, used 36783K [0x00000006c6a00000, 0x00000006d6400000, 0x000000076ce00000)
  object space 256000K, 14% used [0x00000006c6a00000,0x00000006c8debdb8,0x00000006d6400000)
 Metaspace       used 59986K, capacity 61316K, committed 61440K, reserved 1101824K
  class space    used 8322K, capacity 8623K, committed 8704K, reserved 1048576K
Event: 7777.188 GC heap after
Heap after GC invocations=36 (full 3):
 PSYoungGen      total 162304K, used 1262K [0x000000076ce00000, 0x0000000777f00000, 0x00000007c0000000)
  eden space 160768K, 0% used [0x000000076ce00000,0x000000076ce00000,0x0000000776b00000)
  from space 1536K, 82% used [0x0000000776e00000,0x0000000776f3ba48,0x0000000776f80000)
  to   space 10240K, 0% used [0x0000000777500000,0x0000000777500000,0x0000000777f00000)
 ParOldGen       total 256000K, used 37699K [0x00000006c6a00000, 0x00000006d6400000, 0x000000076ce00000)
  object space 256000K, 14% used [0x00000006c6a00000,0x00000006c8ed0fa0,0x00000006d6400000)
 Metaspace       used 59986K, capacity 61316K, committed 61440K, reserved 1101824K
  class space    used 8322K, capacity 8623K, committed 8704K, reserved 1048576K
}

