# JRE version: Java(TM) SE Runtime Environment (8.0_20-b17) (build 1.8.0_20-ea-b17)
# Java VM: Java HotSpot(TM) 64-Bit Server VM (25.20-b17 mixed mode linux-amd64 compressed oops)
Heap:
 PSYoungGen      total 62464K, used 4820K [0x000000076ce00000, 0x0000000771f00000, 0x00000007c0000000)
  eden space 61952K, 7% used [0x000000076ce00000,0x000000076d249198,0x0000000770a80000)
  from space 512K, 84% used [0x0000000771e80000,0x0000000771eec050,0x0000000771f00000)
  to   space 1024K, 0% used [0x0000000771d00000,0x0000000771d00000,0x0000000771e00000)
 ParOldGen       total 260608K, used 41424K [0x00000006c6a00000, 0x00000006d6880000, 0x000000076ce00000)
  object space 260608K, 15% used [0x00000006c6a00000,0x00000006c9274398,0x00000006d6880000)
 Metaspace       used 60747K, capacity 61966K, committed 62208K, reserved 1103872K
  class space    used 8372K, capacity 8662K, committed 8704K, reserved 1048576K
GC Heap History (10 events):
Event: 35826.561 GC heap before
{Heap before GC invocations=111 (full 3):
 PSYoungGen      total 65536K, used 64939K [0x000000076ce00000, 0x0000000772080000, 0x00000007c0000000)
  eden space 64512K, 100% used [0x000000076ce00000,0x0000000770d00000,0x0000000770d00000)
  from space 1024K, 41% used [0x0000000771e80000,0x0000000771eeadb0,0x0000000771f80000)
  to   space 1024K, 0% used [0x0000000771f80000,0x0000000771f80000,0x0000000772080000)
 ParOldGen       total 260608K, used 41240K [0x00000006c6a00000, 0x00000006d6880000, 0x000000076ce00000)
  object space 260608K, 15% used [0x00000006c6a00000,0x00000006c9246398,0x00000006d6880000)
 Metaspace       used 60556K, capacity 61782K, committed 61952K, reserved 1101824K
  class space    used 8348K, capacity 8626K, committed 8704K, reserved 1048576K
Event: 35826.564 GC heap after
Heap after GC invocations=111 (full 3):
 PSYoungGen      total 65024K, used 553K [0x000000076ce00000, 0x0000000772080000, 0x00000007c0000000)
  eden space 64000K, 0% used [0x000000076ce00000,0x000000076ce00000,0x0000000770c80000)
  from space 1024K, 54% used [0x0000000771f80000,0x000000077200a5c0,0x0000000772080000)
  to   space 1024K, 0% used [0x0000000771e80000,0x0000000771e80000,0x0000000771f80000)
 ParOldGen       total 260608K, used 41264K [0x00000006c6a00000, 0x00000006d6880000, 0x000000076ce00000)
  object space 260608K, 15% used [0x00000006c6a00000,0x00000006c924c398,0x00000006d6880000)
 Metaspace       used 60556K, capacity 61782K, committed 61952K, reserved 1101824K
  class space    used 8348K, capacity 8626K, committed 8704K, reserved 1048576K
}
Event: 35987.557 GC heap before
{Heap before GC invocations=112 (full 3):
 PSYoungGen      total 65024K, used 64553K [0x000000076ce00000, 0x0000000772080000, 0x00000007c0000000)
  eden space 64000K, 100% used [0x000000076ce00000,0x0000000770c80000,0x0000000770c80000)
  from space 1024K, 54% used [0x0000000771f80000,0x000000077200a5c0,0x0000000772080000)
  to   space 1024K, 0% used [0x0000000771e80000,0x0000000771e80000,0x0000000771f80000)
 ParOldGen       total 260608K, used 41264K [0x00000006c6a00000, 0x00000006d6880000, 0x000000076ce00000)
  object space 260608K, 15% used [0x00000006c6a00000,0x00000006c924c398,0x00000006d6880000)
 Metaspace       used 60571K, capacity 61782K, committed 61952K, reserved 1101824K
  class space    used 8348K, capacity 8626K, committed 8704K, reserved 1048576K
Event: 35987.564 GC heap after
Heap after GC invocations=112 (full 3):
 PSYoungGen      total 64000K, used 464K [0x000000076ce00000, 0x0000000772000000, 0x00000007c0000000)
  eden space 63488K, 0% used [0x000000076ce00000,0x000000076ce00000,0x0000000770c00000)
  from space 512K, 90% used [0x0000000771e80000,0x0000000771ef4050,0x0000000771f00000)
  to   space 1024K, 0% used [0x0000000771f00000,0x0000000771f00000,0x0000000772000000)
 ParOldGen       total 260608K, used 41304K [0x00000006c6a00000, 0x00000006d6880000, 0x000000076ce00000)
  object space 260608K, 15% used [0x00000006c6a00000,0x00000006c9256398,0x00000006d6880000)
 Metaspace       used 60571K, capacity 61782K, committed 61952K, reserved 1101824K
  class space    used 8348K, capacity 8626K, committed 8704K, reserved 1048576K
}
Event: 36187.897 GC heap before
{Heap before GC invocations=113 (full 3):
 PSYoungGen      total 64000K, used 63952K [0x000000076ce00000, 0x0000000772000000, 0x00000007c0000000)
  eden space 63488K, 100% used [0x000000076ce00000,0x0000000770c00000,0x0000000770c00000)
  from space 512K, 90% used [0x0000000771e80000,0x0000000771ef4050,0x0000000771f00000)
  to   space 1024K, 0% used [0x0000000771f00000,0x0000000771f00000,0x0000000772000000)
 ParOldGen       total 260608K, used 41304K [0x00000006c6a00000, 0x00000006d6880000, 0x000000076ce00000)
  object space 260608K, 15% used [0x00000006c6a00000,0x00000006c9256398,0x00000006d6880000)
 Metaspace       used 60574K, capacity 61782K, committed 61952K, reserved 1101824K
  class space    used 8348K, capacity 8626K, committed 8704K, reserved 1048576K
Event: 36187.901 GC heap after
Heap after GC invocations=113 (full 3):
 PSYoungGen      total 63488K, used 432K [0x000000076ce00000, 0x0000000771f80000, 0x00000007c0000000)
  eden space 62976K, 0% used [0x000000076ce00000,0x000000076ce00000,0x0000000770b80000)
  from space 512K, 84% used [0x0000000771f00000,0x0000000771f6c050,0x0000000771f80000)
  to   space 1024K, 0% used [0x0000000771d80000,0x0000000771d80000,0x0000000771e80000)
 ParOldGen       total 260608K, used 41328K [0x00000006c6a00000, 0x00000006d6880000, 0x000000076ce00000)
  object space 260608K, 15% used [0x00000006c6a00000,0x00000006c925c398,0x00000006d6880000)
 Metaspace       used 60574K, capacity 61782K, committed 61952K, reserved 1101824K
  class space    used 8348K, capacity 8626K, committed 8704K, reserved 1048576K
}
Event: 36390.866 GC heap before
{Heap before GC invocations=114 (full 3):
 PSYoungGen      total 63488K, used 63408K [0x000000076ce00000, 0x0000000771f80000, 0x00000007c0000000)
  eden space 62976K, 100% used [0x000000076ce00000,0x0000000770b80000,0x0000000770b80000)
  from space 512K, 84% used [0x0000000771f00000,0x0000000771f6c050,0x0000000771f80000)
  to   space 1024K, 0% used [0x0000000771d80000,0x0000000771d80000,0x0000000771e80000)
 ParOldGen       total 260608K, used 41328K [0x00000006c6a00000, 0x00000006d6880000, 0x000000076ce00000)
  object space 260608K, 15% used [0x00000006c6a00000,0x00000006c925c398,0x00000006d6880000)
 Metaspace       used 60575K, capacity 61782K, committed 61952K, reserved 1101824K
  class space    used 8348K, capacity 8626K, committed 8704K, reserved 1048576K
Event: 36390.873 GC heap after
Heap after GC invocations=114 (full 3):
 PSYoungGen      total 63488K, used 432K [0x000000076ce00000, 0x0000000771f80000, 0x00000007c0000000)
  eden space 62464K, 0% used [0x000000076ce00000,0x000000076ce00000,0x0000000770b00000)
  from space 1024K, 42% used [0x0000000771d80000,0x0000000771dec050,0x0000000771e80000)
  to   space 1024K, 0% used [0x0000000771e80000,0x0000000771e80000,0x0000000771f80000)
 ParOldGen       total 260608K, used 41376K [0x00000006c6a00000, 0x00000006d6880000, 0x000000076ce00000)
  object space 260608K, 15% used [0x00000006c6a00000,0x00000006c9268398,0x00000006d6880000)
 Metaspace       used 60575K, capacity 61782K, committed 61952K, reserved 1101824K
  class space    used 8348K, capacity 8626K, committed 8704K, reserved 1048576K
}
Event: 36587.456 GC heap before
{Heap before GC invocations=115 (full 3):
 PSYoungGen      total 63488K, used 62896K [0x000000076ce00000, 0x0000000771f80000, 0x00000007c0000000)
  eden space 62464K, 100% used [0x000000076ce00000,0x0000000770b00000,0x0000000770b00000)
  from space 1024K, 42% used [0x0000000771d80000,0x0000000771dec050,0x0000000771e80000)
  to   space 1024K, 0% used [0x0000000771e80000,0x0000000771e80000,0x0000000771f80000)
 ParOldGen       total 260608K, used 41376K [0x00000006c6a00000, 0x00000006d6880000, 0x000000076ce00000)
  object space 260608K, 15% used [0x00000006c6a00000,0x00000006c9268398,0x00000006d6880000)
 Metaspace       used 60578K, capacity 61782K, committed 61952K, reserved 1101824K
  class space    used 8349K, capacity 8626K, committed 8704K, reserved 1048576K
Event: 36587.463 GC heap after
Heap after GC invocations=115 (full 3):
 PSYoungGen      total 62464K, used 432K [0x000000076ce00000, 0x0000000771f00000, 0x00000007c0000000)
  eden space 61952K, 0% used [0x000000076ce00000,0x000000076ce00000,0x0000000770a80000)
  from space 512K, 84% used [0x0000000771e80000,0x0000000771eec050,0x0000000771f00000)
  to   space 1024K, 0% used [0x0000000771d00000,0x0000000771d00000,0x0000000771e00000)
 ParOldGen       total 260608K, used 41424K [0x00000006c6a00000, 0x00000006d6880000, 0x000000076ce00000)
  object space 260608K, 15% used [0x00000006c6a00000,0x00000006c9274398,0x00000006d6880000)
 Metaspace       used 60578K, capacity 61782K, committed 61952K, reserved 1101824K
  class space    used 8349K, capacity 8626K, committed 8704K, reserved 1048576K
}

