# JRE version: Java(TM) SE Runtime Environment (8.0_20-b17) (build 1.8.0_20-ea-b17)
# Java VM: Java HotSpot(TM) 64-Bit Server VM (25.20-b17 mixed mode linux-amd64 compressed oops)
Heap:
 PSYoungGen      total 288768K, used 258236K [0x000000076ce00000, 0x000000077fc00000, 0x00000007c0000000)
  eden space 270336K, 94% used [0x000000076ce00000,0x000000077c62ab68,0x000000077d600000)
  from space 18432K, 22% used [0x000000077ea00000,0x000000077ee047a8,0x000000077fc00000)
  to   space 19456K, 0% used [0x000000077d600000,0x000000077d600000,0x000000077e900000)
 ParOldGen       total 252928K, used 34603K [0x00000006c6a00000, 0x00000006d6100000, 0x000000076ce00000)
  object space 252928K, 13% used [0x00000006c6a00000,0x00000006c8bcac90,0x00000006d6100000)
 Metaspace       used 59902K, capacity 61217K, committed 61304K, reserved 1101824K
  class space    used 8491K, capacity 8811K, committed 8832K, reserved 1048576K
GC Heap History (10 events):
Event: 7.093 GC heap before
{Heap before GC invocations=11 (full 2):
 PSYoungGen      total 203776K, used 203384K [0x000000076ce00000, 0x000000077ab80000, 0x00000007c0000000)
  eden space 192000K, 100% used [0x000000076ce00000,0x0000000778980000,0x0000000778980000)
  from space 11776K, 96% used [0x000000077a000000,0x000000077ab1e1c8,0x000000077ab80000)
  to   space 14336K, 0% used [0x0000000778f80000,0x0000000778f80000,0x0000000779d80000)
 ParOldGen       total 175104K, used 20019K [0x00000006c6a00000, 0x00000006d1500000, 0x000000076ce00000)
  object space 175104K, 11% used [0x00000006c6a00000,0x00000006c7d8cde0,0x00000006d1500000)
 Metaspace       used 47523K, capacity 48352K, committed 48504K, reserved 1091584K
  class space    used 7052K, capacity 7237K, committed 7296K, reserved 1048576K
Event: 7.104 GC heap after
Heap after GC invocations=11 (full 2):
 PSYoungGen      total 212480K, used 11320K [0x000000076ce00000, 0x000000077d080000, 0x00000007c0000000)
  eden space 198144K, 0% used [0x000000076ce00000,0x000000076ce00000,0x0000000778f80000)
  from space 14336K, 78% used [0x0000000778f80000,0x0000000779a8e130,0x0000000779d80000)
  to   space 14336K, 0% used [0x000000077c280000,0x000000077c280000,0x000000077d080000)
 ParOldGen       total 175104K, used 20027K [0x00000006c6a00000, 0x00000006d1500000, 0x000000076ce00000)
  object space 175104K, 11% used [0x00000006c6a00000,0x00000006c7d8ede0,0x00000006d1500000)
 Metaspace       used 47523K, capacity 48352K, committed 48504K, reserved 1091584K
  class space    used 7052K, capacity 7237K, committed 7296K, reserved 1048576K
}
Event: 12.682 GC heap before
{Heap before GC invocations=12 (full 2):
 PSYoungGen      total 212480K, used 209464K [0x000000076ce00000, 0x000000077d080000, 0x00000007c0000000)
  eden space 198144K, 100% used [0x000000076ce00000,0x0000000778f80000,0x0000000778f80000)
  from space 14336K, 78% used [0x0000000778f80000,0x0000000779a8e130,0x0000000779d80000)
  to   space 14336K, 0% used [0x000000077c280000,0x000000077c280000,0x000000077d080000)
 ParOldGen       total 175104K, used 20027K [0x00000006c6a00000, 0x00000006d1500000, 0x000000076ce00000)
  object space 175104K, 11% used [0x00000006c6a00000,0x00000006c7d8ede0,0x00000006d1500000)
 Metaspace       used 56483K, capacity 57646K, committed 57976K, reserved 1099776K
  class space    used 8207K, capacity 8487K, committed 8576K, reserved 1048576K
Event: 12.704 GC heap after
Heap after GC invocations=12 (full 2):
 PSYoungGen      total 246784K, used 14326K [0x000000076ce00000, 0x000000077d980000, 0x00000007c0000000)
  eden space 232448K, 0% used [0x000000076ce00000,0x000000076ce00000,0x000000077b100000)
  from space 14336K, 99% used [0x000000077c280000,0x000000077d07d818,0x000000077d080000)
  to   space 17920K, 0% used [0x000000077b100000,0x000000077b100000,0x000000077c280000)
 ParOldGen       total 175104K, used 26084K [0x00000006c6a00000, 0x00000006d1500000, 0x000000076ce00000)
  object space 175104K, 14% used [0x00000006c6a00000,0x00000006c83792b0,0x00000006d1500000)
 Metaspace       used 56483K, capacity 57646K, committed 57976K, reserved 1099776K
  class space    used 8207K, capacity 8487K, committed 8576K, reserved 1048576K
}
Event: 26.398 GC heap before
{Heap before GC invocations=13 (full 2):
 PSYoungGen      total 246784K, used 220096K [0x000000076ce00000, 0x000000077d980000, 0x00000007c0000000)
  eden space 232448K, 88% used [0x000000076ce00000,0x00000007796f28d8,0x000000077b100000)
  from space 14336K, 99% used [0x000000077c280000,0x000000077d07d818,0x000000077d080000)
  to   space 17920K, 0% used [0x000000077b100000,0x000000077b100000,0x000000077c280000)
 ParOldGen       total 175104K, used 26084K [0x00000006c6a00000, 0x00000006d1500000, 0x000000076ce00000)
  object space 175104K, 14% used [0x00000006c6a00000,0x00000006c83792b0,0x00000006d1500000)
 Metaspace       used 57209K, capacity 58441K, committed 58464K, reserved 1099776K
  class space    used 8282K, capacity 8576K, committed 8576K, reserved 1048576K
Event: 26.422 GC heap after
Heap after GC invocations=13 (full 2):
 PSYoungGen      total 250368K, used 15654K [0x000000076ce00000, 0x000000077fc80000, 0x00000007c0000000)
  eden space 232448K, 0% used [0x000000076ce00000,0x000000076ce00000,0x000000077b100000)
  from space 17920K, 87% used [0x000000077b100000,0x000000077c049a30,0x000000077c280000)
  to   space 18944K, 0% used [0x000000077ea00000,0x000000077ea00000,0x000000077fc80000)
 ParOldGen       total 175104K, used 26092K [0x00000006c6a00000, 0x00000006d1500000, 0x000000076ce00000)
  object space 175104K, 14% used [0x00000006c6a00000,0x00000006c837b2b0,0x00000006d1500000)
 Metaspace       used 57209K, capacity 58441K, committed 58464K, reserved 1099776K
  class space    used 8282K, capacity 8576K, committed 8576K, reserved 1048576K
}
Event: 26.422 GC heap before
{Heap before GC invocations=14 (full 3):
 PSYoungGen      total 250368K, used 15654K [0x000000076ce00000, 0x000000077fc80000, 0x00000007c0000000)
  eden space 232448K, 0% used [0x000000076ce00000,0x000000076ce00000,0x000000077b100000)
  from space 17920K, 87% used [0x000000077b100000,0x000000077c049a30,0x000000077c280000)
  to   space 18944K, 0% used [0x000000077ea00000,0x000000077ea00000,0x000000077fc80000)
 ParOldGen       total 175104K, used 26092K [0x00000006c6a00000, 0x00000006d1500000, 0x000000076ce00000)
  object space 175104K, 14% used [0x00000006c6a00000,0x00000006c837b2b0,0x00000006d1500000)
 Metaspace       used 57209K, capacity 58441K, committed 58464K, reserved 1099776K
  class space    used 8282K, capacity 8576K, committed 8576K, reserved 1048576K
Event: 26.621 GC heap after
Heap after GC invocations=14 (full 3):
 PSYoungGen      total 250368K, used 0K [0x000000076ce00000, 0x000000077fc80000, 0x00000007c0000000)
  eden space 232448K, 0% used [0x000000076ce00000,0x000000076ce00000,0x000000077b100000)
  from space 17920K, 0% used [0x000000077b100000,0x000000077b100000,0x000000077c280000)
  to   space 18944K, 0% used [0x000000077ea00000,0x000000077ea00000,0x000000077fc80000)
 ParOldGen       total 252928K, used 34595K [0x00000006c6a00000, 0x00000006d6100000, 0x000000076ce00000)
  object space 252928K, 13% used [0x00000006c6a00000,0x00000006c8bc8c90,0x00000006d6100000)
 Metaspace       used 57188K, capacity 58413K, committed 58464K, reserved 1099776K
  class space    used 8281K, capacity 8572K, committed 8576K, reserved 1048576K
}
Event: 463.976 GC heap before
{Heap before GC invocations=15 (full 3):
 PSYoungGen      total 250368K, used 232448K [0x000000076ce00000, 0x000000077fc80000, 0x00000007c0000000)
  eden space 232448K, 100% used [0x000000076ce00000,0x000000077b100000,0x000000077b100000)
  from space 17920K, 0% used [0x000000077b100000,0x000000077b100000,0x000000077c280000)
  to   space 18944K, 0% used [0x000000077ea00000,0x000000077ea00000,0x000000077fc80000)
 ParOldGen       total 252928K, used 34595K [0x00000006c6a00000, 0x00000006d6100000, 0x000000076ce00000)
  object space 252928K, 13% used [0x00000006c6a00000,0x00000006c8bc8c90,0x00000006d6100000)
 Metaspace       used 59501K, capacity 60823K, committed 61048K, reserved 1101824K
  class space    used 8468K, capacity 8772K, committed 8832K, reserved 1048576K
Event: 463.984 GC heap after
Heap after GC invocations=15 (full 3):
 PSYoungGen      total 288768K, used 4113K [0x000000076ce00000, 0x000000077fc00000, 0x00000007c0000000)
  eden space 270336K, 0% used [0x000000076ce00000,0x000000076ce00000,0x000000077d600000)
  from space 18432K, 22% used [0x000000077ea00000,0x000000077ee047a8,0x000000077fc00000)
  to   space 19456K, 0% used [0x000000077d600000,0x000000077d600000,0x000000077e900000)
 ParOldGen       total 252928K, used 34603K [0x00000006c6a00000, 0x00000006d6100000, 0x000000076ce00000)
  object space 252928K, 13% used [0x00000006c6a00000,0x00000006c8bcac90,0x00000006d6100000)
 Metaspace       used 59501K, capacity 60823K, committed 61048K, reserved 1101824K
  class space    used 8468K, capacity 8772K, committed 8832K, reserved 1048576K
}

