# JRE version: Java(TM) SE Runtime Environment (8.0_20-b17) (build 1.8.0_20-ea-b17)
# Java VM: Java HotSpot(TM) 64-Bit Server VM (25.20-b17 mixed mode linux-amd64 compressed oops)
Heap:
 PSYoungGen      total 219136K, used 110766K [0x000000076ce00000, 0x000000077dc80000, 0x00000007c0000000)
  eden space 218112K, 50% used [0x000000076ce00000,0x000000077395abd8,0x000000077a300000)
  from space 1024K, 81% used [0x000000077db80000,0x000000077dc50f58,0x000000077dc80000)
  to   space 21504K, 0% used [0x000000077b280000,0x000000077b280000,0x000000077c780000)
 ParOldGen       total 260096K, used 35638K [0x00000006c6a00000, 0x00000006d6800000, 0x000000076ce00000)
  object space 260096K, 13% used [0x00000006c6a00000,0x00000006c8ccdb50,0x00000006d6800000)
 Metaspace       used 58220K, capacity 59354K, committed 59656K, reserved 1099776K
  class space    used 8213K, capacity 8489K, committed 8576K, reserved 1048576K
GC Heap History (10 events):
Event: 7.365 GC heap before
{Heap before GC invocations=11 (full 2):
 PSYoungGen      total 195584K, used 195386K [0x000000076ce00000, 0x000000077a980000, 0x00000007c0000000)
  eden space 189440K, 100% used [0x000000076ce00000,0x0000000778700000,0x0000000778700000)
  from space 6144K, 96% used [0x000000077a380000,0x000000077a94eb80,0x000000077a980000)
  to   space 16384K, 0% used [0x0000000778980000,0x0000000778980000,0x0000000779980000)
 ParOldGen       total 180736K, used 23594K [0x00000006c6a00000, 0x00000006d1a80000, 0x000000076ce00000)
  object space 180736K, 13% used [0x00000006c6a00000,0x00000006c810a8f0,0x00000006d1a80000)
 Metaspace       used 45999K, capacity 46552K, committed 46848K, reserved 1089536K
  class space    used 6761K, capacity 6905K, committed 6912K, reserved 1048576K
Event: 7.375 GC heap after
Heap after GC invocations=11 (full 2):
 PSYoungGen      total 208384K, used 11482K [0x000000076ce00000, 0x000000077cc00000, 0x00000007c0000000)
  eden space 192000K, 0% used [0x000000076ce00000,0x000000076ce00000,0x0000000778980000)
  from space 16384K, 70% used [0x0000000778980000,0x00000007794b6948,0x0000000779980000)
  to   space 16384K, 0% used [0x000000077bc00000,0x000000077bc00000,0x000000077cc00000)
 ParOldGen       total 180736K, used 23602K [0x00000006c6a00000, 0x00000006d1a80000, 0x000000076ce00000)
  object space 180736K, 13% used [0x00000006c6a00000,0x00000006c810c8f0,0x00000006d1a80000)
 Metaspace       used 45999K, capacity 46552K, committed 46848K, reserved 1089536K
  class space    used 6761K, capacity 6905K, committed 6912K, reserved 1048576K
}
Event: 19.405 GC heap before
{Heap before GC invocations=12 (full 2):
 PSYoungGen      total 208384K, used 203482K [0x000000076ce00000, 0x000000077cc00000, 0x00000007c0000000)
  eden space 192000K, 100% used [0x000000076ce00000,0x0000000778980000,0x0000000778980000)
  from space 16384K, 70% used [0x0000000778980000,0x00000007794b6948,0x0000000779980000)
  to   space 16384K, 0% used [0x000000077bc00000,0x000000077bc00000,0x000000077cc00000)
 ParOldGen       total 180736K, used 23602K [0x00000006c6a00000, 0x00000006d1a80000, 0x000000076ce00000)
  object space 180736K, 13% used [0x00000006c6a00000,0x00000006c810c8f0,0x00000006d1a80000)
 Metaspace       used 56689K, capacity 57764K, committed 58112K, reserved 1099776K
  class space    used 8123K, capacity 8347K, committed 8448K, reserved 1048576K
Event: 19.425 GC heap after
Heap after GC invocations=12 (full 2):
 PSYoungGen      total 240128K, used 16383K [0x000000076ce00000, 0x000000077d080000, 0x00000007c0000000)
  eden space 223744K, 0% used [0x000000076ce00000,0x000000076ce00000,0x000000077a880000)
  from space 16384K, 99% used [0x000000077bc00000,0x000000077cbfff00,0x000000077cc00000)
  to   space 19968K, 0% used [0x000000077a880000,0x000000077a880000,0x000000077bc00000)
 ParOldGen       total 180736K, used 27703K [0x00000006c6a00000, 0x00000006d1a80000, 0x000000076ce00000)
  object space 180736K, 15% used [0x00000006c6a00000,0x00000006c850dda8,0x00000006d1a80000)
 Metaspace       used 56689K, capacity 57764K, committed 58112K, reserved 1099776K
  class space    used 8123K, capacity 8347K, committed 8448K, reserved 1048576K
}
Event: 43.971 GC heap before
{Heap before GC invocations=13 (full 2):
 PSYoungGen      total 240128K, used 169199K [0x000000076ce00000, 0x000000077d080000, 0x00000007c0000000)
  eden space 223744K, 68% used [0x000000076ce00000,0x000000077633bf28,0x000000077a880000)
  from space 16384K, 99% used [0x000000077bc00000,0x000000077cbfff00,0x000000077cc00000)
  to   space 19968K, 0% used [0x000000077a880000,0x000000077a880000,0x000000077bc00000)
 ParOldGen       total 180736K, used 27703K [0x00000006c6a00000, 0x00000006d1a80000, 0x000000076ce00000)
  object space 180736K, 15% used [0x00000006c6a00000,0x00000006c850dda8,0x00000006d1a80000)
 Metaspace       used 57380K, capacity 58448K, committed 58504K, reserved 1099776K
  class space    used 8172K, capacity 8413K, committed 8448K, reserved 1048576K
Event: 43.988 GC heap after
Heap after GC invocations=13 (full 2):
 PSYoungGen      total 243712K, used 16201K [0x000000076ce00000, 0x000000077f000000, 0x00000007c0000000)
  eden space 223744K, 0% used [0x000000076ce00000,0x000000076ce00000,0x000000077a880000)
  from space 19968K, 81% used [0x000000077a880000,0x000000077b8525f8,0x000000077bc00000)
  to   space 20992K, 0% used [0x000000077db80000,0x000000077db80000,0x000000077f000000)
 ParOldGen       total 180736K, used 27711K [0x00000006c6a00000, 0x00000006d1a80000, 0x000000076ce00000)
  object space 180736K, 15% used [0x00000006c6a00000,0x00000006c850fda8,0x00000006d1a80000)
 Metaspace       used 57380K, capacity 58448K, committed 58504K, reserved 1099776K
  class space    used 8172K, capacity 8413K, committed 8448K, reserved 1048576K
}
Event: 43.988 GC heap before
{Heap before GC invocations=14 (full 3):
 PSYoungGen      total 243712K, used 16201K [0x000000076ce00000, 0x000000077f000000, 0x00000007c0000000)
  eden space 223744K, 0% used [0x000000076ce00000,0x000000076ce00000,0x000000077a880000)
  from space 19968K, 81% used [0x000000077a880000,0x000000077b8525f8,0x000000077bc00000)
  to   space 20992K, 0% used [0x000000077db80000,0x000000077db80000,0x000000077f000000)
 ParOldGen       total 180736K, used 27711K [0x00000006c6a00000, 0x00000006d1a80000, 0x000000076ce00000)
  object space 180736K, 15% used [0x00000006c6a00000,0x00000006c850fda8,0x00000006d1a80000)
 Metaspace       used 57380K, capacity 58448K, committed 58504K, reserved 1099776K
  class space    used 8172K, capacity 8413K, committed 8448K, reserved 1048576K
Event: 44.196 GC heap after
Heap after GC invocations=14 (full 3):
 PSYoungGen      total 243712K, used 0K [0x000000076ce00000, 0x000000077f000000, 0x00000007c0000000)
  eden space 223744K, 0% used [0x000000076ce00000,0x000000076ce00000,0x000000077a880000)
  from space 19968K, 0% used [0x000000077a880000,0x000000077a880000,0x000000077bc00000)
  to   space 20992K, 0% used [0x000000077db80000,0x000000077db80000,0x000000077f000000)
 ParOldGen       total 260096K, used 35630K [0x00000006c6a00000, 0x00000006d6800000, 0x000000076ce00000)
  object space 260096K, 13% used [0x00000006c6a00000,0x00000006c8ccbb50,0x00000006d6800000)
 Metaspace       used 57369K, capacity 58434K, committed 58504K, reserved 1099776K
  class space    used 8171K, capacity 8411K, committed 8448K, reserved 1048576K
}
Event: 565.260 GC heap before
{Heap before GC invocations=15 (full 3):
 PSYoungGen      total 243712K, used 223744K [0x000000076ce00000, 0x000000077f000000, 0x00000007c0000000)
  eden space 223744K, 100% used [0x000000076ce00000,0x000000077a880000,0x000000077a880000)
  from space 19968K, 0% used [0x000000077a880000,0x000000077a880000,0x000000077bc00000)
  to   space 20992K, 0% used [0x000000077db80000,0x000000077db80000,0x000000077f000000)
 ParOldGen       total 260096K, used 35630K [0x00000006c6a00000, 0x00000006d6800000, 0x000000076ce00000)
  object space 260096K, 13% used [0x00000006c6a00000,0x00000006c8ccbb50,0x00000006d6800000)
 Metaspace       used 58009K, capacity 59158K, committed 59400K, reserved 1099776K
  class space    used 8189K, capacity 8451K, committed 8576K, reserved 1048576K
Event: 565.266 GC heap after
Heap after GC invocations=15 (full 3):
 PSYoungGen      total 219136K, used 835K [0x000000076ce00000, 0x000000077dc80000, 0x00000007c0000000)
  eden space 218112K, 0% used [0x000000076ce00000,0x000000076ce00000,0x000000077a300000)
  from space 1024K, 81% used [0x000000077db80000,0x000000077dc50f58,0x000000077dc80000)
  to   space 21504K, 0% used [0x000000077b280000,0x000000077b280000,0x000000077c780000)
 ParOldGen       total 260096K, used 35638K [0x00000006c6a00000, 0x00000006d6800000, 0x000000076ce00000)
  object space 260096K, 13% used [0x00000006c6a00000,0x00000006c8ccdb50,0x00000006d6800000)
 Metaspace       used 58009K, capacity 59158K, committed 59400K, reserved 1099776K
  class space    used 8189K, capacity 8451K, committed 8576K, reserved 1048576K
}

