# JRE version: Java(TM) SE Runtime Environment (8.0_20-b17) (build 1.8.0_20-ea-b17)
# Java VM: Java HotSpot(TM) 64-Bit Server VM (25.20-b17 mixed mode linux-amd64 compressed oops)
Heap:
 PSYoungGen      total 447488K, used 299898K [0x000000076ce00000, 0x000000078a280000, 0x00000007c0000000)
  eden space 420352K, 70% used [0x000000076ce00000,0x000000077ee91130,0x0000000786880000)
  from space 27136K, 16% used [0x0000000786880000,0x0000000786ccd768,0x0000000788300000)
  to   space 26112K, 0% used [0x0000000788900000,0x0000000788900000,0x000000078a280000)
 ParOldGen       total 273920K, used 41746K [0x00000006c6a00000, 0x00000006d7580000, 0x000000076ce00000)
  object space 273920K, 15% used [0x00000006c6a00000,0x00000006c92c4b78,0x00000006d7580000)
 Metaspace       used 60636K, capacity 61916K, committed 62156K, reserved 1101824K
  class space    used 8622K, capacity 8920K, committed 8960K, reserved 1048576K
GC Heap History (10 events):
Event: 1326.772 GC heap before
{Heap before GC invocations=16 (full 3):
 PSYoungGen      total 407552K, used 391125K [0x000000076ce00000, 0x0000000788000000, 0x00000007c0000000)
  eden space 387072K, 100% used [0x000000076ce00000,0x0000000784800000,0x0000000784800000)
  from space 20480K, 19% used [0x0000000786c00000,0x0000000786ff5660,0x0000000788000000)
  to   space 28672K, 0% used [0x0000000784800000,0x0000000784800000,0x0000000786400000)
 ParOldGen       total 273920K, used 41706K [0x00000006c6a00000, 0x00000006d7580000, 0x000000076ce00000)
  object space 273920K, 15% used [0x00000006c6a00000,0x00000006c92bab78,0x00000006d7580000)
 Metaspace       used 60274K, capacity 61566K, committed 61644K, reserved 1101824K
  class space    used 8599K, capacity 8915K, committed 8960K, reserved 1048576K
Event: 1326.780 GC heap after
Heap after GC invocations=16 (full 3):
 PSYoungGen      total 415744K, used 4037K [0x000000076ce00000, 0x0000000789980000, 0x00000007c0000000)
  eden space 387072K, 0% used [0x000000076ce00000,0x000000076ce00000,0x0000000784800000)
  from space 28672K, 14% used [0x0000000784800000,0x0000000784bf1650,0x0000000786400000)
  to   space 28672K, 0% used [0x0000000787d80000,0x0000000787d80000,0x0000000789980000)
 ParOldGen       total 273920K, used 41714K [0x00000006c6a00000, 0x00000006d7580000, 0x000000076ce00000)
  object space 273920K, 15% used [0x00000006c6a00000,0x00000006c92bcb78,0x00000006d7580000)
 Metaspace       used 60274K, capacity 61566K, committed 61644K, reserved 1101824K
  class space    used 8599K, capacity 8915K, committed 8960K, reserved 1048576K
}
Event: 1596.035 GC heap before
{Heap before GC invocations=17 (full 3):
 PSYoungGen      total 415744K, used 391109K [0x000000076ce00000, 0x0000000789980000, 0x00000007c0000000)
  eden space 387072K, 100% used [0x000000076ce00000,0x0000000784800000,0x0000000784800000)
  from space 28672K, 14% used [0x0000000784800000,0x0000000784bf1650,0x0000000786400000)
  to   space 28672K, 0% used [0x0000000787d80000,0x0000000787d80000,0x0000000789980000)
 ParOldGen       total 273920K, used 41714K [0x00000006c6a00000, 0x00000006d7580000, 0x000000076ce00000)
  object space 273920K, 15% used [0x00000006c6a00000,0x00000006c92bcb78,0x00000006d7580000)
 Metaspace       used 60320K, capacity 61630K, committed 61900K, reserved 1101824K
  class space    used 8599K, capacity 8915K, committed 8960K, reserved 1048576K
Event: 1596.052 GC heap after
Heap after GC invocations=17 (full 3):
 PSYoungGen      total 429568K, used 4169K [0x000000076ce00000, 0x0000000789300000, 0x00000007c0000000)
  eden space 407552K, 0% used [0x000000076ce00000,0x000000076ce00000,0x0000000785c00000)
  from space 22016K, 18% used [0x0000000787d80000,0x0000000788192670,0x0000000789300000)
  to   space 28160K, 0% used [0x0000000785c00000,0x0000000785c00000,0x0000000787780000)
 ParOldGen       total 273920K, used 41722K [0x00000006c6a00000, 0x00000006d7580000, 0x000000076ce00000)
  object space 273920K, 15% used [0x00000006c6a00000,0x00000006c92beb78,0x00000006d7580000)
 Metaspace       used 60320K, capacity 61630K, committed 61900K, reserved 1101824K
  class space    used 8599K, capacity 8915K, committed 8960K, reserved 1048576K
}
Event: 1926.500 GC heap before
{Heap before GC invocations=18 (full 3):
 PSYoungGen      total 429568K, used 411721K [0x000000076ce00000, 0x0000000789300000, 0x00000007c0000000)
  eden space 407552K, 100% used [0x000000076ce00000,0x0000000785c00000,0x0000000785c00000)
  from space 22016K, 18% used [0x0000000787d80000,0x0000000788192670,0x0000000789300000)
  to   space 28160K, 0% used [0x0000000785c00000,0x0000000785c00000,0x0000000787780000)
 ParOldGen       total 273920K, used 41722K [0x00000006c6a00000, 0x00000006d7580000, 0x000000076ce00000)
  object space 273920K, 15% used [0x00000006c6a00000,0x00000006c92beb78,0x00000006d7580000)
 Metaspace       used 60372K, capacity 61758K, committed 61900K, reserved 1101824K
  class space    used 8602K, capacity 8915K, committed 8960K, reserved 1048576K
Event: 1926.518 GC heap after
Heap after GC invocations=18 (full 3):
 PSYoungGen      total 435712K, used 4163K [0x000000076ce00000, 0x000000078a200000, 0x00000007c0000000)
  eden space 407552K, 0% used [0x000000076ce00000,0x000000076ce00000,0x0000000785c00000)
  from space 28160K, 14% used [0x0000000785c00000,0x0000000786010ee0,0x0000000787780000)
  to   space 27648K, 0% used [0x0000000788700000,0x0000000788700000,0x000000078a200000)
 ParOldGen       total 273920K, used 41730K [0x00000006c6a00000, 0x00000006d7580000, 0x000000076ce00000)
  object space 273920K, 15% used [0x00000006c6a00000,0x00000006c92c0b78,0x00000006d7580000)
 Metaspace       used 60372K, capacity 61758K, committed 61900K, reserved 1101824K
  class space    used 8602K, capacity 8915K, committed 8960K, reserved 1048576K
}
Event: 2266.499 GC heap before
{Heap before GC invocations=19 (full 3):
 PSYoungGen      total 435712K, used 411715K [0x000000076ce00000, 0x000000078a200000, 0x00000007c0000000)
  eden space 407552K, 100% used [0x000000076ce00000,0x0000000785c00000,0x0000000785c00000)
  from space 28160K, 14% used [0x0000000785c00000,0x0000000786010ee0,0x0000000787780000)
  to   space 27648K, 0% used [0x0000000788700000,0x0000000788700000,0x000000078a200000)
 ParOldGen       total 273920K, used 41730K [0x00000006c6a00000, 0x00000006d7580000, 0x000000076ce00000)
  object space 273920K, 15% used [0x00000006c6a00000,0x00000006c92c0b78,0x00000006d7580000)
 Metaspace       used 60398K, capacity 61758K, committed 61900K, reserved 1101824K
  class space    used 8602K, capacity 8915K, committed 8960K, reserved 1048576K
Event: 2266.516 GC heap after
Heap after GC invocations=19 (full 3):
 PSYoungGen      total 443392K, used 4307K [0x000000076ce00000, 0x0000000789d80000, 0x00000007c0000000)
  eden space 420352K, 0% used [0x000000076ce00000,0x000000076ce00000,0x0000000786880000)
  from space 23040K, 18% used [0x0000000788700000,0x0000000788b34f18,0x0000000789d80000)
  to   space 27136K, 0% used [0x0000000786880000,0x0000000786880000,0x0000000788300000)
 ParOldGen       total 273920K, used 41738K [0x00000006c6a00000, 0x00000006d7580000, 0x000000076ce00000)
  object space 273920K, 15% used [0x00000006c6a00000,0x00000006c92c2b78,0x00000006d7580000)
 Metaspace       used 60398K, capacity 61758K, committed 61900K, reserved 1101824K
  class space    used 8602K, capacity 8915K, committed 8960K, reserved 1048576K
}
Event: 2620.839 GC heap before
{Heap before GC invocations=20 (full 3):
 PSYoungGen      total 443392K, used 424659K [0x000000076ce00000, 0x0000000789d80000, 0x00000007c0000000)
  eden space 420352K, 100% used [0x000000076ce00000,0x0000000786880000,0x0000000786880000)
  from space 23040K, 18% used [0x0000000788700000,0x0000000788b34f18,0x0000000789d80000)
  to   space 27136K, 0% used [0x0000000786880000,0x0000000786880000,0x0000000788300000)
 ParOldGen       total 273920K, used 41738K [0x00000006c6a00000, 0x00000006d7580000, 0x000000076ce00000)
  object space 273920K, 15% used [0x00000006c6a00000,0x00000006c92c2b78,0x00000006d7580000)
 Metaspace       used 60421K, capacity 61758K, committed 61900K, reserved 1101824K
  class space    used 8602K, capacity 8915K, committed 8960K, reserved 1048576K
Event: 2620.856 GC heap after
Heap after GC invocations=20 (full 3):
 PSYoungGen      total 447488K, used 4405K [0x000000076ce00000, 0x000000078a280000, 0x00000007c0000000)
  eden space 420352K, 0% used [0x000000076ce00000,0x000000076ce00000,0x0000000786880000)
  from space 27136K, 16% used [0x0000000786880000,0x0000000786ccd768,0x0000000788300000)
  to   space 26112K, 0% used [0x0000000788900000,0x0000000788900000,0x000000078a280000)
 ParOldGen       total 273920K, used 41746K [0x00000006c6a00000, 0x00000006d7580000, 0x000000076ce00000)
  object space 273920K, 15% used [0x00000006c6a00000,0x00000006c92c4b78,0x00000006d7580000)
 Metaspace       used 60421K, capacity 61758K, committed 61900K, reserved 1101824K
  class space    used 8602K, capacity 8915K, committed 8960K, reserved 1048576K
}

