# JRE version: Java(TM) SE Runtime Environment (8.0_20-b17) (build 1.8.0_20-ea-b17)
# Java VM: Java HotSpot(TM) 64-Bit Server VM (25.20-b17 mixed mode linux-amd64 compressed oops)
Heap:
 PSYoungGen      total 260096K, used 174674K [0x000000076ce00000, 0x0000000780000000, 0x00000007c0000000)
  eden space 242176K, 72% used [0x000000076ce00000,0x0000000777894810,0x000000077ba80000)
  from space 17920K, 0% used [0x000000077ee80000,0x000000077ee80000,0x0000000780000000)
  to   space 20992K, 0% used [0x000000077d700000,0x000000077d700000,0x000000077eb80000)
 ParOldGen       total 233984K, used 36810K [0x00000006c6a00000, 0x00000006d4e80000, 0x000000076ce00000)
  object space 233984K, 15% used [0x00000006c6a00000,0x00000006c8df2910,0x00000006d4e80000)
 Metaspace       used 58343K, capacity 59624K, committed 59904K, reserved 1099776K
  class space    used 8294K, capacity 8597K, committed 8704K, reserved 1048576K
GC Heap History (10 events):
Event: 7.783 GC heap before
{Heap before GC invocations=9 (full 2):
 PSYoungGen      total 176128K, used 12975K [0x000000076ce00000, 0x000000077ea00000, 0x00000007c0000000)
  eden space 161280K, 0% used [0x000000076ce00000,0x000000076ce00000,0x0000000776b80000)
  from space 14848K, 87% used [0x0000000776b80000,0x000000077782bc00,0x0000000777a00000)
  to   space 15872K, 0% used [0x000000077da80000,0x000000077da80000,0x000000077ea00000)
 ParOldGen       total 107008K, used 12843K [0x00000006c6a00000, 0x00000006cd280000, 0x000000076ce00000)
  object space 107008K, 12% used [0x00000006c6a00000,0x00000006c768add8,0x00000006cd280000)
 Metaspace       used 34619K, capacity 35050K, committed 35264K, reserved 1079296K
  class space    used 4541K, capacity 4673K, committed 4736K, reserved 1048576K
Event: 7.884 GC heap after
Heap after GC invocations=9 (full 2):
 PSYoungGen      total 176128K, used 0K [0x000000076ce00000, 0x000000077ea00000, 0x00000007c0000000)
  eden space 161280K, 0% used [0x000000076ce00000,0x000000076ce00000,0x0000000776b80000)
  from space 14848K, 0% used [0x0000000776b80000,0x0000000776b80000,0x0000000777a00000)
  to   space 15872K, 0% used [0x000000077da80000,0x000000077da80000,0x000000077ea00000)
 ParOldGen       total 166912K, used 23543K [0x00000006c6a00000, 0x00000006d0d00000, 0x000000076ce00000)
  object space 166912K, 14% used [0x00000006c6a00000,0x00000006c80fdfc8,0x00000006d0d00000)
 Metaspace       used 34619K, capacity 35050K, committed 35264K, reserved 1079296K
  class space    used 4541K, capacity 4673K, committed 4736K, reserved 1048576K
}
Event: 8.947 GC heap before
{Heap before GC invocations=10 (full 2):
 PSYoungGen      total 176128K, used 161280K [0x000000076ce00000, 0x000000077ea00000, 0x00000007c0000000)
  eden space 161280K, 100% used [0x000000076ce00000,0x0000000776b80000,0x0000000776b80000)
  from space 14848K, 0% used [0x0000000776b80000,0x0000000776b80000,0x0000000777a00000)
  to   space 15872K, 0% used [0x000000077da80000,0x000000077da80000,0x000000077ea00000)
 ParOldGen       total 166912K, used 23543K [0x00000006c6a00000, 0x00000006d0d00000, 0x000000076ce00000)
  object space 166912K, 14% used [0x00000006c6a00000,0x00000006c80fdfc8,0x00000006d0d00000)
 Metaspace       used 39660K, capacity 40142K, committed 40448K, reserved 1083392K
  class space    used 5725K, capacity 5842K, committed 5888K, reserved 1048576K
Event: 8.953 GC heap after
Heap after GC invocations=10 (full 2):
 PSYoungGen      total 235008K, used 6165K [0x000000076ce00000, 0x000000077e100000, 0x00000007c0000000)
  eden space 228352K, 0% used [0x000000076ce00000,0x000000076ce00000,0x000000077ad00000)
  from space 6656K, 92% used [0x000000077da80000,0x000000077e085630,0x000000077e100000)
  to   space 15872K, 0% used [0x000000077c200000,0x000000077c200000,0x000000077d180000)
 ParOldGen       total 166912K, used 23551K [0x00000006c6a00000, 0x00000006d0d00000, 0x000000076ce00000)
  object space 166912K, 14% used [0x00000006c6a00000,0x00000006c80fffc8,0x00000006d0d00000)
 Metaspace       used 39660K, capacity 40142K, committed 40448K, reserved 1083392K
  class space    used 5725K, capacity 5842K, committed 5888K, reserved 1048576K
}
Event: 55.128 GC heap before
{Heap before GC invocations=11 (full 2):
 PSYoungGen      total 235008K, used 234517K [0x000000076ce00000, 0x000000077e100000, 0x00000007c0000000)
  eden space 228352K, 100% used [0x000000076ce00000,0x000000077ad00000,0x000000077ad00000)
  from space 6656K, 92% used [0x000000077da80000,0x000000077e085630,0x000000077e100000)
  to   space 15872K, 0% used [0x000000077c200000,0x000000077c200000,0x000000077d180000)
 ParOldGen       total 166912K, used 23551K [0x00000006c6a00000, 0x00000006d0d00000, 0x000000076ce00000)
  object space 166912K, 14% used [0x00000006c6a00000,0x00000006c80fffc8,0x00000006d0d00000)
 Metaspace       used 52644K, capacity 53362K, committed 53504K, reserved 1095680K
  class space    used 7481K, capacity 7656K, committed 7680K, reserved 1048576K
Event: 55.148 GC heap after
Heap after GC invocations=11 (full 2):
 PSYoungGen      total 265728K, used 15865K [0x000000076ce00000, 0x0000000780100000, 0x00000007c0000000)
  eden space 249856K, 0% used [0x000000076ce00000,0x000000076ce00000,0x000000077c200000)
  from space 15872K, 99% used [0x000000077c200000,0x000000077d17e760,0x000000077d180000)
  to   space 18944K, 0% used [0x000000077ee80000,0x000000077ee80000,0x0000000780100000)
 ParOldGen       total 166912K, used 26292K [0x00000006c6a00000, 0x00000006d0d00000, 0x000000076ce00000)
  object space 166912K, 15% used [0x00000006c6a00000,0x00000006c83ad190,0x00000006d0d00000)
 Metaspace       used 52644K, capacity 53362K, committed 53504K, reserved 1095680K
  class space    used 7481K, capacity 7656K, committed 7680K, reserved 1048576K
}
Event: 705.455 GC heap before
{Heap before GC invocations=12 (full 2):
 PSYoungGen      total 265728K, used 210271K [0x000000076ce00000, 0x0000000780100000, 0x00000007c0000000)
  eden space 249856K, 77% used [0x000000076ce00000,0x0000000778bd97e8,0x000000077c200000)
  from space 15872K, 99% used [0x000000077c200000,0x000000077d17e760,0x000000077d180000)
  to   space 18944K, 0% used [0x000000077ee80000,0x000000077ee80000,0x0000000780100000)
 ParOldGen       total 166912K, used 26292K [0x00000006c6a00000, 0x00000006d0d00000, 0x000000076ce00000)
  object space 166912K, 15% used [0x00000006c6a00000,0x00000006c83ad190,0x00000006d0d00000)
 Metaspace       used 57096K, capacity 58270K, committed 58368K, reserved 1099776K
  class space    used 8150K, capacity 8404K, committed 8448K, reserved 1048576K
Event: 705.473 GC heap after
Heap after GC invocations=12 (full 2):
 PSYoungGen      total 260096K, used 17458K [0x000000076ce00000, 0x0000000780000000, 0x00000007c0000000)
  eden space 242176K, 0% used [0x000000076ce00000,0x000000076ce00000,0x000000077ba80000)
  from space 17920K, 97% used [0x000000077ee80000,0x000000077ff8cb30,0x0000000780000000)
  to   space 20992K, 0% used [0x000000077d700000,0x000000077d700000,0x000000077eb80000)
 ParOldGen       total 166912K, used 26300K [0x00000006c6a00000, 0x00000006d0d00000, 0x000000076ce00000)
  object space 166912K, 15% used [0x00000006c6a00000,0x00000006c83af190,0x00000006d0d00000)
 Metaspace       used 57096K, capacity 58270K, committed 58368K, reserved 1099776K
  class space    used 8150K, capacity 8404K, committed 8448K, reserved 1048576K
}
Event: 705.473 GC heap before
{Heap before GC invocations=13 (full 3):
 PSYoungGen      total 260096K, used 17458K [0x000000076ce00000, 0x0000000780000000, 0x00000007c0000000)
  eden space 242176K, 0% used [0x000000076ce00000,0x000000076ce00000,0x000000077ba80000)
  from space 17920K, 97% used [0x000000077ee80000,0x000000077ff8cb30,0x0000000780000000)
  to   space 20992K, 0% used [0x000000077d700000,0x000000077d700000,0x000000077eb80000)
 ParOldGen       total 166912K, used 26300K [0x00000006c6a00000, 0x00000006d0d00000, 0x000000076ce00000)
  object space 166912K, 15% used [0x00000006c6a00000,0x00000006c83af190,0x00000006d0d00000)
 Metaspace       used 57096K, capacity 58270K, committed 58368K, reserved 1099776K
  class space    used 8150K, capacity 8404K, committed 8448K, reserved 1048576K
Event: 705.696 GC heap after
Heap after GC invocations=13 (full 3):
 PSYoungGen      total 260096K, used 0K [0x000000076ce00000, 0x0000000780000000, 0x00000007c0000000)
  eden space 242176K, 0% used [0x000000076ce00000,0x000000076ce00000,0x000000077ba80000)
  from space 17920K, 0% used [0x000000077ee80000,0x000000077ee80000,0x0000000780000000)
  to   space 20992K, 0% used [0x000000077d700000,0x000000077d700000,0x000000077eb80000)
 ParOldGen       total 233984K, used 36810K [0x00000006c6a00000, 0x00000006d4e80000, 0x000000076ce00000)
  object space 233984K, 15% used [0x00000006c6a00000,0x00000006c8df2910,0x00000006d4e80000)
 Metaspace       used 57036K, capacity 58186K, committed 58368K, reserved 1099776K
  class space    used 8149K, capacity 8400K, committed 8448K, reserved 1048576K
}

