# JRE version: Java(TM) SE Runtime Environment (8.0_20-b17) (build 1.8.0_20-ea-b17)
# Java VM: Java HotSpot(TM) 64-Bit Server VM (25.20-b17 mixed mode linux-amd64 compressed oops)
Heap:
 PSYoungGen      total 283136K, used 211680K [0x000000076ce00000, 0x0000000781a80000, 0x00000007c0000000)
  eden space 263168K, 79% used [0x000000076ce00000,0x00000007799856d0,0x000000077cf00000)
  from space 19968K, 16% used [0x000000077cf00000,0x000000077d232b48,0x000000077e280000)
  to   space 20480K, 0% used [0x0000000780680000,0x0000000780680000,0x0000000781a80000)
 ParOldGen       total 253952K, used 34577K [0x00000006c6a00000, 0x00000006d6200000, 0x000000076ce00000)
  object space 253952K, 13% used [0x00000006c6a00000,0x00000006c8bc46c0,0x00000006d6200000)
 Metaspace       used 59114K, capacity 60418K, committed 60672K, reserved 1101824K
  class space    used 8358K, capacity 8660K, committed 8704K, reserved 1048576K
GC Heap History (10 events):
Event: 56.704 GC heap before
{Heap before GC invocations=12 (full 2):
 PSYoungGen      total 208384K, used 202790K [0x000000076ce00000, 0x000000077cf00000, 0x00000007c0000000)
  eden space 192512K, 100% used [0x000000076ce00000,0x0000000778a00000,0x0000000778a00000)
  from space 15872K, 64% used [0x0000000778a00000,0x0000000779409b08,0x0000000779980000)
  to   space 15872K, 0% used [0x000000077bf80000,0x000000077bf80000,0x000000077cf00000)
 ParOldGen       total 181248K, used 23669K [0x00000006c6a00000, 0x00000006d1b00000, 0x000000076ce00000)
  object space 181248K, 13% used [0x00000006c6a00000,0x00000006c811d598,0x00000006d1b00000)
 Metaspace       used 56342K, capacity 57376K, committed 57472K, reserved 1097728K
  class space    used 8031K, capacity 8261K, committed 8320K, reserved 1048576K
Event: 56.724 GC heap after
Heap after GC invocations=12 (full 2):
 PSYoungGen      total 242176K, used 15855K [0x000000076ce00000, 0x000000077cf00000, 0x00000007c0000000)
  eden space 226304K, 0% used [0x000000076ce00000,0x000000076ce00000,0x000000077ab00000)
  from space 15872K, 99% used [0x000000077bf80000,0x000000077cefbeb0,0x000000077cf00000)
  to   space 18432K, 0% used [0x000000077ab00000,0x000000077ab00000,0x000000077bd00000)
 ParOldGen       total 181248K, used 26760K [0x00000006c6a00000, 0x00000006d1b00000, 0x000000076ce00000)
  object space 181248K, 14% used [0x00000006c6a00000,0x00000006c84220b0,0x00000006d1b00000)
 Metaspace       used 56342K, capacity 57376K, committed 57472K, reserved 1097728K
  class space    used 8031K, capacity 8261K, committed 8320K, reserved 1048576K
}
Event: 59.019 GC heap before
{Heap before GC invocations=13 (full 2):
 PSYoungGen      total 242176K, used 71756K [0x000000076ce00000, 0x000000077cf00000, 0x00000007c0000000)
  eden space 226304K, 24% used [0x000000076ce00000,0x0000000770497418,0x000000077ab00000)
  from space 15872K, 99% used [0x000000077bf80000,0x000000077cefbeb0,0x000000077cf00000)
  to   space 18432K, 0% used [0x000000077ab00000,0x000000077ab00000,0x000000077bd00000)
 ParOldGen       total 181248K, used 26760K [0x00000006c6a00000, 0x00000006d1b00000, 0x000000076ce00000)
  object space 181248K, 14% used [0x00000006c6a00000,0x00000006c84220b0,0x00000006d1b00000)
 Metaspace       used 57224K, capacity 58348K, committed 58496K, reserved 1099776K
  class space    used 8184K, capacity 8471K, committed 8576K, reserved 1048576K
Event: 59.034 GC heap after
Heap after GC invocations=13 (full 2):
 PSYoungGen      total 244736K, used 14994K [0x000000076ce00000, 0x000000077f580000, 0x00000007c0000000)
  eden space 226304K, 0% used [0x000000076ce00000,0x000000076ce00000,0x000000077ab00000)
  from space 18432K, 81% used [0x000000077ab00000,0x000000077b9a4978,0x000000077bd00000)
  to   space 19456K, 0% used [0x000000077e280000,0x000000077e280000,0x000000077f580000)
 ParOldGen       total 181248K, used 26768K [0x00000006c6a00000, 0x00000006d1b00000, 0x000000076ce00000)
  object space 181248K, 14% used [0x00000006c6a00000,0x00000006c84240b0,0x00000006d1b00000)
 Metaspace       used 57224K, capacity 58348K, committed 58496K, reserved 1099776K
  class space    used 8184K, capacity 8471K, committed 8576K, reserved 1048576K
}
Event: 59.034 GC heap before
{Heap before GC invocations=14 (full 3):
 PSYoungGen      total 244736K, used 14994K [0x000000076ce00000, 0x000000077f580000, 0x00000007c0000000)
  eden space 226304K, 0% used [0x000000076ce00000,0x000000076ce00000,0x000000077ab00000)
  from space 18432K, 81% used [0x000000077ab00000,0x000000077b9a4978,0x000000077bd00000)
  to   space 19456K, 0% used [0x000000077e280000,0x000000077e280000,0x000000077f580000)
 ParOldGen       total 181248K, used 26768K [0x00000006c6a00000, 0x00000006d1b00000, 0x000000076ce00000)
  object space 181248K, 14% used [0x00000006c6a00000,0x00000006c84240b0,0x00000006d1b00000)
 Metaspace       used 57224K, capacity 58348K, committed 58496K, reserved 1099776K
  class space    used 8184K, capacity 8471K, committed 8576K, reserved 1048576K
Event: 59.233 GC heap after
Heap after GC invocations=14 (full 3):
 PSYoungGen      total 244736K, used 0K [0x000000076ce00000, 0x000000077f580000, 0x00000007c0000000)
  eden space 226304K, 0% used [0x000000076ce00000,0x000000076ce00000,0x000000077ab00000)
  from space 18432K, 0% used [0x000000077ab00000,0x000000077ab00000,0x000000077bd00000)
  to   space 19456K, 0% used [0x000000077e280000,0x000000077e280000,0x000000077f580000)
 ParOldGen       total 253952K, used 34561K [0x00000006c6a00000, 0x00000006d6200000, 0x000000076ce00000)
  object space 253952K, 13% used [0x00000006c6a00000,0x00000006c8bc06c0,0x00000006d6200000)
 Metaspace       used 57164K, capacity 58264K, committed 58496K, reserved 1099776K
  class space    used 8183K, capacity 8467K, committed 8576K, reserved 1048576K
}
Event: 97.919 GC heap before
{Heap before GC invocations=15 (full 3):
 PSYoungGen      total 244736K, used 226304K [0x000000076ce00000, 0x000000077f580000, 0x00000007c0000000)
  eden space 226304K, 100% used [0x000000076ce00000,0x000000077ab00000,0x000000077ab00000)
  from space 18432K, 0% used [0x000000077ab00000,0x000000077ab00000,0x000000077bd00000)
  to   space 19456K, 0% used [0x000000077e280000,0x000000077e280000,0x000000077f580000)
 ParOldGen       total 253952K, used 34561K [0x00000006c6a00000, 0x00000006d6200000, 0x000000076ce00000)
  object space 253952K, 13% used [0x00000006c6a00000,0x00000006c8bc06c0,0x00000006d6200000)
 Metaspace       used 58130K, capacity 59362K, committed 59648K, reserved 1099776K
  class space    used 8301K, capacity 8596K, committed 8704K, reserved 1048576K
Event: 97.924 GC heap after
Heap after GC invocations=15 (full 3):
 PSYoungGen      total 282624K, used 2092K [0x000000076ce00000, 0x000000077f780000, 0x00000007c0000000)
  eden space 263168K, 0% used [0x000000076ce00000,0x000000076ce00000,0x000000077cf00000)
  from space 19456K, 10% used [0x000000077e280000,0x000000077e48b258,0x000000077f580000)
  to   space 19968K, 0% used [0x000000077cf00000,0x000000077cf00000,0x000000077e280000)
 ParOldGen       total 253952K, used 34569K [0x00000006c6a00000, 0x00000006d6200000, 0x000000076ce00000)
  object space 253952K, 13% used [0x00000006c6a00000,0x00000006c8bc26c0,0x00000006d6200000)
 Metaspace       used 58130K, capacity 59362K, committed 59648K, reserved 1099776K
  class space    used 8301K, capacity 8596K, committed 8704K, reserved 1048576K
}
Event: 224.205 GC heap before
{Heap before GC invocations=16 (full 3):
 PSYoungGen      total 282624K, used 265167K [0x000000076ce00000, 0x000000077f780000, 0x00000007c0000000)
  eden space 263168K, 99% used [0x000000076ce00000,0x000000077cee8d70,0x000000077cf00000)
  from space 19456K, 10% used [0x000000077e280000,0x000000077e48b258,0x000000077f580000)
  to   space 19968K, 0% used [0x000000077cf00000,0x000000077cf00000,0x000000077e280000)
 ParOldGen       total 253952K, used 34569K [0x00000006c6a00000, 0x00000006d6200000, 0x000000076ce00000)
  object space 253952K, 13% used [0x00000006c6a00000,0x00000006c8bc26c0,0x00000006d6200000)
 Metaspace       used 58726K, capacity 60010K, committed 60160K, reserved 1101824K
  class space    used 8330K, capacity 8656K, committed 8704K, reserved 1048576K
Event: 224.211 GC heap after
Heap after GC invocations=16 (full 3):
 PSYoungGen      total 283136K, used 3274K [0x000000076ce00000, 0x0000000781a80000, 0x00000007c0000000)
  eden space 263168K, 0% used [0x000000076ce00000,0x000000076ce00000,0x000000077cf00000)
  from space 19968K, 16% used [0x000000077cf00000,0x000000077d232b48,0x000000077e280000)
  to   space 20480K, 0% used [0x0000000780680000,0x0000000780680000,0x0000000781a80000)
 ParOldGen       total 253952K, used 34577K [0x00000006c6a00000, 0x00000006d6200000, 0x000000076ce00000)
  object space 253952K, 13% used [0x00000006c6a00000,0x00000006c8bc46c0,0x00000006d6200000)
 Metaspace       used 58726K, capacity 60010K, committed 60160K, reserved 1101824K
  class space    used 8330K, capacity 8656K, committed 8704K, reserved 1048576K
}

