# JRE version: Java(TM) SE Runtime Environment (8.0_20-b17) (build 1.8.0_20-ea-b17)
# Java VM: Java HotSpot(TM) 64-Bit Server VM (25.20-b17 mixed mode linux-amd64 compressed oops)
Heap:
 PSYoungGen      total 250880K, used 155445K [0x000000076ce00000, 0x000000077dc80000, 0x00000007c0000000)
  eden space 238080K, 64% used [0x000000076ce00000,0x00000007763c6a28,0x000000077b680000)
  from space 12800K, 16% used [0x000000077d000000,0x000000077d206b48,0x000000077dc80000)
  to   space 19456K, 0% used [0x000000077b680000,0x000000077b680000,0x000000077c980000)
 ParOldGen       total 248320K, used 34760K [0x00000006c6a00000, 0x00000006d5c80000, 0x000000076ce00000)
  object space 248320K, 13% used [0x00000006c6a00000,0x00000006c8bf21a0,0x00000006d5c80000)
 Metaspace       used 59480K, capacity 60706K, committed 60928K, reserved 1101824K
  class space    used 8310K, capacity 8596K, committed 8704K, reserved 1048576K
GC Heap History (10 events):
Event: 1732.100 GC heap before
{Heap before GC invocations=17 (full 3):
 PSYoungGen      total 273920K, used 273817K [0x000000076ce00000, 0x000000077ff80000, 0x00000007c0000000)
  eden space 271872K, 100% used [0x000000076ce00000,0x000000077d780000,0x000000077d780000)
  from space 2048K, 95% used [0x000000077df00000,0x000000077e0e6758,0x000000077e100000)
  to   space 20480K, 0% used [0x000000077eb80000,0x000000077eb80000,0x000000077ff80000)
 ParOldGen       total 248320K, used 34728K [0x00000006c6a00000, 0x00000006d5c80000, 0x000000076ce00000)
  object space 248320K, 13% used [0x00000006c6a00000,0x00000006c8bea1a0,0x00000006d5c80000)
 Metaspace       used 58778K, capacity 60036K, committed 60416K, reserved 1101824K
  class space    used 8289K, capacity 8591K, committed 8704K, reserved 1048576K
Event: 1732.105 GC heap after
Heap after GC invocations=17 (full 3):
 PSYoungGen      total 278016K, used 1992K [0x000000076ce00000, 0x000000077f880000, 0x00000007c0000000)
  eden space 264704K, 0% used [0x000000076ce00000,0x000000076ce00000,0x000000077d080000)
  from space 13312K, 14% used [0x000000077eb80000,0x000000077ed721c0,0x000000077f880000)
  to   space 20480K, 0% used [0x000000077d080000,0x000000077d080000,0x000000077e480000)
 ParOldGen       total 248320K, used 34736K [0x00000006c6a00000, 0x00000006d5c80000, 0x000000076ce00000)
  object space 248320K, 13% used [0x00000006c6a00000,0x00000006c8bec1a0,0x00000006d5c80000)
 Metaspace       used 58778K, capacity 60036K, committed 60416K, reserved 1101824K
  class space    used 8289K, capacity 8591K, committed 8704K, reserved 1048576K
}
Event: 2481.349 GC heap before
{Heap before GC invocations=18 (full 3):
 PSYoungGen      total 278016K, used 266696K [0x000000076ce00000, 0x000000077f880000, 0x00000007c0000000)
  eden space 264704K, 100% used [0x000000076ce00000,0x000000077d080000,0x000000077d080000)
  from space 13312K, 14% used [0x000000077eb80000,0x000000077ed721c0,0x000000077f880000)
  to   space 20480K, 0% used [0x000000077d080000,0x000000077d080000,0x000000077e480000)
 ParOldGen       total 248320K, used 34736K [0x00000006c6a00000, 0x00000006d5c80000, 0x000000076ce00000)
  object space 248320K, 13% used [0x00000006c6a00000,0x00000006c8bec1a0,0x00000006d5c80000)
 Metaspace       used 58986K, capacity 60292K, committed 60672K, reserved 1101824K
  class space    used 8289K, capacity 8591K, committed 8704K, reserved 1048576K
Event: 2481.354 GC heap after
Heap after GC invocations=18 (full 3):
 PSYoungGen      total 259584K, used 1918K [0x000000076ce00000, 0x000000077f180000, 0x00000007c0000000)
  eden space 257536K, 0% used [0x000000076ce00000,0x000000076ce00000,0x000000077c980000)
  from space 2048K, 93% used [0x000000077d080000,0x000000077d25f960,0x000000077d280000)
  to   space 20480K, 0% used [0x000000077dd80000,0x000000077dd80000,0x000000077f180000)
 ParOldGen       total 248320K, used 34744K [0x00000006c6a00000, 0x00000006d5c80000, 0x000000076ce00000)
  object space 248320K, 13% used [0x00000006c6a00000,0x00000006c8bee1a0,0x00000006d5c80000)
 Metaspace       used 58986K, capacity 60292K, committed 60672K, reserved 1101824K
  class space    used 8289K, capacity 8591K, committed 8704K, reserved 1048576K
}
Event: 3217.088 GC heap before
{Heap before GC invocations=19 (full 3):
 PSYoungGen      total 259584K, used 259454K [0x000000076ce00000, 0x000000077f180000, 0x00000007c0000000)
  eden space 257536K, 100% used [0x000000076ce00000,0x000000077c980000,0x000000077c980000)
  from space 2048K, 93% used [0x000000077d080000,0x000000077d25f960,0x000000077d280000)
  to   space 20480K, 0% used [0x000000077dd80000,0x000000077dd80000,0x000000077f180000)
 ParOldGen       total 248320K, used 34744K [0x00000006c6a00000, 0x00000006d5c80000, 0x000000076ce00000)
  object space 248320K, 13% used [0x00000006c6a00000,0x00000006c8bee1a0,0x00000006d5c80000)
 Metaspace       used 59123K, capacity 60356K, committed 60672K, reserved 1101824K
  class space    used 8289K, capacity 8591K, committed 8704K, reserved 1048576K
Event: 3217.098 GC heap after
Heap after GC invocations=19 (full 3):
 PSYoungGen      total 263680K, used 1966K [0x000000076ce00000, 0x000000077ea00000, 0x00000007c0000000)
  eden space 250880K, 0% used [0x000000076ce00000,0x000000076ce00000,0x000000077c300000)
  from space 12800K, 15% used [0x000000077dd80000,0x000000077df6b960,0x000000077ea00000)
  to   space 19968K, 0% used [0x000000077c300000,0x000000077c300000,0x000000077d680000)
 ParOldGen       total 248320K, used 34752K [0x00000006c6a00000, 0x00000006d5c80000, 0x000000076ce00000)
  object space 248320K, 13% used [0x00000006c6a00000,0x00000006c8bf01a0,0x00000006d5c80000)
 Metaspace       used 59123K, capacity 60356K, committed 60672K, reserved 1101824K
  class space    used 8289K, capacity 8591K, committed 8704K, reserved 1048576K
}
Event: 3917.355 GC heap before
{Heap before GC invocations=20 (full 3):
 PSYoungGen      total 263680K, used 252846K [0x000000076ce00000, 0x000000077ea00000, 0x00000007c0000000)
  eden space 250880K, 100% used [0x000000076ce00000,0x000000077c300000,0x000000077c300000)
  from space 12800K, 15% used [0x000000077dd80000,0x000000077df6b960,0x000000077ea00000)
  to   space 19968K, 0% used [0x000000077c300000,0x000000077c300000,0x000000077d680000)
 ParOldGen       total 248320K, used 34752K [0x00000006c6a00000, 0x00000006d5c80000, 0x000000076ce00000)
  object space 248320K, 13% used [0x00000006c6a00000,0x00000006c8bf01a0,0x00000006d5c80000)
 Metaspace       used 59280K, capacity 60484K, committed 60672K, reserved 1101824K
  class space    used 8289K, capacity 8591K, committed 8704K, reserved 1048576K
Event: 3917.365 GC heap after
Heap after GC invocations=20 (full 3):
 PSYoungGen      total 246272K, used 1930K [0x000000076ce00000, 0x000000077e380000, 0x00000007c0000000)
  eden space 244224K, 0% used [0x000000076ce00000,0x000000076ce00000,0x000000077bc80000)
  from space 2048K, 94% used [0x000000077c300000,0x000000077c4e2b88,0x000000077c500000)
  to   space 19968K, 0% used [0x000000077d000000,0x000000077d000000,0x000000077e380000)
 ParOldGen       total 248320K, used 34752K [0x00000006c6a00000, 0x00000006d5c80000, 0x000000076ce00000)
  object space 248320K, 13% used [0x00000006c6a00000,0x00000006c8bf01a0,0x00000006d5c80000)
 Metaspace       used 59280K, capacity 60484K, committed 60672K, reserved 1101824K
  class space    used 8289K, capacity 8591K, committed 8704K, reserved 1048576K
}
Event: 4562.268 GC heap before
{Heap before GC invocations=21 (full 3):
 PSYoungGen      total 246272K, used 246154K [0x000000076ce00000, 0x000000077e380000, 0x00000007c0000000)
  eden space 244224K, 100% used [0x000000076ce00000,0x000000077bc80000,0x000000077bc80000)
  from space 2048K, 94% used [0x000000077c300000,0x000000077c4e2b88,0x000000077c500000)
  to   space 19968K, 0% used [0x000000077d000000,0x000000077d000000,0x000000077e380000)
 ParOldGen       total 248320K, used 34752K [0x00000006c6a00000, 0x00000006d5c80000, 0x000000076ce00000)
  object space 248320K, 13% used [0x00000006c6a00000,0x00000006c8bf01a0,0x00000006d5c80000)
 Metaspace       used 59318K, capacity 60612K, committed 60928K, reserved 1101824K
  class space    used 8289K, capacity 8591K, committed 8704K, reserved 1048576K
Event: 4562.279 GC heap after
Heap after GC invocations=21 (full 3):
 PSYoungGen      total 250880K, used 2074K [0x000000076ce00000, 0x000000077dc80000, 0x00000007c0000000)
  eden space 238080K, 0% used [0x000000076ce00000,0x000000076ce00000,0x000000077b680000)
  from space 12800K, 16% used [0x000000077d000000,0x000000077d206b48,0x000000077dc80000)
  to   space 19456K, 0% used [0x000000077b680000,0x000000077b680000,0x000000077c980000)
 ParOldGen       total 248320K, used 34760K [0x00000006c6a00000, 0x00000006d5c80000, 0x000000076ce00000)
  object space 248320K, 13% used [0x00000006c6a00000,0x00000006c8bf21a0,0x00000006d5c80000)
 Metaspace       used 59318K, capacity 60612K, committed 60928K, reserved 1101824K
  class space    used 8289K, capacity 8591K, committed 8704K, reserved 1048576K
}

