# JRE version: Java(TM) SE Runtime Environment (8.0_20-b17) (build 1.8.0_20-ea-b17)
# Java VM: Java HotSpot(TM) 64-Bit Server VM (25.20-b17 mixed mode linux-amd64 compressed oops)
Heap:
 PSYoungGen      total 243200K, used 201940K [0x000000076ce00000, 0x000000077f900000, 0x00000007c0000000)
  eden space 225280K, 89% used [0x000000076ce00000,0x00000007793350a8,0x000000077aa00000)
  from space 17920K, 0% used [0x000000077aa00000,0x000000077aa00000,0x000000077bb80000)
  to   space 18944K, 0% used [0x000000077e680000,0x000000077e680000,0x000000077f900000)
 ParOldGen       total 262144K, used 34932K [0x00000006c6a00000, 0x00000006d6a00000, 0x000000076ce00000)
  object space 262144K, 13% used [0x00000006c6a00000,0x00000006c8c1d348,0x00000006d6a00000)
 Metaspace       used 58047K, capacity 59294K, committed 59624K, reserved 1099776K
  class space    used 8309K, capacity 8622K, committed 8704K, reserved 1048576K
GC Heap History (10 events):
Event: 5.645 GC heap before
{Heap before GC invocations=10 (full 2):
 PSYoungGen      total 144384K, used 129536K [0x000000076ce00000, 0x000000077a180000, 0x00000007c0000000)
  eden space 129536K, 100% used [0x000000076ce00000,0x0000000774c80000,0x0000000774c80000)
  from space 14848K, 0% used [0x0000000774c80000,0x0000000774c80000,0x0000000775b00000)
  to   space 16384K, 0% used [0x0000000779180000,0x0000000779180000,0x000000077a180000)
 ParOldGen       total 186368K, used 23648K [0x00000006c6a00000, 0x00000006d2000000, 0x000000076ce00000)
  object space 186368K, 12% used [0x00000006c6a00000,0x00000006c8118098,0x00000006d2000000)
 Metaspace       used 41487K, capacity 42268K, committed 42368K, reserved 1085440K
  class space    used 6064K, capacity 6239K, committed 6272K, reserved 1048576K
Event: 5.665 GC heap after
Heap after GC invocations=10 (full 2):
 PSYoungGen      total 200704K, used 8432K [0x000000076ce00000, 0x000000077a200000, 0x00000007c0000000)
  eden space 184320K, 0% used [0x000000076ce00000,0x000000076ce00000,0x0000000778200000)
  from space 16384K, 51% used [0x0000000779180000,0x00000007799bc348,0x000000077a180000)
  to   space 15872K, 0% used [0x0000000778200000,0x0000000778200000,0x0000000779180000)
 ParOldGen       total 186368K, used 23656K [0x00000006c6a00000, 0x00000006d2000000, 0x000000076ce00000)
  object space 186368K, 12% used [0x00000006c6a00000,0x00000006c811a098,0x00000006d2000000)
 Metaspace       used 41487K, capacity 42268K, committed 42368K, reserved 1085440K
  class space    used 6064K, capacity 6239K, committed 6272K, reserved 1048576K
}
Event: 6.928 GC heap before
{Heap before GC invocations=11 (full 2):
 PSYoungGen      total 200704K, used 192752K [0x000000076ce00000, 0x000000077a200000, 0x00000007c0000000)
  eden space 184320K, 100% used [0x000000076ce00000,0x0000000778200000,0x0000000778200000)
  from space 16384K, 51% used [0x0000000779180000,0x00000007799bc348,0x000000077a180000)
  to   space 15872K, 0% used [0x0000000778200000,0x0000000778200000,0x0000000779180000)
 ParOldGen       total 186368K, used 23656K [0x00000006c6a00000, 0x00000006d2000000, 0x000000076ce00000)
  object space 186368K, 12% used [0x00000006c6a00000,0x00000006c811a098,0x00000006d2000000)
 Metaspace       used 46943K, capacity 47766K, committed 48000K, reserved 1089536K
  class space    used 6985K, capacity 7171K, committed 7296K, reserved 1048576K
Event: 6.943 GC heap after
Heap after GC invocations=11 (full 2):
 PSYoungGen      total 200192K, used 9590K [0x000000076ce00000, 0x000000077cb80000, 0x00000007c0000000)
  eden space 184320K, 0% used [0x000000076ce00000,0x000000076ce00000,0x0000000778200000)
  from space 15872K, 60% used [0x0000000778200000,0x0000000778b5da30,0x0000000779180000)
  to   space 14848K, 0% used [0x000000077bd00000,0x000000077bd00000,0x000000077cb80000)
 ParOldGen       total 186368K, used 23664K [0x00000006c6a00000, 0x00000006d2000000, 0x000000076ce00000)
  object space 186368K, 12% used [0x00000006c6a00000,0x00000006c811c098,0x00000006d2000000)
 Metaspace       used 46943K, capacity 47766K, committed 48000K, reserved 1089536K
  class space    used 6985K, capacity 7171K, committed 7296K, reserved 1048576K
}
Event: 11.195 GC heap before
{Heap before GC invocations=12 (full 2):
 PSYoungGen      total 200192K, used 193910K [0x000000076ce00000, 0x000000077cb80000, 0x00000007c0000000)
  eden space 184320K, 100% used [0x000000076ce00000,0x0000000778200000,0x0000000778200000)
  from space 15872K, 60% used [0x0000000778200000,0x0000000778b5da30,0x0000000779180000)
  to   space 14848K, 0% used [0x000000077bd00000,0x000000077bd00000,0x000000077cb80000)
 ParOldGen       total 186368K, used 23664K [0x00000006c6a00000, 0x00000006d2000000, 0x000000076ce00000)
  object space 186368K, 12% used [0x00000006c6a00000,0x00000006c811c098,0x00000006d2000000)
 Metaspace       used 55844K, capacity 56898K, committed 57216K, reserved 1097728K
  class space    used 8019K, capacity 8256K, committed 8320K, reserved 1048576K
Event: 11.219 GC heap after
Heap after GC invocations=12 (full 2):
 PSYoungGen      total 240128K, used 14823K [0x000000076ce00000, 0x000000077cd00000, 0x00000007c0000000)
  eden space 225280K, 0% used [0x000000076ce00000,0x000000076ce00000,0x000000077aa00000)
  from space 14848K, 99% used [0x000000077bd00000,0x000000077cb79e08,0x000000077cb80000)
  to   space 17920K, 0% used [0x000000077aa00000,0x000000077aa00000,0x000000077bb80000)
 ParOldGen       total 186368K, used 27844K [0x00000006c6a00000, 0x00000006d2000000, 0x000000076ce00000)
  object space 186368K, 14% used [0x00000006c6a00000,0x00000006c85310c0,0x00000006d2000000)
 Metaspace       used 55844K, capacity 56898K, committed 57216K, reserved 1097728K
  class space    used 8019K, capacity 8256K, committed 8320K, reserved 1048576K
}
Event: 17.165 GC heap before
{Heap before GC invocations=13 (full 2):
 PSYoungGen      total 240128K, used 99378K [0x000000076ce00000, 0x000000077cd00000, 0x00000007c0000000)
  eden space 225280K, 37% used [0x000000076ce00000,0x0000000772092a68,0x000000077aa00000)
  from space 14848K, 99% used [0x000000077bd00000,0x000000077cb79e08,0x000000077cb80000)
  to   space 17920K, 0% used [0x000000077aa00000,0x000000077aa00000,0x000000077bb80000)
 ParOldGen       total 186368K, used 27844K [0x00000006c6a00000, 0x00000006d2000000, 0x000000076ce00000)
  object space 186368K, 14% used [0x00000006c6a00000,0x00000006c85310c0,0x00000006d2000000)
 Metaspace       used 57122K, capacity 58340K, committed 58472K, reserved 1099776K
  class space    used 8210K, capacity 8491K, committed 8576K, reserved 1048576K
Event: 17.178 GC heap after
Heap after GC invocations=13 (full 2):
 PSYoungGen      total 243200K, used 15359K [0x000000076ce00000, 0x000000077f900000, 0x00000007c0000000)
  eden space 225280K, 0% used [0x000000076ce00000,0x000000076ce00000,0x000000077aa00000)
  from space 17920K, 85% used [0x000000077aa00000,0x000000077b8ffde8,0x000000077bb80000)
  to   space 18944K, 0% used [0x000000077e680000,0x000000077e680000,0x000000077f900000)
 ParOldGen       total 186368K, used 27852K [0x00000006c6a00000, 0x00000006d2000000, 0x000000076ce00000)
  object space 186368K, 14% used [0x00000006c6a00000,0x00000006c85330c0,0x00000006d2000000)
 Metaspace       used 57122K, capacity 58340K, committed 58472K, reserved 1099776K
  class space    used 8210K, capacity 8491K, committed 8576K, reserved 1048576K
}
Event: 17.178 GC heap before
{Heap before GC invocations=14 (full 3):
 PSYoungGen      total 243200K, used 15359K [0x000000076ce00000, 0x000000077f900000, 0x00000007c0000000)
  eden space 225280K, 0% used [0x000000076ce00000,0x000000076ce00000,0x000000077aa00000)
  from space 17920K, 85% used [0x000000077aa00000,0x000000077b8ffde8,0x000000077bb80000)
  to   space 18944K, 0% used [0x000000077e680000,0x000000077e680000,0x000000077f900000)
 ParOldGen       total 186368K, used 27852K [0x00000006c6a00000, 0x00000006d2000000, 0x000000076ce00000)
  object space 186368K, 14% used [0x00000006c6a00000,0x00000006c85330c0,0x00000006d2000000)
 Metaspace       used 57122K, capacity 58340K, committed 58472K, reserved 1099776K
  class space    used 8210K, capacity 8491K, committed 8576K, reserved 1048576K
Event: 17.370 GC heap after
Heap after GC invocations=14 (full 3):
 PSYoungGen      total 243200K, used 0K [0x000000076ce00000, 0x000000077f900000, 0x00000007c0000000)
  eden space 225280K, 0% used [0x000000076ce00000,0x000000076ce00000,0x000000077aa00000)
  from space 17920K, 0% used [0x000000077aa00000,0x000000077aa00000,0x000000077bb80000)
  to   space 18944K, 0% used [0x000000077e680000,0x000000077e680000,0x000000077f900000)
 ParOldGen       total 262144K, used 34932K [0x00000006c6a00000, 0x00000006d6a00000, 0x000000076ce00000)
  object space 262144K, 13% used [0x00000006c6a00000,0x00000006c8c1d348,0x00000006d6a00000)
 Metaspace       used 57062K, capacity 58256K, committed 58472K, reserved 1099776K
  class space    used 8208K, capacity 8487K, committed 8576K, reserved 1048576K
}

