# JRE version: Java(TM) SE Runtime Environment (8.0_20-b17) (build 1.8.0_20-ea-b17)
# Java VM: Java HotSpot(TM) 64-Bit Server VM (25.20-b17 mixed mode linux-amd64 compressed oops)
Heap:
 PSYoungGen      total 260096K, used 133652K [0x000000076ce00000, 0x0000000780d00000, 0x00000007c0000000)
  eden space 239104K, 54% used [0x000000076ce00000,0x0000000774e41070,0x000000077b780000)
  from space 20992K, 11% used [0x000000077b780000,0x000000077b9c4010,0x000000077cc00000)
  to   space 21504K, 0% used [0x000000077f800000,0x000000077f800000,0x0000000780d00000)
 ParOldGen       total 247808K, used 41362K [0x00000006c6a00000, 0x00000006d5c00000, 0x000000076ce00000)
  object space 247808K, 16% used [0x00000006c6a00000,0x00000006c9264938,0x00000006d5c00000)
 Metaspace       used 59232K, capacity 60508K, committed 60672K, reserved 1101824K
  class space    used 8402K, capacity 8676K, committed 8704K, reserved 1048576K
GC Heap History (10 events):
Event: 29.643 GC heap before
{Heap before GC invocations=10 (full 2):
 PSYoungGen      total 159744K, used 144896K [0x000000076ce00000, 0x000000077c280000, 0x00000007c0000000)
  eden space 144896K, 100% used [0x000000076ce00000,0x0000000775b80000,0x0000000775b80000)
  from space 14848K, 0% used [0x0000000775b80000,0x0000000775b80000,0x0000000776a00000)
  to   space 16384K, 0% used [0x000000077b280000,0x000000077b280000,0x000000077c280000)
 ParOldGen       total 173056K, used 23649K [0x00000006c6a00000, 0x00000006d1300000, 0x000000076ce00000)
  object space 173056K, 13% used [0x00000006c6a00000,0x00000006c8118790,0x00000006d1300000)
 Metaspace       used 39798K, capacity 40332K, committed 40704K, reserved 1083392K
  class space    used 5756K, capacity 5879K, committed 5888K, reserved 1048576K
Event: 29.652 GC heap after
Heap after GC invocations=10 (full 2):
 PSYoungGen      total 206336K, used 6930K [0x000000076ce00000, 0x000000077b980000, 0x00000007c0000000)
  eden space 199168K, 0% used [0x000000076ce00000,0x000000076ce00000,0x0000000779080000)
  from space 7168K, 96% used [0x000000077b280000,0x000000077b9449b0,0x000000077b980000)
  to   space 15872K, 0% used [0x0000000779a80000,0x0000000779a80000,0x000000077aa00000)
 ParOldGen       total 173056K, used 23657K [0x00000006c6a00000, 0x00000006d1300000, 0x000000076ce00000)
  object space 173056K, 13% used [0x00000006c6a00000,0x00000006c811a790,0x00000006d1300000)
 Metaspace       used 39798K, capacity 40332K, committed 40704K, reserved 1083392K
  class space    used 5756K, capacity 5879K, committed 5888K, reserved 1048576K
}
Event: 30.984 GC heap before
{Heap before GC invocations=11 (full 2):
 PSYoungGen      total 206336K, used 206098K [0x000000076ce00000, 0x000000077b980000, 0x00000007c0000000)
  eden space 199168K, 100% used [0x000000076ce00000,0x0000000779080000,0x0000000779080000)
  from space 7168K, 96% used [0x000000077b280000,0x000000077b9449b0,0x000000077b980000)
  to   space 15872K, 0% used [0x0000000779a80000,0x0000000779a80000,0x000000077aa00000)
 ParOldGen       total 173056K, used 23657K [0x00000006c6a00000, 0x00000006d1300000, 0x000000076ce00000)
  object space 173056K, 13% used [0x00000006c6a00000,0x00000006c811a790,0x00000006d1300000)
 Metaspace       used 45100K, capacity 45616K, committed 45952K, reserved 1089536K
  class space    used 6652K, capacity 6781K, committed 6784K, reserved 1048576K
Event: 30.998 GC heap after
Heap after GC invocations=11 (full 2):
 PSYoungGen      total 225280K, used 14794K [0x000000076ce00000, 0x000000077dd00000, 0x00000007c0000000)
  eden space 209408K, 0% used [0x000000076ce00000,0x000000076ce00000,0x0000000779a80000)
  from space 15872K, 93% used [0x0000000779a80000,0x000000077a8f2988,0x000000077aa00000)
  to   space 17408K, 0% used [0x000000077cc00000,0x000000077cc00000,0x000000077dd00000)
 ParOldGen       total 173056K, used 23665K [0x00000006c6a00000, 0x00000006d1300000, 0x000000076ce00000)
  object space 173056K, 13% used [0x00000006c6a00000,0x00000006c811c790,0x00000006d1300000)
 Metaspace       used 45100K, capacity 45616K, committed 45952K, reserved 1089536K
  class space    used 6652K, capacity 6781K, committed 6784K, reserved 1048576K
}
Event: 44.733 GC heap before
{Heap before GC invocations=12 (full 2):
 PSYoungGen      total 225280K, used 209562K [0x000000076ce00000, 0x000000077dd00000, 0x00000007c0000000)
  eden space 209408K, 93% used [0x000000076ce00000,0x0000000778c34078,0x0000000779a80000)
  from space 15872K, 93% used [0x0000000779a80000,0x000000077a8f2988,0x000000077aa00000)
  to   space 17408K, 0% used [0x000000077cc00000,0x000000077cc00000,0x000000077dd00000)
 ParOldGen       total 173056K, used 23665K [0x00000006c6a00000, 0x00000006d1300000, 0x000000076ce00000)
  object space 173056K, 13% used [0x00000006c6a00000,0x00000006c811c790,0x00000006d1300000)
 Metaspace       used 57450K, capacity 58428K, committed 58496K, reserved 1099776K
  class space    used 8266K, capacity 8532K, committed 8576K, reserved 1048576K
Event: 44.751 GC heap after
Heap after GC invocations=12 (full 2):
 PSYoungGen      total 256512K, used 17388K [0x000000076ce00000, 0x000000077e980000, 0x00000007c0000000)
  eden space 239104K, 0% used [0x000000076ce00000,0x000000076ce00000,0x000000077b780000)
  from space 17408K, 99% used [0x000000077cc00000,0x000000077dcfb2d8,0x000000077dd00000)
  to   space 20992K, 0% used [0x000000077b780000,0x000000077b780000,0x000000077cc00000)
 ParOldGen       total 173056K, used 28306K [0x00000006c6a00000, 0x00000006d1300000, 0x000000076ce00000)
  object space 173056K, 16% used [0x00000006c6a00000,0x00000006c85a4990,0x00000006d1300000)
 Metaspace       used 57450K, capacity 58428K, committed 58496K, reserved 1099776K
  class space    used 8266K, capacity 8532K, committed 8576K, reserved 1048576K
}
Event: 44.751 GC heap before
{Heap before GC invocations=13 (full 3):
 PSYoungGen      total 256512K, used 17388K [0x000000076ce00000, 0x000000077e980000, 0x00000007c0000000)
  eden space 239104K, 0% used [0x000000076ce00000,0x000000076ce00000,0x000000077b780000)
  from space 17408K, 99% used [0x000000077cc00000,0x000000077dcfb2d8,0x000000077dd00000)
  to   space 20992K, 0% used [0x000000077b780000,0x000000077b780000,0x000000077cc00000)
 ParOldGen       total 173056K, used 28306K [0x00000006c6a00000, 0x00000006d1300000, 0x000000076ce00000)
  object space 173056K, 16% used [0x00000006c6a00000,0x00000006c85a4990,0x00000006d1300000)
 Metaspace       used 57450K, capacity 58428K, committed 58496K, reserved 1099776K
  class space    used 8266K, capacity 8532K, committed 8576K, reserved 1048576K
Event: 44.937 GC heap after
Heap after GC invocations=13 (full 3):
 PSYoungGen      total 256512K, used 0K [0x000000076ce00000, 0x000000077e980000, 0x00000007c0000000)
  eden space 239104K, 0% used [0x000000076ce00000,0x000000076ce00000,0x000000077b780000)
  from space 17408K, 0% used [0x000000077cc00000,0x000000077cc00000,0x000000077dd00000)
  to   space 20992K, 0% used [0x000000077b780000,0x000000077b780000,0x000000077cc00000)
 ParOldGen       total 247808K, used 41354K [0x00000006c6a00000, 0x00000006d5c00000, 0x000000076ce00000)
  object space 247808K, 16% used [0x00000006c6a00000,0x00000006c9262938,0x00000006d5c00000)
 Metaspace       used 57429K, capacity 58400K, committed 58496K, reserved 1099776K
  class space    used 8264K, capacity 8528K, committed 8576K, reserved 1048576K
}
Event: 99.680 GC heap before
{Heap before GC invocations=14 (full 3):
 PSYoungGen      total 256512K, used 239104K [0x000000076ce00000, 0x000000077e980000, 0x00000007c0000000)
  eden space 239104K, 100% used [0x000000076ce00000,0x000000077b780000,0x000000077b780000)
  from space 17408K, 0% used [0x000000077cc00000,0x000000077cc00000,0x000000077dd00000)
  to   space 20992K, 0% used [0x000000077b780000,0x000000077b780000,0x000000077cc00000)
 ParOldGen       total 247808K, used 41354K [0x00000006c6a00000, 0x00000006d5c00000, 0x000000076ce00000)
  object space 247808K, 16% used [0x00000006c6a00000,0x00000006c9262938,0x00000006d5c00000)
 Metaspace       used 58531K, capacity 59770K, committed 59904K, reserved 1099776K
  class space    used 8377K, capacity 8671K, committed 8704K, reserved 1048576K
Event: 99.684 GC heap after
Heap after GC invocations=14 (full 3):
 PSYoungGen      total 260096K, used 2320K [0x000000076ce00000, 0x0000000780d00000, 0x00000007c0000000)
  eden space 239104K, 0% used [0x000000076ce00000,0x000000076ce00000,0x000000077b780000)
  from space 20992K, 11% used [0x000000077b780000,0x000000077b9c4010,0x000000077cc00000)
  to   space 21504K, 0% used [0x000000077f800000,0x000000077f800000,0x0000000780d00000)
 ParOldGen       total 247808K, used 41362K [0x00000006c6a00000, 0x00000006d5c00000, 0x000000076ce00000)
  object space 247808K, 16% used [0x00000006c6a00000,0x00000006c9264938,0x00000006d5c00000)
 Metaspace       used 58531K, capacity 59770K, committed 59904K, reserved 1099776K
  class space    used 8377K, capacity 8671K, committed 8704K, reserved 1048576K
}

