# JRE version: Java(TM) SE Runtime Environment (8.0_20-b17) (build 1.8.0_20-ea-b17)
# Java VM: Java HotSpot(TM) 64-Bit Server VM (25.20-b17 mixed mode linux-amd64 compressed oops)
Heap:
 PSYoungGen      total 334848K, used 30167K [0x000000076ce00000, 0x0000000784780000, 0x00000007c0000000)
  eden space 316928K, 4% used [0x000000076ce00000,0x000000076dd04b28,0x0000000780380000)
  from space 17920K, 82% used [0x0000000780380000,0x00000007811f1470,0x0000000781500000)
  to   space 18944K, 0% used [0x0000000783500000,0x0000000783500000,0x0000000784780000)
 ParOldGen       total 203264K, used 27453K [0x00000006c6a00000, 0x00000006d3080000, 0x000000076ce00000)
  object space 203264K, 13% used [0x00000006c6a00000,0x00000006c84cf458,0x00000006d3080000)
 Metaspace       used 54548K, capacity 55822K, committed 56064K, reserved 1097728K
  class space    used 7563K, capacity 7868K, committed 7936K, reserved 1048576K
GC Heap History (10 events):
Event: 4.976 GC heap before
{Heap before GC invocations=7 (full 1):
 PSYoungGen      total 233984K, used 111973K [0x000000076ce00000, 0x000000077d480000, 0x00000007c0000000)
  eden space 227840K, 46% used [0x000000076ce00000,0x000000077356dd28,0x000000077ac80000)
  from space 6144K, 98% used [0x000000077c900000,0x000000077ceeba90,0x000000077cf00000)
  to   space 5632K, 0% used [0x000000077cf00000,0x000000077cf00000,0x000000077d480000)
 ParOldGen       total 119808K, used 12777K [0x00000006c6a00000, 0x00000006cdf00000, 0x000000076ce00000)
  object space 119808K, 10% used [0x00000006c6a00000,0x00000006c767a4d0,0x00000006cdf00000)
 Metaspace       used 34696K, capacity 35114K, committed 35320K, reserved 1079296K
  class space    used 4560K, capacity 4673K, committed 4736K, reserved 1048576K
Event: 4.987 GC heap after
Heap after GC invocations=7 (full 1):
 PSYoungGen      total 252928K, used 5607K [0x000000076ce00000, 0x0000000781080000, 0x00000007c0000000)
  eden space 247296K, 0% used [0x000000076ce00000,0x000000076ce00000,0x000000077bf80000)
  from space 5632K, 99% used [0x000000077cf00000,0x000000077d479fd8,0x000000077d480000)
  to   space 15872K, 0% used [0x000000077bf80000,0x000000077bf80000,0x000000077cf00000)
 ParOldGen       total 119808K, used 20164K [0x00000006c6a00000, 0x00000006cdf00000, 0x000000076ce00000)
  object space 119808K, 16% used [0x00000006c6a00000,0x00000006c7db13a8,0x00000006cdf00000)
 Metaspace       used 34696K, capacity 35114K, committed 35320K, reserved 1079296K
  class space    used 4560K, capacity 4673K, committed 4736K, reserved 1048576K
}
Event: 4.987 GC heap before
{Heap before GC invocations=8 (full 2):
 PSYoungGen      total 252928K, used 5607K [0x000000076ce00000, 0x0000000781080000, 0x00000007c0000000)
  eden space 247296K, 0% used [0x000000076ce00000,0x000000076ce00000,0x000000077bf80000)
  from space 5632K, 99% used [0x000000077cf00000,0x000000077d479fd8,0x000000077d480000)
  to   space 15872K, 0% used [0x000000077bf80000,0x000000077bf80000,0x000000077cf00000)
 ParOldGen       total 119808K, used 20164K [0x00000006c6a00000, 0x00000006cdf00000, 0x000000076ce00000)
  object space 119808K, 16% used [0x00000006c6a00000,0x00000006c7db13a8,0x00000006cdf00000)
 Metaspace       used 34696K, capacity 35114K, committed 35320K, reserved 1079296K
  class space    used 4560K, capacity 4673K, committed 4736K, reserved 1048576K
Event: 5.068 GC heap after
Heap after GC invocations=8 (full 2):
 PSYoungGen      total 252928K, used 0K [0x000000076ce00000, 0x0000000781080000, 0x00000007c0000000)
  eden space 247296K, 0% used [0x000000076ce00000,0x000000076ce00000,0x000000077bf80000)
  from space 5632K, 0% used [0x000000077cf00000,0x000000077cf00000,0x000000077d480000)
  to   space 15872K, 0% used [0x000000077bf80000,0x000000077bf80000,0x000000077cf00000)
 ParOldGen       total 203264K, used 23638K [0x00000006c6a00000, 0x00000006d3080000, 0x000000076ce00000)
  object space 203264K, 11% used [0x00000006c6a00000,0x00000006c81158f8,0x00000006d3080000)
 Metaspace       used 34696K, capacity 35114K, committed 35320K, reserved 1079296K
  class space    used 4560K, capacity 4673K, committed 4736K, reserved 1048576K
}
Event: 6.483 GC heap before
{Heap before GC invocations=9 (full 2):
 PSYoungGen      total 252928K, used 247296K [0x000000076ce00000, 0x0000000781080000, 0x00000007c0000000)
  eden space 247296K, 100% used [0x000000076ce00000,0x000000077bf80000,0x000000077bf80000)
  from space 5632K, 0% used [0x000000077cf00000,0x000000077cf00000,0x000000077d480000)
  to   space 15872K, 0% used [0x000000077bf80000,0x000000077bf80000,0x000000077cf00000)
 ParOldGen       total 203264K, used 23638K [0x00000006c6a00000, 0x00000006d3080000, 0x000000076ce00000)
  object space 203264K, 11% used [0x00000006c6a00000,0x00000006c81158f8,0x00000006d3080000)
 Metaspace       used 40990K, capacity 41486K, committed 41728K, reserved 1085440K
  class space    used 5915K, capacity 6034K, committed 6144K, reserved 1048576K
Event: 6.494 GC heap after
Heap after GC invocations=9 (full 2):
 PSYoungGen      total 263168K, used 9742K [0x000000076ce00000, 0x0000000782680000, 0x00000007c0000000)
  eden space 247296K, 0% used [0x000000076ce00000,0x000000076ce00000,0x000000077bf80000)
  from space 15872K, 61% used [0x000000077bf80000,0x000000077c903840,0x000000077cf00000)
  to   space 14848K, 0% used [0x0000000781800000,0x0000000781800000,0x0000000782680000)
 ParOldGen       total 203264K, used 23646K [0x00000006c6a00000, 0x00000006d3080000, 0x000000076ce00000)
  object space 203264K, 11% used [0x00000006c6a00000,0x00000006c81178f8,0x00000006d3080000)
 Metaspace       used 40990K, capacity 41486K, committed 41728K, reserved 1085440K
  class space    used 5915K, capacity 6034K, committed 6144K, reserved 1048576K
}
Event: 29.124 GC heap before
{Heap before GC invocations=10 (full 2):
 PSYoungGen      total 263168K, used 257038K [0x000000076ce00000, 0x0000000782680000, 0x00000007c0000000)
  eden space 247296K, 100% used [0x000000076ce00000,0x000000077bf80000,0x000000077bf80000)
  from space 15872K, 61% used [0x000000077bf80000,0x000000077c903840,0x000000077cf00000)
  to   space 14848K, 0% used [0x0000000781800000,0x0000000781800000,0x0000000782680000)
 ParOldGen       total 203264K, used 23646K [0x00000006c6a00000, 0x00000006d3080000, 0x000000076ce00000)
  object space 203264K, 11% used [0x00000006c6a00000,0x00000006c81178f8,0x00000006d3080000)
 Metaspace       used 53257K, capacity 54322K, committed 54528K, reserved 1095680K
  class space    used 7441K, capacity 7672K, committed 7680K, reserved 1048576K
Event: 29.162 GC heap after
Heap after GC invocations=10 (full 2):
 PSYoungGen      total 325120K, used 14816K [0x000000076ce00000, 0x0000000782680000, 0x00000007c0000000)
  eden space 310272K, 0% used [0x000000076ce00000,0x000000076ce00000,0x000000077fd00000)
  from space 14848K, 99% used [0x0000000781800000,0x0000000782678120,0x0000000782680000)
  to   space 17920K, 0% used [0x0000000780380000,0x0000000780380000,0x0000000781500000)
 ParOldGen       total 203264K, used 27445K [0x00000006c6a00000, 0x00000006d3080000, 0x000000076ce00000)
  object space 203264K, 13% used [0x00000006c6a00000,0x00000006c84cd458,0x00000006d3080000)
 Metaspace       used 53257K, capacity 54322K, committed 54528K, reserved 1095680K
  class space    used 7441K, capacity 7672K, committed 7680K, reserved 1048576K
}
Event: 87.164 GC heap before
{Heap before GC invocations=11 (full 2):
 PSYoungGen      total 325120K, used 325088K [0x000000076ce00000, 0x0000000782680000, 0x00000007c0000000)
  eden space 310272K, 100% used [0x000000076ce00000,0x000000077fd00000,0x000000077fd00000)
  from space 14848K, 99% used [0x0000000781800000,0x0000000782678120,0x0000000782680000)
  to   space 17920K, 0% used [0x0000000780380000,0x0000000780380000,0x0000000781500000)
 ParOldGen       total 203264K, used 27445K [0x00000006c6a00000, 0x00000006d3080000, 0x000000076ce00000)
  object space 203264K, 13% used [0x00000006c6a00000,0x00000006c84cd458,0x00000006d3080000)
 Metaspace       used 54410K, capacity 55574K, committed 55808K, reserved 1097728K
  class space    used 7543K, capacity 7832K, committed 7936K, reserved 1048576K
Event: 87.180 GC heap after
Heap after GC invocations=11 (full 2):
 PSYoungGen      total 334848K, used 14789K [0x000000076ce00000, 0x0000000784780000, 0x00000007c0000000)
  eden space 316928K, 0% used [0x000000076ce00000,0x000000076ce00000,0x0000000780380000)
  from space 17920K, 82% used [0x0000000780380000,0x00000007811f1470,0x0000000781500000)
  to   space 18944K, 0% used [0x0000000783500000,0x0000000783500000,0x0000000784780000)
 ParOldGen       total 203264K, used 27453K [0x00000006c6a00000, 0x00000006d3080000, 0x000000076ce00000)
  object space 203264K, 13% used [0x00000006c6a00000,0x00000006c84cf458,0x00000006d3080000)
 Metaspace       used 54410K, capacity 55574K, committed 55808K, reserved 1097728K
  class space    used 7543K, capacity 7832K, committed 7936K, reserved 1048576K
}

