# JRE version: Java(TM) SE Runtime Environment (8.0_20-b17) (build 1.8.0_20-ea-b17)
# Java VM: Java HotSpot(TM) 64-Bit Server VM (25.20-b17 mixed mode linux-amd64 compressed oops)
Heap:
 PSYoungGen      total 248320K, used 216086K [0x000000076ce00000, 0x000000077fd00000, 0x00000007c0000000)
  eden space 223232K, 96% used [0x000000076ce00000,0x000000077a105b80,0x000000077a800000)
  from space 25088K, 0% used [0x000000077a800000,0x000000077a800000,0x000000077c080000)
  to   space 25600K, 0% used [0x000000077e400000,0x000000077e400000,0x000000077fd00000)
 ParOldGen       total 259072K, used 41844K [0x00000006c6a00000, 0x00000006d6700000, 0x000000076ce00000)
  object space 259072K, 16% used [0x00000006c6a00000,0x00000006c92dd268,0x00000006d6700000)
 Metaspace       used 58933K, capacity 60186K, committed 60492K, reserved 1101824K
  class space    used 8648K, capacity 8940K, committed 9036K, reserved 1048576K
GC Heap History (10 events):
Event: 6.864 GC heap before
{Heap before GC invocations=10 (full 2):
 PSYoungGen      total 160768K, used 143916K [0x000000076ce00000, 0x000000077b780000, 0x00000007c0000000)
  eden space 136192K, 100% used [0x000000076ce00000,0x0000000775300000,0x0000000775300000)
  from space 24576K, 31% used [0x0000000775300000,0x0000000775a8b0d0,0x0000000776b00000)
  to   space 24064K, 0% used [0x000000077a000000,0x000000077a000000,0x000000077b780000)
 ParOldGen       total 189440K, used 30030K [0x00000006c6a00000, 0x00000006d2300000, 0x000000076ce00000)
  object space 189440K, 15% used [0x00000006c6a00000,0x00000006c8753a10,0x00000006d2300000)
 Metaspace       used 44053K, capacity 44732K, committed 45004K, reserved 1087488K
  class space    used 6906K, capacity 7036K, committed 7116K, reserved 1048576K
Event: 6.871 GC heap after
Heap after GC invocations=10 (full 2):
 PSYoungGen      total 207872K, used 3543K [0x000000076ce00000, 0x000000077b480000, 0x00000007c0000000)
  eden space 186880K, 0% used [0x000000076ce00000,0x000000076ce00000,0x0000000778480000)
  from space 20992K, 16% used [0x000000077a000000,0x000000077a375fa0,0x000000077b480000)
  to   space 24576K, 0% used [0x0000000778480000,0x0000000778480000,0x0000000779c80000)
 ParOldGen       total 189440K, used 30038K [0x00000006c6a00000, 0x00000006d2300000, 0x000000076ce00000)
  object space 189440K, 15% used [0x00000006c6a00000,0x00000006c8755a10,0x00000006d2300000)
 Metaspace       used 44053K, capacity 44732K, committed 45004K, reserved 1087488K
  class space    used 6906K, capacity 7036K, committed 7116K, reserved 1048576K
}
Event: 8.016 GC heap before
{Heap before GC invocations=11 (full 2):
 PSYoungGen      total 207872K, used 190423K [0x000000076ce00000, 0x000000077b480000, 0x00000007c0000000)
  eden space 186880K, 100% used [0x000000076ce00000,0x0000000778480000,0x0000000778480000)
  from space 20992K, 16% used [0x000000077a000000,0x000000077a375fa0,0x000000077b480000)
  to   space 24576K, 0% used [0x0000000778480000,0x0000000778480000,0x0000000779c80000)
 ParOldGen       total 189440K, used 30038K [0x00000006c6a00000, 0x00000006d2300000, 0x000000076ce00000)
  object space 189440K, 15% used [0x00000006c6a00000,0x00000006c8755a10,0x00000006d2300000)
 Metaspace       used 46714K, capacity 47342K, committed 47564K, reserved 1089536K
  class space    used 7217K, capacity 7327K, committed 7372K, reserved 1048576K
Event: 8.026 GC heap after
Heap after GC invocations=11 (full 2):
 PSYoungGen      total 211456K, used 6549K [0x000000076ce00000, 0x000000077d880000, 0x00000007c0000000)
  eden space 186880K, 0% used [0x000000076ce00000,0x000000076ce00000,0x0000000778480000)
  from space 24576K, 26% used [0x0000000778480000,0x0000000778ae56d8,0x0000000779c80000)
  to   space 24064K, 0% used [0x000000077c100000,0x000000077c100000,0x000000077d880000)
 ParOldGen       total 189440K, used 30046K [0x00000006c6a00000, 0x00000006d2300000, 0x000000076ce00000)
  object space 189440K, 15% used [0x00000006c6a00000,0x00000006c8757a10,0x00000006d2300000)
 Metaspace       used 46714K, capacity 47342K, committed 47564K, reserved 1089536K
  class space    used 7217K, capacity 7327K, committed 7372K, reserved 1048576K
}
Event: 9.633 GC heap before
{Heap before GC invocations=12 (full 2):
 PSYoungGen      total 211456K, used 193429K [0x000000076ce00000, 0x000000077d880000, 0x00000007c0000000)
  eden space 186880K, 100% used [0x000000076ce00000,0x0000000778480000,0x0000000778480000)
  from space 24576K, 26% used [0x0000000778480000,0x0000000778ae56d8,0x0000000779c80000)
  to   space 24064K, 0% used [0x000000077c100000,0x000000077c100000,0x000000077d880000)
 ParOldGen       total 189440K, used 30046K [0x00000006c6a00000, 0x00000006d2300000, 0x000000076ce00000)
  object space 189440K, 15% used [0x00000006c6a00000,0x00000006c8757a10,0x00000006d2300000)
 Metaspace       used 54143K, capacity 54936K, committed 55116K, reserved 1095680K
  class space    used 8068K, capacity 8230K, committed 8268K, reserved 1048576K
Event: 9.655 GC heap after
Heap after GC invocations=12 (full 2):
 PSYoungGen      total 247296K, used 16970K [0x000000076ce00000, 0x000000077d900000, 0x00000007c0000000)
  eden space 223232K, 0% used [0x000000076ce00000,0x000000076ce00000,0x000000077a800000)
  from space 24064K, 70% used [0x000000077c100000,0x000000077d1928b8,0x000000077d880000)
  to   space 25088K, 0% used [0x000000077a800000,0x000000077a800000,0x000000077c080000)
 ParOldGen       total 189440K, used 30054K [0x00000006c6a00000, 0x00000006d2300000, 0x000000076ce00000)
  object space 189440K, 15% used [0x00000006c6a00000,0x00000006c8759a10,0x00000006d2300000)
 Metaspace       used 54143K, capacity 54936K, committed 55116K, reserved 1095680K
  class space    used 8068K, capacity 8230K, committed 8268K, reserved 1048576K
}
Event: 64.904 GC heap before
{Heap before GC invocations=13 (full 2):
 PSYoungGen      total 247296K, used 211369K [0x000000076ce00000, 0x000000077d900000, 0x00000007c0000000)
  eden space 223232K, 87% used [0x000000076ce00000,0x0000000778bd7e78,0x000000077a800000)
  from space 24064K, 70% used [0x000000077c100000,0x000000077d1928b8,0x000000077d880000)
  to   space 25088K, 0% used [0x000000077a800000,0x000000077a800000,0x000000077c080000)
 ParOldGen       total 189440K, used 30054K [0x00000006c6a00000, 0x00000006d2300000, 0x000000076ce00000)
  object space 189440K, 15% used [0x00000006c6a00000,0x00000006c8759a10,0x00000006d2300000)
 Metaspace       used 57348K, capacity 58458K, committed 58568K, reserved 1099776K
  class space    used 8478K, capacity 8715K, committed 8780K, reserved 1048576K
Event: 64.922 GC heap after
Heap after GC invocations=13 (full 2):
 PSYoungGen      total 248320K, used 15915K [0x000000076ce00000, 0x000000077fd00000, 0x00000007c0000000)
  eden space 223232K, 0% used [0x000000076ce00000,0x000000076ce00000,0x000000077a800000)
  from space 25088K, 63% used [0x000000077a800000,0x000000077b78add0,0x000000077c080000)
  to   space 25600K, 0% used [0x000000077e400000,0x000000077e400000,0x000000077fd00000)
 ParOldGen       total 189440K, used 30062K [0x00000006c6a00000, 0x00000006d2300000, 0x000000076ce00000)
  object space 189440K, 15% used [0x00000006c6a00000,0x00000006c875ba10,0x00000006d2300000)
 Metaspace       used 57348K, capacity 58458K, committed 58568K, reserved 1099776K
  class space    used 8478K, capacity 8715K, committed 8780K, reserved 1048576K
}
Event: 64.922 GC heap before
{Heap before GC invocations=14 (full 3):
 PSYoungGen      total 248320K, used 15915K [0x000000076ce00000, 0x000000077fd00000, 0x00000007c0000000)
  eden space 223232K, 0% used [0x000000076ce00000,0x000000076ce00000,0x000000077a800000)
  from space 25088K, 63% used [0x000000077a800000,0x000000077b78add0,0x000000077c080000)
  to   space 25600K, 0% used [0x000000077e400000,0x000000077e400000,0x000000077fd00000)
 ParOldGen       total 189440K, used 30062K [0x00000006c6a00000, 0x00000006d2300000, 0x000000076ce00000)
  object space 189440K, 15% used [0x00000006c6a00000,0x00000006c875ba10,0x00000006d2300000)
 Metaspace       used 57348K, capacity 58458K, committed 58568K, reserved 1099776K
  class space    used 8478K, capacity 8715K, committed 8780K, reserved 1048576K
Event: 65.130 GC heap after
Heap after GC invocations=14 (full 3):
 PSYoungGen      total 248320K, used 0K [0x000000076ce00000, 0x000000077fd00000, 0x00000007c0000000)
  eden space 223232K, 0% used [0x000000076ce00000,0x000000076ce00000,0x000000077a800000)
  from space 25088K, 0% used [0x000000077a800000,0x000000077a800000,0x000000077c080000)
  to   space 25600K, 0% used [0x000000077e400000,0x000000077e400000,0x000000077fd00000)
 ParOldGen       total 259072K, used 41844K [0x00000006c6a00000, 0x00000006d6700000, 0x000000076ce00000)
  object space 259072K, 16% used [0x00000006c6a00000,0x00000006c92dd268,0x00000006d6700000)
 Metaspace       used 57288K, capacity 58374K, committed 58568K, reserved 1099776K
  class space    used 8477K, capacity 8711K, committed 8780K, reserved 1048576K
}

