# JRE version: Java(TM) SE Runtime Environment (8.0_20-b17) (build 1.8.0_20-ea-b17)
# Java VM: Java HotSpot(TM) 64-Bit Server VM (25.20-b17 mixed mode linux-amd64 compressed oops)
Heap:
 PSYoungGen      total 273920K, used 14165K [0x000000076ce00000, 0x0000000781480000, 0x00000007c0000000)
  eden space 252928K, 5% used [0x000000076ce00000,0x000000076dbd5568,0x000000077c500000)
  from space 20992K, 0% used [0x000000077c500000,0x000000077c500000,0x000000077d980000)
  to   space 20992K, 0% used [0x0000000780000000,0x0000000780000000,0x0000000781480000)
 ParOldGen       total 238080K, used 33099K [0x00000006c6a00000, 0x00000006d5280000, 0x000000076ce00000)
  object space 238080K, 13% used [0x00000006c6a00000,0x00000006c8a52cc0,0x00000006d5280000)
 Metaspace       used 57351K, capacity 58498K, committed 58652K, reserved 1099776K
  class space    used 8189K, capacity 8474K, committed 8576K, reserved 1048576K
GC Heap History (10 events):
Event: 5.428 GC heap before
{Heap before GC invocations=10 (full 2):
 PSYoungGen      total 161280K, used 146432K [0x000000076ce00000, 0x000000077c500000, 0x00000007c0000000)
  eden space 146432K, 100% used [0x000000076ce00000,0x0000000775d00000,0x0000000775d00000)
  from space 14848K, 0% used [0x0000000775d00000,0x0000000775d00000,0x0000000776b80000)
  to   space 16384K, 0% used [0x000000077b500000,0x000000077b500000,0x000000077c500000)
 ParOldGen       total 171008K, used 23628K [0x00000006c6a00000, 0x00000006d1100000, 0x000000076ce00000)
  object space 171008K, 13% used [0x00000006c6a00000,0x00000006c81130b0,0x00000006d1100000)
 Metaspace       used 39221K, capacity 39726K, committed 39936K, reserved 1083392K
  class space    used 5676K, capacity 5810K, committed 5888K, reserved 1048576K
Event: 5.436 GC heap after
Heap after GC invocations=10 (full 2):
 PSYoungGen      total 215552K, used 6092K [0x000000076ce00000, 0x000000077bb00000, 0x00000007c0000000)
  eden space 209408K, 0% used [0x000000076ce00000,0x000000076ce00000,0x0000000779a80000)
  from space 6144K, 99% used [0x000000077b500000,0x000000077baf3118,0x000000077bb00000)
  to   space 16384K, 0% used [0x0000000779b00000,0x0000000779b00000,0x000000077ab00000)
 ParOldGen       total 171008K, used 23636K [0x00000006c6a00000, 0x00000006d1100000, 0x000000076ce00000)
  object space 171008K, 13% used [0x00000006c6a00000,0x00000006c81150b0,0x00000006d1100000)
 Metaspace       used 39221K, capacity 39726K, committed 39936K, reserved 1083392K
  class space    used 5676K, capacity 5810K, committed 5888K, reserved 1048576K
}
Event: 7.552 GC heap before
{Heap before GC invocations=11 (full 2):
 PSYoungGen      total 215552K, used 215500K [0x000000076ce00000, 0x000000077bb00000, 0x00000007c0000000)
  eden space 209408K, 100% used [0x000000076ce00000,0x0000000779a80000,0x0000000779a80000)
  from space 6144K, 99% used [0x000000077b500000,0x000000077baf3118,0x000000077bb00000)
  to   space 16384K, 0% used [0x0000000779b00000,0x0000000779b00000,0x000000077ab00000)
 ParOldGen       total 171008K, used 23636K [0x00000006c6a00000, 0x00000006d1100000, 0x000000076ce00000)
  object space 171008K, 13% used [0x00000006c6a00000,0x00000006c81150b0,0x00000006d1100000)
 Metaspace       used 50280K, capacity 50976K, committed 51200K, reserved 1093632K
  class space    used 7220K, capacity 7365K, committed 7424K, reserved 1048576K
Event: 7.564 GC heap after
Heap after GC invocations=11 (full 2):
 PSYoungGen      total 226304K, used 16283K [0x000000076ce00000, 0x000000077ee00000, 0x00000007c0000000)
  eden space 209920K, 0% used [0x000000076ce00000,0x000000076ce00000,0x0000000779b00000)
  from space 16384K, 99% used [0x0000000779b00000,0x000000077aae6f78,0x000000077ab00000)
  to   space 18432K, 0% used [0x000000077dc00000,0x000000077dc00000,0x000000077ee00000)
 ParOldGen       total 171008K, used 23644K [0x00000006c6a00000, 0x00000006d1100000, 0x000000076ce00000)
  object space 171008K, 13% used [0x00000006c6a00000,0x00000006c81170b0,0x00000006d1100000)
 Metaspace       used 50280K, capacity 50976K, committed 51200K, reserved 1093632K
  class space    used 7220K, capacity 7365K, committed 7424K, reserved 1048576K
}
Event: 20.524 GC heap before
{Heap before GC invocations=12 (full 2):
 PSYoungGen      total 226304K, used 226203K [0x000000076ce00000, 0x000000077ee00000, 0x00000007c0000000)
  eden space 209920K, 100% used [0x000000076ce00000,0x0000000779b00000,0x0000000779b00000)
  from space 16384K, 99% used [0x0000000779b00000,0x000000077aae6f78,0x000000077ab00000)
  to   space 18432K, 0% used [0x000000077dc00000,0x000000077dc00000,0x000000077ee00000)
 ParOldGen       total 171008K, used 23644K [0x00000006c6a00000, 0x00000006d1100000, 0x000000076ce00000)
  object space 171008K, 13% used [0x00000006c6a00000,0x00000006c81170b0,0x00000006d1100000)
 Metaspace       used 56974K, capacity 58112K, committed 58368K, reserved 1099776K
  class space    used 8163K, capacity 8437K, committed 8448K, reserved 1048576K
Event: 20.543 GC heap after
Heap after GC invocations=12 (full 2):
 PSYoungGen      total 269824K, used 18417K [0x000000076ce00000, 0x000000077ee00000, 0x00000007c0000000)
  eden space 251392K, 0% used [0x000000076ce00000,0x000000076ce00000,0x000000077c380000)
  from space 18432K, 99% used [0x000000077dc00000,0x000000077edfc540,0x000000077ee00000)
  to   space 20992K, 0% used [0x000000077c500000,0x000000077c500000,0x000000077d980000)
 ParOldGen       total 171008K, used 24352K [0x00000006c6a00000, 0x00000006d1100000, 0x000000076ce00000)
  object space 171008K, 14% used [0x00000006c6a00000,0x00000006c81c8040,0x00000006d1100000)
 Metaspace       used 56974K, capacity 58112K, committed 58368K, reserved 1099776K
  class space    used 8163K, capacity 8437K, committed 8448K, reserved 1048576K
}
Event: 54.827 GC heap before
{Heap before GC invocations=13 (full 2):
 PSYoungGen      total 269824K, used 74149K [0x000000076ce00000, 0x000000077ee00000, 0x00000007c0000000)
  eden space 251392K, 22% used [0x000000076ce00000,0x000000077046d050,0x000000077c380000)
  from space 18432K, 99% used [0x000000077dc00000,0x000000077edfc540,0x000000077ee00000)
  to   space 20992K, 0% used [0x000000077c500000,0x000000077c500000,0x000000077d980000)
 ParOldGen       total 171008K, used 24352K [0x00000006c6a00000, 0x00000006d1100000, 0x000000076ce00000)
  object space 171008K, 14% used [0x00000006c6a00000,0x00000006c81c8040,0x00000006d1100000)
 Metaspace       used 57348K, capacity 58462K, committed 58524K, reserved 1099776K
  class space    used 8179K, capacity 8442K, committed 8448K, reserved 1048576K
Event: 54.841 GC heap after
Heap after GC invocations=13 (full 2):
 PSYoungGen      total 273920K, used 13702K [0x000000076ce00000, 0x0000000781480000, 0x00000007c0000000)
  eden space 252928K, 0% used [0x000000076ce00000,0x000000076ce00000,0x000000077c500000)
  from space 20992K, 65% used [0x000000077c500000,0x000000077d2618f8,0x000000077d980000)
  to   space 20992K, 0% used [0x0000000780000000,0x0000000780000000,0x0000000781480000)
 ParOldGen       total 171008K, used 24360K [0x00000006c6a00000, 0x00000006d1100000, 0x000000076ce00000)
  object space 171008K, 14% used [0x00000006c6a00000,0x00000006c81ca040,0x00000006d1100000)
 Metaspace       used 57348K, capacity 58462K, committed 58524K, reserved 1099776K
  class space    used 8179K, capacity 8442K, committed 8448K, reserved 1048576K
}
Event: 54.841 GC heap before
{Heap before GC invocations=14 (full 3):
 PSYoungGen      total 273920K, used 13702K [0x000000076ce00000, 0x0000000781480000, 0x00000007c0000000)
  eden space 252928K, 0% used [0x000000076ce00000,0x000000076ce00000,0x000000077c500000)
  from space 20992K, 65% used [0x000000077c500000,0x000000077d2618f8,0x000000077d980000)
  to   space 20992K, 0% used [0x0000000780000000,0x0000000780000000,0x0000000781480000)
 ParOldGen       total 171008K, used 24360K [0x00000006c6a00000, 0x00000006d1100000, 0x000000076ce00000)
  object space 171008K, 14% used [0x00000006c6a00000,0x00000006c81ca040,0x00000006d1100000)
 Metaspace       used 57348K, capacity 58462K, committed 58524K, reserved 1099776K
  class space    used 8179K, capacity 8442K, committed 8448K, reserved 1048576K
Event: 55.037 GC heap after
Heap after GC invocations=14 (full 3):
 PSYoungGen      total 273920K, used 0K [0x000000076ce00000, 0x0000000781480000, 0x00000007c0000000)
  eden space 252928K, 0% used [0x000000076ce00000,0x000000076ce00000,0x000000077c500000)
  from space 20992K, 0% used [0x000000077c500000,0x000000077c500000,0x000000077d980000)
  to   space 20992K, 0% used [0x0000000780000000,0x0000000780000000,0x0000000781480000)
 ParOldGen       total 238080K, used 33099K [0x00000006c6a00000, 0x00000006d5280000, 0x000000076ce00000)
  object space 238080K, 13% used [0x00000006c6a00000,0x00000006c8a52cc0,0x00000006d5280000)
 Metaspace       used 57288K, capacity 58378K, committed 58524K, reserved 1099776K
  class space    used 8178K, capacity 8438K, committed 8448K, reserved 1048576K
}

