# JRE version: Java(TM) SE Runtime Environment (8.0_20-b17) (build 1.8.0_20-ea-b17)
# Java VM: Java HotSpot(TM) 64-Bit Server VM (25.20-b17 mixed mode linux-amd64 compressed oops)
Heap:
 PSYoungGen      total 256512K, used 23661K [0x000000076ce00000, 0x000000077ed00000, 0x00000007c0000000)
  eden space 245760K, 5% used [0x000000076ce00000,0x000000076da9e548,0x000000077be00000)
  from space 10752K, 99% used [0x000000077e280000,0x000000077ecfd050,0x000000077ed00000)
  to   space 17408K, 0% used [0x000000077cb00000,0x000000077cb00000,0x000000077dc00000)
 ParOldGen       total 162304K, used 25300K [0x00000006c6a00000, 0x00000006d0880000, 0x000000076ce00000)
  object space 162304K, 15% used [0x00000006c6a00000,0x00000006c82b5268,0x00000006d0880000)
 Metaspace       used 52683K, capacity 54248K, committed 54528K, reserved 1095680K
  class space    used 7532K, capacity 7868K, committed 7936K, reserved 1048576K
GC Heap History (10 events):
Event: 401.247 GC heap before
{Heap before GC invocations=12 (full 2):
 PSYoungGen      total 257536K, used 254710K [0x000000076ce00000, 0x0000000780100000, 0x00000007c0000000)
  eden space 241152K, 100% used [0x000000076ce00000,0x000000077b980000,0x000000077b980000)
  from space 16384K, 82% used [0x000000077b980000,0x000000077c6bda20,0x000000077c980000)
  to   space 17408K, 0% used [0x000000077f000000,0x000000077f000000,0x0000000780100000)
 ParOldGen       total 162304K, used 23193K [0x00000006c6a00000, 0x00000006d0880000, 0x000000076ce00000)
  object space 162304K, 14% used [0x00000006c6a00000,0x00000006c80a6660,0x00000006d0880000)
 Metaspace       used 49459K, capacity 50686K, committed 50816K, reserved 1093632K
  class space    used 7194K, capacity 7449K, committed 7552K, reserved 1048576K
Event: 401.257 GC heap after
Heap after GC invocations=12 (full 2):
 PSYoungGen      total 297472K, used 10002K [0x000000076ce00000, 0x0000000780500000, 0x00000007c0000000)
  eden space 280064K, 0% used [0x000000076ce00000,0x000000076ce00000,0x000000077df80000)
  from space 17408K, 57% used [0x000000077f000000,0x000000077f9c4878,0x0000000780100000)
  to   space 16896K, 0% used [0x000000077df80000,0x000000077df80000,0x000000077f000000)
 ParOldGen       total 162304K, used 23201K [0x00000006c6a00000, 0x00000006d0880000, 0x000000076ce00000)
  object space 162304K, 14% used [0x00000006c6a00000,0x00000006c80a8660,0x00000006d0880000)
 Metaspace       used 49459K, capacity 50686K, committed 50816K, reserved 1093632K
  class space    used 7194K, capacity 7449K, committed 7552K, reserved 1048576K
}
Event: 744.874 GC heap before
{Heap before GC invocations=13 (full 2):
 PSYoungGen      total 297472K, used 290066K [0x000000076ce00000, 0x0000000780500000, 0x00000007c0000000)
  eden space 280064K, 100% used [0x000000076ce00000,0x000000077df80000,0x000000077df80000)
  from space 17408K, 57% used [0x000000077f000000,0x000000077f9c4878,0x0000000780100000)
  to   space 16896K, 0% used [0x000000077df80000,0x000000077df80000,0x000000077f000000)
 ParOldGen       total 162304K, used 23201K [0x00000006c6a00000, 0x00000006d0880000, 0x000000076ce00000)
  object space 162304K, 14% used [0x00000006c6a00000,0x00000006c80a8660,0x00000006d0880000)
 Metaspace       used 51543K, capacity 53020K, committed 53120K, reserved 1095680K
  class space    used 7448K, capacity 7732K, committed 7808K, reserved 1048576K
Event: 744.899 GC heap after
Heap after GC invocations=13 (full 2):
 PSYoungGen      total 284160K, used 13097K [0x000000076ce00000, 0x000000077f880000, 0x00000007c0000000)
  eden space 270848K, 0% used [0x000000076ce00000,0x000000076ce00000,0x000000077d680000)
  from space 13312K, 98% used [0x000000077df80000,0x000000077ec4a5e0,0x000000077ec80000)
  to   space 12288K, 0% used [0x000000077ec80000,0x000000077ec80000,0x000000077f880000)
 ParOldGen       total 162304K, used 23209K [0x00000006c6a00000, 0x00000006d0880000, 0x000000076ce00000)
  object space 162304K, 14% used [0x00000006c6a00000,0x00000006c80aa660,0x00000006d0880000)
 Metaspace       used 51543K, capacity 53020K, committed 53120K, reserved 1095680K
  class space    used 7448K, capacity 7732K, committed 7808K, reserved 1048576K
}
Event: 820.809 GC heap before
{Heap before GC invocations=14 (full 2):
 PSYoungGen      total 284160K, used 283945K [0x000000076ce00000, 0x000000077f880000, 0x00000007c0000000)
  eden space 270848K, 100% used [0x000000076ce00000,0x000000077d680000,0x000000077d680000)
  from space 13312K, 98% used [0x000000077df80000,0x000000077ec4a5e0,0x000000077ec80000)
  to   space 12288K, 0% used [0x000000077ec80000,0x000000077ec80000,0x000000077f880000)
 ParOldGen       total 162304K, used 23209K [0x00000006c6a00000, 0x00000006d0880000, 0x000000076ce00000)
  object space 162304K, 14% used [0x00000006c6a00000,0x00000006c80aa660,0x00000006d0880000)
 Metaspace       used 51943K, capacity 53476K, committed 53632K, reserved 1095680K
  class space    used 7484K, capacity 7792K, committed 7808K, reserved 1048576K
Event: 820.824 GC heap after
Heap after GC invocations=14 (full 2):
 PSYoungGen      total 274432K, used 12025K [0x000000076ce00000, 0x000000077f880000, 0x00000007c0000000)
  eden space 262144K, 0% used [0x000000076ce00000,0x000000076ce00000,0x000000077ce00000)
  from space 12288K, 97% used [0x000000077ec80000,0x000000077f83e400,0x000000077f880000)
  to   space 17408K, 0% used [0x000000077d680000,0x000000077d680000,0x000000077e780000)
 ParOldGen       total 162304K, used 23217K [0x00000006c6a00000, 0x00000006d0880000, 0x000000076ce00000)
  object space 162304K, 14% used [0x00000006c6a00000,0x00000006c80ac660,0x00000006d0880000)
 Metaspace       used 51943K, capacity 53476K, committed 53632K, reserved 1095680K
  class space    used 7484K, capacity 7792K, committed 7808K, reserved 1048576K
}
Event: 899.213 GC heap before
{Heap before GC invocations=15 (full 2):
 PSYoungGen      total 274432K, used 274169K [0x000000076ce00000, 0x000000077f880000, 0x00000007c0000000)
  eden space 262144K, 100% used [0x000000076ce00000,0x000000077ce00000,0x000000077ce00000)
  from space 12288K, 97% used [0x000000077ec80000,0x000000077f83e400,0x000000077f880000)
  to   space 17408K, 0% used [0x000000077d680000,0x000000077d680000,0x000000077e780000)
 ParOldGen       total 162304K, used 23217K [0x00000006c6a00000, 0x00000006d0880000, 0x000000076ce00000)
  object space 162304K, 14% used [0x00000006c6a00000,0x00000006c80ac660,0x00000006d0880000)
 Metaspace       used 52083K, capacity 53546K, committed 53632K, reserved 1095680K
  class space    used 7485K, capacity 7793K, committed 7808K, reserved 1048576K
Event: 899.222 GC heap after
Heap after GC invocations=15 (full 2):
 PSYoungGen      total 266240K, used 11967K [0x000000076ce00000, 0x000000077ed00000, 0x00000007c0000000)
  eden space 253952K, 0% used [0x000000076ce00000,0x000000076ce00000,0x000000077c600000)
  from space 12288K, 97% used [0x000000077d680000,0x000000077e22fcb8,0x000000077e280000)
  to   space 10752K, 0% used [0x000000077e280000,0x000000077e280000,0x000000077ed00000)
 ParOldGen       total 162304K, used 23225K [0x00000006c6a00000, 0x00000006d0880000, 0x000000076ce00000)
  object space 162304K, 14% used [0x00000006c6a00000,0x00000006c80ae660,0x00000006d0880000)
 Metaspace       used 52083K, capacity 53546K, committed 53632K, reserved 1095680K
  class space    used 7485K, capacity 7793K, committed 7808K, reserved 1048576K
}
Event: 1137.559 GC heap before
{Heap before GC invocations=16 (full 2):
 PSYoungGen      total 266240K, used 265919K [0x000000076ce00000, 0x000000077ed00000, 0x00000007c0000000)
  eden space 253952K, 100% used [0x000000076ce00000,0x000000077c600000,0x000000077c600000)
  from space 12288K, 97% used [0x000000077d680000,0x000000077e22fcb8,0x000000077e280000)
  to   space 10752K, 0% used [0x000000077e280000,0x000000077e280000,0x000000077ed00000)
 ParOldGen       total 162304K, used 23225K [0x00000006c6a00000, 0x00000006d0880000, 0x000000076ce00000)
  object space 162304K, 14% used [0x00000006c6a00000,0x00000006c80ae660,0x00000006d0880000)
 Metaspace       used 52482K, capacity 54032K, committed 54144K, reserved 1095680K
  class space    used 7507K, capacity 7800K, committed 7808K, reserved 1048576K
Event: 1137.570 GC heap after
Heap after GC invocations=16 (full 2):
 PSYoungGen      total 256512K, used 10740K [0x000000076ce00000, 0x000000077ed00000, 0x00000007c0000000)
  eden space 245760K, 0% used [0x000000076ce00000,0x000000076ce00000,0x000000077be00000)
  from space 10752K, 99% used [0x000000077e280000,0x000000077ecfd050,0x000000077ed00000)
  to   space 17408K, 0% used [0x000000077cb00000,0x000000077cb00000,0x000000077dc00000)
 ParOldGen       total 162304K, used 25300K [0x00000006c6a00000, 0x00000006d0880000, 0x000000076ce00000)
  object space 162304K, 15% used [0x00000006c6a00000,0x00000006c82b5268,0x00000006d0880000)
 Metaspace       used 52482K, capacity 54032K, committed 54144K, reserved 1095680K
  class space    used 7507K, capacity 7800K, committed 7808K, reserved 1048576K
}

