# JRE version: Java(TM) SE Runtime Environment (8.0_20-b17) (build 1.8.0_20-ea-b17)
# Java VM: Java HotSpot(TM) 64-Bit Server VM (25.20-b17 mixed mode linux-amd64 compressed oops)
Heap:
 PSYoungGen      total 421888K, used 117836K [0x000000076ce00000, 0x000000078c280000, 0x00000007c0000000)
  eden space 401920K, 28% used [0x000000076ce00000,0x0000000773c194d0,0x0000000785680000)
  from space 19968K, 25% used [0x0000000785680000,0x0000000785b79c48,0x0000000786a00000)
  to   space 20480K, 0% used [0x000000078ae80000,0x000000078ae80000,0x000000078c280000)
 ParOldGen       total 241664K, used 41361K [0x00000006c6a00000, 0x00000006d5600000, 0x000000076ce00000)
  object space 241664K, 17% used [0x00000006c6a00000,0x00000006c9264430,0x00000006d5600000)
 Metaspace       used 59496K, capacity 60774K, committed 61056K, reserved 1101824K
  class space    used 8466K, capacity 8762K, committed 8832K, reserved 1048576K
GC Heap History (10 events):
Event: 5.099 GC heap before
{Heap before GC invocations=8 (full 2):
 PSYoungGen      total 306688K, used 13098K [0x000000076ce00000, 0x0000000786500000, 0x00000007c0000000)
  eden space 291840K, 0% used [0x000000076ce00000,0x000000076ce00000,0x000000077eb00000)
  from space 14848K, 88% used [0x000000077fa80000,0x000000078074aac8,0x0000000780900000)
  to   space 15872K, 0% used [0x000000077eb00000,0x000000077eb00000,0x000000077fa80000)
 ParOldGen       total 108544K, used 12938K [0x00000006c6a00000, 0x00000006cd400000, 0x000000076ce00000)
  object space 108544K, 11% used [0x00000006c6a00000,0x00000006c76a2990,0x00000006cd400000)
 Metaspace       used 34758K, capacity 35096K, committed 35320K, reserved 1079296K
  class space    used 4543K, capacity 4669K, committed 4736K, reserved 1048576K
Event: 5.164 GC heap after
Heap after GC invocations=8 (full 2):
 PSYoungGen      total 306688K, used 0K [0x000000076ce00000, 0x0000000786500000, 0x00000007c0000000)
  eden space 291840K, 0% used [0x000000076ce00000,0x000000076ce00000,0x000000077eb00000)
  from space 14848K, 0% used [0x000000077fa80000,0x000000077fa80000,0x0000000780900000)
  to   space 15872K, 0% used [0x000000077eb00000,0x000000077eb00000,0x000000077fa80000)
 ParOldGen       total 169472K, used 23566K [0x00000006c6a00000, 0x00000006d0f80000, 0x000000076ce00000)
  object space 169472K, 13% used [0x00000006c6a00000,0x00000006c8103ae0,0x00000006d0f80000)
 Metaspace       used 34758K, capacity 35096K, committed 35320K, reserved 1079296K
  class space    used 4543K, capacity 4669K, committed 4736K, reserved 1048576K
}
Event: 6.862 GC heap before
{Heap before GC invocations=9 (full 2):
 PSYoungGen      total 306688K, used 291840K [0x000000076ce00000, 0x0000000786500000, 0x00000007c0000000)
  eden space 291840K, 100% used [0x000000076ce00000,0x000000077eb00000,0x000000077eb00000)
  from space 14848K, 0% used [0x000000077fa80000,0x000000077fa80000,0x0000000780900000)
  to   space 15872K, 0% used [0x000000077eb00000,0x000000077eb00000,0x000000077fa80000)
 ParOldGen       total 169472K, used 23566K [0x00000006c6a00000, 0x00000006d0f80000, 0x000000076ce00000)
  object space 169472K, 13% used [0x00000006c6a00000,0x00000006c8103ae0,0x00000006d0f80000)
 Metaspace       used 44609K, capacity 45074K, committed 45440K, reserved 1087488K
  class space    used 6605K, capacity 6712K, committed 6784K, reserved 1048576K
Event: 6.872 GC heap after
Heap after GC invocations=9 (full 2):
 PSYoungGen      total 307712K, used 11142K [0x000000076ce00000, 0x0000000787d80000, 0x00000007c0000000)
  eden space 291840K, 0% used [0x000000076ce00000,0x000000076ce00000,0x000000077eb00000)
  from space 15872K, 70% used [0x000000077eb00000,0x000000077f5e1a70,0x000000077fa80000)
  to   space 15360K, 0% used [0x0000000786e80000,0x0000000786e80000,0x0000000787d80000)
 ParOldGen       total 169472K, used 23574K [0x00000006c6a00000, 0x00000006d0f80000, 0x000000076ce00000)
  object space 169472K, 13% used [0x00000006c6a00000,0x00000006c8105ae0,0x00000006d0f80000)
 Metaspace       used 44609K, capacity 45074K, committed 45440K, reserved 1087488K
  class space    used 6605K, capacity 6712K, committed 6784K, reserved 1048576K
}
Event: 28.440 GC heap before
{Heap before GC invocations=10 (full 2):
 PSYoungGen      total 307712K, used 253297K [0x000000076ce00000, 0x0000000787d80000, 0x00000007c0000000)
  eden space 291840K, 82% used [0x000000076ce00000,0x000000077ba7ac28,0x000000077eb00000)
  from space 15872K, 70% used [0x000000077eb00000,0x000000077f5e1a70,0x000000077fa80000)
  to   space 15360K, 0% used [0x0000000786e80000,0x0000000786e80000,0x0000000787d80000)
 ParOldGen       total 169472K, used 23574K [0x00000006c6a00000, 0x00000006d0f80000, 0x000000076ce00000)
  object space 169472K, 13% used [0x00000006c6a00000,0x00000006c8105ae0,0x00000006d0f80000)
 Metaspace       used 57378K, capacity 58422K, committed 58496K, reserved 1099776K
  class space    used 8263K, capacity 8531K, committed 8576K, reserved 1048576K
Event: 28.461 GC heap after
Heap after GC invocations=10 (full 2):
 PSYoungGen      total 408576K, used 15341K [0x000000076ce00000, 0x0000000787d80000, 0x00000007c0000000)
  eden space 393216K, 0% used [0x000000076ce00000,0x000000076ce00000,0x0000000784e00000)
  from space 15360K, 99% used [0x0000000786e80000,0x0000000787d7b668,0x0000000787d80000)
  to   space 19968K, 0% used [0x0000000785680000,0x0000000785680000,0x0000000786a00000)
 ParOldGen       total 169472K, used 30309K [0x00000006c6a00000, 0x00000006d0f80000, 0x000000076ce00000)
  object space 169472K, 17% used [0x00000006c6a00000,0x00000006c8799458,0x00000006d0f80000)
 Metaspace       used 57378K, capacity 58422K, committed 58496K, reserved 1099776K
  class space    used 8263K, capacity 8531K, committed 8576K, reserved 1048576K
}
Event: 28.461 GC heap before
{Heap before GC invocations=11 (full 3):
 PSYoungGen      total 408576K, used 15341K [0x000000076ce00000, 0x0000000787d80000, 0x00000007c0000000)
  eden space 393216K, 0% used [0x000000076ce00000,0x000000076ce00000,0x0000000784e00000)
  from space 15360K, 99% used [0x0000000786e80000,0x0000000787d7b668,0x0000000787d80000)
  to   space 19968K, 0% used [0x0000000785680000,0x0000000785680000,0x0000000786a00000)
 ParOldGen       total 169472K, used 30309K [0x00000006c6a00000, 0x00000006d0f80000, 0x000000076ce00000)
  object space 169472K, 17% used [0x00000006c6a00000,0x00000006c8799458,0x00000006d0f80000)
 Metaspace       used 57378K, capacity 58422K, committed 58496K, reserved 1099776K
  class space    used 8263K, capacity 8531K, committed 8576K, reserved 1048576K
Event: 28.654 GC heap after
Heap after GC invocations=11 (full 3):
 PSYoungGen      total 408576K, used 0K [0x000000076ce00000, 0x0000000787d80000, 0x00000007c0000000)
  eden space 393216K, 0% used [0x000000076ce00000,0x000000076ce00000,0x0000000784e00000)
  from space 15360K, 0% used [0x0000000786e80000,0x0000000786e80000,0x0000000787d80000)
  to   space 19968K, 0% used [0x0000000785680000,0x0000000785680000,0x0000000786a00000)
 ParOldGen       total 241664K, used 41353K [0x00000006c6a00000, 0x00000006d5600000, 0x000000076ce00000)
  object space 241664K, 17% used [0x00000006c6a00000,0x00000006c9262430,0x00000006d5600000)
 Metaspace       used 57308K, capacity 58324K, committed 58496K, reserved 1099776K
  class space    used 8262K, capacity 8525K, committed 8576K, reserved 1048576K
}
Event: 662.936 GC heap before
{Heap before GC invocations=12 (full 3):
 PSYoungGen      total 408576K, used 393216K [0x000000076ce00000, 0x0000000787d80000, 0x00000007c0000000)
  eden space 393216K, 100% used [0x000000076ce00000,0x0000000784e00000,0x0000000784e00000)
  from space 15360K, 0% used [0x0000000786e80000,0x0000000786e80000,0x0000000787d80000)
  to   space 19968K, 0% used [0x0000000785680000,0x0000000785680000,0x0000000786a00000)
 ParOldGen       total 241664K, used 41353K [0x00000006c6a00000, 0x00000006d5600000, 0x000000076ce00000)
  object space 241664K, 17% used [0x00000006c6a00000,0x00000006c9262430,0x00000006d5600000)
 Metaspace       used 59196K, capacity 60476K, committed 60800K, reserved 1101824K
  class space    used 8445K, capacity 8755K, committed 8832K, reserved 1048576K
Event: 662.943 GC heap after
Heap after GC invocations=12 (full 3):
 PSYoungGen      total 421888K, used 5095K [0x000000076ce00000, 0x000000078c280000, 0x00000007c0000000)
  eden space 401920K, 0% used [0x000000076ce00000,0x000000076ce00000,0x0000000785680000)
  from space 19968K, 25% used [0x0000000785680000,0x0000000785b79c48,0x0000000786a00000)
  to   space 20480K, 0% used [0x000000078ae80000,0x000000078ae80000,0x000000078c280000)
 ParOldGen       total 241664K, used 41361K [0x00000006c6a00000, 0x00000006d5600000, 0x000000076ce00000)
  object space 241664K, 17% used [0x00000006c6a00000,0x00000006c9264430,0x00000006d5600000)
 Metaspace       used 59196K, capacity 60476K, committed 60800K, reserved 1101824K
  class space    used 8445K, capacity 8755K, committed 8832K, reserved 1048576K
}

