# JRE version: Java(TM) SE Runtime Environment (8.0_20-b17) (build 1.8.0_20-ea-b17)
# Java VM: Java HotSpot(TM) 64-Bit Server VM (25.20-b17 mixed mode linux-amd64 compressed oops)
Heap:
 PSYoungGen      total 455168K, used 421364K [0x000000076ce00000, 0x000000078b500000, 0x00000007c0000000)
  eden space 431616K, 96% used [0x000000076ce00000,0x0000000786447400,0x0000000787380000)
  from space 23552K, 22% used [0x0000000788b00000,0x0000000789035e50,0x000000078a200000)
  to   space 24064K, 0% used [0x0000000787380000,0x0000000787380000,0x0000000788b00000)
 ParOldGen       total 244736K, used 38989K [0x00000006c6a00000, 0x00000006d5900000, 0x000000076ce00000)
  object space 244736K, 15% used [0x00000006c6a00000,0x00000006c9013530,0x00000006d5900000)
 Metaspace       used 60803K, capacity 62258K, committed 62312K, reserved 1103872K
  class space    used 8463K, capacity 8781K, committed 8808K, reserved 1048576K
GC Heap History (10 events):
Event: 6.473 GC heap before
{Heap before GC invocations=9 (full 2):
 PSYoungGen      total 285184K, used 270336K [0x000000076ce00000, 0x0000000785b80000, 0x00000007c0000000)
  eden space 270336K, 100% used [0x000000076ce00000,0x000000077d600000,0x000000077d600000)
  from space 14848K, 0% used [0x000000077e580000,0x000000077e580000,0x000000077f400000)
  to   space 15872K, 0% used [0x000000077d600000,0x000000077d600000,0x000000077e580000)
 ParOldGen       total 174080K, used 23644K [0x00000006c6a00000, 0x00000006d1400000, 0x000000076ce00000)
  object space 174080K, 13% used [0x00000006c6a00000,0x00000006c81171b8,0x00000006d1400000)
 Metaspace       used 41084K, capacity 41646K, committed 41984K, reserved 1085440K
  class space    used 5928K, capacity 6066K, committed 6144K, reserved 1048576K
Event: 6.483 GC heap after
Heap after GC invocations=9 (full 2):
 PSYoungGen      total 286208K, used 15870K [0x000000076ce00000, 0x0000000786a00000, 0x00000007c0000000)
  eden space 270336K, 0% used [0x000000076ce00000,0x000000076ce00000,0x000000077d600000)
  from space 15872K, 99% used [0x000000077d600000,0x000000077e57f938,0x000000077e580000)
  to   space 18432K, 0% used [0x0000000785800000,0x0000000785800000,0x0000000786a00000)
 ParOldGen       total 174080K, used 25179K [0x00000006c6a00000, 0x00000006d1400000, 0x000000076ce00000)
  object space 174080K, 14% used [0x00000006c6a00000,0x00000006c8296f08,0x00000006d1400000)
 Metaspace       used 41084K, capacity 41646K, committed 41984K, reserved 1085440K
  class space    used 5928K, capacity 6066K, committed 6144K, reserved 1048576K
}
Event: 46.048 GC heap before
{Heap before GC invocations=10 (full 2):
 PSYoungGen      total 286208K, used 286206K [0x000000076ce00000, 0x0000000786a00000, 0x00000007c0000000)
  eden space 270336K, 100% used [0x000000076ce00000,0x000000077d600000,0x000000077d600000)
  from space 15872K, 99% used [0x000000077d600000,0x000000077e57f938,0x000000077e580000)
  to   space 18432K, 0% used [0x0000000785800000,0x0000000785800000,0x0000000786a00000)
 ParOldGen       total 174080K, used 25179K [0x00000006c6a00000, 0x00000006d1400000, 0x000000076ce00000)
  object space 174080K, 14% used [0x00000006c6a00000,0x00000006c8296f08,0x00000006d1400000)
 Metaspace       used 53685K, capacity 54850K, committed 54912K, reserved 1095680K
  class space    used 7490K, capacity 7760K, committed 7808K, reserved 1048576K
Event: 46.069 GC heap after
Heap after GC invocations=10 (full 2):
 PSYoungGen      total 385536K, used 18422K [0x000000076ce00000, 0x0000000786a00000, 0x00000007c0000000)
  eden space 367104K, 0% used [0x000000076ce00000,0x000000076ce00000,0x0000000783480000)
  from space 18432K, 99% used [0x0000000785800000,0x00000007869fdb28,0x0000000786a00000)
  to   space 21504K, 0% used [0x0000000784000000,0x0000000784000000,0x0000000785500000)
 ParOldGen       total 174080K, used 26959K [0x00000006c6a00000, 0x00000006d1400000, 0x000000076ce00000)
  object space 174080K, 15% used [0x00000006c6a00000,0x00000006c8453cd0,0x00000006d1400000)
 Metaspace       used 53685K, capacity 54850K, committed 54912K, reserved 1095680K
  class space    used 7490K, capacity 7760K, committed 7808K, reserved 1048576K
}
Event: 271.260 GC heap before
{Heap before GC invocations=11 (full 2):
 PSYoungGen      total 385536K, used 242051K [0x000000076ce00000, 0x0000000786a00000, 0x00000007c0000000)
  eden space 367104K, 60% used [0x000000076ce00000,0x000000077a863220,0x0000000783480000)
  from space 18432K, 99% used [0x0000000785800000,0x00000007869fdb28,0x0000000786a00000)
  to   space 21504K, 0% used [0x0000000784000000,0x0000000784000000,0x0000000785500000)
 ParOldGen       total 174080K, used 26959K [0x00000006c6a00000, 0x00000006d1400000, 0x000000076ce00000)
  object space 174080K, 15% used [0x00000006c6a00000,0x00000006c8453cd0,0x00000006d1400000)
 Metaspace       used 57116K, capacity 58354K, committed 58472K, reserved 1099776K
  class space    used 7916K, capacity 8194K, committed 8296K, reserved 1048576K
Event: 271.284 GC heap after
Heap after GC invocations=11 (full 2):
 PSYoungGen      total 400384K, used 19691K [0x000000076ce00000, 0x000000078a200000, 0x00000007c0000000)
  eden space 378880K, 0% used [0x000000076ce00000,0x000000076ce00000,0x0000000784000000)
  from space 21504K, 91% used [0x0000000784000000,0x000000078533ae78,0x0000000785500000)
  to   space 23552K, 0% used [0x0000000788b00000,0x0000000788b00000,0x000000078a200000)
 ParOldGen       total 174080K, used 26967K [0x00000006c6a00000, 0x00000006d1400000, 0x000000076ce00000)
  object space 174080K, 15% used [0x00000006c6a00000,0x00000006c8455cd0,0x00000006d1400000)
 Metaspace       used 57116K, capacity 58354K, committed 58472K, reserved 1099776K
  class space    used 7916K, capacity 8194K, committed 8296K, reserved 1048576K
}
Event: 271.284 GC heap before
{Heap before GC invocations=12 (full 3):
 PSYoungGen      total 400384K, used 19691K [0x000000076ce00000, 0x000000078a200000, 0x00000007c0000000)
  eden space 378880K, 0% used [0x000000076ce00000,0x000000076ce00000,0x0000000784000000)
  from space 21504K, 91% used [0x0000000784000000,0x000000078533ae78,0x0000000785500000)
  to   space 23552K, 0% used [0x0000000788b00000,0x0000000788b00000,0x000000078a200000)
 ParOldGen       total 174080K, used 26967K [0x00000006c6a00000, 0x00000006d1400000, 0x000000076ce00000)
  object space 174080K, 15% used [0x00000006c6a00000,0x00000006c8455cd0,0x00000006d1400000)
 Metaspace       used 57116K, capacity 58354K, committed 58472K, reserved 1099776K
  class space    used 7916K, capacity 8194K, committed 8296K, reserved 1048576K
Event: 271.502 GC heap after
Heap after GC invocations=12 (full 3):
 PSYoungGen      total 400384K, used 0K [0x000000076ce00000, 0x000000078a200000, 0x00000007c0000000)
  eden space 378880K, 0% used [0x000000076ce00000,0x000000076ce00000,0x0000000784000000)
  from space 21504K, 0% used [0x0000000784000000,0x0000000784000000,0x0000000785500000)
  to   space 23552K, 0% used [0x0000000788b00000,0x0000000788b00000,0x000000078a200000)
 ParOldGen       total 244736K, used 38981K [0x00000006c6a00000, 0x00000006d5900000, 0x000000076ce00000)
  object space 244736K, 15% used [0x00000006c6a00000,0x00000006c9011530,0x00000006d5900000)
 Metaspace       used 57105K, capacity 58340K, committed 58472K, reserved 1099776K
  class space    used 7916K, capacity 8192K, committed 8296K, reserved 1048576K
}
Event: 551.374 GC heap before
{Heap before GC invocations=13 (full 3):
 PSYoungGen      total 400384K, used 378880K [0x000000076ce00000, 0x000000078a200000, 0x00000007c0000000)
  eden space 378880K, 100% used [0x000000076ce00000,0x0000000784000000,0x0000000784000000)
  from space 21504K, 0% used [0x0000000784000000,0x0000000784000000,0x0000000785500000)
  to   space 23552K, 0% used [0x0000000788b00000,0x0000000788b00000,0x000000078a200000)
 ParOldGen       total 244736K, used 38981K [0x00000006c6a00000, 0x00000006d5900000, 0x000000076ce00000)
  object space 244736K, 15% used [0x00000006c6a00000,0x00000006c9011530,0x00000006d5900000)
 Metaspace       used 60402K, capacity 61728K, committed 62056K, reserved 1101824K
  class space    used 8431K, capacity 8730K, committed 8808K, reserved 1048576K
Event: 551.387 GC heap after
Heap after GC invocations=13 (full 3):
 PSYoungGen      total 455168K, used 5335K [0x000000076ce00000, 0x000000078b500000, 0x00000007c0000000)
  eden space 431616K, 0% used [0x000000076ce00000,0x000000076ce00000,0x0000000787380000)
  from space 23552K, 22% used [0x0000000788b00000,0x0000000789035e50,0x000000078a200000)
  to   space 24064K, 0% used [0x0000000787380000,0x0000000787380000,0x0000000788b00000)
 ParOldGen       total 244736K, used 38989K [0x00000006c6a00000, 0x00000006d5900000, 0x000000076ce00000)
  object space 244736K, 15% used [0x00000006c6a00000,0x00000006c9013530,0x00000006d5900000)
 Metaspace       used 60402K, capacity 61728K, committed 62056K, reserved 1101824K
  class space    used 8431K, capacity 8730K, committed 8808K, reserved 1048576K
}

