# JRE version: Java(TM) SE Runtime Environment (8.0_20-b17) (build 1.8.0_20-ea-b17)
# Java VM: Java HotSpot(TM) 64-Bit Server VM (25.20-b17 mixed mode linux-amd64 compressed oops)
Heap:
 PSYoungGen      total 377344K, used 59198K [0x000000076ce00000, 0x0000000785600000, 0x00000007c0000000)
  eden space 357376K, 16% used [0x000000076ce00000,0x000000077063a330,0x0000000782b00000)
  from space 19968K, 8% used [0x0000000784280000,0x00000007844155b8,0x0000000785600000)
  to   space 22016K, 0% used [0x0000000782b00000,0x0000000782b00000,0x0000000784080000)
 ParOldGen       total 201728K, used 34733K [0x00000006c6a00000, 0x00000006d2f00000, 0x000000076ce00000)
  object space 201728K, 17% used [0x00000006c6a00000,0x00000006c8beb400,0x00000006d2f00000)
 Metaspace       used 58167K, capacity 59342K, committed 59548K, reserved 1099776K
  class space    used 8232K, capacity 8534K, committed 8576K, reserved 1048576K
GC Heap History (10 events):
Event: 7.874 GC heap before
{Heap before GC invocations=11 (full 2):
 PSYoungGen      total 213504K, used 213206K [0x000000076ce00000, 0x000000077c280000, 0x00000007c0000000)
  eden space 207360K, 100% used [0x000000076ce00000,0x0000000779880000,0x0000000779880000)
  from space 6144K, 95% used [0x000000077bc80000,0x000000077c235850,0x000000077c280000)
  to   space 16384K, 0% used [0x000000077a280000,0x000000077a280000,0x000000077b280000)
 ParOldGen       total 172032K, used 23622K [0x00000006c6a00000, 0x00000006d1200000, 0x000000076ce00000)
  object space 172032K, 13% used [0x00000006c6a00000,0x00000006c8111b20,0x00000006d1200000)
 Metaspace       used 49484K, capacity 50042K, committed 50304K, reserved 1091584K
  class space    used 7126K, capacity 7268K, committed 7296K, reserved 1048576K
Event: 7.891 GC heap after
Heap after GC invocations=11 (full 2):
 PSYoungGen      total 233984K, used 14947K [0x000000076ce00000, 0x000000077e580000, 0x00000007c0000000)
  eden space 217600K, 0% used [0x000000076ce00000,0x000000076ce00000,0x000000077a280000)
  from space 16384K, 91% used [0x000000077a280000,0x000000077b118c70,0x000000077b280000)
  to   space 17920K, 0% used [0x000000077d400000,0x000000077d400000,0x000000077e580000)
 ParOldGen       total 172032K, used 23630K [0x00000006c6a00000, 0x00000006d1200000, 0x000000076ce00000)
  object space 172032K, 13% used [0x00000006c6a00000,0x00000006c8113b20,0x00000006d1200000)
 Metaspace       used 49484K, capacity 50042K, committed 50304K, reserved 1091584K
  class space    used 7126K, capacity 7268K, committed 7296K, reserved 1048576K
}
Event: 23.812 GC heap before
{Heap before GC invocations=12 (full 2):
 PSYoungGen      total 233984K, used 232547K [0x000000076ce00000, 0x000000077e580000, 0x00000007c0000000)
  eden space 217600K, 100% used [0x000000076ce00000,0x000000077a280000,0x000000077a280000)
  from space 16384K, 91% used [0x000000077a280000,0x000000077b118c70,0x000000077b280000)
  to   space 17920K, 0% used [0x000000077d400000,0x000000077d400000,0x000000077e580000)
 ParOldGen       total 172032K, used 23630K [0x00000006c6a00000, 0x00000006d1200000, 0x000000076ce00000)
  object space 172032K, 13% used [0x00000006c6a00000,0x00000006c8113b20,0x00000006d1200000)
 Metaspace       used 57078K, capacity 58290K, committed 58496K, reserved 1099776K
  class space    used 8176K, capacity 8472K, committed 8576K, reserved 1048576K
Event: 23.832 GC heap after
Heap after GC invocations=12 (full 2):
 PSYoungGen      total 265728K, used 17888K [0x000000076ce00000, 0x000000077ef80000, 0x00000007c0000000)
  eden space 247808K, 0% used [0x000000076ce00000,0x000000076ce00000,0x000000077c000000)
  from space 17920K, 99% used [0x000000077d400000,0x000000077e578008,0x000000077e580000)
  to   space 20480K, 0% used [0x000000077c000000,0x000000077c000000,0x000000077d400000)
 ParOldGen       total 172032K, used 25568K [0x00000006c6a00000, 0x00000006d1200000, 0x000000076ce00000)
  object space 172032K, 14% used [0x00000006c6a00000,0x00000006c82f8378,0x00000006d1200000)
 Metaspace       used 57078K, capacity 58290K, committed 58496K, reserved 1099776K
  class space    used 8176K, capacity 8472K, committed 8576K, reserved 1048576K
}
Event: 23.867 GC heap before
{Heap before GC invocations=13 (full 2):
 PSYoungGen      total 265728K, used 21903K [0x000000076ce00000, 0x000000077ef80000, 0x00000007c0000000)
  eden space 247808K, 1% used [0x000000076ce00000,0x000000076d1ebe40,0x000000077c000000)
  from space 17920K, 99% used [0x000000077d400000,0x000000077e578008,0x000000077e580000)
  to   space 20480K, 0% used [0x000000077c000000,0x000000077c000000,0x000000077d400000)
 ParOldGen       total 172032K, used 25568K [0x00000006c6a00000, 0x00000006d1200000, 0x000000076ce00000)
  object space 172032K, 14% used [0x00000006c6a00000,0x00000006c82f8378,0x00000006d1200000)
 Metaspace       used 57138K, capacity 58434K, committed 58524K, reserved 1099776K
  class space    used 8183K, capacity 8486K, committed 8576K, reserved 1048576K
Event: 23.880 GC heap after
Heap after GC invocations=13 (full 2):
 PSYoungGen      total 268288K, used 15061K [0x000000076ce00000, 0x0000000785780000, 0x00000007c0000000)
  eden space 247808K, 0% used [0x000000076ce00000,0x000000076ce00000,0x000000077c000000)
  from space 20480K, 73% used [0x000000077c000000,0x000000077ceb57d0,0x000000077d400000)
  to   space 21504K, 0% used [0x0000000784280000,0x0000000784280000,0x0000000785780000)
 ParOldGen       total 172032K, used 25576K [0x00000006c6a00000, 0x00000006d1200000, 0x000000076ce00000)
  object space 172032K, 14% used [0x00000006c6a00000,0x00000006c82fa378,0x00000006d1200000)
 Metaspace       used 57138K, capacity 58434K, committed 58524K, reserved 1099776K
  class space    used 8183K, capacity 8486K, committed 8576K, reserved 1048576K
}
Event: 23.880 GC heap before
{Heap before GC invocations=14 (full 3):
 PSYoungGen      total 268288K, used 15061K [0x000000076ce00000, 0x0000000785780000, 0x00000007c0000000)
  eden space 247808K, 0% used [0x000000076ce00000,0x000000076ce00000,0x000000077c000000)
  from space 20480K, 73% used [0x000000077c000000,0x000000077ceb57d0,0x000000077d400000)
  to   space 21504K, 0% used [0x0000000784280000,0x0000000784280000,0x0000000785780000)
 ParOldGen       total 172032K, used 25576K [0x00000006c6a00000, 0x00000006d1200000, 0x000000076ce00000)
  object space 172032K, 14% used [0x00000006c6a00000,0x00000006c82fa378,0x00000006d1200000)
 Metaspace       used 57138K, capacity 58434K, committed 58524K, reserved 1099776K
  class space    used 8183K, capacity 8486K, committed 8576K, reserved 1048576K
Event: 24.083 GC heap after
Heap after GC invocations=14 (full 3):
 PSYoungGen      total 268288K, used 0K [0x000000076ce00000, 0x0000000785780000, 0x00000007c0000000)
  eden space 247808K, 0% used [0x000000076ce00000,0x000000076ce00000,0x000000077c000000)
  from space 20480K, 0% used [0x000000077c000000,0x000000077c000000,0x000000077d400000)
  to   space 21504K, 0% used [0x0000000784280000,0x0000000784280000,0x0000000785780000)
 ParOldGen       total 201728K, used 34725K [0x00000006c6a00000, 0x00000006d2f00000, 0x000000076ce00000)
  object space 201728K, 17% used [0x00000006c6a00000,0x00000006c8be9400,0x00000006d2f00000)
 Metaspace       used 57078K, capacity 58350K, committed 58524K, reserved 1099776K
  class space    used 8182K, capacity 8482K, committed 8576K, reserved 1048576K
}
Event: 144.692 GC heap before
{Heap before GC invocations=15 (full 3):
 PSYoungGen      total 268288K, used 247808K [0x000000076ce00000, 0x0000000785780000, 0x00000007c0000000)
  eden space 247808K, 100% used [0x000000076ce00000,0x000000077c000000,0x000000077c000000)
  from space 20480K, 0% used [0x000000077c000000,0x000000077c000000,0x000000077d400000)
  to   space 21504K, 0% used [0x0000000784280000,0x0000000784280000,0x0000000785780000)
 ParOldGen       total 201728K, used 34725K [0x00000006c6a00000, 0x00000006d2f00000, 0x000000076ce00000)
  object space 201728K, 17% used [0x00000006c6a00000,0x00000006c8be9400,0x00000006d2f00000)
 Metaspace       used 57983K, capacity 59222K, committed 59548K, reserved 1099776K
  class space    used 8209K, capacity 8498K, committed 8576K, reserved 1048576K
Event: 144.699 GC heap after
Heap after GC invocations=15 (full 3):
 PSYoungGen      total 377344K, used 1621K [0x000000076ce00000, 0x0000000785600000, 0x00000007c0000000)
  eden space 357376K, 0% used [0x000000076ce00000,0x000000076ce00000,0x0000000782b00000)
  from space 19968K, 8% used [0x0000000784280000,0x00000007844155b8,0x0000000785600000)
  to   space 22016K, 0% used [0x0000000782b00000,0x0000000782b00000,0x0000000784080000)
 ParOldGen       total 201728K, used 34733K [0x00000006c6a00000, 0x00000006d2f00000, 0x000000076ce00000)
  object space 201728K, 17% used [0x00000006c6a00000,0x00000006c8beb400,0x00000006d2f00000)
 Metaspace       used 57983K, capacity 59222K, committed 59548K, reserved 1099776K
  class space    used 8209K, capacity 8498K, committed 8576K, reserved 1048576K
}

