# JRE version: Java(TM) SE Runtime Environment (8.0_20-b17) (build 1.8.0_20-ea-b17)
# Java VM: Java HotSpot(TM) 64-Bit Server VM (25.20-b17 mixed mode linux-amd64 compressed oops)
Heap:
 PSYoungGen      total 570880K, used 380103K [0x000000076ce00000, 0x0000000791980000, 0x00000007c0000000)
  eden space 550400K, 68% used [0x000000076ce00000,0x0000000783e4b068,0x000000078e780000)
  from space 20480K, 14% used [0x000000078fc80000,0x000000078ff66d78,0x0000000791080000)
  to   space 21504K, 0% used [0x000000078e780000,0x000000078e780000,0x000000078fc80000)
 ParOldGen       total 212480K, used 38652K [0x00000006c6a00000, 0x00000006d3980000, 0x000000076ce00000)
  object space 212480K, 18% used [0x00000006c6a00000,0x00000006c8fbf010,0x00000006d3980000)
 Metaspace       used 59788K, capacity 61388K, committed 61672K, reserved 1101824K
  class space    used 8499K, capacity 8860K, committed 8936K, reserved 1048576K
GC Heap History (10 events):
Event: 6.594 GC heap before
{Heap before GC invocations=9 (full 2):
 PSYoungGen      total 299520K, used 284672K [0x000000076ce00000, 0x0000000786800000, 0x00000007c0000000)
  eden space 284672K, 100% used [0x000000076ce00000,0x000000077e400000,0x000000077e400000)
  from space 14848K, 0% used [0x000000077f380000,0x000000077f380000,0x0000000780200000)
  to   space 15872K, 0% used [0x000000077e400000,0x000000077e400000,0x000000077f380000)
 ParOldGen       total 171520K, used 23642K [0x00000006c6a00000, 0x00000006d1180000, 0x000000076ce00000)
  object space 171520K, 13% used [0x00000006c6a00000,0x00000006c8116a58,0x00000006d1180000)
 Metaspace       used 44159K, capacity 44658K, committed 44928K, reserved 1087488K
  class space    used 6554K, capacity 6680K, committed 6784K, reserved 1048576K
Event: 6.606 GC heap after
Heap after GC invocations=9 (full 2):
 PSYoungGen      total 300544K, used 10635K [0x000000076ce00000, 0x0000000787980000, 0x00000007c0000000)
  eden space 284672K, 0% used [0x000000076ce00000,0x000000076ce00000,0x000000077e400000)
  from space 15872K, 67% used [0x000000077e400000,0x000000077ee62de8,0x000000077f380000)
  to   space 14848K, 0% used [0x0000000786b00000,0x0000000786b00000,0x0000000787980000)
 ParOldGen       total 171520K, used 23650K [0x00000006c6a00000, 0x00000006d1180000, 0x000000076ce00000)
  object space 171520K, 13% used [0x00000006c6a00000,0x00000006c8118a58,0x00000006d1180000)
 Metaspace       used 44159K, capacity 44658K, committed 44928K, reserved 1087488K
  class space    used 6554K, capacity 6680K, committed 6784K, reserved 1048576K
}
Event: 34.690 GC heap before
{Heap before GC invocations=10 (full 2):
 PSYoungGen      total 300544K, used 295307K [0x000000076ce00000, 0x0000000787980000, 0x00000007c0000000)
  eden space 284672K, 100% used [0x000000076ce00000,0x000000077e400000,0x000000077e400000)
  from space 15872K, 67% used [0x000000077e400000,0x000000077ee62de8,0x000000077f380000)
  to   space 14848K, 0% used [0x0000000786b00000,0x0000000786b00000,0x0000000787980000)
 ParOldGen       total 171520K, used 23650K [0x00000006c6a00000, 0x00000006d1180000, 0x000000076ce00000)
  object space 171520K, 13% used [0x00000006c6a00000,0x00000006c8118a58,0x00000006d1180000)
 Metaspace       used 57128K, capacity 58326K, committed 58472K, reserved 1099776K
  class space    used 8229K, capacity 8494K, committed 8552K, reserved 1048576K
Event: 34.712 GC heap after
Heap after GC invocations=10 (full 2):
 PSYoungGen      total 404480K, used 14818K [0x000000076ce00000, 0x0000000787980000, 0x00000007c0000000)
  eden space 389632K, 0% used [0x000000076ce00000,0x000000076ce00000,0x0000000784a80000)
  from space 14848K, 99% used [0x0000000786b00000,0x0000000787978910,0x0000000787980000)
  to   space 20480K, 0% used [0x0000000785180000,0x0000000785180000,0x0000000786580000)
 ParOldGen       total 171520K, used 32801K [0x00000006c6a00000, 0x00000006d1180000, 0x000000076ce00000)
  object space 171520K, 19% used [0x00000006c6a00000,0x00000006c8a085c8,0x00000006d1180000)
 Metaspace       used 57128K, capacity 58326K, committed 58472K, reserved 1099776K
  class space    used 8229K, capacity 8494K, committed 8552K, reserved 1048576K
}
Event: 34.805 GC heap before
{Heap before GC invocations=11 (full 2):
 PSYoungGen      total 404480K, used 49572K [0x000000076ce00000, 0x0000000787980000, 0x00000007c0000000)
  eden space 389632K, 8% used [0x000000076ce00000,0x000000076eff07c8,0x0000000784a80000)
  from space 14848K, 99% used [0x0000000786b00000,0x0000000787978910,0x0000000787980000)
  to   space 20480K, 0% used [0x0000000785180000,0x0000000785180000,0x0000000786580000)
 ParOldGen       total 171520K, used 32801K [0x00000006c6a00000, 0x00000006d1180000, 0x000000076ce00000)
  object space 171520K, 19% used [0x00000006c6a00000,0x00000006c8a085c8,0x00000006d1180000)
 Metaspace       used 57249K, capacity 58416K, committed 58472K, reserved 1099776K
  class space    used 8235K, capacity 8499K, committed 8552K, reserved 1048576K
Event: 34.823 GC heap after
Heap after GC invocations=11 (full 2):
 PSYoungGen      total 417280K, used 15042K [0x000000076ce00000, 0x0000000791080000, 0x00000007c0000000)
  eden space 396800K, 0% used [0x000000076ce00000,0x000000076ce00000,0x0000000785180000)
  from space 20480K, 73% used [0x0000000785180000,0x0000000786030a40,0x0000000786580000)
  to   space 20480K, 0% used [0x000000078fc80000,0x000000078fc80000,0x0000000791080000)
 ParOldGen       total 171520K, used 32809K [0x00000006c6a00000, 0x00000006d1180000, 0x000000076ce00000)
  object space 171520K, 19% used [0x00000006c6a00000,0x00000006c8a0a5c8,0x00000006d1180000)
 Metaspace       used 57249K, capacity 58416K, committed 58472K, reserved 1099776K
  class space    used 8235K, capacity 8499K, committed 8552K, reserved 1048576K
}
Event: 34.823 GC heap before
{Heap before GC invocations=12 (full 3):
 PSYoungGen      total 417280K, used 15042K [0x000000076ce00000, 0x0000000791080000, 0x00000007c0000000)
  eden space 396800K, 0% used [0x000000076ce00000,0x000000076ce00000,0x0000000785180000)
  from space 20480K, 73% used [0x0000000785180000,0x0000000786030a40,0x0000000786580000)
  to   space 20480K, 0% used [0x000000078fc80000,0x000000078fc80000,0x0000000791080000)
 ParOldGen       total 171520K, used 32809K [0x00000006c6a00000, 0x00000006d1180000, 0x000000076ce00000)
  object space 171520K, 19% used [0x00000006c6a00000,0x00000006c8a0a5c8,0x00000006d1180000)
 Metaspace       used 57249K, capacity 58416K, committed 58472K, reserved 1099776K
  class space    used 8235K, capacity 8499K, committed 8552K, reserved 1048576K
Event: 35.051 GC heap after
Heap after GC invocations=12 (full 3):
 PSYoungGen      total 417280K, used 0K [0x000000076ce00000, 0x0000000791080000, 0x00000007c0000000)
  eden space 396800K, 0% used [0x000000076ce00000,0x000000076ce00000,0x0000000785180000)
  from space 20480K, 0% used [0x0000000785180000,0x0000000785180000,0x0000000786580000)
  to   space 20480K, 0% used [0x000000078fc80000,0x000000078fc80000,0x0000000791080000)
 ParOldGen       total 212480K, used 38644K [0x00000006c6a00000, 0x00000006d3980000, 0x000000076ce00000)
  object space 212480K, 18% used [0x00000006c6a00000,0x00000006c8fbd010,0x00000006d3980000)
 Metaspace       used 57238K, capacity 58402K, committed 58472K, reserved 1099776K
  class space    used 8235K, capacity 8497K, committed 8552K, reserved 1048576K
}
Event: 104.488 GC heap before
{Heap before GC invocations=13 (full 3):
 PSYoungGen      total 417280K, used 396800K [0x000000076ce00000, 0x0000000791080000, 0x00000007c0000000)
  eden space 396800K, 100% used [0x000000076ce00000,0x0000000785180000,0x0000000785180000)
  from space 20480K, 0% used [0x0000000785180000,0x0000000785180000,0x0000000786580000)
  to   space 20480K, 0% used [0x000000078fc80000,0x000000078fc80000,0x0000000791080000)
 ParOldGen       total 212480K, used 38644K [0x00000006c6a00000, 0x00000006d3980000, 0x000000076ce00000)
  object space 212480K, 18% used [0x00000006c6a00000,0x00000006c8fbd010,0x00000006d3980000)
 Metaspace       used 59036K, capacity 60580K, committed 60776K, reserved 1101824K
  class space    used 8436K, capacity 8784K, committed 8808K, reserved 1048576K
Event: 104.496 GC heap after
Heap after GC invocations=13 (full 3):
 PSYoungGen      total 570880K, used 2971K [0x000000076ce00000, 0x0000000791980000, 0x00000007c0000000)
  eden space 550400K, 0% used [0x000000076ce00000,0x000000076ce00000,0x000000078e780000)
  from space 20480K, 14% used [0x000000078fc80000,0x000000078ff66d78,0x0000000791080000)
  to   space 21504K, 0% used [0x000000078e780000,0x000000078e780000,0x000000078fc80000)
 ParOldGen       total 212480K, used 38652K [0x00000006c6a00000, 0x00000006d3980000, 0x000000076ce00000)
  object space 212480K, 18% used [0x00000006c6a00000,0x00000006c8fbf010,0x00000006d3980000)
 Metaspace       used 59036K, capacity 60580K, committed 60776K, reserved 1101824K
  class space    used 8436K, capacity 8784K, committed 8808K, reserved 1048576K
}

