# JRE version: Java(TM) SE Runtime Environment (8.0_20-b17) (build 1.8.0_20-ea-b17)
# Java VM: Java HotSpot(TM) 64-Bit Server VM (25.20-b17 mixed mode linux-amd64 compressed oops)
Heap:
 PSYoungGen      total 284160K, used 74017K [0x000000076ce00000, 0x0000000782580000, 0x00000007c0000000)
  eden space 263168K, 28% used [0x000000076ce00000,0x00000007716487e8,0x000000077cf00000)
  from space 20992K, 0% used [0x000000077cf00000,0x000000077cf00000,0x000000077e380000)
  to   space 22016K, 0% used [0x0000000781000000,0x0000000781000000,0x0000000782580000)
 ParOldGen       total 234496K, used 35708K [0x00000006c6a00000, 0x00000006d4f00000, 0x000000076ce00000)
  object space 234496K, 15% used [0x00000006c6a00000,0x00000006c8cdf040,0x00000006d4f00000)
 Metaspace       used 57633K, capacity 58864K, committed 59164K, reserved 1099776K
  class space    used 8199K, capacity 8482K, committed 8576K, reserved 1048576K
GC Heap History (10 events):
Event: 5.802 GC heap before
{Heap before GC invocations=10 (full 2):
 PSYoungGen      total 165888K, used 151040K [0x000000076ce00000, 0x000000077ce00000, 0x00000007c0000000)
  eden space 151040K, 100% used [0x000000076ce00000,0x0000000776180000,0x0000000776180000)
  from space 14848K, 0% used [0x0000000776180000,0x0000000776180000,0x0000000777000000)
  to   space 16384K, 0% used [0x000000077be00000,0x000000077be00000,0x000000077ce00000)
 ParOldGen       total 166912K, used 23632K [0x00000006c6a00000, 0x00000006d0d00000, 0x000000076ce00000)
  object space 166912K, 14% used [0x00000006c6a00000,0x00000006c8114380,0x00000006d0d00000)
 Metaspace       used 39233K, capacity 39790K, committed 40192K, reserved 1083392K
  class space    used 5676K, capacity 5810K, committed 5888K, reserved 1048576K
Event: 5.808 GC heap after
Heap after GC invocations=10 (full 2):
 PSYoungGen      total 222208K, used 5721K [0x000000076ce00000, 0x000000077c400000, 0x00000007c0000000)
  eden space 216064K, 0% used [0x000000076ce00000,0x000000076ce00000,0x000000077a100000)
  from space 6144K, 93% used [0x000000077be00000,0x000000077c3964b8,0x000000077c400000)
  to   space 16384K, 0% used [0x000000077a400000,0x000000077a400000,0x000000077b400000)
 ParOldGen       total 166912K, used 23640K [0x00000006c6a00000, 0x00000006d0d00000, 0x000000076ce00000)
  object space 166912K, 14% used [0x00000006c6a00000,0x00000006c8116380,0x00000006d0d00000)
 Metaspace       used 39233K, capacity 39790K, committed 40192K, reserved 1083392K
  class space    used 5676K, capacity 5810K, committed 5888K, reserved 1048576K
}
Event: 7.984 GC heap before
{Heap before GC invocations=11 (full 2):
 PSYoungGen      total 222208K, used 221785K [0x000000076ce00000, 0x000000077c400000, 0x00000007c0000000)
  eden space 216064K, 100% used [0x000000076ce00000,0x000000077a100000,0x000000077a100000)
  from space 6144K, 93% used [0x000000077be00000,0x000000077c3964b8,0x000000077c400000)
  to   space 16384K, 0% used [0x000000077a400000,0x000000077a400000,0x000000077b400000)
 ParOldGen       total 166912K, used 23640K [0x00000006c6a00000, 0x00000006d0d00000, 0x000000076ce00000)
  object space 166912K, 14% used [0x00000006c6a00000,0x00000006c8116380,0x00000006d0d00000)
 Metaspace       used 51701K, capacity 52326K, committed 52736K, reserved 1093632K
  class space    used 7420K, capacity 7558K, committed 7680K, reserved 1048576K
Event: 8.001 GC heap after
Heap after GC invocations=11 (full 2):
 PSYoungGen      total 235520K, used 16368K [0x000000076ce00000, 0x000000077f880000, 0x00000007c0000000)
  eden space 219136K, 0% used [0x000000076ce00000,0x000000076ce00000,0x000000077a400000)
  from space 16384K, 99% used [0x000000077a400000,0x000000077b3fc1c0,0x000000077b400000)
  to   space 18944K, 0% used [0x000000077e600000,0x000000077e600000,0x000000077f880000)
 ParOldGen       total 166912K, used 25052K [0x00000006c6a00000, 0x00000006d0d00000, 0x000000076ce00000)
  object space 166912K, 15% used [0x00000006c6a00000,0x00000006c8277030,0x00000006d0d00000)
 Metaspace       used 51701K, capacity 52326K, committed 52736K, reserved 1093632K
  class space    used 7420K, capacity 7558K, committed 7680K, reserved 1048576K
}
Event: 34.825 GC heap before
{Heap before GC invocations=12 (full 2):
 PSYoungGen      total 235520K, used 235504K [0x000000076ce00000, 0x000000077f880000, 0x00000007c0000000)
  eden space 219136K, 100% used [0x000000076ce00000,0x000000077a400000,0x000000077a400000)
  from space 16384K, 99% used [0x000000077a400000,0x000000077b3fc1c0,0x000000077b400000)
  to   space 18944K, 0% used [0x000000077e600000,0x000000077e600000,0x000000077f880000)
 ParOldGen       total 166912K, used 25052K [0x00000006c6a00000, 0x00000006d0d00000, 0x000000076ce00000)
  object space 166912K, 15% used [0x00000006c6a00000,0x00000006c8277030,0x00000006d0d00000)
 Metaspace       used 57041K, capacity 58138K, committed 58368K, reserved 1099776K
  class space    used 8165K, capacity 8404K, committed 8448K, reserved 1048576K
Event: 34.844 GC heap after
Heap after GC invocations=12 (full 2):
 PSYoungGen      total 281600K, used 18364K [0x000000076ce00000, 0x000000077f800000, 0x00000007c0000000)
  eden space 263168K, 0% used [0x000000076ce00000,0x000000076ce00000,0x000000077cf00000)
  from space 18432K, 99% used [0x000000077e600000,0x000000077f7ef080,0x000000077f800000)
  to   space 20992K, 0% used [0x000000077cf00000,0x000000077cf00000,0x000000077e380000)
 ParOldGen       total 166912K, used 25060K [0x00000006c6a00000, 0x00000006d0d00000, 0x000000076ce00000)
  object space 166912K, 15% used [0x00000006c6a00000,0x00000006c8279030,0x00000006d0d00000)
 Metaspace       used 57041K, capacity 58138K, committed 58368K, reserved 1099776K
  class space    used 8165K, capacity 8404K, committed 8448K, reserved 1048576K
}
Event: 51.269 GC heap before
{Heap before GC invocations=13 (full 2):
 PSYoungGen      total 281600K, used 134628K [0x000000076ce00000, 0x000000077f800000, 0x00000007c0000000)
  eden space 263168K, 44% used [0x000000076ce00000,0x0000000773f8a070,0x000000077cf00000)
  from space 18432K, 99% used [0x000000077e600000,0x000000077f7ef080,0x000000077f800000)
  to   space 20992K, 0% used [0x000000077cf00000,0x000000077cf00000,0x000000077e380000)
 ParOldGen       total 166912K, used 25060K [0x00000006c6a00000, 0x00000006d0d00000, 0x000000076ce00000)
  object space 166912K, 15% used [0x00000006c6a00000,0x00000006c8279030,0x00000006d0d00000)
 Metaspace       used 57289K, capacity 58436K, committed 58524K, reserved 1099776K
  class space    used 8173K, capacity 8411K, committed 8448K, reserved 1048576K
Event: 51.287 GC heap after
Heap after GC invocations=13 (full 2):
 PSYoungGen      total 284160K, used 16150K [0x000000076ce00000, 0x0000000782580000, 0x00000007c0000000)
  eden space 263168K, 0% used [0x000000076ce00000,0x000000076ce00000,0x000000077cf00000)
  from space 20992K, 76% used [0x000000077cf00000,0x000000077dec5a90,0x000000077e380000)
  to   space 22016K, 0% used [0x0000000781000000,0x0000000781000000,0x0000000782580000)
 ParOldGen       total 166912K, used 25068K [0x00000006c6a00000, 0x00000006d0d00000, 0x000000076ce00000)
  object space 166912K, 15% used [0x00000006c6a00000,0x00000006c827b030,0x00000006d0d00000)
 Metaspace       used 57289K, capacity 58436K, committed 58524K, reserved 1099776K
  class space    used 8173K, capacity 8411K, committed 8448K, reserved 1048576K
}
Event: 51.287 GC heap before
{Heap before GC invocations=14 (full 3):
 PSYoungGen      total 284160K, used 16150K [0x000000076ce00000, 0x0000000782580000, 0x00000007c0000000)
  eden space 263168K, 0% used [0x000000076ce00000,0x000000076ce00000,0x000000077cf00000)
  from space 20992K, 76% used [0x000000077cf00000,0x000000077dec5a90,0x000000077e380000)
  to   space 22016K, 0% used [0x0000000781000000,0x0000000781000000,0x0000000782580000)
 ParOldGen       total 166912K, used 25068K [0x00000006c6a00000, 0x00000006d0d00000, 0x000000076ce00000)
  object space 166912K, 15% used [0x00000006c6a00000,0x00000006c827b030,0x00000006d0d00000)
 Metaspace       used 57289K, capacity 58436K, committed 58524K, reserved 1099776K
  class space    used 8173K, capacity 8411K, committed 8448K, reserved 1048576K
Event: 51.517 GC heap after
Heap after GC invocations=14 (full 3):
 PSYoungGen      total 284160K, used 0K [0x000000076ce00000, 0x0000000782580000, 0x00000007c0000000)
  eden space 263168K, 0% used [0x000000076ce00000,0x000000076ce00000,0x000000077cf00000)
  from space 20992K, 0% used [0x000000077cf00000,0x000000077cf00000,0x000000077e380000)
  to   space 22016K, 0% used [0x0000000781000000,0x0000000781000000,0x0000000782580000)
 ParOldGen       total 234496K, used 35708K [0x00000006c6a00000, 0x00000006d4f00000, 0x000000076ce00000)
  object space 234496K, 15% used [0x00000006c6a00000,0x00000006c8cdf040,0x00000006d4f00000)
 Metaspace       used 57278K, capacity 58422K, committed 58524K, reserved 1099776K
  class space    used 8172K, capacity 8409K, committed 8448K, reserved 1048576K
}

