# JRE version: Java(TM) SE Runtime Environment (8.0_20-b17) (build 1.8.0_20-ea-b17)
# Java VM: Java HotSpot(TM) 64-Bit Server VM (25.20-b17 mixed mode linux-amd64 compressed oops)
Heap:
 PSYoungGen      total 419328K, used 174299K [0x000000076ce00000, 0x0000000788780000, 0x00000007c0000000)
  eden space 403968K, 43% used [0x000000076ce00000,0x0000000777836eb0,0x0000000785880000)
  from space 15360K, 0% used [0x0000000787880000,0x0000000787880000,0x0000000788780000)
  to   space 19968K, 0% used [0x0000000786080000,0x0000000786080000,0x0000000787400000)
 ParOldGen       total 239616K, used 41474K [0x00000006c6a00000, 0x00000006d5400000, 0x000000076ce00000)
  object space 239616K, 17% used [0x00000006c6a00000,0x00000006c9280bc8,0x00000006d5400000)
 Metaspace       used 58638K, capacity 59856K, committed 59904K, reserved 1099776K
  class space    used 8420K, capacity 8689K, committed 8704K, reserved 1048576K
GC Heap History (10 events):
Event: 4.936 GC heap before
{Heap before GC invocations=7 (full 1):
 PSYoungGen      total 267264K, used 88267K [0x000000076ce00000, 0x0000000780d80000, 0x00000007c0000000)
  eden space 257024K, 32% used [0x000000076ce00000,0x0000000771e6b430,0x000000077c900000)
  from space 10240K, 57% used [0x000000077c900000,0x000000077cec7a80,0x000000077d300000)
  to   space 14848K, 0% used [0x000000077ff00000,0x000000077ff00000,0x0000000780d80000)
 ParOldGen       total 108032K, used 12804K [0x00000006c6a00000, 0x00000006cd380000, 0x000000076ce00000)
  object space 108032K, 11% used [0x00000006c6a00000,0x00000006c76811d0,0x00000006cd380000)
 Metaspace       used 34611K, capacity 35050K, committed 35264K, reserved 1079296K
  class space    used 4533K, capacity 4673K, committed 4736K, reserved 1048576K
Event: 4.957 GC heap after
Heap after GC invocations=7 (full 1):
 PSYoungGen      total 311296K, used 12994K [0x000000076ce00000, 0x0000000787200000, 0x00000007c0000000)
  eden space 296448K, 0% used [0x000000076ce00000,0x000000076ce00000,0x000000077ef80000)
  from space 14848K, 87% used [0x000000077ff00000,0x0000000780bb0bb0,0x0000000780d80000)
  to   space 15872K, 0% used [0x000000077ef80000,0x000000077ef80000,0x000000077ff00000)
 ParOldGen       total 108032K, used 12812K [0x00000006c6a00000, 0x00000006cd380000, 0x000000076ce00000)
  object space 108032K, 11% used [0x00000006c6a00000,0x00000006c76831d0,0x00000006cd380000)
 Metaspace       used 34611K, capacity 35050K, committed 35264K, reserved 1079296K
  class space    used 4533K, capacity 4673K, committed 4736K, reserved 1048576K
}
Event: 4.957 GC heap before
{Heap before GC invocations=8 (full 2):
 PSYoungGen      total 311296K, used 12994K [0x000000076ce00000, 0x0000000787200000, 0x00000007c0000000)
  eden space 296448K, 0% used [0x000000076ce00000,0x000000076ce00000,0x000000077ef80000)
  from space 14848K, 87% used [0x000000077ff00000,0x0000000780bb0bb0,0x0000000780d80000)
  to   space 15872K, 0% used [0x000000077ef80000,0x000000077ef80000,0x000000077ff00000)
 ParOldGen       total 108032K, used 12812K [0x00000006c6a00000, 0x00000006cd380000, 0x000000076ce00000)
  object space 108032K, 11% used [0x00000006c6a00000,0x00000006c76831d0,0x00000006cd380000)
 Metaspace       used 34611K, capacity 35050K, committed 35264K, reserved 1079296K
  class space    used 4533K, capacity 4673K, committed 4736K, reserved 1048576K
Event: 5.047 GC heap after
Heap after GC invocations=8 (full 2):
 PSYoungGen      total 311296K, used 0K [0x000000076ce00000, 0x0000000787200000, 0x00000007c0000000)
  eden space 296448K, 0% used [0x000000076ce00000,0x000000076ce00000,0x000000077ef80000)
  from space 14848K, 0% used [0x000000077ff00000,0x000000077ff00000,0x0000000780d80000)
  to   space 15872K, 0% used [0x000000077ef80000,0x000000077ef80000,0x000000077ff00000)
 ParOldGen       total 167424K, used 23508K [0x00000006c6a00000, 0x00000006d0d80000, 0x000000076ce00000)
  object space 167424K, 14% used [0x00000006c6a00000,0x00000006c80f52d8,0x00000006d0d80000)
 Metaspace       used 34611K, capacity 35050K, committed 35264K, reserved 1079296K
  class space    used 4533K, capacity 4673K, committed 4736K, reserved 1048576K
}
Event: 6.771 GC heap before
{Heap before GC invocations=9 (full 2):
 PSYoungGen      total 311296K, used 296448K [0x000000076ce00000, 0x0000000787200000, 0x00000007c0000000)
  eden space 296448K, 100% used [0x000000076ce00000,0x000000077ef80000,0x000000077ef80000)
  from space 14848K, 0% used [0x000000077ff00000,0x000000077ff00000,0x0000000780d80000)
  to   space 15872K, 0% used [0x000000077ef80000,0x000000077ef80000,0x000000077ff00000)
 ParOldGen       total 167424K, used 23508K [0x00000006c6a00000, 0x00000006d0d80000, 0x000000076ce00000)
  object space 167424K, 14% used [0x00000006c6a00000,0x00000006c80f52d8,0x00000006d0d80000)
 Metaspace       used 44295K, capacity 44850K, committed 45184K, reserved 1087488K
  class space    used 6568K, capacity 6680K, committed 6784K, reserved 1048576K
Event: 6.781 GC heap after
Heap after GC invocations=9 (full 2):
 PSYoungGen      total 312320K, used 10875K [0x000000076ce00000, 0x0000000788780000, 0x00000007c0000000)
  eden space 296448K, 0% used [0x000000076ce00000,0x000000076ce00000,0x000000077ef80000)
  from space 15872K, 68% used [0x000000077ef80000,0x000000077fa1ed60,0x000000077ff00000)
  to   space 15360K, 0% used [0x0000000787880000,0x0000000787880000,0x0000000788780000)
 ParOldGen       total 167424K, used 23516K [0x00000006c6a00000, 0x00000006d0d80000, 0x000000076ce00000)
  object space 167424K, 14% used [0x00000006c6a00000,0x00000006c80f72d8,0x00000006d0d80000)
 Metaspace       used 44295K, capacity 44850K, committed 45184K, reserved 1087488K
  class space    used 6568K, capacity 6680K, committed 6784K, reserved 1048576K
}
Event: 17.838 GC heap before
{Heap before GC invocations=10 (full 2):
 PSYoungGen      total 312320K, used 274099K [0x000000076ce00000, 0x0000000788780000, 0x00000007c0000000)
  eden space 296448K, 88% used [0x000000076ce00000,0x000000077cf0e060,0x000000077ef80000)
  from space 15872K, 68% used [0x000000077ef80000,0x000000077fa1ed60,0x000000077ff00000)
  to   space 15360K, 0% used [0x0000000787880000,0x0000000787880000,0x0000000788780000)
 ParOldGen       total 167424K, used 23516K [0x00000006c6a00000, 0x00000006d0d80000, 0x000000076ce00000)
  object space 167424K, 14% used [0x00000006c6a00000,0x00000006c80f72d8,0x00000006d0d80000)
 Metaspace       used 57262K, capacity 58378K, committed 58420K, reserved 1099776K
  class space    used 8282K, capacity 8535K, committed 8576K, reserved 1048576K
Event: 17.862 GC heap after
Heap after GC invocations=10 (full 2):
 PSYoungGen      total 419328K, used 15328K [0x000000076ce00000, 0x0000000788780000, 0x00000007c0000000)
  eden space 403968K, 0% used [0x000000076ce00000,0x000000076ce00000,0x0000000785880000)
  from space 15360K, 99% used [0x0000000787880000,0x0000000788778360,0x0000000788780000)
  to   space 19968K, 0% used [0x0000000786080000,0x0000000786080000,0x0000000787400000)
 ParOldGen       total 167424K, used 30403K [0x00000006c6a00000, 0x00000006d0d80000, 0x000000076ce00000)
  object space 167424K, 18% used [0x00000006c6a00000,0x00000006c87b0eb0,0x00000006d0d80000)
 Metaspace       used 57262K, capacity 58378K, committed 58420K, reserved 1099776K
  class space    used 8282K, capacity 8535K, committed 8576K, reserved 1048576K
}
Event: 17.862 GC heap before
{Heap before GC invocations=11 (full 3):
 PSYoungGen      total 419328K, used 15328K [0x000000076ce00000, 0x0000000788780000, 0x00000007c0000000)
  eden space 403968K, 0% used [0x000000076ce00000,0x000000076ce00000,0x0000000785880000)
  from space 15360K, 99% used [0x0000000787880000,0x0000000788778360,0x0000000788780000)
  to   space 19968K, 0% used [0x0000000786080000,0x0000000786080000,0x0000000787400000)
 ParOldGen       total 167424K, used 30403K [0x00000006c6a00000, 0x00000006d0d80000, 0x000000076ce00000)
  object space 167424K, 18% used [0x00000006c6a00000,0x00000006c87b0eb0,0x00000006d0d80000)
 Metaspace       used 57262K, capacity 58378K, committed 58420K, reserved 1099776K
  class space    used 8282K, capacity 8535K, committed 8576K, reserved 1048576K
Event: 18.092 GC heap after
Heap after GC invocations=11 (full 3):
 PSYoungGen      total 419328K, used 0K [0x000000076ce00000, 0x0000000788780000, 0x00000007c0000000)
  eden space 403968K, 0% used [0x000000076ce00000,0x000000076ce00000,0x0000000785880000)
  from space 15360K, 0% used [0x0000000787880000,0x0000000787880000,0x0000000788780000)
  to   space 19968K, 0% used [0x0000000786080000,0x0000000786080000,0x0000000787400000)
 ParOldGen       total 239616K, used 41474K [0x00000006c6a00000, 0x00000006d5400000, 0x000000076ce00000)
  object space 239616K, 17% used [0x00000006c6a00000,0x00000006c9280bc8,0x00000006d5400000)
 Metaspace       used 57191K, capacity 58280K, committed 58420K, reserved 1099776K
  class space    used 8280K, capacity 8529K, committed 8576K, reserved 1048576K
}

