# JRE version: Java(TM) SE Runtime Environment (8.0_20-b17) (build 1.8.0_20-ea-b17)
# Java VM: Java HotSpot(TM) 64-Bit Server VM (25.20-b17 mixed mode linux-amd64 compressed oops)
Heap:
 PSYoungGen      total 243200K, used 97799K [0x000000076ce00000, 0x000000077ce80000, 0x00000007c0000000)
  eden space 229888K, 37% used [0x000000076ce00000,0x000000077233ec00,0x000000077ae80000)
  from space 13312K, 78% used [0x000000077c180000,0x000000077cbc3120,0x000000077ce80000)
  to   space 16384K, 0% used [0x000000077ae80000,0x000000077ae80000,0x000000077be80000)
 ParOldGen       total 178176K, used 23666K [0x00000006c6a00000, 0x00000006d1800000, 0x000000076ce00000)
  object space 178176K, 13% used [0x00000006c6a00000,0x00000006c811c850,0x00000006d1800000)
 Metaspace       used 51181K, capacity 52440K, committed 52736K, reserved 1093632K
  class space    used 7302K, capacity 7577K, committed 7680K, reserved 1048576K
GC Heap History (10 events):
Event: 4.734 GC heap before
{Heap before GC invocations=8 (full 1):
 PSYoungGen      total 156672K, used 121935K [0x000000076ce00000, 0x000000077a280000, 0x00000007c0000000)
  eden space 141824K, 81% used [0x000000076ce00000,0x0000000773f583c8,0x0000000775880000)
  from space 14848K, 39% used [0x0000000776700000,0x0000000776cbba80,0x0000000777580000)
  to   space 14848K, 0% used [0x0000000775880000,0x0000000775880000,0x0000000776700000)
 ParOldGen       total 110592K, used 12837K [0x00000006c6a00000, 0x00000006cd600000, 0x000000076ce00000)
  object space 110592K, 11% used [0x00000006c6a00000,0x00000006c76896b8,0x00000006cd600000)
 Metaspace       used 34744K, capacity 35146K, committed 35320K, reserved 1079296K
  class space    used 4596K, capacity 4705K, committed 4736K, reserved 1048576K
Event: 4.744 GC heap after
Heap after GC invocations=8 (full 1):
 PSYoungGen      total 156672K, used 13088K [0x000000076ce00000, 0x000000077ba00000, 0x00000007c0000000)
  eden space 141824K, 0% used [0x000000076ce00000,0x000000076ce00000,0x0000000775880000)
  from space 14848K, 88% used [0x0000000775880000,0x0000000776548210,0x0000000776700000)
  to   space 16384K, 0% used [0x000000077aa00000,0x000000077aa00000,0x000000077ba00000)
 ParOldGen       total 110592K, used 12845K [0x00000006c6a00000, 0x00000006cd600000, 0x000000076ce00000)
  object space 110592K, 11% used [0x00000006c6a00000,0x00000006c768b6b8,0x00000006cd600000)
 Metaspace       used 34744K, capacity 35146K, committed 35320K, reserved 1079296K
  class space    used 4596K, capacity 4705K, committed 4736K, reserved 1048576K
}
Event: 4.744 GC heap before
{Heap before GC invocations=9 (full 2):
 PSYoungGen      total 156672K, used 13088K [0x000000076ce00000, 0x000000077ba00000, 0x00000007c0000000)
  eden space 141824K, 0% used [0x000000076ce00000,0x000000076ce00000,0x0000000775880000)
  from space 14848K, 88% used [0x0000000775880000,0x0000000776548210,0x0000000776700000)
  to   space 16384K, 0% used [0x000000077aa00000,0x000000077aa00000,0x000000077ba00000)
 ParOldGen       total 110592K, used 12845K [0x00000006c6a00000, 0x00000006cd600000, 0x000000076ce00000)
  object space 110592K, 11% used [0x00000006c6a00000,0x00000006c768b6b8,0x00000006cd600000)
 Metaspace       used 34744K, capacity 35146K, committed 35320K, reserved 1079296K
  class space    used 4596K, capacity 4705K, committed 4736K, reserved 1048576K
Event: 4.813 GC heap after
Heap after GC invocations=9 (full 2):
 PSYoungGen      total 156672K, used 0K [0x000000076ce00000, 0x000000077ba00000, 0x00000007c0000000)
  eden space 141824K, 0% used [0x000000076ce00000,0x000000076ce00000,0x0000000775880000)
  from space 14848K, 0% used [0x0000000775880000,0x0000000775880000,0x0000000776700000)
  to   space 16384K, 0% used [0x000000077aa00000,0x000000077aa00000,0x000000077ba00000)
 ParOldGen       total 178176K, used 23642K [0x00000006c6a00000, 0x00000006d1800000, 0x000000076ce00000)
  object space 178176K, 13% used [0x00000006c6a00000,0x00000006c8116850,0x00000006d1800000)
 Metaspace       used 34744K, capacity 35146K, committed 35320K, reserved 1079296K
  class space    used 4596K, capacity 4705K, committed 4736K, reserved 1048576K
}
Event: 5.618 GC heap before
{Heap before GC invocations=10 (full 2):
 PSYoungGen      total 156672K, used 141824K [0x000000076ce00000, 0x000000077ba00000, 0x00000007c0000000)
  eden space 141824K, 100% used [0x000000076ce00000,0x0000000775880000,0x0000000775880000)
  from space 14848K, 0% used [0x0000000775880000,0x0000000775880000,0x0000000776700000)
  to   space 16384K, 0% used [0x000000077aa00000,0x000000077aa00000,0x000000077ba00000)
 ParOldGen       total 178176K, used 23642K [0x00000006c6a00000, 0x00000006d1800000, 0x000000076ce00000)
  object space 178176K, 13% used [0x00000006c6a00000,0x00000006c8116850,0x00000006d1800000)
 Metaspace       used 38612K, capacity 39080K, committed 39296K, reserved 1083392K
  class space    used 5607K, capacity 5745K, committed 5760K, reserved 1048576K
Event: 5.623 GC heap after
Heap after GC invocations=10 (full 2):
 PSYoungGen      total 199168K, used 4739K [0x000000076ce00000, 0x000000077af00000, 0x00000007c0000000)
  eden space 194048K, 0% used [0x000000076ce00000,0x000000076ce00000,0x0000000778b80000)
  from space 5120K, 92% used [0x000000077aa00000,0x000000077aea0fb8,0x000000077af00000)
  to   space 16384K, 0% used [0x0000000778f00000,0x0000000778f00000,0x0000000779f00000)
 ParOldGen       total 178176K, used 23650K [0x00000006c6a00000, 0x00000006d1800000, 0x000000076ce00000)
  object space 178176K, 13% used [0x00000006c6a00000,0x00000006c8118850,0x00000006d1800000)
 Metaspace       used 38612K, capacity 39080K, committed 39296K, reserved 1083392K
  class space    used 5607K, capacity 5745K, committed 5760K, reserved 1048576K
}
Event: 9.286 GC heap before
{Heap before GC invocations=11 (full 2):
 PSYoungGen      total 199168K, used 198787K [0x000000076ce00000, 0x000000077af00000, 0x00000007c0000000)
  eden space 194048K, 100% used [0x000000076ce00000,0x0000000778b80000,0x0000000778b80000)
  from space 5120K, 92% used [0x000000077aa00000,0x000000077aea0fb8,0x000000077af00000)
  to   space 16384K, 0% used [0x0000000778f00000,0x0000000778f00000,0x0000000779f00000)
 ParOldGen       total 178176K, used 23650K [0x00000006c6a00000, 0x00000006d1800000, 0x000000076ce00000)
  object space 178176K, 13% used [0x00000006c6a00000,0x00000006c8118850,0x00000006d1800000)
 Metaspace       used 48310K, capacity 49246K, committed 49408K, reserved 1091584K
  class space    used 6924K, capacity 7146K, committed 7168K, reserved 1048576K
Event: 9.302 GC heap after
Heap after GC invocations=11 (full 2):
 PSYoungGen      total 214016K, used 12265K [0x000000076ce00000, 0x000000077d200000, 0x00000007c0000000)
  eden space 197632K, 0% used [0x000000076ce00000,0x000000076ce00000,0x0000000778f00000)
  from space 16384K, 74% used [0x0000000778f00000,0x0000000779afa4e0,0x0000000779f00000)
  to   space 16896K, 0% used [0x000000077c180000,0x000000077c180000,0x000000077d200000)
 ParOldGen       total 178176K, used 23658K [0x00000006c6a00000, 0x00000006d1800000, 0x000000076ce00000)
  object space 178176K, 13% used [0x00000006c6a00000,0x00000006c811a850,0x00000006d1800000)
 Metaspace       used 48310K, capacity 49246K, committed 49408K, reserved 1091584K
  class space    used 6924K, capacity 7146K, committed 7168K, reserved 1048576K
}
Event: 37.169 GC heap before
{Heap before GC invocations=12 (full 2):
 PSYoungGen      total 214016K, used 209897K [0x000000076ce00000, 0x000000077d200000, 0x00000007c0000000)
  eden space 197632K, 100% used [0x000000076ce00000,0x0000000778f00000,0x0000000778f00000)
  from space 16384K, 74% used [0x0000000778f00000,0x0000000779afa4e0,0x0000000779f00000)
  to   space 16896K, 0% used [0x000000077c180000,0x000000077c180000,0x000000077d200000)
 ParOldGen       total 178176K, used 23658K [0x00000006c6a00000, 0x00000006d1800000, 0x000000076ce00000)
  object space 178176K, 13% used [0x00000006c6a00000,0x00000006c811a850,0x00000006d1800000)
 Metaspace       used 50690K, capacity 51830K, committed 51840K, reserved 1093632K
  class space    used 7266K, capacity 7550K, committed 7552K, reserved 1048576K
Event: 37.184 GC heap after
Heap after GC invocations=12 (full 2):
 PSYoungGen      total 243200K, used 10508K [0x000000076ce00000, 0x000000077ce80000, 0x00000007c0000000)
  eden space 229888K, 0% used [0x000000076ce00000,0x000000076ce00000,0x000000077ae80000)
  from space 13312K, 78% used [0x000000077c180000,0x000000077cbc3120,0x000000077ce80000)
  to   space 16384K, 0% used [0x000000077ae80000,0x000000077ae80000,0x000000077be80000)
 ParOldGen       total 178176K, used 23666K [0x00000006c6a00000, 0x00000006d1800000, 0x000000076ce00000)
  object space 178176K, 13% used [0x00000006c6a00000,0x00000006c811c850,0x00000006d1800000)
 Metaspace       used 50690K, capacity 51830K, committed 51840K, reserved 1093632K
  class space    used 7266K, capacity 7550K, committed 7552K, reserved 1048576K
}

