# JRE version: Java(TM) SE Runtime Environment (8.0_20-b17) (build 1.8.0_20-ea-b17)
# Java VM: Java HotSpot(TM) 64-Bit Server VM (25.20-b17 mixed mode linux-amd64 compressed oops)
Heap:
 PSYoungGen      total 386048K, used 282922K [0x000000076ce00000, 0x0000000790580000, 0x00000007c0000000)
  eden space 367104K, 77% used [0x000000076ce00000,0x000000077e24a860,0x0000000783480000)
  from space 18944K, 0% used [0x0000000783480000,0x0000000783480000,0x0000000784700000)
  to   space 19456K, 0% used [0x000000078f280000,0x000000078f280000,0x0000000790580000)
 ParOldGen       total 206336K, used 35141K [0x00000006c6a00000, 0x00000006d3380000, 0x000000076ce00000)
  object space 206336K, 17% used [0x00000006c6a00000,0x00000006c8c51718,0x00000006d3380000)
 Metaspace       used 58711K, capacity 59892K, committed 60160K, reserved 1101824K
  class space    used 8334K, capacity 8599K, committed 8704K, reserved 1048576K
GC Heap History (10 events):
Event: 5.026 GC heap before
{Heap before GC invocations=8 (full 2):
 PSYoungGen      total 287232K, used 12952K [0x000000076ce00000, 0x0000000785780000, 0x00000007c0000000)
  eden space 272384K, 0% used [0x000000076ce00000,0x000000076ce00000,0x000000077d800000)
  from space 14848K, 87% used [0x000000077e780000,0x000000077f426318,0x000000077f600000)
  to   space 15872K, 0% used [0x000000077d800000,0x000000077d800000,0x000000077e780000)
 ParOldGen       total 112128K, used 12757K [0x00000006c6a00000, 0x00000006cd780000, 0x000000076ce00000)
  object space 112128K, 11% used [0x00000006c6a00000,0x00000006c76757d0,0x00000006cd780000)
 Metaspace       used 34586K, capacity 35018K, committed 35264K, reserved 1079296K
  class space    used 4520K, capacity 4641K, committed 4736K, reserved 1048576K
Event: 5.091 GC heap after
Heap after GC invocations=8 (full 2):
 PSYoungGen      total 287232K, used 0K [0x000000076ce00000, 0x0000000785780000, 0x00000007c0000000)
  eden space 272384K, 0% used [0x000000076ce00000,0x000000076ce00000,0x000000077d800000)
  from space 14848K, 0% used [0x000000077e780000,0x000000077e780000,0x000000077f600000)
  to   space 15872K, 0% used [0x000000077d800000,0x000000077d800000,0x000000077e780000)
 ParOldGen       total 178688K, used 23539K [0x00000006c6a00000, 0x00000006d1880000, 0x000000076ce00000)
  object space 178688K, 13% used [0x00000006c6a00000,0x00000006c80fcf60,0x00000006d1880000)
 Metaspace       used 34586K, capacity 35018K, committed 35264K, reserved 1079296K
  class space    used 4520K, capacity 4641K, committed 4736K, reserved 1048576K
}
Event: 6.939 GC heap before
{Heap before GC invocations=9 (full 2):
 PSYoungGen      total 287232K, used 272384K [0x000000076ce00000, 0x0000000785780000, 0x00000007c0000000)
  eden space 272384K, 100% used [0x000000076ce00000,0x000000077d800000,0x000000077d800000)
  from space 14848K, 0% used [0x000000077e780000,0x000000077e780000,0x000000077f600000)
  to   space 15872K, 0% used [0x000000077d800000,0x000000077d800000,0x000000077e780000)
 ParOldGen       total 178688K, used 23539K [0x00000006c6a00000, 0x00000006d1880000, 0x000000076ce00000)
  object space 178688K, 13% used [0x00000006c6a00000,0x00000006c80fcf60,0x00000006d1880000)
 Metaspace       used 44265K, capacity 44786K, committed 45184K, reserved 1087488K
  class space    used 6567K, capacity 6680K, committed 6784K, reserved 1048576K
Event: 6.948 GC heap after
Heap after GC invocations=9 (full 2):
 PSYoungGen      total 288256K, used 10579K [0x000000076ce00000, 0x0000000785980000, 0x00000007c0000000)
  eden space 272384K, 0% used [0x000000076ce00000,0x000000076ce00000,0x000000077d800000)
  from space 15872K, 66% used [0x000000077d800000,0x000000077e254f88,0x000000077e780000)
  to   space 14848K, 0% used [0x0000000784b00000,0x0000000784b00000,0x0000000785980000)
 ParOldGen       total 178688K, used 23547K [0x00000006c6a00000, 0x00000006d1880000, 0x000000076ce00000)
  object space 178688K, 13% used [0x00000006c6a00000,0x00000006c80fef60,0x00000006d1880000)
 Metaspace       used 44265K, capacity 44786K, committed 45184K, reserved 1087488K
  class space    used 6567K, capacity 6680K, committed 6784K, reserved 1048576K
}
Event: 16.159 GC heap before
{Heap before GC invocations=10 (full 2):
 PSYoungGen      total 288256K, used 282963K [0x000000076ce00000, 0x0000000785980000, 0x00000007c0000000)
  eden space 272384K, 100% used [0x000000076ce00000,0x000000077d800000,0x000000077d800000)
  from space 15872K, 66% used [0x000000077d800000,0x000000077e254f88,0x000000077e780000)
  to   space 14848K, 0% used [0x0000000784b00000,0x0000000784b00000,0x0000000785980000)
 ParOldGen       total 178688K, used 23547K [0x00000006c6a00000, 0x00000006d1880000, 0x000000076ce00000)
  object space 178688K, 13% used [0x00000006c6a00000,0x00000006c80fef60,0x00000006d1880000)
 Metaspace       used 57231K, capacity 58288K, committed 58364K, reserved 1099776K
  class space    used 8254K, capacity 8530K, committed 8576K, reserved 1048576K
Event: 16.180 GC heap after
Heap after GC invocations=10 (full 2):
 PSYoungGen      total 375808K, used 14818K [0x000000076ce00000, 0x0000000785980000, 0x00000007c0000000)
  eden space 360960K, 0% used [0x000000076ce00000,0x000000076ce00000,0x0000000782e80000)
  from space 14848K, 99% used [0x0000000784b00000,0x0000000785978910,0x0000000785980000)
  to   space 18944K, 0% used [0x0000000783480000,0x0000000783480000,0x0000000784700000)
 ParOldGen       total 178688K, used 29788K [0x00000006c6a00000, 0x00000006d1880000, 0x000000076ce00000)
  object space 178688K, 16% used [0x00000006c6a00000,0x00000006c87172e8,0x00000006d1880000)
 Metaspace       used 57231K, capacity 58288K, committed 58364K, reserved 1099776K
  class space    used 8254K, capacity 8530K, committed 8576K, reserved 1048576K
}
Event: 16.200 GC heap before
{Heap before GC invocations=11 (full 2):
 PSYoungGen      total 375808K, used 23032K [0x000000076ce00000, 0x0000000785980000, 0x00000007c0000000)
  eden space 360960K, 2% used [0x000000076ce00000,0x000000076d605a08,0x0000000782e80000)
  from space 14848K, 99% used [0x0000000784b00000,0x0000000785978910,0x0000000785980000)
  to   space 18944K, 0% used [0x0000000783480000,0x0000000783480000,0x0000000784700000)
 ParOldGen       total 178688K, used 29788K [0x00000006c6a00000, 0x00000006d1880000, 0x000000076ce00000)
  object space 178688K, 16% used [0x00000006c6a00000,0x00000006c87172e8,0x00000006d1880000)
 Metaspace       used 57252K, capacity 58288K, committed 58364K, reserved 1099776K
  class space    used 8256K, capacity 8530K, committed 8576K, reserved 1048576K
Event: 16.215 GC heap after
Heap after GC invocations=11 (full 2):
 PSYoungGen      total 386048K, used 14738K [0x000000076ce00000, 0x0000000790580000, 0x00000007c0000000)
  eden space 367104K, 0% used [0x000000076ce00000,0x000000076ce00000,0x0000000783480000)
  from space 18944K, 77% used [0x0000000783480000,0x00000007842e49d8,0x0000000784700000)
  to   space 19456K, 0% used [0x000000078f280000,0x000000078f280000,0x0000000790580000)
 ParOldGen       total 178688K, used 29796K [0x00000006c6a00000, 0x00000006d1880000, 0x000000076ce00000)
  object space 178688K, 16% used [0x00000006c6a00000,0x00000006c87192e8,0x00000006d1880000)
 Metaspace       used 57252K, capacity 58288K, committed 58364K, reserved 1099776K
  class space    used 8256K, capacity 8530K, committed 8576K, reserved 1048576K
}
Event: 16.215 GC heap before
{Heap before GC invocations=12 (full 3):
 PSYoungGen      total 386048K, used 14738K [0x000000076ce00000, 0x0000000790580000, 0x00000007c0000000)
  eden space 367104K, 0% used [0x000000076ce00000,0x000000076ce00000,0x0000000783480000)
  from space 18944K, 77% used [0x0000000783480000,0x00000007842e49d8,0x0000000784700000)
  to   space 19456K, 0% used [0x000000078f280000,0x000000078f280000,0x0000000790580000)
 ParOldGen       total 178688K, used 29796K [0x00000006c6a00000, 0x00000006d1880000, 0x000000076ce00000)
  object space 178688K, 16% used [0x00000006c6a00000,0x00000006c87192e8,0x00000006d1880000)
 Metaspace       used 57252K, capacity 58288K, committed 58364K, reserved 1099776K
  class space    used 8256K, capacity 8530K, committed 8576K, reserved 1048576K
Event: 16.411 GC heap after
Heap after GC invocations=12 (full 3):
 PSYoungGen      total 386048K, used 0K [0x000000076ce00000, 0x0000000790580000, 0x00000007c0000000)
  eden space 367104K, 0% used [0x000000076ce00000,0x000000076ce00000,0x0000000783480000)
  from space 18944K, 0% used [0x0000000783480000,0x0000000783480000,0x0000000784700000)
  to   space 19456K, 0% used [0x000000078f280000,0x000000078f280000,0x0000000790580000)
 ParOldGen       total 206336K, used 35141K [0x00000006c6a00000, 0x00000006d3380000, 0x000000076ce00000)
  object space 206336K, 17% used [0x00000006c6a00000,0x00000006c8c51718,0x00000006d3380000)
 Metaspace       used 57181K, capacity 58190K, committed 58364K, reserved 1099776K
  class space    used 8254K, capacity 8524K, committed 8576K, reserved 1048576K
}

