# JRE version: Java(TM) SE Runtime Environment (8.0_20-b17) (build 1.8.0_20-ea-b17)
# Java VM: Java HotSpot(TM) 64-Bit Server VM (25.20-b17 mixed mode linux-amd64 compressed oops)
Heap:
 PSYoungGen      total 425984K, used 322836K [0x000000076ce00000, 0x000000078bf80000, 0x00000007c0000000)
  eden space 406528K, 79% used [0x000000076ce00000,0x0000000780945078,0x0000000785b00000)
  from space 19456K, 0% used [0x0000000785b00000,0x0000000785b00000,0x0000000786e00000)
  to   space 19456K, 0% used [0x000000078ac80000,0x000000078ac80000,0x000000078bf80000)
 ParOldGen       total 233984K, used 34058K [0x00000006c6a00000, 0x00000006d4e80000, 0x000000076ce00000)
  object space 233984K, 14% used [0x00000006c6a00000,0x00000006c8b428a0,0x00000006d4e80000)
 Metaspace       used 59139K, capacity 60394K, committed 60544K, reserved 1101824K
  class space    used 8482K, capacity 8774K, committed 8832K, reserved 1048576K
GC Heap History (10 events):
Event: 4.782 GC heap before
{Heap before GC invocations=8 (full 2):
 PSYoungGen      total 305152K, used 13319K [0x000000076ce00000, 0x0000000786800000, 0x00000007c0000000)
  eden space 290304K, 0% used [0x000000076ce00000,0x000000076ce00000,0x000000077e980000)
  from space 14848K, 89% used [0x000000077f900000,0x0000000780601f30,0x0000000780780000)
  to   space 15872K, 0% used [0x000000077e980000,0x000000077e980000,0x000000077f900000)
 ParOldGen       total 108032K, used 12819K [0x00000006c6a00000, 0x00000006cd380000, 0x000000076ce00000)
  object space 108032K, 11% used [0x00000006c6a00000,0x00000006c7684c60,0x00000006cd380000)
 Metaspace       used 34752K, capacity 35096K, committed 35320K, reserved 1079296K
  class space    used 4555K, capacity 4669K, committed 4736K, reserved 1048576K
Event: 4.847 GC heap after
Heap after GC invocations=8 (full 2):
 PSYoungGen      total 305152K, used 0K [0x000000076ce00000, 0x0000000786800000, 0x00000007c0000000)
  eden space 290304K, 0% used [0x000000076ce00000,0x000000076ce00000,0x000000077e980000)
  from space 14848K, 0% used [0x000000077f900000,0x000000077f900000,0x0000000780780000)
  to   space 15872K, 0% used [0x000000077e980000,0x000000077e980000,0x000000077f900000)
 ParOldGen       total 167936K, used 23763K [0x00000006c6a00000, 0x00000006d0e00000, 0x000000076ce00000)
  object space 167936K, 14% used [0x00000006c6a00000,0x00000006c8134cc8,0x00000006d0e00000)
 Metaspace       used 34752K, capacity 35096K, committed 35320K, reserved 1079296K
  class space    used 4555K, capacity 4669K, committed 4736K, reserved 1048576K
}
Event: 6.619 GC heap before
{Heap before GC invocations=9 (full 2):
 PSYoungGen      total 305152K, used 290304K [0x000000076ce00000, 0x0000000786800000, 0x00000007c0000000)
  eden space 290304K, 100% used [0x000000076ce00000,0x000000077e980000,0x000000077e980000)
  from space 14848K, 0% used [0x000000077f900000,0x000000077f900000,0x0000000780780000)
  to   space 15872K, 0% used [0x000000077e980000,0x000000077e980000,0x000000077f900000)
 ParOldGen       total 167936K, used 23763K [0x00000006c6a00000, 0x00000006d0e00000, 0x000000076ce00000)
  object space 167936K, 14% used [0x00000006c6a00000,0x00000006c8134cc8,0x00000006d0e00000)
 Metaspace       used 43961K, capacity 44802K, committed 44928K, reserved 1087488K
  class space    used 6352K, capacity 6528K, committed 6528K, reserved 1048576K
Event: 6.632 GC heap after
Heap after GC invocations=9 (full 2):
 PSYoungGen      total 306176K, used 10838K [0x000000076ce00000, 0x0000000788100000, 0x00000007c0000000)
  eden space 290304K, 0% used [0x000000076ce00000,0x000000076ce00000,0x000000077e980000)
  from space 15872K, 68% used [0x000000077e980000,0x000000077f415bf8,0x000000077f900000)
  to   space 15360K, 0% used [0x0000000787200000,0x0000000787200000,0x0000000788100000)
 ParOldGen       total 167936K, used 23771K [0x00000006c6a00000, 0x00000006d0e00000, 0x000000076ce00000)
  object space 167936K, 14% used [0x00000006c6a00000,0x00000006c8136cc8,0x00000006d0e00000)
 Metaspace       used 43961K, capacity 44802K, committed 44928K, reserved 1087488K
  class space    used 6352K, capacity 6528K, committed 6528K, reserved 1048576K
}
Event: 24.614 GC heap before
{Heap before GC invocations=10 (full 2):
 PSYoungGen      total 306176K, used 301142K [0x000000076ce00000, 0x0000000788100000, 0x00000007c0000000)
  eden space 290304K, 100% used [0x000000076ce00000,0x000000077e980000,0x000000077e980000)
  from space 15872K, 68% used [0x000000077e980000,0x000000077f415bf8,0x000000077f900000)
  to   space 15360K, 0% used [0x0000000787200000,0x0000000787200000,0x0000000788100000)
 ParOldGen       total 167936K, used 23771K [0x00000006c6a00000, 0x00000006d0e00000, 0x000000076ce00000)
  object space 167936K, 14% used [0x00000006c6a00000,0x00000006c8136cc8,0x00000006d0e00000)
 Metaspace       used 56904K, capacity 58100K, committed 58240K, reserved 1099776K
  class space    used 8250K, capacity 8536K, committed 8576K, reserved 1048576K
Event: 24.633 GC heap after
Heap after GC invocations=10 (full 2):
 PSYoungGen      total 411648K, used 15332K [0x000000076ce00000, 0x0000000788100000, 0x00000007c0000000)
  eden space 396288K, 0% used [0x000000076ce00000,0x000000076ce00000,0x0000000785100000)
  from space 15360K, 99% used [0x0000000787200000,0x00000007880f9338,0x0000000788100000)
  to   space 19456K, 0% used [0x0000000785b00000,0x0000000785b00000,0x0000000786e00000)
 ParOldGen       total 167936K, used 29758K [0x00000006c6a00000, 0x00000006d0e00000, 0x000000076ce00000)
  object space 167936K, 17% used [0x00000006c6a00000,0x00000006c870f910,0x00000006d0e00000)
 Metaspace       used 56904K, capacity 58100K, committed 58240K, reserved 1099776K
  class space    used 8250K, capacity 8536K, committed 8576K, reserved 1048576K
}
Event: 35.574 GC heap before
{Heap before GC invocations=11 (full 2):
 PSYoungGen      total 411648K, used 97683K [0x000000076ce00000, 0x0000000788100000, 0x00000007c0000000)
  eden space 396288K, 20% used [0x000000076ce00000,0x0000000771e6bc10,0x0000000785100000)
  from space 15360K, 99% used [0x0000000787200000,0x00000007880f9338,0x0000000788100000)
  to   space 19456K, 0% used [0x0000000785b00000,0x0000000785b00000,0x0000000786e00000)
 ParOldGen       total 167936K, used 29758K [0x00000006c6a00000, 0x00000006d0e00000, 0x000000076ce00000)
  object space 167936K, 17% used [0x00000006c6a00000,0x00000006c870f910,0x00000006d0e00000)
 Metaspace       used 57290K, capacity 58436K, committed 58496K, reserved 1099776K
  class space    used 8283K, capacity 8560K, committed 8576K, reserved 1048576K
Event: 35.598 GC heap after
Heap after GC invocations=11 (full 2):
 PSYoungGen      total 425984K, used 14384K [0x000000076ce00000, 0x000000078bf80000, 0x00000007c0000000)
  eden space 406528K, 0% used [0x000000076ce00000,0x000000076ce00000,0x0000000785b00000)
  from space 19456K, 73% used [0x0000000785b00000,0x000000078690c0a8,0x0000000786e00000)
  to   space 19456K, 0% used [0x000000078ac80000,0x000000078ac80000,0x000000078bf80000)
 ParOldGen       total 167936K, used 29766K [0x00000006c6a00000, 0x00000006d0e00000, 0x000000076ce00000)
  object space 167936K, 17% used [0x00000006c6a00000,0x00000006c8711910,0x00000006d0e00000)
 Metaspace       used 57290K, capacity 58436K, committed 58496K, reserved 1099776K
  class space    used 8283K, capacity 8560K, committed 8576K, reserved 1048576K
}
Event: 35.598 GC heap before
{Heap before GC invocations=12 (full 3):
 PSYoungGen      total 425984K, used 14384K [0x000000076ce00000, 0x000000078bf80000, 0x00000007c0000000)
  eden space 406528K, 0% used [0x000000076ce00000,0x000000076ce00000,0x0000000785b00000)
  from space 19456K, 73% used [0x0000000785b00000,0x000000078690c0a8,0x0000000786e00000)
  to   space 19456K, 0% used [0x000000078ac80000,0x000000078ac80000,0x000000078bf80000)
 ParOldGen       total 167936K, used 29766K [0x00000006c6a00000, 0x00000006d0e00000, 0x000000076ce00000)
  object space 167936K, 17% used [0x00000006c6a00000,0x00000006c8711910,0x00000006d0e00000)
 Metaspace       used 57290K, capacity 58436K, committed 58496K, reserved 1099776K
  class space    used 8283K, capacity 8560K, committed 8576K, reserved 1048576K
Event: 35.795 GC heap after
Heap after GC invocations=12 (full 3):
 PSYoungGen      total 425984K, used 0K [0x000000076ce00000, 0x000000078bf80000, 0x00000007c0000000)
  eden space 406528K, 0% used [0x000000076ce00000,0x000000076ce00000,0x0000000785b00000)
  from space 19456K, 0% used [0x0000000785b00000,0x0000000785b00000,0x0000000786e00000)
  to   space 19456K, 0% used [0x000000078ac80000,0x000000078ac80000,0x000000078bf80000)
 ParOldGen       total 233984K, used 34058K [0x00000006c6a00000, 0x00000006d4e80000, 0x000000076ce00000)
  object space 233984K, 14% used [0x00000006c6a00000,0x00000006c8b428a0,0x00000006d4e80000)
 Metaspace       used 57220K, capacity 58338K, committed 58496K, reserved 1099776K
  class space    used 8281K, capacity 8554K, committed 8576K, reserved 1048576K
}

