# JRE version: Java(TM) SE Runtime Environment (8.0_20-b17) (build 1.8.0_20-ea-b17)
# Java VM: Java HotSpot(TM) 64-Bit Server VM (25.20-b17 mixed mode linux-amd64 compressed oops)
Heap:
 PSYoungGen      total 246784K, used 162597K [0x000000076ce00000, 0x000000077fd80000, 0x00000007c0000000)
  eden space 227840K, 71% used [0x000000076ce00000,0x0000000776cc94b8,0x000000077ac80000)
  from space 18944K, 0% used [0x000000077ac80000,0x000000077ac80000,0x000000077bf00000)
  to   space 19968K, 0% used [0x000000077ea00000,0x000000077ea00000,0x000000077fd80000)
 ParOldGen       total 251392K, used 34880K [0x00000006c6a00000, 0x00000006d5f80000, 0x000000076ce00000)
  object space 251392K, 13% used [0x00000006c6a00000,0x00000006c8c10348,0x00000006d5f80000)
 Metaspace       used 58225K, capacity 59506K, committed 59676K, reserved 1099776K
  class space    used 8292K, capacity 8588K, committed 8704K, reserved 1048576K
GC Heap History (10 events):
Event: 5.677 GC heap before
{Heap before GC invocations=10 (full 2):
 PSYoungGen      total 148480K, used 133632K [0x000000076ce00000, 0x000000077aa80000, 0x00000007c0000000)
  eden space 133632K, 100% used [0x000000076ce00000,0x0000000775080000,0x0000000775080000)
  from space 14848K, 0% used [0x0000000775080000,0x0000000775080000,0x0000000775f00000)
  to   space 15872K, 0% used [0x0000000779b00000,0x0000000779b00000,0x000000077aa80000)
 ParOldGen       total 180736K, used 23576K [0x00000006c6a00000, 0x00000006d1a80000, 0x000000076ce00000)
  object space 180736K, 13% used [0x00000006c6a00000,0x00000006c8106070,0x00000006d1a80000)
 Metaspace       used 39162K, capacity 39726K, committed 39936K, reserved 1083392K
  class space    used 5670K, capacity 5810K, committed 5888K, reserved 1048576K
Event: 5.684 GC heap after
Heap after GC invocations=10 (full 2):
 PSYoungGen      total 194560K, used 5634K [0x000000076ce00000, 0x000000077a380000, 0x00000007c0000000)
  eden space 185856K, 0% used [0x000000076ce00000,0x000000076ce00000,0x0000000778380000)
  from space 8704K, 64% used [0x0000000779b00000,0x000000077a080b78,0x000000077a380000)
  to   space 16384K, 0% used [0x0000000778380000,0x0000000778380000,0x0000000779380000)
 ParOldGen       total 180736K, used 23584K [0x00000006c6a00000, 0x00000006d1a80000, 0x000000076ce00000)
  object space 180736K, 13% used [0x00000006c6a00000,0x00000006c8108070,0x00000006d1a80000)
 Metaspace       used 39162K, capacity 39726K, committed 39936K, reserved 1083392K
  class space    used 5670K, capacity 5810K, committed 5888K, reserved 1048576K
}
Event: 6.637 GC heap before
{Heap before GC invocations=11 (full 2):
 PSYoungGen      total 194560K, used 191490K [0x000000076ce00000, 0x000000077a380000, 0x00000007c0000000)
  eden space 185856K, 100% used [0x000000076ce00000,0x0000000778380000,0x0000000778380000)
  from space 8704K, 64% used [0x0000000779b00000,0x000000077a080b78,0x000000077a380000)
  to   space 16384K, 0% used [0x0000000778380000,0x0000000778380000,0x0000000779380000)
 ParOldGen       total 180736K, used 23584K [0x00000006c6a00000, 0x00000006d1a80000, 0x000000076ce00000)
  object space 180736K, 13% used [0x00000006c6a00000,0x00000006c8108070,0x00000006d1a80000)
 Metaspace       used 47145K, capacity 48000K, committed 48256K, reserved 1089536K
  class space    used 7012K, capacity 7205K, committed 7296K, reserved 1048576K
Event: 6.660 GC heap after
Heap after GC invocations=11 (full 2):
 PSYoungGen      total 202240K, used 10773K [0x000000076ce00000, 0x000000077d180000, 0x00000007c0000000)
  eden space 185856K, 0% used [0x000000076ce00000,0x000000076ce00000,0x0000000778380000)
  from space 16384K, 65% used [0x0000000778380000,0x0000000778e05530,0x0000000779380000)
  to   space 15872K, 0% used [0x000000077c200000,0x000000077c200000,0x000000077d180000)
 ParOldGen       total 180736K, used 23592K [0x00000006c6a00000, 0x00000006d1a80000, 0x000000076ce00000)
  object space 180736K, 13% used [0x00000006c6a00000,0x00000006c810a070,0x00000006d1a80000)
 Metaspace       used 47145K, capacity 48000K, committed 48256K, reserved 1089536K
  class space    used 7012K, capacity 7205K, committed 7296K, reserved 1048576K
}
Event: 21.096 GC heap before
{Heap before GC invocations=12 (full 2):
 PSYoungGen      total 202240K, used 196629K [0x000000076ce00000, 0x000000077d180000, 0x00000007c0000000)
  eden space 185856K, 100% used [0x000000076ce00000,0x0000000778380000,0x0000000778380000)
  from space 16384K, 65% used [0x0000000778380000,0x0000000778e05530,0x0000000779380000)
  to   space 15872K, 0% used [0x000000077c200000,0x000000077c200000,0x000000077d180000)
 ParOldGen       total 180736K, used 23592K [0x00000006c6a00000, 0x00000006d1a80000, 0x000000076ce00000)
  object space 180736K, 13% used [0x00000006c6a00000,0x00000006c810a070,0x00000006d1a80000)
 Metaspace       used 56047K, capacity 57012K, committed 57216K, reserved 1097728K
  class space    used 8033K, capacity 8291K, committed 8320K, reserved 1048576K
Event: 21.118 GC heap after
Heap after GC invocations=12 (full 2):
 PSYoungGen      total 242688K, used 15864K [0x000000076ce00000, 0x000000077d180000, 0x00000007c0000000)
  eden space 226816K, 0% used [0x000000076ce00000,0x000000076ce00000,0x000000077ab80000)
  from space 15872K, 99% used [0x000000077c200000,0x000000077d17e198,0x000000077d180000)
  to   space 18944K, 0% used [0x000000077ac80000,0x000000077ac80000,0x000000077bf00000)
 ParOldGen       total 180736K, used 26781K [0x00000006c6a00000, 0x00000006d1a80000, 0x000000076ce00000)
  object space 180736K, 14% used [0x00000006c6a00000,0x00000006c8427550,0x00000006d1a80000)
 Metaspace       used 56047K, capacity 57012K, committed 57216K, reserved 1097728K
  class space    used 8033K, capacity 8291K, committed 8320K, reserved 1048576K
}
Event: 26.279 GC heap before
{Heap before GC invocations=13 (full 2):
 PSYoungGen      total 242688K, used 100002K [0x000000076ce00000, 0x000000077d180000, 0x00000007c0000000)
  eden space 226816K, 37% used [0x000000076ce00000,0x000000077202a908,0x000000077ab80000)
  from space 15872K, 99% used [0x000000077c200000,0x000000077d17e198,0x000000077d180000)
  to   space 18944K, 0% used [0x000000077ac80000,0x000000077ac80000,0x000000077bf00000)
 ParOldGen       total 180736K, used 26781K [0x00000006c6a00000, 0x00000006d1a80000, 0x000000076ce00000)
  object space 180736K, 14% used [0x00000006c6a00000,0x00000006c8427550,0x00000006d1a80000)
 Metaspace       used 57260K, capacity 58434K, committed 58524K, reserved 1099776K
  class space    used 8213K, capacity 8486K, committed 8576K, reserved 1048576K
Event: 26.297 GC heap after
Heap after GC invocations=13 (full 2):
 PSYoungGen      total 246784K, used 15321K [0x000000076ce00000, 0x000000077fd80000, 0x00000007c0000000)
  eden space 227840K, 0% used [0x000000076ce00000,0x000000076ce00000,0x000000077ac80000)
  from space 18944K, 80% used [0x000000077ac80000,0x000000077bb76790,0x000000077bf00000)
  to   space 19968K, 0% used [0x000000077ea00000,0x000000077ea00000,0x000000077fd80000)
 ParOldGen       total 180736K, used 26789K [0x00000006c6a00000, 0x00000006d1a80000, 0x000000076ce00000)
  object space 180736K, 14% used [0x00000006c6a00000,0x00000006c8429550,0x00000006d1a80000)
 Metaspace       used 57260K, capacity 58434K, committed 58524K, reserved 1099776K
  class space    used 8213K, capacity 8486K, committed 8576K, reserved 1048576K
}
Event: 26.297 GC heap before
{Heap before GC invocations=14 (full 3):
 PSYoungGen      total 246784K, used 15321K [0x000000076ce00000, 0x000000077fd80000, 0x00000007c0000000)
  eden space 227840K, 0% used [0x000000076ce00000,0x000000076ce00000,0x000000077ac80000)
  from space 18944K, 80% used [0x000000077ac80000,0x000000077bb76790,0x000000077bf00000)
  to   space 19968K, 0% used [0x000000077ea00000,0x000000077ea00000,0x000000077fd80000)
 ParOldGen       total 180736K, used 26789K [0x00000006c6a00000, 0x00000006d1a80000, 0x000000076ce00000)
  object space 180736K, 14% used [0x00000006c6a00000,0x00000006c8429550,0x00000006d1a80000)
 Metaspace       used 57260K, capacity 58434K, committed 58524K, reserved 1099776K
  class space    used 8213K, capacity 8486K, committed 8576K, reserved 1048576K
Event: 26.497 GC heap after
Heap after GC invocations=14 (full 3):
 PSYoungGen      total 246784K, used 0K [0x000000076ce00000, 0x000000077fd80000, 0x00000007c0000000)
  eden space 227840K, 0% used [0x000000076ce00000,0x000000076ce00000,0x000000077ac80000)
  from space 18944K, 0% used [0x000000077ac80000,0x000000077ac80000,0x000000077bf00000)
  to   space 19968K, 0% used [0x000000077ea00000,0x000000077ea00000,0x000000077fd80000)
 ParOldGen       total 251392K, used 34880K [0x00000006c6a00000, 0x00000006d5f80000, 0x000000076ce00000)
  object space 251392K, 13% used [0x00000006c6a00000,0x00000006c8c10348,0x00000006d5f80000)
 Metaspace       used 57200K, capacity 58350K, committed 58524K, reserved 1099776K
  class space    used 8212K, capacity 8482K, committed 8576K, reserved 1048576K
}

