# JRE version: Java(TM) SE Runtime Environment (8.0_20-b17) (build 1.8.0_20-ea-b17)
# Java VM: Java HotSpot(TM) 64-Bit Server VM (25.20-b17 mixed mode linux-amd64 compressed oops)
Heap:
 PSYoungGen      total 430592K, used 282654K [0x000000076ce00000, 0x0000000789580000, 0x00000007c0000000)
  eden space 414208K, 68% used [0x000000076ce00000,0x000000077e207a60,0x0000000786280000)
  from space 16384K, 0% used [0x0000000788580000,0x0000000788580000,0x0000000789580000)
  to   space 20480K, 0% used [0x0000000786d80000,0x0000000786d80000,0x0000000788180000)
 ParOldGen       total 235520K, used 41262K [0x00000006c6a00000, 0x00000006d5000000, 0x000000076ce00000)
  object space 235520K, 17% used [0x00000006c6a00000,0x00000006c924bb78,0x00000006d5000000)
 Metaspace       used 57960K, capacity 59202K, committed 59240K, reserved 1099776K
  class space    used 8230K, capacity 8532K, committed 8552K, reserved 1048576K
GC Heap History (10 events):
Event: 4.620 GC heap before
{Heap before GC invocations=7 (full 1):
 PSYoungGen      total 266752K, used 90029K [0x000000076ce00000, 0x0000000781600000, 0x00000007c0000000)
  eden space 256512K, 32% used [0x000000076ce00000,0x0000000771fefca8,0x000000077c880000)
  from space 10240K, 59% used [0x000000077c880000,0x000000077ce7ba90,0x000000077d280000)
  to   space 14848K, 0% used [0x0000000780780000,0x0000000780780000,0x0000000781600000)
 ParOldGen       total 105984K, used 12793K [0x00000006c6a00000, 0x00000006cd180000, 0x000000076ce00000)
  object space 105984K, 12% used [0x00000006c6a00000,0x00000006c767e4e8,0x00000006cd180000)
 Metaspace       used 34685K, capacity 35082K, committed 35320K, reserved 1079296K
  class space    used 4596K, capacity 4705K, committed 4736K, reserved 1048576K
Event: 4.632 GC heap after
Heap after GC invocations=7 (full 1):
 PSYoungGen      total 320000K, used 13056K [0x000000076ce00000, 0x0000000786a80000, 0x00000007c0000000)
  eden space 305152K, 0% used [0x000000076ce00000,0x000000076ce00000,0x000000077f800000)
  from space 14848K, 87% used [0x0000000780780000,0x00000007814403c0,0x0000000781600000)
  to   space 15872K, 0% used [0x000000077f800000,0x000000077f800000,0x0000000780780000)
 ParOldGen       total 105984K, used 12801K [0x00000006c6a00000, 0x00000006cd180000, 0x000000076ce00000)
  object space 105984K, 12% used [0x00000006c6a00000,0x00000006c76804e8,0x00000006cd180000)
 Metaspace       used 34685K, capacity 35082K, committed 35320K, reserved 1079296K
  class space    used 4596K, capacity 4705K, committed 4736K, reserved 1048576K
}
Event: 4.632 GC heap before
{Heap before GC invocations=8 (full 2):
 PSYoungGen      total 320000K, used 13056K [0x000000076ce00000, 0x0000000786a80000, 0x00000007c0000000)
  eden space 305152K, 0% used [0x000000076ce00000,0x000000076ce00000,0x000000077f800000)
  from space 14848K, 87% used [0x0000000780780000,0x00000007814403c0,0x0000000781600000)
  to   space 15872K, 0% used [0x000000077f800000,0x000000077f800000,0x0000000780780000)
 ParOldGen       total 105984K, used 12801K [0x00000006c6a00000, 0x00000006cd180000, 0x000000076ce00000)
  object space 105984K, 12% used [0x00000006c6a00000,0x00000006c76804e8,0x00000006cd180000)
 Metaspace       used 34685K, capacity 35082K, committed 35320K, reserved 1079296K
  class space    used 4596K, capacity 4705K, committed 4736K, reserved 1048576K
Event: 4.703 GC heap after
Heap after GC invocations=8 (full 2):
 PSYoungGen      total 320000K, used 0K [0x000000076ce00000, 0x0000000786a80000, 0x00000007c0000000)
  eden space 305152K, 0% used [0x000000076ce00000,0x000000076ce00000,0x000000077f800000)
  from space 14848K, 0% used [0x0000000780780000,0x0000000780780000,0x0000000781600000)
  to   space 15872K, 0% used [0x000000077f800000,0x000000077f800000,0x0000000780780000)
 ParOldGen       total 165888K, used 23625K [0x00000006c6a00000, 0x00000006d0c00000, 0x000000076ce00000)
  object space 165888K, 14% used [0x00000006c6a00000,0x00000006c8112510,0x00000006d0c00000)
 Metaspace       used 34685K, capacity 35082K, committed 35320K, reserved 1079296K
  class space    used 4596K, capacity 4705K, committed 4736K, reserved 1048576K
}
Event: 6.369 GC heap before
{Heap before GC invocations=9 (full 2):
 PSYoungGen      total 320000K, used 305152K [0x000000076ce00000, 0x0000000786a80000, 0x00000007c0000000)
  eden space 305152K, 100% used [0x000000076ce00000,0x000000077f800000,0x000000077f800000)
  from space 14848K, 0% used [0x0000000780780000,0x0000000780780000,0x0000000781600000)
  to   space 15872K, 0% used [0x000000077f800000,0x000000077f800000,0x0000000780780000)
 ParOldGen       total 165888K, used 23625K [0x00000006c6a00000, 0x00000006d0c00000, 0x000000076ce00000)
  object space 165888K, 14% used [0x00000006c6a00000,0x00000006c8112510,0x00000006d0c00000)
 Metaspace       used 44460K, capacity 44946K, committed 45184K, reserved 1087488K
  class space    used 6590K, capacity 6712K, committed 6784K, reserved 1048576K
Event: 6.383 GC heap after
Heap after GC invocations=9 (full 2):
 PSYoungGen      total 321024K, used 12872K [0x000000076ce00000, 0x0000000789580000, 0x00000007c0000000)
  eden space 305152K, 0% used [0x000000076ce00000,0x000000076ce00000,0x000000077f800000)
  from space 15872K, 81% used [0x000000077f800000,0x00000007804921f0,0x0000000780780000)
  to   space 16384K, 0% used [0x0000000788580000,0x0000000788580000,0x0000000789580000)
 ParOldGen       total 165888K, used 23633K [0x00000006c6a00000, 0x00000006d0c00000, 0x000000076ce00000)
  object space 165888K, 14% used [0x00000006c6a00000,0x00000006c8114510,0x00000006d0c00000)
 Metaspace       used 44460K, capacity 44946K, committed 45184K, reserved 1087488K
  class space    used 6590K, capacity 6712K, committed 6784K, reserved 1048576K
}
Event: 24.163 GC heap before
{Heap before GC invocations=10 (full 2):
 PSYoungGen      total 321024K, used 299853K [0x000000076ce00000, 0x0000000789580000, 0x00000007c0000000)
  eden space 305152K, 94% used [0x000000076ce00000,0x000000077e641390,0x000000077f800000)
  from space 15872K, 81% used [0x000000077f800000,0x00000007804921f0,0x0000000780780000)
  to   space 16384K, 0% used [0x0000000788580000,0x0000000788580000,0x0000000789580000)
 ParOldGen       total 165888K, used 23633K [0x00000006c6a00000, 0x00000006d0c00000, 0x000000076ce00000)
  object space 165888K, 14% used [0x00000006c6a00000,0x00000006c8114510,0x00000006d0c00000)
 Metaspace       used 57182K, capacity 58356K, committed 58472K, reserved 1099776K
  class space    used 8187K, capacity 8483K, committed 8552K, reserved 1048576K
Event: 24.184 GC heap after
Heap after GC invocations=10 (full 2):
 PSYoungGen      total 430592K, used 16360K [0x000000076ce00000, 0x0000000789580000, 0x00000007c0000000)
  eden space 414208K, 0% used [0x000000076ce00000,0x000000076ce00000,0x0000000786280000)
  from space 16384K, 99% used [0x0000000788580000,0x000000078957a068,0x0000000789580000)
  to   space 20480K, 0% used [0x0000000786d80000,0x0000000786d80000,0x0000000788180000)
 ParOldGen       total 165888K, used 29278K [0x00000006c6a00000, 0x00000006d0c00000, 0x000000076ce00000)
  object space 165888K, 17% used [0x00000006c6a00000,0x00000006c8697ae8,0x00000006d0c00000)
 Metaspace       used 57182K, capacity 58356K, committed 58472K, reserved 1099776K
  class space    used 8187K, capacity 8483K, committed 8552K, reserved 1048576K
}
Event: 24.184 GC heap before
{Heap before GC invocations=11 (full 3):
 PSYoungGen      total 430592K, used 16360K [0x000000076ce00000, 0x0000000789580000, 0x00000007c0000000)
  eden space 414208K, 0% used [0x000000076ce00000,0x000000076ce00000,0x0000000786280000)
  from space 16384K, 99% used [0x0000000788580000,0x000000078957a068,0x0000000789580000)
  to   space 20480K, 0% used [0x0000000786d80000,0x0000000786d80000,0x0000000788180000)
 ParOldGen       total 165888K, used 29278K [0x00000006c6a00000, 0x00000006d0c00000, 0x000000076ce00000)
  object space 165888K, 17% used [0x00000006c6a00000,0x00000006c8697ae8,0x00000006d0c00000)
 Metaspace       used 57182K, capacity 58356K, committed 58472K, reserved 1099776K
  class space    used 8187K, capacity 8483K, committed 8552K, reserved 1048576K
Event: 24.382 GC heap after
Heap after GC invocations=11 (full 3):
 PSYoungGen      total 430592K, used 0K [0x000000076ce00000, 0x0000000789580000, 0x00000007c0000000)
  eden space 414208K, 0% used [0x000000076ce00000,0x000000076ce00000,0x0000000786280000)
  from space 16384K, 0% used [0x0000000788580000,0x0000000788580000,0x0000000789580000)
  to   space 20480K, 0% used [0x0000000786d80000,0x0000000786d80000,0x0000000788180000)
 ParOldGen       total 235520K, used 41262K [0x00000006c6a00000, 0x00000006d5000000, 0x000000076ce00000)
  object space 235520K, 17% used [0x00000006c6a00000,0x00000006c924bb78,0x00000006d5000000)
 Metaspace       used 57122K, capacity 58272K, committed 58472K, reserved 1099776K
  class space    used 8185K, capacity 8479K, committed 8552K, reserved 1048576K
}

