# JRE version: Java(TM) SE Runtime Environment (8.0_20-b17) (build 1.8.0_20-ea-b17)
# Java VM: Java HotSpot(TM) 64-Bit Server VM (25.20-b17 mixed mode linux-amd64 compressed oops)
Heap:
 PSYoungGen      total 324096K, used 45443K [0x000000076ce00000, 0x0000000782400000, 0x00000007c0000000)
  eden space 306176K, 14% used [0x000000076ce00000,0x000000076fa60f20,0x000000077f900000)
  from space 17920K, 0% used [0x0000000781280000,0x0000000781280000,0x0000000782400000)
  to   space 22016K, 0% used [0x000000077f900000,0x000000077f900000,0x0000000780e80000)
 ParOldGen       total 237056K, used 35040K [0x00000006c6a00000, 0x00000006d5180000, 0x000000076ce00000)
  object space 237056K, 14% used [0x00000006c6a00000,0x00000006c8c38050,0x00000006d5180000)
 Metaspace       used 57716K, capacity 58964K, committed 59164K, reserved 1099776K
  class space    used 8274K, capacity 8573K, committed 8704K, reserved 1048576K
GC Heap History (10 events):
Event: 8.405 GC heap before
{Heap before GC invocations=11 (full 2):
 PSYoungGen      total 218112K, used 218077K [0x000000076ce00000, 0x000000077be00000, 0x00000007c0000000)
  eden space 211968K, 100% used [0x000000076ce00000,0x0000000779d00000,0x0000000779d00000)
  from space 6144K, 99% used [0x000000077b800000,0x000000077bdf7468,0x000000077be00000)
  to   space 16384K, 0% used [0x0000000779e00000,0x0000000779e00000,0x000000077ae00000)
 ParOldGen       total 171008K, used 23637K [0x00000006c6a00000, 0x00000006d1100000, 0x000000076ce00000)
  object space 171008K, 13% used [0x00000006c6a00000,0x00000006c8115610,0x00000006d1100000)
 Metaspace       used 49483K, capacity 50170K, committed 50560K, reserved 1093632K
  class space    used 7130K, capacity 7268K, committed 7296K, reserved 1048576K
Event: 8.419 GC heap after
Heap after GC invocations=11 (full 2):
 PSYoungGen      total 229376K, used 15022K [0x000000076ce00000, 0x000000077f100000, 0x00000007c0000000)
  eden space 212992K, 0% used [0x000000076ce00000,0x000000076ce00000,0x0000000779e00000)
  from space 16384K, 91% used [0x0000000779e00000,0x000000077acab890,0x000000077ae00000)
  to   space 17920K, 0% used [0x000000077df80000,0x000000077df80000,0x000000077f100000)
 ParOldGen       total 171008K, used 23645K [0x00000006c6a00000, 0x00000006d1100000, 0x000000076ce00000)
  object space 171008K, 13% used [0x00000006c6a00000,0x00000006c8117610,0x00000006d1100000)
 Metaspace       used 49483K, capacity 50170K, committed 50560K, reserved 1093632K
  class space    used 7130K, capacity 7268K, committed 7296K, reserved 1048576K
}
Event: 27.876 GC heap before
{Heap before GC invocations=12 (full 2):
 PSYoungGen      total 229376K, used 228014K [0x000000076ce00000, 0x000000077f100000, 0x00000007c0000000)
  eden space 212992K, 100% used [0x000000076ce00000,0x0000000779e00000,0x0000000779e00000)
  from space 16384K, 91% used [0x0000000779e00000,0x000000077acab890,0x000000077ae00000)
  to   space 17920K, 0% used [0x000000077df80000,0x000000077df80000,0x000000077f100000)
 ParOldGen       total 171008K, used 23645K [0x00000006c6a00000, 0x00000006d1100000, 0x000000076ce00000)
  object space 171008K, 13% used [0x00000006c6a00000,0x00000006c8117610,0x00000006d1100000)
 Metaspace       used 56939K, capacity 58100K, committed 58368K, reserved 1099776K
  class space    used 8186K, capacity 8435K, committed 8448K, reserved 1048576K
Event: 27.899 GC heap after
Heap after GC invocations=12 (full 2):
 PSYoungGen      total 273920K, used 17907K [0x000000076ce00000, 0x000000077f100000, 0x00000007c0000000)
  eden space 256000K, 0% used [0x000000076ce00000,0x000000076ce00000,0x000000077c800000)
  from space 17920K, 99% used [0x000000077df80000,0x000000077f0fccd0,0x000000077f100000)
  to   space 20480K, 0% used [0x000000077c900000,0x000000077c900000,0x000000077dd00000)
 ParOldGen       total 171008K, used 25561K [0x00000006c6a00000, 0x00000006d1100000, 0x000000076ce00000)
  object space 171008K, 14% used [0x00000006c6a00000,0x00000006c82f6640,0x00000006d1100000)
 Metaspace       used 56939K, capacity 58100K, committed 58368K, reserved 1099776K
  class space    used 8186K, capacity 8435K, committed 8448K, reserved 1048576K
}
Event: 29.193 GC heap before
{Heap before GC invocations=13 (full 2):
 PSYoungGen      total 273920K, used 38912K [0x000000076ce00000, 0x000000077f100000, 0x00000007c0000000)
  eden space 256000K, 8% used [0x000000076ce00000,0x000000076e283458,0x000000077c800000)
  from space 17920K, 99% used [0x000000077df80000,0x000000077f0fccd0,0x000000077f100000)
  to   space 20480K, 0% used [0x000000077c900000,0x000000077c900000,0x000000077dd00000)
 ParOldGen       total 171008K, used 25561K [0x00000006c6a00000, 0x00000006d1100000, 0x000000076ce00000)
  object space 171008K, 14% used [0x00000006c6a00000,0x00000006c82f6640,0x00000006d1100000)
 Metaspace       used 57288K, capacity 58518K, committed 58780K, reserved 1099776K
  class space    used 8236K, capacity 8526K, committed 8576K, reserved 1048576K
Event: 29.212 GC heap after
Heap after GC invocations=13 (full 2):
 PSYoungGen      total 277504K, used 15239K [0x000000076ce00000, 0x0000000782780000, 0x00000007c0000000)
  eden space 257024K, 0% used [0x000000076ce00000,0x000000076ce00000,0x000000077c900000)
  from space 20480K, 74% used [0x000000077c900000,0x000000077d7e1e70,0x000000077dd00000)
  to   space 21504K, 0% used [0x0000000781280000,0x0000000781280000,0x0000000782780000)
 ParOldGen       total 171008K, used 25569K [0x00000006c6a00000, 0x00000006d1100000, 0x000000076ce00000)
  object space 171008K, 14% used [0x00000006c6a00000,0x00000006c82f8640,0x00000006d1100000)
 Metaspace       used 57288K, capacity 58518K, committed 58780K, reserved 1099776K
  class space    used 8236K, capacity 8526K, committed 8576K, reserved 1048576K
}
Event: 35.323 GC heap before
{Heap before GC invocations=14 (full 2):
 PSYoungGen      total 277504K, used 70040K [0x000000076ce00000, 0x0000000782780000, 0x00000007c0000000)
  eden space 257024K, 21% used [0x000000076ce00000,0x00000007703841f8,0x000000077c900000)
  from space 20480K, 74% used [0x000000077c900000,0x000000077d7e1e70,0x000000077dd00000)
  to   space 21504K, 0% used [0x0000000781280000,0x0000000781280000,0x0000000782780000)
 ParOldGen       total 171008K, used 25569K [0x00000006c6a00000, 0x00000006d1100000, 0x000000076ce00000)
  object space 171008K, 14% used [0x00000006c6a00000,0x00000006c82f8640,0x00000006d1100000)
 Metaspace       used 57537K, capacity 58736K, committed 58780K, reserved 1099776K
  class space    used 8252K, capacity 8541K, committed 8576K, reserved 1048576K
Event: 35.349 GC heap after
Heap after GC invocations=14 (full 2):
 PSYoungGen      total 324096K, used 15523K [0x000000076ce00000, 0x0000000782400000, 0x00000007c0000000)
  eden space 306176K, 0% used [0x000000076ce00000,0x000000076ce00000,0x000000077f900000)
  from space 17920K, 86% used [0x0000000781280000,0x00000007821a8f10,0x0000000782400000)
  to   space 22016K, 0% used [0x000000077f900000,0x000000077f900000,0x0000000780e80000)
 ParOldGen       total 171008K, used 25577K [0x00000006c6a00000, 0x00000006d1100000, 0x000000076ce00000)
  object space 171008K, 14% used [0x00000006c6a00000,0x00000006c82fa640,0x00000006d1100000)
 Metaspace       used 57537K, capacity 58736K, committed 58780K, reserved 1099776K
  class space    used 8252K, capacity 8541K, committed 8576K, reserved 1048576K
}
Event: 35.349 GC heap before
{Heap before GC invocations=15 (full 3):
 PSYoungGen      total 324096K, used 15523K [0x000000076ce00000, 0x0000000782400000, 0x00000007c0000000)
  eden space 306176K, 0% used [0x000000076ce00000,0x000000076ce00000,0x000000077f900000)
  from space 17920K, 86% used [0x0000000781280000,0x00000007821a8f10,0x0000000782400000)
  to   space 22016K, 0% used [0x000000077f900000,0x000000077f900000,0x0000000780e80000)
 ParOldGen       total 171008K, used 25577K [0x00000006c6a00000, 0x00000006d1100000, 0x000000076ce00000)
  object space 171008K, 14% used [0x00000006c6a00000,0x00000006c82fa640,0x00000006d1100000)
 Metaspace       used 57537K, capacity 58736K, committed 58780K, reserved 1099776K
  class space    used 8252K, capacity 8541K, committed 8576K, reserved 1048576K
Event: 35.532 GC heap after
Heap after GC invocations=15 (full 3):
 PSYoungGen      total 324096K, used 0K [0x000000076ce00000, 0x0000000782400000, 0x00000007c0000000)
  eden space 306176K, 0% used [0x000000076ce00000,0x000000076ce00000,0x000000077f900000)
  from space 17920K, 0% used [0x0000000781280000,0x0000000781280000,0x0000000782400000)
  to   space 22016K, 0% used [0x000000077f900000,0x000000077f900000,0x0000000780e80000)
 ParOldGen       total 237056K, used 35040K [0x00000006c6a00000, 0x00000006d5180000, 0x000000076ce00000)
  object space 237056K, 14% used [0x00000006c6a00000,0x00000006c8c38050,0x00000006d5180000)
 Metaspace       used 57477K, capacity 58652K, committed 58780K, reserved 1099776K
  class space    used 8251K, capacity 8537K, committed 8576K, reserved 1048576K
}

