# JRE version: Java(TM) SE Runtime Environment (8.0_20-b17) (build 1.8.0_20-ea-b17)
# Java VM: Java HotSpot(TM) 64-Bit Server VM (25.20-b17 mixed mode linux-amd64 compressed oops)
Heap:
 PSYoungGen      total 430080K, used 341337K [0x000000076ce00000, 0x000000078be00000, 0x00000007c0000000)
  eden space 410624K, 83% used [0x000000076ce00000,0x0000000781b56498,0x0000000785f00000)
  from space 19456K, 0% used [0x0000000785f00000,0x0000000785f00000,0x0000000787200000)
  to   space 19968K, 0% used [0x000000078aa80000,0x000000078aa80000,0x000000078be00000)
 ParOldGen       total 236032K, used 34778K [0x00000006c6a00000, 0x00000006d5080000, 0x000000076ce00000)
  object space 236032K, 14% used [0x00000006c6a00000,0x00000006c8bf6a98,0x00000006d5080000)
 Metaspace       used 59489K, capacity 60774K, committed 61056K, reserved 1101824K
  class space    used 8422K, capacity 8715K, committed 8832K, reserved 1048576K
GC Heap History (10 events):
Event: 4.725 GC heap before
{Heap before GC invocations=8 (full 2):
 PSYoungGen      total 315904K, used 13100K [0x000000076ce00000, 0x0000000786b80000, 0x00000007c0000000)
  eden space 300544K, 0% used [0x000000076ce00000,0x000000076ce00000,0x000000077f380000)
  from space 15360K, 85% used [0x0000000780380000,0x000000078104b230,0x0000000781280000)
  to   space 16384K, 0% used [0x000000077f380000,0x000000077f380000,0x0000000780380000)
 ParOldGen       total 108544K, used 13495K [0x00000006c6a00000, 0x00000006cd400000, 0x000000076ce00000)
  object space 108544K, 12% used [0x00000006c6a00000,0x00000006c772ddd0,0x00000006cd400000)
 Metaspace       used 34681K, capacity 35114K, committed 35320K, reserved 1079296K
  class space    used 4555K, capacity 4673K, committed 4736K, reserved 1048576K
Event: 4.787 GC heap after
Heap after GC invocations=8 (full 2):
 PSYoungGen      total 315904K, used 0K [0x000000076ce00000, 0x0000000786b80000, 0x00000007c0000000)
  eden space 300544K, 0% used [0x000000076ce00000,0x000000076ce00000,0x000000077f380000)
  from space 15360K, 0% used [0x0000000780380000,0x0000000780380000,0x0000000781280000)
  to   space 16384K, 0% used [0x000000077f380000,0x000000077f380000,0x0000000780380000)
 ParOldGen       total 168448K, used 23618K [0x00000006c6a00000, 0x00000006d0e80000, 0x000000076ce00000)
  object space 168448K, 14% used [0x00000006c6a00000,0x00000006c81108f0,0x00000006d0e80000)
 Metaspace       used 34681K, capacity 35114K, committed 35320K, reserved 1079296K
  class space    used 4555K, capacity 4673K, committed 4736K, reserved 1048576K
}
Event: 12.666 GC heap before
{Heap before GC invocations=9 (full 2):
 PSYoungGen      total 315904K, used 300544K [0x000000076ce00000, 0x0000000786b80000, 0x00000007c0000000)
  eden space 300544K, 100% used [0x000000076ce00000,0x000000077f380000,0x000000077f380000)
  from space 15360K, 0% used [0x0000000780380000,0x0000000780380000,0x0000000781280000)
  to   space 16384K, 0% used [0x000000077f380000,0x000000077f380000,0x0000000780380000)
 ParOldGen       total 168448K, used 23618K [0x00000006c6a00000, 0x00000006d0e80000, 0x000000076ce00000)
  object space 168448K, 14% used [0x00000006c6a00000,0x00000006c81108f0,0x00000006d0e80000)
 Metaspace       used 44557K, capacity 45072K, committed 45440K, reserved 1087488K
  class space    used 6588K, capacity 6685K, committed 6784K, reserved 1048576K
Event: 12.677 GC heap after
Heap after GC invocations=9 (full 2):
 PSYoungGen      total 316928K, used 11294K [0x000000076ce00000, 0x0000000788500000, 0x00000007c0000000)
  eden space 300544K, 0% used [0x000000076ce00000,0x000000076ce00000,0x000000077f380000)
  from space 16384K, 68% used [0x000000077f380000,0x000000077fe879c0,0x0000000780380000)
  to   space 15872K, 0% used [0x0000000787580000,0x0000000787580000,0x0000000788500000)
 ParOldGen       total 168448K, used 23626K [0x00000006c6a00000, 0x00000006d0e80000, 0x000000076ce00000)
  object space 168448K, 14% used [0x00000006c6a00000,0x00000006c81128f0,0x00000006d0e80000)
 Metaspace       used 44557K, capacity 45072K, committed 45440K, reserved 1087488K
  class space    used 6588K, capacity 6685K, committed 6784K, reserved 1048576K
}
Event: 55.664 GC heap before
{Heap before GC invocations=10 (full 2):
 PSYoungGen      total 316928K, used 311838K [0x000000076ce00000, 0x0000000788500000, 0x00000007c0000000)
  eden space 300544K, 100% used [0x000000076ce00000,0x000000077f380000,0x000000077f380000)
  from space 16384K, 68% used [0x000000077f380000,0x000000077fe879c0,0x0000000780380000)
  to   space 15872K, 0% used [0x0000000787580000,0x0000000787580000,0x0000000788500000)
 ParOldGen       total 168448K, used 23626K [0x00000006c6a00000, 0x00000006d0e80000, 0x000000076ce00000)
  object space 168448K, 14% used [0x00000006c6a00000,0x00000006c81128f0,0x00000006d0e80000)
 Metaspace       used 56905K, capacity 58096K, committed 58240K, reserved 1099776K
  class space    used 8211K, capacity 8498K, committed 8576K, reserved 1048576K
Event: 55.685 GC heap after
Heap after GC invocations=10 (full 2):
 PSYoungGen      total 414720K, used 15857K [0x000000076ce00000, 0x0000000788500000, 0x00000007c0000000)
  eden space 398848K, 0% used [0x000000076ce00000,0x000000076ce00000,0x0000000785380000)
  from space 15872K, 99% used [0x0000000787580000,0x00000007884fc428,0x0000000788500000)
  to   space 19456K, 0% used [0x0000000785f00000,0x0000000785f00000,0x0000000787200000)
 ParOldGen       total 168448K, used 28773K [0x00000006c6a00000, 0x00000006d0e80000, 0x000000076ce00000)
  object space 168448K, 17% used [0x00000006c6a00000,0x00000006c8619460,0x00000006d0e80000)
 Metaspace       used 56905K, capacity 58096K, committed 58240K, reserved 1099776K
  class space    used 8211K, capacity 8498K, committed 8576K, reserved 1048576K
}
Event: 60.455 GC heap before
{Heap before GC invocations=11 (full 2):
 PSYoungGen      total 414720K, used 212082K [0x000000076ce00000, 0x0000000788500000, 0x00000007c0000000)
  eden space 398848K, 49% used [0x000000076ce00000,0x0000000778da06d8,0x0000000785380000)
  from space 15872K, 99% used [0x0000000787580000,0x00000007884fc428,0x0000000788500000)
  to   space 19456K, 0% used [0x0000000785f00000,0x0000000785f00000,0x0000000787200000)
 ParOldGen       total 168448K, used 28773K [0x00000006c6a00000, 0x00000006d0e80000, 0x000000076ce00000)
  object space 168448K, 17% used [0x00000006c6a00000,0x00000006c8619460,0x00000006d0e80000)
 Metaspace       used 57199K, capacity 58396K, committed 58496K, reserved 1099776K
  class space    used 8240K, capacity 8532K, committed 8576K, reserved 1048576K
Event: 60.471 GC heap after
Heap after GC invocations=11 (full 2):
 PSYoungGen      total 430080K, used 15187K [0x000000076ce00000, 0x000000078be00000, 0x00000007c0000000)
  eden space 410624K, 0% used [0x000000076ce00000,0x000000076ce00000,0x0000000785f00000)
  from space 19456K, 78% used [0x0000000785f00000,0x0000000786dd4fd0,0x0000000787200000)
  to   space 19968K, 0% used [0x000000078aa80000,0x000000078aa80000,0x000000078be00000)
 ParOldGen       total 168448K, used 28781K [0x00000006c6a00000, 0x00000006d0e80000, 0x000000076ce00000)
  object space 168448K, 17% used [0x00000006c6a00000,0x00000006c861b460,0x00000006d0e80000)
 Metaspace       used 57199K, capacity 58396K, committed 58496K, reserved 1099776K
  class space    used 8240K, capacity 8532K, committed 8576K, reserved 1048576K
}
Event: 60.471 GC heap before
{Heap before GC invocations=12 (full 3):
 PSYoungGen      total 430080K, used 15187K [0x000000076ce00000, 0x000000078be00000, 0x00000007c0000000)
  eden space 410624K, 0% used [0x000000076ce00000,0x000000076ce00000,0x0000000785f00000)
  from space 19456K, 78% used [0x0000000785f00000,0x0000000786dd4fd0,0x0000000787200000)
  to   space 19968K, 0% used [0x000000078aa80000,0x000000078aa80000,0x000000078be00000)
 ParOldGen       total 168448K, used 28781K [0x00000006c6a00000, 0x00000006d0e80000, 0x000000076ce00000)
  object space 168448K, 17% used [0x00000006c6a00000,0x00000006c861b460,0x00000006d0e80000)
 Metaspace       used 57199K, capacity 58396K, committed 58496K, reserved 1099776K
  class space    used 8240K, capacity 8532K, committed 8576K, reserved 1048576K
Event: 60.682 GC heap after
Heap after GC invocations=12 (full 3):
 PSYoungGen      total 430080K, used 0K [0x000000076ce00000, 0x000000078be00000, 0x00000007c0000000)
  eden space 410624K, 0% used [0x000000076ce00000,0x000000076ce00000,0x0000000785f00000)
  from space 19456K, 0% used [0x0000000785f00000,0x0000000785f00000,0x0000000787200000)
  to   space 19968K, 0% used [0x000000078aa80000,0x000000078aa80000,0x000000078be00000)
 ParOldGen       total 236032K, used 34778K [0x00000006c6a00000, 0x00000006d5080000, 0x000000076ce00000)
  object space 236032K, 14% used [0x00000006c6a00000,0x00000006c8bf6a98,0x00000006d5080000)
 Metaspace       used 57178K, capacity 58368K, committed 58496K, reserved 1099776K
  class space    used 8239K, capacity 8528K, committed 8576K, reserved 1048576K
}

