# JRE version: Java(TM) SE Runtime Environment (8.0_20-b17) (build 1.8.0_20-ea-b17)
# Java VM: Java HotSpot(TM) 64-Bit Server VM (25.20-b17 mixed mode linux-amd64 compressed oops)
Heap:
 PSYoungGen      total 407040K, used 335720K [0x000000076ce00000, 0x000000078a200000, 0x00000007c0000000)
  eden space 387072K, 86% used [0x000000076ce00000,0x00000007815da328,0x0000000784800000)
  from space 19968K, 0% used [0x0000000784800000,0x0000000784800000,0x0000000785b80000)
  to   space 20480K, 0% used [0x0000000788e00000,0x0000000788e00000,0x000000078a200000)
 ParOldGen       total 249344K, used 34861K [0x00000006c6a00000, 0x00000006d5d80000, 0x000000076ce00000)
  object space 249344K, 13% used [0x00000006c6a00000,0x00000006c8c0b7f8,0x00000006d5d80000)
 Metaspace       used 58135K, capacity 59286K, committed 59604K, reserved 1099776K
  class space    used 8227K, capacity 8498K, committed 8576K, reserved 1048576K
GC Heap History (10 events):
Event: 4.694 GC heap before
{Heap before GC invocations=8 (full 2):
 PSYoungGen      total 305664K, used 13096K [0x000000076ce00000, 0x0000000786400000, 0x00000007c0000000)
  eden space 290816K, 0% used [0x000000076ce00000,0x000000076ce00000,0x000000077ea00000)
  from space 14848K, 88% used [0x000000077f980000,0x000000078064a0d8,0x0000000780800000)
  to   space 15872K, 0% used [0x000000077ea00000,0x000000077ea00000,0x000000077f980000)
 ParOldGen       total 108544K, used 12799K [0x00000006c6a00000, 0x00000006cd400000, 0x000000076ce00000)
  object space 108544K, 11% used [0x00000006c6a00000,0x00000006c767ff98,0x00000006cd400000)
 Metaspace       used 34712K, capacity 35146K, committed 35320K, reserved 1079296K
  class space    used 4568K, capacity 4705K, committed 4736K, reserved 1048576K
Event: 4.780 GC heap after
Heap after GC invocations=8 (full 2):
 PSYoungGen      total 305664K, used 0K [0x000000076ce00000, 0x0000000786400000, 0x00000007c0000000)
  eden space 290816K, 0% used [0x000000076ce00000,0x000000076ce00000,0x000000077ea00000)
  from space 14848K, 0% used [0x000000077f980000,0x000000077f980000,0x0000000780800000)
  to   space 15872K, 0% used [0x000000077ea00000,0x000000077ea00000,0x000000077f980000)
 ParOldGen       total 174592K, used 23609K [0x00000006c6a00000, 0x00000006d1480000, 0x000000076ce00000)
  object space 174592K, 13% used [0x00000006c6a00000,0x00000006c810e688,0x00000006d1480000)
 Metaspace       used 34712K, capacity 35146K, committed 35320K, reserved 1079296K
  class space    used 4568K, capacity 4705K, committed 4736K, reserved 1048576K
}
Event: 6.564 GC heap before
{Heap before GC invocations=9 (full 2):
 PSYoungGen      total 305664K, used 290816K [0x000000076ce00000, 0x0000000786400000, 0x00000007c0000000)
  eden space 290816K, 100% used [0x000000076ce00000,0x000000077ea00000,0x000000077ea00000)
  from space 14848K, 0% used [0x000000077f980000,0x000000077f980000,0x0000000780800000)
  to   space 15872K, 0% used [0x000000077ea00000,0x000000077ea00000,0x000000077f980000)
 ParOldGen       total 174592K, used 23609K [0x00000006c6a00000, 0x00000006d1480000, 0x000000076ce00000)
  object space 174592K, 13% used [0x00000006c6a00000,0x00000006c810e688,0x00000006d1480000)
 Metaspace       used 44318K, capacity 44882K, committed 45184K, reserved 1087488K
  class space    used 6583K, capacity 6712K, committed 6784K, reserved 1048576K
Event: 6.575 GC heap after
Heap after GC invocations=9 (full 2):
 PSYoungGen      total 306688K, used 11570K [0x000000076ce00000, 0x0000000786f00000, 0x00000007c0000000)
  eden space 290816K, 0% used [0x000000076ce00000,0x000000076ce00000,0x000000077ea00000)
  from space 15872K, 72% used [0x000000077ea00000,0x000000077f54c908,0x000000077f980000)
  to   space 15360K, 0% used [0x0000000786000000,0x0000000786000000,0x0000000786f00000)
 ParOldGen       total 174592K, used 23617K [0x00000006c6a00000, 0x00000006d1480000, 0x000000076ce00000)
  object space 174592K, 13% used [0x00000006c6a00000,0x00000006c8110688,0x00000006d1480000)
 Metaspace       used 44318K, capacity 44882K, committed 45184K, reserved 1087488K
  class space    used 6583K, capacity 6712K, committed 6784K, reserved 1048576K
}
Event: 22.123 GC heap before
{Heap before GC invocations=10 (full 2):
 PSYoungGen      total 306688K, used 302386K [0x000000076ce00000, 0x0000000786f00000, 0x00000007c0000000)
  eden space 290816K, 100% used [0x000000076ce00000,0x000000077ea00000,0x000000077ea00000)
  from space 15872K, 72% used [0x000000077ea00000,0x000000077f54c908,0x000000077f980000)
  to   space 15360K, 0% used [0x0000000786000000,0x0000000786000000,0x0000000786f00000)
 ParOldGen       total 174592K, used 23617K [0x00000006c6a00000, 0x00000006d1480000, 0x000000076ce00000)
  object space 174592K, 13% used [0x00000006c6a00000,0x00000006c8110688,0x00000006d1480000)
 Metaspace       used 56999K, capacity 58230K, committed 58368K, reserved 1099776K
  class space    used 8180K, capacity 8446K, committed 8448K, reserved 1048576K
Event: 22.142 GC heap after
Heap after GC invocations=10 (full 2):
 PSYoungGen      total 394752K, used 15340K [0x000000076ce00000, 0x0000000786f00000, 0x00000007c0000000)
  eden space 379392K, 0% used [0x000000076ce00000,0x000000076ce00000,0x0000000784080000)
  from space 15360K, 99% used [0x0000000786000000,0x0000000786efb398,0x0000000786f00000)
  to   space 19968K, 0% used [0x0000000784800000,0x0000000784800000,0x0000000785b80000)
 ParOldGen       total 174592K, used 30036K [0x00000006c6a00000, 0x00000006d1480000, 0x000000076ce00000)
  object space 174592K, 17% used [0x00000006c6a00000,0x00000006c8755200,0x00000006d1480000)
 Metaspace       used 56999K, capacity 58230K, committed 58368K, reserved 1099776K
  class space    used 8180K, capacity 8446K, committed 8448K, reserved 1048576K
}
Event: 30.218 GC heap before
{Heap before GC invocations=11 (full 2):
 PSYoungGen      total 394752K, used 61349K [0x000000076ce00000, 0x0000000786f00000, 0x00000007c0000000)
  eden space 379392K, 12% used [0x000000076ce00000,0x000000076faee318,0x0000000784080000)
  from space 15360K, 99% used [0x0000000786000000,0x0000000786efb398,0x0000000786f00000)
  to   space 19968K, 0% used [0x0000000784800000,0x0000000784800000,0x0000000785b80000)
 ParOldGen       total 174592K, used 30036K [0x00000006c6a00000, 0x00000006d1480000, 0x000000076ce00000)
  object space 174592K, 17% used [0x00000006c6a00000,0x00000006c8755200,0x00000006d1480000)
 Metaspace       used 57222K, capacity 58486K, committed 58580K, reserved 1099776K
  class space    used 8192K, capacity 8484K, committed 8576K, reserved 1048576K
Event: 30.235 GC heap after
Heap after GC invocations=11 (full 2):
 PSYoungGen      total 407040K, used 15293K [0x000000076ce00000, 0x000000078a200000, 0x00000007c0000000)
  eden space 387072K, 0% used [0x000000076ce00000,0x000000076ce00000,0x0000000784800000)
  from space 19968K, 76% used [0x0000000784800000,0x00000007856ef4a8,0x0000000785b80000)
  to   space 20480K, 0% used [0x0000000788e00000,0x0000000788e00000,0x000000078a200000)
 ParOldGen       total 174592K, used 30044K [0x00000006c6a00000, 0x00000006d1480000, 0x000000076ce00000)
  object space 174592K, 17% used [0x00000006c6a00000,0x00000006c8757200,0x00000006d1480000)
 Metaspace       used 57222K, capacity 58486K, committed 58580K, reserved 1099776K
  class space    used 8192K, capacity 8484K, committed 8576K, reserved 1048576K
}
Event: 30.235 GC heap before
{Heap before GC invocations=12 (full 3):
 PSYoungGen      total 407040K, used 15293K [0x000000076ce00000, 0x000000078a200000, 0x00000007c0000000)
  eden space 387072K, 0% used [0x000000076ce00000,0x000000076ce00000,0x0000000784800000)
  from space 19968K, 76% used [0x0000000784800000,0x00000007856ef4a8,0x0000000785b80000)
  to   space 20480K, 0% used [0x0000000788e00000,0x0000000788e00000,0x000000078a200000)
 ParOldGen       total 174592K, used 30044K [0x00000006c6a00000, 0x00000006d1480000, 0x000000076ce00000)
  object space 174592K, 17% used [0x00000006c6a00000,0x00000006c8757200,0x00000006d1480000)
 Metaspace       used 57222K, capacity 58486K, committed 58580K, reserved 1099776K
  class space    used 8192K, capacity 8484K, committed 8576K, reserved 1048576K
Event: 30.425 GC heap after
Heap after GC invocations=12 (full 3):
 PSYoungGen      total 407040K, used 0K [0x000000076ce00000, 0x000000078a200000, 0x00000007c0000000)
  eden space 387072K, 0% used [0x000000076ce00000,0x000000076ce00000,0x0000000784800000)
  from space 19968K, 0% used [0x0000000784800000,0x0000000784800000,0x0000000785b80000)
  to   space 20480K, 0% used [0x0000000788e00000,0x0000000788e00000,0x000000078a200000)
 ParOldGen       total 249344K, used 34861K [0x00000006c6a00000, 0x00000006d5d80000, 0x000000076ce00000)
  object space 249344K, 13% used [0x00000006c6a00000,0x00000006c8c0b7f8,0x00000006d5d80000)
 Metaspace       used 57162K, capacity 58402K, committed 58580K, reserved 1099776K
  class space    used 8191K, capacity 8480K, committed 8576K, reserved 1048576K
}

