# JRE version: Java(TM) SE Runtime Environment (8.0_20-b17) (build 1.8.0_20-ea-b17)
# Java VM: Java HotSpot(TM) 64-Bit Server VM (25.20-b17 mixed mode linux-amd64 compressed oops)
Heap:
 PSYoungGen      total 281600K, used 159998K [0x000000076ce00000, 0x0000000785880000, 0x00000007c0000000)
  eden space 266752K, 54% used [0x000000076ce00000,0x0000000775bc2af0,0x000000077d280000)
  from space 14848K, 99% used [0x000000077d280000,0x000000077e0fd090,0x000000077e100000)
  to   space 17408K, 0% used [0x0000000784780000,0x0000000784780000,0x0000000785880000)
 ParOldGen       total 178176K, used 22020K [0x00000006c6a00000, 0x00000006d1800000, 0x000000076ce00000)
  object space 178176K, 12% used [0x00000006c6a00000,0x00000006c7f81180,0x00000006d1800000)
 Metaspace       used 47784K, capacity 48676K, committed 48868K, reserved 1091584K
  class space    used 6834K, capacity 7047K, committed 7168K, reserved 1048576K
GC Heap History (10 events):
Event: 3.079 GC heap before
{Heap before GC invocations=5 (full 1):
 PSYoungGen      total 139264K, used 129024K [0x000000076ce00000, 0x000000077de00000, 0x00000007c0000000)
  eden space 129024K, 100% used [0x000000076ce00000,0x0000000774c00000,0x0000000774c00000)
  from space 10240K, 0% used [0x0000000774c00000,0x0000000774c00000,0x0000000775600000)
  to   space 10240K, 0% used [0x000000077d400000,0x000000077d400000,0x000000077de00000)
 ParOldGen       total 116224K, used 14033K [0x00000006c6a00000, 0x00000006cdb80000, 0x000000076ce00000)
  object space 116224K, 12% used [0x00000006c6a00000,0x00000006c77b4740,0x00000006cdb80000)
 Metaspace       used 29978K, capacity 30568K, committed 30848K, reserved 1077248K
  class space    used 3525K, capacity 3658K, committed 3712K, reserved 1048576K
Event: 3.086 GC heap after
Heap after GC invocations=5 (full 1):
 PSYoungGen      total 197632K, used 10224K [0x000000076ce00000, 0x000000077de00000, 0x00000007c0000000)
  eden space 187392K, 0% used [0x000000076ce00000,0x000000076ce00000,0x0000000778500000)
  from space 10240K, 99% used [0x000000077d400000,0x000000077ddfc068,0x000000077de00000)
  to   space 10240K, 0% used [0x000000077ca00000,0x000000077ca00000,0x000000077d400000)
 ParOldGen       total 116224K, used 15412K [0x00000006c6a00000, 0x00000006cdb80000, 0x000000076ce00000)
  object space 116224K, 13% used [0x00000006c6a00000,0x00000006c790d0b8,0x00000006cdb80000)
 Metaspace       used 29978K, capacity 30568K, committed 30848K, reserved 1077248K
  class space    used 3525K, capacity 3658K, committed 3712K, reserved 1048576K
}
Event: 3.578 GC heap before
{Heap before GC invocations=6 (full 1):
 PSYoungGen      total 197632K, used 197616K [0x000000076ce00000, 0x000000077de00000, 0x00000007c0000000)
  eden space 187392K, 100% used [0x000000076ce00000,0x0000000778500000,0x0000000778500000)
  from space 10240K, 99% used [0x000000077d400000,0x000000077ddfc068,0x000000077de00000)
  to   space 10240K, 0% used [0x000000077ca00000,0x000000077ca00000,0x000000077d400000)
 ParOldGen       total 116224K, used 15412K [0x00000006c6a00000, 0x00000006cdb80000, 0x000000076ce00000)
  object space 116224K, 13% used [0x00000006c6a00000,0x00000006c790d0b8,0x00000006cdb80000)
 Metaspace       used 30932K, capacity 31470K, committed 31744K, reserved 1077248K
  class space    used 3600K, capacity 3723K, committed 3840K, reserved 1048576K
Event: 3.584 GC heap after
Heap after GC invocations=6 (full 1):
 PSYoungGen      total 268288K, used 6765K [0x000000076ce00000, 0x000000077f000000, 0x00000007c0000000)
  eden space 258048K, 0% used [0x000000076ce00000,0x000000076ce00000,0x000000077ca00000)
  from space 10240K, 66% used [0x000000077ca00000,0x000000077d09b748,0x000000077d400000)
  to   space 15360K, 0% used [0x000000077e100000,0x000000077e100000,0x000000077f000000)
 ParOldGen       total 116224K, used 15420K [0x00000006c6a00000, 0x00000006cdb80000, 0x000000076ce00000)
  object space 116224K, 13% used [0x00000006c6a00000,0x00000006c790f0b8,0x00000006cdb80000)
 Metaspace       used 30932K, capacity 31470K, committed 31744K, reserved 1077248K
  class space    used 3600K, capacity 3723K, committed 3840K, reserved 1048576K
}
Event: 3.906 GC heap before
{Heap before GC invocations=7 (full 1):
 PSYoungGen      total 268288K, used 97667K [0x000000076ce00000, 0x000000077f000000, 0x00000007c0000000)
  eden space 258048K, 35% used [0x000000076ce00000,0x00000007726c57d0,0x000000077ca00000)
  from space 10240K, 66% used [0x000000077ca00000,0x000000077d09b748,0x000000077d400000)
  to   space 15360K, 0% used [0x000000077e100000,0x000000077e100000,0x000000077f000000)
 ParOldGen       total 116224K, used 15420K [0x00000006c6a00000, 0x00000006cdb80000, 0x000000076ce00000)
  object space 116224K, 13% used [0x00000006c6a00000,0x00000006c790f0b8,0x00000006cdb80000)
 Metaspace       used 34606K, capacity 35150K, committed 35300K, reserved 1079296K
  class space    used 4490K, capacity 4587K, committed 4608K, reserved 1048576K
Event: 3.914 GC heap after
Heap after GC invocations=7 (full 1):
 PSYoungGen      total 282112K, used 9762K [0x000000076ce00000, 0x0000000785400000, 0x00000007c0000000)
  eden space 266752K, 0% used [0x000000076ce00000,0x000000076ce00000,0x000000077d280000)
  from space 15360K, 63% used [0x000000077e100000,0x000000077ea88860,0x000000077f000000)
  to   space 14848K, 0% used [0x000000077d280000,0x000000077d280000,0x000000077e100000)
 ParOldGen       total 116224K, used 15428K [0x00000006c6a00000, 0x00000006cdb80000, 0x000000076ce00000)
  object space 116224K, 13% used [0x00000006c6a00000,0x00000006c79110b8,0x00000006cdb80000)
 Metaspace       used 34606K, capacity 35150K, committed 35300K, reserved 1079296K
  class space    used 4490K, capacity 4587K, committed 4608K, reserved 1048576K
}
Event: 3.914 GC heap before
{Heap before GC invocations=8 (full 2):
 PSYoungGen      total 282112K, used 9762K [0x000000076ce00000, 0x0000000785400000, 0x00000007c0000000)
  eden space 266752K, 0% used [0x000000076ce00000,0x000000076ce00000,0x000000077d280000)
  from space 15360K, 63% used [0x000000077e100000,0x000000077ea88860,0x000000077f000000)
  to   space 14848K, 0% used [0x000000077d280000,0x000000077d280000,0x000000077e100000)
 ParOldGen       total 116224K, used 15428K [0x00000006c6a00000, 0x00000006cdb80000, 0x000000076ce00000)
  object space 116224K, 13% used [0x00000006c6a00000,0x00000006c79110b8,0x00000006cdb80000)
 Metaspace       used 34606K, capacity 35150K, committed 35300K, reserved 1079296K
  class space    used 4490K, capacity 4587K, committed 4608K, reserved 1048576K
Event: 3.964 GC heap after
Heap after GC invocations=8 (full 2):
 PSYoungGen      total 282112K, used 0K [0x000000076ce00000, 0x0000000785400000, 0x00000007c0000000)
  eden space 266752K, 0% used [0x000000076ce00000,0x000000076ce00000,0x000000077d280000)
  from space 15360K, 0% used [0x000000077e100000,0x000000077e100000,0x000000077f000000)
  to   space 14848K, 0% used [0x000000077d280000,0x000000077d280000,0x000000077e100000)
 ParOldGen       total 178176K, used 19877K [0x00000006c6a00000, 0x00000006d1800000, 0x000000076ce00000)
  object space 178176K, 11% used [0x00000006c6a00000,0x00000006c7d69568,0x00000006d1800000)
 Metaspace       used 34606K, capacity 35150K, committed 35300K, reserved 1079296K
  class space    used 4490K, capacity 4587K, committed 4608K, reserved 1048576K
}
Event: 5.085 GC heap before
{Heap before GC invocations=9 (full 2):
 PSYoungGen      total 282112K, used 266752K [0x000000076ce00000, 0x0000000785400000, 0x00000007c0000000)
  eden space 266752K, 100% used [0x000000076ce00000,0x000000077d280000,0x000000077d280000)
  from space 15360K, 0% used [0x000000077e100000,0x000000077e100000,0x000000077f000000)
  to   space 14848K, 0% used [0x000000077d280000,0x000000077d280000,0x000000077e100000)
 ParOldGen       total 178176K, used 19877K [0x00000006c6a00000, 0x00000006d1800000, 0x000000076ce00000)
  object space 178176K, 11% used [0x00000006c6a00000,0x00000006c7d69568,0x00000006d1800000)
 Metaspace       used 42052K, capacity 42820K, committed 42980K, reserved 1085440K
  class space    used 6179K, capacity 6336K, committed 6400K, reserved 1048576K
Event: 5.095 GC heap after
Heap after GC invocations=9 (full 2):
 PSYoungGen      total 281600K, used 14836K [0x000000076ce00000, 0x0000000785880000, 0x00000007c0000000)
  eden space 266752K, 0% used [0x000000076ce00000,0x000000076ce00000,0x000000077d280000)
  from space 14848K, 99% used [0x000000077d280000,0x000000077e0fd090,0x000000077e100000)
  to   space 17408K, 0% used [0x0000000784780000,0x0000000784780000,0x0000000785880000)
 ParOldGen       total 178176K, used 22020K [0x00000006c6a00000, 0x00000006d1800000, 0x000000076ce00000)
  object space 178176K, 12% used [0x00000006c6a00000,0x00000006c7f81180,0x00000006d1800000)
 Metaspace       used 42052K, capacity 42820K, committed 42980K, reserved 1085440K
  class space    used 6179K, capacity 6336K, committed 6400K, reserved 1048576K
}

