# JRE version: Java(TM) SE Runtime Environment (8.0_20-b17) (build 1.8.0_20-ea-b17)
# Java VM: Java HotSpot(TM) 64-Bit Server VM (25.20-b17 mixed mode linux-amd64 compressed oops)
Heap:
 PSYoungGen      total 269312K, used 45711K [0x000000076ce00000, 0x0000000781080000, 0x00000007c0000000)
  eden space 248832K, 18% used [0x000000076ce00000,0x000000076faa3f18,0x000000077c100000)
  from space 20480K, 0% used [0x000000077c100000,0x000000077c100000,0x000000077d500000)
  to   space 20992K, 0% used [0x000000077fc00000,0x000000077fc00000,0x0000000781080000)
 ParOldGen       total 239104K, used 34551K [0x00000006c6a00000, 0x00000006d5380000, 0x000000076ce00000)
  object space 239104K, 14% used [0x00000006c6a00000,0x00000006c8bbde28,0x00000006d5380000)
 Metaspace       used 57511K, capacity 58650K, committed 58780K, reserved 1099776K
  class space    used 8172K, capacity 8440K, committed 8448K, reserved 1048576K
GC Heap History (10 events):
Event: 5.784 GC heap before
{Heap before GC invocations=10 (full 2):
 PSYoungGen      total 156672K, used 141824K [0x000000076ce00000, 0x000000077bb80000, 0x00000007c0000000)
  eden space 141824K, 100% used [0x000000076ce00000,0x0000000775880000,0x0000000775880000)
  from space 14848K, 0% used [0x0000000775880000,0x0000000775880000,0x0000000776700000)
  to   space 16384K, 0% used [0x000000077ab80000,0x000000077ab80000,0x000000077bb80000)
 ParOldGen       total 171520K, used 23617K [0x00000006c6a00000, 0x00000006d1180000, 0x000000076ce00000)
  object space 171520K, 13% used [0x00000006c6a00000,0x00000006c8110440,0x00000006d1180000)
 Metaspace       used 39551K, capacity 40014K, committed 40192K, reserved 1083392K
  class space    used 5707K, capacity 5842K, committed 5888K, reserved 1048576K
Event: 5.793 GC heap after
Heap after GC invocations=10 (full 2):
 PSYoungGen      total 214528K, used 6090K [0x000000076ce00000, 0x000000077b580000, 0x00000007c0000000)
  eden space 204288K, 0% used [0x000000076ce00000,0x000000076ce00000,0x0000000779580000)
  from space 10240K, 59% used [0x000000077ab80000,0x000000077b172b80,0x000000077b580000)
  to   space 16384K, 0% used [0x0000000779580000,0x0000000779580000,0x000000077a580000)
 ParOldGen       total 171520K, used 23625K [0x00000006c6a00000, 0x00000006d1180000, 0x000000076ce00000)
  object space 171520K, 13% used [0x00000006c6a00000,0x00000006c8112440,0x00000006d1180000)
 Metaspace       used 39551K, capacity 40014K, committed 40192K, reserved 1083392K
  class space    used 5707K, capacity 5842K, committed 5888K, reserved 1048576K
}
Event: 7.640 GC heap before
{Heap before GC invocations=11 (full 2):
 PSYoungGen      total 214528K, used 210378K [0x000000076ce00000, 0x000000077b580000, 0x00000007c0000000)
  eden space 204288K, 100% used [0x000000076ce00000,0x0000000779580000,0x0000000779580000)
  from space 10240K, 59% used [0x000000077ab80000,0x000000077b172b80,0x000000077b580000)
  to   space 16384K, 0% used [0x0000000779580000,0x0000000779580000,0x000000077a580000)
 ParOldGen       total 171520K, used 23625K [0x00000006c6a00000, 0x00000006d1180000, 0x000000076ce00000)
  object space 171520K, 13% used [0x00000006c6a00000,0x00000006c8112440,0x00000006d1180000)
 Metaspace       used 49714K, capacity 50266K, committed 50688K, reserved 1093632K
  class space    used 7149K, capacity 7300K, committed 7424K, reserved 1048576K
Event: 7.654 GC heap after
Heap after GC invocations=11 (full 2):
 PSYoungGen      total 220672K, used 14913K [0x000000076ce00000, 0x000000077e900000, 0x00000007c0000000)
  eden space 204288K, 0% used [0x000000076ce00000,0x000000076ce00000,0x0000000779580000)
  from space 16384K, 91% used [0x0000000779580000,0x000000077a4106c8,0x000000077a580000)
  to   space 17920K, 0% used [0x000000077d780000,0x000000077d780000,0x000000077e900000)
 ParOldGen       total 171520K, used 23633K [0x00000006c6a00000, 0x00000006d1180000, 0x000000076ce00000)
  object space 171520K, 13% used [0x00000006c6a00000,0x00000006c8114440,0x00000006d1180000)
 Metaspace       used 49714K, capacity 50266K, committed 50688K, reserved 1093632K
  class space    used 7149K, capacity 7300K, committed 7424K, reserved 1048576K
}
Event: 40.225 GC heap before
{Heap before GC invocations=12 (full 2):
 PSYoungGen      total 220672K, used 219201K [0x000000076ce00000, 0x000000077e900000, 0x00000007c0000000)
  eden space 204288K, 100% used [0x000000076ce00000,0x0000000779580000,0x0000000779580000)
  from space 16384K, 91% used [0x0000000779580000,0x000000077a4106c8,0x000000077a580000)
  to   space 17920K, 0% used [0x000000077d780000,0x000000077d780000,0x000000077e900000)
 ParOldGen       total 171520K, used 23633K [0x00000006c6a00000, 0x00000006d1180000, 0x000000076ce00000)
  object space 171520K, 13% used [0x00000006c6a00000,0x00000006c8114440,0x00000006d1180000)
 Metaspace       used 57101K, capacity 58248K, committed 58368K, reserved 1099776K
  class space    used 8144K, capacity 8401K, committed 8448K, reserved 1048576K
Event: 40.243 GC heap after
Heap after GC invocations=12 (full 2):
 PSYoungGen      total 264192K, used 17908K [0x000000076ce00000, 0x000000077e900000, 0x00000007c0000000)
  eden space 246272K, 0% used [0x000000076ce00000,0x000000076ce00000,0x000000077be80000)
  from space 17920K, 99% used [0x000000077d780000,0x000000077e8fd238,0x000000077e900000)
  to   space 20480K, 0% used [0x000000077c100000,0x000000077c100000,0x000000077d500000)
 ParOldGen       total 171520K, used 24911K [0x00000006c6a00000, 0x00000006d1180000, 0x000000076ce00000)
  object space 171520K, 14% used [0x00000006c6a00000,0x00000006c8253c20,0x00000006d1180000)
 Metaspace       used 57101K, capacity 58248K, committed 58368K, reserved 1099776K
  class space    used 8144K, capacity 8401K, committed 8448K, reserved 1048576K
}
Event: 66.083 GC heap before
{Heap before GC invocations=13 (full 2):
 PSYoungGen      total 264192K, used 75500K [0x000000076ce00000, 0x000000077e900000, 0x00000007c0000000)
  eden space 246272K, 23% used [0x000000076ce00000,0x000000077063df60,0x000000077be80000)
  from space 17920K, 99% used [0x000000077d780000,0x000000077e8fd238,0x000000077e900000)
  to   space 20480K, 0% used [0x000000077c100000,0x000000077c100000,0x000000077d500000)
 ParOldGen       total 171520K, used 24911K [0x00000006c6a00000, 0x00000006d1180000, 0x000000076ce00000)
  object space 171520K, 14% used [0x00000006c6a00000,0x00000006c8253c20,0x00000006d1180000)
 Metaspace       used 57326K, capacity 58422K, committed 58524K, reserved 1099776K
  class space    used 8149K, capacity 8408K, committed 8448K, reserved 1048576K
Event: 66.100 GC heap after
Heap after GC invocations=13 (full 2):
 PSYoungGen      total 269312K, used 14914K [0x000000076ce00000, 0x0000000781080000, 0x00000007c0000000)
  eden space 248832K, 0% used [0x000000076ce00000,0x000000076ce00000,0x000000077c100000)
  from space 20480K, 72% used [0x000000077c100000,0x000000077cf90928,0x000000077d500000)
  to   space 20992K, 0% used [0x000000077fc00000,0x000000077fc00000,0x0000000781080000)
 ParOldGen       total 171520K, used 24919K [0x00000006c6a00000, 0x00000006d1180000, 0x000000076ce00000)
  object space 171520K, 14% used [0x00000006c6a00000,0x00000006c8255c20,0x00000006d1180000)
 Metaspace       used 57326K, capacity 58422K, committed 58524K, reserved 1099776K
  class space    used 8149K, capacity 8408K, committed 8448K, reserved 1048576K
}
Event: 66.100 GC heap before
{Heap before GC invocations=14 (full 3):
 PSYoungGen      total 269312K, used 14914K [0x000000076ce00000, 0x0000000781080000, 0x00000007c0000000)
  eden space 248832K, 0% used [0x000000076ce00000,0x000000076ce00000,0x000000077c100000)
  from space 20480K, 72% used [0x000000077c100000,0x000000077cf90928,0x000000077d500000)
  to   space 20992K, 0% used [0x000000077fc00000,0x000000077fc00000,0x0000000781080000)
 ParOldGen       total 171520K, used 24919K [0x00000006c6a00000, 0x00000006d1180000, 0x000000076ce00000)
  object space 171520K, 14% used [0x00000006c6a00000,0x00000006c8255c20,0x00000006d1180000)
 Metaspace       used 57326K, capacity 58422K, committed 58524K, reserved 1099776K
  class space    used 8149K, capacity 8408K, committed 8448K, reserved 1048576K
Event: 66.294 GC heap after
Heap after GC invocations=14 (full 3):
 PSYoungGen      total 269312K, used 0K [0x000000076ce00000, 0x0000000781080000, 0x00000007c0000000)
  eden space 248832K, 0% used [0x000000076ce00000,0x000000076ce00000,0x000000077c100000)
  from space 20480K, 0% used [0x000000077c100000,0x000000077c100000,0x000000077d500000)
  to   space 20992K, 0% used [0x000000077fc00000,0x000000077fc00000,0x0000000781080000)
 ParOldGen       total 239104K, used 34551K [0x00000006c6a00000, 0x00000006d5380000, 0x000000076ce00000)
  object space 239104K, 14% used [0x00000006c6a00000,0x00000006c8bbde28,0x00000006d5380000)
 Metaspace       used 57266K, capacity 58338K, committed 58524K, reserved 1099776K
  class space    used 8148K, capacity 8404K, committed 8448K, reserved 1048576K
}

