# JRE version: Java(TM) SE Runtime Environment (8.0_20-b17) (build 1.8.0_20-ea-b17)
# Java VM: Java HotSpot(TM) 64-Bit Server VM (25.20-b17 mixed mode linux-amd64 compressed oops)
Heap:
 PSYoungGen      total 310784K, used 132570K [0x000000076ce00000, 0x0000000784680000, 0x00000007c0000000)
  eden space 308736K, 42% used [0x000000076ce00000,0x0000000774dbbda8,0x000000077fb80000)
  from space 2048K, 86% used [0x0000000784480000,0x000000078463abe8,0x0000000784680000)
  to   space 22016K, 0% used [0x0000000781b80000,0x0000000781b80000,0x0000000783100000)
 ParOldGen       total 263680K, used 35118K [0x00000006c6a00000, 0x00000006d6b80000, 0x000000076ce00000)
  object space 263680K, 13% used [0x00000006c6a00000,0x00000006c8c4ba38,0x00000006d6b80000)
 Metaspace       used 59061K, capacity 60338K, committed 60672K, reserved 1101824K
  class space    used 8286K, capacity 8588K, committed 8704K, reserved 1048576K
GC Heap History (10 events):
Event: 24.859 GC heap before
{Heap before GC invocations=11 (full 2):
 PSYoungGen      total 346112K, used 114580K [0x000000076ce00000, 0x0000000783d00000, 0x00000007c0000000)
  eden space 330752K, 30% used [0x000000076ce00000,0x0000000772ee78a0,0x0000000781100000)
  from space 15360K, 99% used [0x0000000782e00000,0x0000000783cfdab8,0x0000000783d00000)
  to   space 19456K, 0% used [0x0000000781700000,0x0000000781700000,0x0000000782a00000)
 ParOldGen       total 185344K, used 29704K [0x00000006c6a00000, 0x00000006d1f00000, 0x000000076ce00000)
  object space 185344K, 16% used [0x00000006c6a00000,0x00000006c8702340,0x00000006d1f00000)
 Metaspace       used 57186K, capacity 58334K, committed 58420K, reserved 1099776K
  class space    used 8208K, capacity 8490K, committed 8576K, reserved 1048576K
Event: 24.879 GC heap after
Heap after GC invocations=11 (full 2):
 PSYoungGen      total 356352K, used 15506K [0x000000076ce00000, 0x0000000786d80000, 0x00000007c0000000)
  eden space 336896K, 0% used [0x000000076ce00000,0x000000076ce00000,0x0000000781700000)
  from space 19456K, 79% used [0x0000000781700000,0x0000000782624b48,0x0000000782a00000)
  to   space 20480K, 0% used [0x0000000785980000,0x0000000785980000,0x0000000786d80000)
 ParOldGen       total 185344K, used 29712K [0x00000006c6a00000, 0x00000006d1f00000, 0x000000076ce00000)
  object space 185344K, 16% used [0x00000006c6a00000,0x00000006c8704340,0x00000006d1f00000)
 Metaspace       used 57186K, capacity 58334K, committed 58420K, reserved 1099776K
  class space    used 8208K, capacity 8490K, committed 8576K, reserved 1048576K
}
Event: 24.879 GC heap before
{Heap before GC invocations=12 (full 3):
 PSYoungGen      total 356352K, used 15506K [0x000000076ce00000, 0x0000000786d80000, 0x00000007c0000000)
  eden space 336896K, 0% used [0x000000076ce00000,0x000000076ce00000,0x0000000781700000)
  from space 19456K, 79% used [0x0000000781700000,0x0000000782624b48,0x0000000782a00000)
  to   space 20480K, 0% used [0x0000000785980000,0x0000000785980000,0x0000000786d80000)
 ParOldGen       total 185344K, used 29712K [0x00000006c6a00000, 0x00000006d1f00000, 0x000000076ce00000)
  object space 185344K, 16% used [0x00000006c6a00000,0x00000006c8704340,0x00000006d1f00000)
 Metaspace       used 57186K, capacity 58334K, committed 58420K, reserved 1099776K
  class space    used 8208K, capacity 8490K, committed 8576K, reserved 1048576K
Event: 25.064 GC heap after
Heap after GC invocations=12 (full 3):
 PSYoungGen      total 356352K, used 0K [0x000000076ce00000, 0x0000000786d80000, 0x00000007c0000000)
  eden space 336896K, 0% used [0x000000076ce00000,0x000000076ce00000,0x0000000781700000)
  from space 19456K, 0% used [0x0000000781700000,0x0000000781700000,0x0000000782a00000)
  to   space 20480K, 0% used [0x0000000785980000,0x0000000785980000,0x0000000786d80000)
 ParOldGen       total 263680K, used 35094K [0x00000006c6a00000, 0x00000006d6b80000, 0x000000076ce00000)
  object space 263680K, 13% used [0x00000006c6a00000,0x00000006c8c45a38,0x00000006d6b80000)
 Metaspace       used 57126K, capacity 58250K, committed 58420K, reserved 1099776K
  class space    used 8207K, capacity 8486K, committed 8576K, reserved 1048576K
}
Event: 703.933 GC heap before
{Heap before GC invocations=13 (full 3):
 PSYoungGen      total 356352K, used 336896K [0x000000076ce00000, 0x0000000786d80000, 0x00000007c0000000)
  eden space 336896K, 100% used [0x000000076ce00000,0x0000000781700000,0x0000000781700000)
  from space 19456K, 0% used [0x0000000781700000,0x0000000781700000,0x0000000782a00000)
  to   space 20480K, 0% used [0x0000000785980000,0x0000000785980000,0x0000000786d80000)
 ParOldGen       total 263680K, used 35094K [0x00000006c6a00000, 0x00000006d6b80000, 0x000000076ce00000)
  object space 263680K, 13% used [0x00000006c6a00000,0x00000006c8c45a38,0x00000006d6b80000)
 Metaspace       used 58123K, capacity 59338K, committed 59444K, reserved 1099776K
  class space    used 8257K, capacity 8544K, committed 8576K, reserved 1048576K
Event: 703.939 GC heap after
Heap after GC invocations=13 (full 3):
 PSYoungGen      total 328704K, used 1178K [0x000000076ce00000, 0x0000000785b00000, 0x00000007c0000000)
  eden space 327168K, 0% used [0x000000076ce00000,0x000000076ce00000,0x0000000780d80000)
  from space 1536K, 76% used [0x0000000785980000,0x0000000785aa6a78,0x0000000785b00000)
  to   space 21504K, 0% used [0x0000000783100000,0x0000000783100000,0x0000000784600000)
 ParOldGen       total 263680K, used 35102K [0x00000006c6a00000, 0x00000006d6b80000, 0x000000076ce00000)
  object space 263680K, 13% used [0x00000006c6a00000,0x00000006c8c47a38,0x00000006d6b80000)
 Metaspace       used 58123K, capacity 59338K, committed 59444K, reserved 1099776K
  class space    used 8257K, capacity 8544K, committed 8576K, reserved 1048576K
}
Event: 1565.718 GC heap before
{Heap before GC invocations=14 (full 3):
 PSYoungGen      total 328704K, used 328346K [0x000000076ce00000, 0x0000000785b00000, 0x00000007c0000000)
  eden space 327168K, 100% used [0x000000076ce00000,0x0000000780d80000,0x0000000780d80000)
  from space 1536K, 76% used [0x0000000785980000,0x0000000785aa6a78,0x0000000785b00000)
  to   space 21504K, 0% used [0x0000000783100000,0x0000000783100000,0x0000000784600000)
 ParOldGen       total 263680K, used 35102K [0x00000006c6a00000, 0x00000006d6b80000, 0x000000076ce00000)
  object space 263680K, 13% used [0x00000006c6a00000,0x00000006c8c47a38,0x00000006d6b80000)
 Metaspace       used 58473K, capacity 59752K, committed 60032K, reserved 1101824K
  class space    used 8259K, capacity 8549K, committed 8576K, reserved 1048576K
Event: 1565.725 GC heap after
Heap after GC invocations=14 (full 3):
 PSYoungGen      total 319488K, used 1322K [0x000000076ce00000, 0x0000000785a00000, 0x00000007c0000000)
  eden space 317952K, 0% used [0x000000076ce00000,0x000000076ce00000,0x0000000780480000)
  from space 1536K, 86% used [0x0000000783100000,0x000000078324aaa8,0x0000000783280000)
  to   space 22016K, 0% used [0x0000000784480000,0x0000000784480000,0x0000000785a00000)
 ParOldGen       total 263680K, used 35110K [0x00000006c6a00000, 0x00000006d6b80000, 0x000000076ce00000)
  object space 263680K, 13% used [0x00000006c6a00000,0x00000006c8c49a38,0x00000006d6b80000)
 Metaspace       used 58473K, capacity 59752K, committed 60032K, reserved 1101824K
  class space    used 8259K, capacity 8549K, committed 8576K, reserved 1048576K
}
Event: 2316.193 GC heap before
{Heap before GC invocations=15 (full 3):
 PSYoungGen      total 319488K, used 319274K [0x000000076ce00000, 0x0000000785a00000, 0x00000007c0000000)
  eden space 317952K, 100% used [0x000000076ce00000,0x0000000780480000,0x0000000780480000)
  from space 1536K, 86% used [0x0000000783100000,0x000000078324aaa8,0x0000000783280000)
  to   space 22016K, 0% used [0x0000000784480000,0x0000000784480000,0x0000000785a00000)
 ParOldGen       total 263680K, used 35110K [0x00000006c6a00000, 0x00000006d6b80000, 0x000000076ce00000)
  object space 263680K, 13% used [0x00000006c6a00000,0x00000006c8c49a38,0x00000006d6b80000)
 Metaspace       used 58720K, capacity 60026K, committed 60288K, reserved 1101824K
  class space    used 8263K, capacity 8552K, committed 8576K, reserved 1048576K
Event: 2316.200 GC heap after
Heap after GC invocations=15 (full 3):
 PSYoungGen      total 310784K, used 1770K [0x000000076ce00000, 0x0000000784680000, 0x00000007c0000000)
  eden space 308736K, 0% used [0x000000076ce00000,0x000000076ce00000,0x000000077fb80000)
  from space 2048K, 86% used [0x0000000784480000,0x000000078463abe8,0x0000000784680000)
  to   space 22016K, 0% used [0x0000000781b80000,0x0000000781b80000,0x0000000783100000)
 ParOldGen       total 263680K, used 35118K [0x00000006c6a00000, 0x00000006d6b80000, 0x000000076ce00000)
  object space 263680K, 13% used [0x00000006c6a00000,0x00000006c8c4ba38,0x00000006d6b80000)
 Metaspace       used 58720K, capacity 60026K, committed 60288K, reserved 1101824K
  class space    used 8263K, capacity 8552K, committed 8576K, reserved 1048576K
}

