# JRE version: Java(TM) SE Runtime Environment (8.0_20-b17) (build 1.8.0_20-ea-b17)
# Java VM: Java HotSpot(TM) 64-Bit Server VM (25.20-b17 mixed mode linux-amd64 compressed oops)
Heap:
 PSYoungGen      total 276992K, used 254261K [0x000000076ce00000, 0x0000000785f00000, 0x00000007c0000000)
  eden space 256512K, 99% used [0x000000076ce00000,0x000000077c64d438,0x000000077c880000)
  from space 20480K, 0% used [0x000000077c880000,0x000000077c880000,0x000000077dc80000)
  to   space 20992K, 0% used [0x0000000784a80000,0x0000000784a80000,0x0000000785f00000)
 ParOldGen       total 202752K, used 34607K [0x00000006c6a00000, 0x00000006d3000000, 0x000000076ce00000)
  object space 202752K, 17% used [0x00000006c6a00000,0x00000006c8bcbf28,0x00000006d3000000)
 Metaspace       used 58179K, capacity 59401K, committed 59644K, reserved 1099776K
  class space    used 8310K, capacity 8630K, committed 8704K, reserved 1048576K
GC Heap History (10 events):
Event: 5.562 GC heap before
{Heap before GC invocations=10 (full 2):
 PSYoungGen      total 161792K, used 146944K [0x000000076ce00000, 0x000000077ca00000, 0x00000007c0000000)
  eden space 146944K, 100% used [0x000000076ce00000,0x0000000775d80000,0x0000000775d80000)
  from space 14848K, 0% used [0x0000000775d80000,0x0000000775d80000,0x0000000776c00000)
  to   space 16384K, 0% used [0x000000077ba00000,0x000000077ba00000,0x000000077ca00000)
 ParOldGen       total 170496K, used 23527K [0x00000006c6a00000, 0x00000006d1080000, 0x000000076ce00000)
  object space 170496K, 13% used [0x00000006c6a00000,0x00000006c80f9cb0,0x00000006d1080000)
 Metaspace       used 39249K, capacity 39790K, committed 40192K, reserved 1083392K
  class space    used 5672K, capacity 5810K, committed 5888K, reserved 1048576K
Event: 5.570 GC heap after
Heap after GC invocations=10 (full 2):
 PSYoungGen      total 216064K, used 6082K [0x000000076ce00000, 0x000000077c000000, 0x00000007c0000000)
  eden space 209920K, 0% used [0x000000076ce00000,0x000000076ce00000,0x0000000779b00000)
  from space 6144K, 98% used [0x000000077ba00000,0x000000077bff0850,0x000000077c000000)
  to   space 15872K, 0% used [0x000000077a100000,0x000000077a100000,0x000000077b080000)
 ParOldGen       total 170496K, used 23535K [0x00000006c6a00000, 0x00000006d1080000, 0x000000076ce00000)
  object space 170496K, 13% used [0x00000006c6a00000,0x00000006c80fbcb0,0x00000006d1080000)
 Metaspace       used 39249K, capacity 39790K, committed 40192K, reserved 1083392K
  class space    used 5672K, capacity 5810K, committed 5888K, reserved 1048576K
}
Event: 7.653 GC heap before
{Heap before GC invocations=11 (full 2):
 PSYoungGen      total 216064K, used 216002K [0x000000076ce00000, 0x000000077c000000, 0x00000007c0000000)
  eden space 209920K, 100% used [0x000000076ce00000,0x0000000779b00000,0x0000000779b00000)
  from space 6144K, 98% used [0x000000077ba00000,0x000000077bff0850,0x000000077c000000)
  to   space 15872K, 0% used [0x000000077a100000,0x000000077a100000,0x000000077b080000)
 ParOldGen       total 170496K, used 23535K [0x00000006c6a00000, 0x00000006d1080000, 0x000000076ce00000)
  object space 170496K, 13% used [0x00000006c6a00000,0x00000006c80fbcb0,0x00000006d1080000)
 Metaspace       used 49746K, capacity 50330K, committed 50688K, reserved 1093632K
  class space    used 7162K, capacity 7300K, committed 7424K, reserved 1048576K
Event: 7.669 GC heap after
Heap after GC invocations=11 (full 2):
 PSYoungGen      total 231936K, used 15273K [0x000000076ce00000, 0x000000077ee00000, 0x00000007c0000000)
  eden space 216064K, 0% used [0x000000076ce00000,0x000000076ce00000,0x000000077a100000)
  from space 15872K, 96% used [0x000000077a100000,0x000000077afea4e0,0x000000077b080000)
  to   space 17920K, 0% used [0x000000077dc80000,0x000000077dc80000,0x000000077ee00000)
 ParOldGen       total 170496K, used 23543K [0x00000006c6a00000, 0x00000006d1080000, 0x000000076ce00000)
  object space 170496K, 13% used [0x00000006c6a00000,0x00000006c80fdcb0,0x00000006d1080000)
 Metaspace       used 49746K, capacity 50330K, committed 50688K, reserved 1093632K
  class space    used 7162K, capacity 7300K, committed 7424K, reserved 1048576K
}
Event: 20.340 GC heap before
{Heap before GC invocations=12 (full 2):
 PSYoungGen      total 231936K, used 231337K [0x000000076ce00000, 0x000000077ee00000, 0x00000007c0000000)
  eden space 216064K, 100% used [0x000000076ce00000,0x000000077a100000,0x000000077a100000)
  from space 15872K, 96% used [0x000000077a100000,0x000000077afea4e0,0x000000077b080000)
  to   space 17920K, 0% used [0x000000077dc80000,0x000000077dc80000,0x000000077ee00000)
 ParOldGen       total 170496K, used 23543K [0x00000006c6a00000, 0x00000006d1080000, 0x000000076ce00000)
  object space 170496K, 13% used [0x00000006c6a00000,0x00000006c80fdcb0,0x00000006d1080000)
 Metaspace       used 56900K, capacity 58036K, committed 58112K, reserved 1099776K
  class space    used 8187K, capacity 8435K, committed 8448K, reserved 1048576K
Event: 20.360 GC heap after
Heap after GC invocations=12 (full 2):
 PSYoungGen      total 274432K, used 17916K [0x000000076ce00000, 0x000000077f380000, 0x00000007c0000000)
  eden space 256512K, 0% used [0x000000076ce00000,0x000000076ce00000,0x000000077c880000)
  from space 17920K, 99% used [0x000000077dc80000,0x000000077edff028,0x000000077ee00000)
  to   space 20480K, 0% used [0x000000077c880000,0x000000077c880000,0x000000077dc80000)
 ParOldGen       total 170496K, used 25225K [0x00000006c6a00000, 0x00000006d1080000, 0x000000076ce00000)
  object space 170496K, 14% used [0x00000006c6a00000,0x00000006c82a2430,0x00000006d1080000)
 Metaspace       used 56900K, capacity 58036K, committed 58112K, reserved 1099776K
  class space    used 8187K, capacity 8435K, committed 8448K, reserved 1048576K
}
Event: 20.416 GC heap before
{Heap before GC invocations=13 (full 2):
 PSYoungGen      total 274432K, used 28478K [0x000000076ce00000, 0x000000077f380000, 0x00000007c0000000)
  eden space 256512K, 4% used [0x000000076ce00000,0x000000076d8509d0,0x000000077c880000)
  from space 17920K, 99% used [0x000000077dc80000,0x000000077edff028,0x000000077ee00000)
  to   space 20480K, 0% used [0x000000077c880000,0x000000077c880000,0x000000077dc80000)
 ParOldGen       total 170496K, used 25225K [0x00000006c6a00000, 0x00000006d1080000, 0x000000076ce00000)
  object space 170496K, 14% used [0x00000006c6a00000,0x00000006c82a2430,0x00000006d1080000)
 Metaspace       used 56998K, capacity 58119K, committed 58364K, reserved 1099776K
  class space    used 8194K, capacity 8448K, committed 8448K, reserved 1048576K
Event: 20.431 GC heap after
Heap after GC invocations=13 (full 2):
 PSYoungGen      total 276992K, used 15043K [0x000000076ce00000, 0x0000000785f00000, 0x00000007c0000000)
  eden space 256512K, 0% used [0x000000076ce00000,0x000000076ce00000,0x000000077c880000)
  from space 20480K, 73% used [0x000000077c880000,0x000000077d730f18,0x000000077dc80000)
  to   space 20992K, 0% used [0x0000000784a80000,0x0000000784a80000,0x0000000785f00000)
 ParOldGen       total 170496K, used 25233K [0x00000006c6a00000, 0x00000006d1080000, 0x000000076ce00000)
  object space 170496K, 14% used [0x00000006c6a00000,0x00000006c82a4430,0x00000006d1080000)
 Metaspace       used 56998K, capacity 58119K, committed 58364K, reserved 1099776K
  class space    used 8194K, capacity 8448K, committed 8448K, reserved 1048576K
}
Event: 20.431 GC heap before
{Heap before GC invocations=14 (full 3):
 PSYoungGen      total 276992K, used 15043K [0x000000076ce00000, 0x0000000785f00000, 0x00000007c0000000)
  eden space 256512K, 0% used [0x000000076ce00000,0x000000076ce00000,0x000000077c880000)
  from space 20480K, 73% used [0x000000077c880000,0x000000077d730f18,0x000000077dc80000)
  to   space 20992K, 0% used [0x0000000784a80000,0x0000000784a80000,0x0000000785f00000)
 ParOldGen       total 170496K, used 25233K [0x00000006c6a00000, 0x00000006d1080000, 0x000000076ce00000)
  object space 170496K, 14% used [0x00000006c6a00000,0x00000006c82a4430,0x00000006d1080000)
 Metaspace       used 56998K, capacity 58119K, committed 58364K, reserved 1099776K
  class space    used 8194K, capacity 8448K, committed 8448K, reserved 1048576K
Event: 20.655 GC heap after
Heap after GC invocations=14 (full 3):
 PSYoungGen      total 276992K, used 0K [0x000000076ce00000, 0x0000000785f00000, 0x00000007c0000000)
  eden space 256512K, 0% used [0x000000076ce00000,0x000000076ce00000,0x000000077c880000)
  from space 20480K, 0% used [0x000000077c880000,0x000000077c880000,0x000000077dc80000)
  to   space 20992K, 0% used [0x0000000784a80000,0x0000000784a80000,0x0000000785f00000)
 ParOldGen       total 202752K, used 34607K [0x00000006c6a00000, 0x00000006d3000000, 0x000000076ce00000)
  object space 202752K, 17% used [0x00000006c6a00000,0x00000006c8bcbf28,0x00000006d3000000)
 Metaspace       used 56938K, capacity 58035K, committed 58364K, reserved 1099776K
  class space    used 8193K, capacity 8444K, committed 8448K, reserved 1048576K
}

