# JRE version: Java(TM) SE Runtime Environment (8.0_20-b17) (build 1.8.0_20-ea-b17)
# Java VM: Java HotSpot(TM) 64-Bit Server VM (25.20-b17 mixed mode linux-amd64 compressed oops)
Heap:
 PSYoungGen      total 241664K, used 63247K [0x000000076ce00000, 0x000000077f200000, 0x00000007c0000000)
  eden space 219648K, 28% used [0x000000076ce00000,0x0000000770bc3f78,0x000000077a480000)
  from space 22016K, 0% used [0x000000077a480000,0x000000077a480000,0x000000077ba00000)
  to   space 22528K, 0% used [0x000000077dc00000,0x000000077dc00000,0x000000077f200000)
 ParOldGen       total 259584K, used 35100K [0x00000006c6a00000, 0x00000006d6780000, 0x000000076ce00000)
  object space 259584K, 13% used [0x00000006c6a00000,0x00000006c8c47010,0x00000006d6780000)
 Metaspace       used 57615K, capacity 58743K, committed 59004K, reserved 1099776K
  class space    used 8196K, capacity 8445K, committed 8576K, reserved 1048576K
GC Heap History (10 events):
Event: 5.599 GC heap before
{Heap before GC invocations=10 (full 2):
 PSYoungGen      total 150528K, used 135680K [0x000000076ce00000, 0x000000077ac80000, 0x00000007c0000000)
  eden space 135680K, 100% used [0x000000076ce00000,0x0000000775280000,0x0000000775280000)
  from space 14848K, 0% used [0x0000000775280000,0x0000000775280000,0x0000000776100000)
  to   space 15872K, 0% used [0x0000000779d00000,0x0000000779d00000,0x000000077ac80000)
 ParOldGen       total 182272K, used 23532K [0x00000006c6a00000, 0x00000006d1c00000, 0x000000076ce00000)
  object space 182272K, 12% used [0x00000006c6a00000,0x00000006c80fb2b0,0x00000006d1c00000)
 Metaspace       used 39172K, capacity 39726K, committed 39936K, reserved 1083392K
  class space    used 5666K, capacity 5810K, committed 5888K, reserved 1048576K
Event: 5.606 GC heap after
Heap after GC invocations=10 (full 2):
 PSYoungGen      total 191488K, used 5744K [0x000000076ce00000, 0x000000077a300000, 0x00000007c0000000)
  eden space 185344K, 0% used [0x000000076ce00000,0x000000076ce00000,0x0000000778300000)
  from space 6144K, 93% used [0x0000000779d00000,0x000000077a29c060,0x000000077a300000)
  to   space 16384K, 0% used [0x0000000778300000,0x0000000778300000,0x0000000779300000)
 ParOldGen       total 182272K, used 23540K [0x00000006c6a00000, 0x00000006d1c00000, 0x000000076ce00000)
  object space 182272K, 12% used [0x00000006c6a00000,0x00000006c80fd2b0,0x00000006d1c00000)
 Metaspace       used 39172K, capacity 39726K, committed 39936K, reserved 1083392K
  class space    used 5666K, capacity 5810K, committed 5888K, reserved 1048576K
}
Event: 6.922 GC heap before
{Heap before GC invocations=11 (full 2):
 PSYoungGen      total 191488K, used 191088K [0x000000076ce00000, 0x000000077a300000, 0x00000007c0000000)
  eden space 185344K, 100% used [0x000000076ce00000,0x0000000778300000,0x0000000778300000)
  from space 6144K, 93% used [0x0000000779d00000,0x000000077a29c060,0x000000077a300000)
  to   space 16384K, 0% used [0x0000000778300000,0x0000000778300000,0x0000000779300000)
 ParOldGen       total 182272K, used 23540K [0x00000006c6a00000, 0x00000006d1c00000, 0x000000076ce00000)
  object space 182272K, 12% used [0x00000006c6a00000,0x00000006c80fd2b0,0x00000006d1c00000)
 Metaspace       used 44671K, capacity 45234K, committed 45440K, reserved 1087488K
  class space    used 6612K, capacity 6744K, committed 6784K, reserved 1048576K
Event: 6.937 GC heap after
Heap after GC invocations=11 (full 2):
 PSYoungGen      total 201728K, used 16372K [0x000000076ce00000, 0x000000077cf80000, 0x00000007c0000000)
  eden space 185344K, 0% used [0x000000076ce00000,0x000000076ce00000,0x0000000778300000)
  from space 16384K, 99% used [0x0000000778300000,0x00000007792fd060,0x0000000779300000)
  to   space 18944K, 0% used [0x000000077bd00000,0x000000077bd00000,0x000000077cf80000)
 ParOldGen       total 182272K, used 25462K [0x00000006c6a00000, 0x00000006d1c00000, 0x000000076ce00000)
  object space 182272K, 13% used [0x00000006c6a00000,0x00000006c82dda80,0x00000006d1c00000)
 Metaspace       used 44671K, capacity 45234K, committed 45440K, reserved 1087488K
  class space    used 6612K, capacity 6744K, committed 6784K, reserved 1048576K
}
Event: 18.715 GC heap before
{Heap before GC invocations=12 (full 2):
 PSYoungGen      total 201728K, used 201716K [0x000000076ce00000, 0x000000077cf80000, 0x00000007c0000000)
  eden space 185344K, 100% used [0x000000076ce00000,0x0000000778300000,0x0000000778300000)
  from space 16384K, 99% used [0x0000000778300000,0x00000007792fd060,0x0000000779300000)
  to   space 18944K, 0% used [0x000000077bd00000,0x000000077bd00000,0x000000077cf80000)
 ParOldGen       total 182272K, used 25462K [0x00000006c6a00000, 0x00000006d1c00000, 0x000000076ce00000)
  object space 182272K, 13% used [0x00000006c6a00000,0x00000006c82dda80,0x00000006d1c00000)
 Metaspace       used 56463K, capacity 57560K, committed 57856K, reserved 1099776K
  class space    used 8096K, capacity 8345K, committed 8448K, reserved 1048576K
Event: 18.734 GC heap after
Heap after GC invocations=12 (full 2):
 PSYoungGen      total 238592K, used 18927K [0x000000076ce00000, 0x000000077cf80000, 0x00000007c0000000)
  eden space 219648K, 0% used [0x000000076ce00000,0x000000076ce00000,0x000000077a480000)
  from space 18944K, 99% used [0x000000077bd00000,0x000000077cf7bfd0,0x000000077cf80000)
  to   space 22016K, 0% used [0x000000077a480000,0x000000077a480000,0x000000077ba00000)
 ParOldGen       total 182272K, used 27588K [0x00000006c6a00000, 0x00000006d1c00000, 0x000000076ce00000)
  object space 182272K, 15% used [0x00000006c6a00000,0x00000006c84f1378,0x00000006d1c00000)
 Metaspace       used 56463K, capacity 57560K, committed 57856K, reserved 1099776K
  class space    used 8096K, capacity 8345K, committed 8448K, reserved 1048576K
}
Event: 28.266 GC heap before
{Heap before GC invocations=13 (full 2):
 PSYoungGen      total 238592K, used 175478K [0x000000076ce00000, 0x000000077cf80000, 0x00000007c0000000)
  eden space 219648K, 71% used [0x000000076ce00000,0x00000007766e1868,0x000000077a480000)
  from space 18944K, 99% used [0x000000077bd00000,0x000000077cf7bfd0,0x000000077cf80000)
  to   space 22016K, 0% used [0x000000077a480000,0x000000077a480000,0x000000077ba00000)
 ParOldGen       total 182272K, used 27588K [0x00000006c6a00000, 0x00000006d1c00000, 0x000000076ce00000)
  object space 182272K, 15% used [0x00000006c6a00000,0x00000006c84f1378,0x00000006d1c00000)
 Metaspace       used 57168K, capacity 58319K, committed 58364K, reserved 1099776K
  class space    used 8160K, capacity 8403K, committed 8448K, reserved 1048576K
Event: 28.285 GC heap after
Heap after GC invocations=13 (full 2):
 PSYoungGen      total 241664K, used 15608K [0x000000076ce00000, 0x000000077f200000, 0x00000007c0000000)
  eden space 219648K, 0% used [0x000000076ce00000,0x000000076ce00000,0x000000077a480000)
  from space 22016K, 70% used [0x000000077a480000,0x000000077b3be0c8,0x000000077ba00000)
  to   space 22528K, 0% used [0x000000077dc00000,0x000000077dc00000,0x000000077f200000)
 ParOldGen       total 182272K, used 27596K [0x00000006c6a00000, 0x00000006d1c00000, 0x000000076ce00000)
  object space 182272K, 15% used [0x00000006c6a00000,0x00000006c84f3378,0x00000006d1c00000)
 Metaspace       used 57168K, capacity 58319K, committed 58364K, reserved 1099776K
  class space    used 8160K, capacity 8403K, committed 8448K, reserved 1048576K
}
Event: 28.285 GC heap before
{Heap before GC invocations=14 (full 3):
 PSYoungGen      total 241664K, used 15608K [0x000000076ce00000, 0x000000077f200000, 0x00000007c0000000)
  eden space 219648K, 0% used [0x000000076ce00000,0x000000076ce00000,0x000000077a480000)
  from space 22016K, 70% used [0x000000077a480000,0x000000077b3be0c8,0x000000077ba00000)
  to   space 22528K, 0% used [0x000000077dc00000,0x000000077dc00000,0x000000077f200000)
 ParOldGen       total 182272K, used 27596K [0x00000006c6a00000, 0x00000006d1c00000, 0x000000076ce00000)
  object space 182272K, 15% used [0x00000006c6a00000,0x00000006c84f3378,0x00000006d1c00000)
 Metaspace       used 57168K, capacity 58319K, committed 58364K, reserved 1099776K
  class space    used 8160K, capacity 8403K, committed 8448K, reserved 1048576K
Event: 28.485 GC heap after
Heap after GC invocations=14 (full 3):
 PSYoungGen      total 241664K, used 0K [0x000000076ce00000, 0x000000077f200000, 0x00000007c0000000)
  eden space 219648K, 0% used [0x000000076ce00000,0x000000076ce00000,0x000000077a480000)
  from space 22016K, 0% used [0x000000077a480000,0x000000077a480000,0x000000077ba00000)
  to   space 22528K, 0% used [0x000000077dc00000,0x000000077dc00000,0x000000077f200000)
 ParOldGen       total 259584K, used 35100K [0x00000006c6a00000, 0x00000006d6780000, 0x000000076ce00000)
  object space 259584K, 13% used [0x00000006c6a00000,0x00000006c8c47010,0x00000006d6780000)
 Metaspace       used 57108K, capacity 58235K, committed 58364K, reserved 1099776K
  class space    used 8158K, capacity 8399K, committed 8448K, reserved 1048576K
}

