# JRE version: Java(TM) SE Runtime Environment (8.0_20-b17) (build 1.8.0_20-ea-b17)
# Java VM: Java HotSpot(TM) 64-Bit Server VM (25.20-b17 mixed mode linux-amd64 compressed oops)
Heap:
 PSYoungGen      total 270848K, used 223695K [0x000000076ce00000, 0x000000077eb80000, 0x00000007c0000000)
  eden space 251392K, 88% used [0x000000076ce00000,0x000000077a626188,0x000000077c380000)
  from space 19456K, 12% used [0x000000077d880000,0x000000077dacdae0,0x000000077eb80000)
  to   space 20480K, 0% used [0x000000077c380000,0x000000077c380000,0x000000077d780000)
 ParOldGen       total 259584K, used 34700K [0x00000006c6a00000, 0x00000006d6780000, 0x000000076ce00000)
  object space 259584K, 13% used [0x00000006c6a00000,0x00000006c8be31e8,0x00000006d6780000)
 Metaspace       used 59615K, capacity 60802K, committed 60904K, reserved 1101824K
  class space    used 8375K, capacity 8660K, committed 8704K, reserved 1048576K
GC Heap History (10 events):
Event: 6.681 GC heap before
{Heap before GC invocations=11 (full 2):
 PSYoungGen      total 193024K, used 191257K [0x000000076ce00000, 0x000000077a300000, 0x00000007c0000000)
  eden space 185344K, 100% used [0x000000076ce00000,0x0000000778300000,0x0000000778300000)
  from space 7680K, 77% used [0x0000000779b80000,0x000000077a1466d0,0x000000077a300000)
  to   space 16384K, 0% used [0x0000000778300000,0x0000000778300000,0x0000000779300000)
 ParOldGen       total 182272K, used 23671K [0x00000006c6a00000, 0x00000006d1c00000, 0x000000076ce00000)
  object space 182272K, 12% used [0x00000006c6a00000,0x00000006c811dcf8,0x00000006d1c00000)
 Metaspace       used 44764K, capacity 45298K, committed 45696K, reserved 1087488K
  class space    used 6625K, capacity 6744K, committed 6784K, reserved 1048576K
Event: 6.690 GC heap after
Heap after GC invocations=11 (full 2):
 PSYoungGen      total 201728K, used 10516K [0x000000076ce00000, 0x000000077c880000, 0x00000007c0000000)
  eden space 185344K, 0% used [0x000000076ce00000,0x000000076ce00000,0x0000000778300000)
  from space 16384K, 64% used [0x0000000778300000,0x0000000778d45088,0x0000000779300000)
  to   space 15872K, 0% used [0x000000077b900000,0x000000077b900000,0x000000077c880000)
 ParOldGen       total 182272K, used 23679K [0x00000006c6a00000, 0x00000006d1c00000, 0x000000076ce00000)
  object space 182272K, 12% used [0x00000006c6a00000,0x00000006c811fcf8,0x00000006d1c00000)
 Metaspace       used 44764K, capacity 45298K, committed 45696K, reserved 1087488K
  class space    used 6625K, capacity 6744K, committed 6784K, reserved 1048576K
}
Event: 25.109 GC heap before
{Heap before GC invocations=12 (full 2):
 PSYoungGen      total 201728K, used 195860K [0x000000076ce00000, 0x000000077c880000, 0x00000007c0000000)
  eden space 185344K, 100% used [0x000000076ce00000,0x0000000778300000,0x0000000778300000)
  from space 16384K, 64% used [0x0000000778300000,0x0000000778d45088,0x0000000779300000)
  to   space 15872K, 0% used [0x000000077b900000,0x000000077b900000,0x000000077c880000)
 ParOldGen       total 182272K, used 23679K [0x00000006c6a00000, 0x00000006d1c00000, 0x000000076ce00000)
  object space 182272K, 12% used [0x00000006c6a00000,0x00000006c811fcf8,0x00000006d1c00000)
 Metaspace       used 56275K, capacity 57358K, committed 57600K, reserved 1097728K
  class space    used 8150K, capacity 8407K, committed 8448K, reserved 1048576K
Event: 25.130 GC heap after
Heap after GC invocations=12 (full 2):
 PSYoungGen      total 234496K, used 15863K [0x000000076ce00000, 0x000000077c980000, 0x00000007c0000000)
  eden space 218624K, 0% used [0x000000076ce00000,0x000000076ce00000,0x000000077a380000)
  from space 15872K, 99% used [0x000000077b900000,0x000000077c87df28,0x000000077c880000)
  to   space 19456K, 0% used [0x000000077a380000,0x000000077a380000,0x000000077b680000)
 ParOldGen       total 182272K, used 27822K [0x00000006c6a00000, 0x00000006d1c00000, 0x000000076ce00000)
  object space 182272K, 15% used [0x00000006c6a00000,0x00000006c852b8b0,0x00000006d1c00000)
 Metaspace       used 56275K, capacity 57358K, committed 57600K, reserved 1097728K
  class space    used 8150K, capacity 8407K, committed 8448K, reserved 1048576K
}
Event: 31.512 GC heap before
{Heap before GC invocations=13 (full 2):
 PSYoungGen      total 234496K, used 228273K [0x000000076ce00000, 0x000000077c980000, 0x00000007c0000000)
  eden space 218624K, 97% used [0x000000076ce00000,0x0000000779d6e770,0x000000077a380000)
  from space 15872K, 99% used [0x000000077b900000,0x000000077c87df28,0x000000077c880000)
  to   space 19456K, 0% used [0x000000077a380000,0x000000077a380000,0x000000077b680000)
 ParOldGen       total 182272K, used 27822K [0x00000006c6a00000, 0x00000006d1c00000, 0x000000076ce00000)
  object space 182272K, 15% used [0x00000006c6a00000,0x00000006c852b8b0,0x00000006d1c00000)
 Metaspace       used 57170K, capacity 58362K, committed 58472K, reserved 1099776K
  class space    used 8229K, capacity 8521K, committed 8576K, reserved 1048576K
Event: 31.532 GC heap after
Heap after GC invocations=13 (full 2):
 PSYoungGen      total 238080K, used 15140K [0x000000076ce00000, 0x000000077ec00000, 0x00000007c0000000)
  eden space 218624K, 0% used [0x000000076ce00000,0x000000076ce00000,0x000000077a380000)
  from space 19456K, 77% used [0x000000077a380000,0x000000077b249148,0x000000077b680000)
  to   space 19968K, 0% used [0x000000077d880000,0x000000077d880000,0x000000077ec00000)
 ParOldGen       total 182272K, used 27830K [0x00000006c6a00000, 0x00000006d1c00000, 0x000000076ce00000)
  object space 182272K, 15% used [0x00000006c6a00000,0x00000006c852d8b0,0x00000006d1c00000)
 Metaspace       used 57170K, capacity 58362K, committed 58472K, reserved 1099776K
  class space    used 8229K, capacity 8521K, committed 8576K, reserved 1048576K
}
Event: 31.532 GC heap before
{Heap before GC invocations=14 (full 3):
 PSYoungGen      total 238080K, used 15140K [0x000000076ce00000, 0x000000077ec00000, 0x00000007c0000000)
  eden space 218624K, 0% used [0x000000076ce00000,0x000000076ce00000,0x000000077a380000)
  from space 19456K, 77% used [0x000000077a380000,0x000000077b249148,0x000000077b680000)
  to   space 19968K, 0% used [0x000000077d880000,0x000000077d880000,0x000000077ec00000)
 ParOldGen       total 182272K, used 27830K [0x00000006c6a00000, 0x00000006d1c00000, 0x000000076ce00000)
  object space 182272K, 15% used [0x00000006c6a00000,0x00000006c852d8b0,0x00000006d1c00000)
 Metaspace       used 57170K, capacity 58362K, committed 58472K, reserved 1099776K
  class space    used 8229K, capacity 8521K, committed 8576K, reserved 1048576K
Event: 31.770 GC heap after
Heap after GC invocations=14 (full 3):
 PSYoungGen      total 238080K, used 0K [0x000000076ce00000, 0x000000077ec00000, 0x00000007c0000000)
  eden space 218624K, 0% used [0x000000076ce00000,0x000000076ce00000,0x000000077a380000)
  from space 19456K, 0% used [0x000000077a380000,0x000000077a380000,0x000000077b680000)
  to   space 19968K, 0% used [0x000000077d880000,0x000000077d880000,0x000000077ec00000)
 ParOldGen       total 259584K, used 34692K [0x00000006c6a00000, 0x00000006d6780000, 0x000000076ce00000)
  object space 259584K, 13% used [0x00000006c6a00000,0x00000006c8be11e8,0x00000006d6780000)
 Metaspace       used 57100K, capacity 58264K, committed 58472K, reserved 1099776K
  class space    used 8227K, capacity 8515K, committed 8576K, reserved 1048576K
}
Event: 194.413 GC heap before
{Heap before GC invocations=15 (full 3):
 PSYoungGen      total 238080K, used 218624K [0x000000076ce00000, 0x000000077ec00000, 0x00000007c0000000)
  eden space 218624K, 100% used [0x000000076ce00000,0x000000077a380000,0x000000077a380000)
  from space 19456K, 0% used [0x000000077a380000,0x000000077a380000,0x000000077b680000)
  to   space 19968K, 0% used [0x000000077d880000,0x000000077d880000,0x000000077ec00000)
 ParOldGen       total 259584K, used 34692K [0x00000006c6a00000, 0x00000006d6780000, 0x000000076ce00000)
  object space 259584K, 13% used [0x00000006c6a00000,0x00000006c8be11e8,0x00000006d6780000)
 Metaspace       used 59064K, capacity 60292K, committed 60648K, reserved 1101824K
  class space    used 8350K, capacity 8623K, committed 8704K, reserved 1048576K
Event: 194.419 GC heap after
Heap after GC invocations=15 (full 3):
 PSYoungGen      total 270848K, used 2358K [0x000000076ce00000, 0x000000077eb80000, 0x00000007c0000000)
  eden space 251392K, 0% used [0x000000076ce00000,0x000000076ce00000,0x000000077c380000)
  from space 19456K, 12% used [0x000000077d880000,0x000000077dacdae0,0x000000077eb80000)
  to   space 20480K, 0% used [0x000000077c380000,0x000000077c380000,0x000000077d780000)
 ParOldGen       total 259584K, used 34700K [0x00000006c6a00000, 0x00000006d6780000, 0x000000076ce00000)
  object space 259584K, 13% used [0x00000006c6a00000,0x00000006c8be31e8,0x00000006d6780000)
 Metaspace       used 59064K, capacity 60292K, committed 60648K, reserved 1101824K
  class space    used 8350K, capacity 8623K, committed 8704K, reserved 1048576K
}

