# JRE version: Java(TM) SE Runtime Environment (8.0_20-b17) (build 1.8.0_20-ea-b17)
# Java VM: Java HotSpot(TM) 64-Bit Server VM (25.20-b17 mixed mode linux-amd64 compressed oops)
Heap:
 PSYoungGen      total 238080K, used 167094K [0x000000076ce00000, 0x000000077cd80000, 0x00000007c0000000)
  eden space 226816K, 68% used [0x000000076ce00000,0x0000000776657920,0x000000077ab80000)
  from space 11264K, 98% used [0x000000077c280000,0x000000077cd56110,0x000000077cd80000)
  to   space 16384K, 0% used [0x000000077ad80000,0x000000077ad80000,0x000000077bd80000)
 ParOldGen       total 177664K, used 23639K [0x00000006c6a00000, 0x00000006d1780000, 0x000000076ce00000)
  object space 177664K, 13% used [0x00000006c6a00000,0x00000006c8115f38,0x00000006d1780000)
 Metaspace       used 51131K, capacity 52328K, committed 52608K, reserved 1093632K
  class space    used 7243K, capacity 7521K, committed 7552K, reserved 1048576K
GC Heap History (10 events):
Event: 4.586 GC heap before
{Heap before GC invocations=8 (full 1):
 PSYoungGen      total 155648K, used 123276K [0x000000076ce00000, 0x000000077a100000, 0x00000007c0000000)
  eden space 140800K, 83% used [0x000000076ce00000,0x000000077407f810,0x0000000775780000)
  from space 14848K, 40% used [0x0000000776600000,0x0000000776be3a90,0x0000000777480000)
  to   space 14848K, 0% used [0x0000000775780000,0x0000000775780000,0x0000000776600000)
 ParOldGen       total 111104K, used 12811K [0x00000006c6a00000, 0x00000006cd680000, 0x000000076ce00000)
  object space 111104K, 11% used [0x00000006c6a00000,0x00000006c7682e50,0x00000006cd680000)
 Metaspace       used 34696K, capacity 35114K, committed 35320K, reserved 1079296K
  class space    used 4560K, capacity 4673K, committed 4736K, reserved 1048576K
Event: 4.596 GC heap after
Heap after GC invocations=8 (full 1):
 PSYoungGen      total 155648K, used 13121K [0x000000076ce00000, 0x000000077b680000, 0x00000007c0000000)
  eden space 140800K, 0% used [0x000000076ce00000,0x000000076ce00000,0x0000000775780000)
  from space 14848K, 88% used [0x0000000775780000,0x0000000776450570,0x0000000776600000)
  to   space 16384K, 0% used [0x000000077a680000,0x000000077a680000,0x000000077b680000)
 ParOldGen       total 111104K, used 12819K [0x00000006c6a00000, 0x00000006cd680000, 0x000000076ce00000)
  object space 111104K, 11% used [0x00000006c6a00000,0x00000006c7684e50,0x00000006cd680000)
 Metaspace       used 34696K, capacity 35114K, committed 35320K, reserved 1079296K
  class space    used 4560K, capacity 4673K, committed 4736K, reserved 1048576K
}
Event: 4.596 GC heap before
{Heap before GC invocations=9 (full 2):
 PSYoungGen      total 155648K, used 13121K [0x000000076ce00000, 0x000000077b680000, 0x00000007c0000000)
  eden space 140800K, 0% used [0x000000076ce00000,0x000000076ce00000,0x0000000775780000)
  from space 14848K, 88% used [0x0000000775780000,0x0000000776450570,0x0000000776600000)
  to   space 16384K, 0% used [0x000000077a680000,0x000000077a680000,0x000000077b680000)
 ParOldGen       total 111104K, used 12819K [0x00000006c6a00000, 0x00000006cd680000, 0x000000076ce00000)
  object space 111104K, 11% used [0x00000006c6a00000,0x00000006c7684e50,0x00000006cd680000)
 Metaspace       used 34696K, capacity 35114K, committed 35320K, reserved 1079296K
  class space    used 4560K, capacity 4673K, committed 4736K, reserved 1048576K
Event: 4.659 GC heap after
Heap after GC invocations=9 (full 2):
 PSYoungGen      total 155648K, used 0K [0x000000076ce00000, 0x000000077b680000, 0x00000007c0000000)
  eden space 140800K, 0% used [0x000000076ce00000,0x000000076ce00000,0x0000000775780000)
  from space 14848K, 0% used [0x0000000775780000,0x0000000775780000,0x0000000776600000)
  to   space 16384K, 0% used [0x000000077a680000,0x000000077a680000,0x000000077b680000)
 ParOldGen       total 177664K, used 23615K [0x00000006c6a00000, 0x00000006d1780000, 0x000000076ce00000)
  object space 177664K, 13% used [0x00000006c6a00000,0x00000006c810ff38,0x00000006d1780000)
 Metaspace       used 34696K, capacity 35114K, committed 35320K, reserved 1079296K
  class space    used 4560K, capacity 4673K, committed 4736K, reserved 1048576K
}
Event: 5.428 GC heap before
{Heap before GC invocations=10 (full 2):
 PSYoungGen      total 155648K, used 140800K [0x000000076ce00000, 0x000000077b680000, 0x00000007c0000000)
  eden space 140800K, 100% used [0x000000076ce00000,0x0000000775780000,0x0000000775780000)
  from space 14848K, 0% used [0x0000000775780000,0x0000000775780000,0x0000000776600000)
  to   space 16384K, 0% used [0x000000077a680000,0x000000077a680000,0x000000077b680000)
 ParOldGen       total 177664K, used 23615K [0x00000006c6a00000, 0x00000006d1780000, 0x000000076ce00000)
  object space 177664K, 13% used [0x00000006c6a00000,0x00000006c810ff38,0x00000006d1780000)
 Metaspace       used 38598K, capacity 39208K, committed 39552K, reserved 1083392K
  class space    used 5605K, capacity 5745K, committed 5760K, reserved 1048576K
Event: 5.436 GC heap after
Heap after GC invocations=10 (full 2):
 PSYoungGen      total 201216K, used 4780K [0x000000076ce00000, 0x000000077ac80000, 0x00000007c0000000)
  eden space 195072K, 0% used [0x000000076ce00000,0x000000076ce00000,0x0000000778c80000)
  from space 6144K, 77% used [0x000000077a680000,0x000000077ab2b140,0x000000077ac80000)
  to   space 16384K, 0% used [0x0000000778c80000,0x0000000778c80000,0x0000000779c80000)
 ParOldGen       total 177664K, used 23623K [0x00000006c6a00000, 0x00000006d1780000, 0x000000076ce00000)
  object space 177664K, 13% used [0x00000006c6a00000,0x00000006c8111f38,0x00000006d1780000)
 Metaspace       used 38598K, capacity 39208K, committed 39552K, reserved 1083392K
  class space    used 5605K, capacity 5745K, committed 5760K, reserved 1048576K
}
Event: 12.807 GC heap before
{Heap before GC invocations=11 (full 2):
 PSYoungGen      total 201216K, used 199852K [0x000000076ce00000, 0x000000077ac80000, 0x00000007c0000000)
  eden space 195072K, 100% used [0x000000076ce00000,0x0000000778c80000,0x0000000778c80000)
  from space 6144K, 77% used [0x000000077a680000,0x000000077ab2b140,0x000000077ac80000)
  to   space 16384K, 0% used [0x0000000778c80000,0x0000000778c80000,0x0000000779c80000)
 ParOldGen       total 177664K, used 23623K [0x00000006c6a00000, 0x00000006d1780000, 0x000000076ce00000)
  object space 177664K, 13% used [0x00000006c6a00000,0x00000006c8111f38,0x00000006d1780000)
 Metaspace       used 47007K, capacity 47566K, committed 48000K, reserved 1089536K
  class space    used 6748K, capacity 6914K, committed 7040K, reserved 1048576K
Event: 12.819 GC heap after
Heap after GC invocations=11 (full 2):
 PSYoungGen      total 211456K, used 10920K [0x000000076ce00000, 0x000000077d280000, 0x00000007c0000000)
  eden space 195072K, 0% used [0x000000076ce00000,0x000000076ce00000,0x0000000778c80000)
  from space 16384K, 66% used [0x0000000778c80000,0x000000077972a100,0x0000000779c80000)
  to   space 16384K, 0% used [0x000000077c280000,0x000000077c280000,0x000000077d280000)
 ParOldGen       total 177664K, used 23631K [0x00000006c6a00000, 0x00000006d1780000, 0x000000076ce00000)
  object space 177664K, 13% used [0x00000006c6a00000,0x00000006c8113f38,0x00000006d1780000)
 Metaspace       used 47007K, capacity 47566K, committed 48000K, reserved 1089536K
  class space    used 6748K, capacity 6914K, committed 7040K, reserved 1048576K
}
Event: 163.552 GC heap before
{Heap before GC invocations=12 (full 2):
 PSYoungGen      total 211456K, used 205992K [0x000000076ce00000, 0x000000077d280000, 0x00000007c0000000)
  eden space 195072K, 100% used [0x000000076ce00000,0x0000000778c80000,0x0000000778c80000)
  from space 16384K, 66% used [0x0000000778c80000,0x000000077972a100,0x0000000779c80000)
  to   space 16384K, 0% used [0x000000077c280000,0x000000077c280000,0x000000077d280000)
 ParOldGen       total 177664K, used 23631K [0x00000006c6a00000, 0x00000006d1780000, 0x000000076ce00000)
  object space 177664K, 13% used [0x00000006c6a00000,0x00000006c8113f38,0x00000006d1780000)
 Metaspace       used 50620K, capacity 51812K, committed 52096K, reserved 1093632K
  class space    used 7217K, capacity 7483K, committed 7552K, reserved 1048576K
Event: 163.563 GC heap after
Heap after GC invocations=12 (full 2):
 PSYoungGen      total 238080K, used 11096K [0x000000076ce00000, 0x000000077cd80000, 0x00000007c0000000)
  eden space 226816K, 0% used [0x000000076ce00000,0x000000076ce00000,0x000000077ab80000)
  from space 11264K, 98% used [0x000000077c280000,0x000000077cd56110,0x000000077cd80000)
  to   space 16384K, 0% used [0x000000077ad80000,0x000000077ad80000,0x000000077bd80000)
 ParOldGen       total 177664K, used 23639K [0x00000006c6a00000, 0x00000006d1780000, 0x000000076ce00000)
  object space 177664K, 13% used [0x00000006c6a00000,0x00000006c8115f38,0x00000006d1780000)
 Metaspace       used 50620K, capacity 51812K, committed 52096K, reserved 1093632K
  class space    used 7217K, capacity 7483K, committed 7552K, reserved 1048576K
}

