# JRE version: Java(TM) SE Runtime Environment (8.0_20-b17) (build 1.8.0_20-ea-b17)
# Java VM: Java HotSpot(TM) 64-Bit Server VM (25.20-b17 mixed mode linux-amd64 compressed oops)
Heap:
 PSYoungGen      total 193536K, used 115505K [0x000000076ce00000, 0x0000000779b80000, 0x00000007c0000000)
  eden space 184832K, 60% used [0x000000076ce00000,0x0000000773b68948,0x0000000778280000)
  from space 8704K, 39% used [0x0000000779300000,0x0000000779663d90,0x0000000779b80000)
  to   space 12800K, 0% used [0x0000000778280000,0x0000000778280000,0x0000000778f00000)
 ParOldGen       total 256512K, used 41314K [0x00000006c6a00000, 0x00000006d6480000, 0x000000076ce00000)
  object space 256512K, 16% used [0x00000006c6a00000,0x00000006c9258b80,0x00000006d6480000)
 Metaspace       used 60810K, capacity 62264K, committed 62592K, reserved 1103872K
  class space    used 8407K, capacity 8733K, committed 8832K, reserved 1048576K
GC Heap History (10 events):
Event: 3915.790 GC heap before
{Heap before GC invocations=25 (full 3):
 PSYoungGen      total 212480K, used 212376K [0x000000076ce00000, 0x000000077b680000, 0x00000007c0000000)
  eden space 207360K, 100% used [0x000000076ce00000,0x0000000779880000,0x0000000779880000)
  from space 5120K, 97% used [0x0000000779d80000,0x000000077a266030,0x000000077a280000)
  to   space 15360K, 0% used [0x000000077a780000,0x000000077a780000,0x000000077b680000)
 ParOldGen       total 256512K, used 39769K [0x00000006c6a00000, 0x00000006d6480000, 0x000000076ce00000)
  object space 256512K, 15% used [0x00000006c6a00000,0x00000006c90d6518,0x00000006d6480000)
 Metaspace       used 60541K, capacity 61928K, committed 61952K, reserved 1101824K
  class space    used 8385K, capacity 8693K, committed 8704K, reserved 1048576K
Event: 3915.796 GC heap after
Heap after GC invocations=25 (full 3):
 PSYoungGen      total 210432K, used 5048K [0x000000076ce00000, 0x000000077af80000, 0x00000007c0000000)
  eden space 202240K, 0% used [0x000000076ce00000,0x000000076ce00000,0x0000000779380000)
  from space 8192K, 61% used [0x000000077a780000,0x000000077ac6e000,0x000000077af80000)
  to   space 14336K, 0% used [0x0000000779380000,0x0000000779380000,0x000000077a180000)
 ParOldGen       total 256512K, used 39777K [0x00000006c6a00000, 0x00000006d6480000, 0x000000076ce00000)
  object space 256512K, 15% used [0x00000006c6a00000,0x00000006c90d8518,0x00000006d6480000)
 Metaspace       used 60541K, capacity 61928K, committed 61952K, reserved 1101824K
  class space    used 8385K, capacity 8693K, committed 8704K, reserved 1048576K
}
Event: 4234.172 GC heap before
{Heap before GC invocations=26 (full 3):
 PSYoungGen      total 210432K, used 207288K [0x000000076ce00000, 0x000000077af80000, 0x00000007c0000000)
  eden space 202240K, 100% used [0x000000076ce00000,0x0000000779380000,0x0000000779380000)
  from space 8192K, 61% used [0x000000077a780000,0x000000077ac6e000,0x000000077af80000)
  to   space 14336K, 0% used [0x0000000779380000,0x0000000779380000,0x000000077a180000)
 ParOldGen       total 256512K, used 39777K [0x00000006c6a00000, 0x00000006d6480000, 0x000000076ce00000)
  object space 256512K, 15% used [0x00000006c6a00000,0x00000006c90d8518,0x00000006d6480000)
 Metaspace       used 60544K, capacity 61928K, committed 61952K, reserved 1101824K
  class space    used 8385K, capacity 8693K, committed 8704K, reserved 1048576K
Event: 4234.185 GC heap after
Heap after GC invocations=26 (full 3):
 PSYoungGen      total 202752K, used 5016K [0x000000076ce00000, 0x000000077aa00000, 0x00000007c0000000)
  eden space 197632K, 0% used [0x000000076ce00000,0x000000076ce00000,0x0000000778f00000)
  from space 5120K, 97% used [0x0000000779380000,0x0000000779866010,0x0000000779880000)
  to   space 13824K, 0% used [0x0000000779c80000,0x0000000779c80000,0x000000077aa00000)
 ParOldGen       total 256512K, used 39777K [0x00000006c6a00000, 0x00000006d6480000, 0x000000076ce00000)
  object space 256512K, 15% used [0x00000006c6a00000,0x00000006c90d8518,0x00000006d6480000)
 Metaspace       used 60544K, capacity 61928K, committed 61952K, reserved 1101824K
  class space    used 8385K, capacity 8693K, committed 8704K, reserved 1048576K
}
Event: 4554.142 GC heap before
{Heap before GC invocations=27 (full 3):
 PSYoungGen      total 202752K, used 202648K [0x000000076ce00000, 0x000000077aa00000, 0x00000007c0000000)
  eden space 197632K, 100% used [0x000000076ce00000,0x0000000778f00000,0x0000000778f00000)
  from space 5120K, 97% used [0x0000000779380000,0x0000000779866010,0x0000000779880000)
  to   space 13824K, 0% used [0x0000000779c80000,0x0000000779c80000,0x000000077aa00000)
 ParOldGen       total 256512K, used 39777K [0x00000006c6a00000, 0x00000006d6480000, 0x000000076ce00000)
  object space 256512K, 15% used [0x00000006c6a00000,0x00000006c90d8518,0x00000006d6480000)
 Metaspace       used 60548K, capacity 61928K, committed 61952K, reserved 1101824K
  class space    used 8385K, capacity 8693K, committed 8704K, reserved 1048576K
Event: 4554.148 GC heap after
Heap after GC invocations=27 (full 3):
 PSYoungGen      total 201216K, used 4936K [0x000000076ce00000, 0x000000077a480000, 0x00000007c0000000)
  eden space 193024K, 0% used [0x000000076ce00000,0x000000076ce00000,0x0000000778a80000)
  from space 8192K, 60% used [0x0000000779c80000,0x000000077a152010,0x000000077a480000)
  to   space 13312K, 0% used [0x0000000778a80000,0x0000000778a80000,0x0000000779780000)
 ParOldGen       total 256512K, used 39777K [0x00000006c6a00000, 0x00000006d6480000, 0x000000076ce00000)
  object space 256512K, 15% used [0x00000006c6a00000,0x00000006c90d8518,0x00000006d6480000)
 Metaspace       used 60548K, capacity 61928K, committed 61952K, reserved 1101824K
  class space    used 8385K, capacity 8693K, committed 8704K, reserved 1048576K
}
Event: 4869.176 GC heap before
{Heap before GC invocations=28 (full 3):
 PSYoungGen      total 201216K, used 197960K [0x000000076ce00000, 0x000000077a480000, 0x00000007c0000000)
  eden space 193024K, 100% used [0x000000076ce00000,0x0000000778a80000,0x0000000778a80000)
  from space 8192K, 60% used [0x0000000779c80000,0x000000077a152010,0x000000077a480000)
  to   space 13312K, 0% used [0x0000000778a80000,0x0000000778a80000,0x0000000779780000)
 ParOldGen       total 256512K, used 39777K [0x00000006c6a00000, 0x00000006d6480000, 0x000000076ce00000)
  object space 256512K, 15% used [0x00000006c6a00000,0x00000006c90d8518,0x00000006d6480000)
 Metaspace       used 60601K, capacity 61992K, committed 62208K, reserved 1103872K
  class space    used 8385K, capacity 8693K, committed 8704K, reserved 1048576K
Event: 4869.182 GC heap after
Heap after GC invocations=28 (full 3):
 PSYoungGen      total 194048K, used 4952K [0x000000076ce00000, 0x0000000779f80000, 0x00000007c0000000)
  eden space 188928K, 0% used [0x000000076ce00000,0x000000076ce00000,0x0000000778680000)
  from space 5120K, 96% used [0x0000000778a80000,0x0000000778f56040,0x0000000778f80000)
  to   space 12800K, 0% used [0x0000000779300000,0x0000000779300000,0x0000000779f80000)
 ParOldGen       total 256512K, used 39785K [0x00000006c6a00000, 0x00000006d6480000, 0x000000076ce00000)
  object space 256512K, 15% used [0x00000006c6a00000,0x00000006c90da518,0x00000006d6480000)
 Metaspace       used 60601K, capacity 61992K, committed 62208K, reserved 1103872K
  class space    used 8385K, capacity 8693K, committed 8704K, reserved 1048576K
}
Event: 5174.227 GC heap before
{Heap before GC invocations=29 (full 3):
 PSYoungGen      total 194048K, used 193880K [0x000000076ce00000, 0x0000000779f80000, 0x00000007c0000000)
  eden space 188928K, 100% used [0x000000076ce00000,0x0000000778680000,0x0000000778680000)
  from space 5120K, 96% used [0x0000000778a80000,0x0000000778f56040,0x0000000778f80000)
  to   space 12800K, 0% used [0x0000000779300000,0x0000000779300000,0x0000000779f80000)
 ParOldGen       total 256512K, used 39785K [0x00000006c6a00000, 0x00000006d6480000, 0x000000076ce00000)
  object space 256512K, 15% used [0x00000006c6a00000,0x00000006c90da518,0x00000006d6480000)
 Metaspace       used 60631K, capacity 61992K, committed 62208K, reserved 1103872K
  class space    used 8385K, capacity 8693K, committed 8704K, reserved 1048576K
Event: 5174.238 GC heap after
Heap after GC invocations=29 (full 3):
 PSYoungGen      total 193536K, used 3471K [0x000000076ce00000, 0x0000000779b80000, 0x00000007c0000000)
  eden space 184832K, 0% used [0x000000076ce00000,0x000000076ce00000,0x0000000778280000)
  from space 8704K, 39% used [0x0000000779300000,0x0000000779663d90,0x0000000779b80000)
  to   space 12800K, 0% used [0x0000000778280000,0x0000000778280000,0x0000000778f00000)
 ParOldGen       total 256512K, used 41314K [0x00000006c6a00000, 0x00000006d6480000, 0x000000076ce00000)
  object space 256512K, 16% used [0x00000006c6a00000,0x00000006c9258b80,0x00000006d6480000)
 Metaspace       used 60631K, capacity 61992K, committed 62208K, reserved 1103872K
  class space    used 8385K, capacity 8693K, committed 8704K, reserved 1048576K
}

