# JRE version: Java(TM) SE Runtime Environment (8.0_20-b17) (build 1.8.0_20-ea-b17)
# Java VM: Java HotSpot(TM) 64-Bit Server VM (25.20-b17 mixed mode linux-amd64 compressed oops)
Heap:
 PSYoungGen      total 218624K, used 155855K [0x000000076ce00000, 0x000000077b300000, 0x00000007c0000000)
  eden space 205824K, 70% used [0x000000076ce00000,0x0000000775c9e170,0x0000000779700000)
  from space 12800K, 76% used [0x000000077a680000,0x000000077b015e40,0x000000077b300000)
  to   space 14336K, 0% used [0x0000000779700000,0x0000000779700000,0x000000077a500000)
 ParOldGen       total 189440K, used 21831K [0x00000006c6a00000, 0x00000006d2300000, 0x000000076ce00000)
  object space 189440K, 11% used [0x00000006c6a00000,0x00000006c7f51cb8,0x00000006d2300000)
 Metaspace       used 50611K, capacity 52004K, committed 52096K, reserved 1093632K
  class space    used 7214K, capacity 7531K, committed 7552K, reserved 1048576K
GC Heap History (10 events):
Event: 11.770 GC heap before
{Heap before GC invocations=10 (full 2):
 PSYoungGen      total 169984K, used 11213K [0x000000076ce00000, 0x0000000778680000, 0x00000007c0000000)
  eden space 155648K, 0% used [0x000000076ce00000,0x000000076ce00000,0x0000000776600000)
  from space 14336K, 78% used [0x0000000777400000,0x0000000777ef35d0,0x0000000778200000)
  to   space 14336K, 0% used [0x0000000776600000,0x0000000776600000,0x0000000777400000)
 ParOldGen       total 117760K, used 12769K [0x00000006c6a00000, 0x00000006cdd00000, 0x000000076ce00000)
  object space 117760K, 10% used [0x00000006c6a00000,0x00000006c7678490,0x00000006cdd00000)
 Metaspace       used 34568K, capacity 34984K, committed 35264K, reserved 1079296K
  class space    used 4526K, capacity 4646K, committed 4736K, reserved 1048576K
Event: 11.970 GC heap after
Heap after GC invocations=10 (full 2):
 PSYoungGen      total 169984K, used 0K [0x000000076ce00000, 0x0000000778680000, 0x00000007c0000000)
  eden space 155648K, 0% used [0x000000076ce00000,0x000000076ce00000,0x0000000776600000)
  from space 14336K, 0% used [0x0000000777400000,0x0000000777400000,0x0000000778200000)
  to   space 14336K, 0% used [0x0000000776600000,0x0000000776600000,0x0000000777400000)
 ParOldGen       total 189440K, used 21799K [0x00000006c6a00000, 0x00000006d2300000, 0x000000076ce00000)
  object space 189440K, 11% used [0x00000006c6a00000,0x00000006c7f49cb8,0x00000006d2300000)
 Metaspace       used 34568K, capacity 34984K, committed 35264K, reserved 1079296K
  class space    used 4526K, capacity 4646K, committed 4736K, reserved 1048576K
}
Event: 14.060 GC heap before
{Heap before GC invocations=11 (full 2):
 PSYoungGen      total 169984K, used 155648K [0x000000076ce00000, 0x0000000778680000, 0x00000007c0000000)
  eden space 155648K, 100% used [0x000000076ce00000,0x0000000776600000,0x0000000776600000)
  from space 14336K, 0% used [0x0000000777400000,0x0000000777400000,0x0000000778200000)
  to   space 14336K, 0% used [0x0000000776600000,0x0000000776600000,0x0000000777400000)
 ParOldGen       total 189440K, used 21799K [0x00000006c6a00000, 0x00000006d2300000, 0x000000076ce00000)
  object space 189440K, 11% used [0x00000006c6a00000,0x00000006c7f49cb8,0x00000006d2300000)
 Metaspace       used 39171K, capacity 39718K, committed 40192K, reserved 1083392K
  class space    used 5656K, capacity 5782K, committed 5888K, reserved 1048576K
Event: 14.073 GC heap after
Heap after GC invocations=11 (full 2):
 PSYoungGen      total 169984K, used 4931K [0x000000076ce00000, 0x000000077a280000, 0x00000007c0000000)
  eden space 155648K, 0% used [0x000000076ce00000,0x000000076ce00000,0x0000000776600000)
  from space 14336K, 34% used [0x0000000776600000,0x0000000776ad0e78,0x0000000777400000)
  to   space 14848K, 0% used [0x0000000779400000,0x0000000779400000,0x000000077a280000)
 ParOldGen       total 189440K, used 21807K [0x00000006c6a00000, 0x00000006d2300000, 0x000000076ce00000)
  object space 189440K, 11% used [0x00000006c6a00000,0x00000006c7f4bcb8,0x00000006d2300000)
 Metaspace       used 39171K, capacity 39718K, committed 40192K, reserved 1083392K
  class space    used 5656K, capacity 5782K, committed 5888K, reserved 1048576K
}
Event: 243.506 GC heap before
{Heap before GC invocations=12 (full 2):
 PSYoungGen      total 169984K, used 160579K [0x000000076ce00000, 0x000000077a280000, 0x00000007c0000000)
  eden space 155648K, 100% used [0x000000076ce00000,0x0000000776600000,0x0000000776600000)
  from space 14336K, 34% used [0x0000000776600000,0x0000000776ad0e78,0x0000000777400000)
  to   space 14848K, 0% used [0x0000000779400000,0x0000000779400000,0x000000077a280000)
 ParOldGen       total 189440K, used 21807K [0x00000006c6a00000, 0x00000006d2300000, 0x000000076ce00000)
  object space 189440K, 11% used [0x00000006c6a00000,0x00000006c7f4bcb8,0x00000006d2300000)
 Metaspace       used 46617K, capacity 47390K, committed 47616K, reserved 1089536K
  class space    used 6700K, capacity 6874K, committed 6912K, reserved 1048576K
Event: 243.518 GC heap after
Heap after GC invocations=12 (full 2):
 PSYoungGen      total 192512K, used 10369K [0x000000076ce00000, 0x0000000779e80000, 0x00000007c0000000)
  eden space 181760K, 0% used [0x000000076ce00000,0x000000076ce00000,0x0000000777f80000)
  from space 10752K, 96% used [0x0000000779400000,0x0000000779e20590,0x0000000779e80000)
  to   space 14848K, 0% used [0x0000000778180000,0x0000000778180000,0x0000000779000000)
 ParOldGen       total 189440K, used 21815K [0x00000006c6a00000, 0x00000006d2300000, 0x000000076ce00000)
  object space 189440K, 11% used [0x00000006c6a00000,0x00000006c7f4dcb8,0x00000006d2300000)
 Metaspace       used 46617K, capacity 47390K, committed 47616K, reserved 1089536K
  class space    used 6700K, capacity 6874K, committed 6912K, reserved 1048576K
}
Event: 265.399 GC heap before
{Heap before GC invocations=13 (full 2):
 PSYoungGen      total 192512K, used 192129K [0x000000076ce00000, 0x0000000779e80000, 0x00000007c0000000)
  eden space 181760K, 100% used [0x000000076ce00000,0x0000000777f80000,0x0000000777f80000)
  from space 10752K, 96% used [0x0000000779400000,0x0000000779e20590,0x0000000779e80000)
  to   space 14848K, 0% used [0x0000000778180000,0x0000000778180000,0x0000000779000000)
 ParOldGen       total 189440K, used 21815K [0x00000006c6a00000, 0x00000006d2300000, 0x000000076ce00000)
  object space 189440K, 11% used [0x00000006c6a00000,0x00000006c7f4dcb8,0x00000006d2300000)
 Metaspace       used 49698K, capacity 50832K, committed 50944K, reserved 1093632K
  class space    used 7143K, capacity 7405K, committed 7424K, reserved 1048576K
Event: 265.413 GC heap after
Heap after GC invocations=13 (full 2):
 PSYoungGen      total 198656K, used 10485K [0x000000076ce00000, 0x000000077b500000, 0x00000007c0000000)
  eden space 183808K, 0% used [0x000000076ce00000,0x000000076ce00000,0x0000000778180000)
  from space 14848K, 70% used [0x0000000778180000,0x0000000778bbd6a8,0x0000000779000000)
  to   space 14848K, 0% used [0x000000077a680000,0x000000077a680000,0x000000077b500000)
 ParOldGen       total 189440K, used 21823K [0x00000006c6a00000, 0x00000006d2300000, 0x000000076ce00000)
  object space 189440K, 11% used [0x00000006c6a00000,0x00000006c7f4fcb8,0x00000006d2300000)
 Metaspace       used 49698K, capacity 50832K, committed 50944K, reserved 1093632K
  class space    used 7143K, capacity 7405K, committed 7424K, reserved 1048576K
}
Event: 270.001 GC heap before
{Heap before GC invocations=14 (full 2):
 PSYoungGen      total 198656K, used 194293K [0x000000076ce00000, 0x000000077b500000, 0x00000007c0000000)
  eden space 183808K, 100% used [0x000000076ce00000,0x0000000778180000,0x0000000778180000)
  from space 14848K, 70% used [0x0000000778180000,0x0000000778bbd6a8,0x0000000779000000)
  to   space 14848K, 0% used [0x000000077a680000,0x000000077a680000,0x000000077b500000)
 ParOldGen       total 189440K, used 21823K [0x00000006c6a00000, 0x00000006d2300000, 0x000000076ce00000)
  object space 189440K, 11% used [0x00000006c6a00000,0x00000006c7f4fcb8,0x00000006d2300000)
 Metaspace       used 50357K, capacity 51750K, committed 51840K, reserved 1093632K
  class space    used 7193K, capacity 7494K, committed 7552K, reserved 1048576K
Event: 270.015 GC heap after
Heap after GC invocations=14 (full 2):
 PSYoungGen      total 218624K, used 9815K [0x000000076ce00000, 0x000000077b300000, 0x00000007c0000000)
  eden space 205824K, 0% used [0x000000076ce00000,0x000000076ce00000,0x0000000779700000)
  from space 12800K, 76% used [0x000000077a680000,0x000000077b015e40,0x000000077b300000)
  to   space 14336K, 0% used [0x0000000779700000,0x0000000779700000,0x000000077a500000)
 ParOldGen       total 189440K, used 21831K [0x00000006c6a00000, 0x00000006d2300000, 0x000000076ce00000)
  object space 189440K, 11% used [0x00000006c6a00000,0x00000006c7f51cb8,0x00000006d2300000)
 Metaspace       used 50357K, capacity 51750K, committed 51840K, reserved 1093632K
  class space    used 7193K, capacity 7494K, committed 7552K, reserved 1048576K
}

