# JRE version: Java(TM) SE Runtime Environment (8.0_20-b17) (build 1.8.0_20-ea-b17)
# Java VM: Java HotSpot(TM) 64-Bit Server VM (25.20-b17 mixed mode linux-amd64 compressed oops)
Heap:
 PSYoungGen      total 339456K, used 148967K [0x000000076ce00000, 0x0000000785500000, 0x00000007c0000000)
  eden space 319488K, 46% used [0x000000076ce00000,0x0000000775f79e80,0x0000000780600000)
  from space 19968K, 0% used [0x0000000780600000,0x0000000780600000,0x0000000781980000)
  to   space 20480K, 0% used [0x0000000784100000,0x0000000784100000,0x0000000785500000)
 ParOldGen       total 276480K, used 34558K [0x00000006c6a00000, 0x00000006d7800000, 0x000000076ce00000)
  object space 276480K, 12% used [0x00000006c6a00000,0x00000006c8bbf860,0x00000006d7800000)
 Metaspace       used 57707K, capacity 58824K, committed 59036K, reserved 1099776K
  class space    used 8171K, capacity 8437K, committed 8448K, reserved 1048576K
GC Heap History (10 events):
Event: 4.934 GC heap before
{Heap before GC invocations=8 (full 2):
 PSYoungGen      total 259072K, used 11767K [0x000000076ce00000, 0x0000000783000000, 0x00000007c0000000)
  eden space 247296K, 0% used [0x000000076ce00000,0x000000076ce00000,0x000000077bf80000)
  from space 11776K, 99% used [0x000000077cf00000,0x000000077da7df48,0x000000077da80000)
  to   space 15872K, 0% used [0x000000077bf80000,0x000000077bf80000,0x000000077cf00000)
 ParOldGen       total 117248K, used 14160K [0x00000006c6a00000, 0x00000006cdc80000, 0x000000076ce00000)
  object space 117248K, 12% used [0x00000006c6a00000,0x00000006c77d4350,0x00000006cdc80000)
 Metaspace       used 34700K, capacity 35114K, committed 35320K, reserved 1079296K
  class space    used 4560K, capacity 4673K, committed 4736K, reserved 1048576K
Event: 5.003 GC heap after
Heap after GC invocations=8 (full 2):
 PSYoungGen      total 259072K, used 0K [0x000000076ce00000, 0x0000000783000000, 0x00000007c0000000)
  eden space 247296K, 0% used [0x000000076ce00000,0x000000076ce00000,0x000000077bf80000)
  from space 11776K, 0% used [0x000000077cf00000,0x000000077cf00000,0x000000077da80000)
  to   space 15872K, 0% used [0x000000077bf80000,0x000000077bf80000,0x000000077cf00000)
 ParOldGen       total 192512K, used 23619K [0x00000006c6a00000, 0x00000006d2600000, 0x000000076ce00000)
  object space 192512K, 12% used [0x00000006c6a00000,0x00000006c8110f18,0x00000006d2600000)
 Metaspace       used 34700K, capacity 35114K, committed 35320K, reserved 1079296K
  class space    used 4560K, capacity 4673K, committed 4736K, reserved 1048576K
}
Event: 6.263 GC heap before
{Heap before GC invocations=9 (full 2):
 PSYoungGen      total 259072K, used 247296K [0x000000076ce00000, 0x0000000783000000, 0x00000007c0000000)
  eden space 247296K, 100% used [0x000000076ce00000,0x000000077bf80000,0x000000077bf80000)
  from space 11776K, 0% used [0x000000077cf00000,0x000000077cf00000,0x000000077da80000)
  to   space 15872K, 0% used [0x000000077bf80000,0x000000077bf80000,0x000000077cf00000)
 ParOldGen       total 192512K, used 23619K [0x00000006c6a00000, 0x00000006d2600000, 0x000000076ce00000)
  object space 192512K, 12% used [0x00000006c6a00000,0x00000006c8110f18,0x00000006d2600000)
 Metaspace       used 41983K, capacity 42484K, committed 42880K, reserved 1085440K
  class space    used 6061K, capacity 6195K, committed 6272K, reserved 1048576K
Event: 6.272 GC heap after
Heap after GC invocations=9 (full 2):
 PSYoungGen      total 263168K, used 9253K [0x000000076ce00000, 0x0000000782d00000, 0x00000007c0000000)
  eden space 247296K, 0% used [0x000000076ce00000,0x000000076ce00000,0x000000077bf80000)
  from space 15872K, 58% used [0x000000077bf80000,0x000000077c889688,0x000000077cf00000)
  to   space 15360K, 0% used [0x0000000781e00000,0x0000000781e00000,0x0000000782d00000)
 ParOldGen       total 192512K, used 23627K [0x00000006c6a00000, 0x00000006d2600000, 0x000000076ce00000)
  object space 192512K, 12% used [0x00000006c6a00000,0x00000006c8112f18,0x00000006d2600000)
 Metaspace       used 41983K, capacity 42484K, committed 42880K, reserved 1085440K
  class space    used 6061K, capacity 6195K, committed 6272K, reserved 1048576K
}
Event: 14.350 GC heap before
{Heap before GC invocations=10 (full 2):
 PSYoungGen      total 263168K, used 256549K [0x000000076ce00000, 0x0000000782d00000, 0x00000007c0000000)
  eden space 247296K, 100% used [0x000000076ce00000,0x000000077bf80000,0x000000077bf80000)
  from space 15872K, 58% used [0x000000077bf80000,0x000000077c889688,0x000000077cf00000)
  to   space 15360K, 0% used [0x0000000781e00000,0x0000000781e00000,0x0000000782d00000)
 ParOldGen       total 192512K, used 23627K [0x00000006c6a00000, 0x00000006d2600000, 0x000000076ce00000)
  object space 192512K, 12% used [0x00000006c6a00000,0x00000006c8112f18,0x00000006d2600000)
 Metaspace       used 56190K, capacity 57184K, committed 57216K, reserved 1097728K
  class space    used 8083K, capacity 8309K, committed 8320K, reserved 1048576K
Event: 14.367 GC heap after
Heap after GC invocations=10 (full 2):
 PSYoungGen      total 331776K, used 15330K [0x000000076ce00000, 0x0000000782d00000, 0x00000007c0000000)
  eden space 316416K, 0% used [0x000000076ce00000,0x000000076ce00000,0x0000000780300000)
  from space 15360K, 99% used [0x0000000781e00000,0x0000000782cf8978,0x0000000782d00000)
  to   space 19968K, 0% used [0x0000000780600000,0x0000000780600000,0x0000000781980000)
 ParOldGen       total 192512K, used 30665K [0x00000006c6a00000, 0x00000006d2600000, 0x000000076ce00000)
  object space 192512K, 15% used [0x00000006c6a00000,0x00000006c87f24e8,0x00000006d2600000)
 Metaspace       used 56190K, capacity 57184K, committed 57216K, reserved 1097728K
  class space    used 8083K, capacity 8309K, committed 8320K, reserved 1048576K
}
Event: 87.612 GC heap before
{Heap before GC invocations=11 (full 2):
 PSYoungGen      total 331776K, used 116708K [0x000000076ce00000, 0x0000000782d00000, 0x00000007c0000000)
  eden space 316416K, 32% used [0x000000076ce00000,0x0000000773100708,0x0000000780300000)
  from space 15360K, 99% used [0x0000000781e00000,0x0000000782cf8978,0x0000000782d00000)
  to   space 19968K, 0% used [0x0000000780600000,0x0000000780600000,0x0000000781980000)
 ParOldGen       total 192512K, used 30665K [0x00000006c6a00000, 0x00000006d2600000, 0x000000076ce00000)
  object space 192512K, 15% used [0x00000006c6a00000,0x00000006c87f24e8,0x00000006d2600000)
 Metaspace       used 57306K, capacity 58476K, committed 58524K, reserved 1099776K
  class space    used 8146K, capacity 8433K, committed 8448K, reserved 1048576K
Event: 87.631 GC heap after
Heap after GC invocations=11 (full 2):
 PSYoungGen      total 339456K, used 14975K [0x000000076ce00000, 0x0000000785500000, 0x00000007c0000000)
  eden space 319488K, 0% used [0x000000076ce00000,0x000000076ce00000,0x0000000780600000)
  from space 19968K, 74% used [0x0000000780600000,0x000000078149fdc8,0x0000000781980000)
  to   space 20480K, 0% used [0x0000000784100000,0x0000000784100000,0x0000000785500000)
 ParOldGen       total 192512K, used 30673K [0x00000006c6a00000, 0x00000006d2600000, 0x000000076ce00000)
  object space 192512K, 15% used [0x00000006c6a00000,0x00000006c87f44e8,0x00000006d2600000)
 Metaspace       used 57306K, capacity 58476K, committed 58524K, reserved 1099776K
  class space    used 8146K, capacity 8433K, committed 8448K, reserved 1048576K
}
Event: 87.631 GC heap before
{Heap before GC invocations=12 (full 3):
 PSYoungGen      total 339456K, used 14975K [0x000000076ce00000, 0x0000000785500000, 0x00000007c0000000)
  eden space 319488K, 0% used [0x000000076ce00000,0x000000076ce00000,0x0000000780600000)
  from space 19968K, 74% used [0x0000000780600000,0x000000078149fdc8,0x0000000781980000)
  to   space 20480K, 0% used [0x0000000784100000,0x0000000784100000,0x0000000785500000)
 ParOldGen       total 192512K, used 30673K [0x00000006c6a00000, 0x00000006d2600000, 0x000000076ce00000)
  object space 192512K, 15% used [0x00000006c6a00000,0x00000006c87f44e8,0x00000006d2600000)
 Metaspace       used 57306K, capacity 58476K, committed 58524K, reserved 1099776K
  class space    used 8146K, capacity 8433K, committed 8448K, reserved 1048576K
Event: 87.781 GC heap after
Heap after GC invocations=12 (full 3):
 PSYoungGen      total 339456K, used 0K [0x000000076ce00000, 0x0000000785500000, 0x00000007c0000000)
  eden space 319488K, 0% used [0x000000076ce00000,0x000000076ce00000,0x0000000780600000)
  from space 19968K, 0% used [0x0000000780600000,0x0000000780600000,0x0000000781980000)
  to   space 20480K, 0% used [0x0000000784100000,0x0000000784100000,0x0000000785500000)
 ParOldGen       total 276480K, used 34558K [0x00000006c6a00000, 0x00000006d7800000, 0x000000076ce00000)
  object space 276480K, 12% used [0x00000006c6a00000,0x00000006c8bbf860,0x00000006d7800000)
 Metaspace       used 57246K, capacity 58392K, committed 58524K, reserved 1099776K
  class space    used 8144K, capacity 8429K, committed 8448K, reserved 1048576K
}

