# JRE version: Java(TM) SE Runtime Environment (8.0_20-b17) (build 1.8.0_20-ea-b17)
# Java VM: Java HotSpot(TM) 64-Bit Server VM (25.20-b17 mixed mode linux-amd64 compressed oops)
Heap:
 PSYoungGen      total 392192K, used 295937K [0x000000076ce00000, 0x0000000786e00000, 0x00000007c0000000)
  eden space 376832K, 74% used [0x000000076ce00000,0x000000077e008390,0x0000000783e00000)
  from space 15360K, 99% used [0x0000000785f00000,0x0000000786df82e8,0x0000000786e00000)
  to   space 18944K, 0% used [0x0000000784900000,0x0000000784900000,0x0000000785b80000)
 ParOldGen       total 174592K, used 27834K [0x00000006c6a00000, 0x00000006d1480000, 0x000000076ce00000)
  object space 174592K, 15% used [0x00000006c6a00000,0x00000006c852e900,0x00000006d1480000)
 Metaspace       used 54622K, capacity 55784K, committed 55936K, reserved 1097728K
  class space    used 7481K, capacity 7755K, committed 7808K, reserved 1048576K
GC Heap History (10 events):
Event: 4.594 GC heap before
{Heap before GC invocations=6 (full 1):
 PSYoungGen      total 202240K, used 201784K [0x000000076ce00000, 0x000000077dd00000, 0x00000007c0000000)
  eden space 193024K, 100% used [0x000000076ce00000,0x0000000778a80000,0x0000000778a80000)
  from space 9216K, 95% used [0x000000077d400000,0x000000077dc8e180,0x000000077dd00000)
  to   space 10240K, 0% used [0x000000077c900000,0x000000077c900000,0x000000077d300000)
 ParOldGen       total 110080K, used 12770K [0x00000006c6a00000, 0x00000006cd580000, 0x000000076ce00000)
  object space 110080K, 11% used [0x00000006c6a00000,0x00000006c7678870,0x00000006cd580000)
 Metaspace       used 29241K, capacity 29662K, committed 29824K, reserved 1075200K
  class space    used 3248K, capacity 3390K, committed 3456K, reserved 1048576K
Event: 4.601 GC heap after
Heap after GC invocations=6 (full 1):
 PSYoungGen      total 267264K, used 5989K [0x000000076ce00000, 0x0000000780300000, 0x00000007c0000000)
  eden space 257024K, 0% used [0x000000076ce00000,0x000000076ce00000,0x000000077c900000)
  from space 10240K, 58% used [0x000000077c900000,0x000000077ced9600,0x000000077d300000)
  to   space 14848K, 0% used [0x000000077f480000,0x000000077f480000,0x0000000780300000)
 ParOldGen       total 110080K, used 12778K [0x00000006c6a00000, 0x00000006cd580000, 0x000000076ce00000)
  object space 110080K, 11% used [0x00000006c6a00000,0x00000006c767a870,0x00000006cd580000)
 Metaspace       used 29241K, capacity 29662K, committed 29824K, reserved 1075200K
  class space    used 3248K, capacity 3390K, committed 3456K, reserved 1048576K
}
Event: 5.252 GC heap before
{Heap before GC invocations=7 (full 1):
 PSYoungGen      total 267264K, used 94990K [0x000000076ce00000, 0x0000000780300000, 0x00000007c0000000)
  eden space 257024K, 34% used [0x000000076ce00000,0x00000007724ea5b8,0x000000077c900000)
  from space 10240K, 58% used [0x000000077c900000,0x000000077ced9600,0x000000077d300000)
  to   space 14848K, 0% used [0x000000077f480000,0x000000077f480000,0x0000000780300000)
 ParOldGen       total 110080K, used 12778K [0x00000006c6a00000, 0x00000006cd580000, 0x000000076ce00000)
  object space 110080K, 11% used [0x00000006c6a00000,0x00000006c767a870,0x00000006cd580000)
 Metaspace       used 34625K, capacity 35056K, committed 35264K, reserved 1079296K
  class space    used 4549K, capacity 4674K, committed 4736K, reserved 1048576K
Event: 5.267 GC heap after
Heap after GC invocations=7 (full 1):
 PSYoungGen      total 300544K, used 13091K [0x000000076ce00000, 0x0000000786900000, 0x00000007c0000000)
  eden space 285696K, 0% used [0x000000076ce00000,0x000000076ce00000,0x000000077e500000)
  from space 14848K, 88% used [0x000000077f480000,0x0000000780148d38,0x0000000780300000)
  to   space 15872K, 0% used [0x000000077e500000,0x000000077e500000,0x000000077f480000)
 ParOldGen       total 110080K, used 12786K [0x00000006c6a00000, 0x00000006cd580000, 0x000000076ce00000)
  object space 110080K, 11% used [0x00000006c6a00000,0x00000006c767c870,0x00000006cd580000)
 Metaspace       used 34625K, capacity 35056K, committed 35264K, reserved 1079296K
  class space    used 4549K, capacity 4674K, committed 4736K, reserved 1048576K
}
Event: 5.267 GC heap before
{Heap before GC invocations=8 (full 2):
 PSYoungGen      total 300544K, used 13091K [0x000000076ce00000, 0x0000000786900000, 0x00000007c0000000)
  eden space 285696K, 0% used [0x000000076ce00000,0x000000076ce00000,0x000000077e500000)
  from space 14848K, 88% used [0x000000077f480000,0x0000000780148d38,0x0000000780300000)
  to   space 15872K, 0% used [0x000000077e500000,0x000000077e500000,0x000000077f480000)
 ParOldGen       total 110080K, used 12786K [0x00000006c6a00000, 0x00000006cd580000, 0x000000076ce00000)
  object space 110080K, 11% used [0x00000006c6a00000,0x00000006c767c870,0x00000006cd580000)
 Metaspace       used 34625K, capacity 35056K, committed 35264K, reserved 1079296K
  class space    used 4549K, capacity 4674K, committed 4736K, reserved 1048576K
Event: 5.345 GC heap after
Heap after GC invocations=8 (full 2):
 PSYoungGen      total 300544K, used 0K [0x000000076ce00000, 0x0000000786900000, 0x00000007c0000000)
  eden space 285696K, 0% used [0x000000076ce00000,0x000000076ce00000,0x000000077e500000)
  from space 14848K, 0% used [0x000000077f480000,0x000000077f480000,0x0000000780300000)
  to   space 15872K, 0% used [0x000000077e500000,0x000000077e500000,0x000000077f480000)
 ParOldGen       total 174592K, used 23609K [0x00000006c6a00000, 0x00000006d1480000, 0x000000076ce00000)
  object space 174592K, 13% used [0x00000006c6a00000,0x00000006c810e6d8,0x00000006d1480000)
 Metaspace       used 34625K, capacity 35056K, committed 35264K, reserved 1079296K
  class space    used 4549K, capacity 4674K, committed 4736K, reserved 1048576K
}
Event: 7.514 GC heap before
{Heap before GC invocations=9 (full 2):
 PSYoungGen      total 300544K, used 285696K [0x000000076ce00000, 0x0000000786900000, 0x00000007c0000000)
  eden space 285696K, 100% used [0x000000076ce00000,0x000000077e500000,0x000000077e500000)
  from space 14848K, 0% used [0x000000077f480000,0x000000077f480000,0x0000000780300000)
  to   space 15872K, 0% used [0x000000077e500000,0x000000077e500000,0x000000077f480000)
 ParOldGen       total 174592K, used 23609K [0x00000006c6a00000, 0x00000006d1480000, 0x000000076ce00000)
  object space 174592K, 13% used [0x00000006c6a00000,0x00000006c810e6d8,0x00000006d1480000)
 Metaspace       used 42527K, capacity 43156K, committed 43392K, reserved 1087488K
  class space    used 6079K, capacity 6227K, committed 6272K, reserved 1048576K
Event: 7.523 GC heap after
Heap after GC invocations=9 (full 2):
 PSYoungGen      total 301568K, used 11133K [0x000000076ce00000, 0x0000000786e00000, 0x00000007c0000000)
  eden space 285696K, 0% used [0x000000076ce00000,0x000000076ce00000,0x000000077e500000)
  from space 15872K, 70% used [0x000000077e500000,0x000000077efdf500,0x000000077f480000)
  to   space 15360K, 0% used [0x0000000785f00000,0x0000000785f00000,0x0000000786e00000)
 ParOldGen       total 174592K, used 23617K [0x00000006c6a00000, 0x00000006d1480000, 0x000000076ce00000)
  object space 174592K, 13% used [0x00000006c6a00000,0x00000006c81106d8,0x00000006d1480000)
 Metaspace       used 42527K, capacity 43156K, committed 43392K, reserved 1087488K
  class space    used 6079K, capacity 6227K, committed 6272K, reserved 1048576K
}
Event: 184.898 GC heap before
{Heap before GC invocations=10 (full 2):
 PSYoungGen      total 301568K, used 296829K [0x000000076ce00000, 0x0000000786e00000, 0x00000007c0000000)
  eden space 285696K, 100% used [0x000000076ce00000,0x000000077e500000,0x000000077e500000)
  from space 15872K, 70% used [0x000000077e500000,0x000000077efdf500,0x000000077f480000)
  to   space 15360K, 0% used [0x0000000785f00000,0x0000000785f00000,0x0000000786e00000)
 ParOldGen       total 174592K, used 23617K [0x00000006c6a00000, 0x00000006d1480000, 0x000000076ce00000)
  object space 174592K, 13% used [0x00000006c6a00000,0x00000006c81106d8,0x00000006d1480000)
 Metaspace       used 53886K, capacity 54980K, committed 55168K, reserved 1097728K
  class space    used 7454K, capacity 7685K, committed 7808K, reserved 1048576K
Event: 184.920 GC heap after
Heap after GC invocations=10 (full 2):
 PSYoungGen      total 392192K, used 15328K [0x000000076ce00000, 0x0000000786e00000, 0x00000007c0000000)
  eden space 376832K, 0% used [0x000000076ce00000,0x000000076ce00000,0x0000000783e00000)
  from space 15360K, 99% used [0x0000000785f00000,0x0000000786df82e8,0x0000000786e00000)
  to   space 18944K, 0% used [0x0000000784900000,0x0000000784900000,0x0000000785b80000)
 ParOldGen       total 174592K, used 27834K [0x00000006c6a00000, 0x00000006d1480000, 0x000000076ce00000)
  object space 174592K, 15% used [0x00000006c6a00000,0x00000006c852e900,0x00000006d1480000)
 Metaspace       used 53886K, capacity 54980K, committed 55168K, reserved 1097728K
  class space    used 7454K, capacity 7685K, committed 7808K, reserved 1048576K
}

