# JRE version: Java(TM) SE Runtime Environment (8.0_20-b17) (build 1.8.0_20-ea-b17)
# Java VM: Java HotSpot(TM) 64-Bit Server VM (25.20-b17 mixed mode linux-amd64 compressed oops)
Heap:
 PSYoungGen      total 250880K, used 220168K [0x000000076ce00000, 0x000000077fa00000, 0x00000007c0000000)
  eden space 230912K, 95% used [0x000000076ce00000,0x000000077a5022c0,0x000000077af80000)
  from space 19968K, 0% used [0x000000077af80000,0x000000077af80000,0x000000077c300000)
  to   space 20992K, 0% used [0x000000077e580000,0x000000077e580000,0x000000077fa00000)
 ParOldGen       total 253440K, used 34770K [0x00000006c6a00000, 0x00000006d6180000, 0x000000076ce00000)
  object space 253440K, 13% used [0x00000006c6a00000,0x00000006c8bf4980,0x00000006d6180000)
 Metaspace       used 58058K, capacity 59262K, committed 59624K, reserved 1099776K
  class space    used 8301K, capacity 8590K, committed 8704K, reserved 1048576K
GC Heap History (10 events):
Event: 6.434 GC heap before
{Heap before GC invocations=10 (full 2):
 PSYoungGen      total 156672K, used 141824K [0x000000076ce00000, 0x000000077bb00000, 0x00000007c0000000)
  eden space 141824K, 100% used [0x000000076ce00000,0x0000000775880000,0x0000000775880000)
  from space 14848K, 0% used [0x0000000775880000,0x0000000775880000,0x0000000776700000)
  to   space 15872K, 0% used [0x000000077ab80000,0x000000077ab80000,0x000000077bb00000)
 ParOldGen       total 177152K, used 23704K [0x00000006c6a00000, 0x00000006d1700000, 0x000000076ce00000)
  object space 177152K, 13% used [0x00000006c6a00000,0x00000006c8126288,0x00000006d1700000)
 Metaspace       used 39224K, capacity 39790K, committed 40192K, reserved 1083392K
  class space    used 5675K, capacity 5810K, committed 5888K, reserved 1048576K
Event: 6.443 GC heap after
Heap after GC invocations=10 (full 2):
 PSYoungGen      total 200704K, used 6071K [0x000000076ce00000, 0x000000077b180000, 0x00000007c0000000)
  eden space 194560K, 0% used [0x000000076ce00000,0x000000076ce00000,0x0000000778c00000)
  from space 6144K, 98% used [0x000000077ab80000,0x000000077b16dd28,0x000000077b180000)
  to   space 15872K, 0% used [0x0000000779280000,0x0000000779280000,0x000000077a200000)
 ParOldGen       total 177152K, used 23712K [0x00000006c6a00000, 0x00000006d1700000, 0x000000076ce00000)
  object space 177152K, 13% used [0x00000006c6a00000,0x00000006c8128288,0x00000006d1700000)
 Metaspace       used 39224K, capacity 39790K, committed 40192K, reserved 1083392K
  class space    used 5675K, capacity 5810K, committed 5888K, reserved 1048576K
}
Event: 8.305 GC heap before
{Heap before GC invocations=11 (full 2):
 PSYoungGen      total 200704K, used 200631K [0x000000076ce00000, 0x000000077b180000, 0x00000007c0000000)
  eden space 194560K, 100% used [0x000000076ce00000,0x0000000778c00000,0x0000000778c00000)
  from space 6144K, 98% used [0x000000077ab80000,0x000000077b16dd28,0x000000077b180000)
  to   space 15872K, 0% used [0x0000000779280000,0x0000000779280000,0x000000077a200000)
 ParOldGen       total 177152K, used 23712K [0x00000006c6a00000, 0x00000006d1700000, 0x000000076ce00000)
  object space 177152K, 13% used [0x00000006c6a00000,0x00000006c8128288,0x00000006d1700000)
 Metaspace       used 48260K, capacity 48894K, committed 49152K, reserved 1091584K
  class space    used 6970K, capacity 7130K, committed 7168K, reserved 1048576K
Event: 8.316 GC heap after
Heap after GC invocations=11 (full 2):
 PSYoungGen      total 217088K, used 13313K [0x000000076ce00000, 0x000000077d380000, 0x00000007c0000000)
  eden space 201216K, 0% used [0x000000076ce00000,0x000000076ce00000,0x0000000779280000)
  from space 15872K, 83% used [0x0000000779280000,0x0000000779f80710,0x000000077a200000)
  to   space 16896K, 0% used [0x000000077c300000,0x000000077c300000,0x000000077d380000)
 ParOldGen       total 177152K, used 23720K [0x00000006c6a00000, 0x00000006d1700000, 0x000000076ce00000)
  object space 177152K, 13% used [0x00000006c6a00000,0x00000006c812a288,0x00000006d1700000)
 Metaspace       used 48260K, capacity 48894K, committed 49152K, reserved 1091584K
  class space    used 6970K, capacity 7130K, committed 7168K, reserved 1048576K
}
Event: 18.109 GC heap before
{Heap before GC invocations=12 (full 2):
 PSYoungGen      total 217088K, used 214529K [0x000000076ce00000, 0x000000077d380000, 0x00000007c0000000)
  eden space 201216K, 100% used [0x000000076ce00000,0x0000000779280000,0x0000000779280000)
  from space 15872K, 83% used [0x0000000779280000,0x0000000779f80710,0x000000077a200000)
  to   space 16896K, 0% used [0x000000077c300000,0x000000077c300000,0x000000077d380000)
 ParOldGen       total 177152K, used 23720K [0x00000006c6a00000, 0x00000006d1700000, 0x000000076ce00000)
  object space 177152K, 13% used [0x00000006c6a00000,0x00000006c812a288,0x00000006d1700000)
 Metaspace       used 56753K, capacity 57966K, committed 58112K, reserved 1099776K
  class space    used 8169K, capacity 8434K, committed 8448K, reserved 1048576K
Event: 18.128 GC heap after
Heap after GC invocations=12 (full 2):
 PSYoungGen      total 247808K, used 16886K [0x000000076ce00000, 0x000000077db80000, 0x00000007c0000000)
  eden space 230912K, 0% used [0x000000076ce00000,0x000000076ce00000,0x000000077af80000)
  from space 16896K, 99% used [0x000000077c300000,0x000000077d37db00,0x000000077d380000)
  to   space 19968K, 0% used [0x000000077af80000,0x000000077af80000,0x000000077c300000)
 ParOldGen       total 177152K, used 26560K [0x00000006c6a00000, 0x00000006d1700000, 0x000000076ce00000)
  object space 177152K, 14% used [0x00000006c6a00000,0x00000006c83f0060,0x00000006d1700000)
 Metaspace       used 56753K, capacity 57966K, committed 58112K, reserved 1099776K
  class space    used 8169K, capacity 8434K, committed 8448K, reserved 1048576K
}
Event: 23.271 GC heap before
{Heap before GC invocations=13 (full 2):
 PSYoungGen      total 247808K, used 57814K [0x000000076ce00000, 0x000000077db80000, 0x00000007c0000000)
  eden space 230912K, 17% used [0x000000076ce00000,0x000000076f5f7d70,0x000000077af80000)
  from space 16896K, 99% used [0x000000077c300000,0x000000077d37db00,0x000000077d380000)
  to   space 19968K, 0% used [0x000000077af80000,0x000000077af80000,0x000000077c300000)
 ParOldGen       total 177152K, used 26560K [0x00000006c6a00000, 0x00000006d1700000, 0x000000076ce00000)
  object space 177152K, 14% used [0x00000006c6a00000,0x00000006c83f0060,0x00000006d1700000)
 Metaspace       used 57130K, capacity 58358K, committed 58472K, reserved 1099776K
  class space    used 8215K, capacity 8494K, committed 8576K, reserved 1048576K
Event: 23.285 GC heap after
Heap after GC invocations=13 (full 2):
 PSYoungGen      total 250880K, used 15219K [0x000000076ce00000, 0x000000077fa00000, 0x00000007c0000000)
  eden space 230912K, 0% used [0x000000076ce00000,0x000000076ce00000,0x000000077af80000)
  from space 19968K, 76% used [0x000000077af80000,0x000000077be5ce98,0x000000077c300000)
  to   space 20992K, 0% used [0x000000077e580000,0x000000077e580000,0x000000077fa00000)
 ParOldGen       total 177152K, used 26568K [0x00000006c6a00000, 0x00000006d1700000, 0x000000076ce00000)
  object space 177152K, 14% used [0x00000006c6a00000,0x00000006c83f2060,0x00000006d1700000)
 Metaspace       used 57130K, capacity 58358K, committed 58472K, reserved 1099776K
  class space    used 8215K, capacity 8494K, committed 8576K, reserved 1048576K
}
Event: 23.285 GC heap before
{Heap before GC invocations=14 (full 3):
 PSYoungGen      total 250880K, used 15219K [0x000000076ce00000, 0x000000077fa00000, 0x00000007c0000000)
  eden space 230912K, 0% used [0x000000076ce00000,0x000000076ce00000,0x000000077af80000)
  from space 19968K, 76% used [0x000000077af80000,0x000000077be5ce98,0x000000077c300000)
  to   space 20992K, 0% used [0x000000077e580000,0x000000077e580000,0x000000077fa00000)
 ParOldGen       total 177152K, used 26568K [0x00000006c6a00000, 0x00000006d1700000, 0x000000076ce00000)
  object space 177152K, 14% used [0x00000006c6a00000,0x00000006c83f2060,0x00000006d1700000)
 Metaspace       used 57130K, capacity 58358K, committed 58472K, reserved 1099776K
  class space    used 8215K, capacity 8494K, committed 8576K, reserved 1048576K
Event: 23.476 GC heap after
Heap after GC invocations=14 (full 3):
 PSYoungGen      total 250880K, used 0K [0x000000076ce00000, 0x000000077fa00000, 0x00000007c0000000)
  eden space 230912K, 0% used [0x000000076ce00000,0x000000076ce00000,0x000000077af80000)
  from space 19968K, 0% used [0x000000077af80000,0x000000077af80000,0x000000077c300000)
  to   space 20992K, 0% used [0x000000077e580000,0x000000077e580000,0x000000077fa00000)
 ParOldGen       total 253440K, used 34770K [0x00000006c6a00000, 0x00000006d6180000, 0x000000076ce00000)
  object space 253440K, 13% used [0x00000006c6a00000,0x00000006c8bf4980,0x00000006d6180000)
 Metaspace       used 57069K, capacity 58274K, committed 58472K, reserved 1099776K
  class space    used 8213K, capacity 8490K, committed 8576K, reserved 1048576K
}

