# JRE version: Java(TM) SE Runtime Environment (8.0_20-b17) (build 1.8.0_20-ea-b17)
# Java VM: Java HotSpot(TM) 64-Bit Server VM (25.20-b17 mixed mode linux-amd64 compressed oops)
Heap:
 PSYoungGen      total 357888K, used 90439K [0x000000076ce00000, 0x0000000784600000, 0x00000007c0000000)
  eden space 342528K, 21% used [0x000000076ce00000,0x0000000771753740,0x0000000781c80000)
  from space 15360K, 99% used [0x0000000783700000,0x00000007845fe578,0x0000000784600000)
  to   space 19456K, 0% used [0x0000000782000000,0x0000000782000000,0x0000000783300000)
 ParOldGen       total 184320K, used 29224K [0x00000006c6a00000, 0x00000006d1e00000, 0x000000076ce00000)
  object space 184320K, 15% used [0x00000006c6a00000,0x00000006c868a3f8,0x00000006d1e00000)
 Metaspace       used 56195K, capacity 57312K, committed 57592K, reserved 1097728K
  class space    used 8117K, capacity 8362K, committed 8440K, reserved 1048576K
GC Heap History (10 events):
Event: 4.260 GC heap before
{Heap before GC invocations=6 (full 1):
 PSYoungGen      total 193536K, used 193515K [0x000000076ce00000, 0x000000077dd00000, 0x00000007c0000000)
  eden space 184320K, 100% used [0x000000076ce00000,0x0000000778200000,0x0000000778200000)
  from space 9216K, 99% used [0x000000077d400000,0x000000077dcfaff8,0x000000077dd00000)
  to   space 10240K, 0% used [0x000000077c900000,0x000000077c900000,0x000000077d300000)
 ParOldGen       total 114176K, used 12794K [0x00000006c6a00000, 0x00000006cd980000, 0x000000076ce00000)
  object space 114176K, 11% used [0x00000006c6a00000,0x00000006c767e988,0x00000006cd980000)
 Metaspace       used 28983K, capacity 29394K, committed 29568K, reserved 1075200K
  class space    used 3250K, capacity 3388K, committed 3456K, reserved 1048576K
Event: 4.267 GC heap after
Heap after GC invocations=6 (full 1):
 PSYoungGen      total 267264K, used 6174K [0x000000076ce00000, 0x000000077e880000, 0x00000007c0000000)
  eden space 257024K, 0% used [0x000000076ce00000,0x000000076ce00000,0x000000077c900000)
  from space 10240K, 60% used [0x000000077c900000,0x000000077cf07aa0,0x000000077d300000)
  to   space 14336K, 0% used [0x000000077da80000,0x000000077da80000,0x000000077e880000)
 ParOldGen       total 114176K, used 12802K [0x00000006c6a00000, 0x00000006cd980000, 0x000000076ce00000)
  object space 114176K, 11% used [0x00000006c6a00000,0x00000006c7680988,0x00000006cd980000)
 Metaspace       used 28983K, capacity 29394K, committed 29568K, reserved 1075200K
  class space    used 3250K, capacity 3388K, committed 3456K, reserved 1048576K
}
Event: 4.969 GC heap before
{Heap before GC invocations=7 (full 1):
 PSYoungGen      total 267264K, used 109488K [0x000000076ce00000, 0x000000077e880000, 0x00000007c0000000)
  eden space 257024K, 40% used [0x000000076ce00000,0x00000007732e4830,0x000000077c900000)
  from space 10240K, 60% used [0x000000077c900000,0x000000077cf07aa0,0x000000077d300000)
  to   space 14336K, 0% used [0x000000077da80000,0x000000077da80000,0x000000077e880000)
 ParOldGen       total 114176K, used 12802K [0x00000006c6a00000, 0x00000006cd980000, 0x000000076ce00000)
  object space 114176K, 11% used [0x00000006c6a00000,0x00000006c7680988,0x00000006cd980000)
 Metaspace       used 34683K, capacity 35140K, committed 35320K, reserved 1079296K
  class space    used 4630K, capacity 4768K, committed 4856K, reserved 1048576K
Event: 4.980 GC heap after
Heap after GC invocations=7 (full 1):
 PSYoungGen      total 273408K, used 13254K [0x000000076ce00000, 0x0000000784e00000, 0x00000007c0000000)
  eden space 259072K, 0% used [0x000000076ce00000,0x000000076ce00000,0x000000077cb00000)
  from space 14336K, 92% used [0x000000077da80000,0x000000077e771bc8,0x000000077e880000)
  to   space 15872K, 0% used [0x000000077cb00000,0x000000077cb00000,0x000000077da80000)
 ParOldGen       total 114176K, used 12810K [0x00000006c6a00000, 0x00000006cd980000, 0x000000076ce00000)
  object space 114176K, 11% used [0x00000006c6a00000,0x00000006c7682988,0x00000006cd980000)
 Metaspace       used 34683K, capacity 35140K, committed 35320K, reserved 1079296K
  class space    used 4630K, capacity 4768K, committed 4856K, reserved 1048576K
}
Event: 4.980 GC heap before
{Heap before GC invocations=8 (full 2):
 PSYoungGen      total 273408K, used 13254K [0x000000076ce00000, 0x0000000784e00000, 0x00000007c0000000)
  eden space 259072K, 0% used [0x000000076ce00000,0x000000076ce00000,0x000000077cb00000)
  from space 14336K, 92% used [0x000000077da80000,0x000000077e771bc8,0x000000077e880000)
  to   space 15872K, 0% used [0x000000077cb00000,0x000000077cb00000,0x000000077da80000)
 ParOldGen       total 114176K, used 12810K [0x00000006c6a00000, 0x00000006cd980000, 0x000000076ce00000)
  object space 114176K, 11% used [0x00000006c6a00000,0x00000006c7682988,0x00000006cd980000)
 Metaspace       used 34683K, capacity 35140K, committed 35320K, reserved 1079296K
  class space    used 4630K, capacity 4768K, committed 4856K, reserved 1048576K
Event: 5.047 GC heap after
Heap after GC invocations=8 (full 2):
 PSYoungGen      total 273408K, used 0K [0x000000076ce00000, 0x0000000784e00000, 0x00000007c0000000)
  eden space 259072K, 0% used [0x000000076ce00000,0x000000076ce00000,0x000000077cb00000)
  from space 14336K, 0% used [0x000000077da80000,0x000000077da80000,0x000000077e880000)
  to   space 15872K, 0% used [0x000000077cb00000,0x000000077cb00000,0x000000077da80000)
 ParOldGen       total 184320K, used 23745K [0x00000006c6a00000, 0x00000006d1e00000, 0x000000076ce00000)
  object space 184320K, 12% used [0x00000006c6a00000,0x00000006c81305f0,0x00000006d1e00000)
 Metaspace       used 34683K, capacity 35140K, committed 35320K, reserved 1079296K
  class space    used 4630K, capacity 4768K, committed 4856K, reserved 1048576K
}
Event: 6.488 GC heap before
{Heap before GC invocations=9 (full 2):
 PSYoungGen      total 273408K, used 259072K [0x000000076ce00000, 0x0000000784e00000, 0x00000007c0000000)
  eden space 259072K, 100% used [0x000000076ce00000,0x000000077cb00000,0x000000077cb00000)
  from space 14336K, 0% used [0x000000077da80000,0x000000077da80000,0x000000077e880000)
  to   space 15872K, 0% used [0x000000077cb00000,0x000000077cb00000,0x000000077da80000)
 ParOldGen       total 184320K, used 23745K [0x00000006c6a00000, 0x00000006d1e00000, 0x000000076ce00000)
  object space 184320K, 12% used [0x00000006c6a00000,0x00000006c81305f0,0x00000006d1e00000)
 Metaspace       used 42137K, capacity 42646K, committed 42872K, reserved 1085440K
  class space    used 6128K, capacity 6238K, committed 6264K, reserved 1048576K
Event: 6.499 GC heap after
Heap after GC invocations=9 (full 2):
 PSYoungGen      total 274944K, used 8954K [0x000000076ce00000, 0x0000000784600000, 0x00000007c0000000)
  eden space 259072K, 0% used [0x000000076ce00000,0x000000076ce00000,0x000000077cb00000)
  from space 15872K, 56% used [0x000000077cb00000,0x000000077d3be888,0x000000077da80000)
  to   space 15360K, 0% used [0x0000000783700000,0x0000000783700000,0x0000000784600000)
 ParOldGen       total 184320K, used 23753K [0x00000006c6a00000, 0x00000006d1e00000, 0x000000076ce00000)
  object space 184320K, 12% used [0x00000006c6a00000,0x00000006c81325f0,0x00000006d1e00000)
 Metaspace       used 42137K, capacity 42646K, committed 42872K, reserved 1085440K
  class space    used 6128K, capacity 6238K, committed 6264K, reserved 1048576K
}
Event: 10.693 GC heap before
{Heap before GC invocations=10 (full 2):
 PSYoungGen      total 274944K, used 268026K [0x000000076ce00000, 0x0000000784600000, 0x00000007c0000000)
  eden space 259072K, 100% used [0x000000076ce00000,0x000000077cb00000,0x000000077cb00000)
  from space 15872K, 56% used [0x000000077cb00000,0x000000077d3be888,0x000000077da80000)
  to   space 15360K, 0% used [0x0000000783700000,0x0000000783700000,0x0000000784600000)
 ParOldGen       total 184320K, used 23753K [0x00000006c6a00000, 0x00000006d1e00000, 0x000000076ce00000)
  object space 184320K, 12% used [0x00000006c6a00000,0x00000006c81325f0,0x00000006d1e00000)
 Metaspace       used 55725K, capacity 56856K, committed 57080K, reserved 1097728K
  class space    used 8070K, capacity 8350K, committed 8440K, reserved 1048576K
Event: 10.710 GC heap after
Heap after GC invocations=10 (full 2):
 PSYoungGen      total 357888K, used 15353K [0x000000076ce00000, 0x0000000784600000, 0x00000007c0000000)
  eden space 342528K, 0% used [0x000000076ce00000,0x000000076ce00000,0x0000000781c80000)
  from space 15360K, 99% used [0x0000000783700000,0x00000007845fe578,0x0000000784600000)
  to   space 19456K, 0% used [0x0000000782000000,0x0000000782000000,0x0000000783300000)
 ParOldGen       total 184320K, used 29224K [0x00000006c6a00000, 0x00000006d1e00000, 0x000000076ce00000)
  object space 184320K, 15% used [0x00000006c6a00000,0x00000006c868a3f8,0x00000006d1e00000)
 Metaspace       used 55725K, capacity 56856K, committed 57080K, reserved 1097728K
  class space    used 8070K, capacity 8350K, committed 8440K, reserved 1048576K
}

