# JRE version: Java(TM) SE Runtime Environment (8.0_20-b17) (build 1.8.0_20-ea-b17)
# Java VM: Java HotSpot(TM) 64-Bit Server VM (25.20-b17 mixed mode linux-amd64 compressed oops)
Heap:
 PSYoungGen      total 399872K, used 70533K [0x000000076ce00000, 0x0000000787680000, 0x00000007c0000000)
  eden space 387584K, 15% used [0x000000076ce00000,0x000000077074d410,0x0000000784880000)
  from space 12288K, 96% used [0x0000000786a80000,0x00000007876140b0,0x0000000787680000)
  to   space 15360K, 0% used [0x0000000785880000,0x0000000785880000,0x0000000786780000)
 ParOldGen       total 168448K, used 23647K [0x00000006c6a00000, 0x00000006d0e80000, 0x000000076ce00000)
  object space 168448K, 14% used [0x00000006c6a00000,0x00000006c8117c70,0x00000006d0e80000)
 Metaspace       used 50672K, capacity 51752K, committed 52096K, reserved 1093632K
  class space    used 7164K, capacity 7425K, committed 7552K, reserved 1048576K
GC Heap History (10 events):
Event: 4.412 GC heap before
{Heap before GC invocations=6 (full 1):
 PSYoungGen      total 206336K, used 205865K [0x000000076ce00000, 0x000000077dd00000, 0x00000007c0000000)
  eden space 197120K, 100% used [0x000000076ce00000,0x0000000778e80000,0x0000000778e80000)
  from space 9216K, 94% used [0x000000077d400000,0x000000077dc8a468,0x000000077dd00000)
  to   space 10240K, 0% used [0x000000077c900000,0x000000077c900000,0x000000077d300000)
 ParOldGen       total 107520K, used 12786K [0x00000006c6a00000, 0x00000006cd300000, 0x000000076ce00000)
  object space 107520K, 11% used [0x00000006c6a00000,0x00000006c767c860,0x00000006cd300000)
 Metaspace       used 29068K, capacity 29528K, committed 29824K, reserved 1075200K
  class space    used 3251K, capacity 3389K, committed 3456K, reserved 1048576K
Event: 4.418 GC heap after
Heap after GC invocations=6 (full 1):
 PSYoungGen      total 267264K, used 5893K [0x000000076ce00000, 0x0000000780900000, 0x00000007c0000000)
  eden space 257024K, 0% used [0x000000076ce00000,0x000000076ce00000,0x000000077c900000)
  from space 10240K, 57% used [0x000000077c900000,0x000000077cec15e0,0x000000077d300000)
  to   space 14848K, 0% used [0x000000077fa80000,0x000000077fa80000,0x0000000780900000)
 ParOldGen       total 107520K, used 12794K [0x00000006c6a00000, 0x00000006cd300000, 0x000000076ce00000)
  object space 107520K, 11% used [0x00000006c6a00000,0x00000006c767e860,0x00000006cd300000)
 Metaspace       used 29068K, capacity 29528K, committed 29824K, reserved 1075200K
  class space    used 3251K, capacity 3389K, committed 3456K, reserved 1048576K
}
Event: 5.060 GC heap before
{Heap before GC invocations=7 (full 1):
 PSYoungGen      total 267264K, used 93562K [0x000000076ce00000, 0x0000000780900000, 0x00000007c0000000)
  eden space 257024K, 34% used [0x000000076ce00000,0x000000077239d5a0,0x000000077c900000)
  from space 10240K, 57% used [0x000000077c900000,0x000000077cec15e0,0x000000077d300000)
  to   space 14848K, 0% used [0x000000077fa80000,0x000000077fa80000,0x0000000780900000)
 ParOldGen       total 107520K, used 12794K [0x00000006c6a00000, 0x00000006cd300000, 0x000000076ce00000)
  object space 107520K, 11% used [0x00000006c6a00000,0x00000006c767e860,0x00000006cd300000)
 Metaspace       used 34656K, capacity 35082K, committed 35320K, reserved 1079296K
  class space    used 4596K, capacity 4705K, committed 4736K, reserved 1048576K
Event: 5.072 GC heap after
Heap after GC invocations=7 (full 1):
 PSYoungGen      total 306688K, used 13133K [0x000000076ce00000, 0x0000000786180000, 0x00000007c0000000)
  eden space 291840K, 0% used [0x000000076ce00000,0x000000076ce00000,0x000000077eb00000)
  from space 14848K, 88% used [0x000000077fa80000,0x00000007807536d8,0x0000000780900000)
  to   space 15872K, 0% used [0x000000077eb00000,0x000000077eb00000,0x000000077fa80000)
 ParOldGen       total 107520K, used 12802K [0x00000006c6a00000, 0x00000006cd300000, 0x000000076ce00000)
  object space 107520K, 11% used [0x00000006c6a00000,0x00000006c7680860,0x00000006cd300000)
 Metaspace       used 34656K, capacity 35082K, committed 35320K, reserved 1079296K
  class space    used 4596K, capacity 4705K, committed 4736K, reserved 1048576K
}
Event: 5.072 GC heap before
{Heap before GC invocations=8 (full 2):
 PSYoungGen      total 306688K, used 13133K [0x000000076ce00000, 0x0000000786180000, 0x00000007c0000000)
  eden space 291840K, 0% used [0x000000076ce00000,0x000000076ce00000,0x000000077eb00000)
  from space 14848K, 88% used [0x000000077fa80000,0x00000007807536d8,0x0000000780900000)
  to   space 15872K, 0% used [0x000000077eb00000,0x000000077eb00000,0x000000077fa80000)
 ParOldGen       total 107520K, used 12802K [0x00000006c6a00000, 0x00000006cd300000, 0x000000076ce00000)
  object space 107520K, 11% used [0x00000006c6a00000,0x00000006c7680860,0x00000006cd300000)
 Metaspace       used 34656K, capacity 35082K, committed 35320K, reserved 1079296K
  class space    used 4596K, capacity 4705K, committed 4736K, reserved 1048576K
Event: 5.138 GC heap after
Heap after GC invocations=8 (full 2):
 PSYoungGen      total 306688K, used 0K [0x000000076ce00000, 0x0000000786180000, 0x00000007c0000000)
  eden space 291840K, 0% used [0x000000076ce00000,0x000000076ce00000,0x000000077eb00000)
  from space 14848K, 0% used [0x000000077fa80000,0x000000077fa80000,0x0000000780900000)
  to   space 15872K, 0% used [0x000000077eb00000,0x000000077eb00000,0x000000077fa80000)
 ParOldGen       total 168448K, used 23631K [0x00000006c6a00000, 0x00000006d0e80000, 0x000000076ce00000)
  object space 168448K, 14% used [0x00000006c6a00000,0x00000006c8113c70,0x00000006d0e80000)
 Metaspace       used 34656K, capacity 35082K, committed 35320K, reserved 1079296K
  class space    used 4596K, capacity 4705K, committed 4736K, reserved 1048576K
}
Event: 10.797 GC heap before
{Heap before GC invocations=9 (full 2):
 PSYoungGen      total 306688K, used 291840K [0x000000076ce00000, 0x0000000786180000, 0x00000007c0000000)
  eden space 291840K, 100% used [0x000000076ce00000,0x000000077eb00000,0x000000077eb00000)
  from space 14848K, 0% used [0x000000077fa80000,0x000000077fa80000,0x0000000780900000)
  to   space 15872K, 0% used [0x000000077eb00000,0x000000077eb00000,0x000000077fa80000)
 ParOldGen       total 168448K, used 23631K [0x00000006c6a00000, 0x00000006d0e80000, 0x000000076ce00000)
  object space 168448K, 14% used [0x00000006c6a00000,0x00000006c8113c70,0x00000006d0e80000)
 Metaspace       used 45249K, capacity 45872K, committed 46336K, reserved 1089536K
  class space    used 6448K, capacity 6589K, committed 6656K, reserved 1048576K
Event: 10.807 GC heap after
Heap after GC invocations=9 (full 2):
 PSYoungGen      total 307712K, used 10910K [0x000000076ce00000, 0x0000000787980000, 0x00000007c0000000)
  eden space 291840K, 0% used [0x000000076ce00000,0x000000076ce00000,0x000000077eb00000)
  from space 15872K, 68% used [0x000000077eb00000,0x000000077f5a7950,0x000000077fa80000)
  to   space 15360K, 0% used [0x0000000786a80000,0x0000000786a80000,0x0000000787980000)
 ParOldGen       total 168448K, used 23639K [0x00000006c6a00000, 0x00000006d0e80000, 0x000000076ce00000)
  object space 168448K, 14% used [0x00000006c6a00000,0x00000006c8115c70,0x00000006d0e80000)
 Metaspace       used 45249K, capacity 45872K, committed 46336K, reserved 1089536K
  class space    used 6448K, capacity 6589K, committed 6656K, reserved 1048576K
}
Event: 436.668 GC heap before
{Heap before GC invocations=10 (full 2):
 PSYoungGen      total 307712K, used 302750K [0x000000076ce00000, 0x0000000787980000, 0x00000007c0000000)
  eden space 291840K, 100% used [0x000000076ce00000,0x000000077eb00000,0x000000077eb00000)
  from space 15872K, 68% used [0x000000077eb00000,0x000000077f5a7950,0x000000077fa80000)
  to   space 15360K, 0% used [0x0000000786a80000,0x0000000786a80000,0x0000000787980000)
 ParOldGen       total 168448K, used 23639K [0x00000006c6a00000, 0x00000006d0e80000, 0x000000076ce00000)
  object space 168448K, 14% used [0x00000006c6a00000,0x00000006c8115c70,0x00000006d0e80000)
 Metaspace       used 50419K, capacity 51504K, committed 51712K, reserved 1093632K
  class space    used 7140K, capacity 7389K, committed 7424K, reserved 1048576K
Event: 436.679 GC heap after
Heap after GC invocations=10 (full 2):
 PSYoungGen      total 399872K, used 11856K [0x000000076ce00000, 0x0000000787680000, 0x00000007c0000000)
  eden space 387584K, 0% used [0x000000076ce00000,0x000000076ce00000,0x0000000784880000)
  from space 12288K, 96% used [0x0000000786a80000,0x00000007876140b0,0x0000000787680000)
  to   space 15360K, 0% used [0x0000000785880000,0x0000000785880000,0x0000000786780000)
 ParOldGen       total 168448K, used 23647K [0x00000006c6a00000, 0x00000006d0e80000, 0x000000076ce00000)
  object space 168448K, 14% used [0x00000006c6a00000,0x00000006c8117c70,0x00000006d0e80000)
 Metaspace       used 50419K, capacity 51504K, committed 51712K, reserved 1093632K
  class space    used 7140K, capacity 7389K, committed 7424K, reserved 1048576K
}

