# JRE version: Java(TM) SE Runtime Environment (8.0_20-b17) (build 1.8.0_20-ea-b17)
# Java VM: Java HotSpot(TM) 64-Bit Server VM (25.20-b17 mixed mode linux-amd64 compressed oops)
Heap:
 PSYoungGen      total 365568K, used 256628K [0x000000076ce00000, 0x000000078b680000, 0x00000007c0000000)
  eden space 343040K, 73% used [0x000000076ce00000,0x000000077c5974c8,0x0000000781d00000)
  from space 22528K, 13% used [0x0000000781d00000,0x0000000782005bc8,0x0000000783300000)
  to   space 22528K, 0% used [0x000000078a080000,0x000000078a080000,0x000000078b680000)
 ParOldGen       total 210944K, used 35273K [0x00000006c6a00000, 0x00000006d3800000, 0x000000076ce00000)
  object space 210944K, 16% used [0x00000006c6a00000,0x00000006c8c72700,0x00000006d3800000)
 Metaspace       used 59875K, capacity 61228K, committed 61440K, reserved 1101824K
  class space    used 8365K, capacity 8683K, committed 8704K, reserved 1048576K
GC Heap History (10 events):
Event: 16.923 GC heap before
{Heap before GC invocations=12 (full 2):
 PSYoungGen      total 221696K, used 220223K [0x000000076ce00000, 0x000000077e980000, 0x00000007c0000000)
  eden space 206336K, 100% used [0x000000076ce00000,0x0000000779780000,0x0000000779780000)
  from space 15360K, 90% used [0x0000000779780000,0x000000077a50fd10,0x000000077a680000)
  to   space 16384K, 0% used [0x000000077d980000,0x000000077d980000,0x000000077e980000)
 ParOldGen       total 167424K, used 21335K [0x00000006c6a00000, 0x00000006d0d80000, 0x000000076ce00000)
  object space 167424K, 12% used [0x00000006c6a00000,0x00000006c7ed5e78,0x00000006d0d80000)
 Metaspace       used 57440K, capacity 58600K, committed 58752K, reserved 1099776K
  class space    used 8242K, capacity 8529K, committed 8576K, reserved 1048576K
Event: 16.946 GC heap after
Heap after GC invocations=12 (full 2):
 PSYoungGen      total 266752K, used 16358K [0x000000076ce00000, 0x000000077ea80000, 0x00000007c0000000)
  eden space 250368K, 0% used [0x000000076ce00000,0x000000076ce00000,0x000000077c280000)
  from space 16384K, 99% used [0x000000077d980000,0x000000077e979b00,0x000000077e980000)
  to   space 20480K, 0% used [0x000000077c280000,0x000000077c280000,0x000000077d680000)
 ParOldGen       total 167424K, used 27629K [0x00000006c6a00000, 0x00000006d0d80000, 0x000000076ce00000)
  object space 167424K, 16% used [0x00000006c6a00000,0x00000006c84fb770,0x00000006d0d80000)
 Metaspace       used 57440K, capacity 58600K, committed 58752K, reserved 1099776K
  class space    used 8242K, capacity 8529K, committed 8576K, reserved 1048576K
}
Event: 17.050 GC heap before
{Heap before GC invocations=13 (full 2):
 PSYoungGen      total 266752K, used 36025K [0x000000076ce00000, 0x000000077ea80000, 0x00000007c0000000)
  eden space 250368K, 7% used [0x000000076ce00000,0x000000076e1349e0,0x000000077c280000)
  from space 16384K, 99% used [0x000000077d980000,0x000000077e979b00,0x000000077e980000)
  to   space 20480K, 0% used [0x000000077c280000,0x000000077c280000,0x000000077d680000)
 ParOldGen       total 167424K, used 27629K [0x00000006c6a00000, 0x00000006d0d80000, 0x000000076ce00000)
  object space 167424K, 16% used [0x00000006c6a00000,0x00000006c84fb770,0x00000006d0d80000)
 Metaspace       used 57593K, capacity 58796K, committed 58840K, reserved 1099776K
  class space    used 8257K, capacity 8551K, committed 8576K, reserved 1048576K
Event: 17.068 GC heap after
Heap after GC invocations=13 (full 2):
 PSYoungGen      total 270848K, used 16533K [0x000000076ce00000, 0x0000000784f00000, 0x00000007c0000000)
  eden space 250368K, 0% used [0x000000076ce00000,0x000000076ce00000,0x000000077c280000)
  from space 20480K, 80% used [0x000000077c280000,0x000000077d2a56b8,0x000000077d680000)
  to   space 21504K, 0% used [0x0000000783a00000,0x0000000783a00000,0x0000000784f00000)
 ParOldGen       total 167424K, used 27637K [0x00000006c6a00000, 0x00000006d0d80000, 0x000000076ce00000)
  object space 167424K, 16% used [0x00000006c6a00000,0x00000006c84fd770,0x00000006d0d80000)
 Metaspace       used 57593K, capacity 58796K, committed 58840K, reserved 1099776K
  class space    used 8257K, capacity 8551K, committed 8576K, reserved 1048576K
}
Event: 17.068 GC heap before
{Heap before GC invocations=14 (full 3):
 PSYoungGen      total 270848K, used 16533K [0x000000076ce00000, 0x0000000784f00000, 0x00000007c0000000)
  eden space 250368K, 0% used [0x000000076ce00000,0x000000076ce00000,0x000000077c280000)
  from space 20480K, 80% used [0x000000077c280000,0x000000077d2a56b8,0x000000077d680000)
  to   space 21504K, 0% used [0x0000000783a00000,0x0000000783a00000,0x0000000784f00000)
 ParOldGen       total 167424K, used 27637K [0x00000006c6a00000, 0x00000006d0d80000, 0x000000076ce00000)
  object space 167424K, 16% used [0x00000006c6a00000,0x00000006c84fd770,0x00000006d0d80000)
 Metaspace       used 57593K, capacity 58796K, committed 58840K, reserved 1099776K
  class space    used 8257K, capacity 8551K, committed 8576K, reserved 1048576K
Event: 17.295 GC heap after
Heap after GC invocations=14 (full 3):
 PSYoungGen      total 270848K, used 0K [0x000000076ce00000, 0x0000000784f00000, 0x00000007c0000000)
  eden space 250368K, 0% used [0x000000076ce00000,0x000000076ce00000,0x000000077c280000)
  from space 20480K, 0% used [0x000000077c280000,0x000000077c280000,0x000000077d680000)
  to   space 21504K, 0% used [0x0000000783a00000,0x0000000783a00000,0x0000000784f00000)
 ParOldGen       total 210944K, used 35257K [0x00000006c6a00000, 0x00000006d3800000, 0x000000076ce00000)
  object space 210944K, 16% used [0x00000006c6a00000,0x00000006c8c6e700,0x00000006d3800000)
 Metaspace       used 57533K, capacity 58712K, committed 58840K, reserved 1099776K
  class space    used 8255K, capacity 8547K, committed 8576K, reserved 1048576K
}
Event: 304.242 GC heap before
{Heap before GC invocations=15 (full 3):
 PSYoungGen      total 270848K, used 250368K [0x000000076ce00000, 0x0000000784f00000, 0x00000007c0000000)
  eden space 250368K, 100% used [0x000000076ce00000,0x000000077c280000,0x000000077c280000)
  from space 20480K, 0% used [0x000000077c280000,0x000000077c280000,0x000000077d680000)
  to   space 21504K, 0% used [0x0000000783a00000,0x0000000783a00000,0x0000000784f00000)
 ParOldGen       total 210944K, used 35257K [0x00000006c6a00000, 0x00000006d3800000, 0x000000076ce00000)
  object space 210944K, 16% used [0x00000006c6a00000,0x00000006c8c6e700,0x00000006d3800000)
 Metaspace       used 59126K, capacity 60448K, committed 60672K, reserved 1101824K
  class space    used 8318K, capacity 8633K, committed 8704K, reserved 1048576K
Event: 304.250 GC heap after
Heap after GC invocations=15 (full 3):
 PSYoungGen      total 358400K, used 1595K [0x000000076ce00000, 0x0000000784900000, 0x00000007c0000000)
  eden space 343040K, 0% used [0x000000076ce00000,0x000000076ce00000,0x0000000781d00000)
  from space 15360K, 10% used [0x0000000783a00000,0x0000000783b8ee08,0x0000000784900000)
  to   space 22528K, 0% used [0x0000000781d00000,0x0000000781d00000,0x0000000783300000)
 ParOldGen       total 210944K, used 35265K [0x00000006c6a00000, 0x00000006d3800000, 0x000000076ce00000)
  object space 210944K, 16% used [0x00000006c6a00000,0x00000006c8c70700,0x00000006d3800000)
 Metaspace       used 59126K, capacity 60448K, committed 60672K, reserved 1101824K
  class space    used 8318K, capacity 8633K, committed 8704K, reserved 1048576K
}
Event: 739.910 GC heap before
{Heap before GC invocations=16 (full 3):
 PSYoungGen      total 358400K, used 344635K [0x000000076ce00000, 0x0000000784900000, 0x00000007c0000000)
  eden space 343040K, 100% used [0x000000076ce00000,0x0000000781d00000,0x0000000781d00000)
  from space 15360K, 10% used [0x0000000783a00000,0x0000000783b8ee08,0x0000000784900000)
  to   space 22528K, 0% used [0x0000000781d00000,0x0000000781d00000,0x0000000783300000)
 ParOldGen       total 210944K, used 35265K [0x00000006c6a00000, 0x00000006d3800000, 0x000000076ce00000)
  object space 210944K, 16% used [0x00000006c6a00000,0x00000006c8c70700,0x00000006d3800000)
 Metaspace       used 59439K, capacity 60722K, committed 60928K, reserved 1101824K
  class space    used 8324K, capacity 8636K, committed 8704K, reserved 1048576K
Event: 739.916 GC heap after
Heap after GC invocations=16 (full 3):
 PSYoungGen      total 365568K, used 3094K [0x000000076ce00000, 0x000000078b680000, 0x00000007c0000000)
  eden space 343040K, 0% used [0x000000076ce00000,0x000000076ce00000,0x0000000781d00000)
  from space 22528K, 13% used [0x0000000781d00000,0x0000000782005bc8,0x0000000783300000)
  to   space 22528K, 0% used [0x000000078a080000,0x000000078a080000,0x000000078b680000)
 ParOldGen       total 210944K, used 35273K [0x00000006c6a00000, 0x00000006d3800000, 0x000000076ce00000)
  object space 210944K, 16% used [0x00000006c6a00000,0x00000006c8c72700,0x00000006d3800000)
 Metaspace       used 59439K, capacity 60722K, committed 60928K, reserved 1101824K
  class space    used 8324K, capacity 8636K, committed 8704K, reserved 1048576K
}

