# JRE version: Java(TM) SE Runtime Environment (8.0_20-b17) (build 1.8.0_20-ea-b17)
# Java VM: Java HotSpot(TM) 64-Bit Server VM (25.20-b17 mixed mode linux-amd64 compressed oops)
Heap:
 PSYoungGen      total 432640K, used 137587K [0x000000076ce00000, 0x000000078c900000, 0x00000007c0000000)
  eden space 412160K, 33% used [0x000000076ce00000,0x000000077545cd48,0x0000000786080000)
  from space 20480K, 0% used [0x0000000786080000,0x0000000786080000,0x0000000787480000)
  to   space 20992K, 0% used [0x000000078b480000,0x000000078b480000,0x000000078c900000)
 ParOldGen       total 233472K, used 35295K [0x00000006c6a00000, 0x00000006d4e00000, 0x000000076ce00000)
  object space 233472K, 15% used [0x00000006c6a00000,0x00000006c8c77ce8,0x00000006d4e00000)
 Metaspace       used 57767K, capacity 58916K, committed 59164K, reserved 1099776K
  class space    used 8191K, capacity 8480K, committed 8576K, reserved 1048576K
GC Heap History (10 events):
Event: 5.135 GC heap before
{Heap before GC invocations=8 (full 2):
 PSYoungGen      total 310272K, used 13076K [0x000000076ce00000, 0x0000000785f00000, 0x00000007c0000000)
  eden space 295424K, 0% used [0x000000076ce00000,0x000000076ce00000,0x000000077ee80000)
  from space 14848K, 88% used [0x000000077fe00000,0x0000000780ac50e0,0x0000000780c80000)
  to   space 15872K, 0% used [0x000000077ee80000,0x000000077ee80000,0x000000077fe00000)
 ParOldGen       total 108032K, used 12937K [0x00000006c6a00000, 0x00000006cd380000, 0x000000076ce00000)
  object space 108032K, 11% used [0x00000006c6a00000,0x00000006c76a25c8,0x00000006cd380000)
 Metaspace       used 34756K, capacity 35114K, committed 35320K, reserved 1079296K
  class space    used 4562K, capacity 4673K, committed 4736K, reserved 1048576K
Event: 5.205 GC heap after
Heap after GC invocations=8 (full 2):
 PSYoungGen      total 310272K, used 0K [0x000000076ce00000, 0x0000000785f00000, 0x00000007c0000000)
  eden space 295424K, 0% used [0x000000076ce00000,0x000000076ce00000,0x000000077ee80000)
  from space 14848K, 0% used [0x000000077fe00000,0x000000077fe00000,0x0000000780c80000)
  to   space 15872K, 0% used [0x000000077ee80000,0x000000077ee80000,0x000000077fe00000)
 ParOldGen       total 166912K, used 23637K [0x00000006c6a00000, 0x00000006d0d00000, 0x000000076ce00000)
  object space 166912K, 14% used [0x00000006c6a00000,0x00000006c81155a0,0x00000006d0d00000)
 Metaspace       used 34756K, capacity 35114K, committed 35320K, reserved 1079296K
  class space    used 4562K, capacity 4673K, committed 4736K, reserved 1048576K
}
Event: 7.391 GC heap before
{Heap before GC invocations=9 (full 2):
 PSYoungGen      total 310272K, used 295424K [0x000000076ce00000, 0x0000000785f00000, 0x00000007c0000000)
  eden space 295424K, 100% used [0x000000076ce00000,0x000000077ee80000,0x000000077ee80000)
  from space 14848K, 0% used [0x000000077fe00000,0x000000077fe00000,0x0000000780c80000)
  to   space 15872K, 0% used [0x000000077ee80000,0x000000077ee80000,0x000000077fe00000)
 ParOldGen       total 166912K, used 23637K [0x00000006c6a00000, 0x00000006d0d00000, 0x000000076ce00000)
  object space 166912K, 14% used [0x00000006c6a00000,0x00000006c81155a0,0x00000006d0d00000)
 Metaspace       used 44743K, capacity 45234K, committed 45440K, reserved 1087488K
  class space    used 6615K, capacity 6744K, committed 6784K, reserved 1048576K
Event: 7.406 GC heap after
Heap after GC invocations=9 (full 2):
 PSYoungGen      total 311296K, used 12971K [0x000000076ce00000, 0x0000000788880000, 0x00000007c0000000)
  eden space 295424K, 0% used [0x000000076ce00000,0x000000076ce00000,0x000000077ee80000)
  from space 15872K, 81% used [0x000000077ee80000,0x000000077fb2afc0,0x000000077fe00000)
  to   space 16384K, 0% used [0x0000000787880000,0x0000000787880000,0x0000000788880000)
 ParOldGen       total 166912K, used 23645K [0x00000006c6a00000, 0x00000006d0d00000, 0x000000076ce00000)
  object space 166912K, 14% used [0x00000006c6a00000,0x00000006c81175a0,0x00000006d0d00000)
 Metaspace       used 44743K, capacity 45234K, committed 45440K, reserved 1087488K
  class space    used 6615K, capacity 6744K, committed 6784K, reserved 1048576K
}
Event: 37.358 GC heap before
{Heap before GC invocations=10 (full 2):
 PSYoungGen      total 311296K, used 308395K [0x000000076ce00000, 0x0000000788880000, 0x00000007c0000000)
  eden space 295424K, 100% used [0x000000076ce00000,0x000000077ee80000,0x000000077ee80000)
  from space 15872K, 81% used [0x000000077ee80000,0x000000077fb2afc0,0x000000077fe00000)
  to   space 16384K, 0% used [0x0000000787880000,0x0000000787880000,0x0000000788880000)
 ParOldGen       total 166912K, used 23645K [0x00000006c6a00000, 0x00000006d0d00000, 0x000000076ce00000)
  object space 166912K, 14% used [0x00000006c6a00000,0x00000006c81175a0,0x00000006d0d00000)
 Metaspace       used 57113K, capacity 58242K, committed 58368K, reserved 1099776K
  class space    used 8158K, capacity 8400K, committed 8448K, reserved 1048576K
Event: 37.383 GC heap after
Heap after GC invocations=10 (full 2):
 PSYoungGen      total 417792K, used 16356K [0x000000076ce00000, 0x0000000788880000, 0x00000007c0000000)
  eden space 401408K, 0% used [0x000000076ce00000,0x000000076ce00000,0x0000000785600000)
  from space 16384K, 99% used [0x0000000787880000,0x0000000788879130,0x0000000788880000)
  to   space 20480K, 0% used [0x0000000786080000,0x0000000786080000,0x0000000787480000)
 ParOldGen       total 166912K, used 28883K [0x00000006c6a00000, 0x00000006d0d00000, 0x000000076ce00000)
  object space 166912K, 17% used [0x00000006c6a00000,0x00000006c8634f38,0x00000006d0d00000)
 Metaspace       used 57113K, capacity 58242K, committed 58368K, reserved 1099776K
  class space    used 8158K, capacity 8400K, committed 8448K, reserved 1048576K
}
Event: 45.128 GC heap before
{Heap before GC invocations=11 (full 2):
 PSYoungGen      total 417792K, used 144559K [0x000000076ce00000, 0x0000000788880000, 0x00000007c0000000)
  eden space 401408K, 31% used [0x000000076ce00000,0x0000000774b32cc0,0x0000000785600000)
  from space 16384K, 99% used [0x0000000787880000,0x0000000788879130,0x0000000788880000)
  to   space 20480K, 0% used [0x0000000786080000,0x0000000786080000,0x0000000787480000)
 ParOldGen       total 166912K, used 28883K [0x00000006c6a00000, 0x00000006d0d00000, 0x000000076ce00000)
  object space 166912K, 17% used [0x00000006c6a00000,0x00000006c8634f38,0x00000006d0d00000)
 Metaspace       used 57338K, capacity 58456K, committed 58524K, reserved 1099776K
  class space    used 8166K, capacity 8441K, committed 8448K, reserved 1048576K
Event: 45.156 GC heap after
Heap after GC invocations=11 (full 2):
 PSYoungGen      total 432640K, used 15620K [0x000000076ce00000, 0x000000078c900000, 0x00000007c0000000)
  eden space 412160K, 0% used [0x000000076ce00000,0x000000076ce00000,0x0000000786080000)
  from space 20480K, 76% used [0x0000000786080000,0x0000000786fc1370,0x0000000787480000)
  to   space 20992K, 0% used [0x000000078b480000,0x000000078b480000,0x000000078c900000)
 ParOldGen       total 166912K, used 28891K [0x00000006c6a00000, 0x00000006d0d00000, 0x000000076ce00000)
  object space 166912K, 17% used [0x00000006c6a00000,0x00000006c8636f38,0x00000006d0d00000)
 Metaspace       used 57338K, capacity 58456K, committed 58524K, reserved 1099776K
  class space    used 8166K, capacity 8441K, committed 8448K, reserved 1048576K
}
Event: 45.156 GC heap before
{Heap before GC invocations=12 (full 3):
 PSYoungGen      total 432640K, used 15620K [0x000000076ce00000, 0x000000078c900000, 0x00000007c0000000)
  eden space 412160K, 0% used [0x000000076ce00000,0x000000076ce00000,0x0000000786080000)
  from space 20480K, 76% used [0x0000000786080000,0x0000000786fc1370,0x0000000787480000)
  to   space 20992K, 0% used [0x000000078b480000,0x000000078b480000,0x000000078c900000)
 ParOldGen       total 166912K, used 28891K [0x00000006c6a00000, 0x00000006d0d00000, 0x000000076ce00000)
  object space 166912K, 17% used [0x00000006c6a00000,0x00000006c8636f38,0x00000006d0d00000)
 Metaspace       used 57338K, capacity 58456K, committed 58524K, reserved 1099776K
  class space    used 8166K, capacity 8441K, committed 8448K, reserved 1048576K
Event: 45.437 GC heap after
Heap after GC invocations=12 (full 3):
 PSYoungGen      total 432640K, used 0K [0x000000076ce00000, 0x000000078c900000, 0x00000007c0000000)
  eden space 412160K, 0% used [0x000000076ce00000,0x000000076ce00000,0x0000000786080000)
  from space 20480K, 0% used [0x0000000786080000,0x0000000786080000,0x0000000787480000)
  to   space 20992K, 0% used [0x000000078b480000,0x000000078b480000,0x000000078c900000)
 ParOldGen       total 233472K, used 35295K [0x00000006c6a00000, 0x00000006d4e00000, 0x000000076ce00000)
  object space 233472K, 15% used [0x00000006c6a00000,0x00000006c8c77ce8,0x00000006d4e00000)
 Metaspace       used 57328K, capacity 58442K, committed 58524K, reserved 1099776K
  class space    used 8165K, capacity 8439K, committed 8448K, reserved 1048576K
}

