# JRE version: Java(TM) SE Runtime Environment (8.0_20-b17) (build 1.8.0_20-ea-b17)
# Java VM: Java HotSpot(TM) 64-Bit Server VM (25.20-b17 mixed mode linux-amd64 compressed oops)
Heap:
 PSYoungGen      total 384512K, used 104634K [0x000000076ce00000, 0x0000000786e00000, 0x00000007c0000000)
  eden space 370688K, 28% used [0x000000076ce00000,0x000000077342e840,0x0000000783800000)
  from space 13824K, 0% used [0x0000000784a80000,0x0000000784a80000,0x0000000785800000)
  to   space 22528K, 0% used [0x0000000785800000,0x0000000785800000,0x0000000786e00000)
 ParOldGen       total 259072K, used 39655K [0x00000006c6a00000, 0x00000006d6700000, 0x000000076ce00000)
  object space 259072K, 15% used [0x00000006c6a00000,0x00000006c90b9f40,0x00000006d6700000)
 Metaspace       used 58517K, capacity 59692K, committed 59828K, reserved 1099776K
  class space    used 8458K, capacity 8720K, committed 8832K, reserved 1048576K
GC Heap History (10 events):
Event: 6.530 GC heap before
{Heap before GC invocations=8 (full 2):
 PSYoungGen      total 268288K, used 258048K [0x000000076ce00000, 0x0000000781d80000, 0x00000007c0000000)
  eden space 258048K, 100% used [0x000000076ce00000,0x000000077ca00000,0x000000077ca00000)
  from space 10240K, 0% used [0x000000077ca00000,0x000000077ca00000,0x000000077d400000)
  to   space 23040K, 0% used [0x0000000780700000,0x0000000780700000,0x0000000781d80000)
 ParOldGen       total 193024K, used 34322K [0x00000006c6a00000, 0x00000006d2680000, 0x000000076ce00000)
  object space 193024K, 17% used [0x00000006c6a00000,0x00000006c8b849f8,0x00000006d2680000)
 Metaspace       used 43913K, capacity 44560K, committed 44620K, reserved 1087488K
  class space    used 6901K, capacity 7002K, committed 7040K, reserved 1048576K
Event: 6.541 GC heap after
Heap after GC invocations=8 (full 2):
 PSYoungGen      total 320000K, used 8387K [0x000000076ce00000, 0x0000000785a00000, 0x00000007c0000000)
  eden space 296960K, 0% used [0x000000076ce00000,0x000000076ce00000,0x000000077f000000)
  from space 23040K, 36% used [0x0000000780700000,0x0000000780f30f20,0x0000000781d80000)
  to   space 23552K, 0% used [0x000000077f000000,0x000000077f000000,0x0000000780700000)
 ParOldGen       total 193024K, used 34330K [0x00000006c6a00000, 0x00000006d2680000, 0x000000076ce00000)
  object space 193024K, 17% used [0x00000006c6a00000,0x00000006c8b869f8,0x00000006d2680000)
 Metaspace       used 43913K, capacity 44560K, committed 44620K, reserved 1087488K
  class space    used 6901K, capacity 7002K, committed 7040K, reserved 1048576K
}
Event: 8.159 GC heap before
{Heap before GC invocations=9 (full 2):
 PSYoungGen      total 320000K, used 305347K [0x000000076ce00000, 0x0000000785a00000, 0x00000007c0000000)
  eden space 296960K, 100% used [0x000000076ce00000,0x000000077f000000,0x000000077f000000)
  from space 23040K, 36% used [0x0000000780700000,0x0000000780f30f20,0x0000000781d80000)
  to   space 23552K, 0% used [0x000000077f000000,0x000000077f000000,0x0000000780700000)
 ParOldGen       total 193024K, used 34330K [0x00000006c6a00000, 0x00000006d2680000, 0x000000076ce00000)
  object space 193024K, 17% used [0x00000006c6a00000,0x00000006c8b869f8,0x00000006d2680000)
 Metaspace       used 50573K, capacity 51290K, committed 51532K, reserved 1093632K
  class space    used 7602K, capacity 7745K, committed 7808K, reserved 1048576K
Event: 8.171 GC heap after
Heap after GC invocations=9 (full 2):
 PSYoungGen      total 320512K, used 13154K [0x000000076ce00000, 0x0000000788280000, 0x00000007c0000000)
  eden space 296960K, 0% used [0x000000076ce00000,0x000000076ce00000,0x000000077f000000)
  from space 23552K, 55% used [0x000000077f000000,0x000000077fcd8bb0,0x0000000780700000)
  to   space 22016K, 0% used [0x0000000786d00000,0x0000000786d00000,0x0000000788280000)
 ParOldGen       total 193024K, used 34338K [0x00000006c6a00000, 0x00000006d2680000, 0x000000076ce00000)
  object space 193024K, 17% used [0x00000006c6a00000,0x00000006c8b889f8,0x00000006d2680000)
 Metaspace       used 50573K, capacity 51290K, committed 51532K, reserved 1093632K
  class space    used 7602K, capacity 7745K, committed 7808K, reserved 1048576K
}
Event: 150.455 GC heap before
{Heap before GC invocations=10 (full 2):
 PSYoungGen      total 320512K, used 310114K [0x000000076ce00000, 0x0000000788280000, 0x00000007c0000000)
  eden space 296960K, 100% used [0x000000076ce00000,0x000000077f000000,0x000000077f000000)
  from space 23552K, 55% used [0x000000077f000000,0x000000077fcd8bb0,0x0000000780700000)
  to   space 22016K, 0% used [0x0000000786d00000,0x0000000786d00000,0x0000000788280000)
 ParOldGen       total 193024K, used 34338K [0x00000006c6a00000, 0x00000006d2680000, 0x000000076ce00000)
  object space 193024K, 17% used [0x00000006c6a00000,0x00000006c8b889f8,0x00000006d2680000)
 Metaspace       used 57270K, capacity 58226K, committed 58444K, reserved 1099776K
  class space    used 8268K, capacity 8486K, committed 8576K, reserved 1048576K
Event: 150.477 GC heap after
Heap after GC invocations=10 (full 2):
 PSYoungGen      total 406528K, used 22015K [0x000000076ce00000, 0x0000000788280000, 0x00000007c0000000)
  eden space 384512K, 0% used [0x000000076ce00000,0x000000076ce00000,0x0000000784580000)
  from space 22016K, 99% used [0x0000000786d00000,0x000000078827fcf0,0x0000000788280000)
  to   space 28672K, 0% used [0x0000000784a80000,0x0000000784a80000,0x0000000786680000)
 ParOldGen       total 193024K, used 42531K [0x00000006c6a00000, 0x00000006d2680000, 0x000000076ce00000)
  object space 193024K, 22% used [0x00000006c6a00000,0x00000006c9388c30,0x00000006d2680000)
 Metaspace       used 57270K, capacity 58226K, committed 58444K, reserved 1099776K
  class space    used 8268K, capacity 8486K, committed 8576K, reserved 1048576K
}
Event: 239.383 GC heap before
{Heap before GC invocations=11 (full 2):
 PSYoungGen      total 406528K, used 94469K [0x000000076ce00000, 0x0000000788280000, 0x00000007c0000000)
  eden space 384512K, 18% used [0x000000076ce00000,0x00000007714c1998,0x0000000784580000)
  from space 22016K, 99% used [0x0000000786d00000,0x000000078827fcf0,0x0000000788280000)
  to   space 28672K, 0% used [0x0000000784a80000,0x0000000784a80000,0x0000000786680000)
 ParOldGen       total 193024K, used 42531K [0x00000006c6a00000, 0x00000006d2680000, 0x000000076ce00000)
  object space 193024K, 22% used [0x00000006c6a00000,0x00000006c9388c30,0x00000006d2680000)
 Metaspace       used 57612K, capacity 58500K, committed 58548K, reserved 1099776K
  class space    used 8327K, capacity 8553K, committed 8576K, reserved 1048576K
Event: 239.400 GC heap after
Heap after GC invocations=11 (full 2):
 PSYoungGen      total 384512K, used 13629K [0x000000076ce00000, 0x0000000786e00000, 0x00000007c0000000)
  eden space 370688K, 0% used [0x000000076ce00000,0x000000076ce00000,0x0000000783800000)
  from space 13824K, 98% used [0x0000000784a80000,0x00000007857cf528,0x0000000785800000)
  to   space 22528K, 0% used [0x0000000785800000,0x0000000785800000,0x0000000786e00000)
 ParOldGen       total 193024K, used 42667K [0x00000006c6a00000, 0x00000006d2680000, 0x000000076ce00000)
  object space 193024K, 22% used [0x00000006c6a00000,0x00000006c93aac40,0x00000006d2680000)
 Metaspace       used 57612K, capacity 58500K, committed 58548K, reserved 1099776K
  class space    used 8327K, capacity 8553K, committed 8576K, reserved 1048576K
}
Event: 239.400 GC heap before
{Heap before GC invocations=12 (full 3):
 PSYoungGen      total 384512K, used 13629K [0x000000076ce00000, 0x0000000786e00000, 0x00000007c0000000)
  eden space 370688K, 0% used [0x000000076ce00000,0x000000076ce00000,0x0000000783800000)
  from space 13824K, 98% used [0x0000000784a80000,0x00000007857cf528,0x0000000785800000)
  to   space 22528K, 0% used [0x0000000785800000,0x0000000785800000,0x0000000786e00000)
 ParOldGen       total 193024K, used 42667K [0x00000006c6a00000, 0x00000006d2680000, 0x000000076ce00000)
  object space 193024K, 22% used [0x00000006c6a00000,0x00000006c93aac40,0x00000006d2680000)
 Metaspace       used 57612K, capacity 58500K, committed 58548K, reserved 1099776K
  class space    used 8327K, capacity 8553K, committed 8576K, reserved 1048576K
Event: 239.580 GC heap after
Heap after GC invocations=12 (full 3):
 PSYoungGen      total 384512K, used 0K [0x000000076ce00000, 0x0000000786e00000, 0x00000007c0000000)
  eden space 370688K, 0% used [0x000000076ce00000,0x000000076ce00000,0x0000000783800000)
  from space 13824K, 0% used [0x0000000784a80000,0x0000000784a80000,0x0000000785800000)
  to   space 22528K, 0% used [0x0000000785800000,0x0000000785800000,0x0000000786e00000)
 ParOldGen       total 259072K, used 39655K [0x00000006c6a00000, 0x00000006d6700000, 0x000000076ce00000)
  object space 259072K, 15% used [0x00000006c6a00000,0x00000006c90b9f40,0x00000006d6700000)
 Metaspace       used 57601K, capacity 58486K, committed 58548K, reserved 1099776K
  class space    used 8326K, capacity 8551K, committed 8576K, reserved 1048576K
}

