# JRE version: Java(TM) SE Runtime Environment (8.0_20-b17) (build 1.8.0_20-ea-b17)
# Java VM: Java HotSpot(TM) 64-Bit Server VM (25.20-b17 mixed mode linux-amd64 compressed oops)
Heap:
 PSYoungGen      total 216576K, used 97823K [0x000000076ce00000, 0x000000077d300000, 0x00000007c0000000)
  eden space 198144K, 49% used [0x000000076ce00000,0x0000000772d87db8,0x0000000778f80000)
  from space 18432K, 0% used [0x0000000778f80000,0x0000000778f80000,0x000000077a180000)
  to   space 19456K, 0% used [0x000000077c000000,0x000000077c000000,0x000000077d300000)
 ParOldGen       total 271360K, used 35000K [0x00000006c6a00000, 0x00000006d7300000, 0x000000076ce00000)
  object space 271360K, 12% used [0x00000006c6a00000,0x00000006c8c2e0a8,0x00000006d7300000)
 Metaspace       used 58035K, capacity 59278K, committed 59648K, reserved 1099776K
  class space    used 8291K, capacity 8582K, committed 8704K, reserved 1048576K
GC Heap History (10 events):
Event: 7.012 GC heap before
{Heap before GC invocations=10 (full 2):
 PSYoungGen      total 140800K, used 125952K [0x000000076ce00000, 0x0000000779680000, 0x00000007c0000000)
  eden space 125952K, 100% used [0x000000076ce00000,0x0000000774900000,0x0000000774900000)
  from space 14848K, 0% used [0x0000000774900000,0x0000000774900000,0x0000000775780000)
  to   space 15872K, 0% used [0x0000000778700000,0x0000000778700000,0x0000000779680000)
 ParOldGen       total 191488K, used 23528K [0x00000006c6a00000, 0x00000006d2500000, 0x000000076ce00000)
  object space 191488K, 12% used [0x00000006c6a00000,0x00000006c80fa328,0x00000006d2500000)
 Metaspace       used 39114K, capacity 39662K, committed 39936K, reserved 1083392K
  class space    used 5660K, capacity 5810K, committed 5888K, reserved 1048576K
Event: 7.020 GC heap after
Heap after GC invocations=10 (full 2):
 PSYoungGen      total 180224K, used 5905K [0x000000076ce00000, 0x0000000779200000, 0x00000007c0000000)
  eden space 168960K, 0% used [0x000000076ce00000,0x000000076ce00000,0x0000000777300000)
  from space 11264K, 52% used [0x0000000778700000,0x0000000778cc4700,0x0000000779200000)
  to   space 15872K, 0% used [0x0000000777300000,0x0000000777300000,0x0000000778280000)
 ParOldGen       total 191488K, used 23536K [0x00000006c6a00000, 0x00000006d2500000, 0x000000076ce00000)
  object space 191488K, 12% used [0x00000006c6a00000,0x00000006c80fc328,0x00000006d2500000)
 Metaspace       used 39114K, capacity 39662K, committed 39936K, reserved 1083392K
  class space    used 5660K, capacity 5810K, committed 5888K, reserved 1048576K
}
Event: 8.006 GC heap before
{Heap before GC invocations=11 (full 2):
 PSYoungGen      total 180224K, used 174865K [0x000000076ce00000, 0x0000000779200000, 0x00000007c0000000)
  eden space 168960K, 100% used [0x000000076ce00000,0x0000000777300000,0x0000000777300000)
  from space 11264K, 52% used [0x0000000778700000,0x0000000778cc4700,0x0000000779200000)
  to   space 15872K, 0% used [0x0000000777300000,0x0000000777300000,0x0000000778280000)
 ParOldGen       total 191488K, used 23536K [0x00000006c6a00000, 0x00000006d2500000, 0x000000076ce00000)
  object space 191488K, 12% used [0x00000006c6a00000,0x00000006c80fc328,0x00000006d2500000)
 Metaspace       used 44456K, capacity 44946K, committed 45184K, reserved 1087488K
  class space    used 6591K, capacity 6712K, committed 6784K, reserved 1048576K
Event: 8.020 GC heap after
Heap after GC invocations=11 (full 2):
 PSYoungGen      total 184832K, used 9986K [0x000000076ce00000, 0x000000077b380000, 0x00000007c0000000)
  eden space 168960K, 0% used [0x000000076ce00000,0x000000076ce00000,0x0000000777300000)
  from space 15872K, 62% used [0x0000000777300000,0x0000000777cc0b20,0x0000000778280000)
  to   space 15360K, 0% used [0x000000077a480000,0x000000077a480000,0x000000077b380000)
 ParOldGen       total 191488K, used 23544K [0x00000006c6a00000, 0x00000006d2500000, 0x000000076ce00000)
  object space 191488K, 12% used [0x00000006c6a00000,0x00000006c80fe328,0x00000006d2500000)
 Metaspace       used 44456K, capacity 44946K, committed 45184K, reserved 1087488K
  class space    used 6591K, capacity 6712K, committed 6784K, reserved 1048576K
}
Event: 100.865 GC heap before
{Heap before GC invocations=12 (full 2):
 PSYoungGen      total 184832K, used 178946K [0x000000076ce00000, 0x000000077b380000, 0x00000007c0000000)
  eden space 168960K, 100% used [0x000000076ce00000,0x0000000777300000,0x0000000777300000)
  from space 15872K, 62% used [0x0000000777300000,0x0000000777cc0b20,0x0000000778280000)
  to   space 15360K, 0% used [0x000000077a480000,0x000000077a480000,0x000000077b380000)
 ParOldGen       total 191488K, used 23544K [0x00000006c6a00000, 0x00000006d2500000, 0x000000076ce00000)
  object space 191488K, 12% used [0x00000006c6a00000,0x00000006c80fe328,0x00000006d2500000)
 Metaspace       used 54936K, capacity 55470K, committed 55936K, reserved 1097728K
  class space    used 7826K, capacity 7980K, committed 8064K, reserved 1048576K
Event: 100.886 GC heap after
Heap after GC invocations=12 (full 2):
 PSYoungGen      total 213504K, used 15350K [0x000000076ce00000, 0x000000077b380000, 0x00000007c0000000)
  eden space 198144K, 0% used [0x000000076ce00000,0x000000076ce00000,0x0000000778f80000)
  from space 15360K, 99% used [0x000000077a480000,0x000000077b37d828,0x000000077b380000)
  to   space 18432K, 0% used [0x0000000778f80000,0x0000000778f80000,0x000000077a180000)
 ParOldGen       total 191488K, used 27106K [0x00000006c6a00000, 0x00000006d2500000, 0x000000076ce00000)
  object space 191488K, 14% used [0x00000006c6a00000,0x00000006c8478968,0x00000006d2500000)
 Metaspace       used 54936K, capacity 55470K, committed 55936K, reserved 1097728K
  class space    used 7826K, capacity 7980K, committed 8064K, reserved 1048576K
}
Event: 106.141 GC heap before
{Heap before GC invocations=13 (full 2):
 PSYoungGen      total 213504K, used 113044K [0x000000076ce00000, 0x000000077b380000, 0x00000007c0000000)
  eden space 198144K, 49% used [0x000000076ce00000,0x0000000772d67b80,0x0000000778f80000)
  from space 15360K, 99% used [0x000000077a480000,0x000000077b37d828,0x000000077b380000)
  to   space 18432K, 0% used [0x0000000778f80000,0x0000000778f80000,0x000000077a180000)
 ParOldGen       total 191488K, used 27106K [0x00000006c6a00000, 0x00000006d2500000, 0x000000076ce00000)
  object space 191488K, 14% used [0x00000006c6a00000,0x00000006c8478968,0x00000006d2500000)
 Metaspace       used 57173K, capacity 58264K, committed 58368K, reserved 1099776K
  class space    used 8169K, capacity 8403K, committed 8448K, reserved 1048576K
Event: 106.161 GC heap after
Heap after GC invocations=13 (full 2):
 PSYoungGen      total 216576K, used 15538K [0x000000076ce00000, 0x000000077d300000, 0x00000007c0000000)
  eden space 198144K, 0% used [0x000000076ce00000,0x000000076ce00000,0x0000000778f80000)
  from space 18432K, 84% used [0x0000000778f80000,0x0000000779eac920,0x000000077a180000)
  to   space 19456K, 0% used [0x000000077c000000,0x000000077c000000,0x000000077d300000)
 ParOldGen       total 191488K, used 27114K [0x00000006c6a00000, 0x00000006d2500000, 0x000000076ce00000)
  object space 191488K, 14% used [0x00000006c6a00000,0x00000006c847a968,0x00000006d2500000)
 Metaspace       used 57173K, capacity 58264K, committed 58368K, reserved 1099776K
  class space    used 8169K, capacity 8403K, committed 8448K, reserved 1048576K
}
Event: 106.161 GC heap before
{Heap before GC invocations=14 (full 3):
 PSYoungGen      total 216576K, used 15538K [0x000000076ce00000, 0x000000077d300000, 0x00000007c0000000)
  eden space 198144K, 0% used [0x000000076ce00000,0x000000076ce00000,0x0000000778f80000)
  from space 18432K, 84% used [0x0000000778f80000,0x0000000779eac920,0x000000077a180000)
  to   space 19456K, 0% used [0x000000077c000000,0x000000077c000000,0x000000077d300000)
 ParOldGen       total 191488K, used 27114K [0x00000006c6a00000, 0x00000006d2500000, 0x000000076ce00000)
  object space 191488K, 14% used [0x00000006c6a00000,0x00000006c847a968,0x00000006d2500000)
 Metaspace       used 57173K, capacity 58264K, committed 58368K, reserved 1099776K
  class space    used 8169K, capacity 8403K, committed 8448K, reserved 1048576K
Event: 106.366 GC heap after
Heap after GC invocations=14 (full 3):
 PSYoungGen      total 216576K, used 0K [0x000000076ce00000, 0x000000077d300000, 0x00000007c0000000)
  eden space 198144K, 0% used [0x000000076ce00000,0x000000076ce00000,0x0000000778f80000)
  from space 18432K, 0% used [0x0000000778f80000,0x0000000778f80000,0x000000077a180000)
  to   space 19456K, 0% used [0x000000077c000000,0x000000077c000000,0x000000077d300000)
 ParOldGen       total 271360K, used 35000K [0x00000006c6a00000, 0x00000006d7300000, 0x000000076ce00000)
  object space 271360K, 12% used [0x00000006c6a00000,0x00000006c8c2e0a8,0x00000006d7300000)
 Metaspace       used 57113K, capacity 58180K, committed 58368K, reserved 1099776K
  class space    used 8168K, capacity 8399K, committed 8448K, reserved 1048576K
}

