# JRE version: Java(TM) SE Runtime Environment (8.0_20-b17) (build 1.8.0_20-ea-b17)
# Java VM: Java HotSpot(TM) 64-Bit Server VM (25.20-b17 mixed mode linux-amd64 compressed oops)
Heap:
 PSYoungGen      total 420352K, used 202586K [0x000000076ce00000, 0x0000000788b00000, 0x00000007c0000000)
  eden space 404992K, 46% used [0x000000076ce00000,0x00000007784d9b98,0x0000000785980000)
  from space 15360K, 99% used [0x0000000787c00000,0x0000000788afcdd0,0x0000000788b00000)
  to   space 18944K, 0% used [0x0000000786600000,0x0000000786600000,0x0000000787880000)
 ParOldGen       total 162304K, used 26207K [0x00000006c6a00000, 0x00000006d0880000, 0x000000076ce00000)
  object space 162304K, 16% used [0x00000006c6a00000,0x00000006c8397f50,0x00000006d0880000)
 Metaspace       used 54711K, capacity 55960K, committed 56056K, reserved 1097728K
  class space    used 7584K, capacity 7859K, committed 7928K, reserved 1048576K
GC Heap History (10 events):
Event: 5.018 GC heap before
{Heap before GC invocations=6 (full 1):
 PSYoungGen      total 207360K, used 207348K [0x000000076ce00000, 0x000000077de00000, 0x00000007c0000000)
  eden space 197120K, 100% used [0x000000076ce00000,0x0000000778e80000,0x0000000778e80000)
  from space 10240K, 99% used [0x000000077d400000,0x000000077ddfd290,0x000000077de00000)
  to   space 10240K, 0% used [0x000000077ca00000,0x000000077ca00000,0x000000077d400000)
 ParOldGen       total 107520K, used 14378K [0x00000006c6a00000, 0x00000006cd300000, 0x000000076ce00000)
  object space 107520K, 13% used [0x00000006c6a00000,0x00000006c780a968,0x00000006cd300000)
 Metaspace       used 32330K, capacity 33056K, committed 33152K, reserved 1079296K
  class space    used 3730K, capacity 3913K, committed 3968K, reserved 1048576K
Event: 5.025 GC heap after
Heap after GC invocations=6 (full 1):
 PSYoungGen      total 268288K, used 8015K [0x000000076ce00000, 0x0000000780880000, 0x00000007c0000000)
  eden space 258048K, 0% used [0x000000076ce00000,0x000000076ce00000,0x000000077ca00000)
  from space 10240K, 78% used [0x000000077ca00000,0x000000077d1d3e40,0x000000077d400000)
  to   space 13824K, 0% used [0x000000077fb00000,0x000000077fb00000,0x0000000780880000)
 ParOldGen       total 107520K, used 14386K [0x00000006c6a00000, 0x00000006cd300000, 0x000000076ce00000)
  object space 107520K, 13% used [0x00000006c6a00000,0x00000006c780c968,0x00000006cd300000)
 Metaspace       used 32330K, capacity 33056K, committed 33152K, reserved 1079296K
  class space    used 3730K, capacity 3913K, committed 3968K, reserved 1048576K
}
Event: 5.331 GC heap before
{Heap before GC invocations=7 (full 1):
 PSYoungGen      total 268288K, used 97266K [0x000000076ce00000, 0x0000000780880000, 0x00000007c0000000)
  eden space 258048K, 34% used [0x000000076ce00000,0x0000000772528b48,0x000000077ca00000)
  from space 10240K, 78% used [0x000000077ca00000,0x000000077d1d3e40,0x000000077d400000)
  to   space 13824K, 0% used [0x000000077fb00000,0x000000077fb00000,0x0000000780880000)
 ParOldGen       total 107520K, used 14386K [0x00000006c6a00000, 0x00000006cd300000, 0x000000076ce00000)
  object space 107520K, 13% used [0x00000006c6a00000,0x00000006c780c968,0x00000006cd300000)
 Metaspace       used 34526K, capacity 35206K, committed 35320K, reserved 1081344K
  class space    used 4102K, capacity 4266K, committed 4344K, reserved 1048576K
Event: 5.341 GC heap after
Heap after GC invocations=7 (full 1):
 PSYoungGen      total 308224K, used 9367K [0x000000076ce00000, 0x0000000786f00000, 0x00000007c0000000)
  eden space 294400K, 0% used [0x000000076ce00000,0x000000076ce00000,0x000000077ed80000)
  from space 13824K, 67% used [0x000000077fb00000,0x0000000780425d40,0x0000000780880000)
  to   space 13824K, 0% used [0x000000077ed80000,0x000000077ed80000,0x000000077fb00000)
 ParOldGen       total 107520K, used 14394K [0x00000006c6a00000, 0x00000006cd300000, 0x000000076ce00000)
  object space 107520K, 13% used [0x00000006c6a00000,0x00000006c780e968,0x00000006cd300000)
 Metaspace       used 34526K, capacity 35206K, committed 35320K, reserved 1081344K
  class space    used 4102K, capacity 4266K, committed 4344K, reserved 1048576K
}
Event: 5.341 GC heap before
{Heap before GC invocations=8 (full 2):
 PSYoungGen      total 308224K, used 9367K [0x000000076ce00000, 0x0000000786f00000, 0x00000007c0000000)
  eden space 294400K, 0% used [0x000000076ce00000,0x000000076ce00000,0x000000077ed80000)
  from space 13824K, 67% used [0x000000077fb00000,0x0000000780425d40,0x0000000780880000)
  to   space 13824K, 0% used [0x000000077ed80000,0x000000077ed80000,0x000000077fb00000)
 ParOldGen       total 107520K, used 14394K [0x00000006c6a00000, 0x00000006cd300000, 0x000000076ce00000)
  object space 107520K, 13% used [0x00000006c6a00000,0x00000006c780e968,0x00000006cd300000)
 Metaspace       used 34526K, capacity 35206K, committed 35320K, reserved 1081344K
  class space    used 4102K, capacity 4266K, committed 4344K, reserved 1048576K
Event: 5.418 GC heap after
Heap after GC invocations=8 (full 2):
 PSYoungGen      total 308224K, used 0K [0x000000076ce00000, 0x0000000786f00000, 0x00000007c0000000)
  eden space 294400K, 0% used [0x000000076ce00000,0x000000076ce00000,0x000000077ed80000)
  from space 13824K, 0% used [0x000000077fb00000,0x000000077fb00000,0x0000000780880000)
  to   space 13824K, 0% used [0x000000077ed80000,0x000000077ed80000,0x000000077fb00000)
 ParOldGen       total 162304K, used 19882K [0x00000006c6a00000, 0x00000006d0880000, 0x000000076ce00000)
  object space 162304K, 12% used [0x00000006c6a00000,0x00000006c7d6a858,0x00000006d0880000)
 Metaspace       used 34526K, capacity 35206K, committed 35320K, reserved 1081344K
  class space    used 4102K, capacity 4266K, committed 4344K, reserved 1048576K
}
Event: 7.281 GC heap before
{Heap before GC invocations=9 (full 2):
 PSYoungGen      total 308224K, used 294400K [0x000000076ce00000, 0x0000000786f00000, 0x00000007c0000000)
  eden space 294400K, 100% used [0x000000076ce00000,0x000000077ed80000,0x000000077ed80000)
  from space 13824K, 0% used [0x000000077fb00000,0x000000077fb00000,0x0000000780880000)
  to   space 13824K, 0% used [0x000000077ed80000,0x000000077ed80000,0x000000077fb00000)
 ParOldGen       total 162304K, used 19882K [0x00000006c6a00000, 0x00000006d0880000, 0x000000076ce00000)
  object space 162304K, 12% used [0x00000006c6a00000,0x00000006c7d6a858,0x00000006d0880000)
 Metaspace       used 44057K, capacity 44828K, committed 45048K, reserved 1087488K
  class space    used 6382K, capacity 6559K, committed 6648K, reserved 1048576K
Event: 7.295 GC heap after
Heap after GC invocations=9 (full 2):
 PSYoungGen      total 308224K, used 13795K [0x000000076ce00000, 0x0000000788b00000, 0x00000007c0000000)
  eden space 294400K, 0% used [0x000000076ce00000,0x000000076ce00000,0x000000077ed80000)
  from space 13824K, 99% used [0x000000077ed80000,0x000000077faf8c98,0x000000077fb00000)
  to   space 15360K, 0% used [0x0000000787c00000,0x0000000787c00000,0x0000000788b00000)
 ParOldGen       total 162304K, used 20980K [0x00000006c6a00000, 0x00000006d0880000, 0x000000076ce00000)
  object space 162304K, 12% used [0x00000006c6a00000,0x00000006c7e7d0a0,0x00000006d0880000)
 Metaspace       used 44057K, capacity 44828K, committed 45048K, reserved 1087488K
  class space    used 6382K, capacity 6559K, committed 6648K, reserved 1048576K
}
Event: 235.186 GC heap before
{Heap before GC invocations=10 (full 2):
 PSYoungGen      total 308224K, used 308195K [0x000000076ce00000, 0x0000000788b00000, 0x00000007c0000000)
  eden space 294400K, 100% used [0x000000076ce00000,0x000000077ed80000,0x000000077ed80000)
  from space 13824K, 99% used [0x000000077ed80000,0x000000077faf8c98,0x000000077fb00000)
  to   space 15360K, 0% used [0x0000000787c00000,0x0000000787c00000,0x0000000788b00000)
 ParOldGen       total 162304K, used 20980K [0x00000006c6a00000, 0x00000006d0880000, 0x000000076ce00000)
  object space 162304K, 12% used [0x00000006c6a00000,0x00000006c7e7d0a0,0x00000006d0880000)
 Metaspace       used 54109K, capacity 55188K, committed 55416K, reserved 1097728K
  class space    used 7525K, capacity 7789K, committed 7800K, reserved 1048576K
Event: 235.206 GC heap after
Heap after GC invocations=10 (full 2):
 PSYoungGen      total 420352K, used 15347K [0x000000076ce00000, 0x0000000788b00000, 0x00000007c0000000)
  eden space 404992K, 0% used [0x000000076ce00000,0x000000076ce00000,0x0000000785980000)
  from space 15360K, 99% used [0x0000000787c00000,0x0000000788afcdd0,0x0000000788b00000)
  to   space 18944K, 0% used [0x0000000786600000,0x0000000786600000,0x0000000787880000)
 ParOldGen       total 162304K, used 26207K [0x00000006c6a00000, 0x00000006d0880000, 0x000000076ce00000)
  object space 162304K, 16% used [0x00000006c6a00000,0x00000006c8397f50,0x00000006d0880000)
 Metaspace       used 54109K, capacity 55188K, committed 55416K, reserved 1097728K
  class space    used 7525K, capacity 7789K, committed 7800K, reserved 1048576K
}

