# JRE version: Java(TM) SE Runtime Environment (8.0_20-b17) (build 1.8.0_20-ea-b17)
# Java VM: Java HotSpot(TM) 64-Bit Server VM (25.20-b17 mixed mode linux-amd64 compressed oops)
Heap:
 PSYoungGen      total 210432K, used 17718K [0x000000076ce00000, 0x000000077b080000, 0x00000007c0000000)
  eden space 195584K, 1% used [0x000000076ce00000,0x000000076d0f3cf8,0x0000000778d00000)
  from space 14848K, 98% used [0x000000077a200000,0x000000077b059e78,0x000000077b080000)
  to   space 17408K, 0% used [0x0000000778e80000,0x0000000778e80000,0x0000000779f80000)
 ParOldGen       total 189440K, used 23846K [0x00000006c6a00000, 0x00000006d2300000, 0x000000076ce00000)
  object space 189440K, 12% used [0x00000006c6a00000,0x00000006c8149ac8,0x00000006d2300000)
 Metaspace       used 54924K, capacity 55670K, committed 55936K, reserved 1097728K
  class space    used 7812K, capacity 7997K, committed 8064K, reserved 1048576K
GC Heap History (10 events):
Event: 4.454 GC heap before
{Heap before GC invocations=8 (full 1):
 PSYoungGen      total 144384K, used 133148K [0x000000076ce00000, 0x0000000779980000, 0x00000007c0000000)
  eden space 129536K, 98% used [0x000000076ce00000,0x0000000774a23650,0x0000000774c80000)
  from space 14848K, 40% used [0x0000000775b80000,0x0000000776163ab0,0x0000000776a00000)
  to   space 15360K, 0% used [0x0000000774c80000,0x0000000774c80000,0x0000000775b80000)
 ParOldGen       total 114688K, used 12983K [0x00000006c6a00000, 0x00000006cda00000, 0x000000076ce00000)
  object space 114688K, 11% used [0x00000006c6a00000,0x00000006c76adc80,0x00000006cda00000)
 Metaspace       used 34709K, capacity 35146K, committed 35320K, reserved 1079296K
  class space    used 4602K, capacity 4705K, committed 4736K, reserved 1048576K
Event: 4.465 GC heap after
Heap after GC invocations=8 (full 1):
 PSYoungGen      total 144896K, used 13181K [0x000000076ce00000, 0x0000000779e00000, 0x00000007c0000000)
  eden space 129536K, 0% used [0x000000076ce00000,0x000000076ce00000,0x0000000774c80000)
  from space 15360K, 85% used [0x0000000774c80000,0x000000077595f410,0x0000000775b80000)
  to   space 16384K, 0% used [0x0000000778e00000,0x0000000778e00000,0x0000000779e00000)
 ParOldGen       total 114688K, used 12991K [0x00000006c6a00000, 0x00000006cda00000, 0x000000076ce00000)
  object space 114688K, 11% used [0x00000006c6a00000,0x00000006c76afc80,0x00000006cda00000)
 Metaspace       used 34709K, capacity 35146K, committed 35320K, reserved 1079296K
  class space    used 4602K, capacity 4705K, committed 4736K, reserved 1048576K
}
Event: 4.465 GC heap before
{Heap before GC invocations=9 (full 2):
 PSYoungGen      total 144896K, used 13181K [0x000000076ce00000, 0x0000000779e00000, 0x00000007c0000000)
  eden space 129536K, 0% used [0x000000076ce00000,0x000000076ce00000,0x0000000774c80000)
  from space 15360K, 85% used [0x0000000774c80000,0x000000077595f410,0x0000000775b80000)
  to   space 16384K, 0% used [0x0000000778e00000,0x0000000778e00000,0x0000000779e00000)
 ParOldGen       total 114688K, used 12991K [0x00000006c6a00000, 0x00000006cda00000, 0x000000076ce00000)
  object space 114688K, 11% used [0x00000006c6a00000,0x00000006c76afc80,0x00000006cda00000)
 Metaspace       used 34709K, capacity 35146K, committed 35320K, reserved 1079296K
  class space    used 4602K, capacity 4705K, committed 4736K, reserved 1048576K
Event: 4.566 GC heap after
Heap after GC invocations=9 (full 2):
 PSYoungGen      total 144896K, used 0K [0x000000076ce00000, 0x0000000779e00000, 0x00000007c0000000)
  eden space 129536K, 0% used [0x000000076ce00000,0x000000076ce00000,0x0000000774c80000)
  from space 15360K, 0% used [0x0000000774c80000,0x0000000774c80000,0x0000000775b80000)
  to   space 16384K, 0% used [0x0000000778e00000,0x0000000778e00000,0x0000000779e00000)
 ParOldGen       total 189440K, used 23822K [0x00000006c6a00000, 0x00000006d2300000, 0x000000076ce00000)
  object space 189440K, 12% used [0x00000006c6a00000,0x00000006c8143ac8,0x00000006d2300000)
 Metaspace       used 34709K, capacity 35146K, committed 35320K, reserved 1079296K
  class space    used 4602K, capacity 4705K, committed 4736K, reserved 1048576K
}
Event: 5.371 GC heap before
{Heap before GC invocations=10 (full 2):
 PSYoungGen      total 144896K, used 129536K [0x000000076ce00000, 0x0000000779e00000, 0x00000007c0000000)
  eden space 129536K, 100% used [0x000000076ce00000,0x0000000774c80000,0x0000000774c80000)
  from space 15360K, 0% used [0x0000000774c80000,0x0000000774c80000,0x0000000775b80000)
  to   space 16384K, 0% used [0x0000000778e00000,0x0000000778e00000,0x0000000779e00000)
 ParOldGen       total 189440K, used 23822K [0x00000006c6a00000, 0x00000006d2300000, 0x000000076ce00000)
  object space 189440K, 12% used [0x00000006c6a00000,0x00000006c8143ac8,0x00000006d2300000)
 Metaspace       used 39579K, capacity 40110K, committed 40448K, reserved 1083392K
  class space    used 5773K, capacity 5874K, committed 5888K, reserved 1048576K
Event: 5.378 GC heap after
Heap after GC invocations=10 (full 2):
 PSYoungGen      total 177152K, used 6111K [0x000000076ce00000, 0x0000000779480000, 0x00000007c0000000)
  eden space 170496K, 0% used [0x000000076ce00000,0x000000076ce00000,0x0000000777480000)
  from space 6656K, 91% used [0x0000000778e00000,0x00000007793f7e70,0x0000000779480000)
  to   space 16384K, 0% used [0x0000000777480000,0x0000000777480000,0x0000000778480000)
 ParOldGen       total 189440K, used 23830K [0x00000006c6a00000, 0x00000006d2300000, 0x000000076ce00000)
  object space 189440K, 12% used [0x00000006c6a00000,0x00000006c8145ac8,0x00000006d2300000)
 Metaspace       used 39579K, capacity 40110K, committed 40448K, reserved 1083392K
  class space    used 5773K, capacity 5874K, committed 5888K, reserved 1048576K
}
Event: 6.144 GC heap before
{Heap before GC invocations=11 (full 2):
 PSYoungGen      total 177152K, used 176607K [0x000000076ce00000, 0x0000000779480000, 0x00000007c0000000)
  eden space 170496K, 100% used [0x000000076ce00000,0x0000000777480000,0x0000000777480000)
  from space 6656K, 91% used [0x0000000778e00000,0x00000007793f7e70,0x0000000779480000)
  to   space 16384K, 0% used [0x0000000777480000,0x0000000777480000,0x0000000778480000)
 ParOldGen       total 189440K, used 23830K [0x00000006c6a00000, 0x00000006d2300000, 0x000000076ce00000)
  object space 189440K, 12% used [0x00000006c6a00000,0x00000006c8145ac8,0x00000006d2300000)
 Metaspace       used 44406K, capacity 44914K, committed 45184K, reserved 1087488K
  class space    used 6622K, capacity 6744K, committed 6784K, reserved 1048576K
Event: 6.152 GC heap after
Heap after GC invocations=11 (full 2):
 PSYoungGen      total 186880K, used 8082K [0x000000076ce00000, 0x000000077b180000, 0x00000007c0000000)
  eden space 170496K, 0% used [0x000000076ce00000,0x000000076ce00000,0x0000000777480000)
  from space 16384K, 49% used [0x0000000777480000,0x0000000777c64b38,0x0000000778480000)
  to   space 15872K, 0% used [0x000000077a200000,0x000000077a200000,0x000000077b180000)
 ParOldGen       total 189440K, used 23838K [0x00000006c6a00000, 0x00000006d2300000, 0x000000076ce00000)
  object space 189440K, 12% used [0x00000006c6a00000,0x00000006c8147ac8,0x00000006d2300000)
 Metaspace       used 44406K, capacity 44914K, committed 45184K, reserved 1087488K
  class space    used 6622K, capacity 6744K, committed 6784K, reserved 1048576K
}
Event: 69.820 GC heap before
{Heap before GC invocations=12 (full 2):
 PSYoungGen      total 186880K, used 178578K [0x000000076ce00000, 0x000000077b180000, 0x00000007c0000000)
  eden space 170496K, 100% used [0x000000076ce00000,0x0000000777480000,0x0000000777480000)
  from space 16384K, 49% used [0x0000000777480000,0x0000000777c64b38,0x0000000778480000)
  to   space 15872K, 0% used [0x000000077a200000,0x000000077a200000,0x000000077b180000)
 ParOldGen       total 189440K, used 23838K [0x00000006c6a00000, 0x00000006d2300000, 0x000000076ce00000)
  object space 189440K, 12% used [0x00000006c6a00000,0x00000006c8147ac8,0x00000006d2300000)
 Metaspace       used 54839K, capacity 55606K, committed 55936K, reserved 1097728K
  class space    used 7804K, capacity 7997K, committed 8064K, reserved 1048576K
Event: 69.838 GC heap after
Heap after GC invocations=12 (full 2):
 PSYoungGen      total 210432K, used 14695K [0x000000076ce00000, 0x000000077b080000, 0x00000007c0000000)
  eden space 195584K, 0% used [0x000000076ce00000,0x000000076ce00000,0x0000000778d00000)
  from space 14848K, 98% used [0x000000077a200000,0x000000077b059e78,0x000000077b080000)
  to   space 17408K, 0% used [0x0000000778e80000,0x0000000778e80000,0x0000000779f80000)
 ParOldGen       total 189440K, used 23846K [0x00000006c6a00000, 0x00000006d2300000, 0x000000076ce00000)
  object space 189440K, 12% used [0x00000006c6a00000,0x00000006c8149ac8,0x00000006d2300000)
 Metaspace       used 54839K, capacity 55606K, committed 55936K, reserved 1097728K
  class space    used 7804K, capacity 7997K, committed 8064K, reserved 1048576K
}

