# JRE version: Java(TM) SE Runtime Environment (8.0_20-b17) (build 1.8.0_20-ea-b17)
# Java VM: Java HotSpot(TM) 64-Bit Server VM (25.20-b17 mixed mode linux-amd64 compressed oops)
Heap:
 PSYoungGen      total 427520K, used 240467K [0x000000076ce00000, 0x000000078ec80000, 0x00000007c0000000)
  eden space 407552K, 59% used [0x000000076ce00000,0x000000077b8d4f08,0x0000000785c00000)
  from space 19968K, 0% used [0x0000000785c00000,0x0000000785c00000,0x0000000786f80000)
  to   space 20480K, 0% used [0x000000078d880000,0x000000078d880000,0x000000078ec80000)
 ParOldGen       total 221184K, used 34765K [0x00000006c6a00000, 0x00000006d4200000, 0x000000076ce00000)
  object space 221184K, 15% used [0x00000006c6a00000,0x00000006c8bf36c0,0x00000006d4200000)
 Metaspace       used 58189K, capacity 59420K, committed 59640K, reserved 1099776K
  class space    used 8311K, capacity 8595K, committed 8696K, reserved 1048576K
GC Heap History (10 events):
Event: 4.598 GC heap before
{Heap before GC invocations=8 (full 2):
 PSYoungGen      total 307200K, used 9332K [0x000000076ce00000, 0x0000000786400000, 0x00000007c0000000)
  eden space 293376K, 0% used [0x000000076ce00000,0x000000076ce00000,0x000000077ec80000)
  from space 13824K, 67% used [0x000000077fa00000,0x000000078031d1a8,0x0000000780780000)
  to   space 13824K, 0% used [0x000000077ec80000,0x000000077ec80000,0x000000077fa00000)
 ParOldGen       total 108544K, used 13842K [0x00000006c6a00000, 0x00000006cd400000, 0x000000076ce00000)
  object space 108544K, 12% used [0x00000006c6a00000,0x00000006c77849f8,0x00000006cd400000)
 Metaspace       used 34638K, capacity 35270K, committed 35320K, reserved 1081344K
  class space    used 4175K, capacity 4330K, committed 4344K, reserved 1048576K
Event: 4.661 GC heap after
Heap after GC invocations=8 (full 2):
 PSYoungGen      total 307200K, used 0K [0x000000076ce00000, 0x0000000786400000, 0x00000007c0000000)
  eden space 293376K, 0% used [0x000000076ce00000,0x000000076ce00000,0x000000077ec80000)
  from space 13824K, 0% used [0x000000077fa00000,0x000000077fa00000,0x0000000780780000)
  to   space 13824K, 0% used [0x000000077ec80000,0x000000077ec80000,0x000000077fa00000)
 ParOldGen       total 165376K, used 20016K [0x00000006c6a00000, 0x00000006d0b80000, 0x000000076ce00000)
  object space 165376K, 12% used [0x00000006c6a00000,0x00000006c7d8c130,0x00000006d0b80000)
 Metaspace       used 34638K, capacity 35270K, committed 35320K, reserved 1081344K
  class space    used 4175K, capacity 4330K, committed 4344K, reserved 1048576K
}
Event: 6.804 GC heap before
{Heap before GC invocations=9 (full 2):
 PSYoungGen      total 307200K, used 293376K [0x000000076ce00000, 0x0000000786400000, 0x00000007c0000000)
  eden space 293376K, 100% used [0x000000076ce00000,0x000000077ec80000,0x000000077ec80000)
  from space 13824K, 0% used [0x000000077fa00000,0x000000077fa00000,0x0000000780780000)
  to   space 13824K, 0% used [0x000000077ec80000,0x000000077ec80000,0x000000077fa00000)
 ParOldGen       total 165376K, used 20016K [0x00000006c6a00000, 0x00000006d0b80000, 0x000000076ce00000)
  object space 165376K, 12% used [0x00000006c6a00000,0x00000006c7d8c130,0x00000006d0b80000)
 Metaspace       used 46059K, capacity 46882K, committed 46968K, reserved 1089536K
  class space    used 6819K, capacity 7008K, committed 7032K, reserved 1048576K
Event: 6.817 GC heap after
Heap after GC invocations=9 (full 2):
 PSYoungGen      total 307200K, used 13821K [0x000000076ce00000, 0x0000000788300000, 0x00000007c0000000)
  eden space 293376K, 0% used [0x000000076ce00000,0x000000076ce00000,0x000000077ec80000)
  from space 13824K, 99% used [0x000000077ec80000,0x000000077f9ff4f0,0x000000077fa00000)
  to   space 15872K, 0% used [0x0000000787380000,0x0000000787380000,0x0000000788300000)
 ParOldGen       total 165376K, used 21340K [0x00000006c6a00000, 0x00000006d0b80000, 0x000000076ce00000)
  object space 165376K, 12% used [0x00000006c6a00000,0x00000006c7ed7280,0x00000006d0b80000)
 Metaspace       used 46059K, capacity 46882K, committed 46968K, reserved 1089536K
  class space    used 6819K, capacity 7008K, committed 7032K, reserved 1048576K
}
Event: 25.170 GC heap before
{Heap before GC invocations=10 (full 2):
 PSYoungGen      total 307200K, used 307197K [0x000000076ce00000, 0x0000000788300000, 0x00000007c0000000)
  eden space 293376K, 100% used [0x000000076ce00000,0x000000077ec80000,0x000000077ec80000)
  from space 13824K, 99% used [0x000000077ec80000,0x000000077f9ff4f0,0x000000077fa00000)
  to   space 15872K, 0% used [0x0000000787380000,0x0000000787380000,0x0000000788300000)
 ParOldGen       total 165376K, used 21340K [0x00000006c6a00000, 0x00000006d0b80000, 0x000000076ce00000)
  object space 165376K, 12% used [0x00000006c6a00000,0x00000006c7ed7280,0x00000006d0b80000)
 Metaspace       used 57377K, capacity 58550K, committed 58744K, reserved 1099776K
  class space    used 8231K, capacity 8494K, committed 8568K, reserved 1048576K
Event: 25.190 GC heap after
Heap after GC invocations=10 (full 2):
 PSYoungGen      total 413184K, used 15849K [0x000000076ce00000, 0x0000000788300000, 0x00000007c0000000)
  eden space 397312K, 0% used [0x000000076ce00000,0x000000076ce00000,0x0000000785200000)
  from space 15872K, 99% used [0x0000000787380000,0x00000007882fa748,0x0000000788300000)
  to   space 19968K, 0% used [0x0000000785c00000,0x0000000785c00000,0x0000000786f80000)
 ParOldGen       total 165376K, used 28207K [0x00000006c6a00000, 0x00000006d0b80000, 0x000000076ce00000)
  object space 165376K, 17% used [0x00000006c6a00000,0x00000006c858bd40,0x00000006d0b80000)
 Metaspace       used 57377K, capacity 58550K, committed 58744K, reserved 1099776K
  class space    used 8231K, capacity 8494K, committed 8568K, reserved 1048576K
}
Event: 25.458 GC heap before
{Heap before GC invocations=11 (full 2):
 PSYoungGen      total 413184K, used 38245K [0x000000076ce00000, 0x0000000788300000, 0x00000007c0000000)
  eden space 397312K, 5% used [0x000000076ce00000,0x000000076e3ded00,0x0000000785200000)
  from space 15872K, 99% used [0x0000000787380000,0x00000007882fa748,0x0000000788300000)
  to   space 19968K, 0% used [0x0000000785c00000,0x0000000785c00000,0x0000000786f80000)
 ParOldGen       total 165376K, used 28207K [0x00000006c6a00000, 0x00000006d0b80000, 0x000000076ce00000)
  object space 165376K, 17% used [0x00000006c6a00000,0x00000006c858bd40,0x00000006d0b80000)
 Metaspace       used 57483K, capacity 58680K, committed 58744K, reserved 1099776K
  class space    used 8241K, capacity 8505K, committed 8568K, reserved 1048576K
Event: 25.473 GC heap after
Heap after GC invocations=11 (full 2):
 PSYoungGen      total 427520K, used 16010K [0x000000076ce00000, 0x000000078ec80000, 0x00000007c0000000)
  eden space 407552K, 0% used [0x000000076ce00000,0x000000076ce00000,0x0000000785c00000)
  from space 19968K, 80% used [0x0000000785c00000,0x0000000786ba2b68,0x0000000786f80000)
  to   space 20480K, 0% used [0x000000078d880000,0x000000078d880000,0x000000078ec80000)
 ParOldGen       total 165376K, used 28215K [0x00000006c6a00000, 0x00000006d0b80000, 0x000000076ce00000)
  object space 165376K, 17% used [0x00000006c6a00000,0x00000006c858dd40,0x00000006d0b80000)
 Metaspace       used 57483K, capacity 58680K, committed 58744K, reserved 1099776K
  class space    used 8241K, capacity 8505K, committed 8568K, reserved 1048576K
}
Event: 25.473 GC heap before
{Heap before GC invocations=12 (full 3):
 PSYoungGen      total 427520K, used 16010K [0x000000076ce00000, 0x000000078ec80000, 0x00000007c0000000)
  eden space 407552K, 0% used [0x000000076ce00000,0x000000076ce00000,0x0000000785c00000)
  from space 19968K, 80% used [0x0000000785c00000,0x0000000786ba2b68,0x0000000786f80000)
  to   space 20480K, 0% used [0x000000078d880000,0x000000078d880000,0x000000078ec80000)
 ParOldGen       total 165376K, used 28215K [0x00000006c6a00000, 0x00000006d0b80000, 0x000000076ce00000)
  object space 165376K, 17% used [0x00000006c6a00000,0x00000006c858dd40,0x00000006d0b80000)
 Metaspace       used 57483K, capacity 58680K, committed 58744K, reserved 1099776K
  class space    used 8241K, capacity 8505K, committed 8568K, reserved 1048576K
Event: 25.653 GC heap after
Heap after GC invocations=12 (full 3):
 PSYoungGen      total 427520K, used 0K [0x000000076ce00000, 0x000000078ec80000, 0x00000007c0000000)
  eden space 407552K, 0% used [0x000000076ce00000,0x000000076ce00000,0x0000000785c00000)
  from space 19968K, 0% used [0x0000000785c00000,0x0000000785c00000,0x0000000786f80000)
  to   space 20480K, 0% used [0x000000078d880000,0x000000078d880000,0x000000078ec80000)
 ParOldGen       total 221184K, used 34765K [0x00000006c6a00000, 0x00000006d4200000, 0x000000076ce00000)
  object space 221184K, 15% used [0x00000006c6a00000,0x00000006c8bf36c0,0x00000006d4200000)
 Metaspace       used 57423K, capacity 58596K, committed 58744K, reserved 1099776K
  class space    used 8240K, capacity 8501K, committed 8568K, reserved 1048576K
}

