# JRE version: Java(TM) SE Runtime Environment (8.0_20-b17) (build 1.8.0_20-ea-b17)
# Java VM: Java HotSpot(TM) 64-Bit Server VM (25.20-b17 mixed mode linux-amd64 compressed oops)
Heap:
 PSYoungGen      total 245760K, used 172955K [0x000000076ce00000, 0x0000000780b80000, 0x00000007c0000000)
  eden space 229376K, 68% used [0x000000076ce00000,0x00000007766ec978,0x000000077ae00000)
  from space 16384K, 99% used [0x000000077ae00000,0x000000077bdfa528,0x000000077be00000)
  to   space 18432K, 0% used [0x000000077f980000,0x000000077f980000,0x0000000780b80000)
 ParOldGen       total 165376K, used 24486K [0x00000006c6a00000, 0x00000006d0b80000, 0x000000076ce00000)
  object space 165376K, 14% used [0x00000006c6a00000,0x00000006c81e99e8,0x00000006d0b80000)
 Metaspace       used 54847K, capacity 56134K, committed 56312K, reserved 1097728K
  class space    used 7613K, capacity 7904K, committed 7928K, reserved 1048576K
GC Heap History (10 events):
Event: 4.876 GC heap before
{Heap before GC invocations=9 (full 1):
 PSYoungGen      total 140800K, used 18447K [0x000000076ce00000, 0x0000000779500000, 0x00000007c0000000)
  eden space 126464K, 7% used [0x000000076ce00000,0x000000076d792660,0x0000000774980000)
  from space 14336K, 60% used [0x0000000774980000,0x00000007751f15e0,0x0000000775780000)
  to   space 13824K, 0% used [0x0000000778780000,0x0000000778780000,0x0000000779500000)
 ParOldGen       total 117248K, used 12809K [0x00000006c6a00000, 0x00000006cdc80000, 0x000000076ce00000)
  object space 117248K, 10% used [0x00000006c6a00000,0x00000006c76825e0,0x00000006cdc80000)
 Metaspace       used 34565K, capacity 35270K, committed 35320K, reserved 1081344K
  class space    used 4151K, capacity 4330K, committed 4344K, reserved 1048576K
Event: 4.885 GC heap after
Heap after GC invocations=9 (full 1):
 PSYoungGen      total 190464K, used 8579K [0x000000076ce00000, 0x000000077ac00000, 0x00000007c0000000)
  eden space 176640K, 0% used [0x000000076ce00000,0x000000076ce00000,0x0000000777a80000)
  from space 13824K, 62% used [0x0000000778780000,0x0000000778fe0d98,0x0000000779500000)
  to   space 13312K, 0% used [0x0000000777a80000,0x0000000777a80000,0x0000000778780000)
 ParOldGen       total 117248K, used 12809K [0x00000006c6a00000, 0x00000006cdc80000, 0x000000076ce00000)
  object space 117248K, 10% used [0x00000006c6a00000,0x00000006c76825e0,0x00000006cdc80000)
 Metaspace       used 34565K, capacity 35270K, committed 35320K, reserved 1081344K
  class space    used 4151K, capacity 4330K, committed 4344K, reserved 1048576K
}
Event: 4.885 GC heap before
{Heap before GC invocations=10 (full 2):
 PSYoungGen      total 190464K, used 8579K [0x000000076ce00000, 0x000000077ac00000, 0x00000007c0000000)
  eden space 176640K, 0% used [0x000000076ce00000,0x000000076ce00000,0x0000000777a80000)
  from space 13824K, 62% used [0x0000000778780000,0x0000000778fe0d98,0x0000000779500000)
  to   space 13312K, 0% used [0x0000000777a80000,0x0000000777a80000,0x0000000778780000)
 ParOldGen       total 117248K, used 12809K [0x00000006c6a00000, 0x00000006cdc80000, 0x000000076ce00000)
  object space 117248K, 10% used [0x00000006c6a00000,0x00000006c76825e0,0x00000006cdc80000)
 Metaspace       used 34565K, capacity 35270K, committed 35320K, reserved 1081344K
  class space    used 4151K, capacity 4330K, committed 4344K, reserved 1048576K
Event: 4.950 GC heap after
Heap after GC invocations=10 (full 2):
 PSYoungGen      total 190464K, used 0K [0x000000076ce00000, 0x000000077ac00000, 0x00000007c0000000)
  eden space 176640K, 0% used [0x000000076ce00000,0x000000076ce00000,0x0000000777a80000)
  from space 13824K, 0% used [0x0000000778780000,0x0000000778780000,0x0000000779500000)
  to   space 13312K, 0% used [0x0000000777a80000,0x0000000777a80000,0x0000000778780000)
 ParOldGen       total 165376K, used 19223K [0x00000006c6a00000, 0x00000006d0b80000, 0x000000076ce00000)
  object space 165376K, 11% used [0x00000006c6a00000,0x00000006c7cc5e90,0x00000006d0b80000)
 Metaspace       used 34565K, capacity 35270K, committed 35320K, reserved 1081344K
  class space    used 4151K, capacity 4330K, committed 4344K, reserved 1048576K
}
Event: 6.108 GC heap before
{Heap before GC invocations=11 (full 2):
 PSYoungGen      total 190464K, used 176640K [0x000000076ce00000, 0x000000077ac00000, 0x00000007c0000000)
  eden space 176640K, 100% used [0x000000076ce00000,0x0000000777a80000,0x0000000777a80000)
  from space 13824K, 0% used [0x0000000778780000,0x0000000778780000,0x0000000779500000)
  to   space 13312K, 0% used [0x0000000777a80000,0x0000000777a80000,0x0000000778780000)
 ParOldGen       total 165376K, used 19223K [0x00000006c6a00000, 0x00000006d0b80000, 0x000000076ce00000)
  object space 165376K, 11% used [0x00000006c6a00000,0x00000006c7cc5e90,0x00000006d0b80000)
 Metaspace       used 42267K, capacity 43132K, committed 43256K, reserved 1085440K
  class space    used 6142K, capacity 6335K, committed 6392K, reserved 1048576K
Event: 6.119 GC heap after
Heap after GC invocations=11 (full 2):
 PSYoungGen      total 189952K, used 11221K [0x000000076ce00000, 0x000000077cd80000, 0x00000007c0000000)
  eden space 176640K, 0% used [0x000000076ce00000,0x000000076ce00000,0x0000000777a80000)
  from space 13312K, 84% used [0x0000000777a80000,0x0000000778575590,0x0000000778780000)
  to   space 13824K, 0% used [0x000000077c000000,0x000000077c000000,0x000000077cd80000)
 ParOldGen       total 165376K, used 19231K [0x00000006c6a00000, 0x00000006d0b80000, 0x000000076ce00000)
  object space 165376K, 11% used [0x00000006c6a00000,0x00000006c7cc7e90,0x00000006d0b80000)
 Metaspace       used 42267K, capacity 43132K, committed 43256K, reserved 1085440K
  class space    used 6142K, capacity 6335K, committed 6392K, reserved 1048576K
}
Event: 7.984 GC heap before
{Heap before GC invocations=12 (full 2):
 PSYoungGen      total 189952K, used 187861K [0x000000076ce00000, 0x000000077cd80000, 0x00000007c0000000)
  eden space 176640K, 100% used [0x000000076ce00000,0x0000000777a80000,0x0000000777a80000)
  from space 13312K, 84% used [0x0000000777a80000,0x0000000778575590,0x0000000778780000)
  to   space 13824K, 0% used [0x000000077c000000,0x000000077c000000,0x000000077cd80000)
 ParOldGen       total 165376K, used 19231K [0x00000006c6a00000, 0x00000006d0b80000, 0x000000076ce00000)
  object space 165376K, 11% used [0x00000006c6a00000,0x00000006c7cc7e90,0x00000006d0b80000)
 Metaspace       used 51356K, capacity 52208K, committed 52472K, reserved 1093632K
  class space    used 7231K, capacity 7405K, committed 7416K, reserved 1048576K
Event: 8.004 GC heap after
Heap after GC invocations=12 (full 2):
 PSYoungGen      total 243200K, used 13819K [0x000000076ce00000, 0x000000077ce00000, 0x00000007c0000000)
  eden space 229376K, 0% used [0x000000076ce00000,0x000000076ce00000,0x000000077ae00000)
  from space 13824K, 99% used [0x000000077c000000,0x000000077cd7ef38,0x000000077cd80000)
  to   space 16384K, 0% used [0x000000077ae00000,0x000000077ae00000,0x000000077be00000)
 ParOldGen       total 165376K, used 23168K [0x00000006c6a00000, 0x00000006d0b80000, 0x000000076ce00000)
  object space 165376K, 14% used [0x00000006c6a00000,0x00000006c80a0218,0x00000006d0b80000)
 Metaspace       used 51356K, capacity 52208K, committed 52472K, reserved 1093632K
  class space    used 7231K, capacity 7405K, committed 7416K, reserved 1048576K
}
Event: 42.982 GC heap before
{Heap before GC invocations=13 (full 2):
 PSYoungGen      total 243200K, used 243182K [0x000000076ce00000, 0x000000077ce00000, 0x00000007c0000000)
  eden space 229376K, 99% used [0x000000076ce00000,0x000000077adfcaf8,0x000000077ae00000)
  from space 13824K, 99% used [0x000000077c000000,0x000000077cd7ef38,0x000000077cd80000)
  to   space 16384K, 0% used [0x000000077ae00000,0x000000077ae00000,0x000000077be00000)
 ParOldGen       total 165376K, used 23168K [0x00000006c6a00000, 0x00000006d0b80000, 0x000000076ce00000)
  object space 165376K, 14% used [0x00000006c6a00000,0x00000006c80a0218,0x00000006d0b80000)
 Metaspace       used 54179K, capacity 55392K, committed 55544K, reserved 1097728K
  class space    used 7585K, capacity 7861K, committed 7928K, reserved 1048576K
Event: 42.998 GC heap after
Heap after GC invocations=13 (full 2):
 PSYoungGen      total 245760K, used 16361K [0x000000076ce00000, 0x0000000780b80000, 0x00000007c0000000)
  eden space 229376K, 0% used [0x000000076ce00000,0x000000076ce00000,0x000000077ae00000)
  from space 16384K, 99% used [0x000000077ae00000,0x000000077bdfa528,0x000000077be00000)
  to   space 18432K, 0% used [0x000000077f980000,0x000000077f980000,0x0000000780b80000)
 ParOldGen       total 165376K, used 24486K [0x00000006c6a00000, 0x00000006d0b80000, 0x000000076ce00000)
  object space 165376K, 14% used [0x00000006c6a00000,0x00000006c81e99e8,0x00000006d0b80000)
 Metaspace       used 54179K, capacity 55392K, committed 55544K, reserved 1097728K
  class space    used 7585K, capacity 7861K, committed 7928K, reserved 1048576K
}

